gem5 Simulator System.  http://gem5.org
gem5 is copyrighted software; use the --copyright option for details.

gem5 compiled Dec  9 2015 17:23:43
gem5 started Dec  9 2015 17:28:42
gem5 executing on qstruct09.ecn.purdue.edu
command line: ./build/ALPHA_MESI_CMP_directory/gem5.opt -d m5out --debug-flag=Exec configs/spec2k6/run.py -b sjeng --cpu-type=inorder --caches --maxinsts=5000 --l1i_size=512B --l1d_size=512B --l1d_assoc=2 --l2cache --l2_size=1kB --l2_assoc=4 --l2_sc_assoc=2
/home/min/a/mzaim/ECE565Project/OptimalReplacementPolicyCache/gem5/configs/spec2k6
/home/min/a/mzaim/ECE565Project/OptimalReplacementPolicyCache/gem5/configs
/home/min/a/mzaim/ECE565Project/OptimalReplacementPolicyCache/gem5
Global frequency set at 1000000000000 ticks per second
**** REAL SIMULATION ****
info: Entering event queue @ 0.  Starting simulation...
 432000: system.cpu T0 : 0x1200001e0    : br         r29,0x1200001e4 : IntAlu :  D=0x00000001200001e4
 433000: system.cpu T0 : 0x1200001e4    : ldah       r29,13(r29)     : IntAlu :  D=0x00000001200d01e4
 434000: system.cpu T0 : 0x1200001e8    : lda        r29,-31164(r29) : IntAlu :  D=0x00000001200c8828
 434000: system.cpu T0 : 0x1200001ec    : subq       r30,16,r30      : IntAlu :  D=0x000000011ff91ff0
 434000: system.cpu T0 : 0x1200001f0    : bis        r31,0,r15       : IntAlu :  D=0x0000000000000000
 435000: system.cpu T0 : 0x1200001f4    : ldq        r16,-31136(r29) : MemRead :  A=0x1200c0e88
 864000: system.cpu T0 : 0x1200001f4    : ldq        r16,-31136(r29) : MemRead :  D=0x0000000120017680 A=0x1200c0e88
 864000: system.cpu T0 : 0x1200001f8    : ldl        r17,16(r30)     : MemRead :  A=0x11ff92000
1293000: system.cpu T0 : 0x1200001f8    : ldl        r17,16(r30)     : MemRead :  D=0x0000000000000002 A=0x11ff92000
1293000: system.cpu T0 : 0x1200001fc    : lda        r18,24(r30)     : IntAlu :  D=0x000000011ff92008
1302000: system.cpu T0 : 0x120000200    : ldq        r19,-31168(r29) : MemRead :  D=0x000000012001e4c0 A=0x1200c0e68
1311000: system.cpu T0 : 0x120000204    : ldq        r20,-32032(r29) : MemRead :  D=0x000000012001e450 A=0x1200c0b08
1311000: system.cpu T0 : 0x120000208    : bis        r31,r0,r21      : IntAlu :  D=0x0000000000000000
1311000: system.cpu T0 : 0x12000020c    : stq        r30,0(r30)      : MemWrite :  D=0x000000011ff91ff0 A=0x11ff91ff0
info: Increasing stack size by one page.
1317000: system.cpu T0 : 0x12000020c    : stq        r30,0(r30)      : MemWrite :  D=0x000000011ff91ff0 A=0x11ff91ff0
1317000: system.cpu T0 : 0x120000210    : nop        (ldq_u      r31,0(r30)) : No_OpClass : 
1317000: system.cpu T0 : 0x120000214    : bsr        r26,0x12001dc28 : IntAlu :  D=0x0000000120000218
1752000: system.cpu T0 : 0x12001dc28    : lda        r30,-720(r30)   : IntAlu :  D=0x000000011ff91d20
1752000: system.cpu T0 : 0x12001dc2c    : stq        r26,0(r30)      : MemWrite :  D=0x0000000120000218 A=0x11ff91d20
1752000: system.cpu T0 : 0x12001dc30    : stq        r9,8(r30)       : MemWrite :  D=0x0000000000000000 A=0x11ff91d28
1752000: system.cpu T0 : 0x12001dc34    : stq        r10,16(r30)     : MemWrite :  D=0x0000000000000000 A=0x11ff91d30
1753000: system.cpu T0 : 0x12001dc38    : stq        r11,24(r30)     : MemWrite :  D=0x0000000000000000 A=0x11ff91d38
1753000: system.cpu T0 : 0x12001dc3c    : stq        r12,32(r30)     : MemWrite :  D=0x0000000000000000 A=0x11ff91d40
2176000: system.cpu T0 : 0x12001dc40    : stq        r13,40(r30)     : MemWrite :  D=0x0000000000000000 A=0x11ff91d48
2176000: system.cpu T0 : 0x12001dc44    : stq        r16,688(r30)    : MemWrite :  D=0x0000000120017680 A=0x11ff91fd0
2176000: system.cpu T0 : 0x12001dc48    : stq        r17,696(r30)    : MemWrite :  D=0x0000000000000002 A=0x11ff91fd8
2176000: system.cpu T0 : 0x12001dc4c    : stq        r18,704(r30)    : MemWrite :  D=0x000000011ff92008 A=0x11ff91fe0
2177000: system.cpu T0 : 0x12001dc50    : bis        r31,r19,r13     : IntAlu :  D=0x000000012001e4c0
2177000: system.cpu T0 : 0x12001dc54    : bis        r31,r20,r12     : IntAlu :  D=0x000000012001e450
2177000: system.cpu T0 : 0x12001dc58    : bis        r31,r21,r11     : IntAlu :  D=0x0000000000000000
2177000: system.cpu T0 : 0x12001dc5c    : bis        r31,r31,r2      : IntAlu :  D=0x0000000000000000
2178000: system.cpu T0 : 0x12001dc60    : lda        r1,0(r31)       : IntAlu :  D=0x0000000000000000
2179000: system.cpu T0 : 0x12001dc64    : beq        r1,0x12001dc74  : IntAlu : 
2182000: system.cpu T0 : 0x12001dc74    : lda        r1,-29944(r29)  : IntAlu :  D=0x00000001200c1330
2182000: system.cpu T0 : 0x12001dc78    : stl        r2,0(r1)        : MemWrite :  D=0x0000000000000000 A=0x1200c1330
2183000: system.cpu T0 : 0x12001dc7c    : ldq        r1,696(r30)     : MemRead :  D=0x0000000000000002 A=0x11ff91fd8
2603000: system.cpu T0 : 0x12001dc80    : s8addq     r1,8,r2         : IntAlu :  D=0x0000000000000018
2604000: system.cpu T0 : 0x12001dc84    : ldq        r4,704(r30)     : MemRead :  D=0x000000011ff92008 A=0x11ff91fe0
2606000: system.cpu T0 : 0x12001dc88    : addq       r4,r2,r2        : IntAlu :  D=0x000000011ff92020
2606000: system.cpu T0 : 0x12001dc8c    : lda        r1,-29608(r29)  : IntAlu :  D=0x00000001200c1480
2607000: system.cpu T0 : 0x12001dc90    : stq        r2,0(r1)        : MemWrite :  D=0x000000011ff92020 A=0x1200c1480
3039000: system.cpu T0 : 0x12001dc94    : ldq        r3,-32592(r29)  : MemRead :  D=0x00000001200be5f8 A=0x1200c08d8
3039000: system.cpu T0 : 0x12001dc98    : ldq        r1,720(r30)     : MemRead :  D=0x000000011ff91ff0 A=0x11ff91ff0
3040000: system.cpu T0 : 0x12001dc9c    : stq        r1,0(r3)        : MemWrite :  D=0x000000011ff91ff0 A=0x1200be5f8
3046000: system.cpu T0 : 0x12001dc9c    : stq        r1,0(r3)        : MemWrite :  D=0x000000011ff91ff0 A=0x1200be5f8
3060000: system.cpu T0 : 0x12001dca0    : ldq        r1,0(r2)        : MemRead :  D=0x0000000000000000 A=0x11ff92020
3060000: system.cpu T0 : 0x12001dca4    : lda        r2,8(r2)        : IntAlu :  D=0x000000011ff92028
3062000: system.cpu T0 : 0x12001dca8    : bne        r1,0x12001dca0  : IntAlu : 
3062000: system.cpu T0 : 0x12001dcac    : bis        r31,r2,r16      : IntAlu :  D=0x000000011ff92028
3062000: system.cpu T0 : 0x12001dcb0    : nop        (ldq_u      r31,0(r30)) : No_OpClass : 
3063000: system.cpu T0 : 0x12001dcb4    : bsr        r26,0x1200337ac : IntAlu :  D=0x000000012001dcb8
3493000: system.cpu T0 : 0x1200337ac    : ldq        r2,0(r16)       : MemRead :  D=0x0000000000000006 A=0x11ff92028
3495000: system.cpu T0 : 0x1200337b0    : beq        r2,0x120033918  : IntAlu : 
3495000: system.cpu T0 : 0x1200337b4    : bis        r31,r31,r3      : IntAlu :  D=0x0000000000000000
3495000: system.cpu T0 : 0x1200337b8    : bis        r31,r31,r4      : IntAlu :  D=0x0000000000000000
3495000: system.cpu T0 : 0x1200337bc    : bis        r31,r31,r5      : IntAlu :  D=0x0000000000000000
3916000: system.cpu T0 : 0x1200337c0    : ldah       r1,-3(r29)      : IntAlu :  D=0x0000000120098828
3917000: system.cpu T0 : 0x1200337c4    : lda        r6,-25964(r1)   : IntAlu :  D=0x00000001200922bc
3917000: system.cpu T0 : 0x1200337c8    : ldah       r8,-1(r29)      : IntAlu :  D=0x00000001200b8828
3918000: system.cpu T0 : 0x1200337cc    : lda        r7,31640(r8)    : IntAlu :  D=0x00000001200c03c0
4350000: system.cpu T0 : 0x1200337d0    : ldq        r19,-31792(r29) : MemRead :  D=0x00000001200be600 A=0x1200c0bf8
4359000: system.cpu T0 : 0x1200337d4    : ldq        r18,-31680(r29) : MemRead :  D=0x00000001200c1a98 A=0x1200c0c68
4359000: system.cpu T0 : 0x1200337d8    : lda        r24,1(r31)      : IntAlu :  D=0x0000000000000001
4359000: system.cpu T0 : 0x1200337dc    : lda        r25,-1(r31)     : IntAlu :  D=0xffffffffffffffff
4368000: system.cpu T0 : 0x1200337e0    : ldq        r28,-30936(r29) : MemRead :  D=0x00000001200c1a48 A=0x1200c0f50
4368000: system.cpu T0 : 0x1200337e4    : ldah       r0,0(r29)       : IntAlu :  D=0x00000001200c8828
4783000: system.cpu T0 : 0x1200337e8    : ldq        r21,-30552(r29) : MemRead :  D=0x00000001200c1a60 A=0x1200c10d0
4792000: system.cpu T0 : 0x1200337ec    : ldq        r20,-31240(r29) : MemRead :  D=0x00000001200c1a28 A=0x1200c0e20
4801000: system.cpu T0 : 0x1200337f0    : ldq        r22,-31064(r29) : MemRead :  D=0x00000001200c1a40 A=0x1200c0ed0
4810000: system.cpu T0 : 0x1200337f4    : ldq        r23,-30216(r29) : MemRead :  D=0x00000001200c1a90 A=0x1200c1220
4810000: system.cpu T0 : 0x1200337f8    : lda        r2,-3(r2)       : IntAlu :  D=0x0000000000000003
4810000: system.cpu T0 : 0x1200337fc    : cmpule     r2,34,r1        : IntAlu :  D=0x0000000000000001
4810000: system.cpu T0 : 0x120033800    : beq        r1,0x1200338dc  : IntAlu : 
4811000: system.cpu T0 : 0x120033804    : s4addq     r2,r6,r1        : IntAlu :  D=0x00000001200922c8
4811000: system.cpu T0 : 0x120033808    : ldl        r1,0(r1)        : MemRead :  A=0x1200922c8
5240000: system.cpu T0 : 0x120033808    : ldl        r1,0(r1)        : MemRead :  D=0x00000000fff6afec A=0x1200922c8
5242000: system.cpu T0 : 0x12003380c    : addq       r29,r1,r1       : IntAlu :  D=0x0000000120033814
5243000: system.cpu T0 : 0x120033810    : jmp        (r1)            : IntAlu : 
5666000: system.cpu T0 : 0x120033814    : ldq        r1,8(r16)       : MemRead :  D=0x0000000000002000 A=0x11ff92030
5668000: system.cpu T0 : 0x120033818    : stq        r1,0(r23)       : MemWrite :  D=0x0000000000002000 A=0x1200c1a90
5668000: system.cpu T0 : 0x12003381c    : br         0x1200338dc     : IntAlu : 
6094000: system.cpu T0 : 0x1200338dc    : lda        r16,16(r16)     : IntAlu :  D=0x000000011ff92038
6096000: system.cpu T0 : 0x1200338e0    : ldq        r2,0(r16)       : MemRead :  D=0x0000000000000011 A=0x11ff92038
6098000: system.cpu T0 : 0x1200338e4    : bne        r2,0x1200337f8  : IntAlu : 
6102000: system.cpu T0 : 0x1200337f8    : lda        r2,-3(r2)       : IntAlu :  D=0x000000000000000e
6103000: system.cpu T0 : 0x1200337fc    : cmpule     r2,34,r1        : IntAlu :  D=0x0000000000000001
6104000: system.cpu T0 : 0x120033800    : beq        r1,0x1200338dc  : IntAlu : 
6104000: system.cpu T0 : 0x120033804    : s4addq     r2,r6,r1        : IntAlu :  D=0x00000001200922f4
6106000: system.cpu T0 : 0x120033808    : ldl        r1,0(r1)        : MemRead :  D=0x00000000fff6aff8 A=0x1200922f4
6108000: system.cpu T0 : 0x12003380c    : addq       r29,r1,r1       : IntAlu :  D=0x0000000120033820
6109000: system.cpu T0 : 0x120033810    : jmp        (r1)            : IntAlu : 
6543000: system.cpu T0 : 0x120033820    : ldq        r1,8(r16)       : MemRead :  D=0x0000000000000064 A=0x11ff92040
6545000: system.cpu T0 : 0x120033824    : stl        r1,0(r22)       : MemWrite :  D=0x0000000000000064 A=0x1200c1a40
6545000: system.cpu T0 : 0x120033828    : br         0x1200338dc     : IntAlu : 
6548000: system.cpu T0 : 0x1200338dc    : lda        r16,16(r16)     : IntAlu :  D=0x000000011ff92048
6550000: system.cpu T0 : 0x1200338e0    : ldq        r2,0(r16)       : MemRead :  D=0x0000000000000003 A=0x11ff92048
6552000: system.cpu T0 : 0x1200338e4    : bne        r2,0x1200337f8  : IntAlu : 
6555000: system.cpu T0 : 0x1200337f8    : lda        r2,-3(r2)       : IntAlu :  D=0x0000000000000000
6556000: system.cpu T0 : 0x1200337fc    : cmpule     r2,34,r1        : IntAlu :  D=0x0000000000000001
6557000: system.cpu T0 : 0x120033800    : beq        r1,0x1200338dc  : IntAlu : 
6557000: system.cpu T0 : 0x120033804    : s4addq     r2,r6,r1        : IntAlu :  D=0x00000001200922bc
6981000: system.cpu T0 : 0x120033808    : ldl        r1,0(r1)        : MemRead :  D=0x00000000fff6b004 A=0x1200922bc
6983000: system.cpu T0 : 0x12003380c    : addq       r29,r1,r1       : IntAlu :  D=0x000000012003382c
6984000: system.cpu T0 : 0x120033810    : jmp        (r1)            : IntAlu : 
6988000: system.cpu T0 : 0x12003382c    : ldq        r1,8(r16)       : MemRead :  D=0x0000000120000040 A=0x11ff92050
6990000: system.cpu T0 : 0x120033830    : stq        r1,0(r20)       : MemWrite :  D=0x0000000120000040 A=0x1200c1a28
6990000: system.cpu T0 : 0x120033834    : br         0x1200338dc     : IntAlu : 
6993000: system.cpu T0 : 0x1200338dc    : lda        r16,16(r16)     : IntAlu :  D=0x000000011ff92058
6995000: system.cpu T0 : 0x1200338e0    : ldq        r2,0(r16)       : MemRead :  D=0x0000000000000005 A=0x11ff92058
6997000: system.cpu T0 : 0x1200338e4    : bne        r2,0x1200337f8  : IntAlu : 
7000000: system.cpu T0 : 0x1200337f8    : lda        r2,-3(r2)       : IntAlu :  D=0x0000000000000002
7001000: system.cpu T0 : 0x1200337fc    : cmpule     r2,34,r1        : IntAlu :  D=0x0000000000000001
7002000: system.cpu T0 : 0x120033800    : beq        r1,0x1200338dc  : IntAlu : 
7002000: system.cpu T0 : 0x120033804    : s4addq     r2,r6,r1        : IntAlu :  D=0x00000001200922c4
7004000: system.cpu T0 : 0x120033808    : ldl        r1,0(r1)        : MemRead :  D=0x00000000fff6b010 A=0x1200922c4
7006000: system.cpu T0 : 0x12003380c    : addq       r29,r1,r1       : IntAlu :  D=0x0000000120033838
7007000: system.cpu T0 : 0x120033810    : jmp        (r1)            : IntAlu : 
7011000: system.cpu T0 : 0x120033838    : ldq        r1,8(r16)       : MemRead :  D=0x0000000000000005 A=0x11ff92060
7013000: system.cpu T0 : 0x12003383c    : stq        r1,0(r21)       : MemWrite :  D=0x0000000000000005 A=0x1200c1a60
7013000: system.cpu T0 : 0x120033840    : br         0x1200338dc     : IntAlu : 
7016000: system.cpu T0 : 0x1200338dc    : lda        r16,16(r16)     : IntAlu :  D=0x000000011ff92068
7018000: system.cpu T0 : 0x1200338e0    : ldq        r2,0(r16)       : MemRead :  D=0x0000000000000009 A=0x11ff92068
7020000: system.cpu T0 : 0x1200338e4    : bne        r2,0x1200337f8  : IntAlu : 
7023000: system.cpu T0 : 0x1200337f8    : lda        r2,-3(r2)       : IntAlu :  D=0x0000000000000006
7024000: system.cpu T0 : 0x1200337fc    : cmpule     r2,34,r1        : IntAlu :  D=0x0000000000000001
7025000: system.cpu T0 : 0x120033800    : beq        r1,0x1200338dc  : IntAlu : 
7025000: system.cpu T0 : 0x120033804    : s4addq     r2,r6,r1        : IntAlu :  D=0x00000001200922d4
7027000: system.cpu T0 : 0x120033808    : ldl        r1,0(r1)        : MemRead :  D=0x00000000fff6b0b4 A=0x1200922d4
7029000: system.cpu T0 : 0x12003380c    : addq       r29,r1,r1       : IntAlu :  D=0x00000001200338dc
7030000: system.cpu T0 : 0x120033810    : jmp        (r1)            : IntAlu : 
7033000: system.cpu T0 : 0x1200338dc    : lda        r16,16(r16)     : IntAlu :  D=0x000000011ff92078
7035000: system.cpu T0 : 0x1200338e0    : ldq        r2,0(r16)       : MemRead :  D=0x000000000000000b A=0x11ff92078
7037000: system.cpu T0 : 0x1200338e4    : bne        r2,0x1200337f8  : IntAlu : 
7040000: system.cpu T0 : 0x1200337f8    : lda        r2,-3(r2)       : IntAlu :  D=0x0000000000000008
7041000: system.cpu T0 : 0x1200337fc    : cmpule     r2,34,r1        : IntAlu :  D=0x0000000000000001
7042000: system.cpu T0 : 0x120033800    : beq        r1,0x1200338dc  : IntAlu : 
7042000: system.cpu T0 : 0x120033804    : s4addq     r2,r6,r1        : IntAlu :  D=0x00000001200922dc
7044000: system.cpu T0 : 0x120033808    : ldl        r1,0(r1)        : MemRead :  D=0x00000000fff6b034 A=0x1200922dc
7046000: system.cpu T0 : 0x12003380c    : addq       r29,r1,r1       : IntAlu :  D=0x000000012003385c
7047000: system.cpu T0 : 0x120033810    : jmp        (r1)            : IntAlu : 
7481000: system.cpu T0 : 0x12003385c    : ldl        r1,8(r16)       : MemRead :  D=0x0000000000000064 A=0x11ff92080
7483000: system.cpu T0 : 0x120033860    : xor        r4,r1,r4        : IntAlu :  D=0x0000000000000064
7483000: system.cpu T0 : 0x120033864    : bis        r3,1,r3         : IntAlu :  D=0x0000000000000001
7483000: system.cpu T0 : 0x120033868    : br         0x1200338dc     : IntAlu : 
7486000: system.cpu T0 : 0x1200338dc    : lda        r16,16(r16)     : IntAlu :  D=0x000000011ff92088
7488000: system.cpu T0 : 0x1200338e0    : ldq        r2,0(r16)       : MemRead :  D=0x000000000000000c A=0x11ff92088
7490000: system.cpu T0 : 0x1200338e4    : bne        r2,0x1200337f8  : IntAlu : 
7493000: system.cpu T0 : 0x1200337f8    : lda        r2,-3(r2)       : IntAlu :  D=0x0000000000000009
7494000: system.cpu T0 : 0x1200337fc    : cmpule     r2,34,r1        : IntAlu :  D=0x0000000000000001
7495000: system.cpu T0 : 0x120033800    : beq        r1,0x1200338dc  : IntAlu : 
7495000: system.cpu T0 : 0x120033804    : s4addq     r2,r6,r1        : IntAlu :  D=0x00000001200922e0
7497000: system.cpu T0 : 0x120033808    : ldl        r1,0(r1)        : MemRead :  D=0x00000000fff6b044 A=0x1200922e0
7499000: system.cpu T0 : 0x12003380c    : addq       r29,r1,r1       : IntAlu :  D=0x000000012003386c
7500000: system.cpu T0 : 0x120033810    : jmp        (r1)            : IntAlu : 
7504000: system.cpu T0 : 0x12003386c    : ldl        r1,8(r16)       : MemRead :  D=0x0000000000000064 A=0x11ff92090
7506000: system.cpu T0 : 0x120033870    : xor        r4,r1,r4        : IntAlu :  D=0x0000000000000000
7506000: system.cpu T0 : 0x120033874    : bis        r3,2,r3         : IntAlu :  D=0x0000000000000003
7506000: system.cpu T0 : 0x120033878    : br         0x1200338dc     : IntAlu : 
7510000: system.cpu T0 : 0x1200338dc    : lda        r16,16(r16)     : IntAlu :  D=0x000000011ff92098
7512000: system.cpu T0 : 0x1200338e0    : ldq        r2,0(r16)       : MemRead :  D=0x000000000000000d A=0x11ff92098
7514000: system.cpu T0 : 0x1200338e4    : bne        r2,0x1200337f8  : IntAlu : 
7518000: system.cpu T0 : 0x1200337f8    : lda        r2,-3(r2)       : IntAlu :  D=0x000000000000000a
7519000: system.cpu T0 : 0x1200337fc    : cmpule     r2,34,r1        : IntAlu :  D=0x0000000000000001
7520000: system.cpu T0 : 0x120033800    : beq        r1,0x1200338dc  : IntAlu : 
7520000: system.cpu T0 : 0x120033804    : s4addq     r2,r6,r1        : IntAlu :  D=0x00000001200922e4
7522000: system.cpu T0 : 0x120033808    : ldl        r1,0(r1)        : MemRead :  D=0x00000000fff6b054 A=0x1200922e4
7524000: system.cpu T0 : 0x12003380c    : addq       r29,r1,r1       : IntAlu :  D=0x000000012003387c
7525000: system.cpu T0 : 0x120033810    : jmp        (r1)            : IntAlu : 
7529000: system.cpu T0 : 0x12003387c    : ldl        r1,8(r16)       : MemRead :  D=0x0000000000000064 A=0x11ff920a0
7531000: system.cpu T0 : 0x120033880    : xor        r5,r1,r5        : IntAlu :  D=0x0000000000000064
7531000: system.cpu T0 : 0x120033884    : bis        r3,4,r3         : IntAlu :  D=0x0000000000000007
7531000: system.cpu T0 : 0x120033888    : br         0x1200338dc     : IntAlu : 
7534000: system.cpu T0 : 0x1200338dc    : lda        r16,16(r16)     : IntAlu :  D=0x000000011ff920a8
7536000: system.cpu T0 : 0x1200338e0    : ldq        r2,0(r16)       : MemRead :  D=0x000000000000000e A=0x11ff920a8
7538000: system.cpu T0 : 0x1200338e4    : bne        r2,0x1200337f8  : IntAlu : 
7542000: system.cpu T0 : 0x1200337f8    : lda        r2,-3(r2)       : IntAlu :  D=0x000000000000000b
7543000: system.cpu T0 : 0x1200337fc    : cmpule     r2,34,r1        : IntAlu :  D=0x0000000000000001
7544000: system.cpu T0 : 0x120033800    : beq        r1,0x1200338dc  : IntAlu : 
7544000: system.cpu T0 : 0x120033804    : s4addq     r2,r6,r1        : IntAlu :  D=0x00000001200922e8
7546000: system.cpu T0 : 0x120033808    : ldl        r1,0(r1)        : MemRead :  D=0x00000000fff6b064 A=0x1200922e8
7548000: system.cpu T0 : 0x12003380c    : addq       r29,r1,r1       : IntAlu :  D=0x000000012003388c
7549000: system.cpu T0 : 0x120033810    : jmp        (r1)            : IntAlu : 
7554000: system.cpu T0 : 0x12003388c    : ldl        r1,8(r16)       : MemRead :  D=0x0000000000000064 A=0x11ff920b0
7556000: system.cpu T0 : 0x120033890    : xor        r5,r1,r5        : IntAlu :  D=0x0000000000000000
7556000: system.cpu T0 : 0x120033894    : bis        r3,8,r3         : IntAlu :  D=0x000000000000000f
7556000: system.cpu T0 : 0x120033898    : br         0x1200338dc     : IntAlu : 
7559000: system.cpu T0 : 0x1200338dc    : lda        r16,16(r16)     : IntAlu :  D=0x000000011ff920b8
7561000: system.cpu T0 : 0x1200338e0    : ldq        r2,0(r16)       : MemRead :  D=0x0000000000000000 A=0x11ff920b8
7563000: system.cpu T0 : 0x1200338e4    : bne        r2,0x1200337f8  : IntAlu : 
7563000: system.cpu T0 : 0x1200338e8    : cmpeq      r3,15,r1        : IntAlu :  D=0x0000000000000001
7564000: system.cpu T0 : 0x1200338ec    : beq        r1,0x120033918  : IntAlu : 
7564000: system.cpu T0 : 0x1200338f0    : zapnot     r4,15,r1        : IntAlu :  D=0x0000000000000000
7565000: system.cpu T0 : 0x1200338f4    : cmpult     r31,r1,r2       : IntAlu :  D=0x0000000000000000
7565000: system.cpu T0 : 0x1200338f8    : zapnot     r5,15,r1        : IntAlu :  D=0x0000000000000000
7566000: system.cpu T0 : 0x1200338fc    : cmpult     r31,r1,r1       : IntAlu :  D=0x0000000000000000
7567000: system.cpu T0 : 0x120033900    : bis        r2,r1,r2        : IntAlu :  D=0x0000000000000000
7999000: system.cpu T0 : 0x120033904    : ldq        r1,-31792(r29)  : MemRead :  D=0x00000001200be600 A=0x1200c0bf8
8000000: system.cpu T0 : 0x120033908    : stl        r2,0(r1)        : MemWrite :  D=0x0000000000000000 A=0x1200be600
8000000: system.cpu T0 : 0x12003390c    : lda        r2,1(r31)       : IntAlu :  D=0x0000000000000001
8432000: system.cpu T0 : 0x120033910    : ldq        r1,-31680(r29)  : MemRead :  D=0x00000001200c1a98 A=0x1200c0c68
8433000: system.cpu T0 : 0x120033914    : stl        r2,0(r1)        : MemWrite :  D=0x0000000000000001 A=0x1200c1a98
8433000: system.cpu T0 : 0x120033918    : ret        (r26)           : IntAlu : 
8433000: system.cpu T0 : 0x12001dcb8    : nop        (ldq_u      r31,0(r30)) : No_OpClass : 
8433000: system.cpu T0 : 0x12001dcbc    : nop        (ldq_u      r31,0(r30)) : No_OpClass : 
8434000: system.cpu T0 : 0x12001dcc0    : lda        r1,-29944(r29)  : IntAlu :  D=0x00000001200c1330
8862000: system.cpu T0 : 0x12001dcc4    : ldl        r1,0(r1)        : MemRead :  D=0x0000000000000000 A=0x1200c1330
8864000: system.cpu T0 : 0x12001dcc8    : bne        r1,0x12001de5c  : IntAlu : 
8864000: system.cpu T0 : 0x12001dccc    : lda        r16,296(r30)    : IntAlu :  D=0x000000011ff91e48
8864000: system.cpu T0 : 0x12001dcd0    : nop        (ldq_u      r31,0(r30)) : No_OpClass : 
8865000: system.cpu T0 : 0x12001dcd4    : bsr        r26,0x120030098 : IntAlu :  D=0x000000012001dcd8
9294000: system.cpu T0 : 0x120030098    : lda        r0,339(r31)     : IntAlu :  D=0x0000000000000153
9295000: system.cpu T0 : 0x12003009c    : call_pal   callsys         : IntAlu : 
9301000: system.cpu T0 : 0x1200300a0    : bne        r19,0x1200300a8 : IntAlu : 
9302000: system.cpu T0 : 0x1200300a4    : ret        (r26)           : IntAlu : 
9304000: system.cpu T0 : 0x12001dcd8    : nop        (ldq_u      r31,0(r30)) : No_OpClass : 
9304000: system.cpu T0 : 0x12001dcdc    : nop        (ldq_u      r31,0(r30)) : No_OpClass : 
9304000: system.cpu T0 : 0x12001dce0    : lda        r2,426(r30)     : IntAlu :  D=0x000000011ff91eca
9304000: system.cpu T0 : 0x12001dce4    : beq        r0,0x12001ddc8  : IntAlu : 
9730000: system.cpu T0 : 0x12001ddc8    : bis        r31,r31,r6      : IntAlu :  D=0x0000000000000000
9730000: system.cpu T0 : 0x12001ddcc    : bis        r31,r31,r5      : IntAlu :  D=0x0000000000000000
10153000: system.cpu T0 : 0x12001ddd0    : ldbu       r1,0(r2)        : MemRead :  D=0x0000000000000033 A=0x11ff91eca
10155000: system.cpu T0 : 0x12001ddd4    : sextb      r1,r3           : IntAlu :  D=0x0000000000000033
10156000: system.cpu T0 : 0x12001ddd8    : lda        r1,-48(r3)      : IntAlu :  D=0x0000000000000003
10157000: system.cpu T0 : 0x12001dddc    : and        r1,255,r1       : IntAlu :  D=0x0000000000000003
10158000: system.cpu T0 : 0x12001dde0    : cmpule     r1,9,r1         : IntAlu :  D=0x0000000000000001
10159000: system.cpu T0 : 0x12001dde4    : bne        r1,0x12001dd5c  : IntAlu : 
10591000: system.cpu T0 : 0x12001dd5c    : subl       r3,48,r4        : IntAlu :  D=0x0000000000000003
10591000: system.cpu T0 : 0x12001dd60    : lda        r2,1(r2)        : IntAlu :  D=0x000000011ff91ecb
10593000: system.cpu T0 : 0x12001dd64    : ldbu       r1,0(r2)        : MemRead :  D=0x000000000000002e A=0x11ff91ecb
10595000: system.cpu T0 : 0x12001dd68    : sextb      r1,r3           : IntAlu :  D=0x000000000000002e
10596000: system.cpu T0 : 0x12001dd6c    : lda        r1,-48(r3)      : IntAlu :  D=0xfffffffffffffffe
10597000: system.cpu T0 : 0x12001dd70    : and        r1,255,r1       : IntAlu :  D=0x00000000000000fe
10598000: system.cpu T0 : 0x12001dd74    : cmpule     r1,9,r1         : IntAlu :  D=0x0000000000000000
10599000: system.cpu T0 : 0x12001dd78    : beq        r1,0x12001dda8  : IntAlu : 
11017000: system.cpu T0 : 0x12001dda8    : addl       r6,1,r6         : IntAlu :  D=0x0000000000000001
11017000: system.cpu T0 : 0x12001ddac    : sll        r5,8,r1         : IntAlu :  D=0x0000000000000000
11018000: system.cpu T0 : 0x12001ddb0    : bis        r4,r1,r1        : IntAlu :  D=0x0000000000000003
11019000: system.cpu T0 : 0x12001ddb4    : addl       r31,r1,r5       : IntAlu :  D=0x0000000000000003
11019000: system.cpu T0 : 0x12001ddb8    : cmpeq      r3,46,r1        : IntAlu :  D=0x0000000000000001
11020000: system.cpu T0 : 0x12001ddbc    : beq        r1,0x12001dde8  : IntAlu : 
11020000: system.cpu T0 : 0x12001ddc0    : lda        r2,1(r2)        : IntAlu :  D=0x000000011ff91ecc
11021000: system.cpu T0 : 0x12001ddc4    : br         0x12001ddd0     : IntAlu : 
11025000: system.cpu T0 : 0x12001ddd0    : ldbu       r1,0(r2)        : MemRead :  D=0x0000000000000030 A=0x11ff91ecc
11027000: system.cpu T0 : 0x12001ddd4    : sextb      r1,r3           : IntAlu :  D=0x0000000000000030
11028000: system.cpu T0 : 0x12001ddd8    : lda        r1,-48(r3)      : IntAlu :  D=0x0000000000000000
11029000: system.cpu T0 : 0x12001dddc    : and        r1,255,r1       : IntAlu :  D=0x0000000000000000
11030000: system.cpu T0 : 0x12001dde0    : cmpule     r1,9,r1         : IntAlu :  D=0x0000000000000001
11031000: system.cpu T0 : 0x12001dde4    : bne        r1,0x12001dd5c  : IntAlu : 
11034000: system.cpu T0 : 0x12001dd5c    : subl       r3,48,r4        : IntAlu :  D=0x0000000000000000
11034000: system.cpu T0 : 0x12001dd60    : lda        r2,1(r2)        : IntAlu :  D=0x000000011ff91ecd
11036000: system.cpu T0 : 0x12001dd64    : ldbu       r1,0(r2)        : MemRead :  D=0x000000000000002e A=0x11ff91ecd
11038000: system.cpu T0 : 0x12001dd68    : sextb      r1,r3           : IntAlu :  D=0x000000000000002e
11039000: system.cpu T0 : 0x12001dd6c    : lda        r1,-48(r3)      : IntAlu :  D=0xfffffffffffffffe
11040000: system.cpu T0 : 0x12001dd70    : and        r1,255,r1       : IntAlu :  D=0x00000000000000fe
11041000: system.cpu T0 : 0x12001dd74    : cmpule     r1,9,r1         : IntAlu :  D=0x0000000000000000
11042000: system.cpu T0 : 0x12001dd78    : beq        r1,0x12001dda8  : IntAlu : 
11045000: system.cpu T0 : 0x12001dda8    : addl       r6,1,r6         : IntAlu :  D=0x0000000000000002
11045000: system.cpu T0 : 0x12001ddac    : sll        r5,8,r1         : IntAlu :  D=0x0000000000000300
11046000: system.cpu T0 : 0x12001ddb0    : bis        r4,r1,r1        : IntAlu :  D=0x0000000000000300
11047000: system.cpu T0 : 0x12001ddb4    : addl       r31,r1,r5       : IntAlu :  D=0x0000000000000300
11047000: system.cpu T0 : 0x12001ddb8    : cmpeq      r3,46,r1        : IntAlu :  D=0x0000000000000001
11048000: system.cpu T0 : 0x12001ddbc    : beq        r1,0x12001dde8  : IntAlu : 
11048000: system.cpu T0 : 0x12001ddc0    : lda        r2,1(r2)        : IntAlu :  D=0x000000011ff91ece
11049000: system.cpu T0 : 0x12001ddc4    : br         0x12001ddd0     : IntAlu : 
11053000: system.cpu T0 : 0x12001ddd0    : ldbu       r1,0(r2)        : MemRead :  D=0x0000000000000030 A=0x11ff91ece
11055000: system.cpu T0 : 0x12001ddd4    : sextb      r1,r3           : IntAlu :  D=0x0000000000000030
11056000: system.cpu T0 : 0x12001ddd8    : lda        r1,-48(r3)      : IntAlu :  D=0x0000000000000000
11057000: system.cpu T0 : 0x12001dddc    : and        r1,255,r1       : IntAlu :  D=0x0000000000000000
11058000: system.cpu T0 : 0x12001dde0    : cmpule     r1,9,r1         : IntAlu :  D=0x0000000000000001
11059000: system.cpu T0 : 0x12001dde4    : bne        r1,0x12001dd5c  : IntAlu : 
11062000: system.cpu T0 : 0x12001dd5c    : subl       r3,48,r4        : IntAlu :  D=0x0000000000000000
11062000: system.cpu T0 : 0x12001dd60    : lda        r2,1(r2)        : IntAlu :  D=0x000000011ff91ecf
11064000: system.cpu T0 : 0x12001dd64    : ldbu       r1,0(r2)        : MemRead :  D=0x0000000000000000 A=0x11ff91ecf
11066000: system.cpu T0 : 0x12001dd68    : sextb      r1,r3           : IntAlu :  D=0x0000000000000000
11067000: system.cpu T0 : 0x12001dd6c    : lda        r1,-48(r3)      : IntAlu :  D=0xffffffffffffffd0
11068000: system.cpu T0 : 0x12001dd70    : and        r1,255,r1       : IntAlu :  D=0x00000000000000d0
11069000: system.cpu T0 : 0x12001dd74    : cmpule     r1,9,r1         : IntAlu :  D=0x0000000000000000
11070000: system.cpu T0 : 0x12001dd78    : beq        r1,0x12001dda8  : IntAlu : 
11073000: system.cpu T0 : 0x12001dda8    : addl       r6,1,r6         : IntAlu :  D=0x0000000000000003
11073000: system.cpu T0 : 0x12001ddac    : sll        r5,8,r1         : IntAlu :  D=0x0000000000030000
11074000: system.cpu T0 : 0x12001ddb0    : bis        r4,r1,r1        : IntAlu :  D=0x0000000000030000
11075000: system.cpu T0 : 0x12001ddb4    : addl       r31,r1,r5       : IntAlu :  D=0x0000000000030000
11075000: system.cpu T0 : 0x12001ddb8    : cmpeq      r3,46,r1        : IntAlu :  D=0x0000000000000000
11076000: system.cpu T0 : 0x12001ddbc    : beq        r1,0x12001dde8  : IntAlu : 
11079000: system.cpu T0 : 0x12001dde8    : cmple      r6,2,r1         : IntAlu :  D=0x0000000000000000
11080000: system.cpu T0 : 0x12001ddec    : beq        r1,0x12001de00  : IntAlu : 
11084000: system.cpu T0 : 0x12001de00    : addl       r31,r5,r3       : IntAlu :  D=0x0000000000030000
11085000: system.cpu T0 : 0x12001de04    : blt        r3,0x12001de4c  : IntAlu : 
11508000: system.cpu T0 : 0x12001de08    : ldq        r1,-30288(r29)  : MemRead :  D=0x00000001200c1a80 A=0x1200c11d8
11511000: system.cpu T0 : 0x12001de0c    : ldl        r1,0(r1)        : MemRead :  D=0x0000000000000000 A=0x1200c1a80
11513000: system.cpu T0 : 0x12001de10    : beq        r1,0x12001de24  : IntAlu : 
11517000: system.cpu T0 : 0x12001de24    : ldq        r1,-30288(r29)  : MemRead :  D=0x00000001200c1a80 A=0x1200c11d8
11518000: system.cpu T0 : 0x12001de28    : stl        r3,0(r1)        : MemWrite :  D=0x0000000000030000 A=0x1200c1a80
11518000: system.cpu T0 : 0x12001de2c    : ldah       r1,2(r31)       : IntAlu :  D=0x0000000000020000
11518000: system.cpu T0 : 0x12001de30    : lda        r1,1561(r1)     : IntAlu :  D=0x0000000000020619
11518000: system.cpu T0 : 0x12001de34    : cmple      r3,r1,r1        : IntAlu :  D=0x0000000000000000
11519000: system.cpu T0 : 0x12001de38    : beq        r1,0x12001de5c  : IntAlu : 
11941000: system.cpu T0 : 0x12001de5c    : nop        (ldq_u      r31,0(r30)) : No_OpClass : 
11941000: system.cpu T0 : 0x12001de60    : bsr        r26,0x12001e430 : IntAlu :  D=0x000000012001de64
12371000: system.cpu T0 : 0x12001e430    : lda        r30,-16(r30)    : IntAlu :  D=0x000000011ff91d10
12371000: system.cpu T0 : 0x12001e434    : stq        r26,0(r30)      : MemWrite :  D=0x000000012001de64 A=0x11ff91d10
12371000: system.cpu T0 : 0x12001e438    : lda        r16,16(r31)     : IntAlu :  D=0x0000000000000010
12371000: system.cpu T0 : 0x12001e43c    : lda        r17,16(r31)     : IntAlu :  D=0x0000000000000010
12380000: system.cpu T0 : 0x12001e440    : bsr        r26,0x12001e1cc : IntAlu :  D=0x000000012001e444
12806000: system.cpu T0 : 0x12001e1cc    : lda        r30,-80(r30)    : IntAlu :  D=0x000000011ff91cc0
12806000: system.cpu T0 : 0x12001e1d0    : stq        r26,0(r30)      : MemWrite :  D=0x000000012001e444 A=0x11ff91cc0
12806000: system.cpu T0 : 0x12001e1d4    : stq        r9,8(r30)       : MemWrite :  D=0x0000000000000000 A=0x11ff91cc8
12806000: system.cpu T0 : 0x12001e1d8    : stq        r10,16(r30)     : MemWrite :  D=0x0000000000000000 A=0x11ff91cd0
12807000: system.cpu T0 : 0x12001e1dc    : stq        r11,24(r30)     : MemWrite :  D=0x0000000000000000 A=0x11ff91cd8
12807000: system.cpu T0 : 0x12001e1e0    : stq        r12,32(r30)     : MemWrite :  D=0x000000012001e450 A=0x11ff91ce0
12807000: system.cpu T0 : 0x12001e1e4    : stq        r13,40(r30)     : MemWrite :  D=0x000000012001e4c0 A=0x11ff91ce8
12807000: system.cpu T0 : 0x12001e1e8    : stq        r14,48(r30)     : MemWrite :  D=0x0000000000000000 A=0x11ff91cf0
12808000: system.cpu T0 : 0x12001e1ec    : stq        r15,56(r30)     : MemWrite :  D=0x0000000000000000 A=0x11ff91cf8
12808000: system.cpu T0 : 0x12001e1f0    : bis        r31,r16,r27     : IntAlu :  D=0x0000000000000010
13247000: system.cpu T0 : 0x12001e1f4    : ldq        r1,-31240(r29)  : MemRead :  D=0x00000001200c1a28 A=0x1200c0e20
13672000: system.cpu T0 : 0x12001e1f8    : ldq        r24,0(r1)       : MemRead :  D=0x0000000120000040 A=0x1200c1a28
13674000: system.cpu T0 : 0x12001e1fc    : beq        r24,0x12001e408 : IntAlu : 
14101000: system.cpu T0 : 0x12001e200    : ldq        r1,-30552(r29)  : MemRead :  D=0x00000001200c1a60 A=0x1200c10d0
14116000: system.cpu T0 : 0x12001e204    : ldq        r1,0(r1)        : MemRead :  D=0x0000000000000005 A=0x1200c1a60
14118000: system.cpu T0 : 0x12001e208    : s8subq     r1,r1,r1        : IntAlu :  D=0x0000000000000023
14119000: system.cpu T0 : 0x12001e20c    : s8addq     r1,r24,r2       : IntAlu :  D=0x0000000120000158
14120000: system.cpu T0 : 0x12001e210    : cmpule     r2,r24,r1       : IntAlu :  D=0x0000000000000000
14121000: system.cpu T0 : 0x12001e214    : bne        r1,0x12001e408  : IntAlu : 
14121000: system.cpu T0 : 0x12001e218    : ldl        r1,0(r24)       : MemRead :  A=0x120000040
14550000: system.cpu T0 : 0x12001e218    : ldl        r1,0(r24)       : MemRead :  D=0x0000000000000001 A=0x120000040
14552000: system.cpu T0 : 0x12001e21c    : cmpeq      r1,7,r1         : IntAlu :  D=0x0000000000000000
14553000: system.cpu T0 : 0x12001e220    : beq        r1,0x12001e260  : IntAlu : 
14978000: system.cpu T0 : 0x12001e260    : lda        r24,56(r24)     : IntAlu :  D=0x0000000120000078
14979000: system.cpu T0 : 0x12001e264    : cmpule     r2,r24,r1       : IntAlu :  D=0x0000000000000000
14980000: system.cpu T0 : 0x12001e268    : beq        r1,0x12001e228  : IntAlu : 
14984000: system.cpu T0 : 0x12001e228    : ldl        r1,0(r24)       : MemRead :  D=0x0000000000000001 A=0x120000078
14986000: system.cpu T0 : 0x12001e22c    : cmpeq      r1,7,r1         : IntAlu :  D=0x0000000000000000
14987000: system.cpu T0 : 0x12001e230    : beq        r1,0x12001e260  : IntAlu : 
14990000: system.cpu T0 : 0x12001e260    : lda        r24,56(r24)     : IntAlu :  D=0x00000001200000b0
14991000: system.cpu T0 : 0x12001e264    : cmpule     r2,r24,r1       : IntAlu :  D=0x0000000000000000
14992000: system.cpu T0 : 0x12001e268    : beq        r1,0x12001e228  : IntAlu : 
15418000: system.cpu T0 : 0x12001e228    : ldl        r1,0(r24)       : MemRead :  D=0x0000000000000004 A=0x1200000b0
15420000: system.cpu T0 : 0x12001e22c    : cmpeq      r1,7,r1         : IntAlu :  D=0x0000000000000000
15421000: system.cpu T0 : 0x12001e230    : beq        r1,0x12001e260  : IntAlu : 
15424000: system.cpu T0 : 0x12001e260    : lda        r24,56(r24)     : IntAlu :  D=0x00000001200000e8
15425000: system.cpu T0 : 0x12001e264    : cmpule     r2,r24,r1       : IntAlu :  D=0x0000000000000000
15426000: system.cpu T0 : 0x12001e268    : beq        r1,0x12001e228  : IntAlu : 
15852000: system.cpu T0 : 0x12001e228    : ldl        r1,0(r24)       : MemRead :  D=0x0000000000000007 A=0x1200000e8
15854000: system.cpu T0 : 0x12001e22c    : cmpeq      r1,7,r1         : IntAlu :  D=0x0000000000000001
15855000: system.cpu T0 : 0x12001e230    : beq        r1,0x12001e260  : IntAlu : 
16281000: system.cpu T0 : 0x12001e234    : ldq        r15,40(r24)     : MemRead :  D=0x0000000000000054 A=0x120000110
16288000: system.cpu T0 : 0x12001e238    : ldq        r1,32(r24)      : MemRead :  D=0x0000000000000020 A=0x120000108
16290000: system.cpu T0 : 0x12001e23c    : stq        r1,72(r30)      : MemWrite :  D=0x0000000000000020 A=0x11ff91d08
16291000: system.cpu T0 : 0x12001e240    : ldq        r25,16(r24)     : MemRead :  D=0x00000001200be000 A=0x1200000f8
16293000: system.cpu T0 : 0x12001e244    : stq        r25,64(r30)     : MemWrite :  D=0x00000001200be000 A=0x11ff91d00
16294000: system.cpu T0 : 0x12001e248    : ldq        r25,48(r24)     : MemRead :  D=0x0000000000000008 A=0x120000118
16296000: system.cpu T0 : 0x12001e24c    : cmpule     r17,r25,r1      : IntAlu :  D=0x0000000000000000
16296000: system.cpu T0 : 0x12001e250    : bis        r31,r25,r14     : IntAlu :  D=0x0000000000000008
16297000: system.cpu T0 : 0x12001e254    : cmoveq     r1,r17,r14      : IntAlu :  D=0x0000000000000010
16297000: system.cpu T0 : 0x12001e258    : bne        r25,0x12001e270 : IntAlu : 
16300000: system.cpu T0 : 0x12001e270    : lda        r24,-1(r25)     : IntAlu :  D=0x0000000000000007
16301000: system.cpu T0 : 0x12001e274    : addq       r24,r27,r24     : IntAlu :  D=0x0000000000000017
16301000: system.cpu T0 : 0x12001e278    : nop        (ldq_u      r31,0(r30)) : No_OpClass : 
16301000: system.cpu T0 : 0x12001e27c    : bsr        r23,__divqu     : IntAlu :  D=0x000000012001e280
16725000: system.cpu T0 : 0x1200318b0    : lda        r30,-64(r30)    : IntAlu :  D=0x000000011ff91c80
16725000: system.cpu T0 : 0x1200318b4    : stt        f0,0(r30)       : MemWrite :  D=0x0000000000000000 A=0x11ff91c80
16728000: system.cpu T0 : 0x1200318b8    : excb                       : No_OpClass : 
16728000: system.cpu T0 : 0x1200318bc    : beq        r25,0x120031a40 : IntAlu : 
16734000: system.cpu T0 : 0x1200318c0    : stt        f1,8(r30)       : MemWrite :  D=0x0000000000000000 A=0x11ff91c88
16734000: system.cpu T0 : 0x1200318c4    : stt        f3,48(r30)      : MemWrite :  D=0x0000000000000000 A=0x11ff91cb0
16737000: system.cpu T0 : 0x1200318c8    : mf_fpcr    f106,f3         : FloatAdd :  D=0x0000000000000000
16737000: system.cpu T0 : 0x1200318cc    : itoft      r24,f0          : FloatCvt :  D=0x0000000000000017
16737000: system.cpu T0 : 0x1200318d0    : itoft      r25,f1          : FloatCvt :  D=0x0000000000000008
16738000: system.cpu T0 : 0x1200318d4    : cvtqt      f0,f0           : FloatAdd :  D=0x4037000000000000
16738000: system.cpu T0 : 0x1200318d8    : cvtqt      f1,f1           : FloatAdd :  D=0x4020000000000000
16738000: system.cpu T0 : 0x1200318dc    : blt        r24,0x120031920 : IntAlu : 
16739000: system.cpu T0 : 0x1200318e0    : divt/c     f0,f1,f0        : FloatDiv :  D=0x4007000000000000
17156000: system.cpu T0 : 0x1200318e4    : ldt        f1,8(r30)       : MemRead :  D=0x0000000000000000 A=0x11ff91c88
17156000: system.cpu T0 : 0x1200318e8    : blt        r25,0x120031a20 : IntAlu : 
17156000: system.cpu T0 : 0x1200318ec    : srl        r24,53,r28      : IntAlu :  D=0x0000000000000000
17156000: system.cpu T0 : 0x1200318f0    : bne        r28,0x120031950 : IntAlu : 
17157000: system.cpu T0 : 0x1200318f4    : cvttq/c    f0,f0           : FloatAdd :  D=0x0000000000000002
17160000: system.cpu T0 : 0x1200318f8    : excb                       : No_OpClass : 
17163000: system.cpu T0 : 0x1200318fc    : mt_fpcr    f3,f106         : FloatAdd :  D=0x0000000000000000
17163000: system.cpu T0 : 0x120031900    : ftoit      f0,r27          : FloatCvt :  D=0x0000000000000002
17164000: system.cpu T0 : 0x120031904    : ldt        f0,0(r30)       : MemRead :  D=0x0000000000000000 A=0x11ff91c80
17165000: system.cpu T0 : 0x120031908    : ldt        f3,48(r30)      : MemRead :  D=0x0000000000000000 A=0x11ff91cb0
17165000: system.cpu T0 : 0x12003190c    : lda        r30,64(r30)     : IntAlu :  D=0x000000011ff91cc0
17165000: system.cpu T0 : 0x120031910    : ret        (r23)           : IntAlu : 
17167000: system.cpu T0 : 0x12001e280    : bis        r31,r25,r12     : IntAlu :  D=0x0000000000000008
17167000: system.cpu T0 : 0x12001e284    : mulq       r27,r25,r13     : IntMult :  D=0x0000000000000010
17167000: system.cpu T0 : 0x12001e288    : ldah       r1,0(r29)       : IntAlu :  D=0x00000001200c8828
17591000: system.cpu T0 : 0x12001e28c    : ldq        r16,-30120(r1)  : MemRead :  D=0x0000000000000800 A=0x1200c1280
17593000: system.cpu T0 : 0x12001e290    : lda        r16,1712(r16)   : IntAlu :  D=0x0000000000000eb0
17594000: system.cpu T0 : 0x12001e294    : addq       r16,r15,r16     : IntAlu :  D=0x0000000000000f04
17595000: system.cpu T0 : 0x12001e298    : addq       r16,r14,r16     : IntAlu :  D=0x0000000000000f14
17596000: system.cpu T0 : 0x12001e29c    : addq       r16,r13,r16     : IntAlu :  D=0x0000000000000f24
17596000: system.cpu T0 : 0x12001e2a0    : nop        (ldq_u      r31,0(r30)) : No_OpClass : 
17596000: system.cpu T0 : 0x12001e2a4    : bsr        r26,0x120030898 : IntAlu :  D=0x000000012001e2a8
18019000: system.cpu T0 : 0x120030898    : lda        r30,-32(r30)    : IntAlu :  D=0x000000011ff91ca0
18019000: system.cpu T0 : 0x12003089c    : stq        r26,0(r30)      : MemWrite :  D=0x000000012001e2a8 A=0x11ff91ca0
18019000: system.cpu T0 : 0x1200308a0    : stq        r9,8(r30)       : MemWrite :  D=0x0000000000000000 A=0x11ff91ca8
18019000: system.cpu T0 : 0x1200308a4    : stq        r10,16(r30)     : MemWrite :  D=0x0000000000000000 A=0x11ff91cb0
18020000: system.cpu T0 : 0x1200308a8    : bis        r31,r16,r10     : IntAlu :  D=0x0000000000000f24
18450000: system.cpu T0 : 0x1200308ac    : ldq        r1,-30600(r29)  : MemRead :  D=0x00000001200c1b20 A=0x1200c10a0
18875000: system.cpu T0 : 0x1200308b0    : ldq        r1,0(r1)        : MemRead :  D=0x0000000000000000 A=0x1200c1b20
18877000: system.cpu T0 : 0x1200308b4    : beq        r1,0x1200308c4  : IntAlu : 
18880000: system.cpu T0 : 0x1200308c4    : bis        r31,r31,r16     : IntAlu :  D=0x0000000000000000
18880000: system.cpu T0 : 0x1200308c8    : nop        (ldq_u      r31,0(r30)) : No_OpClass : 
18880000: system.cpu T0 : 0x1200308cc    : bsr        r26,0x120061918 : IntAlu :  D=0x00000001200308d0
19310000: system.cpu T0 : 0x120061918    : subq       r30,8,r30       : IntAlu :  D=0x000000011ff91c98
19310000: system.cpu T0 : 0x12006191c    : stq        r16,0(r30)      : MemWrite :  D=0x0000000000000000 A=0x11ff91c98
19310000: system.cpu T0 : 0x120061920    : lda        r0,17(r31)      : IntAlu :  D=0x0000000000000011
19311000: system.cpu T0 : 0x120061924    : call_pal   callsys         : IntAlu : 
19318000: system.cpu T0 : 0x120061928    : ldq        r16,0(r30)      : MemRead :  D=0x0000000000000000 A=0x11ff91c98
19318000: system.cpu T0 : 0x12006192c    : bne        r19,0x120061958 : IntAlu : 
19318000: system.cpu T0 : 0x120061930    : beq        r0,0x120061944  : IntAlu : 
19320000: system.cpu T0 : 0x120061934    : cmoveq     r16,r0,r16      : IntAlu :  D=0x000000012033a000
19321000: system.cpu T0 : 0x120061938    : xor        r16,r0,r1       : IntAlu :  D=0x0000000000000000
19322000: system.cpu T0 : 0x12006193c    : bne        r1,0x120061954  : IntAlu : 
19736000: system.cpu T0 : 0x120061940    : bis        r31,r31,r0      : IntAlu :  D=0x0000000000000000
19737000: system.cpu T0 : 0x120061944    : ldq        r28,-30600(r29) : MemRead :  D=0x00000001200c1b20 A=0x1200c10a0
19738000: system.cpu T0 : 0x120061948    : stq        r16,0(r28)      : MemWrite :  D=0x000000012033a000 A=0x1200c1b20
19738000: system.cpu T0 : 0x12006194c    : addq       r30,8,r30       : IntAlu :  D=0x000000011ff91ca0
19738000: system.cpu T0 : 0x120061950    : ret        (r26)           : IntAlu : 
19740000: system.cpu T0 : 0x1200308d0    : nop        (ldq_u      r31,0(r30)) : No_OpClass : 
19740000: system.cpu T0 : 0x1200308d4    : nop        (ldq_u      r31,0(r30)) : No_OpClass : 
19740000: system.cpu T0 : 0x1200308d8    : blt        r0,0x12003090c  : IntAlu : 
19741000: system.cpu T0 : 0x1200308dc    : bne        r10,0x1200308ec : IntAlu : 
19745000: system.cpu T0 : 0x1200308ec    : ldq        r1,-30600(r29)  : MemRead :  D=0x00000001200c1b20 A=0x1200c10a0
19748000: system.cpu T0 : 0x1200308f0    : ldq        r9,0(r1)        : MemRead :  D=0x000000012033a000 A=0x1200c1b20
19750000: system.cpu T0 : 0x1200308f4    : addq       r9,r10,r16      : IntAlu :  D=0x000000012033af24
19750000: system.cpu T0 : 0x1200308f8    : nop        (ldq_u      r31,0(r30)) : No_OpClass : 
19750000: system.cpu T0 : 0x1200308fc    : bsr        r26,0x120061918 : IntAlu :  D=0x0000000120030900
19750000: system.cpu T0 : 0x120061918    : subq       r30,8,r30       : IntAlu :  D=0x000000011ff91c98
19751000: system.cpu T0 : 0x12006191c    : stq        r16,0(r30)      : MemWrite :  D=0x000000012033af24 A=0x11ff91c98
19751000: system.cpu T0 : 0x120061920    : lda        r0,17(r31)      : IntAlu :  D=0x0000000000000011
19752000: system.cpu T0 : 0x120061924    : call_pal   callsys         : IntAlu : 
19759000: system.cpu T0 : 0x120061928    : ldq        r16,0(r30)      : MemRead :  D=0x000000012033af24 A=0x11ff91c98
19759000: system.cpu T0 : 0x12006192c    : bne        r19,0x120061958 : IntAlu : 
19759000: system.cpu T0 : 0x120061930    : beq        r0,0x120061944  : IntAlu : 
19761000: system.cpu T0 : 0x120061934    : cmoveq     r16,r0,r16      : IntAlu :  D=0x000000012033af24
19762000: system.cpu T0 : 0x120061938    : xor        r16,r0,r1       : IntAlu :  D=0x0000000000000000
19763000: system.cpu T0 : 0x12006193c    : bne        r1,0x120061954  : IntAlu : 
19763000: system.cpu T0 : 0x120061940    : bis        r31,r31,r0      : IntAlu :  D=0x0000000000000000
19764000: system.cpu T0 : 0x120061944    : ldq        r28,-30600(r29) : MemRead :  D=0x00000001200c1b20 A=0x1200c10a0
19765000: system.cpu T0 : 0x120061948    : stq        r16,0(r28)      : MemWrite :  D=0x000000012033af24 A=0x1200c1b20
19765000: system.cpu T0 : 0x12006194c    : addq       r30,8,r30       : IntAlu :  D=0x000000011ff91ca0
19765000: system.cpu T0 : 0x120061950    : ret        (r26)           : IntAlu : 
20169000: system.cpu T0 : 0x120030900    : nop        (ldq_u      r31,0(r30)) : No_OpClass : 
20169000: system.cpu T0 : 0x120030904    : nop        (ldq_u      r31,0(r30)) : No_OpClass : 
20169000: system.cpu T0 : 0x120030908    : bge        r0,0x120030910  : IntAlu : 
20172000: system.cpu T0 : 0x120030910    : bis        r31,r9,r0       : IntAlu :  D=0x000000012033a000
20173000: system.cpu T0 : 0x120030914    : ldq        r26,0(r30)      : MemRead :  D=0x000000012001e2a8 A=0x11ff91ca0
20174000: system.cpu T0 : 0x120030918    : ldq        r9,8(r30)       : MemRead :  D=0x0000000000000000 A=0x11ff91ca8
20174000: system.cpu T0 : 0x12003091c    : ldq        r10,16(r30)     : MemRead :  D=0x0000000000000000 A=0x11ff91cb0
20174000: system.cpu T0 : 0x120030920    : lda        r30,32(r30)     : IntAlu :  D=0x000000011ff91cc0
20175000: system.cpu T0 : 0x120030924    : ret        (r26)           : IntAlu : 
20176000: system.cpu T0 : 0x12001e2a8    : nop        (ldq_u      r31,0(r30)) : No_OpClass : 
20176000: system.cpu T0 : 0x12001e2ac    : nop        (ldq_u      r31,0(r30)) : No_OpClass : 
20176000: system.cpu T0 : 0x12001e2b0    : addq       r0,r14,r0       : IntAlu :  D=0x000000012033a010
20177000: system.cpu T0 : 0x12001e2b4    : lda        r0,1711(r0)     : IntAlu :  D=0x000000012033a6bf
20177000: system.cpu T0 : 0x12001e2b8    : subq       r31,r14,r1      : IntAlu :  D=0xfffffffffffffff0
20178000: system.cpu T0 : 0x12001e2bc    : and        r0,r1,r11       : IntAlu :  D=0x000000012033a6b0
20600000: system.cpu T0 : 0x12001e2c0    : ldah       r9,0(r29)       : IntAlu :  D=0x00000001200c8828
20600000: system.cpu T0 : 0x12001e2c4    : lda        r1,62(r31)      : IntAlu :  D=0x000000000000003e
20601000: system.cpu T0 : 0x12001e2c8    : stq        r1,-25272(r9)   : MemWrite :  D=0x000000000000003e A=0x1200c2570
20607000: system.cpu T0 : 0x12001e2c8    : stq        r1,-25272(r9)   : MemWrite :  D=0x000000000000003e A=0x1200c2570
20607000: system.cpu T0 : 0x12001e2cc    : lda        r9,-25272(r9)   : IntAlu :  D=0x00000001200c2570
20607000: system.cpu T0 : 0x12001e2d0    : addq       r11,r13,r16     : IntAlu :  D=0x000000012033a6c0
20608000: system.cpu T0 : 0x12001e2d4    : stq        r16,32(r9)      : MemWrite :  D=0x000000012033a6c0 A=0x1200c2590
20608000: system.cpu T0 : 0x12001e2d8    : ldah       r10,0(r29)      : IntAlu :  D=0x00000001200c8828
20609000: system.cpu T0 : 0x12001e2dc    : lda        r10,-23208(r10) : IntAlu :  D=0x00000001200c2d80
20609000: system.cpu T0 : 0x12001e2e0    : stq        r13,1080(r10)   : MemWrite :  D=0x0000000000000010 A=0x1200c31b8
20609000: system.cpu T0 : 0x12001e2e4    : lda        r1,1(r31)       : IntAlu :  D=0x0000000000000001
20610000: system.cpu T0 : 0x12001e2e8    : stb        r1,40(r9)       : MemWrite :  D=0x0000000000000001 A=0x1200c2598
20611000: system.cpu T0 : 0x12001e2ec    : ldq        r17,64(r30)     : MemRead :  D=0x00000001200be000 A=0x11ff91d00
20612000: system.cpu T0 : 0x12001e2f0    : ldq        r18,72(r30)     : MemRead :  D=0x0000000000000020 A=0x11ff91d08
20612000: system.cpu T0 : 0x12001e2f4    : nop        (ldq_u      r31,0(r30)) : No_OpClass : 
20612000: system.cpu T0 : 0x12001e2f8    : bsr        r26,memcpy      : IntAlu :  D=0x000000012001e2fc
21060000: system.cpu T0 : 0x12002ed20    : bis        r31,r16,r0      : IntAlu :  D=0x000000012033a6c0
21060000: system.cpu T0 : 0x12002ed24    : ble        r18,0x12002ef50 : IntAlu : 
21060000: system.cpu T0 : 0x12002ed28    : xor        r16,r17,r1      : IntAlu :  D=0x00000000003846c0
21061000: system.cpu T0 : 0x12002ed2c    : and        r1,7,r1         : IntAlu :  D=0x0000000000000000
21062000: system.cpu T0 : 0x12002ed30    : bne        r1,0x12002eeb0  : IntAlu : 
21062000: system.cpu T0 : 0x12002ed34    : and        r16,7,r1        : IntAlu :  D=0x0000000000000000
21063000: system.cpu T0 : 0x12002ed38    : beq        r1,0x12002ed60  : IntAlu : 
21485000: system.cpu T0 : 0x12002ed60    : cmple      r18,127,r1      : IntAlu :  D=0x0000000000000001
21486000: system.cpu T0 : 0x12002ed64    : bne        r1,0x12002ee40  : IntAlu : 
21918000: system.cpu T0 : 0x12002ee40    : subq       r18,8,r18       : IntAlu :  D=0x0000000000000018
21919000: system.cpu T0 : 0x12002ee44    : blt        r18,0x12002ee70 : IntAlu : 
21919000: system.cpu T0 : 0x12002ee48    : nop        (bis        r31,r31,r31) : No_OpClass : 
21919000: system.cpu T0 : 0x12002ee4c    : nop        (bis        r31,r31,r31) : No_OpClass : 
22351000: system.cpu T0 : 0x12002ee50    : ldq        r1,0(r17)       : MemRead :  D=0x00000001200c06a8 A=0x1200be000
22351000: system.cpu T0 : 0x12002ee54    : subq       r18,8,r18       : IntAlu :  D=0x0000000000000010
22351000: system.cpu T0 : 0x12002ee58    : addq       r17,8,r17       : IntAlu :  D=0x00000001200be008
22351000: system.cpu T0 : 0x12002ee5c    : nop        (bis        r31,r31,r31) : No_OpClass : 
22353000: system.cpu T0 : 0x12002ee60    : stq        r1,0(r16)       : MemWrite :  D=0x00000001200c06a8 A=0x12033a6c0
22359000: system.cpu T0 : 0x12002ee60    : stq        r1,0(r16)       : MemWrite :  D=0x00000001200c06a8 A=0x12033a6c0
22359000: system.cpu T0 : 0x12002ee64    : addq       r16,8,r16       : IntAlu :  D=0x000000012033a6c8
22359000: system.cpu T0 : 0x12002ee68    : bge        r18,0x12002ee50 : IntAlu : 
22363000: system.cpu T0 : 0x12002ee50    : ldq        r1,0(r17)       : MemRead :  D=0x00000001200c06a8 A=0x1200be008
22363000: system.cpu T0 : 0x12002ee54    : subq       r18,8,r18       : IntAlu :  D=0x0000000000000008
22363000: system.cpu T0 : 0x12002ee58    : addq       r17,8,r17       : IntAlu :  D=0x00000001200be010
22363000: system.cpu T0 : 0x12002ee5c    : nop        (bis        r31,r31,r31) : No_OpClass : 
22365000: system.cpu T0 : 0x12002ee60    : stq        r1,0(r16)       : MemWrite :  D=0x00000001200c06a8 A=0x12033a6c8
22365000: system.cpu T0 : 0x12002ee64    : addq       r16,8,r16       : IntAlu :  D=0x000000012033a6d0
22365000: system.cpu T0 : 0x12002ee68    : bge        r18,0x12002ee50 : IntAlu : 
22369000: system.cpu T0 : 0x12002ee50    : ldq        r1,0(r17)       : MemRead :  D=0x00000001200c06c8 A=0x1200be010
22369000: system.cpu T0 : 0x12002ee54    : subq       r18,8,r18       : IntAlu :  D=0x0000000000000000
22369000: system.cpu T0 : 0x12002ee58    : addq       r17,8,r17       : IntAlu :  D=0x00000001200be018
22369000: system.cpu T0 : 0x12002ee5c    : nop        (bis        r31,r31,r31) : No_OpClass : 
22371000: system.cpu T0 : 0x12002ee60    : stq        r1,0(r16)       : MemWrite :  D=0x00000001200c06c8 A=0x12033a6d0
22371000: system.cpu T0 : 0x12002ee64    : addq       r16,8,r16       : IntAlu :  D=0x000000012033a6d8
22371000: system.cpu T0 : 0x12002ee68    : bge        r18,0x12002ee50 : IntAlu : 
22375000: system.cpu T0 : 0x12002ee50    : ldq        r1,0(r17)       : MemRead :  D=0x00000001200c06b0 A=0x1200be018
22375000: system.cpu T0 : 0x12002ee54    : subq       r18,8,r18       : IntAlu :  D=0xfffffffffffffff8
22375000: system.cpu T0 : 0x12002ee58    : addq       r17,8,r17       : IntAlu :  D=0x00000001200be020
22375000: system.cpu T0 : 0x12002ee5c    : nop        (bis        r31,r31,r31) : No_OpClass : 
22377000: system.cpu T0 : 0x12002ee60    : stq        r1,0(r16)       : MemWrite :  D=0x00000001200c06b0 A=0x12033a6d8
22377000: system.cpu T0 : 0x12002ee64    : addq       r16,8,r16       : IntAlu :  D=0x000000012033a6e0
22377000: system.cpu T0 : 0x12002ee68    : bge        r18,0x12002ee50 : IntAlu : 
22377000: system.cpu T0 : 0x12002ee6c    : nop        (bis        r31,r31,r31) : No_OpClass : 
22378000: system.cpu T0 : 0x12002ee70    : addq       r18,8,r18       : IntAlu :  D=0x0000000000000000
22379000: system.cpu T0 : 0x12002ee74    : ble        r18,0x12002ef50 : IntAlu : 
22805000: system.cpu T0 : 0x12002ef50    : ret        (r26)           : IntAlu : 
22808000: system.cpu T0 : 0x12001e2fc    : nop        (ldq_u      r31,0(r30)) : No_OpClass : 
23230000: system.cpu T0 : 0x12001e300    : nop        (ldq_u      r31,0(r30)) : No_OpClass : 
23230000: system.cpu T0 : 0x12001e304    : lda        r9,16(r9)       : IntAlu :  D=0x00000001200c2580
23231000: system.cpu T0 : 0x12001e308    : stq        r9,0(r11)       : MemWrite :  D=0x00000001200c2580 A=0x12033a6b0
23231000: system.cpu T0 : 0x12001e30c    : bis        r31,r11,r16     : IntAlu :  D=0x000000012033a6b0
23234000: system.cpu T0 : 0x12001e310    : call_pal   wruniq          : IntAlu :  D=0x000000012033a6b0
23234000: system.cpu T0 : 0x12001e314    : stq        r12,1064(r10)   : MemWrite :  D=0x0000000000000008 A=0x1200c31a8
23234000: system.cpu T0 : 0x12001e318    : stq        r15,1056(r10)   : MemWrite :  D=0x0000000000000054 A=0x1200c31a0
23236000: system.cpu T0 : 0x12001e31c    : ldq        r27,64(r30)     : MemRead :  D=0x00000001200be000 A=0x11ff91d00
23238000: system.cpu T0 : 0x12001e320    : stq        r27,1040(r10)   : MemWrite :  D=0x00000001200be000 A=0x1200c3190
23240000: system.cpu T0 : 0x12001e324    : ldq        r1,72(r30)      : MemRead :  D=0x0000000000000020 A=0x11ff91d08
23242000: system.cpu T0 : 0x12001e328    : stq        r1,1048(r10)    : MemWrite :  D=0x0000000000000020 A=0x1200c3198
23672000: system.cpu T0 : 0x12001e32c    : ldq        r2,800(r10)     : MemRead :  D=0x0000000000000000 A=0x1200c30a0
23672000: system.cpu T0 : 0x12001e330    : lda        r1,-3(r31)      : IntAlu :  D=0xfffffffffffffffd
23672000: system.cpu T0 : 0x12001e334    : sll        r1,32,r1        : IntAlu :  D=0xfffffffd00000000
23672000: system.cpu T0 : 0x12001e338    : lda        r1,-1(r1)       : IntAlu :  D=0xfffffffcffffffff
23674000: system.cpu T0 : 0x12001e33c    : and        r2,r1,r2        : IntAlu :  D=0x0000000000000000
23675000: system.cpu T0 : 0x12001e340    : stq        r2,800(r10)     : MemWrite :  D=0x0000000000000000 A=0x1200c30a0
23675000: system.cpu T0 : 0x12001e344    : lda        r3,1(r31)       : IntAlu :  D=0x0000000000000001
23676000: system.cpu T0 : 0x12001e348    : stq        r3,1088(r10)    : MemWrite :  D=0x0000000000000001 A=0x1200c31c0
23676000: system.cpu T0 : 0x12001e34c    : ldah       r2,0(r29)       : IntAlu :  D=0x00000001200c8828
23676000: system.cpu T0 : 0x12001e350    : lda        r1,64(r31)      : IntAlu :  D=0x0000000000000040
23677000: system.cpu T0 : 0x12001e354    : stq        r1,-24248(r2)   : MemWrite :  D=0x0000000000000040 A=0x1200c2970
24128000: system.cpu T0 : 0x12001e358    : ldq        r1,-31864(r29)  : MemRead :  D=0x00000001200c19a8 A=0x1200c0bb0
24129000: system.cpu T0 : 0x12001e35c    : stq        r3,0(r1)        : MemWrite :  D=0x0000000000000001 A=0x1200c19a8
24129000: system.cpu T0 : 0x12001e360    : lda        r2,-24248(r2)   : IntAlu :  D=0x00000001200c2970
24575000: system.cpu T0 : 0x12001e364    : ldq        r1,-31440(r29)  : MemRead :  D=0x00000001200c19b0 A=0x1200c0d58
24576000: system.cpu T0 : 0x12001e368    : stq        r2,0(r1)        : MemWrite :  D=0x00000001200c2970 A=0x1200c19b0
24576000: system.cpu T0 : 0x12001e36c    : stq        r10,40(r2)      : MemWrite :  D=0x00000001200c2d80 A=0x1200c2998
24576000: system.cpu T0 : 0x12001e370    : bne        r12,0x12001e37c : IntAlu : 
24576000: system.cpu T0 : 0x12001e37c    : addq       r15,r12,r24     : IntAlu :  D=0x000000000000005c
24577000: system.cpu T0 : 0x12001e380    : lda        r24,-1(r24)     : IntAlu :  D=0x000000000000005b
24577000: system.cpu T0 : 0x12001e384    : bis        r31,r12,r25     : IntAlu :  D=0x0000000000000008
24577000: system.cpu T0 : 0x12001e388    : nop        (ldq_u      r31,0(r30)) : No_OpClass : 
24577000: system.cpu T0 : 0x12001e38c    : bsr        r23,__divqu     : IntAlu :  D=0x000000012001e390
24578000: system.cpu T0 : 0x1200318b0    : lda        r30,-64(r30)    : IntAlu :  D=0x000000011ff91c80
24578000: system.cpu T0 : 0x1200318b4    : stt        f0,0(r30)       : MemWrite :  D=0x0000000000000000 A=0x11ff91c80
24581000: system.cpu T0 : 0x1200318b8    : excb                       : No_OpClass : 
24581000: system.cpu T0 : 0x1200318bc    : beq        r25,0x120031a40 : IntAlu : 
24581000: system.cpu T0 : 0x1200318c0    : stt        f1,8(r30)       : MemWrite :  D=0x0000000000000000 A=0x11ff91c88
24581000: system.cpu T0 : 0x1200318c4    : stt        f3,48(r30)      : MemWrite :  D=0x0000000000000000 A=0x11ff91cb0
24584000: system.cpu T0 : 0x1200318c8    : mf_fpcr    f106,f3         : FloatAdd :  D=0x0000000000000000
24584000: system.cpu T0 : 0x1200318cc    : itoft      r24,f0          : FloatCvt :  D=0x000000000000005b
24584000: system.cpu T0 : 0x1200318d0    : itoft      r25,f1          : FloatCvt :  D=0x0000000000000008
24585000: system.cpu T0 : 0x1200318d4    : cvtqt      f0,f0           : FloatAdd :  D=0x4056c00000000000
24585000: system.cpu T0 : 0x1200318d8    : cvtqt      f1,f1           : FloatAdd :  D=0x4020000000000000
24585000: system.cpu T0 : 0x1200318dc    : blt        r24,0x120031920 : IntAlu : 
24586000: system.cpu T0 : 0x1200318e0    : divt/c     f0,f1,f0        : FloatDiv :  D=0x4026c00000000000
25021000: system.cpu T0 : 0x1200318e4    : ldt        f1,8(r30)       : MemRead :  D=0x0000000000000000 A=0x11ff91c88
25021000: system.cpu T0 : 0x1200318e8    : blt        r25,0x120031a20 : IntAlu : 
25021000: system.cpu T0 : 0x1200318ec    : srl        r24,53,r28      : IntAlu :  D=0x0000000000000000
25021000: system.cpu T0 : 0x1200318f0    : bne        r28,0x120031950 : IntAlu : 
25022000: system.cpu T0 : 0x1200318f4    : cvttq/c    f0,f0           : FloatAdd :  D=0x000000000000000b
25025000: system.cpu T0 : 0x1200318f8    : excb                       : No_OpClass : 
25028000: system.cpu T0 : 0x1200318fc    : mt_fpcr    f3,f106         : FloatAdd :  D=0x0000000000000000
25028000: system.cpu T0 : 0x120031900    : ftoit      f0,r27          : FloatCvt :  D=0x000000000000000b
25029000: system.cpu T0 : 0x120031904    : ldt        f0,0(r30)       : MemRead :  D=0x0000000000000000 A=0x11ff91c80
25030000: system.cpu T0 : 0x120031908    : ldt        f3,48(r30)      : MemRead :  D=0x0000000000000000 A=0x11ff91cb0
25030000: system.cpu T0 : 0x12003190c    : lda        r30,64(r30)     : IntAlu :  D=0x000000011ff91cc0
25030000: system.cpu T0 : 0x120031910    : ret        (r23)           : IntAlu : 
25031000: system.cpu T0 : 0x12001e390    : bis        r31,r27,r15     : IntAlu :  D=0x000000000000000b
25032000: system.cpu T0 : 0x12001e394    : mulq       r15,r12,r2      : IntMult :  D=0x0000000000000058
25034000: system.cpu T0 : 0x12001e398    : addq       r2,r13,r2       : IntAlu :  D=0x0000000000000068
25034000: system.cpu T0 : 0x12001e39c    : ldah       r3,0(r29)       : IntAlu :  D=0x00000001200c8828
25465000: system.cpu T0 : 0x12001e3a0    : ldq        r1,-30120(r3)   : MemRead :  D=0x0000000000000800 A=0x1200c1280
25467000: system.cpu T0 : 0x12001e3a4    : lda        r1,15(r1)       : IntAlu :  D=0x000000000000080f
25468000: system.cpu T0 : 0x12001e3a8    : addq       r1,r2,r1        : IntAlu :  D=0x0000000000000877
25469000: system.cpu T0 : 0x12001e3ac    : bic        r1,15,r1        : IntAlu :  D=0x0000000000000870
25470000: system.cpu T0 : 0x12001e3b0    : stq        r1,-30120(r3)   : MemWrite :  D=0x0000000000000870 A=0x1200c1280
25894000: system.cpu T0 : 0x12001e3b4    : ldq        r1,-32280(r29)  : MemRead :  D=0x00000001200c1998 A=0x1200c0a10
25895000: system.cpu T0 : 0x12001e3b8    : stq        r2,0(r1)        : MemWrite :  D=0x0000000000000068 A=0x1200c1998
25895000: system.cpu T0 : 0x12001e3bc    : cmpule     r14,16,r1       : IntAlu :  D=0x0000000000000001
25895000: system.cpu T0 : 0x12001e3c0    : lda        r2,16(r31)      : IntAlu :  D=0x0000000000000010
25895000: system.cpu T0 : 0x12001e3c4    : cmoveq     r1,r14,r2       : IntAlu :  D=0x0000000000000010
26319000: system.cpu T0 : 0x12001e3c8    : ldq        r1,-31888(r29)  : MemRead :  D=0x00000001200c19a0 A=0x1200c0b98
26320000: system.cpu T0 : 0x12001e3cc    : stq        r2,0(r1)        : MemWrite :  D=0x0000000000000010 A=0x1200c19a0
26324000: system.cpu T0 : 0x12001e3d0    : ldq        r1,-31864(r29)  : MemRead :  D=0x00000001200c19a8 A=0x1200c0bb0
26327000: system.cpu T0 : 0x12001e3d4    : ldq        r2,0(r1)        : MemRead :  D=0x0000000000000001 A=0x1200c19a8
26749000: system.cpu T0 : 0x12001e3d8    : ldq        r1,-30744(r29)  : MemRead :  D=0x00000001200c19c8 A=0x1200c1010
26750000: system.cpu T0 : 0x12001e3dc    : stq        r2,0(r1)        : MemWrite :  D=0x0000000000000001 A=0x1200c19c8
27187000: system.cpu T0 : 0x12001e3e0    : ldq        r26,0(r30)      : MemRead :  D=0x000000012001e444 A=0x11ff91cc0
27194000: system.cpu T0 : 0x12001e3e4    : ldq        r9,8(r30)       : MemRead :  D=0x0000000000000000 A=0x11ff91cc8
27195000: system.cpu T0 : 0x12001e3e8    : ldq        r10,16(r30)     : MemRead :  D=0x0000000000000000 A=0x11ff91cd0
27195000: system.cpu T0 : 0x12001e3ec    : ldq        r11,24(r30)     : MemRead :  D=0x0000000000000000 A=0x11ff91cd8
27195000: system.cpu T0 : 0x12001e3f0    : ldq        r12,32(r30)     : MemRead :  D=0x000000012001e450 A=0x11ff91ce0
27195000: system.cpu T0 : 0x12001e3f4    : ldq        r13,40(r30)     : MemRead :  D=0x000000012001e4c0 A=0x11ff91ce8
27196000: system.cpu T0 : 0x12001e3f8    : ldq        r14,48(r30)     : MemRead :  D=0x0000000000000000 A=0x11ff91cf0
27197000: system.cpu T0 : 0x12001e3fc    : ldq        r15,56(r30)     : MemRead :  D=0x0000000000000000 A=0x11ff91cf8
27197000: system.cpu T0 : 0x12001e400    : lda        r30,80(r30)     : IntAlu :  D=0x000000011ff91d10
27197000: system.cpu T0 : 0x12001e404    : ret        (r26)           : IntAlu : 
27212000: system.cpu T0 : 0x12001e444    : ldq        r26,0(r30)      : MemRead :  D=0x000000012001de64 A=0x11ff91d10
27212000: system.cpu T0 : 0x12001e448    : lda        r30,16(r30)     : IntAlu :  D=0x000000011ff91d20
27214000: system.cpu T0 : 0x12001e44c    : ret        (r26)           : IntAlu : 
27624000: system.cpu T0 : 0x12001de64    : nop        (ldq_u      r31,0(r30)) : No_OpClass : 
27624000: system.cpu T0 : 0x12001de68    : nop        (ldq_u      r31,0(r30)) : No_OpClass : 
27624000: system.cpu T0 : 0x12001de6c    : stq        r31,224(r30)    : MemWrite :  D=0x0000000000000000 A=0x11ff91e00
27624000: system.cpu T0 : 0x12001de70    : lda        r2,224(r30)     : IntAlu :  D=0x000000011ff91e00
27625000: system.cpu T0 : 0x12001de74    : lda        r1,-1(r31)      : IntAlu :  D=0xffffffffffffffff
27626000: system.cpu T0 : 0x12001de78    : stb        r1,7(r2)        : MemWrite :  D=0x00000000000000ff A=0x11ff91e07
27626000: system.cpu T0 : 0x12001de7c    : lda        r1,10(r31)      : IntAlu :  D=0x000000000000000a
28048000: system.cpu T0 : 0x12001de80    : stb        r1,6(r2)        : MemWrite :  D=0x000000000000000a A=0x11ff91e06
28055000: system.cpu T0 : 0x12001de84    : ldq        r2,224(r30)     : MemRead :  D=0xff0a000000000000 A=0x11ff91e00
28055000: system.cpu T0 : 0x12001de88    : ldah       r1,-1(r29)      : IntAlu :  D=0x00000001200b8828
28057000: system.cpu T0 : 0x12001de8c    : stq        r2,22624(r1)    : MemWrite :  D=0xff0a000000000000 A=0x1200be088
28057000: system.cpu T0 : 0x12001de90    : beq        r11,0x12001deb0 : IntAlu : 
28498000: system.cpu T0 : 0x12001deb0    : ldq        r16,696(r30)    : MemRead :  D=0x0000000000000002 A=0x11ff91fd8
28505000: system.cpu T0 : 0x12001deb4    : ldq        r17,704(r30)    : MemRead :  D=0x000000011ff92008 A=0x11ff91fe0
28505000: system.cpu T0 : 0x12001deb8    : lda        r1,-29608(r29)  : IntAlu :  D=0x00000001200c1480
28507000: system.cpu T0 : 0x12001debc    : ldq        r18,0(r1)       : MemRead :  D=0x000000011ff92020 A=0x1200c1480
28507000: system.cpu T0 : 0x12001dec0    : nop        (ldq_u      r31,0(r30)) : No_OpClass : 
28507000: system.cpu T0 : 0x12001dec4    : bsr        r26,0x120034188 : IntAlu :  D=0x000000012001dec8
28939000: system.cpu T0 : 0x120034188    : lda        r30,-32(r30)    : IntAlu :  D=0x000000011ff91d00
28939000: system.cpu T0 : 0x12003418c    : stq        r26,0(r30)      : MemWrite :  D=0x000000012001dec8 A=0x11ff91d00
28939000: system.cpu T0 : 0x120034190    : stq        r9,8(r30)       : MemWrite :  D=0x0000000000000000 A=0x11ff91d08
28939000: system.cpu T0 : 0x120034194    : stq        r10,16(r30)     : MemWrite :  D=0x0000000000000000 A=0x11ff91d10
28940000: system.cpu T0 : 0x120034198    : stq        r11,24(r30)     : MemWrite :  D=0x0000000000000000 A=0x11ff91d18
28940000: system.cpu T0 : 0x12003419c    : bis        r31,r16,r9      : IntAlu :  D=0x0000000000000002
28940000: system.cpu T0 : 0x1200341a0    : bis        r31,r17,r10     : IntAlu :  D=0x000000011ff92008
28940000: system.cpu T0 : 0x1200341a4    : bis        r31,r18,r11     : IntAlu :  D=0x000000011ff92020
28941000: system.cpu T0 : 0x1200341a8    : lda        r1,0(r31)       : IntAlu :  D=0x0000000000000000
28942000: system.cpu T0 : 0x1200341ac    : beq        r1,0x120034230  : IntAlu : 
29374000: system.cpu T0 : 0x120034230    : ldah       r1,0(r29)       : IntAlu :  D=0x00000001200c8828
29374000: system.cpu T0 : 0x120034234    : stl        r31,-29944(r1)  : MemWrite :  D=0x0000000000000000 A=0x1200c1330
29374000: system.cpu T0 : 0x120034238    : lda        r1,-29888(r29)  : IntAlu :  D=0x00000001200c1368
29806000: system.cpu T0 : 0x12003423c    : ldl        r16,0(r1)       : MemRead :  D=0x000000000000137f A=0x1200c1368
29806000: system.cpu T0 : 0x120034240    : nop        (ldq_u      r31,0(r30)) : No_OpClass : 
29806000: system.cpu T0 : 0x120034244    : bsr        r26,0x1200450b0 : IntAlu :  D=0x0000000120034248
30238000: system.cpu T0 : 0x1200450b0    : lda        r30,-16(r30)    : IntAlu :  D=0x000000011ff91cf0
30238000: system.cpu T0 : 0x1200450b4    : stq        r26,0(r30)      : MemWrite :  D=0x0000000120034248 A=0x11ff91cf0
30238000: system.cpu T0 : 0x1200450b8    : stq        r9,8(r30)       : MemWrite :  D=0x0000000000000002 A=0x11ff91cf8
30238000: system.cpu T0 : 0x1200450bc    : bis        r31,r16,r9      : IntAlu :  D=0x000000000000137f
30247000: system.cpu T0 : 0x1200450c0    : beq        r16,0x1200451b8 : IntAlu : 
30250000: system.cpu T0 : 0x1200450c4    : excb                       : No_OpClass : 
30253000: system.cpu T0 : 0x1200450c8    : mf_fpcr    f106,f10        : FloatAdd :  D=0x0000000000000000
30254000: system.cpu T0 : 0x1200450cc    : ftoit      f10,r2          : FloatCvt :  D=0x0000000000000000
30254000: system.cpu T0 : 0x1200450d0    : lda        r1,-3(r31)      : IntAlu :  D=0xfffffffffffffffd
30255000: system.cpu T0 : 0x1200450d4    : sll        r1,58,r1        : IntAlu :  D=0xf400000000000000
30256000: system.cpu T0 : 0x1200450d8    : lda        r1,-1(r1)       : IntAlu :  D=0xf3ffffffffffffff
30257000: system.cpu T0 : 0x1200450dc    : and        r2,r1,r2        : IntAlu :  D=0x0000000000000000
30257000: system.cpu T0 : 0x1200450e0    : lda        r1,3072(r31)    : IntAlu :  D=0x0000000000000c00
30258000: system.cpu T0 : 0x1200450e4    : and        r16,r1,r3       : IntAlu :  D=0x0000000000000000
30259000: system.cpu T0 : 0x1200450e8    : lda        r1,-1024(r3)    : IntAlu :  D=0xfffffffffffffc00
30260000: system.cpu T0 : 0x1200450ec    : beq        r1,0x12004510c  : IntAlu : 
30260000: system.cpu T0 : 0x1200450f0    : lda        r1,-2048(r3)    : IntAlu :  D=0xfffffffffffff800
30261000: system.cpu T0 : 0x1200450f4    : beq        r1,0x12004511c  : IntAlu : 
30262000: system.cpu T0 : 0x1200450f8    : bne        r3,0x120045128  : IntAlu : 
30262000: system.cpu T0 : 0x1200450fc    : lda        r1,1(r31)       : IntAlu :  D=0x0000000000000001
30682000: system.cpu T0 : 0x120045100    : sll        r1,59,r1        : IntAlu :  D=0x0800000000000000
30683000: system.cpu T0 : 0x120045104    : bis        r2,r1,r2        : IntAlu :  D=0x0800000000000000
30683000: system.cpu T0 : 0x120045108    : br         0x120045128     : IntAlu : 
30686000: system.cpu T0 : 0x120045128    : itoft      r2,f10          : FloatCvt :  D=0x0800000000000000
30689000: system.cpu T0 : 0x12004512c    : mt_fpcr    f10,f106        : FloatAdd :  D=0x0800000000000000
30692000: system.cpu T0 : 0x120045130    : excb                       : No_OpClass : 
30692000: system.cpu T0 : 0x120045134    : nop        (ldq_u      r31,0(r30)) : No_OpClass : 
30692000: system.cpu T0 : 0x120045138    : bsr        r26,0x120062bf8 : IntAlu :  D=0x000000012004513c
31120000: system.cpu T0 : 0x120062bf8    : lda        r30,-16(r30)    : IntAlu :  D=0x000000011ff91ce0
31121000: system.cpu T0 : 0x120062bfc    : bis        r31,r30,r17     : IntAlu :  D=0x000000011ff91ce0
31129000: system.cpu T0 : 0x120062c00    : lda        r16,45(r31)     : IntAlu :  D=0x000000000000002d
31129000: system.cpu T0 : 0x120062c04    : lda        r0,256(r31)     : IntAlu :  D=0x0000000000000100
31130000: system.cpu T0 : 0x120062c08    : call_pal   callsys         : IntAlu : 
31136000: system.cpu T0 : 0x120062c0c    : bne        r19,0x120062c1c : IntAlu : 
31137000: system.cpu T0 : 0x120062c10    : ldq        r0,0(r30)       : MemRead :  D=0x0000000000000000 A=0x11ff91ce0
31137000: system.cpu T0 : 0x120062c14    : lda        r30,16(r30)     : IntAlu :  D=0x000000011ff91cf0
31137000: system.cpu T0 : 0x120062c18    : ret        (r26)           : IntAlu : 
31139000: system.cpu T0 : 0x12004513c    : nop        (ldq_u      r31,0(r30)) : No_OpClass : 
31140000: system.cpu T0 : 0x120045140    : nop        (ldq_u      r31,0(r30)) : No_OpClass : 
31140000: system.cpu T0 : 0x120045144    : bic        r0,126,r0       : IntAlu :  D=0x0000000000000000
31141000: system.cpu T0 : 0x120045148    : bis        r0,2,r1         : IntAlu :  D=0x0000000000000002
31142000: system.cpu T0 : 0x12004514c    : cmovlbc    r9,r1,r0        : IntAlu :  D=0x0000000000000000
31142000: system.cpu T0 : 0x120045150    : and        r9,2,r1         : IntAlu :  D=0x0000000000000002
31143000: system.cpu T0 : 0x120045154    : zapnot     r1,15,r1        : IntAlu :  D=0x0000000000000002
31143000: system.cpu T0 : 0x120045158    : bis        r0,16,r2        : IntAlu :  D=0x0000000000000010
31144000: system.cpu T0 : 0x12004515c    : cmoveq     r1,r2,r0        : IntAlu :  D=0x0000000000000000
31144000: system.cpu T0 : 0x120045160    : and        r9,4,r1         : IntAlu :  D=0x0000000000000004
31145000: system.cpu T0 : 0x120045164    : zapnot     r1,15,r1        : IntAlu :  D=0x0000000000000004
31145000: system.cpu T0 : 0x120045168    : bis        r0,4,r2         : IntAlu :  D=0x0000000000000004
31146000: system.cpu T0 : 0x12004516c    : cmoveq     r1,r2,r0        : IntAlu :  D=0x0000000000000000
31146000: system.cpu T0 : 0x120045170    : and        r9,8,r1         : IntAlu :  D=0x0000000000000008
31147000: system.cpu T0 : 0x120045174    : zapnot     r1,15,r1        : IntAlu :  D=0x0000000000000008
31147000: system.cpu T0 : 0x120045178    : bis        r0,8,r2         : IntAlu :  D=0x0000000000000008
31148000: system.cpu T0 : 0x12004517c    : cmoveq     r1,r2,r0        : IntAlu :  D=0x0000000000000000
31569000: system.cpu T0 : 0x120045180    : and        r9,32,r2        : IntAlu :  D=0x0000000000000020
31570000: system.cpu T0 : 0x120045184    : zapnot     r2,15,r2        : IntAlu :  D=0x0000000000000020
31570000: system.cpu T0 : 0x120045188    : bis        r0,32,r16       : IntAlu :  D=0x0000000000000020
31570000: system.cpu T0 : 0x12004518c    : lda        r1,-29888(r29)  : IntAlu :  D=0x00000001200c1368
31570000: system.cpu T0 : 0x120045190    : stl        r9,0(r1)        : MemWrite :  D=0x000000000000137f A=0x1200c1368
31571000: system.cpu T0 : 0x120045194    : cmovne     r2,r0,r16       : IntAlu :  D=0x0000000000000000
31571000: system.cpu T0 : 0x120045198    : nop        (ldq_u      r31,0(r30)) : No_OpClass : 
31571000: system.cpu T0 : 0x12004519c    : bsr        r26,0x120062c38 : IntAlu :  D=0x00000001200451a0
31573000: system.cpu T0 : 0x120062c38    : lda        r30,-16(r30)    : IntAlu :  D=0x000000011ff91ce0
31573000: system.cpu T0 : 0x120062c3c    : stq        r16,0(r30)      : MemWrite :  D=0x0000000000000000 A=0x11ff91ce0
31996000: system.cpu T0 : 0x120062c40    : bis        r31,r30,r17     : IntAlu :  D=0x000000011ff91ce0
31996000: system.cpu T0 : 0x120062c44    : lda        r16,14(r31)     : IntAlu :  D=0x000000000000000e
31996000: system.cpu T0 : 0x120062c48    : lda        r0,257(r31)     : IntAlu :  D=0x0000000000000101
31997000: system.cpu T0 : 0x120062c4c    : call_pal   callsys         : IntAlu : 
32003000: system.cpu T0 : 0x120062c50    : bne        r19,0x120062c5c : IntAlu : 
32003000: system.cpu T0 : 0x120062c54    : lda        r30,16(r30)     : IntAlu :  D=0x000000011ff91cf0
32004000: system.cpu T0 : 0x120062c58    : ret        (r26)           : IntAlu : 
32006000: system.cpu T0 : 0x1200451a0    : nop        (ldq_u      r31,0(r30)) : No_OpClass : 
32006000: system.cpu T0 : 0x1200451a4    : nop        (ldq_u      r31,0(r30)) : No_OpClass : 
32007000: system.cpu T0 : 0x1200451a8    : ldq        r26,0(r30)      : MemRead :  D=0x0000000120034248 A=0x11ff91cf0
32008000: system.cpu T0 : 0x1200451ac    : ldq        r9,8(r30)       : MemRead :  D=0x0000000000000002 A=0x11ff91cf8
32008000: system.cpu T0 : 0x1200451b0    : lda        r30,16(r30)     : IntAlu :  D=0x000000011ff91d00
32009000: system.cpu T0 : 0x1200451b4    : ret        (r26)           : IntAlu : 
32439000: system.cpu T0 : 0x120034248    : nop        (ldq_u      r31,0(r30)) : No_OpClass : 
32439000: system.cpu T0 : 0x12003424c    : nop        (ldq_u      r31,0(r30)) : No_OpClass : 
32439000: system.cpu T0 : 0x120034250    : br         0x1200341c4     : IntAlu : 
32887000: system.cpu T0 : 0x1200341c4    : ldq        r1,-32752(r29)  : MemRead :  D=0x00000001200c1aa0 A=0x1200c0838
32888000: system.cpu T0 : 0x1200341c8    : stl        r9,0(r1)        : MemWrite :  D=0x0000000000000002 A=0x1200c1aa0
33325000: system.cpu T0 : 0x1200341cc    : ldq        r1,-30360(r29)  : MemRead :  D=0x00000001200c1aa8 A=0x1200c1190
33326000: system.cpu T0 : 0x1200341d0    : stq        r10,0(r1)       : MemWrite :  D=0x000000011ff92008 A=0x1200c1aa8
33326000: system.cpu T0 : 0x1200341d4    : lda        r1,-29608(r29)  : IntAlu :  D=0x00000001200c1480
33326000: system.cpu T0 : 0x1200341d8    : stq        r11,0(r1)       : MemWrite :  D=0x000000011ff92020 A=0x1200c1480
33326000: system.cpu T0 : 0x1200341dc    : nop        (ldq_u      r31,0(r30)) : No_OpClass : 
33327000: system.cpu T0 : 0x1200341e0    : bsr        r26,0x1200340c4 : IntAlu :  D=0x00000001200341e4
33327000: system.cpu T0 : 0x1200340c4    : lda        r30,-16(r30)    : IntAlu :  D=0x000000011ff91cf0
33327000: system.cpu T0 : 0x1200340c8    : stq        r26,0(r30)      : MemWrite :  D=0x00000001200341e4 A=0x11ff91cf0
33327000: system.cpu T0 : 0x1200340cc    : stq        r9,8(r30)       : MemWrite :  D=0x0000000000000002 A=0x11ff91cf8
33767000: system.cpu T0 : 0x1200340d0    : ldq        r1,-31680(r29)  : MemRead :  D=0x00000001200c1a98 A=0x1200c0c68
33770000: system.cpu T0 : 0x1200340d4    : ldl        r1,0(r1)        : MemRead :  D=0x0000000000000001 A=0x1200c1a98
33772000: system.cpu T0 : 0x1200340d8    : bne        r1,0x120034154  : IntAlu : 
34199000: system.cpu T0 : 0x120034154    : ldq        r26,0(r30)      : MemRead :  D=0x00000001200341e4 A=0x11ff91cf0
34200000: system.cpu T0 : 0x120034158    : ldq        r9,8(r30)       : MemRead :  D=0x0000000000000002 A=0x11ff91cf8
34200000: system.cpu T0 : 0x12003415c    : lda        r30,16(r30)     : IntAlu :  D=0x000000011ff91d00
34201000: system.cpu T0 : 0x120034160    : ret        (r26)           : IntAlu : 
34201000: system.cpu T0 : 0x1200341e4    : nop        (ldq_u      r31,0(r30)) : No_OpClass : 
34201000: system.cpu T0 : 0x1200341e8    : nop        (ldq_u      r31,0(r30)) : No_OpClass : 
34201000: system.cpu T0 : 0x1200341ec    : nop        (ldq_u      r31,0(r30)) : No_OpClass : 
34202000: system.cpu T0 : 0x1200341f0    : bsr        r26,0x120033950 : IntAlu :  D=0x00000001200341f4
34625000: system.cpu T0 : 0x120033950    : lda        r30,-64(r30)    : IntAlu :  D=0x000000011ff91cc0
34625000: system.cpu T0 : 0x120033954    : stq        r26,0(r30)      : MemWrite :  D=0x00000001200341f4 A=0x11ff91cc0
34625000: system.cpu T0 : 0x120033958    : stq        r9,8(r30)       : MemWrite :  D=0x0000000000000002 A=0x11ff91cc8
34625000: system.cpu T0 : 0x12003395c    : stq        r10,16(r30)     : MemWrite :  D=0x000000011ff92008 A=0x11ff91cd0
34626000: system.cpu T0 : 0x120033960    : stq        r11,24(r30)     : MemWrite :  D=0x000000011ff92020 A=0x11ff91cd8
34626000: system.cpu T0 : 0x120033964    : stq        r12,32(r30)     : MemWrite :  D=0x000000012001e450 A=0x11ff91ce0
34626000: system.cpu T0 : 0x120033968    : rpcc       r31,r1          : IntAlu :  D=0x0000000002105200
34627000: system.cpu T0 : 0x12003396c    : srl        r1,32,r2        : IntAlu :  D=0x0000000000000000
34628000: system.cpu T0 : 0x120033970    : subq       r1,r2,r1        : IntAlu :  D=0x0000000002105200
35056000: system.cpu T0 : 0x120033974    : ldq        r2,-31976(r29)  : MemRead :  D=0x00000001200c1a10 A=0x1200c0b40
35057000: system.cpu T0 : 0x120033978    : stl        r1,0(r2)        : MemWrite :  D=0x0000000002105200 A=0x1200c1a10
35499000: system.cpu T0 : 0x12003397c    : ldq        r1,-30216(r29)  : MemRead :  D=0x00000001200c1a90 A=0x1200c1220
35502000: system.cpu T0 : 0x120033980    : ldq        r1,0(r1)        : MemRead :  D=0x0000000000002000 A=0x1200c1a90
35504000: system.cpu T0 : 0x120033984    : bne        r1,0x1200339a0  : IntAlu : 
35507000: system.cpu T0 : 0x1200339a0    : ldah       r16,-3(r29)     : IntAlu :  D=0x0000000120098828
35508000: system.cpu T0 : 0x1200339a4    : lda        r16,-25540(r16) : IntAlu :  D=0x0000000120092464
35508000: system.cpu T0 : 0x1200339a8    : nop        (ldq_u      r31,0(r30)) : No_OpClass : 
35508000: system.cpu T0 : 0x1200339ac    : bsr        r26,0x1200459dc : IntAlu :  D=0x00000001200339b0
35932000: system.cpu T0 : 0x1200459dc    : lda        r30,-48(r30)    : IntAlu :  D=0x000000011ff91c90
35932000: system.cpu T0 : 0x1200459e0    : stq        r26,0(r30)      : MemWrite :  D=0x00000001200339b0 A=0x11ff91c90
35932000: system.cpu T0 : 0x1200459e4    : stq        r9,8(r30)       : MemWrite :  D=0x0000000000000002 A=0x11ff91c98
35932000: system.cpu T0 : 0x1200459e8    : stq        r10,16(r30)     : MemWrite :  D=0x000000011ff92008 A=0x11ff91ca0
35933000: system.cpu T0 : 0x1200459ec    : stq        r11,24(r30)     : MemWrite :  D=0x000000011ff92020 A=0x11ff91ca8
35933000: system.cpu T0 : 0x1200459f0    : stq        r12,32(r30)     : MemWrite :  D=0x000000012001e450 A=0x11ff91cb0
35933000: system.cpu T0 : 0x1200459f4    : stq        r13,40(r30)     : MemWrite :  D=0x000000012001e4c0 A=0x11ff91cb8
35933000: system.cpu T0 : 0x1200459f8    : bis        r31,r16,r9      : IntAlu :  D=0x0000000120092464
35934000: system.cpu T0 : 0x1200459fc    : nop        (ldq_u      r31,0(r30)) : No_OpClass : 
36357000: system.cpu T0 : 0x120045a00    : bsr        r26,strlen      : IntAlu :  D=0x0000000120045a04
37225000: system.cpu T0 : 0x12002de60    : ldq_u      r1,0(r16)       : MemRead :  D=0x575f444c00000052 A=0x120092460
37225000: system.cpu T0 : 0x12002de64    : lda        r2,-1(r31)      : IntAlu :  D=0xffffffffffffffff
37225000: system.cpu T0 : 0x12002de68    : insqh      r2,r16,r2       : IntAlu :  D=0x00000000ffffffff
37225000: system.cpu T0 : 0x12002de6c    : bic        r16,7,r0        : IntAlu :  D=0x0000000120092460
37227000: system.cpu T0 : 0x12002de70    : bis        r2,r1,r1        : IntAlu :  D=0x575f444cffffffff
37228000: system.cpu T0 : 0x12002de74    : cmpbge     r31,r1,r2       : IntAlu :  D=0x0000000000000000
37228000: system.cpu T0 : 0x12002de78    : nop        (bis        r31,r31,r31) : No_OpClass : 
37229000: system.cpu T0 : 0x12002de7c    : bne        r2,0x12002de90  : IntAlu : 
37230000: system.cpu T0 : 0x12002de80    : ldq        r1,8(r0)        : MemRead :  D=0x4c5f444c004e5241 A=0x120092468
37230000: system.cpu T0 : 0x12002de84    : addq       r0,8,r0         : IntAlu :  D=0x0000000120092468
37232000: system.cpu T0 : 0x12002de88    : cmpbge     r31,r1,r2       : IntAlu :  D=0x0000000000000008
37233000: system.cpu T0 : 0x12002de8c    : beq        r2,0x12002de80  : IntAlu : 
37233000: system.cpu T0 : 0x12002de90    : cttz       r2,r3           : IntAlu :  D=0x0000000000000003
37234000: system.cpu T0 : 0x12002de94    : addq       r0,r3,r0        : IntAlu :  D=0x000000012009246b
37235000: system.cpu T0 : 0x12002de98    : subq       r0,r16,r0       : IntAlu :  D=0x0000000000000007
37235000: system.cpu T0 : 0x12002de9c    : ret        (r26)           : IntAlu : 
37236000: system.cpu T0 : 0x120045a04    : nop        (ldq_u      r31,0(r30)) : No_OpClass : 
37236000: system.cpu T0 : 0x120045a08    : nop        (ldq_u      r31,0(r30)) : No_OpClass : 
37236000: system.cpu T0 : 0x120045a0c    : lda        r1,-29608(r29)  : IntAlu :  D=0x00000001200c1480
37250000: system.cpu T0 : 0x120045a10    : ldq        r10,0(r1)       : MemRead :  D=0x000000011ff92020 A=0x1200c1480
37252000: system.cpu T0 : 0x120045a14    : beq        r10,0x120045b18 : IntAlu : 
37253000: system.cpu T0 : 0x120045a18    : ldbu       r1,0(r9)        : MemRead :  D=0x000000000000004c A=0x120092464
37255000: system.cpu T0 : 0x120045a1c    : beq        r1,0x120045b18  : IntAlu : 
37256000: system.cpu T0 : 0x120045a20    : ldbu       r1,1(r9)        : MemRead :  D=0x0000000000000044 A=0x120092465
37258000: system.cpu T0 : 0x120045a24    : bne        r1,0x120045a90  : IntAlu : 
37692000: system.cpu T0 : 0x120045a90    : ldbu       r1,1(r9)        : MemRead :  D=0x0000000000000044 A=0x120092465
37694000: system.cpu T0 : 0x120045a94    : sll        r1,8,r1         : IntAlu :  D=0x0000000000004400
37695000: system.cpu T0 : 0x120045a98    : ldbu       r2,0(r9)        : MemRead :  D=0x000000000000004c A=0x120092464
37697000: system.cpu T0 : 0x120045a9c    : bis        r1,r2,r1        : IntAlu :  D=0x000000000000444c
37698000: system.cpu T0 : 0x120045aa0    : sextw      r1,r11          : IntAlu :  D=0x000000000000444c
37698000: system.cpu T0 : 0x120045aa4    : lda        r12,-2(r0)      : IntAlu :  D=0x0000000000000005
37698000: system.cpu T0 : 0x120045aa8    : lda        r13,2(r9)       : IntAlu :  D=0x0000000120092466
38128000: system.cpu T0 : 0x120045aac    : ldq        r9,0(r10)       : MemRead :  D=0x0000000000000000 A=0x11ff92020
38130000: system.cpu T0 : 0x120045ab0    : beq        r9,0x120045b18  : IntAlu : 
38560000: system.cpu T0 : 0x120045b18    : bis        r31,r31,r0      : IntAlu :  D=0x0000000000000000
38561000: system.cpu T0 : 0x120045b1c    : ldq        r26,0(r30)      : MemRead :  D=0x00000001200339b0 A=0x11ff91c90
38562000: system.cpu T0 : 0x120045b20    : ldq        r9,8(r30)       : MemRead :  D=0x0000000000000002 A=0x11ff91c98
38562000: system.cpu T0 : 0x120045b24    : ldq        r10,16(r30)     : MemRead :  D=0x000000011ff92008 A=0x11ff91ca0
38562000: system.cpu T0 : 0x120045b28    : ldq        r11,24(r30)     : MemRead :  D=0x000000011ff92020 A=0x11ff91ca8
38563000: system.cpu T0 : 0x120045b2c    : ldq        r12,32(r30)     : MemRead :  D=0x000000012001e450 A=0x11ff91cb0
38563000: system.cpu T0 : 0x120045b30    : ldq        r13,40(r30)     : MemRead :  D=0x000000012001e4c0 A=0x11ff91cb8
38563000: system.cpu T0 : 0x120045b34    : lda        r30,48(r30)     : IntAlu :  D=0x000000011ff91cc0
38563000: system.cpu T0 : 0x120045b38    : ret        (r26)           : IntAlu : 
38994000: system.cpu T0 : 0x1200339b0    : nop        (ldq_u      r31,0(r30)) : No_OpClass : 
38994000: system.cpu T0 : 0x1200339b4    : nop        (ldq_u      r31,0(r30)) : No_OpClass : 
38994000: system.cpu T0 : 0x1200339b8    : ldah       r1,-2(r29)      : IntAlu :  D=0x00000001200a8828
38995000: system.cpu T0 : 0x1200339bc    : lda        r1,-25419(r1)   : IntAlu :  D=0x00000001200a24dd
39003000: system.cpu T0 : 0x1200339c0    : cmovne     r0,r0,r1        : IntAlu :  D=0x00000001200a24dd
39004000: system.cpu T0 : 0x1200339c4    : ldbu       r1,0(r1)        : MemRead :  A=0x1200a24dd
39433000: system.cpu T0 : 0x1200339c4    : ldbu       r1,0(r1)        : MemRead :  D=0x0000000000000000 A=0x1200a24dd
39435000: system.cpu T0 : 0x1200339c8    : cmpult     r31,r1,r1       : IntAlu :  D=0x0000000000000000
39859000: system.cpu T0 : 0x1200339cc    : ldq        r2,-30568(r29)  : MemRead :  D=0x00000001200c1a58 A=0x1200c10c0
39860000: system.cpu T0 : 0x1200339d0    : stl        r1,0(r2)        : MemWrite :  D=0x0000000000000000 A=0x1200c1a58
39860000: system.cpu T0 : 0x1200339d4    : ldah       r16,-3(r29)     : IntAlu :  D=0x0000000120098828
39860000: system.cpu T0 : 0x1200339d8    : lda        r16,-25532(r16) : IntAlu :  D=0x000000012009246c
39860000: system.cpu T0 : 0x1200339dc    : nop        (ldq_u      r31,0(r30)) : No_OpClass : 
39861000: system.cpu T0 : 0x1200339e0    : bsr        r26,0x1200459dc : IntAlu :  D=0x00000001200339e4
39861000: system.cpu T0 : 0x1200459dc    : lda        r30,-48(r30)    : IntAlu :  D=0x000000011ff91c90
39861000: system.cpu T0 : 0x1200459e0    : stq        r26,0(r30)      : MemWrite :  D=0x00000001200339e4 A=0x11ff91c90
39861000: system.cpu T0 : 0x1200459e4    : stq        r9,8(r30)       : MemWrite :  D=0x0000000000000002 A=0x11ff91c98
39862000: system.cpu T0 : 0x1200459e8    : stq        r10,16(r30)     : MemWrite :  D=0x000000011ff92008 A=0x11ff91ca0
39862000: system.cpu T0 : 0x1200459ec    : stq        r11,24(r30)     : MemWrite :  D=0x000000011ff92020 A=0x11ff91ca8
39862000: system.cpu T0 : 0x1200459f0    : stq        r12,32(r30)     : MemWrite :  D=0x000000012001e450 A=0x11ff91cb0
39862000: system.cpu T0 : 0x1200459f4    : stq        r13,40(r30)     : MemWrite :  D=0x000000012001e4c0 A=0x11ff91cb8
39863000: system.cpu T0 : 0x1200459f8    : bis        r31,r16,r9      : IntAlu :  D=0x000000012009246c
39863000: system.cpu T0 : 0x1200459fc    : nop        (ldq_u      r31,0(r30)) : No_OpClass : 
39864000: system.cpu T0 : 0x120045a00    : bsr        r26,strlen      : IntAlu :  D=0x0000000120045a04
39883000: system.cpu T0 : 0x12002de60    : ldq_u      r1,0(r16)       : MemRead :  D=0x4c5f444c004e5241 A=0x120092468
39883000: system.cpu T0 : 0x12002de64    : lda        r2,-1(r31)      : IntAlu :  D=0xffffffffffffffff
39883000: system.cpu T0 : 0x12002de68    : insqh      r2,r16,r2       : IntAlu :  D=0x00000000ffffffff
39883000: system.cpu T0 : 0x12002de6c    : bic        r16,7,r0        : IntAlu :  D=0x0000000120092468
39885000: system.cpu T0 : 0x12002de70    : bis        r2,r1,r1        : IntAlu :  D=0x4c5f444cffffffff
39886000: system.cpu T0 : 0x12002de74    : cmpbge     r31,r1,r2       : IntAlu :  D=0x0000000000000000
39886000: system.cpu T0 : 0x12002de78    : nop        (bis        r31,r31,r31) : No_OpClass : 
39887000: system.cpu T0 : 0x12002de7c    : bne        r2,0x12002de90  : IntAlu : 
40307000: system.cpu T0 : 0x12002de80    : ldq        r1,8(r0)        : MemRead :  D=0x505f595241524249 A=0x120092470
40307000: system.cpu T0 : 0x12002de84    : addq       r0,8,r0         : IntAlu :  D=0x0000000120092470
40309000: system.cpu T0 : 0x12002de88    : cmpbge     r31,r1,r2       : IntAlu :  D=0x0000000000000000
40310000: system.cpu T0 : 0x12002de8c    : beq        r2,0x12002de80  : IntAlu : 
40314000: system.cpu T0 : 0x12002de80    : ldq        r1,8(r0)        : MemRead :  D=0x425f444c00485441 A=0x120092478
40314000: system.cpu T0 : 0x12002de84    : addq       r0,8,r0         : IntAlu :  D=0x0000000120092478
40316000: system.cpu T0 : 0x12002de88    : cmpbge     r31,r1,r2       : IntAlu :  D=0x0000000000000008
40317000: system.cpu T0 : 0x12002de8c    : beq        r2,0x12002de80  : IntAlu : 
40320000: system.cpu T0 : 0x12002de90    : cttz       r2,r3           : IntAlu :  D=0x0000000000000003
40321000: system.cpu T0 : 0x12002de94    : addq       r0,r3,r0        : IntAlu :  D=0x000000012009247b
40322000: system.cpu T0 : 0x12002de98    : subq       r0,r16,r0       : IntAlu :  D=0x000000000000000f
40322000: system.cpu T0 : 0x12002de9c    : ret        (r26)           : IntAlu : 
40322000: system.cpu T0 : 0x120045a04    : nop        (ldq_u      r31,0(r30)) : No_OpClass : 
40322000: system.cpu T0 : 0x120045a08    : nop        (ldq_u      r31,0(r30)) : No_OpClass : 
40323000: system.cpu T0 : 0x120045a0c    : lda        r1,-29608(r29)  : IntAlu :  D=0x00000001200c1480
40325000: system.cpu T0 : 0x120045a10    : ldq        r10,0(r1)       : MemRead :  D=0x000000011ff92020 A=0x1200c1480
40327000: system.cpu T0 : 0x120045a14    : beq        r10,0x120045b18 : IntAlu : 
40328000: system.cpu T0 : 0x120045a18    : ldbu       r1,0(r9)        : MemRead :  D=0x000000000000004c A=0x12009246c
40330000: system.cpu T0 : 0x120045a1c    : beq        r1,0x120045b18  : IntAlu : 
40331000: system.cpu T0 : 0x120045a20    : ldbu       r1,1(r9)        : MemRead :  D=0x0000000000000044 A=0x12009246d
40333000: system.cpu T0 : 0x120045a24    : bne        r1,0x120045a90  : IntAlu : 
40342000: system.cpu T0 : 0x120045a90    : ldbu       r1,1(r9)        : MemRead :  D=0x0000000000000044 A=0x12009246d
40344000: system.cpu T0 : 0x120045a94    : sll        r1,8,r1         : IntAlu :  D=0x0000000000004400
40345000: system.cpu T0 : 0x120045a98    : ldbu       r2,0(r9)        : MemRead :  D=0x000000000000004c A=0x12009246c
40347000: system.cpu T0 : 0x120045a9c    : bis        r1,r2,r1        : IntAlu :  D=0x000000000000444c
40348000: system.cpu T0 : 0x120045aa0    : sextw      r1,r11          : IntAlu :  D=0x000000000000444c
40348000: system.cpu T0 : 0x120045aa4    : lda        r12,-2(r0)      : IntAlu :  D=0x000000000000000d
40348000: system.cpu T0 : 0x120045aa8    : lda        r13,2(r9)       : IntAlu :  D=0x000000012009246e
40349000: system.cpu T0 : 0x120045aac    : ldq        r9,0(r10)       : MemRead :  D=0x0000000000000000 A=0x11ff92020
40351000: system.cpu T0 : 0x120045ab0    : beq        r9,0x120045b18  : IntAlu : 
40354000: system.cpu T0 : 0x120045b18    : bis        r31,r31,r0      : IntAlu :  D=0x0000000000000000
40355000: system.cpu T0 : 0x120045b1c    : ldq        r26,0(r30)      : MemRead :  D=0x00000001200339e4 A=0x11ff91c90
40356000: system.cpu T0 : 0x120045b20    : ldq        r9,8(r30)       : MemRead :  D=0x0000000000000002 A=0x11ff91c98
40356000: system.cpu T0 : 0x120045b24    : ldq        r10,16(r30)     : MemRead :  D=0x000000011ff92008 A=0x11ff91ca0
40356000: system.cpu T0 : 0x120045b28    : ldq        r11,24(r30)     : MemRead :  D=0x000000011ff92020 A=0x11ff91ca8
40357000: system.cpu T0 : 0x120045b2c    : ldq        r12,32(r30)     : MemRead :  D=0x000000012001e450 A=0x11ff91cb0
40357000: system.cpu T0 : 0x120045b30    : ldq        r13,40(r30)     : MemRead :  D=0x000000012001e4c0 A=0x11ff91cb8
40357000: system.cpu T0 : 0x120045b34    : lda        r30,48(r30)     : IntAlu :  D=0x000000011ff91cc0
40357000: system.cpu T0 : 0x120045b38    : ret        (r26)           : IntAlu : 
40359000: system.cpu T0 : 0x1200339e4    : nop        (ldq_u      r31,0(r30)) : No_OpClass : 
40359000: system.cpu T0 : 0x1200339e8    : nop        (ldq_u      r31,0(r30)) : No_OpClass : 
40359000: system.cpu T0 : 0x1200339ec    : bis        r31,r0,r16      : IntAlu :  D=0x0000000000000000
40359000: system.cpu T0 : 0x1200339f0    : nop        (ldq_u      r31,0(r30)) : No_OpClass : 
40360000: system.cpu T0 : 0x1200339f4    : bsr        r26,0x120065c78 : IntAlu :  D=0x00000001200339f8
40792000: system.cpu T0 : 0x120065c78    : lda        r30,-48(r30)    : IntAlu :  D=0x000000011ff91c90
40792000: system.cpu T0 : 0x120065c7c    : stq        r26,0(r30)      : MemWrite :  D=0x00000001200339f8 A=0x11ff91c90
40801000: system.cpu T0 : 0x120065c80    : stq        r9,8(r30)       : MemWrite :  D=0x0000000000000002 A=0x11ff91c98
40801000: system.cpu T0 : 0x120065c84    : stq        r10,16(r30)     : MemWrite :  D=0x000000011ff92008 A=0x11ff91ca0
40801000: system.cpu T0 : 0x120065c88    : stq        r11,24(r30)     : MemWrite :  D=0x000000011ff92020 A=0x11ff91ca8
40801000: system.cpu T0 : 0x120065c8c    : stq        r15,32(r30)     : MemWrite :  D=0x0000000000000000 A=0x11ff91cb0
40802000: system.cpu T0 : 0x120065c90    : bis        r31,r30,r15     : IntAlu :  D=0x000000011ff91c90
40802000: system.cpu T0 : 0x120065c94    : bis        r31,r16,r11     : IntAlu :  D=0x0000000000000000
41225000: system.cpu T0 : 0x120065c98    : ldq        r1,-31720(r29)  : MemRead :  D=0x00000001200c1a18 A=0x1200c0c40
41245000: system.cpu T0 : 0x120065c9c    : ldq        r16,0(r1)       : MemRead :  D=0x0000000000000000 A=0x1200c1a18
41663000: system.cpu T0 : 0x120065ca0    : ldq        r1,-32288(r29)  : MemRead :  D=0x00000001200c19e8 A=0x1200c0a08
42097000: system.cpu T0 : 0x120065ca4    : ldq        r17,0(r1)       : MemRead :  D=0x0000000000000000 A=0x1200c19e8
42097000: system.cpu T0 : 0x120065ca8    : ldah       r18,-1(r29)     : IntAlu :  D=0x00000001200b8828
42097000: system.cpu T0 : 0x120065cac    : lda        r18,26112(r18)  : IntAlu :  D=0x00000001200bee28
42097000: system.cpu T0 : 0x120065cb0    : ldah       r19,-1(r29)     : IntAlu :  D=0x00000001200b8828
42098000: system.cpu T0 : 0x120065cb4    : lda        r19,26120(r19)  : IntAlu :  D=0x00000001200bee30
42098000: system.cpu T0 : 0x120065cb8    : nop        (ldq_u      r31,0(r30)) : No_OpClass : 
42098000: system.cpu T0 : 0x120065cbc    : bsr        r26,0x120033924 : IntAlu :  D=0x0000000120065cc0
42098000: system.cpu T0 : 0x120033924    : ldah       r0,0(r29)       : IntAlu :  D=0x00000001200c8828
42099000: system.cpu T0 : 0x120033928    : ldah       r1,0(r29)       : IntAlu :  D=0x00000001200c8828
42099000: system.cpu T0 : 0x12003392c    : lda        r1,-29568(r1)   : IntAlu :  D=0x00000001200c14a8
42100000: system.cpu T0 : 0x120033930    : stq        r1,-16304(r0)   : MemWrite :  D=0x00000001200c14a8 A=0x1200c4878
42106000: system.cpu T0 : 0x120033930    : stq        r1,-16304(r0)   : MemWrite :  D=0x00000001200c14a8 A=0x1200c4878
42106000: system.cpu T0 : 0x120033934    : lda        r0,-16304(r0)   : IntAlu :  D=0x00000001200c4878
42106000: system.cpu T0 : 0x120033938    : stq        r31,8(r0)       : MemWrite :  D=0x0000000000000000 A=0x1200c4880
42106000: system.cpu T0 : 0x12003393c    : lda        r1,1(r31)       : IntAlu :  D=0x0000000000000001
42516000: system.cpu T0 : 0x120033940    : stq        r1,0(r18)       : MemWrite :  D=0x0000000000000001 A=0x1200bee28
42516000: system.cpu T0 : 0x120033944    : ret        (r26)           : IntAlu : 
42519000: system.cpu T0 : 0x120065cc0    : nop        (ldq_u      r31,0(r30)) : No_OpClass : 
42519000: system.cpu T0 : 0x120065cc4    : nop        (ldq_u      r31,0(r30)) : No_OpClass : 
42519000: system.cpu T0 : 0x120065cc8    : ldah       r1,-1(r29)      : IntAlu :  D=0x00000001200b8828
42519000: system.cpu T0 : 0x120065ccc    : stq        r0,26104(r1)    : MemWrite :  D=0x00000001200c4878 A=0x1200bee20
42520000: system.cpu T0 : 0x120065cd0    : lda        r16,24(r31)     : IntAlu :  D=0x0000000000000018
42520000: system.cpu T0 : 0x120065cd4    : nop        (ldq_u      r31,0(r30)) : No_OpClass : 
42520000: system.cpu T0 : 0x120065cd8    : bsr        r26,0x12002ca14 : IntAlu :  D=0x0000000120065cdc
42951000: system.cpu T0 : 0x12002ca14    : lda        r30,-32(r30)    : IntAlu :  D=0x000000011ff91c70
42951000: system.cpu T0 : 0x12002ca18    : stq        r26,0(r30)      : MemWrite :  D=0x0000000120065cdc A=0x11ff91c70
42951000: system.cpu T0 : 0x12002ca1c    : stq        r9,8(r30)       : MemWrite :  D=0x0000000000000002 A=0x11ff91c78
42951000: system.cpu T0 : 0x12002ca20    : stq        r10,16(r30)     : MemWrite :  D=0x000000011ff92008 A=0x11ff91c80
42952000: system.cpu T0 : 0x12002ca24    : stq        r11,24(r30)     : MemWrite :  D=0x0000000000000000 A=0x11ff91c88
42952000: system.cpu T0 : 0x12002ca28    : bis        r31,r26,r17     : IntAlu :  D=0x0000000120065cdc
42952000: system.cpu T0 : 0x12002ca2c    : bis        r31,r16,r11     : IntAlu :  D=0x0000000000000018
42952000: system.cpu T0 : 0x12002ca30    : lda        r1,-30056(r29)  : IntAlu :  D=0x00000001200c12c0
43391000: system.cpu T0 : 0x12002ca34    : ldq        r27,0(r1)       : MemRead :  D=0x000000012002cc8c A=0x1200c12c0
43393000: system.cpu T0 : 0x12002ca38    : beq        r27,0x12002ca50 : IntAlu : 
43394000: system.cpu T0 : 0x12002ca3c    : jsr        r26,(r27)       : IntAlu :  D=0x000000012002ca40
43820000: system.cpu T0 : 0x12002cc8c    : ldah       r29,10(r27)     : IntAlu :  D=0x00000001200ccc8c
43821000: system.cpu T0 : 0x12002cc90    : lda        r29,-17508(r29) : IntAlu :  D=0x00000001200c8828
43821000: system.cpu T0 : 0x12002cc94    : lda        r30,-16(r30)    : IntAlu :  D=0x000000011ff91c60
43821000: system.cpu T0 : 0x12002cc98    : stq        r26,0(r30)      : MemWrite :  D=0x000000012002ca40 A=0x11ff91c60
43821000: system.cpu T0 : 0x12002cc9c    : stq        r9,8(r30)       : MemWrite :  D=0x0000000000000002 A=0x11ff91c68
43822000: system.cpu T0 : 0x12002cca0    : bis        r31,r16,r9      : IntAlu :  D=0x0000000000000018
43822000: system.cpu T0 : 0x12002cca4    : lda        r1,-30056(r29)  : IntAlu :  D=0x00000001200c12c0
43822000: system.cpu T0 : 0x12002cca8    : stq        r31,0(r1)       : MemWrite :  D=0x0000000000000000 A=0x1200c12c0
43822000: system.cpu T0 : 0x12002ccac    : bsr        r26,0x120028a74 : IntAlu :  D=0x000000012002ccb0
44252000: system.cpu T0 : 0x120028a74    : lda        r30,-96(r30)    : IntAlu :  D=0x000000011ff91c00
44252000: system.cpu T0 : 0x120028a78    : stq        r26,0(r30)      : MemWrite :  D=0x000000012002ccb0 A=0x11ff91c00
44252000: system.cpu T0 : 0x120028a7c    : stq        r9,8(r30)       : MemWrite :  D=0x0000000000000018 A=0x11ff91c08
44261000: system.cpu T0 : 0x120028a80    : stq        r10,16(r30)     : MemWrite :  D=0x000000011ff92008 A=0x11ff91c10
44261000: system.cpu T0 : 0x120028a84    : stq        r11,24(r30)     : MemWrite :  D=0x0000000000000018 A=0x11ff91c18
44261000: system.cpu T0 : 0x120028a88    : stq        r12,32(r30)     : MemWrite :  D=0x000000012001e450 A=0x11ff91c20
44261000: system.cpu T0 : 0x120028a8c    : stq        r13,40(r30)     : MemWrite :  D=0x000000012001e4c0 A=0x11ff91c28
44262000: system.cpu T0 : 0x120028a90    : stq        r14,48(r30)     : MemWrite :  D=0x0000000000000000 A=0x11ff91c30
44262000: system.cpu T0 : 0x120028a94    : stq        r15,56(r30)     : MemWrite :  D=0x000000011ff91c90 A=0x11ff91c38
44262000: system.cpu T0 : 0x120028a98    : ldah       r1,0(r29)       : IntAlu :  D=0x00000001200c8828
44264000: system.cpu T0 : 0x120028a9c    : ldl        r1,-30032(r1)   : MemRead :  D=0x00000000ffffffff A=0x1200c12d8
44266000: system.cpu T0 : 0x120028aa0    : bge        r1,0x120028ea0  : IntAlu : 
44266000: system.cpu T0 : 0x120028aa4    : ldah       r1,0(r29)       : IntAlu :  D=0x00000001200c8828
44266000: system.cpu T0 : 0x120028aa8    : stl        r31,-30032(r1)  : MemWrite :  D=0x0000000000000000 A=0x1200c12d8
44266000: system.cpu T0 : 0x120028aac    : ldah       r3,0(r29)       : IntAlu :  D=0x00000001200c8828
44267000: system.cpu T0 : 0x120028ab0    : lda        r9,-18808(r3)   : IntAlu :  D=0x00000001200c3eb0
44267000: system.cpu T0 : 0x120028ab4    : ldah       r2,2(r31)       : IntAlu :  D=0x0000000000020000
44268000: system.cpu T0 : 0x120028ab8    : stq        r2,8(r9)        : MemWrite :  D=0x0000000000020000 A=0x1200c3eb8
44268000: system.cpu T0 : 0x120028abc    : ldah       r1,1(r31)       : IntAlu :  D=0x0000000000010000
44688000: system.cpu T0 : 0x120028ac0    : stl        r1,28(r9)       : MemWrite :  D=0x0000000000010000 A=0x1200c3ecc
44688000: system.cpu T0 : 0x120028ac4    : stq        r2,16(r9)       : MemWrite :  D=0x0000000000020000 A=0x1200c3ec0
44688000: system.cpu T0 : 0x120028ac8    : stq        r2,-18808(r3)   : MemWrite :  D=0x0000000000020000 A=0x1200c3eb0
44688000: system.cpu T0 : 0x120028acc    : nop        (ldq_u      r31,0(r30)) : No_OpClass : 
44689000: system.cpu T0 : 0x120028ad0    : bsr        r26,0x120030930 : IntAlu :  D=0x0000000120028ad4
45537000: system.cpu T0 : 0x120030930    : ldq        r1,-30216(r29)  : MemRead :  D=0x00000001200c1a90 A=0x1200c1220
45966000: system.cpu T0 : 0x120030934    : ldq        r1,0(r1)        : MemRead :  D=0x0000000000002000 A=0x1200c1a90
45968000: system.cpu T0 : 0x120030938    : addl       r31,r1,r0       : IntAlu :  D=0x0000000000002000
45968000: system.cpu T0 : 0x12003093c    : lda        r2,8192(r31)    : IntAlu :  D=0x0000000000002000
45969000: system.cpu T0 : 0x120030940    : cmoveq     r1,r2,r0        : IntAlu :  D=0x0000000000002000
45969000: system.cpu T0 : 0x120030944    : ret        (r26)           : IntAlu : 
45969000: system.cpu T0 : 0x120028ad4    : nop        (ldq_u      r31,0(r30)) : No_OpClass : 
45969000: system.cpu T0 : 0x120028ad8    : nop        (ldq_u      r31,0(r30)) : No_OpClass : 
45970000: system.cpu T0 : 0x120028adc    : stl        r0,40(r9)       : MemWrite :  D=0x0000000000002000 A=0x1200c3ed8
45970000: system.cpu T0 : 0x120028ae0    : ldah       r2,0(r29)       : IntAlu :  D=0x00000001200c8828
45970000: system.cpu T0 : 0x120028ae4    : stl        r31,-20992(r2)  : MemWrite :  D=0x0000000000000000 A=0x1200c3628
45971000: system.cpu T0 : 0x120028ae8    : lda        r2,-20992(r2)   : IntAlu :  D=0x00000001200c3628
45972000: system.cpu T0 : 0x120028aec    : stq        r2,2160(r2)     : MemWrite :  D=0x00000001200c3628 A=0x1200c3e98
45972000: system.cpu T0 : 0x120028af0    : ldah       r1,0(r29)       : IntAlu :  D=0x00000001200c8828
45972000: system.cpu T0 : 0x120028af4    : stl        r31,-29668(r1)  : MemWrite :  D=0x0000000000000000 A=0x1200c1444
45972000: system.cpu T0 : 0x120028af8    : lda        r1,80(r31)      : IntAlu :  D=0x0000000000000050
45975000: system.cpu T0 : 0x120028afc    : call_pal   rduniq          : IntAlu :  D=0x000000012033a6b0
46398000: system.cpu T0 : 0x120028b00    : addq       r0,r1,r0        : IntAlu :  D=0x000000012033a700
46398000: system.cpu T0 : 0x120028b04    : stq        r2,0(r0)        : MemWrite :  D=0x00000001200c3628 A=0x12033a700
46398000: system.cpu T0 : 0x120028b08    : bis        r31,r31,r19     : IntAlu :  D=0x0000000000000000
46398000: system.cpu T0 : 0x120028b0c    : lda        r1,-30144(r29)  : IntAlu :  D=0x00000001200c1268
46399000: system.cpu T0 : 0x120028b10    : beq        r1,0x120028b1c  : IntAlu : 
46399000: system.cpu T0 : 0x120028b14    : lda        r1,-30144(r29)  : IntAlu :  D=0x00000001200c1268
46839000: system.cpu T0 : 0x120028b18    : ldq        r19,0(r1)       : MemRead :  D=0x0000000000000000 A=0x1200c1268
46839000: system.cpu T0 : 0x120028b1c    : ldah       r16,-10(r29)    : IntAlu :  D=0x0000000120028828
46839000: system.cpu T0 : 0x120028b20    : lda        r16,-1664(r16)  : IntAlu :  D=0x00000001200281a8
46839000: system.cpu T0 : 0x120028b24    : ldah       r17,-10(r29)    : IntAlu :  D=0x0000000120028828
46840000: system.cpu T0 : 0x120028b28    : lda        r17,-3264(r17)  : IntAlu :  D=0x0000000120027b68
46840000: system.cpu T0 : 0x120028b2c    : ldah       r18,-10(r29)    : IntAlu :  D=0x0000000120028828
46840000: system.cpu T0 : 0x120028b30    : lda        r18,-2976(r18)  : IntAlu :  D=0x0000000120027c88
46840000: system.cpu T0 : 0x120028b34    : nop        (ldq_u      r31,0(r30)) : No_OpClass : 
46841000: system.cpu T0 : 0x120028b38    : bsr        r26,0x120032030 : IntAlu :  D=0x0000000120028b3c
46851000: system.cpu T0 : 0x120032030    : lda        r30,-48(r30)    : IntAlu :  D=0x000000011ff91bd0
46851000: system.cpu T0 : 0x120032034    : stq        r26,0(r30)      : MemWrite :  D=0x0000000120028b3c A=0x11ff91bd0
46851000: system.cpu T0 : 0x120032038    : stq        r9,8(r30)       : MemWrite :  D=0x00000001200c3eb0 A=0x11ff91bd8
46851000: system.cpu T0 : 0x12003203c    : stq        r10,16(r30)     : MemWrite :  D=0x000000011ff92008 A=0x11ff91be0
46860000: system.cpu T0 : 0x120032040    : stq        r11,24(r30)     : MemWrite :  D=0x0000000000000018 A=0x11ff91be8
46860000: system.cpu T0 : 0x120032044    : stq        r12,32(r30)     : MemWrite :  D=0x000000012001e450 A=0x11ff91bf0
46860000: system.cpu T0 : 0x120032048    : stq        r13,40(r30)     : MemWrite :  D=0x000000012001e4c0 A=0x11ff91bf8
46860000: system.cpu T0 : 0x12003204c    : bis        r31,r16,r10     : IntAlu :  D=0x00000001200281a8
46861000: system.cpu T0 : 0x120032050    : bis        r31,r17,r11     : IntAlu :  D=0x0000000120027b68
46861000: system.cpu T0 : 0x120032054    : bis        r31,r18,r12     : IntAlu :  D=0x0000000120027c88
46861000: system.cpu T0 : 0x120032058    : bis        r31,r19,r13     : IntAlu :  D=0x0000000000000000
46861000: system.cpu T0 : 0x12003205c    : ldah       r1,0(r29)       : IntAlu :  D=0x00000001200c8828
47292000: system.cpu T0 : 0x120032060    : ldl_l      r2,-29576(r1)   : MemRead :  D=0x0000000000000000 A=0x1200c14a0
47294000: system.cpu T0 : 0x120032064    : cmpeq      r2,0,r3         : IntAlu :  D=0x0000000000000001
47295000: system.cpu T0 : 0x120032068    : beq        r3,0x12003207c  : IntAlu : 
47295000: system.cpu T0 : 0x12003206c    : bis        r31,1,r3        : IntAlu :  D=0x0000000000000001
47297000: system.cpu T0 : 0x120032070    : stl_c      r3,-29576(r1)   : MemWrite :  D=0x0000000000000001 A=0x1200c14a0
47300000: system.cpu T0 : 0x120032074    : beq        r3,0x120032060  : IntAlu : 
47300000: system.cpu T0 : 0x120032078    : mb                         : MemRead : 
47300000: system.cpu T0 : 0x12003207c    : addl       r31,r3,r1       : IntAlu :  D=0x0000000000000001
47301000: system.cpu T0 : 0x120032080    : bne        r1,0x12003209c  : IntAlu : 
47304000: system.cpu T0 : 0x12003209c    : ldah       r1,0(r29)       : IntAlu :  D=0x00000001200c8828
47305000: system.cpu T0 : 0x1200320a0    : lda        r0,-18616(r1)   : IntAlu :  D=0x00000001200c3f70
47305000: system.cpu T0 : 0x1200320a4    : bis        r31,r31,r5      : IntAlu :  D=0x0000000000000000
47306000: system.cpu T0 : 0x1200320a8    : bis        r31,r0,r3       : IntAlu :  D=0x00000001200c3f70
47306000: system.cpu T0 : 0x1200320ac    : bis        r31,r5,r2       : IntAlu :  D=0x0000000000000000
47307000: system.cpu T0 : 0x1200320b0    : addl       r31,r2,r4       : IntAlu :  D=0x0000000000000000
47741000: system.cpu T0 : 0x1200320b4    : ldl        r1,48(r3)       : MemRead :  D=0x0000000000000000 A=0x1200c3fa0
47743000: system.cpu T0 : 0x1200320b8    : beq        r1,0x120032108  : IntAlu : 
48173000: system.cpu T0 : 0x120032108    : zapnot     r4,15,r3        : IntAlu :  D=0x0000000000000000
48174000: system.cpu T0 : 0x12003210c    : s4subq     r3,r3,r1        : IntAlu :  D=0x0000000000000000
48175000: system.cpu T0 : 0x120032110    : sll        r1,4,r1         : IntAlu :  D=0x0000000000000000
48176000: system.cpu T0 : 0x120032114    : addq       r0,r1,r1        : IntAlu :  D=0x00000001200c3f70
48177000: system.cpu T0 : 0x120032118    : lda        r9,8(r1)        : IntAlu :  D=0x00000001200c3f78
48177000: system.cpu T0 : 0x12003211c    : lda        r1,32(r1)       : IntAlu :  D=0x00000001200c3f90
48177000: system.cpu T0 : 0x120032120    : lda        r2,1(r31)       : IntAlu :  D=0x0000000000000001
48178000: system.cpu T0 : 0x120032124    : stl        r2,16(r1)       : MemWrite :  D=0x0000000000000001 A=0x1200c3fa0
48178000: system.cpu T0 : 0x120032128    : stl        r31,20(r1)      : MemWrite :  D=0x0000000000000000 A=0x1200c3fa4
48178000: system.cpu T0 : 0x12003212c    : beq        r9,0x120032168  : IntAlu : 
48178000: system.cpu T0 : 0x120032130    : s4subq     r3,r3,r1        : IntAlu :  D=0x0000000000000000
48179000: system.cpu T0 : 0x120032134    : sll        r1,4,r2         : IntAlu :  D=0x0000000000000000
48180000: system.cpu T0 : 0x120032138    : addq       r0,r2,r2        : IntAlu :  D=0x00000001200c3f70
48180000: system.cpu T0 : 0x12003213c    : stq        r10,16(r2)      : MemWrite :  D=0x00000001200281a8 A=0x1200c3f80
48602000: system.cpu T0 : 0x120032140    : lda        r1,1(r1)        : IntAlu :  D=0x0000000000000001
48603000: system.cpu T0 : 0x120032144    : sll        r1,4,r1         : IntAlu :  D=0x0000000000000010
48604000: system.cpu T0 : 0x120032148    : addq       r0,r1,r1        : IntAlu :  D=0x00000001200c3f80
48604000: system.cpu T0 : 0x12003214c    : stq        r11,8(r1)       : MemWrite :  D=0x0000000120027b68 A=0x1200c3f88
48604000: system.cpu T0 : 0x120032150    : stq        r12,16(r1)      : MemWrite :  D=0x0000000120027c88 A=0x1200c3f90
48604000: system.cpu T0 : 0x120032154    : stq        r13,40(r2)      : MemWrite :  D=0x0000000000000000 A=0x1200c3f98
49028000: system.cpu T0 : 0x120032158    : ldq        r3,-30952(r29)  : MemRead :  D=0x00000001200c1b18 A=0x1200c0f40
49466000: system.cpu T0 : 0x12003215c    : ldq        r1,0(r3)        : MemRead :  D=0x0000000000000000 A=0x1200c1b18
49468000: system.cpu T0 : 0x120032160    : stq        r1,8(r2)        : MemWrite :  D=0x0000000000000000 A=0x1200c3f78
49468000: system.cpu T0 : 0x120032164    : stq        r9,0(r3)        : MemWrite :  D=0x00000001200c3f78 A=0x1200c1b18
49468000: system.cpu T0 : 0x120032168    : ldah       r1,0(r29)       : IntAlu :  D=0x00000001200c8828
49468000: system.cpu T0 : 0x12003216c    : mb                         : MemRead : 
49470000: system.cpu T0 : 0x120032170    : ldl_l      r3,-29576(r1)   : MemRead :  D=0x0000000000000001 A=0x1200c14a0
49470000: system.cpu T0 : 0x120032174    : bis        r31,0,r2        : IntAlu :  D=0x0000000000000000
49472000: system.cpu T0 : 0x120032178    : stl_c      r2,-29576(r1)   : MemWrite :  D=0x0000000000000001 A=0x1200c14a0
49475000: system.cpu T0 : 0x12003217c    : beq        r2,0x120032170  : IntAlu : 
49475000: system.cpu T0 : 0x120032180    : addl       r31,r3,r1       : IntAlu :  D=0x0000000000000001
49476000: system.cpu T0 : 0x120032184    : cmple      r1,1,r1         : IntAlu :  D=0x0000000000000001
49477000: system.cpu T0 : 0x120032188    : bne        r1,0x1200321a8  : IntAlu : 
49480000: system.cpu T0 : 0x1200321a8    : bis        r31,r31,r0      : IntAlu :  D=0x0000000000000000
49481000: system.cpu T0 : 0x1200321ac    : cmoveq     r9,12,r0        : IntAlu :  D=0x0000000000000000
49482000: system.cpu T0 : 0x1200321b0    : ldq        r26,0(r30)      : MemRead :  D=0x0000000120028b3c A=0x11ff91bd0
49483000: system.cpu T0 : 0x1200321b4    : ldq        r9,8(r30)       : MemRead :  D=0x00000001200c3eb0 A=0x11ff91bd8
49483000: system.cpu T0 : 0x1200321b8    : ldq        r10,16(r30)     : MemRead :  D=0x000000011ff92008 A=0x11ff91be0
49483000: system.cpu T0 : 0x1200321bc    : ldq        r11,24(r30)     : MemRead :  D=0x0000000000000018 A=0x11ff91be8
49908000: system.cpu T0 : 0x1200321c0    : ldq        r12,32(r30)     : MemRead :  D=0x000000012001e450 A=0x11ff91bf0
49909000: system.cpu T0 : 0x1200321c4    : ldq        r13,40(r30)     : MemRead :  D=0x000000012001e4c0 A=0x11ff91bf8
49909000: system.cpu T0 : 0x1200321c8    : lda        r30,48(r30)     : IntAlu :  D=0x000000011ff91c00
49909000: system.cpu T0 : 0x1200321cc    : ret        (r26)           : IntAlu : 
50332000: system.cpu T0 : 0x120028b3c    : nop        (ldq_u      r31,0(r30)) : No_OpClass : 
50341000: system.cpu T0 : 0x120028b40    : nop        (ldq_u      r31,0(r30)) : No_OpClass : 
50764000: system.cpu T0 : 0x120028b44    : ldq        r1,-31792(r29)  : MemRead :  D=0x00000001200be600 A=0x1200c0bf8
51193000: system.cpu T0 : 0x120028b48    : ldl        r12,0(r1)       : MemRead :  D=0x0000000000000000 A=0x1200be600
51193000: system.cpu T0 : 0x120028b4c    : lda        r1,-29608(r29)  : IntAlu :  D=0x00000001200c1480
51193000: system.cpu T0 : 0x120028b50    : ldq        r9,0(r1)        : MemRead :  D=0x000000011ff92020 A=0x1200c1480
51193000: system.cpu T0 : 0x120028b54    : beq        r9,0x120028e7c  : IntAlu : 
51194000: system.cpu T0 : 0x120028b58    : bis        r31,r31,r10     : IntAlu :  D=0x0000000000000000
51194000: system.cpu T0 : 0x120028b5c    : bis        r31,r31,r13     : IntAlu :  D=0x0000000000000000
51194000: system.cpu T0 : 0x120028b60    : ldah       r1,-3(r29)      : IntAlu :  D=0x0000000120098828
51194000: system.cpu T0 : 0x120028b64    : lda        r14,-26875(r1)  : IntAlu :  D=0x0000000120091f2d
51195000: system.cpu T0 : 0x120028b68    : ldah       r1,-3(r29)      : IntAlu :  D=0x0000000120098828
51195000: system.cpu T0 : 0x120028b6c    : lda        r15,-26866(r1)  : IntAlu :  D=0x0000000120091f36
51195000: system.cpu T0 : 0x120028b70    : ldah       r1,-3(r29)      : IntAlu :  D=0x0000000120098828
51196000: system.cpu T0 : 0x120028b74    : lda        r1,-26857(r1)   : IntAlu :  D=0x0000000120091f3f
51197000: system.cpu T0 : 0x120028b78    : stq        r1,64(r30)      : MemWrite :  D=0x0000000120091f3f A=0x11ff91c40
51197000: system.cpu T0 : 0x120028b7c    : ldah       r1,-3(r29)      : IntAlu :  D=0x0000000120098828
51205000: system.cpu T0 : 0x120028b80    : lda        r1,-26847(r1)   : IntAlu :  D=0x0000000120091f49
51206000: system.cpu T0 : 0x120028b84    : stq        r1,72(r30)      : MemWrite :  D=0x0000000120091f49 A=0x11ff91c48
51206000: system.cpu T0 : 0x120028b88    : ldah       r1,-3(r29)      : IntAlu :  D=0x0000000120098828
51207000: system.cpu T0 : 0x120028b8c    : lda        r1,-26831(r1)   : IntAlu :  D=0x0000000120091f59
51208000: system.cpu T0 : 0x120028b90    : stq        r1,80(r30)      : MemWrite :  D=0x0000000120091f59 A=0x11ff91c50
51208000: system.cpu T0 : 0x120028b94    : ldah       r1,-3(r29)      : IntAlu :  D=0x0000000120098828
51209000: system.cpu T0 : 0x120028b98    : lda        r1,-25435(r1)   : IntAlu :  D=0x00000001200924cd
51210000: system.cpu T0 : 0x120028b9c    : stq        r1,88(r30)      : MemWrite :  D=0x00000001200924cd A=0x11ff91c58
51210000: system.cpu T0 : 0x120028ba0    : br         0x120028dc0     : IntAlu : 
52059000: system.cpu T0 : 0x120028dc0    : ldq        r2,0(r9)        : MemRead :  D=0x0000000000000000 A=0x11ff92020
52061000: system.cpu T0 : 0x120028dc4    : beq        r2,0x120028e50  : IntAlu : 
52491000: system.cpu T0 : 0x120028e50    : beq        r10,0x120028e7c : IntAlu : 
52494000: system.cpu T0 : 0x120028e7c    : lda        r1,-29704(r29)  : IntAlu :  D=0x00000001200c1420
53340000: system.cpu T0 : 0x120028e80    : ldq        r27,0(r1)       : MemRead :  D=0x0000000000000000 A=0x1200c1420
53342000: system.cpu T0 : 0x120028e84    : beq        r27,0x120028e94 : IntAlu : 
53345000: system.cpu T0 : 0x120028e94    : lda        r2,1(r31)       : IntAlu :  D=0x0000000000000001
53345000: system.cpu T0 : 0x120028e98    : ldah       r1,0(r29)       : IntAlu :  D=0x00000001200c8828
53346000: system.cpu T0 : 0x120028e9c    : stl        r2,-30032(r1)   : MemWrite :  D=0x0000000000000001 A=0x1200c12d8
53786000: system.cpu T0 : 0x120028ea0    : ldq        r26,0(r30)      : MemRead :  D=0x000000012002ccb0 A=0x11ff91c00
53793000: system.cpu T0 : 0x120028ea4    : ldq        r9,8(r30)       : MemRead :  D=0x0000000000000018 A=0x11ff91c08
53794000: system.cpu T0 : 0x120028ea8    : ldq        r10,16(r30)     : MemRead :  D=0x000000011ff92008 A=0x11ff91c10
53794000: system.cpu T0 : 0x120028eac    : ldq        r11,24(r30)     : MemRead :  D=0x0000000000000018 A=0x11ff91c18
53794000: system.cpu T0 : 0x120028eb0    : ldq        r12,32(r30)     : MemRead :  D=0x000000012001e450 A=0x11ff91c20
53794000: system.cpu T0 : 0x120028eb4    : ldq        r13,40(r30)     : MemRead :  D=0x000000012001e4c0 A=0x11ff91c28
53795000: system.cpu T0 : 0x120028eb8    : ldq        r14,48(r30)     : MemRead :  D=0x0000000000000000 A=0x11ff91c30
53796000: system.cpu T0 : 0x120028ebc    : ldq        r15,56(r30)     : MemRead :  D=0x000000011ff91c90 A=0x11ff91c38
53796000: system.cpu T0 : 0x120028ec0    : lda        r30,96(r30)     : IntAlu :  D=0x000000011ff91c60
53796000: system.cpu T0 : 0x120028ec4    : ret        (r26)           : IntAlu : 
54196000: system.cpu T0 : 0x12002ccb0    : bis        r31,r9,r16      : IntAlu :  D=0x0000000000000018
54196000: system.cpu T0 : 0x12002ccb4    : bsr        r26,0x12002ca14 : IntAlu :  D=0x000000012002ccb8
54622000: system.cpu T0 : 0x12002ca14    : lda        r30,-32(r30)    : IntAlu :  D=0x000000011ff91c40
54622000: system.cpu T0 : 0x12002ca18    : stq        r26,0(r30)      : MemWrite :  D=0x000000012002ccb8 A=0x11ff91c40
54622000: system.cpu T0 : 0x12002ca1c    : stq        r9,8(r30)       : MemWrite :  D=0x0000000000000018 A=0x11ff91c48
54622000: system.cpu T0 : 0x12002ca20    : stq        r10,16(r30)     : MemWrite :  D=0x000000011ff92008 A=0x11ff91c50
54623000: system.cpu T0 : 0x12002ca24    : stq        r11,24(r30)     : MemWrite :  D=0x0000000000000018 A=0x11ff91c58
54623000: system.cpu T0 : 0x12002ca28    : bis        r31,r26,r17     : IntAlu :  D=0x000000012002ccb8
54623000: system.cpu T0 : 0x12002ca2c    : bis        r31,r16,r11     : IntAlu :  D=0x0000000000000018
54623000: system.cpu T0 : 0x12002ca30    : lda        r1,-30056(r29)  : IntAlu :  D=0x00000001200c12c0
54625000: system.cpu T0 : 0x12002ca34    : ldq        r27,0(r1)       : MemRead :  D=0x0000000000000000 A=0x1200c12c0
54627000: system.cpu T0 : 0x12002ca38    : beq        r27,0x12002ca50 : IntAlu : 
55048000: system.cpu T0 : 0x12002ca50    : lda        r1,80(r31)      : IntAlu :  D=0x0000000000000050
55051000: system.cpu T0 : 0x12002ca54    : call_pal   rduniq          : IntAlu :  D=0x000000012033a6b0
55052000: system.cpu T0 : 0x12002ca58    : addq       r0,r1,r0        : IntAlu :  D=0x000000012033a700
55484000: system.cpu T0 : 0x12002ca5c    : ldq        r9,0(r0)        : MemRead :  D=0x00000001200c3628 A=0x12033a700
55486000: system.cpu T0 : 0x12002ca60    : beq        r9,0x12002ca88  : IntAlu : 
55909000: system.cpu T0 : 0x12002ca64    : ldl_l      r1,0(r9)        : MemRead :  D=0x0000000000000000 A=0x1200c3628
55911000: system.cpu T0 : 0x12002ca68    : cmpeq      r1,0,r2         : IntAlu :  D=0x0000000000000001
55912000: system.cpu T0 : 0x12002ca6c    : beq        r2,0x12002ca80  : IntAlu : 
55912000: system.cpu T0 : 0x12002ca70    : bis        r31,1,r2        : IntAlu :  D=0x0000000000000001
55914000: system.cpu T0 : 0x12002ca74    : stl_c      r2,0(r9)        : MemWrite :  D=0x0000000000000001 A=0x1200c3628
55917000: system.cpu T0 : 0x12002ca78    : beq        r2,0x12002ca64  : IntAlu : 
55917000: system.cpu T0 : 0x12002ca7c    : mb                         : MemRead : 
55917000: system.cpu T0 : 0x12002ca80    : addl       r31,r1,r1       : IntAlu :  D=0x0000000000000000
55918000: system.cpu T0 : 0x12002ca84    : beq        r1,0x12002caa0  : IntAlu : 
55921000: system.cpu T0 : 0x12002caa0    : bis        r31,r9,r16      : IntAlu :  D=0x00000001200c3628
55921000: system.cpu T0 : 0x12002caa4    : bis        r31,r11,r17     : IntAlu :  D=0x0000000000000018
55921000: system.cpu T0 : 0x12002caa8    : bsr        r26,0x12002a93c : IntAlu :  D=0x000000012002caac
56352000: system.cpu T0 : 0x12002a93c    : lda        r30,-176(r30)   : IntAlu :  D=0x000000011ff91b90
56361000: system.cpu T0 : 0x12002a940    : stq        r26,0(r30)      : MemWrite :  D=0x000000012002caac A=0x11ff91b90
56361000: system.cpu T0 : 0x12002a944    : stq        r9,8(r30)       : MemWrite :  D=0x00000001200c3628 A=0x11ff91b98
56361000: system.cpu T0 : 0x12002a948    : stq        r10,16(r30)     : MemWrite :  D=0x000000011ff92008 A=0x11ff91ba0
56361000: system.cpu T0 : 0x12002a94c    : stq        r11,24(r30)     : MemWrite :  D=0x0000000000000018 A=0x11ff91ba8
56362000: system.cpu T0 : 0x12002a950    : stq        r12,32(r30)     : MemWrite :  D=0x000000012001e450 A=0x11ff91bb0
56362000: system.cpu T0 : 0x12002a954    : stq        r13,40(r30)     : MemWrite :  D=0x000000012001e4c0 A=0x11ff91bb8
56362000: system.cpu T0 : 0x12002a958    : stq        r14,48(r30)     : MemWrite :  D=0x0000000000000000 A=0x11ff91bc0
56362000: system.cpu T0 : 0x12002a95c    : stq        r15,56(r30)     : MemWrite :  D=0x000000011ff91c90 A=0x11ff91bc8
56363000: system.cpu T0 : 0x12002a960    : bis        r31,r16,r13     : IntAlu :  D=0x00000001200c3628
56363000: system.cpu T0 : 0x12002a964    : stq        r17,104(r30)    : MemWrite :  D=0x0000000000000018 A=0x11ff91bf8
56363000: system.cpu T0 : 0x12002a968    : lda        r1,-65(r31)     : IntAlu :  D=0xffffffffffffffbf
56364000: system.cpu T0 : 0x12002a96c    : cmpule     r17,r1,r1       : IntAlu :  D=0x0000000000000001
56365000: system.cpu T0 : 0x12002a970    : bne        r1,0x12002a990  : IntAlu : 
56789000: system.cpu T0 : 0x12002a990    : ldq        r2,104(r30)     : MemRead :  D=0x0000000000000018 A=0x11ff91bf8
56791000: system.cpu T0 : 0x12002a994    : lda        r1,23(r2)       : IntAlu :  D=0x000000000000002f
56792000: system.cpu T0 : 0x12002a998    : cmpule     r1,31,r2        : IntAlu :  D=0x0000000000000000
56792000: system.cpu T0 : 0x12002a99c    : bic        r1,15,r1        : IntAlu :  D=0x0000000000000020
56792000: system.cpu T0 : 0x12002a9a0    : lda        r15,32(r31)     : IntAlu :  D=0x0000000000000020
56793000: system.cpu T0 : 0x12002a9a4    : cmoveq     r2,r1,r15       : IntAlu :  D=0x0000000000000020
56793000: system.cpu T0 : 0x12002a9a8    : ldah       r1,0(r29)       : IntAlu :  D=0x00000001200c8828
57231000: system.cpu T0 : 0x12002a9ac    : ldq        r1,-29680(r1)   : MemRead :  D=0x0000000000000000 A=0x1200c1438
57233000: system.cpu T0 : 0x12002a9b0    : cmpule     r15,r1,r1       : IntAlu :  D=0x0000000000000000
57234000: system.cpu T0 : 0x12002a9b4    : beq        r1,0x12002aa4c  : IntAlu : 
57660000: system.cpu T0 : 0x12002aa4c    : lda        r1,1023(r31)    : IntAlu :  D=0x00000000000003ff
57661000: system.cpu T0 : 0x12002aa50    : cmpule     r15,r1,r1       : IntAlu :  D=0x0000000000000001
57662000: system.cpu T0 : 0x12002aa54    : beq        r1,0x12002ab18  : IntAlu : 
57662000: system.cpu T0 : 0x12002aa58    : zapnot     r15,15,r1       : IntAlu :  D=0x0000000000000020
57663000: system.cpu T0 : 0x12002aa5c    : srl        r1,4,r1         : IntAlu :  D=0x0000000000000002
57664000: system.cpu T0 : 0x12002aa60    : stq        r1,96(r30)      : MemWrite :  D=0x0000000000000002 A=0x11ff91bf0
57664000: system.cpu T0 : 0x12002aa64    : lda        r2,112(r13)     : IntAlu :  D=0x00000001200c3698
57664000: system.cpu T0 : 0x12002aa68    : ldah       r1,-32768(r31)  : IntAlu :  D=0xffffffff80000000
57665000: system.cpu T0 : 0x12002aa6c    : ornot      r31,r1,r1       : IntAlu :  D=0x000000007fffffff
57666000: system.cpu T0 : 0x12002aa70    : ldq        r3,96(r30)      : MemRead :  D=0x0000000000000002 A=0x11ff91bf0
57668000: system.cpu T0 : 0x12002aa74    : addq       r3,r1,r1        : IntAlu :  D=0x0000000080000001
57669000: system.cpu T0 : 0x12002aa78    : addq       r1,r1,r1        : IntAlu :  D=0x0000000100000002
57670000: system.cpu T0 : 0x12002aa7c    : zapnot     r1,15,r1        : IntAlu :  D=0x0000000000000002
58088000: system.cpu T0 : 0x12002aa80    : s8subq     r1,16,r1        : IntAlu :  D=0x0000000000000000
58089000: system.cpu T0 : 0x12002aa84    : addq       r2,r1,r4        : IntAlu :  D=0x00000001200c3698
58522000: system.cpu T0 : 0x12002aa88    : ldq        r16,24(r4)      : MemRead :  D=0x0000000000000000 A=0x1200c36b0
58524000: system.cpu T0 : 0x12002aa8c    : cmpeq      r16,r4,r1       : IntAlu :  D=0x0000000000000000
58525000: system.cpu T0 : 0x12002aa90    : bne        r1,0x12002ab8c  : IntAlu : 
58526000: system.cpu T0 : 0x12002aa94    : bne        r16,0x12002aaa4 : IntAlu : 
58526000: system.cpu T0 : 0x12002aa98    : bis        r31,r13,r16     : IntAlu :  D=0x00000001200c3628
58527000: system.cpu T0 : 0x12002aa9c    : bsr        r26,0x120028438 : IntAlu :  D=0x000000012002aaa0
58527000: system.cpu T0 : 0x120028438    : lda        r30,-96(r30)    : IntAlu :  D=0x000000011ff91b30
58528000: system.cpu T0 : 0x12002843c    : stq        r26,0(r30)      : MemWrite :  D=0x000000012002aaa0 A=0x11ff91b30
58534000: system.cpu T0 : 0x120028440    : stq        r9,8(r30)       : MemWrite :  D=0x00000001200c3628 A=0x11ff91b38
58534000: system.cpu T0 : 0x120028444    : stq        r10,16(r30)     : MemWrite :  D=0x000000011ff92008 A=0x11ff91b40
58534000: system.cpu T0 : 0x120028448    : stq        r11,24(r30)     : MemWrite :  D=0x0000000000000018 A=0x11ff91b48
58534000: system.cpu T0 : 0x12002844c    : stq        r12,32(r30)     : MemWrite :  D=0x000000012001e450 A=0x11ff91b50
58535000: system.cpu T0 : 0x120028450    : stq        r13,40(r30)     : MemWrite :  D=0x00000001200c3628 A=0x11ff91b58
58535000: system.cpu T0 : 0x120028454    : stq        r14,48(r30)     : MemWrite :  D=0x0000000000000000 A=0x11ff91b60
58535000: system.cpu T0 : 0x120028458    : stq        r15,56(r30)     : MemWrite :  D=0x0000000000000020 A=0x11ff91b68
58535000: system.cpu T0 : 0x12002845c    : bis        r31,r16,r14     : IntAlu :  D=0x00000001200c3628
58536000: system.cpu T0 : 0x120028460    : ldah       r1,0(r29)       : IntAlu :  D=0x00000001200c8828
58538000: system.cpu T0 : 0x120028464    : ldq        r1,-29680(r1)   : MemRead :  D=0x0000000000000000 A=0x1200c1438
58540000: system.cpu T0 : 0x120028468    : beq        r1,0x1200286d4  : IntAlu : 
58981000: system.cpu T0 : 0x1200286d4    : bsr        r26,0x120027b08 : IntAlu :  D=0x00000001200286d8
59411000: system.cpu T0 : 0x120027b08    : lda        r2,96(r16)      : IntAlu :  D=0x00000001200c3688
59411000: system.cpu T0 : 0x120027b0c    : lda        r3,2128(r16)    : IntAlu :  D=0x00000001200c3e78
59412000: system.cpu T0 : 0x120027b10    : stq        r2,24(r2)       : MemWrite :  D=0x00000001200c3688 A=0x1200c36a0
59412000: system.cpu T0 : 0x120027b14    : stq        r2,16(r2)       : MemWrite :  D=0x00000001200c3688 A=0x1200c3698
59412000: system.cpu T0 : 0x120027b18    : lda        r2,16(r2)       : IntAlu :  D=0x00000001200c3698
59413000: system.cpu T0 : 0x120027b1c    : cmpeq      r2,r3,r1        : IntAlu :  D=0x0000000000000000
59414000: system.cpu T0 : 0x120027b20    : beq        r1,0x120027b10  : IntAlu : 
59417000: system.cpu T0 : 0x120027b10    : stq        r2,24(r2)       : MemWrite :  D=0x00000001200c3698 A=0x1200c36b0
59417000: system.cpu T0 : 0x120027b14    : stq        r2,16(r2)       : MemWrite :  D=0x00000001200c3698 A=0x1200c36a8
59417000: system.cpu T0 : 0x120027b18    : lda        r2,16(r2)       : IntAlu :  D=0x00000001200c36a8
59418000: system.cpu T0 : 0x120027b1c    : cmpeq      r2,r3,r1        : IntAlu :  D=0x0000000000000000
59419000: system.cpu T0 : 0x120027b20    : beq        r1,0x120027b10  : IntAlu : 
59422000: system.cpu T0 : 0x120027b10    : stq        r2,24(r2)       : MemWrite :  D=0x00000001200c36a8 A=0x1200c36c0
59422000: system.cpu T0 : 0x120027b14    : stq        r2,16(r2)       : MemWrite :  D=0x00000001200c36a8 A=0x1200c36b8
59422000: system.cpu T0 : 0x120027b18    : lda        r2,16(r2)       : IntAlu :  D=0x00000001200c36b8
59423000: system.cpu T0 : 0x120027b1c    : cmpeq      r2,r3,r1        : IntAlu :  D=0x0000000000000000
59424000: system.cpu T0 : 0x120027b20    : beq        r1,0x120027b10  : IntAlu : 
59427000: system.cpu T0 : 0x120027b10    : stq        r2,24(r2)       : MemWrite :  D=0x00000001200c36b8 A=0x1200c36d0
59427000: system.cpu T0 : 0x120027b14    : stq        r2,16(r2)       : MemWrite :  D=0x00000001200c36b8 A=0x1200c36c8
59427000: system.cpu T0 : 0x120027b18    : lda        r2,16(r2)       : IntAlu :  D=0x00000001200c36c8
59428000: system.cpu T0 : 0x120027b1c    : cmpeq      r2,r3,r1        : IntAlu :  D=0x0000000000000000
59429000: system.cpu T0 : 0x120027b20    : beq        r1,0x120027b10  : IntAlu : 
59432000: system.cpu T0 : 0x120027b10    : stq        r2,24(r2)       : MemWrite :  D=0x00000001200c36c8 A=0x1200c36e0
59432000: system.cpu T0 : 0x120027b14    : stq        r2,16(r2)       : MemWrite :  D=0x00000001200c36c8 A=0x1200c36d8
59432000: system.cpu T0 : 0x120027b18    : lda        r2,16(r2)       : IntAlu :  D=0x00000001200c36d8
59433000: system.cpu T0 : 0x120027b1c    : cmpeq      r2,r3,r1        : IntAlu :  D=0x0000000000000000
59434000: system.cpu T0 : 0x120027b20    : beq        r1,0x120027b10  : IntAlu : 
59437000: system.cpu T0 : 0x120027b10    : stq        r2,24(r2)       : MemWrite :  D=0x00000001200c36d8 A=0x1200c36f0
59437000: system.cpu T0 : 0x120027b14    : stq        r2,16(r2)       : MemWrite :  D=0x00000001200c36d8 A=0x1200c36e8
59437000: system.cpu T0 : 0x120027b18    : lda        r2,16(r2)       : IntAlu :  D=0x00000001200c36e8
59438000: system.cpu T0 : 0x120027b1c    : cmpeq      r2,r3,r1        : IntAlu :  D=0x0000000000000000
59439000: system.cpu T0 : 0x120027b20    : beq        r1,0x120027b10  : IntAlu : 
59442000: system.cpu T0 : 0x120027b10    : stq        r2,24(r2)       : MemWrite :  D=0x00000001200c36e8 A=0x1200c3700
59442000: system.cpu T0 : 0x120027b14    : stq        r2,16(r2)       : MemWrite :  D=0x00000001200c36e8 A=0x1200c36f8
59442000: system.cpu T0 : 0x120027b18    : lda        r2,16(r2)       : IntAlu :  D=0x00000001200c36f8
59443000: system.cpu T0 : 0x120027b1c    : cmpeq      r2,r3,r1        : IntAlu :  D=0x0000000000000000
59444000: system.cpu T0 : 0x120027b20    : beq        r1,0x120027b10  : IntAlu : 
59447000: system.cpu T0 : 0x120027b10    : stq        r2,24(r2)       : MemWrite :  D=0x00000001200c36f8 A=0x1200c3710
59447000: system.cpu T0 : 0x120027b14    : stq        r2,16(r2)       : MemWrite :  D=0x00000001200c36f8 A=0x1200c3708
59447000: system.cpu T0 : 0x120027b18    : lda        r2,16(r2)       : IntAlu :  D=0x00000001200c3708
59448000: system.cpu T0 : 0x120027b1c    : cmpeq      r2,r3,r1        : IntAlu :  D=0x0000000000000000
59449000: system.cpu T0 : 0x120027b20    : beq        r1,0x120027b10  : IntAlu : 
59452000: system.cpu T0 : 0x120027b10    : stq        r2,24(r2)       : MemWrite :  D=0x00000001200c3708 A=0x1200c3720
59452000: system.cpu T0 : 0x120027b14    : stq        r2,16(r2)       : MemWrite :  D=0x00000001200c3708 A=0x1200c3718
59452000: system.cpu T0 : 0x120027b18    : lda        r2,16(r2)       : IntAlu :  D=0x00000001200c3718
59453000: system.cpu T0 : 0x120027b1c    : cmpeq      r2,r3,r1        : IntAlu :  D=0x0000000000000000
59454000: system.cpu T0 : 0x120027b20    : beq        r1,0x120027b10  : IntAlu : 
59457000: system.cpu T0 : 0x120027b10    : stq        r2,24(r2)       : MemWrite :  D=0x00000001200c3718 A=0x1200c3730
59457000: system.cpu T0 : 0x120027b14    : stq        r2,16(r2)       : MemWrite :  D=0x00000001200c3718 A=0x1200c3728
59457000: system.cpu T0 : 0x120027b18    : lda        r2,16(r2)       : IntAlu :  D=0x00000001200c3728
59458000: system.cpu T0 : 0x120027b1c    : cmpeq      r2,r3,r1        : IntAlu :  D=0x0000000000000000
59459000: system.cpu T0 : 0x120027b20    : beq        r1,0x120027b10  : IntAlu : 
59462000: system.cpu T0 : 0x120027b10    : stq        r2,24(r2)       : MemWrite :  D=0x00000001200c3728 A=0x1200c3740
59462000: system.cpu T0 : 0x120027b14    : stq        r2,16(r2)       : MemWrite :  D=0x00000001200c3728 A=0x1200c3738
59462000: system.cpu T0 : 0x120027b18    : lda        r2,16(r2)       : IntAlu :  D=0x00000001200c3738
59463000: system.cpu T0 : 0x120027b1c    : cmpeq      r2,r3,r1        : IntAlu :  D=0x0000000000000000
59464000: system.cpu T0 : 0x120027b20    : beq        r1,0x120027b10  : IntAlu : 
59467000: system.cpu T0 : 0x120027b10    : stq        r2,24(r2)       : MemWrite :  D=0x00000001200c3738 A=0x1200c3750
59467000: system.cpu T0 : 0x120027b14    : stq        r2,16(r2)       : MemWrite :  D=0x00000001200c3738 A=0x1200c3748
59467000: system.cpu T0 : 0x120027b18    : lda        r2,16(r2)       : IntAlu :  D=0x00000001200c3748
59468000: system.cpu T0 : 0x120027b1c    : cmpeq      r2,r3,r1        : IntAlu :  D=0x0000000000000000
59469000: system.cpu T0 : 0x120027b20    : beq        r1,0x120027b10  : IntAlu : 
59472000: system.cpu T0 : 0x120027b10    : stq        r2,24(r2)       : MemWrite :  D=0x00000001200c3748 A=0x1200c3760
59472000: system.cpu T0 : 0x120027b14    : stq        r2,16(r2)       : MemWrite :  D=0x00000001200c3748 A=0x1200c3758
59472000: system.cpu T0 : 0x120027b18    : lda        r2,16(r2)       : IntAlu :  D=0x00000001200c3758
59473000: system.cpu T0 : 0x120027b1c    : cmpeq      r2,r3,r1        : IntAlu :  D=0x0000000000000000
59474000: system.cpu T0 : 0x120027b20    : beq        r1,0x120027b10  : IntAlu : 
59477000: system.cpu T0 : 0x120027b10    : stq        r2,24(r2)       : MemWrite :  D=0x00000001200c3758 A=0x1200c3770
59477000: system.cpu T0 : 0x120027b14    : stq        r2,16(r2)       : MemWrite :  D=0x00000001200c3758 A=0x1200c3768
59477000: system.cpu T0 : 0x120027b18    : lda        r2,16(r2)       : IntAlu :  D=0x00000001200c3768
59478000: system.cpu T0 : 0x120027b1c    : cmpeq      r2,r3,r1        : IntAlu :  D=0x0000000000000000
59479000: system.cpu T0 : 0x120027b20    : beq        r1,0x120027b10  : IntAlu : 
59482000: system.cpu T0 : 0x120027b10    : stq        r2,24(r2)       : MemWrite :  D=0x00000001200c3768 A=0x1200c3780
59482000: system.cpu T0 : 0x120027b14    : stq        r2,16(r2)       : MemWrite :  D=0x00000001200c3768 A=0x1200c3778
59482000: system.cpu T0 : 0x120027b18    : lda        r2,16(r2)       : IntAlu :  D=0x00000001200c3778
59483000: system.cpu T0 : 0x120027b1c    : cmpeq      r2,r3,r1        : IntAlu :  D=0x0000000000000000
59484000: system.cpu T0 : 0x120027b20    : beq        r1,0x120027b10  : IntAlu : 
59487000: system.cpu T0 : 0x120027b10    : stq        r2,24(r2)       : MemWrite :  D=0x00000001200c3778 A=0x1200c3790
59487000: system.cpu T0 : 0x120027b14    : stq        r2,16(r2)       : MemWrite :  D=0x00000001200c3778 A=0x1200c3788
59487000: system.cpu T0 : 0x120027b18    : lda        r2,16(r2)       : IntAlu :  D=0x00000001200c3788
59488000: system.cpu T0 : 0x120027b1c    : cmpeq      r2,r3,r1        : IntAlu :  D=0x0000000000000000
59489000: system.cpu T0 : 0x120027b20    : beq        r1,0x120027b10  : IntAlu : 
59492000: system.cpu T0 : 0x120027b10    : stq        r2,24(r2)       : MemWrite :  D=0x00000001200c3788 A=0x1200c37a0
59492000: system.cpu T0 : 0x120027b14    : stq        r2,16(r2)       : MemWrite :  D=0x00000001200c3788 A=0x1200c3798
59492000: system.cpu T0 : 0x120027b18    : lda        r2,16(r2)       : IntAlu :  D=0x00000001200c3798
59493000: system.cpu T0 : 0x120027b1c    : cmpeq      r2,r3,r1        : IntAlu :  D=0x0000000000000000
59494000: system.cpu T0 : 0x120027b20    : beq        r1,0x120027b10  : IntAlu : 
59497000: system.cpu T0 : 0x120027b10    : stq        r2,24(r2)       : MemWrite :  D=0x00000001200c3798 A=0x1200c37b0
59497000: system.cpu T0 : 0x120027b14    : stq        r2,16(r2)       : MemWrite :  D=0x00000001200c3798 A=0x1200c37a8
59497000: system.cpu T0 : 0x120027b18    : lda        r2,16(r2)       : IntAlu :  D=0x00000001200c37a8
59498000: system.cpu T0 : 0x120027b1c    : cmpeq      r2,r3,r1        : IntAlu :  D=0x0000000000000000
59499000: system.cpu T0 : 0x120027b20    : beq        r1,0x120027b10  : IntAlu : 
59502000: system.cpu T0 : 0x120027b10    : stq        r2,24(r2)       : MemWrite :  D=0x00000001200c37a8 A=0x1200c37c0
59502000: system.cpu T0 : 0x120027b14    : stq        r2,16(r2)       : MemWrite :  D=0x00000001200c37a8 A=0x1200c37b8
59502000: system.cpu T0 : 0x120027b18    : lda        r2,16(r2)       : IntAlu :  D=0x00000001200c37b8
59503000: system.cpu T0 : 0x120027b1c    : cmpeq      r2,r3,r1        : IntAlu :  D=0x0000000000000000
59504000: system.cpu T0 : 0x120027b20    : beq        r1,0x120027b10  : IntAlu : 
59507000: system.cpu T0 : 0x120027b10    : stq        r2,24(r2)       : MemWrite :  D=0x00000001200c37b8 A=0x1200c37d0
59507000: system.cpu T0 : 0x120027b14    : stq        r2,16(r2)       : MemWrite :  D=0x00000001200c37b8 A=0x1200c37c8
59507000: system.cpu T0 : 0x120027b18    : lda        r2,16(r2)       : IntAlu :  D=0x00000001200c37c8
59508000: system.cpu T0 : 0x120027b1c    : cmpeq      r2,r3,r1        : IntAlu :  D=0x0000000000000000
59509000: system.cpu T0 : 0x120027b20    : beq        r1,0x120027b10  : IntAlu : 
59512000: system.cpu T0 : 0x120027b10    : stq        r2,24(r2)       : MemWrite :  D=0x00000001200c37c8 A=0x1200c37e0
59512000: system.cpu T0 : 0x120027b14    : stq        r2,16(r2)       : MemWrite :  D=0x00000001200c37c8 A=0x1200c37d8
59512000: system.cpu T0 : 0x120027b18    : lda        r2,16(r2)       : IntAlu :  D=0x00000001200c37d8
59513000: system.cpu T0 : 0x120027b1c    : cmpeq      r2,r3,r1        : IntAlu :  D=0x0000000000000000
59514000: system.cpu T0 : 0x120027b20    : beq        r1,0x120027b10  : IntAlu : 
59517000: system.cpu T0 : 0x120027b10    : stq        r2,24(r2)       : MemWrite :  D=0x00000001200c37d8 A=0x1200c37f0
59517000: system.cpu T0 : 0x120027b14    : stq        r2,16(r2)       : MemWrite :  D=0x00000001200c37d8 A=0x1200c37e8
59517000: system.cpu T0 : 0x120027b18    : lda        r2,16(r2)       : IntAlu :  D=0x00000001200c37e8
59518000: system.cpu T0 : 0x120027b1c    : cmpeq      r2,r3,r1        : IntAlu :  D=0x0000000000000000
59519000: system.cpu T0 : 0x120027b20    : beq        r1,0x120027b10  : IntAlu : 
59522000: system.cpu T0 : 0x120027b10    : stq        r2,24(r2)       : MemWrite :  D=0x00000001200c37e8 A=0x1200c3800
59522000: system.cpu T0 : 0x120027b14    : stq        r2,16(r2)       : MemWrite :  D=0x00000001200c37e8 A=0x1200c37f8
59522000: system.cpu T0 : 0x120027b18    : lda        r2,16(r2)       : IntAlu :  D=0x00000001200c37f8
59523000: system.cpu T0 : 0x120027b1c    : cmpeq      r2,r3,r1        : IntAlu :  D=0x0000000000000000
59524000: system.cpu T0 : 0x120027b20    : beq        r1,0x120027b10  : IntAlu : 
59527000: system.cpu T0 : 0x120027b10    : stq        r2,24(r2)       : MemWrite :  D=0x00000001200c37f8 A=0x1200c3810
59527000: system.cpu T0 : 0x120027b14    : stq        r2,16(r2)       : MemWrite :  D=0x00000001200c37f8 A=0x1200c3808
59527000: system.cpu T0 : 0x120027b18    : lda        r2,16(r2)       : IntAlu :  D=0x00000001200c3808
59528000: system.cpu T0 : 0x120027b1c    : cmpeq      r2,r3,r1        : IntAlu :  D=0x0000000000000000
59529000: system.cpu T0 : 0x120027b20    : beq        r1,0x120027b10  : IntAlu : 
59532000: system.cpu T0 : 0x120027b10    : stq        r2,24(r2)       : MemWrite :  D=0x00000001200c3808 A=0x1200c3820
59532000: system.cpu T0 : 0x120027b14    : stq        r2,16(r2)       : MemWrite :  D=0x00000001200c3808 A=0x1200c3818
59532000: system.cpu T0 : 0x120027b18    : lda        r2,16(r2)       : IntAlu :  D=0x00000001200c3818
59533000: system.cpu T0 : 0x120027b1c    : cmpeq      r2,r3,r1        : IntAlu :  D=0x0000000000000000
59534000: system.cpu T0 : 0x120027b20    : beq        r1,0x120027b10  : IntAlu : 
59537000: system.cpu T0 : 0x120027b10    : stq        r2,24(r2)       : MemWrite :  D=0x00000001200c3818 A=0x1200c3830
59537000: system.cpu T0 : 0x120027b14    : stq        r2,16(r2)       : MemWrite :  D=0x00000001200c3818 A=0x1200c3828
59537000: system.cpu T0 : 0x120027b18    : lda        r2,16(r2)       : IntAlu :  D=0x00000001200c3828
59538000: system.cpu T0 : 0x120027b1c    : cmpeq      r2,r3,r1        : IntAlu :  D=0x0000000000000000
59539000: system.cpu T0 : 0x120027b20    : beq        r1,0x120027b10  : IntAlu : 
59542000: system.cpu T0 : 0x120027b10    : stq        r2,24(r2)       : MemWrite :  D=0x00000001200c3828 A=0x1200c3840
59542000: system.cpu T0 : 0x120027b14    : stq        r2,16(r2)       : MemWrite :  D=0x00000001200c3828 A=0x1200c3838
59542000: system.cpu T0 : 0x120027b18    : lda        r2,16(r2)       : IntAlu :  D=0x00000001200c3838
59543000: system.cpu T0 : 0x120027b1c    : cmpeq      r2,r3,r1        : IntAlu :  D=0x0000000000000000
59544000: system.cpu T0 : 0x120027b20    : beq        r1,0x120027b10  : IntAlu : 
59547000: system.cpu T0 : 0x120027b10    : stq        r2,24(r2)       : MemWrite :  D=0x00000001200c3838 A=0x1200c3850
59547000: system.cpu T0 : 0x120027b14    : stq        r2,16(r2)       : MemWrite :  D=0x00000001200c3838 A=0x1200c3848
59547000: system.cpu T0 : 0x120027b18    : lda        r2,16(r2)       : IntAlu :  D=0x00000001200c3848
59548000: system.cpu T0 : 0x120027b1c    : cmpeq      r2,r3,r1        : IntAlu :  D=0x0000000000000000
59549000: system.cpu T0 : 0x120027b20    : beq        r1,0x120027b10  : IntAlu : 
59552000: system.cpu T0 : 0x120027b10    : stq        r2,24(r2)       : MemWrite :  D=0x00000001200c3848 A=0x1200c3860
59552000: system.cpu T0 : 0x120027b14    : stq        r2,16(r2)       : MemWrite :  D=0x00000001200c3848 A=0x1200c3858
59552000: system.cpu T0 : 0x120027b18    : lda        r2,16(r2)       : IntAlu :  D=0x00000001200c3858
59553000: system.cpu T0 : 0x120027b1c    : cmpeq      r2,r3,r1        : IntAlu :  D=0x0000000000000000
59554000: system.cpu T0 : 0x120027b20    : beq        r1,0x120027b10  : IntAlu : 
59557000: system.cpu T0 : 0x120027b10    : stq        r2,24(r2)       : MemWrite :  D=0x00000001200c3858 A=0x1200c3870
59557000: system.cpu T0 : 0x120027b14    : stq        r2,16(r2)       : MemWrite :  D=0x00000001200c3858 A=0x1200c3868
59557000: system.cpu T0 : 0x120027b18    : lda        r2,16(r2)       : IntAlu :  D=0x00000001200c3868
59558000: system.cpu T0 : 0x120027b1c    : cmpeq      r2,r3,r1        : IntAlu :  D=0x0000000000000000
59559000: system.cpu T0 : 0x120027b20    : beq        r1,0x120027b10  : IntAlu : 
59562000: system.cpu T0 : 0x120027b10    : stq        r2,24(r2)       : MemWrite :  D=0x00000001200c3868 A=0x1200c3880
59562000: system.cpu T0 : 0x120027b14    : stq        r2,16(r2)       : MemWrite :  D=0x00000001200c3868 A=0x1200c3878
59562000: system.cpu T0 : 0x120027b18    : lda        r2,16(r2)       : IntAlu :  D=0x00000001200c3878
59563000: system.cpu T0 : 0x120027b1c    : cmpeq      r2,r3,r1        : IntAlu :  D=0x0000000000000000
59564000: system.cpu T0 : 0x120027b20    : beq        r1,0x120027b10  : IntAlu : 
59567000: system.cpu T0 : 0x120027b10    : stq        r2,24(r2)       : MemWrite :  D=0x00000001200c3878 A=0x1200c3890
59567000: system.cpu T0 : 0x120027b14    : stq        r2,16(r2)       : MemWrite :  D=0x00000001200c3878 A=0x1200c3888
59567000: system.cpu T0 : 0x120027b18    : lda        r2,16(r2)       : IntAlu :  D=0x00000001200c3888
59568000: system.cpu T0 : 0x120027b1c    : cmpeq      r2,r3,r1        : IntAlu :  D=0x0000000000000000
59569000: system.cpu T0 : 0x120027b20    : beq        r1,0x120027b10  : IntAlu : 
59572000: system.cpu T0 : 0x120027b10    : stq        r2,24(r2)       : MemWrite :  D=0x00000001200c3888 A=0x1200c38a0
59572000: system.cpu T0 : 0x120027b14    : stq        r2,16(r2)       : MemWrite :  D=0x00000001200c3888 A=0x1200c3898
59572000: system.cpu T0 : 0x120027b18    : lda        r2,16(r2)       : IntAlu :  D=0x00000001200c3898
59573000: system.cpu T0 : 0x120027b1c    : cmpeq      r2,r3,r1        : IntAlu :  D=0x0000000000000000
59574000: system.cpu T0 : 0x120027b20    : beq        r1,0x120027b10  : IntAlu : 
59577000: system.cpu T0 : 0x120027b10    : stq        r2,24(r2)       : MemWrite :  D=0x00000001200c3898 A=0x1200c38b0
59577000: system.cpu T0 : 0x120027b14    : stq        r2,16(r2)       : MemWrite :  D=0x00000001200c3898 A=0x1200c38a8
59577000: system.cpu T0 : 0x120027b18    : lda        r2,16(r2)       : IntAlu :  D=0x00000001200c38a8
59578000: system.cpu T0 : 0x120027b1c    : cmpeq      r2,r3,r1        : IntAlu :  D=0x0000000000000000
59579000: system.cpu T0 : 0x120027b20    : beq        r1,0x120027b10  : IntAlu : 
59582000: system.cpu T0 : 0x120027b10    : stq        r2,24(r2)       : MemWrite :  D=0x00000001200c38a8 A=0x1200c38c0
59582000: system.cpu T0 : 0x120027b14    : stq        r2,16(r2)       : MemWrite :  D=0x00000001200c38a8 A=0x1200c38b8
59582000: system.cpu T0 : 0x120027b18    : lda        r2,16(r2)       : IntAlu :  D=0x00000001200c38b8
59583000: system.cpu T0 : 0x120027b1c    : cmpeq      r2,r3,r1        : IntAlu :  D=0x0000000000000000
59584000: system.cpu T0 : 0x120027b20    : beq        r1,0x120027b10  : IntAlu : 
59587000: system.cpu T0 : 0x120027b10    : stq        r2,24(r2)       : MemWrite :  D=0x00000001200c38b8 A=0x1200c38d0
59587000: system.cpu T0 : 0x120027b14    : stq        r2,16(r2)       : MemWrite :  D=0x00000001200c38b8 A=0x1200c38c8
59587000: system.cpu T0 : 0x120027b18    : lda        r2,16(r2)       : IntAlu :  D=0x00000001200c38c8
59588000: system.cpu T0 : 0x120027b1c    : cmpeq      r2,r3,r1        : IntAlu :  D=0x0000000000000000
59589000: system.cpu T0 : 0x120027b20    : beq        r1,0x120027b10  : IntAlu : 
59592000: system.cpu T0 : 0x120027b10    : stq        r2,24(r2)       : MemWrite :  D=0x00000001200c38c8 A=0x1200c38e0
59592000: system.cpu T0 : 0x120027b14    : stq        r2,16(r2)       : MemWrite :  D=0x00000001200c38c8 A=0x1200c38d8
59592000: system.cpu T0 : 0x120027b18    : lda        r2,16(r2)       : IntAlu :  D=0x00000001200c38d8
59593000: system.cpu T0 : 0x120027b1c    : cmpeq      r2,r3,r1        : IntAlu :  D=0x0000000000000000
59594000: system.cpu T0 : 0x120027b20    : beq        r1,0x120027b10  : IntAlu : 
59597000: system.cpu T0 : 0x120027b10    : stq        r2,24(r2)       : MemWrite :  D=0x00000001200c38d8 A=0x1200c38f0
59597000: system.cpu T0 : 0x120027b14    : stq        r2,16(r2)       : MemWrite :  D=0x00000001200c38d8 A=0x1200c38e8
59597000: system.cpu T0 : 0x120027b18    : lda        r2,16(r2)       : IntAlu :  D=0x00000001200c38e8
59598000: system.cpu T0 : 0x120027b1c    : cmpeq      r2,r3,r1        : IntAlu :  D=0x0000000000000000
59599000: system.cpu T0 : 0x120027b20    : beq        r1,0x120027b10  : IntAlu : 
59602000: system.cpu T0 : 0x120027b10    : stq        r2,24(r2)       : MemWrite :  D=0x00000001200c38e8 A=0x1200c3900
59843000: system.cpu T0 : 0x120027b14    : stq        r2,16(r2)       : MemWrite :  D=0x00000001200c38e8 A=0x1200c38f8
59843000: system.cpu T0 : 0x120027b18    : lda        r2,16(r2)       : IntAlu :  D=0x00000001200c38f8
59843000: system.cpu T0 : 0x120027b1c    : cmpeq      r2,r3,r1        : IntAlu :  D=0x0000000000000000
59843000: system.cpu T0 : 0x120027b20    : beq        r1,0x120027b10  : IntAlu : 
59844000: system.cpu T0 : 0x120027b10    : stq        r2,24(r2)       : MemWrite :  D=0x00000001200c38f8 A=0x1200c3910
59844000: system.cpu T0 : 0x120027b14    : stq        r2,16(r2)       : MemWrite :  D=0x00000001200c38f8 A=0x1200c3908
59844000: system.cpu T0 : 0x120027b18    : lda        r2,16(r2)       : IntAlu :  D=0x00000001200c3908
59845000: system.cpu T0 : 0x120027b1c    : cmpeq      r2,r3,r1        : IntAlu :  D=0x0000000000000000
59846000: system.cpu T0 : 0x120027b20    : beq        r1,0x120027b10  : IntAlu : 
59849000: system.cpu T0 : 0x120027b10    : stq        r2,24(r2)       : MemWrite :  D=0x00000001200c3908 A=0x1200c3920
59849000: system.cpu T0 : 0x120027b14    : stq        r2,16(r2)       : MemWrite :  D=0x00000001200c3908 A=0x1200c3918
59849000: system.cpu T0 : 0x120027b18    : lda        r2,16(r2)       : IntAlu :  D=0x00000001200c3918
59850000: system.cpu T0 : 0x120027b1c    : cmpeq      r2,r3,r1        : IntAlu :  D=0x0000000000000000
59851000: system.cpu T0 : 0x120027b20    : beq        r1,0x120027b10  : IntAlu : 
59854000: system.cpu T0 : 0x120027b10    : stq        r2,24(r2)       : MemWrite :  D=0x00000001200c3918 A=0x1200c3930
59854000: system.cpu T0 : 0x120027b14    : stq        r2,16(r2)       : MemWrite :  D=0x00000001200c3918 A=0x1200c3928
59854000: system.cpu T0 : 0x120027b18    : lda        r2,16(r2)       : IntAlu :  D=0x00000001200c3928
59855000: system.cpu T0 : 0x120027b1c    : cmpeq      r2,r3,r1        : IntAlu :  D=0x0000000000000000
59856000: system.cpu T0 : 0x120027b20    : beq        r1,0x120027b10  : IntAlu : 
59859000: system.cpu T0 : 0x120027b10    : stq        r2,24(r2)       : MemWrite :  D=0x00000001200c3928 A=0x1200c3940
59863000: system.cpu T0 : 0x120027b14    : stq        r2,16(r2)       : MemWrite :  D=0x00000001200c3928 A=0x1200c3938
59863000: system.cpu T0 : 0x120027b18    : lda        r2,16(r2)       : IntAlu :  D=0x00000001200c3938
59863000: system.cpu T0 : 0x120027b1c    : cmpeq      r2,r3,r1        : IntAlu :  D=0x0000000000000000
59863000: system.cpu T0 : 0x120027b20    : beq        r1,0x120027b10  : IntAlu : 
59864000: system.cpu T0 : 0x120027b10    : stq        r2,24(r2)       : MemWrite :  D=0x00000001200c3938 A=0x1200c3950
59864000: system.cpu T0 : 0x120027b14    : stq        r2,16(r2)       : MemWrite :  D=0x00000001200c3938 A=0x1200c3948
59864000: system.cpu T0 : 0x120027b18    : lda        r2,16(r2)       : IntAlu :  D=0x00000001200c3948
59865000: system.cpu T0 : 0x120027b1c    : cmpeq      r2,r3,r1        : IntAlu :  D=0x0000000000000000
59866000: system.cpu T0 : 0x120027b20    : beq        r1,0x120027b10  : IntAlu : 
59869000: system.cpu T0 : 0x120027b10    : stq        r2,24(r2)       : MemWrite :  D=0x00000001200c3948 A=0x1200c3960
59869000: system.cpu T0 : 0x120027b14    : stq        r2,16(r2)       : MemWrite :  D=0x00000001200c3948 A=0x1200c3958
59869000: system.cpu T0 : 0x120027b18    : lda        r2,16(r2)       : IntAlu :  D=0x00000001200c3958
59870000: system.cpu T0 : 0x120027b1c    : cmpeq      r2,r3,r1        : IntAlu :  D=0x0000000000000000
59871000: system.cpu T0 : 0x120027b20    : beq        r1,0x120027b10  : IntAlu : 
59874000: system.cpu T0 : 0x120027b10    : stq        r2,24(r2)       : MemWrite :  D=0x00000001200c3958 A=0x1200c3970
59874000: system.cpu T0 : 0x120027b14    : stq        r2,16(r2)       : MemWrite :  D=0x00000001200c3958 A=0x1200c3968
59874000: system.cpu T0 : 0x120027b18    : lda        r2,16(r2)       : IntAlu :  D=0x00000001200c3968
59875000: system.cpu T0 : 0x120027b1c    : cmpeq      r2,r3,r1        : IntAlu :  D=0x0000000000000000
59876000: system.cpu T0 : 0x120027b20    : beq        r1,0x120027b10  : IntAlu : 
59879000: system.cpu T0 : 0x120027b10    : stq        r2,24(r2)       : MemWrite :  D=0x00000001200c3968 A=0x1200c3980
59883000: system.cpu T0 : 0x120027b14    : stq        r2,16(r2)       : MemWrite :  D=0x00000001200c3968 A=0x1200c3978
59883000: system.cpu T0 : 0x120027b18    : lda        r2,16(r2)       : IntAlu :  D=0x00000001200c3978
59883000: system.cpu T0 : 0x120027b1c    : cmpeq      r2,r3,r1        : IntAlu :  D=0x0000000000000000
59883000: system.cpu T0 : 0x120027b20    : beq        r1,0x120027b10  : IntAlu : 
59884000: system.cpu T0 : 0x120027b10    : stq        r2,24(r2)       : MemWrite :  D=0x00000001200c3978 A=0x1200c3990
59884000: system.cpu T0 : 0x120027b14    : stq        r2,16(r2)       : MemWrite :  D=0x00000001200c3978 A=0x1200c3988
59884000: system.cpu T0 : 0x120027b18    : lda        r2,16(r2)       : IntAlu :  D=0x00000001200c3988
59885000: system.cpu T0 : 0x120027b1c    : cmpeq      r2,r3,r1        : IntAlu :  D=0x0000000000000000
59886000: system.cpu T0 : 0x120027b20    : beq        r1,0x120027b10  : IntAlu : 
59889000: system.cpu T0 : 0x120027b10    : stq        r2,24(r2)       : MemWrite :  D=0x00000001200c3988 A=0x1200c39a0
59889000: system.cpu T0 : 0x120027b14    : stq        r2,16(r2)       : MemWrite :  D=0x00000001200c3988 A=0x1200c3998
59889000: system.cpu T0 : 0x120027b18    : lda        r2,16(r2)       : IntAlu :  D=0x00000001200c3998
59890000: system.cpu T0 : 0x120027b1c    : cmpeq      r2,r3,r1        : IntAlu :  D=0x0000000000000000
59891000: system.cpu T0 : 0x120027b20    : beq        r1,0x120027b10  : IntAlu : 
59894000: system.cpu T0 : 0x120027b10    : stq        r2,24(r2)       : MemWrite :  D=0x00000001200c3998 A=0x1200c39b0
59894000: system.cpu T0 : 0x120027b14    : stq        r2,16(r2)       : MemWrite :  D=0x00000001200c3998 A=0x1200c39a8
59894000: system.cpu T0 : 0x120027b18    : lda        r2,16(r2)       : IntAlu :  D=0x00000001200c39a8
59895000: system.cpu T0 : 0x120027b1c    : cmpeq      r2,r3,r1        : IntAlu :  D=0x0000000000000000
59896000: system.cpu T0 : 0x120027b20    : beq        r1,0x120027b10  : IntAlu : 
59899000: system.cpu T0 : 0x120027b10    : stq        r2,24(r2)       : MemWrite :  D=0x00000001200c39a8 A=0x1200c39c0
59903000: system.cpu T0 : 0x120027b14    : stq        r2,16(r2)       : MemWrite :  D=0x00000001200c39a8 A=0x1200c39b8
59903000: system.cpu T0 : 0x120027b18    : lda        r2,16(r2)       : IntAlu :  D=0x00000001200c39b8
59903000: system.cpu T0 : 0x120027b1c    : cmpeq      r2,r3,r1        : IntAlu :  D=0x0000000000000000
59903000: system.cpu T0 : 0x120027b20    : beq        r1,0x120027b10  : IntAlu : 
59904000: system.cpu T0 : 0x120027b10    : stq        r2,24(r2)       : MemWrite :  D=0x00000001200c39b8 A=0x1200c39d0
59904000: system.cpu T0 : 0x120027b14    : stq        r2,16(r2)       : MemWrite :  D=0x00000001200c39b8 A=0x1200c39c8
59904000: system.cpu T0 : 0x120027b18    : lda        r2,16(r2)       : IntAlu :  D=0x00000001200c39c8
59905000: system.cpu T0 : 0x120027b1c    : cmpeq      r2,r3,r1        : IntAlu :  D=0x0000000000000000
59906000: system.cpu T0 : 0x120027b20    : beq        r1,0x120027b10  : IntAlu : 
59909000: system.cpu T0 : 0x120027b10    : stq        r2,24(r2)       : MemWrite :  D=0x00000001200c39c8 A=0x1200c39e0
59909000: system.cpu T0 : 0x120027b14    : stq        r2,16(r2)       : MemWrite :  D=0x00000001200c39c8 A=0x1200c39d8
59909000: system.cpu T0 : 0x120027b18    : lda        r2,16(r2)       : IntAlu :  D=0x00000001200c39d8
59910000: system.cpu T0 : 0x120027b1c    : cmpeq      r2,r3,r1        : IntAlu :  D=0x0000000000000000
59911000: system.cpu T0 : 0x120027b20    : beq        r1,0x120027b10  : IntAlu : 
59914000: system.cpu T0 : 0x120027b10    : stq        r2,24(r2)       : MemWrite :  D=0x00000001200c39d8 A=0x1200c39f0
59914000: system.cpu T0 : 0x120027b14    : stq        r2,16(r2)       : MemWrite :  D=0x00000001200c39d8 A=0x1200c39e8
59914000: system.cpu T0 : 0x120027b18    : lda        r2,16(r2)       : IntAlu :  D=0x00000001200c39e8
59915000: system.cpu T0 : 0x120027b1c    : cmpeq      r2,r3,r1        : IntAlu :  D=0x0000000000000000
59916000: system.cpu T0 : 0x120027b20    : beq        r1,0x120027b10  : IntAlu : 
59919000: system.cpu T0 : 0x120027b10    : stq        r2,24(r2)       : MemWrite :  D=0x00000001200c39e8 A=0x1200c3a00
59923000: system.cpu T0 : 0x120027b14    : stq        r2,16(r2)       : MemWrite :  D=0x00000001200c39e8 A=0x1200c39f8
59923000: system.cpu T0 : 0x120027b18    : lda        r2,16(r2)       : IntAlu :  D=0x00000001200c39f8
59923000: system.cpu T0 : 0x120027b1c    : cmpeq      r2,r3,r1        : IntAlu :  D=0x0000000000000000
59923000: system.cpu T0 : 0x120027b20    : beq        r1,0x120027b10  : IntAlu : 
59924000: system.cpu T0 : 0x120027b10    : stq        r2,24(r2)       : MemWrite :  D=0x00000001200c39f8 A=0x1200c3a10
59924000: system.cpu T0 : 0x120027b14    : stq        r2,16(r2)       : MemWrite :  D=0x00000001200c39f8 A=0x1200c3a08
59924000: system.cpu T0 : 0x120027b18    : lda        r2,16(r2)       : IntAlu :  D=0x00000001200c3a08
59925000: system.cpu T0 : 0x120027b1c    : cmpeq      r2,r3,r1        : IntAlu :  D=0x0000000000000000
59926000: system.cpu T0 : 0x120027b20    : beq        r1,0x120027b10  : IntAlu : 
59929000: system.cpu T0 : 0x120027b10    : stq        r2,24(r2)       : MemWrite :  D=0x00000001200c3a08 A=0x1200c3a20
59929000: system.cpu T0 : 0x120027b14    : stq        r2,16(r2)       : MemWrite :  D=0x00000001200c3a08 A=0x1200c3a18
59929000: system.cpu T0 : 0x120027b18    : lda        r2,16(r2)       : IntAlu :  D=0x00000001200c3a18
59930000: system.cpu T0 : 0x120027b1c    : cmpeq      r2,r3,r1        : IntAlu :  D=0x0000000000000000
59931000: system.cpu T0 : 0x120027b20    : beq        r1,0x120027b10  : IntAlu : 
59934000: system.cpu T0 : 0x120027b10    : stq        r2,24(r2)       : MemWrite :  D=0x00000001200c3a18 A=0x1200c3a30
59934000: system.cpu T0 : 0x120027b14    : stq        r2,16(r2)       : MemWrite :  D=0x00000001200c3a18 A=0x1200c3a28
59934000: system.cpu T0 : 0x120027b18    : lda        r2,16(r2)       : IntAlu :  D=0x00000001200c3a28
59935000: system.cpu T0 : 0x120027b1c    : cmpeq      r2,r3,r1        : IntAlu :  D=0x0000000000000000
59936000: system.cpu T0 : 0x120027b20    : beq        r1,0x120027b10  : IntAlu : 
59939000: system.cpu T0 : 0x120027b10    : stq        r2,24(r2)       : MemWrite :  D=0x00000001200c3a28 A=0x1200c3a40
59943000: system.cpu T0 : 0x120027b14    : stq        r2,16(r2)       : MemWrite :  D=0x00000001200c3a28 A=0x1200c3a38
59943000: system.cpu T0 : 0x120027b18    : lda        r2,16(r2)       : IntAlu :  D=0x00000001200c3a38
59943000: system.cpu T0 : 0x120027b1c    : cmpeq      r2,r3,r1        : IntAlu :  D=0x0000000000000000
59943000: system.cpu T0 : 0x120027b20    : beq        r1,0x120027b10  : IntAlu : 
59944000: system.cpu T0 : 0x120027b10    : stq        r2,24(r2)       : MemWrite :  D=0x00000001200c3a38 A=0x1200c3a50
59944000: system.cpu T0 : 0x120027b14    : stq        r2,16(r2)       : MemWrite :  D=0x00000001200c3a38 A=0x1200c3a48
59944000: system.cpu T0 : 0x120027b18    : lda        r2,16(r2)       : IntAlu :  D=0x00000001200c3a48
59945000: system.cpu T0 : 0x120027b1c    : cmpeq      r2,r3,r1        : IntAlu :  D=0x0000000000000000
59946000: system.cpu T0 : 0x120027b20    : beq        r1,0x120027b10  : IntAlu : 
59949000: system.cpu T0 : 0x120027b10    : stq        r2,24(r2)       : MemWrite :  D=0x00000001200c3a48 A=0x1200c3a60
59949000: system.cpu T0 : 0x120027b14    : stq        r2,16(r2)       : MemWrite :  D=0x00000001200c3a48 A=0x1200c3a58
59949000: system.cpu T0 : 0x120027b18    : lda        r2,16(r2)       : IntAlu :  D=0x00000001200c3a58
59950000: system.cpu T0 : 0x120027b1c    : cmpeq      r2,r3,r1        : IntAlu :  D=0x0000000000000000
59951000: system.cpu T0 : 0x120027b20    : beq        r1,0x120027b10  : IntAlu : 
59954000: system.cpu T0 : 0x120027b10    : stq        r2,24(r2)       : MemWrite :  D=0x00000001200c3a58 A=0x1200c3a70
59954000: system.cpu T0 : 0x120027b14    : stq        r2,16(r2)       : MemWrite :  D=0x00000001200c3a58 A=0x1200c3a68
59954000: system.cpu T0 : 0x120027b18    : lda        r2,16(r2)       : IntAlu :  D=0x00000001200c3a68
59955000: system.cpu T0 : 0x120027b1c    : cmpeq      r2,r3,r1        : IntAlu :  D=0x0000000000000000
59956000: system.cpu T0 : 0x120027b20    : beq        r1,0x120027b10  : IntAlu : 
59959000: system.cpu T0 : 0x120027b10    : stq        r2,24(r2)       : MemWrite :  D=0x00000001200c3a68 A=0x1200c3a80
59963000: system.cpu T0 : 0x120027b14    : stq        r2,16(r2)       : MemWrite :  D=0x00000001200c3a68 A=0x1200c3a78
59963000: system.cpu T0 : 0x120027b18    : lda        r2,16(r2)       : IntAlu :  D=0x00000001200c3a78
59963000: system.cpu T0 : 0x120027b1c    : cmpeq      r2,r3,r1        : IntAlu :  D=0x0000000000000000
59963000: system.cpu T0 : 0x120027b20    : beq        r1,0x120027b10  : IntAlu : 
59964000: system.cpu T0 : 0x120027b10    : stq        r2,24(r2)       : MemWrite :  D=0x00000001200c3a78 A=0x1200c3a90
59964000: system.cpu T0 : 0x120027b14    : stq        r2,16(r2)       : MemWrite :  D=0x00000001200c3a78 A=0x1200c3a88
59964000: system.cpu T0 : 0x120027b18    : lda        r2,16(r2)       : IntAlu :  D=0x00000001200c3a88
59965000: system.cpu T0 : 0x120027b1c    : cmpeq      r2,r3,r1        : IntAlu :  D=0x0000000000000000
59966000: system.cpu T0 : 0x120027b20    : beq        r1,0x120027b10  : IntAlu : 
59969000: system.cpu T0 : 0x120027b10    : stq        r2,24(r2)       : MemWrite :  D=0x00000001200c3a88 A=0x1200c3aa0
59969000: system.cpu T0 : 0x120027b14    : stq        r2,16(r2)       : MemWrite :  D=0x00000001200c3a88 A=0x1200c3a98
59969000: system.cpu T0 : 0x120027b18    : lda        r2,16(r2)       : IntAlu :  D=0x00000001200c3a98
59970000: system.cpu T0 : 0x120027b1c    : cmpeq      r2,r3,r1        : IntAlu :  D=0x0000000000000000
59971000: system.cpu T0 : 0x120027b20    : beq        r1,0x120027b10  : IntAlu : 
59974000: system.cpu T0 : 0x120027b10    : stq        r2,24(r2)       : MemWrite :  D=0x00000001200c3a98 A=0x1200c3ab0
59974000: system.cpu T0 : 0x120027b14    : stq        r2,16(r2)       : MemWrite :  D=0x00000001200c3a98 A=0x1200c3aa8
59974000: system.cpu T0 : 0x120027b18    : lda        r2,16(r2)       : IntAlu :  D=0x00000001200c3aa8
59975000: system.cpu T0 : 0x120027b1c    : cmpeq      r2,r3,r1        : IntAlu :  D=0x0000000000000000
59976000: system.cpu T0 : 0x120027b20    : beq        r1,0x120027b10  : IntAlu : 
59979000: system.cpu T0 : 0x120027b10    : stq        r2,24(r2)       : MemWrite :  D=0x00000001200c3aa8 A=0x1200c3ac0
59983000: system.cpu T0 : 0x120027b14    : stq        r2,16(r2)       : MemWrite :  D=0x00000001200c3aa8 A=0x1200c3ab8
59983000: system.cpu T0 : 0x120027b18    : lda        r2,16(r2)       : IntAlu :  D=0x00000001200c3ab8
59983000: system.cpu T0 : 0x120027b1c    : cmpeq      r2,r3,r1        : IntAlu :  D=0x0000000000000000
59983000: system.cpu T0 : 0x120027b20    : beq        r1,0x120027b10  : IntAlu : 
59984000: system.cpu T0 : 0x120027b10    : stq        r2,24(r2)       : MemWrite :  D=0x00000001200c3ab8 A=0x1200c3ad0
59984000: system.cpu T0 : 0x120027b14    : stq        r2,16(r2)       : MemWrite :  D=0x00000001200c3ab8 A=0x1200c3ac8
59984000: system.cpu T0 : 0x120027b18    : lda        r2,16(r2)       : IntAlu :  D=0x00000001200c3ac8
59985000: system.cpu T0 : 0x120027b1c    : cmpeq      r2,r3,r1        : IntAlu :  D=0x0000000000000000
59986000: system.cpu T0 : 0x120027b20    : beq        r1,0x120027b10  : IntAlu : 
59989000: system.cpu T0 : 0x120027b10    : stq        r2,24(r2)       : MemWrite :  D=0x00000001200c3ac8 A=0x1200c3ae0
59989000: system.cpu T0 : 0x120027b14    : stq        r2,16(r2)       : MemWrite :  D=0x00000001200c3ac8 A=0x1200c3ad8
59989000: system.cpu T0 : 0x120027b18    : lda        r2,16(r2)       : IntAlu :  D=0x00000001200c3ad8
59990000: system.cpu T0 : 0x120027b1c    : cmpeq      r2,r3,r1        : IntAlu :  D=0x0000000000000000
59991000: system.cpu T0 : 0x120027b20    : beq        r1,0x120027b10  : IntAlu : 
59994000: system.cpu T0 : 0x120027b10    : stq        r2,24(r2)       : MemWrite :  D=0x00000001200c3ad8 A=0x1200c3af0
59994000: system.cpu T0 : 0x120027b14    : stq        r2,16(r2)       : MemWrite :  D=0x00000001200c3ad8 A=0x1200c3ae8
59994000: system.cpu T0 : 0x120027b18    : lda        r2,16(r2)       : IntAlu :  D=0x00000001200c3ae8
59995000: system.cpu T0 : 0x120027b1c    : cmpeq      r2,r3,r1        : IntAlu :  D=0x0000000000000000
59996000: system.cpu T0 : 0x120027b20    : beq        r1,0x120027b10  : IntAlu : 
59999000: system.cpu T0 : 0x120027b10    : stq        r2,24(r2)       : MemWrite :  D=0x00000001200c3ae8 A=0x1200c3b00
60003000: system.cpu T0 : 0x120027b14    : stq        r2,16(r2)       : MemWrite :  D=0x00000001200c3ae8 A=0x1200c3af8
60003000: system.cpu T0 : 0x120027b18    : lda        r2,16(r2)       : IntAlu :  D=0x00000001200c3af8
60003000: system.cpu T0 : 0x120027b1c    : cmpeq      r2,r3,r1        : IntAlu :  D=0x0000000000000000
60003000: system.cpu T0 : 0x120027b20    : beq        r1,0x120027b10  : IntAlu : 
60004000: system.cpu T0 : 0x120027b10    : stq        r2,24(r2)       : MemWrite :  D=0x00000001200c3af8 A=0x1200c3b10
60004000: system.cpu T0 : 0x120027b14    : stq        r2,16(r2)       : MemWrite :  D=0x00000001200c3af8 A=0x1200c3b08
60004000: system.cpu T0 : 0x120027b18    : lda        r2,16(r2)       : IntAlu :  D=0x00000001200c3b08
60005000: system.cpu T0 : 0x120027b1c    : cmpeq      r2,r3,r1        : IntAlu :  D=0x0000000000000000
60006000: system.cpu T0 : 0x120027b20    : beq        r1,0x120027b10  : IntAlu : 
60009000: system.cpu T0 : 0x120027b10    : stq        r2,24(r2)       : MemWrite :  D=0x00000001200c3b08 A=0x1200c3b20
60009000: system.cpu T0 : 0x120027b14    : stq        r2,16(r2)       : MemWrite :  D=0x00000001200c3b08 A=0x1200c3b18
60009000: system.cpu T0 : 0x120027b18    : lda        r2,16(r2)       : IntAlu :  D=0x00000001200c3b18
60010000: system.cpu T0 : 0x120027b1c    : cmpeq      r2,r3,r1        : IntAlu :  D=0x0000000000000000
60011000: system.cpu T0 : 0x120027b20    : beq        r1,0x120027b10  : IntAlu : 
60014000: system.cpu T0 : 0x120027b10    : stq        r2,24(r2)       : MemWrite :  D=0x00000001200c3b18 A=0x1200c3b30
60014000: system.cpu T0 : 0x120027b14    : stq        r2,16(r2)       : MemWrite :  D=0x00000001200c3b18 A=0x1200c3b28
60014000: system.cpu T0 : 0x120027b18    : lda        r2,16(r2)       : IntAlu :  D=0x00000001200c3b28
60015000: system.cpu T0 : 0x120027b1c    : cmpeq      r2,r3,r1        : IntAlu :  D=0x0000000000000000
60016000: system.cpu T0 : 0x120027b20    : beq        r1,0x120027b10  : IntAlu : 
60019000: system.cpu T0 : 0x120027b10    : stq        r2,24(r2)       : MemWrite :  D=0x00000001200c3b28 A=0x1200c3b40
60023000: system.cpu T0 : 0x120027b14    : stq        r2,16(r2)       : MemWrite :  D=0x00000001200c3b28 A=0x1200c3b38
60023000: system.cpu T0 : 0x120027b18    : lda        r2,16(r2)       : IntAlu :  D=0x00000001200c3b38
60023000: system.cpu T0 : 0x120027b1c    : cmpeq      r2,r3,r1        : IntAlu :  D=0x0000000000000000
60023000: system.cpu T0 : 0x120027b20    : beq        r1,0x120027b10  : IntAlu : 
60024000: system.cpu T0 : 0x120027b10    : stq        r2,24(r2)       : MemWrite :  D=0x00000001200c3b38 A=0x1200c3b50
60024000: system.cpu T0 : 0x120027b14    : stq        r2,16(r2)       : MemWrite :  D=0x00000001200c3b38 A=0x1200c3b48
60024000: system.cpu T0 : 0x120027b18    : lda        r2,16(r2)       : IntAlu :  D=0x00000001200c3b48
60025000: system.cpu T0 : 0x120027b1c    : cmpeq      r2,r3,r1        : IntAlu :  D=0x0000000000000000
60026000: system.cpu T0 : 0x120027b20    : beq        r1,0x120027b10  : IntAlu : 
60029000: system.cpu T0 : 0x120027b10    : stq        r2,24(r2)       : MemWrite :  D=0x00000001200c3b48 A=0x1200c3b60
60029000: system.cpu T0 : 0x120027b14    : stq        r2,16(r2)       : MemWrite :  D=0x00000001200c3b48 A=0x1200c3b58
60029000: system.cpu T0 : 0x120027b18    : lda        r2,16(r2)       : IntAlu :  D=0x00000001200c3b58
60030000: system.cpu T0 : 0x120027b1c    : cmpeq      r2,r3,r1        : IntAlu :  D=0x0000000000000000
60031000: system.cpu T0 : 0x120027b20    : beq        r1,0x120027b10  : IntAlu : 
60034000: system.cpu T0 : 0x120027b10    : stq        r2,24(r2)       : MemWrite :  D=0x00000001200c3b58 A=0x1200c3b70
60034000: system.cpu T0 : 0x120027b14    : stq        r2,16(r2)       : MemWrite :  D=0x00000001200c3b58 A=0x1200c3b68
60034000: system.cpu T0 : 0x120027b18    : lda        r2,16(r2)       : IntAlu :  D=0x00000001200c3b68
60035000: system.cpu T0 : 0x120027b1c    : cmpeq      r2,r3,r1        : IntAlu :  D=0x0000000000000000
60036000: system.cpu T0 : 0x120027b20    : beq        r1,0x120027b10  : IntAlu : 
60039000: system.cpu T0 : 0x120027b10    : stq        r2,24(r2)       : MemWrite :  D=0x00000001200c3b68 A=0x1200c3b80
60280000: system.cpu T0 : 0x120027b14    : stq        r2,16(r2)       : MemWrite :  D=0x00000001200c3b68 A=0x1200c3b78
60280000: system.cpu T0 : 0x120027b18    : lda        r2,16(r2)       : IntAlu :  D=0x00000001200c3b78
60280000: system.cpu T0 : 0x120027b1c    : cmpeq      r2,r3,r1        : IntAlu :  D=0x0000000000000000
60280000: system.cpu T0 : 0x120027b20    : beq        r1,0x120027b10  : IntAlu : 
60281000: system.cpu T0 : 0x120027b10    : stq        r2,24(r2)       : MemWrite :  D=0x00000001200c3b78 A=0x1200c3b90
60281000: system.cpu T0 : 0x120027b14    : stq        r2,16(r2)       : MemWrite :  D=0x00000001200c3b78 A=0x1200c3b88
60281000: system.cpu T0 : 0x120027b18    : lda        r2,16(r2)       : IntAlu :  D=0x00000001200c3b88
60282000: system.cpu T0 : 0x120027b1c    : cmpeq      r2,r3,r1        : IntAlu :  D=0x0000000000000000
60283000: system.cpu T0 : 0x120027b20    : beq        r1,0x120027b10  : IntAlu : 
60286000: system.cpu T0 : 0x120027b10    : stq        r2,24(r2)       : MemWrite :  D=0x00000001200c3b88 A=0x1200c3ba0
60286000: system.cpu T0 : 0x120027b14    : stq        r2,16(r2)       : MemWrite :  D=0x00000001200c3b88 A=0x1200c3b98
60286000: system.cpu T0 : 0x120027b18    : lda        r2,16(r2)       : IntAlu :  D=0x00000001200c3b98
60287000: system.cpu T0 : 0x120027b1c    : cmpeq      r2,r3,r1        : IntAlu :  D=0x0000000000000000
60288000: system.cpu T0 : 0x120027b20    : beq        r1,0x120027b10  : IntAlu : 
60291000: system.cpu T0 : 0x120027b10    : stq        r2,24(r2)       : MemWrite :  D=0x00000001200c3b98 A=0x1200c3bb0
60291000: system.cpu T0 : 0x120027b14    : stq        r2,16(r2)       : MemWrite :  D=0x00000001200c3b98 A=0x1200c3ba8
60291000: system.cpu T0 : 0x120027b18    : lda        r2,16(r2)       : IntAlu :  D=0x00000001200c3ba8
60292000: system.cpu T0 : 0x120027b1c    : cmpeq      r2,r3,r1        : IntAlu :  D=0x0000000000000000
60293000: system.cpu T0 : 0x120027b20    : beq        r1,0x120027b10  : IntAlu : 
60296000: system.cpu T0 : 0x120027b10    : stq        r2,24(r2)       : MemWrite :  D=0x00000001200c3ba8 A=0x1200c3bc0
60300000: system.cpu T0 : 0x120027b14    : stq        r2,16(r2)       : MemWrite :  D=0x00000001200c3ba8 A=0x1200c3bb8
60300000: system.cpu T0 : 0x120027b18    : lda        r2,16(r2)       : IntAlu :  D=0x00000001200c3bb8
60300000: system.cpu T0 : 0x120027b1c    : cmpeq      r2,r3,r1        : IntAlu :  D=0x0000000000000000
60300000: system.cpu T0 : 0x120027b20    : beq        r1,0x120027b10  : IntAlu : 
60301000: system.cpu T0 : 0x120027b10    : stq        r2,24(r2)       : MemWrite :  D=0x00000001200c3bb8 A=0x1200c3bd0
60301000: system.cpu T0 : 0x120027b14    : stq        r2,16(r2)       : MemWrite :  D=0x00000001200c3bb8 A=0x1200c3bc8
60301000: system.cpu T0 : 0x120027b18    : lda        r2,16(r2)       : IntAlu :  D=0x00000001200c3bc8
60302000: system.cpu T0 : 0x120027b1c    : cmpeq      r2,r3,r1        : IntAlu :  D=0x0000000000000000
60303000: system.cpu T0 : 0x120027b20    : beq        r1,0x120027b10  : IntAlu : 
60306000: system.cpu T0 : 0x120027b10    : stq        r2,24(r2)       : MemWrite :  D=0x00000001200c3bc8 A=0x1200c3be0
60306000: system.cpu T0 : 0x120027b14    : stq        r2,16(r2)       : MemWrite :  D=0x00000001200c3bc8 A=0x1200c3bd8
60306000: system.cpu T0 : 0x120027b18    : lda        r2,16(r2)       : IntAlu :  D=0x00000001200c3bd8
60307000: system.cpu T0 : 0x120027b1c    : cmpeq      r2,r3,r1        : IntAlu :  D=0x0000000000000000
60308000: system.cpu T0 : 0x120027b20    : beq        r1,0x120027b10  : IntAlu : 
60311000: system.cpu T0 : 0x120027b10    : stq        r2,24(r2)       : MemWrite :  D=0x00000001200c3bd8 A=0x1200c3bf0
60311000: system.cpu T0 : 0x120027b14    : stq        r2,16(r2)       : MemWrite :  D=0x00000001200c3bd8 A=0x1200c3be8
60311000: system.cpu T0 : 0x120027b18    : lda        r2,16(r2)       : IntAlu :  D=0x00000001200c3be8
60312000: system.cpu T0 : 0x120027b1c    : cmpeq      r2,r3,r1        : IntAlu :  D=0x0000000000000000
60313000: system.cpu T0 : 0x120027b20    : beq        r1,0x120027b10  : IntAlu : 
60316000: system.cpu T0 : 0x120027b10    : stq        r2,24(r2)       : MemWrite :  D=0x00000001200c3be8 A=0x1200c3c00
60320000: system.cpu T0 : 0x120027b14    : stq        r2,16(r2)       : MemWrite :  D=0x00000001200c3be8 A=0x1200c3bf8
60320000: system.cpu T0 : 0x120027b18    : lda        r2,16(r2)       : IntAlu :  D=0x00000001200c3bf8
60320000: system.cpu T0 : 0x120027b1c    : cmpeq      r2,r3,r1        : IntAlu :  D=0x0000000000000000
60320000: system.cpu T0 : 0x120027b20    : beq        r1,0x120027b10  : IntAlu : 
60321000: system.cpu T0 : 0x120027b10    : stq        r2,24(r2)       : MemWrite :  D=0x00000001200c3bf8 A=0x1200c3c10
60321000: system.cpu T0 : 0x120027b14    : stq        r2,16(r2)       : MemWrite :  D=0x00000001200c3bf8 A=0x1200c3c08
60321000: system.cpu T0 : 0x120027b18    : lda        r2,16(r2)       : IntAlu :  D=0x00000001200c3c08
60322000: system.cpu T0 : 0x120027b1c    : cmpeq      r2,r3,r1        : IntAlu :  D=0x0000000000000000
60323000: system.cpu T0 : 0x120027b20    : beq        r1,0x120027b10  : IntAlu : 
60326000: system.cpu T0 : 0x120027b10    : stq        r2,24(r2)       : MemWrite :  D=0x00000001200c3c08 A=0x1200c3c20
60326000: system.cpu T0 : 0x120027b14    : stq        r2,16(r2)       : MemWrite :  D=0x00000001200c3c08 A=0x1200c3c18
60326000: system.cpu T0 : 0x120027b18    : lda        r2,16(r2)       : IntAlu :  D=0x00000001200c3c18
60327000: system.cpu T0 : 0x120027b1c    : cmpeq      r2,r3,r1        : IntAlu :  D=0x0000000000000000
60328000: system.cpu T0 : 0x120027b20    : beq        r1,0x120027b10  : IntAlu : 
60331000: system.cpu T0 : 0x120027b10    : stq        r2,24(r2)       : MemWrite :  D=0x00000001200c3c18 A=0x1200c3c30
60331000: system.cpu T0 : 0x120027b14    : stq        r2,16(r2)       : MemWrite :  D=0x00000001200c3c18 A=0x1200c3c28
60331000: system.cpu T0 : 0x120027b18    : lda        r2,16(r2)       : IntAlu :  D=0x00000001200c3c28
60332000: system.cpu T0 : 0x120027b1c    : cmpeq      r2,r3,r1        : IntAlu :  D=0x0000000000000000
60333000: system.cpu T0 : 0x120027b20    : beq        r1,0x120027b10  : IntAlu : 
60336000: system.cpu T0 : 0x120027b10    : stq        r2,24(r2)       : MemWrite :  D=0x00000001200c3c28 A=0x1200c3c40
60340000: system.cpu T0 : 0x120027b14    : stq        r2,16(r2)       : MemWrite :  D=0x00000001200c3c28 A=0x1200c3c38
60340000: system.cpu T0 : 0x120027b18    : lda        r2,16(r2)       : IntAlu :  D=0x00000001200c3c38
60340000: system.cpu T0 : 0x120027b1c    : cmpeq      r2,r3,r1        : IntAlu :  D=0x0000000000000000
60340000: system.cpu T0 : 0x120027b20    : beq        r1,0x120027b10  : IntAlu : 
60341000: system.cpu T0 : 0x120027b10    : stq        r2,24(r2)       : MemWrite :  D=0x00000001200c3c38 A=0x1200c3c50
60341000: system.cpu T0 : 0x120027b14    : stq        r2,16(r2)       : MemWrite :  D=0x00000001200c3c38 A=0x1200c3c48
60341000: system.cpu T0 : 0x120027b18    : lda        r2,16(r2)       : IntAlu :  D=0x00000001200c3c48
60342000: system.cpu T0 : 0x120027b1c    : cmpeq      r2,r3,r1        : IntAlu :  D=0x0000000000000000
60343000: system.cpu T0 : 0x120027b20    : beq        r1,0x120027b10  : IntAlu : 
60346000: system.cpu T0 : 0x120027b10    : stq        r2,24(r2)       : MemWrite :  D=0x00000001200c3c48 A=0x1200c3c60
60346000: system.cpu T0 : 0x120027b14    : stq        r2,16(r2)       : MemWrite :  D=0x00000001200c3c48 A=0x1200c3c58
60346000: system.cpu T0 : 0x120027b18    : lda        r2,16(r2)       : IntAlu :  D=0x00000001200c3c58
60347000: system.cpu T0 : 0x120027b1c    : cmpeq      r2,r3,r1        : IntAlu :  D=0x0000000000000000
60348000: system.cpu T0 : 0x120027b20    : beq        r1,0x120027b10  : IntAlu : 
60351000: system.cpu T0 : 0x120027b10    : stq        r2,24(r2)       : MemWrite :  D=0x00000001200c3c58 A=0x1200c3c70
60351000: system.cpu T0 : 0x120027b14    : stq        r2,16(r2)       : MemWrite :  D=0x00000001200c3c58 A=0x1200c3c68
60351000: system.cpu T0 : 0x120027b18    : lda        r2,16(r2)       : IntAlu :  D=0x00000001200c3c68
60352000: system.cpu T0 : 0x120027b1c    : cmpeq      r2,r3,r1        : IntAlu :  D=0x0000000000000000
60353000: system.cpu T0 : 0x120027b20    : beq        r1,0x120027b10  : IntAlu : 
60356000: system.cpu T0 : 0x120027b10    : stq        r2,24(r2)       : MemWrite :  D=0x00000001200c3c68 A=0x1200c3c80
60360000: system.cpu T0 : 0x120027b14    : stq        r2,16(r2)       : MemWrite :  D=0x00000001200c3c68 A=0x1200c3c78
60360000: system.cpu T0 : 0x120027b18    : lda        r2,16(r2)       : IntAlu :  D=0x00000001200c3c78
60360000: system.cpu T0 : 0x120027b1c    : cmpeq      r2,r3,r1        : IntAlu :  D=0x0000000000000000
60360000: system.cpu T0 : 0x120027b20    : beq        r1,0x120027b10  : IntAlu : 
60361000: system.cpu T0 : 0x120027b10    : stq        r2,24(r2)       : MemWrite :  D=0x00000001200c3c78 A=0x1200c3c90
60361000: system.cpu T0 : 0x120027b14    : stq        r2,16(r2)       : MemWrite :  D=0x00000001200c3c78 A=0x1200c3c88
60361000: system.cpu T0 : 0x120027b18    : lda        r2,16(r2)       : IntAlu :  D=0x00000001200c3c88
60362000: system.cpu T0 : 0x120027b1c    : cmpeq      r2,r3,r1        : IntAlu :  D=0x0000000000000000
60363000: system.cpu T0 : 0x120027b20    : beq        r1,0x120027b10  : IntAlu : 
60366000: system.cpu T0 : 0x120027b10    : stq        r2,24(r2)       : MemWrite :  D=0x00000001200c3c88 A=0x1200c3ca0
60366000: system.cpu T0 : 0x120027b14    : stq        r2,16(r2)       : MemWrite :  D=0x00000001200c3c88 A=0x1200c3c98
60366000: system.cpu T0 : 0x120027b18    : lda        r2,16(r2)       : IntAlu :  D=0x00000001200c3c98
60367000: system.cpu T0 : 0x120027b1c    : cmpeq      r2,r3,r1        : IntAlu :  D=0x0000000000000000
60368000: system.cpu T0 : 0x120027b20    : beq        r1,0x120027b10  : IntAlu : 
60371000: system.cpu T0 : 0x120027b10    : stq        r2,24(r2)       : MemWrite :  D=0x00000001200c3c98 A=0x1200c3cb0
60371000: system.cpu T0 : 0x120027b14    : stq        r2,16(r2)       : MemWrite :  D=0x00000001200c3c98 A=0x1200c3ca8
60371000: system.cpu T0 : 0x120027b18    : lda        r2,16(r2)       : IntAlu :  D=0x00000001200c3ca8
60372000: system.cpu T0 : 0x120027b1c    : cmpeq      r2,r3,r1        : IntAlu :  D=0x0000000000000000
60373000: system.cpu T0 : 0x120027b20    : beq        r1,0x120027b10  : IntAlu : 
60376000: system.cpu T0 : 0x120027b10    : stq        r2,24(r2)       : MemWrite :  D=0x00000001200c3ca8 A=0x1200c3cc0
60380000: system.cpu T0 : 0x120027b14    : stq        r2,16(r2)       : MemWrite :  D=0x00000001200c3ca8 A=0x1200c3cb8
60380000: system.cpu T0 : 0x120027b18    : lda        r2,16(r2)       : IntAlu :  D=0x00000001200c3cb8
60380000: system.cpu T0 : 0x120027b1c    : cmpeq      r2,r3,r1        : IntAlu :  D=0x0000000000000000
60380000: system.cpu T0 : 0x120027b20    : beq        r1,0x120027b10  : IntAlu : 
60381000: system.cpu T0 : 0x120027b10    : stq        r2,24(r2)       : MemWrite :  D=0x00000001200c3cb8 A=0x1200c3cd0
60381000: system.cpu T0 : 0x120027b14    : stq        r2,16(r2)       : MemWrite :  D=0x00000001200c3cb8 A=0x1200c3cc8
60381000: system.cpu T0 : 0x120027b18    : lda        r2,16(r2)       : IntAlu :  D=0x00000001200c3cc8
60382000: system.cpu T0 : 0x120027b1c    : cmpeq      r2,r3,r1        : IntAlu :  D=0x0000000000000000
60383000: system.cpu T0 : 0x120027b20    : beq        r1,0x120027b10  : IntAlu : 
60386000: system.cpu T0 : 0x120027b10    : stq        r2,24(r2)       : MemWrite :  D=0x00000001200c3cc8 A=0x1200c3ce0
60386000: system.cpu T0 : 0x120027b14    : stq        r2,16(r2)       : MemWrite :  D=0x00000001200c3cc8 A=0x1200c3cd8
60386000: system.cpu T0 : 0x120027b18    : lda        r2,16(r2)       : IntAlu :  D=0x00000001200c3cd8
60387000: system.cpu T0 : 0x120027b1c    : cmpeq      r2,r3,r1        : IntAlu :  D=0x0000000000000000
60388000: system.cpu T0 : 0x120027b20    : beq        r1,0x120027b10  : IntAlu : 
60391000: system.cpu T0 : 0x120027b10    : stq        r2,24(r2)       : MemWrite :  D=0x00000001200c3cd8 A=0x1200c3cf0
60391000: system.cpu T0 : 0x120027b14    : stq        r2,16(r2)       : MemWrite :  D=0x00000001200c3cd8 A=0x1200c3ce8
60391000: system.cpu T0 : 0x120027b18    : lda        r2,16(r2)       : IntAlu :  D=0x00000001200c3ce8
60392000: system.cpu T0 : 0x120027b1c    : cmpeq      r2,r3,r1        : IntAlu :  D=0x0000000000000000
60393000: system.cpu T0 : 0x120027b20    : beq        r1,0x120027b10  : IntAlu : 
60396000: system.cpu T0 : 0x120027b10    : stq        r2,24(r2)       : MemWrite :  D=0x00000001200c3ce8 A=0x1200c3d00
60400000: system.cpu T0 : 0x120027b14    : stq        r2,16(r2)       : MemWrite :  D=0x00000001200c3ce8 A=0x1200c3cf8
60400000: system.cpu T0 : 0x120027b18    : lda        r2,16(r2)       : IntAlu :  D=0x00000001200c3cf8
60400000: system.cpu T0 : 0x120027b1c    : cmpeq      r2,r3,r1        : IntAlu :  D=0x0000000000000000
60400000: system.cpu T0 : 0x120027b20    : beq        r1,0x120027b10  : IntAlu : 
60401000: system.cpu T0 : 0x120027b10    : stq        r2,24(r2)       : MemWrite :  D=0x00000001200c3cf8 A=0x1200c3d10
60401000: system.cpu T0 : 0x120027b14    : stq        r2,16(r2)       : MemWrite :  D=0x00000001200c3cf8 A=0x1200c3d08
60401000: system.cpu T0 : 0x120027b18    : lda        r2,16(r2)       : IntAlu :  D=0x00000001200c3d08
60402000: system.cpu T0 : 0x120027b1c    : cmpeq      r2,r3,r1        : IntAlu :  D=0x0000000000000000
60403000: system.cpu T0 : 0x120027b20    : beq        r1,0x120027b10  : IntAlu : 
60406000: system.cpu T0 : 0x120027b10    : stq        r2,24(r2)       : MemWrite :  D=0x00000001200c3d08 A=0x1200c3d20
60406000: system.cpu T0 : 0x120027b14    : stq        r2,16(r2)       : MemWrite :  D=0x00000001200c3d08 A=0x1200c3d18
60406000: system.cpu T0 : 0x120027b18    : lda        r2,16(r2)       : IntAlu :  D=0x00000001200c3d18
60407000: system.cpu T0 : 0x120027b1c    : cmpeq      r2,r3,r1        : IntAlu :  D=0x0000000000000000
60408000: system.cpu T0 : 0x120027b20    : beq        r1,0x120027b10  : IntAlu : 
60411000: system.cpu T0 : 0x120027b10    : stq        r2,24(r2)       : MemWrite :  D=0x00000001200c3d18 A=0x1200c3d30
60411000: system.cpu T0 : 0x120027b14    : stq        r2,16(r2)       : MemWrite :  D=0x00000001200c3d18 A=0x1200c3d28
60411000: system.cpu T0 : 0x120027b18    : lda        r2,16(r2)       : IntAlu :  D=0x00000001200c3d28
60412000: system.cpu T0 : 0x120027b1c    : cmpeq      r2,r3,r1        : IntAlu :  D=0x0000000000000000
60413000: system.cpu T0 : 0x120027b20    : beq        r1,0x120027b10  : IntAlu : 
60416000: system.cpu T0 : 0x120027b10    : stq        r2,24(r2)       : MemWrite :  D=0x00000001200c3d28 A=0x1200c3d40
60420000: system.cpu T0 : 0x120027b14    : stq        r2,16(r2)       : MemWrite :  D=0x00000001200c3d28 A=0x1200c3d38
60420000: system.cpu T0 : 0x120027b18    : lda        r2,16(r2)       : IntAlu :  D=0x00000001200c3d38
60420000: system.cpu T0 : 0x120027b1c    : cmpeq      r2,r3,r1        : IntAlu :  D=0x0000000000000000
60420000: system.cpu T0 : 0x120027b20    : beq        r1,0x120027b10  : IntAlu : 
60421000: system.cpu T0 : 0x120027b10    : stq        r2,24(r2)       : MemWrite :  D=0x00000001200c3d38 A=0x1200c3d50
60421000: system.cpu T0 : 0x120027b14    : stq        r2,16(r2)       : MemWrite :  D=0x00000001200c3d38 A=0x1200c3d48
60421000: system.cpu T0 : 0x120027b18    : lda        r2,16(r2)       : IntAlu :  D=0x00000001200c3d48
60422000: system.cpu T0 : 0x120027b1c    : cmpeq      r2,r3,r1        : IntAlu :  D=0x0000000000000000
60423000: system.cpu T0 : 0x120027b20    : beq        r1,0x120027b10  : IntAlu : 
60426000: system.cpu T0 : 0x120027b10    : stq        r2,24(r2)       : MemWrite :  D=0x00000001200c3d48 A=0x1200c3d60
60426000: system.cpu T0 : 0x120027b14    : stq        r2,16(r2)       : MemWrite :  D=0x00000001200c3d48 A=0x1200c3d58
60426000: system.cpu T0 : 0x120027b18    : lda        r2,16(r2)       : IntAlu :  D=0x00000001200c3d58
60427000: system.cpu T0 : 0x120027b1c    : cmpeq      r2,r3,r1        : IntAlu :  D=0x0000000000000000
60428000: system.cpu T0 : 0x120027b20    : beq        r1,0x120027b10  : IntAlu : 
60431000: system.cpu T0 : 0x120027b10    : stq        r2,24(r2)       : MemWrite :  D=0x00000001200c3d58 A=0x1200c3d70
60431000: system.cpu T0 : 0x120027b14    : stq        r2,16(r2)       : MemWrite :  D=0x00000001200c3d58 A=0x1200c3d68
60431000: system.cpu T0 : 0x120027b18    : lda        r2,16(r2)       : IntAlu :  D=0x00000001200c3d68
60432000: system.cpu T0 : 0x120027b1c    : cmpeq      r2,r3,r1        : IntAlu :  D=0x0000000000000000
60433000: system.cpu T0 : 0x120027b20    : beq        r1,0x120027b10  : IntAlu : 
60436000: system.cpu T0 : 0x120027b10    : stq        r2,24(r2)       : MemWrite :  D=0x00000001200c3d68 A=0x1200c3d80
60440000: system.cpu T0 : 0x120027b14    : stq        r2,16(r2)       : MemWrite :  D=0x00000001200c3d68 A=0x1200c3d78
60440000: system.cpu T0 : 0x120027b18    : lda        r2,16(r2)       : IntAlu :  D=0x00000001200c3d78
60440000: system.cpu T0 : 0x120027b1c    : cmpeq      r2,r3,r1        : IntAlu :  D=0x0000000000000000
60440000: system.cpu T0 : 0x120027b20    : beq        r1,0x120027b10  : IntAlu : 
60441000: system.cpu T0 : 0x120027b10    : stq        r2,24(r2)       : MemWrite :  D=0x00000001200c3d78 A=0x1200c3d90
60441000: system.cpu T0 : 0x120027b14    : stq        r2,16(r2)       : MemWrite :  D=0x00000001200c3d78 A=0x1200c3d88
60441000: system.cpu T0 : 0x120027b18    : lda        r2,16(r2)       : IntAlu :  D=0x00000001200c3d88
60442000: system.cpu T0 : 0x120027b1c    : cmpeq      r2,r3,r1        : IntAlu :  D=0x0000000000000000
60443000: system.cpu T0 : 0x120027b20    : beq        r1,0x120027b10  : IntAlu : 
60446000: system.cpu T0 : 0x120027b10    : stq        r2,24(r2)       : MemWrite :  D=0x00000001200c3d88 A=0x1200c3da0
60446000: system.cpu T0 : 0x120027b14    : stq        r2,16(r2)       : MemWrite :  D=0x00000001200c3d88 A=0x1200c3d98
60446000: system.cpu T0 : 0x120027b18    : lda        r2,16(r2)       : IntAlu :  D=0x00000001200c3d98
60447000: system.cpu T0 : 0x120027b1c    : cmpeq      r2,r3,r1        : IntAlu :  D=0x0000000000000000
60448000: system.cpu T0 : 0x120027b20    : beq        r1,0x120027b10  : IntAlu : 
60451000: system.cpu T0 : 0x120027b10    : stq        r2,24(r2)       : MemWrite :  D=0x00000001200c3d98 A=0x1200c3db0
60451000: system.cpu T0 : 0x120027b14    : stq        r2,16(r2)       : MemWrite :  D=0x00000001200c3d98 A=0x1200c3da8
60451000: system.cpu T0 : 0x120027b18    : lda        r2,16(r2)       : IntAlu :  D=0x00000001200c3da8
60452000: system.cpu T0 : 0x120027b1c    : cmpeq      r2,r3,r1        : IntAlu :  D=0x0000000000000000
60453000: system.cpu T0 : 0x120027b20    : beq        r1,0x120027b10  : IntAlu : 
60456000: system.cpu T0 : 0x120027b10    : stq        r2,24(r2)       : MemWrite :  D=0x00000001200c3da8 A=0x1200c3dc0
60460000: system.cpu T0 : 0x120027b14    : stq        r2,16(r2)       : MemWrite :  D=0x00000001200c3da8 A=0x1200c3db8
60460000: system.cpu T0 : 0x120027b18    : lda        r2,16(r2)       : IntAlu :  D=0x00000001200c3db8
60460000: system.cpu T0 : 0x120027b1c    : cmpeq      r2,r3,r1        : IntAlu :  D=0x0000000000000000
60460000: system.cpu T0 : 0x120027b20    : beq        r1,0x120027b10  : IntAlu : 
60461000: system.cpu T0 : 0x120027b10    : stq        r2,24(r2)       : MemWrite :  D=0x00000001200c3db8 A=0x1200c3dd0
60461000: system.cpu T0 : 0x120027b14    : stq        r2,16(r2)       : MemWrite :  D=0x00000001200c3db8 A=0x1200c3dc8
60461000: system.cpu T0 : 0x120027b18    : lda        r2,16(r2)       : IntAlu :  D=0x00000001200c3dc8
60462000: system.cpu T0 : 0x120027b1c    : cmpeq      r2,r3,r1        : IntAlu :  D=0x0000000000000000
60463000: system.cpu T0 : 0x120027b20    : beq        r1,0x120027b10  : IntAlu : 
60466000: system.cpu T0 : 0x120027b10    : stq        r2,24(r2)       : MemWrite :  D=0x00000001200c3dc8 A=0x1200c3de0
60466000: system.cpu T0 : 0x120027b14    : stq        r2,16(r2)       : MemWrite :  D=0x00000001200c3dc8 A=0x1200c3dd8
60466000: system.cpu T0 : 0x120027b18    : lda        r2,16(r2)       : IntAlu :  D=0x00000001200c3dd8
60467000: system.cpu T0 : 0x120027b1c    : cmpeq      r2,r3,r1        : IntAlu :  D=0x0000000000000000
60468000: system.cpu T0 : 0x120027b20    : beq        r1,0x120027b10  : IntAlu : 
60471000: system.cpu T0 : 0x120027b10    : stq        r2,24(r2)       : MemWrite :  D=0x00000001200c3dd8 A=0x1200c3df0
60471000: system.cpu T0 : 0x120027b14    : stq        r2,16(r2)       : MemWrite :  D=0x00000001200c3dd8 A=0x1200c3de8
60471000: system.cpu T0 : 0x120027b18    : lda        r2,16(r2)       : IntAlu :  D=0x00000001200c3de8
60472000: system.cpu T0 : 0x120027b1c    : cmpeq      r2,r3,r1        : IntAlu :  D=0x0000000000000000
60473000: system.cpu T0 : 0x120027b20    : beq        r1,0x120027b10  : IntAlu : 
60476000: system.cpu T0 : 0x120027b10    : stq        r2,24(r2)       : MemWrite :  D=0x00000001200c3de8 A=0x1200c3e00
60717000: system.cpu T0 : 0x120027b14    : stq        r2,16(r2)       : MemWrite :  D=0x00000001200c3de8 A=0x1200c3df8
60717000: system.cpu T0 : 0x120027b18    : lda        r2,16(r2)       : IntAlu :  D=0x00000001200c3df8
60717000: system.cpu T0 : 0x120027b1c    : cmpeq      r2,r3,r1        : IntAlu :  D=0x0000000000000000
60717000: system.cpu T0 : 0x120027b20    : beq        r1,0x120027b10  : IntAlu : 
60718000: system.cpu T0 : 0x120027b10    : stq        r2,24(r2)       : MemWrite :  D=0x00000001200c3df8 A=0x1200c3e10
60718000: system.cpu T0 : 0x120027b14    : stq        r2,16(r2)       : MemWrite :  D=0x00000001200c3df8 A=0x1200c3e08
60718000: system.cpu T0 : 0x120027b18    : lda        r2,16(r2)       : IntAlu :  D=0x00000001200c3e08
60719000: system.cpu T0 : 0x120027b1c    : cmpeq      r2,r3,r1        : IntAlu :  D=0x0000000000000000
60720000: system.cpu T0 : 0x120027b20    : beq        r1,0x120027b10  : IntAlu : 
60723000: system.cpu T0 : 0x120027b10    : stq        r2,24(r2)       : MemWrite :  D=0x00000001200c3e08 A=0x1200c3e20
60723000: system.cpu T0 : 0x120027b14    : stq        r2,16(r2)       : MemWrite :  D=0x00000001200c3e08 A=0x1200c3e18
60723000: system.cpu T0 : 0x120027b18    : lda        r2,16(r2)       : IntAlu :  D=0x00000001200c3e18
60724000: system.cpu T0 : 0x120027b1c    : cmpeq      r2,r3,r1        : IntAlu :  D=0x0000000000000000
60725000: system.cpu T0 : 0x120027b20    : beq        r1,0x120027b10  : IntAlu : 
60728000: system.cpu T0 : 0x120027b10    : stq        r2,24(r2)       : MemWrite :  D=0x00000001200c3e18 A=0x1200c3e30
60728000: system.cpu T0 : 0x120027b14    : stq        r2,16(r2)       : MemWrite :  D=0x00000001200c3e18 A=0x1200c3e28
60728000: system.cpu T0 : 0x120027b18    : lda        r2,16(r2)       : IntAlu :  D=0x00000001200c3e28
60729000: system.cpu T0 : 0x120027b1c    : cmpeq      r2,r3,r1        : IntAlu :  D=0x0000000000000000
60730000: system.cpu T0 : 0x120027b20    : beq        r1,0x120027b10  : IntAlu : 
60733000: system.cpu T0 : 0x120027b10    : stq        r2,24(r2)       : MemWrite :  D=0x00000001200c3e28 A=0x1200c3e40
60737000: system.cpu T0 : 0x120027b14    : stq        r2,16(r2)       : MemWrite :  D=0x00000001200c3e28 A=0x1200c3e38
60737000: system.cpu T0 : 0x120027b18    : lda        r2,16(r2)       : IntAlu :  D=0x00000001200c3e38
60737000: system.cpu T0 : 0x120027b1c    : cmpeq      r2,r3,r1        : IntAlu :  D=0x0000000000000000
60737000: system.cpu T0 : 0x120027b20    : beq        r1,0x120027b10  : IntAlu : 
60738000: system.cpu T0 : 0x120027b10    : stq        r2,24(r2)       : MemWrite :  D=0x00000001200c3e38 A=0x1200c3e50
60738000: system.cpu T0 : 0x120027b14    : stq        r2,16(r2)       : MemWrite :  D=0x00000001200c3e38 A=0x1200c3e48
60738000: system.cpu T0 : 0x120027b18    : lda        r2,16(r2)       : IntAlu :  D=0x00000001200c3e48
60739000: system.cpu T0 : 0x120027b1c    : cmpeq      r2,r3,r1        : IntAlu :  D=0x0000000000000000
60740000: system.cpu T0 : 0x120027b20    : beq        r1,0x120027b10  : IntAlu : 
60743000: system.cpu T0 : 0x120027b10    : stq        r2,24(r2)       : MemWrite :  D=0x00000001200c3e48 A=0x1200c3e60
60743000: system.cpu T0 : 0x120027b14    : stq        r2,16(r2)       : MemWrite :  D=0x00000001200c3e48 A=0x1200c3e58
60743000: system.cpu T0 : 0x120027b18    : lda        r2,16(r2)       : IntAlu :  D=0x00000001200c3e58
60744000: system.cpu T0 : 0x120027b1c    : cmpeq      r2,r3,r1        : IntAlu :  D=0x0000000000000000
60745000: system.cpu T0 : 0x120027b20    : beq        r1,0x120027b10  : IntAlu : 
60748000: system.cpu T0 : 0x120027b10    : stq        r2,24(r2)       : MemWrite :  D=0x00000001200c3e58 A=0x1200c3e70
60748000: system.cpu T0 : 0x120027b14    : stq        r2,16(r2)       : MemWrite :  D=0x00000001200c3e58 A=0x1200c3e68
60748000: system.cpu T0 : 0x120027b18    : lda        r2,16(r2)       : IntAlu :  D=0x00000001200c3e68
60749000: system.cpu T0 : 0x120027b1c    : cmpeq      r2,r3,r1        : IntAlu :  D=0x0000000000000000
60750000: system.cpu T0 : 0x120027b20    : beq        r1,0x120027b10  : IntAlu : 
60753000: system.cpu T0 : 0x120027b10    : stq        r2,24(r2)       : MemWrite :  D=0x00000001200c3e68 A=0x1200c3e80
60757000: system.cpu T0 : 0x120027b14    : stq        r2,16(r2)       : MemWrite :  D=0x00000001200c3e68 A=0x1200c3e78
60757000: system.cpu T0 : 0x120027b18    : lda        r2,16(r2)       : IntAlu :  D=0x00000001200c3e78
60757000: system.cpu T0 : 0x120027b1c    : cmpeq      r2,r3,r1        : IntAlu :  D=0x0000000000000001
60757000: system.cpu T0 : 0x120027b20    : beq        r1,0x120027b10  : IntAlu : 
60758000: system.cpu T0 : 0x120027b24    : ldah       r1,0(r29)       : IntAlu :  D=0x00000001200c8828
60759000: system.cpu T0 : 0x120027b28    : lda        r1,-20992(r1)   : IntAlu :  D=0x00000001200c3628
60760000: system.cpu T0 : 0x120027b2c    : cmpeq      r16,r1,r1       : IntAlu :  D=0x0000000000000001
60761000: system.cpu T0 : 0x120027b30    : bne        r1,0x120027b44  : IntAlu : 
60764000: system.cpu T0 : 0x120027b44    : lda        r2,80(r31)      : IntAlu :  D=0x0000000000000050
60764000: system.cpu T0 : 0x120027b48    : ldah       r1,0(r29)       : IntAlu :  D=0x00000001200c8828
60765000: system.cpu T0 : 0x120027b4c    : stq        r2,-29680(r1)   : MemWrite :  D=0x0000000000000050 A=0x1200c1438
61216000: system.cpu T0 : 0x120027b50    : ldl        r1,4(r16)       : MemRead :  D=0x0000000000000000 A=0x1200c362c
61218000: system.cpu T0 : 0x120027b54    : bis        r1,1,r1         : IntAlu :  D=0x0000000000000001
61219000: system.cpu T0 : 0x120027b58    : stl        r1,4(r16)       : MemWrite :  D=0x0000000000000001 A=0x1200c362c
61219000: system.cpu T0 : 0x120027b5c    : lda        r1,96(r16)      : IntAlu :  D=0x00000001200c3688
61220000: system.cpu T0 : 0x120027b60    : stq        r1,96(r16)      : MemWrite :  D=0x00000001200c3688 A=0x1200c3688
61220000: system.cpu T0 : 0x120027b64    : ret        (r26)           : IntAlu : 
61663000: system.cpu T0 : 0x1200286d8    : ldq        r26,0(r30)      : MemRead :  D=0x000000012002aaa0 A=0x11ff91b30
61670000: system.cpu T0 : 0x1200286dc    : ldq        r9,8(r30)       : MemRead :  D=0x00000001200c3628 A=0x11ff91b38
61672000: system.cpu T0 : 0x1200286e0    : ldq        r10,16(r30)     : MemRead :  D=0x000000011ff92008 A=0x11ff91b40
61679000: system.cpu T0 : 0x1200286e4    : ldq        r11,24(r30)     : MemRead :  D=0x0000000000000018 A=0x11ff91b48
61680000: system.cpu T0 : 0x1200286e8    : ldq        r12,32(r30)     : MemRead :  D=0x000000012001e450 A=0x11ff91b50
61680000: system.cpu T0 : 0x1200286ec    : ldq        r13,40(r30)     : MemRead :  D=0x00000001200c3628 A=0x11ff91b58
61680000: system.cpu T0 : 0x1200286f0    : ldq        r14,48(r30)     : MemRead :  D=0x0000000000000000 A=0x11ff91b60
61680000: system.cpu T0 : 0x1200286f4    : ldq        r15,56(r30)     : MemRead :  D=0x0000000000000020 A=0x11ff91b68
61681000: system.cpu T0 : 0x1200286f8    : lda        r30,96(r30)     : IntAlu :  D=0x000000011ff91b90
61681000: system.cpu T0 : 0x1200286fc    : ret        (r26)           : IntAlu : 
61681000: system.cpu T0 : 0x12002aaa0    : br         0x12002ab8c     : IntAlu : 
62104000: system.cpu T0 : 0x12002ab8c    : lda        r11,96(r13)     : IntAlu :  D=0x00000001200c3688
62104000: system.cpu T0 : 0x12002ab90    : lda        r14,112(r13)    : IntAlu :  D=0x00000001200c3698
62104000: system.cpu T0 : 0x12002ab94    : zapnot     r15,15,r1       : IntAlu :  D=0x0000000000000020
62104000: system.cpu T0 : 0x12002ab98    : lda        r4,1023(r31)    : IntAlu :  D=0x00000000000003ff
62105000: system.cpu T0 : 0x12002ab9c    : cmpule     r15,r4,r4       : IntAlu :  D=0x0000000000000001
62106000: system.cpu T0 : 0x12002aba0    : stq        r4,112(r30)     : MemWrite :  D=0x0000000000000001 A=0x11ff91c00
62106000: system.cpu T0 : 0x12002aba4    : lda        r2,32(r15)      : IntAlu :  D=0x0000000000000040
62107000: system.cpu T0 : 0x12002aba8    : stq        r2,120(r30)     : MemWrite :  D=0x0000000000000040 A=0x11ff91c08
62107000: system.cpu T0 : 0x12002abac    : lda        r3,1(r31)       : IntAlu :  D=0x0000000000000001
62108000: system.cpu T0 : 0x12002abb0    : stq        r3,128(r30)     : MemWrite :  D=0x0000000000000001 A=0x11ff91c10
62108000: system.cpu T0 : 0x12002abb4    : ldah       r2,-3(r29)      : IntAlu :  D=0x0000000120098828
62109000: system.cpu T0 : 0x12002abb8    : lda        r2,-26501(r2)   : IntAlu :  D=0x00000001200920a3
62110000: system.cpu T0 : 0x12002abbc    : stq        r2,136(r30)     : MemWrite :  D=0x00000001200920a3 A=0x11ff91c18
62530000: system.cpu T0 : 0x12002abc0    : ldah       r2,-32768(r31)  : IntAlu :  D=0xffffffff80000000
62531000: system.cpu T0 : 0x12002abc4    : ornot      r31,r2,r2       : IntAlu :  D=0x000000007fffffff
62532000: system.cpu T0 : 0x12002abc8    : stl        r2,144(r30)     : MemWrite :  D=0x000000007fffffff A=0x11ff91c20
62532000: system.cpu T0 : 0x12002abcc    : srl        r1,4,r1         : IntAlu :  D=0x0000000000000002
62533000: system.cpu T0 : 0x12002abd0    : stq        r1,160(r30)     : MemWrite :  D=0x0000000000000002 A=0x11ff91c30
62533000: system.cpu T0 : 0x12002abd4    : bis        r31,r31,r12     : IntAlu :  D=0x0000000000000000
62533000: system.cpu T0 : 0x12002abd8    : br         0x12002aebc     : IntAlu : 
62960000: system.cpu T0 : 0x12002aebc    : ldq        r9,24(r11)      : MemRead :  D=0x00000001200c3688 A=0x1200c36a0
62969000: system.cpu T0 : 0x12002aec0    : cmpeq      r11,r9,r1       : IntAlu :  D=0x0000000000000001
62970000: system.cpu T0 : 0x12002aec4    : beq        r1,0x12002abdc  : IntAlu : 
62971000: system.cpu T0 : 0x12002aec8    : ldq        r4,112(r30)     : MemRead :  D=0x0000000000000001 A=0x11ff91c00
62973000: system.cpu T0 : 0x12002aecc    : bne        r4,0x12002b0cc  : IntAlu : 
63822000: system.cpu T0 : 0x12002b0cc    : ldq        r4,96(r30)      : MemRead :  D=0x0000000000000002 A=0x11ff91bf0
63824000: system.cpu T0 : 0x12002b0d0    : addl       r4,1,r2         : IntAlu :  D=0x0000000000000003
63825000: system.cpu T0 : 0x12002b0d4    : bis        r31,r2,r3       : IntAlu :  D=0x0000000000000003
63826000: system.cpu T0 : 0x12002b0d8    : ldl        r4,144(r30)     : MemRead :  D=0x000000007fffffff A=0x11ff91c20
63828000: system.cpu T0 : 0x12002b0dc    : addq       r2,r4,r1        : IntAlu :  D=0x0000000080000002
63829000: system.cpu T0 : 0x12002b0e0    : addq       r1,r1,r1        : IntAlu :  D=0x0000000100000004
63830000: system.cpu T0 : 0x12002b0e4    : zapnot     r1,15,r1        : IntAlu :  D=0x0000000000000004
63831000: system.cpu T0 : 0x12002b0e8    : s8subq     r1,16,r1        : IntAlu :  D=0x0000000000000010
63832000: system.cpu T0 : 0x12002b0ec    : addq       r14,r1,r4       : IntAlu :  D=0x00000001200c36a8
63832000: system.cpu T0 : 0x12002b0f0    : zapnot     r2,15,r2        : IntAlu :  D=0x0000000000000003
63833000: system.cpu T0 : 0x12002b0f4    : srl        r2,5,r6         : IntAlu :  D=0x0000000000000000
63834000: system.cpu T0 : 0x12002b0f8    : s4addq     r6,r13,r1       : IntAlu :  D=0x00000001200c3628
63836000: system.cpu T0 : 0x12002b0fc    : ldl        r5,2144(r1)     : MemRead :  D=0x0000000000000000 A=0x1200c3e88
64254000: system.cpu T0 : 0x12002b100    : and        r3,31,r3        : IntAlu :  D=0x0000000000000003
64254000: system.cpu T0 : 0x12002b104    : lda        r1,1(r31)       : IntAlu :  D=0x0000000000000001
64255000: system.cpu T0 : 0x12002b108    : sll        r1,r3,r3        : IntAlu :  D=0x0000000000000008
64256000: system.cpu T0 : 0x12002b10c    : addl       r31,r3,r3       : IntAlu :  D=0x0000000000000008
64257000: system.cpu T0 : 0x12002b110    : zapnot     r3,15,r2        : IntAlu :  D=0x0000000000000008
64257000: system.cpu T0 : 0x12002b114    : zapnot     r5,15,r1        : IntAlu :  D=0x0000000000000000
64258000: system.cpu T0 : 0x12002b118    : cmpult     r1,r2,r1        : IntAlu :  D=0x0000000000000001
64258000: system.cpu T0 : 0x12002b11c    : cmpeq      r2,0,r2         : IntAlu :  D=0x0000000000000000
64259000: system.cpu T0 : 0x12002b120    : bis        r1,r2,r1        : IntAlu :  D=0x0000000000000001
64260000: system.cpu T0 : 0x12002b124    : blbc       r1,0x12002b160  : IntAlu : 
64260000: system.cpu T0 : 0x12002b128    : addl       r6,1,r6         : IntAlu :  D=0x0000000000000001
64261000: system.cpu T0 : 0x12002b12c    : zapnot     r6,15,r1        : IntAlu :  D=0x0000000000000001
64262000: system.cpu T0 : 0x12002b130    : cmpule     r1,3,r1         : IntAlu :  D=0x0000000000000001
64263000: system.cpu T0 : 0x12002b134    : beq        r1,0x12002b344  : IntAlu : 
64263000: system.cpu T0 : 0x12002b138    : zapnot     r6,15,r1        : IntAlu :  D=0x0000000000000001
64264000: system.cpu T0 : 0x12002b13c    : s4addq     r1,r13,r1       : IntAlu :  D=0x00000001200c362c
64684000: system.cpu T0 : 0x12002b140    : ldl        r5,2144(r1)     : MemRead :  D=0x0000000000000000 A=0x1200c3e8c
64686000: system.cpu T0 : 0x12002b144    : beq        r5,0x12002b128  : IntAlu : 
64689000: system.cpu T0 : 0x12002b128    : addl       r6,1,r6         : IntAlu :  D=0x0000000000000002
64690000: system.cpu T0 : 0x12002b12c    : zapnot     r6,15,r1        : IntAlu :  D=0x0000000000000002
64691000: system.cpu T0 : 0x12002b130    : cmpule     r1,3,r1         : IntAlu :  D=0x0000000000000001
64692000: system.cpu T0 : 0x12002b134    : beq        r1,0x12002b344  : IntAlu : 
64692000: system.cpu T0 : 0x12002b138    : zapnot     r6,15,r1        : IntAlu :  D=0x0000000000000002
64693000: system.cpu T0 : 0x12002b13c    : s4addq     r1,r13,r1       : IntAlu :  D=0x00000001200c3630
64695000: system.cpu T0 : 0x12002b140    : ldl        r5,2144(r1)     : MemRead :  D=0x0000000000000000 A=0x1200c3e90
64697000: system.cpu T0 : 0x12002b144    : beq        r5,0x12002b128  : IntAlu : 
64700000: system.cpu T0 : 0x12002b128    : addl       r6,1,r6         : IntAlu :  D=0x0000000000000003
64701000: system.cpu T0 : 0x12002b12c    : zapnot     r6,15,r1        : IntAlu :  D=0x0000000000000003
64702000: system.cpu T0 : 0x12002b130    : cmpule     r1,3,r1         : IntAlu :  D=0x0000000000000001
64703000: system.cpu T0 : 0x12002b134    : beq        r1,0x12002b344  : IntAlu : 
64703000: system.cpu T0 : 0x12002b138    : zapnot     r6,15,r1        : IntAlu :  D=0x0000000000000003
64704000: system.cpu T0 : 0x12002b13c    : s4addq     r1,r13,r1       : IntAlu :  D=0x00000001200c3634
64706000: system.cpu T0 : 0x12002b140    : ldl        r5,2144(r1)     : MemRead :  D=0x0000000000000000 A=0x1200c3e94
64708000: system.cpu T0 : 0x12002b144    : beq        r5,0x12002b128  : IntAlu : 
64711000: system.cpu T0 : 0x12002b128    : addl       r6,1,r6         : IntAlu :  D=0x0000000000000004
64712000: system.cpu T0 : 0x12002b12c    : zapnot     r6,15,r1        : IntAlu :  D=0x0000000000000004
64713000: system.cpu T0 : 0x12002b130    : cmpule     r1,3,r1         : IntAlu :  D=0x0000000000000000
64714000: system.cpu T0 : 0x12002b134    : beq        r1,0x12002b344  : IntAlu : 
65141000: system.cpu T0 : 0x12002b344    : ldq        r16,96(r13)     : MemRead :  D=0x00000001200c3688 A=0x1200c3688
65144000: system.cpu T0 : 0x12002b348    : ldq        r1,8(r16)       : MemRead :  D=0x0000000000000000 A=0x1200c3690
65146000: system.cpu T0 : 0x12002b34c    : bic        r1,7,r4         : IntAlu :  D=0x0000000000000000
65147000: system.cpu T0 : 0x12002b350    : ldq        r2,120(r30)     : MemRead :  D=0x0000000000000040 A=0x11ff91c08
65149000: system.cpu T0 : 0x12002b354    : stq        r2,72(r30)      : MemWrite :  D=0x0000000000000040 A=0x11ff91bd8
65149000: system.cpu T0 : 0x12002b358    : cmpult     r4,r2,r1        : IntAlu :  D=0x0000000000000001
65150000: system.cpu T0 : 0x12002b35c    : bne        r1,0x12002b3d0  : IntAlu : 
65590000: system.cpu T0 : 0x12002b3d0    : ldl        r1,4(r13)       : MemRead :  D=0x0000000000000001 A=0x1200c362c
65592000: system.cpu T0 : 0x12002b3d4    : blbs       r1,0x12002b3ec  : IntAlu : 
65595000: system.cpu T0 : 0x12002b3ec    : ldah       r1,0(r29)       : IntAlu :  D=0x00000001200c8828
65596000: system.cpu T0 : 0x12002b3f0    : lda        r1,-18808(r1)   : IntAlu :  D=0x00000001200c3eb0
66025000: system.cpu T0 : 0x12002b3f4    : ldl        r2,40(r1)       : MemRead :  D=0x0000000000002000 A=0x1200c3ed8
66027000: system.cpu T0 : 0x12002b3f8    : lda        r2,-1(r2)       : IntAlu :  D=0x0000000000001fff
66028000: system.cpu T0 : 0x12002b3fc    : zapnot     r2,15,r2        : IntAlu :  D=0x0000000000001fff
66029000: system.cpu T0 : 0x12002b400    : stq        r2,88(r30)      : MemWrite :  D=0x0000000000001fff A=0x11ff91be8
66031000: system.cpu T0 : 0x12002b404    : ldq        r1,16(r1)       : MemRead :  D=0x0000000000020000 A=0x1200c3ec0
66033000: system.cpu T0 : 0x12002b408    : cmpult     r15,r1,r1       : IntAlu :  D=0x0000000000000001
66034000: system.cpu T0 : 0x12002b40c    : bne        r1,0x12002b4d4  : IntAlu : 
66460000: system.cpu T0 : 0x12002b4d4    : bis        r31,r31,r10     : IntAlu :  D=0x0000000000000000
66460000: system.cpu T0 : 0x12002b4d8    : br         0x12002b4e0     : IntAlu : 
66464000: system.cpu T0 : 0x12002b4e0    : ldq        r12,96(r13)     : MemRead :  D=0x00000001200c3688 A=0x1200c3688
66467000: system.cpu T0 : 0x12002b4e4    : ldq        r1,8(r12)       : MemRead :  D=0x0000000000000000 A=0x1200c3690
66469000: system.cpu T0 : 0x12002b4e8    : bic        r1,7,r1         : IntAlu :  D=0x0000000000000000
66470000: system.cpu T0 : 0x12002b4ec    : stq        r1,80(r30)      : MemWrite :  D=0x0000000000000000 A=0x11ff91be0
66470000: system.cpu T0 : 0x12002b4f0    : ldah       r1,0(r29)       : IntAlu :  D=0x00000001200c8828
66471000: system.cpu T0 : 0x12002b4f4    : lda        r1,-20992(r1)   : IntAlu :  D=0x00000001200c3628
66472000: system.cpu T0 : 0x12002b4f8    : cmpeq      r13,r1,r1       : IntAlu :  D=0x0000000000000001
66473000: system.cpu T0 : 0x12002b4fc    : bne        r1,0x12002b628  : IntAlu : 
66899000: system.cpu T0 : 0x12002b628    : ldah       r1,0(r29)       : IntAlu :  D=0x00000001200c8828
66901000: system.cpu T0 : 0x12002b62c    : ldq        r3,-18800(r1)   : MemRead :  D=0x0000000000020000 A=0x1200c3eb8
66903000: system.cpu T0 : 0x12002b630    : lda        r3,32(r3)       : IntAlu :  D=0x0000000000020020
66904000: system.cpu T0 : 0x12002b634    : addq       r3,r15,r3       : IntAlu :  D=0x0000000000020040
66904000: system.cpu T0 : 0x12002b638    : ldah       r1,0(r29)       : IntAlu :  D=0x00000001200c8828
66906000: system.cpu T0 : 0x12002b63c    : ldl        r1,-20988(r1)   : MemRead :  D=0x0000000000000001 A=0x1200c362c
67323000: system.cpu T0 : 0x12002b640    : and        r1,2,r1         : IntAlu :  D=0x0000000000000000
67324000: system.cpu T0 : 0x12002b644    : zapnot     r1,15,r1        : IntAlu :  D=0x0000000000000000
67325000: system.cpu T0 : 0x12002b648    : ldq        r4,80(r30)      : MemRead :  D=0x0000000000000000 A=0x11ff91be0
67327000: system.cpu T0 : 0x12002b64c    : subq       r3,r4,r2        : IntAlu :  D=0x0000000000020040
67328000: system.cpu T0 : 0x12002b650    : cmovne     r1,r3,r2        : IntAlu :  D=0x0000000000020040
67329000: system.cpu T0 : 0x12002b654    : ldq        r1,88(r30)      : MemRead :  D=0x0000000000001fff A=0x11ff91be8
67331000: system.cpu T0 : 0x12002b658    : ornot      r31,r1,r1       : IntAlu :  D=0xffffffffffffe000
67332000: system.cpu T0 : 0x12002b65c    : stq        r1,64(r30)      : MemWrite :  D=0xffffffffffffe000 A=0x11ff91bd0
67334000: system.cpu T0 : 0x12002b660    : ldq        r3,88(r30)      : MemRead :  D=0x0000000000001fff A=0x11ff91be8
67336000: system.cpu T0 : 0x12002b664    : addq       r2,r3,r2        : IntAlu :  D=0x000000000002203f
67337000: system.cpu T0 : 0x12002b668    : and        r2,r1,r10       : IntAlu :  D=0x0000000000022000
67338000: system.cpu T0 : 0x12002b66c    : bis        r31,r10,r11     : IntAlu :  D=0x0000000000022000
67338000: system.cpu T0 : 0x12002b670    : ble        r10,0x12002b6b0 : IntAlu : 
67338000: system.cpu T0 : 0x12002b674    : ldah       r1,0(r29)       : IntAlu :  D=0x00000001200c8828
67763000: system.cpu T0 : 0x12002b678    : ldq        r27,-30064(r1)  : MemRead :  D=0x000000012002dbb0 A=0x1200c12b8
67763000: system.cpu T0 : 0x12002b67c    : bis        r31,r10,r16     : IntAlu :  D=0x0000000000022000
67765000: system.cpu T0 : 0x12002b680    : jsr        r26,(r27)       : IntAlu :  D=0x000000012002b684
68195000: system.cpu T0 : 0x12002dbb0    : ldah       r29,10(r27)     : IntAlu :  D=0x00000001200cdbb0
68196000: system.cpu T0 : 0x12002dbb4    : lda        r29,-21384(r29) : IntAlu :  D=0x00000001200c8828
68196000: system.cpu T0 : 0x12002dbb8    : lda        r30,-16(r30)    : IntAlu :  D=0x000000011ff91b80
68196000: system.cpu T0 : 0x12002dbbc    : stq        r26,0(r30)      : MemWrite :  D=0x000000012002b684 A=0x11ff91b80
68204000: system.cpu T0 : 0x12002dbc0    : nop        (ldq_u      r31,0(r30)) : No_OpClass : 
68204000: system.cpu T0 : 0x12002dbc4    : bsr        r26,0x120030898 : IntAlu :  D=0x000000012002dbc8
68631000: system.cpu T0 : 0x120030898    : lda        r30,-32(r30)    : IntAlu :  D=0x000000011ff91b60
68631000: system.cpu T0 : 0x12003089c    : stq        r26,0(r30)      : MemWrite :  D=0x000000012002dbc8 A=0x11ff91b60
68631000: system.cpu T0 : 0x1200308a0    : stq        r9,8(r30)       : MemWrite :  D=0x00000001200c3688 A=0x11ff91b68
68631000: system.cpu T0 : 0x1200308a4    : stq        r10,16(r30)     : MemWrite :  D=0x0000000000022000 A=0x11ff91b70
68632000: system.cpu T0 : 0x1200308a8    : bis        r31,r16,r10     : IntAlu :  D=0x0000000000022000
69063000: system.cpu T0 : 0x1200308ac    : ldq        r1,-30600(r29)  : MemRead :  D=0x00000001200c1b20 A=0x1200c10a0
69497000: system.cpu T0 : 0x1200308b0    : ldq        r1,0(r1)        : MemRead :  D=0x000000012033af24 A=0x1200c1b20
69499000: system.cpu T0 : 0x1200308b4    : beq        r1,0x1200308c4  : IntAlu : 
69502000: system.cpu T0 : 0x1200308b8    : lda        r1,-29944(r29)  : IntAlu :  D=0x00000001200c1330
69926000: system.cpu T0 : 0x1200308bc    : ldl        r1,0(r1)        : MemRead :  D=0x0000000000000000 A=0x1200c1330
69928000: system.cpu T0 : 0x1200308c0    : beq        r1,0x1200308dc  : IntAlu : 
69931000: system.cpu T0 : 0x1200308dc    : bne        r10,0x1200308ec : IntAlu : 
69935000: system.cpu T0 : 0x1200308ec    : ldq        r1,-30600(r29)  : MemRead :  D=0x00000001200c1b20 A=0x1200c10a0
69938000: system.cpu T0 : 0x1200308f0    : ldq        r9,0(r1)        : MemRead :  D=0x000000012033af24 A=0x1200c1b20
69940000: system.cpu T0 : 0x1200308f4    : addq       r9,r10,r16      : IntAlu :  D=0x000000012035cf24
69940000: system.cpu T0 : 0x1200308f8    : nop        (ldq_u      r31,0(r30)) : No_OpClass : 
69940000: system.cpu T0 : 0x1200308fc    : bsr        r26,0x120061918 : IntAlu :  D=0x0000000120030900
69940000: system.cpu T0 : 0x120061918    : subq       r30,8,r30       : IntAlu :  D=0x000000011ff91b58
69941000: system.cpu T0 : 0x12006191c    : stq        r16,0(r30)      : MemWrite :  D=0x000000012035cf24 A=0x11ff91b58
69941000: system.cpu T0 : 0x120061920    : lda        r0,17(r31)      : IntAlu :  D=0x0000000000000011
69942000: system.cpu T0 : 0x120061924    : call_pal   callsys         : IntAlu : 
69949000: system.cpu T0 : 0x120061928    : ldq        r16,0(r30)      : MemRead :  D=0x000000012035cf24 A=0x11ff91b58
69949000: system.cpu T0 : 0x12006192c    : bne        r19,0x120061958 : IntAlu : 
69949000: system.cpu T0 : 0x120061930    : beq        r0,0x120061944  : IntAlu : 
69951000: system.cpu T0 : 0x120061934    : cmoveq     r16,r0,r16      : IntAlu :  D=0x000000012035cf24
69952000: system.cpu T0 : 0x120061938    : xor        r16,r0,r1       : IntAlu :  D=0x0000000000000000
69953000: system.cpu T0 : 0x12006193c    : bne        r1,0x120061954  : IntAlu : 
70368000: system.cpu T0 : 0x120061940    : bis        r31,r31,r0      : IntAlu :  D=0x0000000000000000
70369000: system.cpu T0 : 0x120061944    : ldq        r28,-30600(r29) : MemRead :  D=0x00000001200c1b20 A=0x1200c10a0
70370000: system.cpu T0 : 0x120061948    : stq        r16,0(r28)      : MemWrite :  D=0x000000012035cf24 A=0x1200c1b20
70370000: system.cpu T0 : 0x12006194c    : addq       r30,8,r30       : IntAlu :  D=0x000000011ff91b60
70370000: system.cpu T0 : 0x120061950    : ret        (r26)           : IntAlu : 
70372000: system.cpu T0 : 0x120030900    : nop        (ldq_u      r31,0(r30)) : No_OpClass : 
70372000: system.cpu T0 : 0x120030904    : nop        (ldq_u      r31,0(r30)) : No_OpClass : 
70372000: system.cpu T0 : 0x120030908    : bge        r0,0x120030910  : IntAlu : 
70375000: system.cpu T0 : 0x120030910    : bis        r31,r9,r0       : IntAlu :  D=0x000000012033af24
70376000: system.cpu T0 : 0x120030914    : ldq        r26,0(r30)      : MemRead :  D=0x000000012002dbc8 A=0x11ff91b60
70377000: system.cpu T0 : 0x120030918    : ldq        r9,8(r30)       : MemRead :  D=0x00000001200c3688 A=0x11ff91b68
70377000: system.cpu T0 : 0x12003091c    : ldq        r10,16(r30)     : MemRead :  D=0x0000000000022000 A=0x11ff91b70
70377000: system.cpu T0 : 0x120030920    : lda        r30,32(r30)     : IntAlu :  D=0x000000011ff91b80
70378000: system.cpu T0 : 0x120030924    : ret        (r26)           : IntAlu : 
70379000: system.cpu T0 : 0x12002dbc8    : nop        (ldq_u      r31,0(r30)) : No_OpClass : 
70379000: system.cpu T0 : 0x12002dbcc    : nop        (ldq_u      r31,0(r30)) : No_OpClass : 
70379000: system.cpu T0 : 0x12002dbd0    : lda        r1,1(r0)        : IntAlu :  D=0x000000012033af25
70380000: system.cpu T0 : 0x12002dbd4    : cmoveq     r1,0,r0         : IntAlu :  D=0x000000012033af24
70381000: system.cpu T0 : 0x12002dbd8    : ldq        r26,0(r30)      : MemRead :  D=0x000000012002b684 A=0x11ff91b80
70381000: system.cpu T0 : 0x12002dbdc    : lda        r30,16(r30)     : IntAlu :  D=0x000000011ff91b90
70383000: system.cpu T0 : 0x12002dbe0    : ret        (r26)           : IntAlu : 
70805000: system.cpu T0 : 0x12002b684    : ldah       r29,10(r26)     : IntAlu :  D=0x00000001200cb684
70806000: system.cpu T0 : 0x12002b688    : lda        r29,-11868(r29) : IntAlu :  D=0x00000001200c8828
70806000: system.cpu T0 : 0x12002b68c    : bis        r31,r0,r9       : IntAlu :  D=0x000000012033af24
70806000: system.cpu T0 : 0x12002b690    : beq        r0,0x12002b6b0  : IntAlu : 
70807000: system.cpu T0 : 0x12002b694    : lda        r1,-29688(r29)  : IntAlu :  D=0x00000001200c1430
71231000: system.cpu T0 : 0x12002b698    : ldq        r27,0(r1)       : MemRead :  D=0x0000000000000000 A=0x1200c1430
71233000: system.cpu T0 : 0x12002b69c    : beq        r27,0x12002b9d4 : IntAlu : 
71659000: system.cpu T0 : 0x12002b9d4    : bis        r31,r31,r10     : IntAlu :  D=0x0000000000000000
71659000: system.cpu T0 : 0x12002b9d8    : br         0x12002b740     : IntAlu : 
72085000: system.cpu T0 : 0x12002b740    : ldah       r1,0(r29)       : IntAlu :  D=0x00000001200c8828
72087000: system.cpu T0 : 0x12002b744    : ldq        r1,-18736(r1)   : MemRead :  D=0x0000000000000000 A=0x1200c3ef8
72089000: system.cpu T0 : 0x12002b748    : bne        r1,0x12002b754  : IntAlu : 
72089000: system.cpu T0 : 0x12002b74c    : ldah       r1,0(r29)       : IntAlu :  D=0x00000001200c8828
72089000: system.cpu T0 : 0x12002b750    : stq        r9,-18736(r1)   : MemWrite :  D=0x000000012033af24 A=0x1200c3ef8
72091000: system.cpu T0 : 0x12002b754    : ldq        r1,80(r30)      : MemRead :  D=0x0000000000000000 A=0x11ff91be0
72093000: system.cpu T0 : 0x12002b758    : addq       r12,r1,r3       : IntAlu :  D=0x00000001200c3688
72093000: system.cpu T0 : 0x12002b75c    : bis        r31,r11,r16     : IntAlu :  D=0x0000000000022000
72106000: system.cpu T0 : 0x12002b760    : ldq        r1,2168(r13)    : MemRead :  D=0x0000000000000000 A=0x1200c3ea0
72108000: system.cpu T0 : 0x12002b764    : addq       r11,r1,r4       : IntAlu :  D=0x0000000000022000
72109000: system.cpu T0 : 0x12002b768    : stq        r4,2168(r13)    : MemWrite :  D=0x0000000000022000 A=0x1200c3ea0
72109000: system.cpu T0 : 0x12002b76c    : cmpeq      r10,0,r5        : IntAlu :  D=0x0000000000000001
72109000: system.cpu T0 : 0x12002b770    : cmpeq      r3,r9,r1        : IntAlu :  D=0x0000000000000000
72110000: system.cpu T0 : 0x12002b774    : and        r5,r1,r1        : IntAlu :  D=0x0000000000000000
72111000: system.cpu T0 : 0x12002b778    : beq        r1,0x12002b790  : IntAlu : 
72532000: system.cpu T0 : 0x12002b790    : ldl        r1,4(r13)       : MemRead :  D=0x0000000000000001 A=0x1200c362c
72534000: system.cpu T0 : 0x12002b794    : xor        r1,2,r1         : IntAlu :  D=0x0000000000000003
72535000: system.cpu T0 : 0x12002b798    : and        r1,2,r2         : IntAlu :  D=0x0000000000000002
72536000: system.cpu T0 : 0x12002b79c    : cmpult     r31,r2,r2       : IntAlu :  D=0x0000000000000001
72537000: system.cpu T0 : 0x12002b7a0    : ldq        r1,80(r30)      : MemRead :  D=0x0000000000000000 A=0x11ff91be0
72539000: system.cpu T0 : 0x12002b7a4    : cmpult     r31,r1,r14      : IntAlu :  D=0x0000000000000000
72540000: system.cpu T0 : 0x12002b7a8    : and        r2,r14,r1       : IntAlu :  D=0x0000000000000000
72541000: system.cpu T0 : 0x12002b7ac    : beq        r1,0x12002b7b8  : IntAlu : 
72544000: system.cpu T0 : 0x12002b7b8    : beq        r2,0x12002b868  : IntAlu : 
72545000: system.cpu T0 : 0x12002b7bc    : beq        r14,0x12002b7cc : IntAlu : 
72965000: system.cpu T0 : 0x12002b7cc    : and        r9,15,r1        : IntAlu :  D=0x0000000000000004
72965000: system.cpu T0 : 0x12002b7d0    : lda        r2,16(r31)      : IntAlu :  D=0x0000000000000010
72966000: system.cpu T0 : 0x12002b7d4    : subq       r2,r1,r2        : IntAlu :  D=0x000000000000000c
72967000: system.cpu T0 : 0x12002b7d8    : addq       r9,r2,r11       : IntAlu :  D=0x000000012033af30
72968000: system.cpu T0 : 0x12002b7dc    : cmoveq     r1,r9,r11       : IntAlu :  D=0x000000012033af30
72968000: system.cpu T0 : 0x12002b7e0    : cmoveq     r1,0,r2         : IntAlu :  D=0x000000000000000c
72969000: system.cpu T0 : 0x12002b7e4    : ldq        r3,80(r30)      : MemRead :  D=0x0000000000000000 A=0x11ff91be0
72971000: system.cpu T0 : 0x12002b7e8    : addq       r2,r3,r2        : IntAlu :  D=0x000000000000000c
72972000: system.cpu T0 : 0x12002b7ec    : addq       r2,r16,r1       : IntAlu :  D=0x000000000002200c
72973000: system.cpu T0 : 0x12002b7f0    : addq       r9,r1,r1        : IntAlu :  D=0x000000012035cf30
72974000: system.cpu T0 : 0x12002b7f4    : subq       r2,r1,r2        : IntAlu :  D=0xfffffffedfca30dc
72975000: system.cpu T0 : 0x12002b7f8    : ldq        r4,88(r30)      : MemRead :  D=0x0000000000001fff A=0x11ff91be8
72977000: system.cpu T0 : 0x12002b7fc    : addq       r1,r4,r1        : IntAlu :  D=0x000000012035ef2f
73394000: system.cpu T0 : 0x12002b800    : ldq        r3,64(r30)      : MemRead :  D=0xffffffffffffe000 A=0x11ff91bd0
73396000: system.cpu T0 : 0x12002b804    : and        r1,r3,r1        : IntAlu :  D=0x000000012035e000
73397000: system.cpu T0 : 0x12002b808    : addq       r2,r1,r9        : IntAlu :  D=0x00000000000010dc
73397000: system.cpu T0 : 0x12002b80c    : ldah       r1,0(r29)       : IntAlu :  D=0x00000001200c8828
73821000: system.cpu T0 : 0x12002b810    : ldq        r27,-30064(r1)  : MemRead :  D=0x000000012002dbb0 A=0x1200c12b8
73821000: system.cpu T0 : 0x12002b814    : bis        r31,r9,r16      : IntAlu :  D=0x00000000000010dc
73823000: system.cpu T0 : 0x12002b818    : jsr        r26,(r27)       : IntAlu :  D=0x000000012002b81c
74253000: system.cpu T0 : 0x12002dbb0    : ldah       r29,10(r27)     : IntAlu :  D=0x00000001200cdbb0
74254000: system.cpu T0 : 0x12002dbb4    : lda        r29,-21384(r29) : IntAlu :  D=0x00000001200c8828
74254000: system.cpu T0 : 0x12002dbb8    : lda        r30,-16(r30)    : IntAlu :  D=0x000000011ff91b80
74254000: system.cpu T0 : 0x12002dbbc    : stq        r26,0(r30)      : MemWrite :  D=0x000000012002b81c A=0x11ff91b80
74254000: system.cpu T0 : 0x12002dbc0    : nop        (ldq_u      r31,0(r30)) : No_OpClass : 
74255000: system.cpu T0 : 0x12002dbc4    : bsr        r26,0x120030898 : IntAlu :  D=0x000000012002dbc8
74679000: system.cpu T0 : 0x120030898    : lda        r30,-32(r30)    : IntAlu :  D=0x000000011ff91b60
74679000: system.cpu T0 : 0x12003089c    : stq        r26,0(r30)      : MemWrite :  D=0x000000012002dbc8 A=0x11ff91b60
74679000: system.cpu T0 : 0x1200308a0    : stq        r9,8(r30)       : MemWrite :  D=0x00000000000010dc A=0x11ff91b68
74679000: system.cpu T0 : 0x1200308a4    : stq        r10,16(r30)     : MemWrite :  D=0x0000000000000000 A=0x11ff91b70
74680000: system.cpu T0 : 0x1200308a8    : bis        r31,r16,r10     : IntAlu :  D=0x00000000000010dc
75103000: system.cpu T0 : 0x1200308ac    : ldq        r1,-30600(r29)  : MemRead :  D=0x00000001200c1b20 A=0x1200c10a0
75118000: system.cpu T0 : 0x1200308b0    : ldq        r1,0(r1)        : MemRead :  D=0x000000012035cf24 A=0x1200c1b20
75120000: system.cpu T0 : 0x1200308b4    : beq        r1,0x1200308c4  : IntAlu : 
75123000: system.cpu T0 : 0x1200308b8    : lda        r1,-29944(r29)  : IntAlu :  D=0x00000001200c1330
75555000: system.cpu T0 : 0x1200308bc    : ldl        r1,0(r1)        : MemRead :  D=0x0000000000000000 A=0x1200c1330
75557000: system.cpu T0 : 0x1200308c0    : beq        r1,0x1200308dc  : IntAlu : 
75560000: system.cpu T0 : 0x1200308dc    : bne        r10,0x1200308ec : IntAlu : 
75564000: system.cpu T0 : 0x1200308ec    : ldq        r1,-30600(r29)  : MemRead :  D=0x00000001200c1b20 A=0x1200c10a0
75567000: system.cpu T0 : 0x1200308f0    : ldq        r9,0(r1)        : MemRead :  D=0x000000012035cf24 A=0x1200c1b20
75569000: system.cpu T0 : 0x1200308f4    : addq       r9,r10,r16      : IntAlu :  D=0x000000012035e000
75569000: system.cpu T0 : 0x1200308f8    : nop        (ldq_u      r31,0(r30)) : No_OpClass : 
75569000: system.cpu T0 : 0x1200308fc    : bsr        r26,0x120061918 : IntAlu :  D=0x0000000120030900
75569000: system.cpu T0 : 0x120061918    : subq       r30,8,r30       : IntAlu :  D=0x000000011ff91b58
75570000: system.cpu T0 : 0x12006191c    : stq        r16,0(r30)      : MemWrite :  D=0x000000012035e000 A=0x11ff91b58
75570000: system.cpu T0 : 0x120061920    : lda        r0,17(r31)      : IntAlu :  D=0x0000000000000011
75571000: system.cpu T0 : 0x120061924    : call_pal   callsys         : IntAlu : 
75578000: system.cpu T0 : 0x120061928    : ldq        r16,0(r30)      : MemRead :  D=0x000000012035e000 A=0x11ff91b58
75578000: system.cpu T0 : 0x12006192c    : bne        r19,0x120061958 : IntAlu : 
75578000: system.cpu T0 : 0x120061930    : beq        r0,0x120061944  : IntAlu : 
75580000: system.cpu T0 : 0x120061934    : cmoveq     r16,r0,r16      : IntAlu :  D=0x000000012035e000
75581000: system.cpu T0 : 0x120061938    : xor        r16,r0,r1       : IntAlu :  D=0x0000000000000000
75582000: system.cpu T0 : 0x12006193c    : bne        r1,0x120061954  : IntAlu : 
75582000: system.cpu T0 : 0x120061940    : bis        r31,r31,r0      : IntAlu :  D=0x0000000000000000
75583000: system.cpu T0 : 0x120061944    : ldq        r28,-30600(r29) : MemRead :  D=0x00000001200c1b20 A=0x1200c10a0
75584000: system.cpu T0 : 0x120061948    : stq        r16,0(r28)      : MemWrite :  D=0x000000012035e000 A=0x1200c1b20
75584000: system.cpu T0 : 0x12006194c    : addq       r30,8,r30       : IntAlu :  D=0x000000011ff91b60
75584000: system.cpu T0 : 0x120061950    : ret        (r26)           : IntAlu : 
75988000: system.cpu T0 : 0x120030900    : nop        (ldq_u      r31,0(r30)) : No_OpClass : 
75988000: system.cpu T0 : 0x120030904    : nop        (ldq_u      r31,0(r30)) : No_OpClass : 
75988000: system.cpu T0 : 0x120030908    : bge        r0,0x120030910  : IntAlu : 
75991000: system.cpu T0 : 0x120030910    : bis        r31,r9,r0       : IntAlu :  D=0x000000012035cf24
75992000: system.cpu T0 : 0x120030914    : ldq        r26,0(r30)      : MemRead :  D=0x000000012002dbc8 A=0x11ff91b60
75993000: system.cpu T0 : 0x120030918    : ldq        r9,8(r30)       : MemRead :  D=0x00000000000010dc A=0x11ff91b68
75993000: system.cpu T0 : 0x12003091c    : ldq        r10,16(r30)     : MemRead :  D=0x0000000000000000 A=0x11ff91b70
75993000: system.cpu T0 : 0x120030920    : lda        r30,32(r30)     : IntAlu :  D=0x000000011ff91b80
75994000: system.cpu T0 : 0x120030924    : ret        (r26)           : IntAlu : 
75995000: system.cpu T0 : 0x12002dbc8    : nop        (ldq_u      r31,0(r30)) : No_OpClass : 
75995000: system.cpu T0 : 0x12002dbcc    : nop        (ldq_u      r31,0(r30)) : No_OpClass : 
75995000: system.cpu T0 : 0x12002dbd0    : lda        r1,1(r0)        : IntAlu :  D=0x000000012035cf25
75996000: system.cpu T0 : 0x12002dbd4    : cmoveq     r1,0,r0         : IntAlu :  D=0x000000012035cf24
75997000: system.cpu T0 : 0x12002dbd8    : ldq        r26,0(r30)      : MemRead :  D=0x000000012002b81c A=0x11ff91b80
75997000: system.cpu T0 : 0x12002dbdc    : lda        r30,16(r30)     : IntAlu :  D=0x000000011ff91b90
75999000: system.cpu T0 : 0x12002dbe0    : ret        (r26)           : IntAlu : 
76421000: system.cpu T0 : 0x12002b81c    : ldah       r29,10(r26)     : IntAlu :  D=0x00000001200cb81c
76422000: system.cpu T0 : 0x12002b820    : lda        r29,-12276(r29) : IntAlu :  D=0x00000001200c8828
76422000: system.cpu T0 : 0x12002b824    : bis        r31,r0,r10      : IntAlu :  D=0x000000012035cf24
76422000: system.cpu T0 : 0x12002b828    : bne        r0,0x12002b84c  : IntAlu : 
76847000: system.cpu T0 : 0x12002b84c    : lda        r1,-29688(r29)  : IntAlu :  D=0x00000001200c1430
77271000: system.cpu T0 : 0x12002b850    : ldq        r27,0(r1)       : MemRead :  D=0x0000000000000000 A=0x1200c1430
77273000: system.cpu T0 : 0x12002b854    : beq        r27,0x12002b898 : IntAlu : 
77699000: system.cpu T0 : 0x12002b898    : stq        r11,96(r13)     : MemWrite :  D=0x000000012033af30 A=0x1200c3688
77699000: system.cpu T0 : 0x12002b89c    : addq       r10,r9,r1       : IntAlu :  D=0x000000012035e000
77700000: system.cpu T0 : 0x12002b8a0    : subq       r1,r11,r1       : IntAlu :  D=0x00000000000230d0
77701000: system.cpu T0 : 0x12002b8a4    : bis        r1,1,r1         : IntAlu :  D=0x00000000000230d1
77702000: system.cpu T0 : 0x12002b8a8    : stq        r1,8(r11)       : MemWrite :  D=0x00000000000230d1 A=0x12033af38
77716000: system.cpu T0 : 0x12002b8ac    : ldq        r1,2168(r13)    : MemRead :  D=0x0000000000022000 A=0x1200c3ea0
77718000: system.cpu T0 : 0x12002b8b0    : addq       r1,r9,r1        : IntAlu :  D=0x00000000000230dc
77719000: system.cpu T0 : 0x12002b8b4    : stq        r1,2168(r13)    : MemWrite :  D=0x00000000000230dc A=0x1200c3ea0
77719000: system.cpu T0 : 0x12002b8b8    : beq        r14,0x12002b8f4 : IntAlu : 
78126000: system.cpu T0 : 0x12002b8f4    : ldq        r2,2168(r13)    : MemRead :  D=0x00000000000230dc A=0x1200c3ea0
78127000: system.cpu T0 : 0x12002b8f8    : ldq        r1,2176(r13)    : MemRead :  D=0x0000000000000000 A=0x1200c3ea8
78129000: system.cpu T0 : 0x12002b8fc    : cmpule     r2,r1,r1        : IntAlu :  D=0x0000000000000000
78151000: system.cpu T0 : 0x12002b900    : bne        r1,0x12002b908  : IntAlu : 
78151000: system.cpu T0 : 0x12002b904    : stq        r2,2176(r13)    : MemWrite :  D=0x00000000000230dc A=0x1200c3ea8
78153000: system.cpu T0 : 0x12002b908    : ldq        r0,96(r13)      : MemRead :  D=0x000000012033af30 A=0x1200c3688
78156000: system.cpu T0 : 0x12002b90c    : ldq        r1,8(r0)        : MemRead :  D=0x00000000000230d1 A=0x12033af38
78158000: system.cpu T0 : 0x12002b910    : bic        r1,7,r16        : IntAlu :  D=0x00000000000230d0
78159000: system.cpu T0 : 0x12002b914    : ldq        r2,72(r30)      : MemRead :  D=0x0000000000000040 A=0x11ff91bd8
78161000: system.cpu T0 : 0x12002b918    : cmpule     r2,r16,r1       : IntAlu :  D=0x0000000000000001
78162000: system.cpu T0 : 0x12002b91c    : beq        r1,0x12002b95c  : IntAlu : 
78162000: system.cpu T0 : 0x12002b920    : addq       r0,r15,r3       : IntAlu :  D=0x000000012033af50
78163000: system.cpu T0 : 0x12002b924    : stq        r3,96(r13)      : MemWrite :  D=0x000000012033af50 A=0x1200c3688
78163000: system.cpu T0 : 0x12002b928    : ldah       r1,0(r29)       : IntAlu :  D=0x00000001200c8828
78164000: system.cpu T0 : 0x12002b92c    : lda        r1,-20992(r1)   : IntAlu :  D=0x00000001200c3628
78165000: system.cpu T0 : 0x12002b930    : cmpeq      r13,r1,r1       : IntAlu :  D=0x0000000000000001
78166000: system.cpu T0 : 0x12002b934    : cmpeq      r1,0,r1         : IntAlu :  D=0x0000000000000000
78167000: system.cpu T0 : 0x12002b938    : s4addq     r1,0,r1         : IntAlu :  D=0x0000000000000000
78167000: system.cpu T0 : 0x12002b93c    : bis        r15,1,r2        : IntAlu :  D=0x0000000000000021
78587000: system.cpu T0 : 0x12002b940    : bis        r2,r1,r2        : IntAlu :  D=0x0000000000000021
78588000: system.cpu T0 : 0x12002b944    : stq        r2,8(r0)        : MemWrite :  D=0x0000000000000021 A=0x12033af38
78588000: system.cpu T0 : 0x12002b948    : subq       r16,r15,r1      : IntAlu :  D=0x00000000000230b0
78589000: system.cpu T0 : 0x12002b94c    : bis        r1,1,r1         : IntAlu :  D=0x00000000000230b1
78590000: system.cpu T0 : 0x12002b950    : stq        r1,8(r3)        : MemWrite :  D=0x00000000000230b1 A=0x12033af58
78590000: system.cpu T0 : 0x12002b954    : lda        r10,16(r0)      : IntAlu :  D=0x000000012033af40
78590000: system.cpu T0 : 0x12002b958    : br         0x12002b974     : IntAlu : 
78593000: system.cpu T0 : 0x12002b974    : ldah       r1,0(r29)       : IntAlu :  D=0x00000001200c8828
79031000: system.cpu T0 : 0x12002b978    : ldl        r17,-29672(r1)  : MemRead :  D=0x0000000000000000 A=0x1200c1440
79031000: system.cpu T0 : 0x12002b97c    : bis        r31,r10,r9      : IntAlu :  D=0x000000012033af40
79033000: system.cpu T0 : 0x12002b980    : beq        r17,0x12002b9a8 : IntAlu : 
79036000: system.cpu T0 : 0x12002b9a8    : bis        r31,r9,r0       : IntAlu :  D=0x000000012033af40
79051000: system.cpu T0 : 0x12002b9ac    : ldq        r26,0(r30)      : MemRead :  D=0x000000012002caac A=0x11ff91b90
79058000: system.cpu T0 : 0x12002b9b0    : ldq        r9,8(r30)       : MemRead :  D=0x00000001200c3628 A=0x11ff91b98
79059000: system.cpu T0 : 0x12002b9b4    : ldq        r10,16(r30)     : MemRead :  D=0x000000011ff92008 A=0x11ff91ba0
79059000: system.cpu T0 : 0x12002b9b8    : ldq        r11,24(r30)     : MemRead :  D=0x0000000000000018 A=0x11ff91ba8
79059000: system.cpu T0 : 0x12002b9bc    : ldq        r12,32(r30)     : MemRead :  D=0x000000012001e450 A=0x11ff91bb0
79464000: system.cpu T0 : 0x12002b9c0    : ldq        r13,40(r30)     : MemRead :  D=0x000000012001e4c0 A=0x11ff91bb8
79465000: system.cpu T0 : 0x12002b9c4    : ldq        r14,48(r30)     : MemRead :  D=0x0000000000000000 A=0x11ff91bc0
79465000: system.cpu T0 : 0x12002b9c8    : ldq        r15,56(r30)     : MemRead :  D=0x000000011ff91c90 A=0x11ff91bc8
79465000: system.cpu T0 : 0x12002b9cc    : lda        r30,176(r30)    : IntAlu :  D=0x000000011ff91c40
79465000: system.cpu T0 : 0x12002b9d0    : ret        (r26)           : IntAlu : 
79889000: system.cpu T0 : 0x12002caac    : bis        r31,r0,r10      : IntAlu :  D=0x000000012033af40
79889000: system.cpu T0 : 0x12002cab0    : bne        r0,0x12002cc38  : IntAlu : 
80322000: system.cpu T0 : 0x12002cc38    : mb                         : MemRead : 
80745000: system.cpu T0 : 0x12002cc3c    : ldl_l      r1,0(r9)        : MemRead :  D=0x0000000000000001 A=0x1200c3628
80745000: system.cpu T0 : 0x12002cc40    : bis        r31,0,r2        : IntAlu :  D=0x0000000000000000
80745000: system.cpu T0 : 0x12002cc44    : stl_c      r2,0(r9)        : MemWrite :  D=0x0000000000000000 A=0x1200c3628
80748000: system.cpu T0 : 0x12002cc48    : beq        r2,0x12002cc3c  : IntAlu : 
80752000: system.cpu T0 : 0x12002cc3c    : ldl_l      r1,0(r9)        : MemRead :  D=0x0000000000000001 A=0x1200c3628
80752000: system.cpu T0 : 0x12002cc40    : bis        r31,0,r2        : IntAlu :  D=0x0000000000000000
80753000: system.cpu T0 : 0x12002cc44    : stl_c      r2,0(r9)        : MemWrite :  D=0x0000000000000001 A=0x1200c3628
80756000: system.cpu T0 : 0x12002cc48    : beq        r2,0x12002cc3c  : IntAlu : 
80759000: system.cpu T0 : 0x12002cc4c    : addl       r31,r1,r1       : IntAlu :  D=0x0000000000000001
80760000: system.cpu T0 : 0x12002cc50    : cmple      r1,1,r1         : IntAlu :  D=0x0000000000000001
80761000: system.cpu T0 : 0x12002cc54    : bne        r1,0x12002cc70  : IntAlu : 
80764000: system.cpu T0 : 0x12002cc70    : bis        r31,r10,r0      : IntAlu :  D=0x000000012033af40
81194000: system.cpu T0 : 0x12002cc74    : ldq        r26,0(r30)      : MemRead :  D=0x000000012002ccb8 A=0x11ff91c40
81201000: system.cpu T0 : 0x12002cc78    : ldq        r9,8(r30)       : MemRead :  D=0x0000000000000018 A=0x11ff91c48
81202000: system.cpu T0 : 0x12002cc7c    : ldq        r10,16(r30)     : MemRead :  D=0x000000011ff92008 A=0x11ff91c50
81202000: system.cpu T0 : 0x12002cc80    : ldq        r11,24(r30)     : MemRead :  D=0x0000000000000018 A=0x11ff91c58
81202000: system.cpu T0 : 0x12002cc84    : lda        r30,32(r30)     : IntAlu :  D=0x000000011ff91c60
81202000: system.cpu T0 : 0x12002cc88    : ret        (r26)           : IntAlu : 
81203000: system.cpu T0 : 0x12002ccb8    : ldq        r26,0(r30)      : MemRead :  D=0x000000012002ca40 A=0x11ff91c60
81204000: system.cpu T0 : 0x12002ccbc    : ldq        r9,8(r30)       : MemRead :  D=0x0000000000000002 A=0x11ff91c68
81613000: system.cpu T0 : 0x12002ccc0    : lda        r30,16(r30)     : IntAlu :  D=0x000000011ff91c70
81613000: system.cpu T0 : 0x12002ccc4    : ret        (r26)           : IntAlu : 
82038000: system.cpu T0 : 0x12002ca40    : ldah       r29,10(r26)     : IntAlu :  D=0x00000001200cca40
82039000: system.cpu T0 : 0x12002ca44    : lda        r29,-16920(r29) : IntAlu :  D=0x00000001200c8828
82039000: system.cpu T0 : 0x12002ca48    : bis        r31,r0,r10      : IntAlu :  D=0x000000012033af40
82039000: system.cpu T0 : 0x12002ca4c    : br         0x12002cc70     : IntAlu : 
82042000: system.cpu T0 : 0x12002cc70    : bis        r31,r10,r0      : IntAlu :  D=0x000000012033af40
82043000: system.cpu T0 : 0x12002cc74    : ldq        r26,0(r30)      : MemRead :  D=0x0000000120065cdc A=0x11ff91c70
82044000: system.cpu T0 : 0x12002cc78    : ldq        r9,8(r30)       : MemRead :  D=0x0000000000000002 A=0x11ff91c78
82474000: system.cpu T0 : 0x12002cc7c    : ldq        r10,16(r30)     : MemRead :  D=0x000000011ff92008 A=0x11ff91c80
82481000: system.cpu T0 : 0x12002cc80    : ldq        r11,24(r30)     : MemRead :  D=0x0000000000000000 A=0x11ff91c88
82481000: system.cpu T0 : 0x12002cc84    : lda        r30,32(r30)     : IntAlu :  D=0x000000011ff91c90
82481000: system.cpu T0 : 0x12002cc88    : ret        (r26)           : IntAlu : 
82481000: system.cpu T0 : 0x120065cdc    : nop        (ldq_u      r31,0(r30)) : No_OpClass : 
82482000: system.cpu T0 : 0x120065ce0    : nop        (ldq_u      r31,0(r30)) : No_OpClass : 
82482000: system.cpu T0 : 0x120065ce4    : bis        r31,r0,r10      : IntAlu :  D=0x000000012033af40
82482000: system.cpu T0 : 0x120065ce8    : ldah       r1,-1(r29)      : IntAlu :  D=0x00000001200b8828
82482000: system.cpu T0 : 0x120065cec    : stq        r0,26128(r1)    : MemWrite :  D=0x000000012033af40 A=0x1200bee38
82483000: system.cpu T0 : 0x120065cf0    : bne        r0,0x120065d10  : IntAlu : 
82894000: system.cpu T0 : 0x120065d10    : ldah       r1,-1(r29)      : IntAlu :  D=0x00000001200b8828
82912000: system.cpu T0 : 0x120065d14    : ldq        r1,26112(r1)    : MemRead :  D=0x0000000000000001 A=0x1200bee28
82914000: system.cpu T0 : 0x120065d18    : s4addq     r1,79,r1        : IntAlu :  D=0x0000000000000053
82914000: system.cpu T0 : 0x120065d1c    : ldah       r2,-3(r29)      : IntAlu :  D=0x0000000120098828
82915000: system.cpu T0 : 0x120065d20    : ldq        r2,29128(r2)    : MemRead :  A=0x12009f9f0
83345000: system.cpu T0 : 0x120065d20    : ldq        r2,29128(r2)    : MemRead :  D=0xcccccccccccccccd A=0x12009f9f0
83347000: system.cpu T0 : 0x120065d24    : umulh      r1,r2,r1        : IntMult :  D=0x0000000000000042
83349000: system.cpu T0 : 0x120065d28    : srl        r1,5,r9         : IntAlu :  D=0x0000000000000002
83350000: system.cpu T0 : 0x120065d2c    : s4addq     r9,r9,r16       : IntAlu :  D=0x000000000000000a
83351000: system.cpu T0 : 0x120065d30    : sll        r16,7,r16       : IntAlu :  D=0x0000000000000500
83351000: system.cpu T0 : 0x120065d34    : nop        (ldq_u      r31,0(r30)) : No_OpClass : 
83351000: system.cpu T0 : 0x120065d38    : bsr        r26,0x12002ca14 : IntAlu :  D=0x0000000120065d3c
83777000: system.cpu T0 : 0x12002ca14    : lda        r30,-32(r30)    : IntAlu :  D=0x000000011ff91c70
83777000: system.cpu T0 : 0x12002ca18    : stq        r26,0(r30)      : MemWrite :  D=0x0000000120065d3c A=0x11ff91c70
83777000: system.cpu T0 : 0x12002ca1c    : stq        r9,8(r30)       : MemWrite :  D=0x0000000000000002 A=0x11ff91c78
83777000: system.cpu T0 : 0x12002ca20    : stq        r10,16(r30)     : MemWrite :  D=0x000000012033af40 A=0x11ff91c80
83778000: system.cpu T0 : 0x12002ca24    : stq        r11,24(r30)     : MemWrite :  D=0x0000000000000000 A=0x11ff91c88
83778000: system.cpu T0 : 0x12002ca28    : bis        r31,r26,r17     : IntAlu :  D=0x0000000120065d3c
83778000: system.cpu T0 : 0x12002ca2c    : bis        r31,r16,r11     : IntAlu :  D=0x0000000000000500
83778000: system.cpu T0 : 0x12002ca30    : lda        r1,-30056(r29)  : IntAlu :  D=0x00000001200c12c0
84202000: system.cpu T0 : 0x12002ca34    : ldq        r27,0(r1)       : MemRead :  D=0x0000000000000000 A=0x1200c12c0
84204000: system.cpu T0 : 0x12002ca38    : beq        r27,0x12002ca50 : IntAlu : 
84207000: system.cpu T0 : 0x12002ca50    : lda        r1,80(r31)      : IntAlu :  D=0x0000000000000050
84210000: system.cpu T0 : 0x12002ca54    : call_pal   rduniq          : IntAlu :  D=0x000000012033a6b0
84211000: system.cpu T0 : 0x12002ca58    : addq       r0,r1,r0        : IntAlu :  D=0x000000012033a700
84635000: system.cpu T0 : 0x12002ca5c    : ldq        r9,0(r0)        : MemRead :  D=0x00000001200c3628 A=0x12033a700
84637000: system.cpu T0 : 0x12002ca60    : beq        r9,0x12002ca88  : IntAlu : 
84654000: system.cpu T0 : 0x12002ca64    : ldl_l      r1,0(r9)        : MemRead :  D=0x0000000000000000 A=0x1200c3628
84656000: system.cpu T0 : 0x12002ca68    : cmpeq      r1,0,r2         : IntAlu :  D=0x0000000000000001
84657000: system.cpu T0 : 0x12002ca6c    : beq        r2,0x12002ca80  : IntAlu : 
84657000: system.cpu T0 : 0x12002ca70    : bis        r31,1,r2        : IntAlu :  D=0x0000000000000001
84659000: system.cpu T0 : 0x12002ca74    : stl_c      r2,0(r9)        : MemWrite :  D=0x0000000000000001 A=0x1200c3628
84662000: system.cpu T0 : 0x12002ca78    : beq        r2,0x12002ca64  : IntAlu : 
84662000: system.cpu T0 : 0x12002ca7c    : mb                         : MemRead : 
84662000: system.cpu T0 : 0x12002ca80    : addl       r31,r1,r1       : IntAlu :  D=0x0000000000000000
84663000: system.cpu T0 : 0x12002ca84    : beq        r1,0x12002caa0  : IntAlu : 
84666000: system.cpu T0 : 0x12002caa0    : bis        r31,r9,r16      : IntAlu :  D=0x00000001200c3628
84666000: system.cpu T0 : 0x12002caa4    : bis        r31,r11,r17     : IntAlu :  D=0x0000000000000500
84666000: system.cpu T0 : 0x12002caa8    : bsr        r26,0x12002a93c : IntAlu :  D=0x000000012002caac
85089000: system.cpu T0 : 0x12002a93c    : lda        r30,-176(r30)   : IntAlu :  D=0x000000011ff91bc0
85097000: system.cpu T0 : 0x12002a940    : stq        r26,0(r30)      : MemWrite :  D=0x000000012002caac A=0x11ff91bc0
85097000: system.cpu T0 : 0x12002a944    : stq        r9,8(r30)       : MemWrite :  D=0x00000001200c3628 A=0x11ff91bc8
85097000: system.cpu T0 : 0x12002a948    : stq        r10,16(r30)     : MemWrite :  D=0x000000012033af40 A=0x11ff91bd0
85097000: system.cpu T0 : 0x12002a94c    : stq        r11,24(r30)     : MemWrite :  D=0x0000000000000500 A=0x11ff91bd8
85098000: system.cpu T0 : 0x12002a950    : stq        r12,32(r30)     : MemWrite :  D=0x000000012001e450 A=0x11ff91be0
85098000: system.cpu T0 : 0x12002a954    : stq        r13,40(r30)     : MemWrite :  D=0x000000012001e4c0 A=0x11ff91be8
85098000: system.cpu T0 : 0x12002a958    : stq        r14,48(r30)     : MemWrite :  D=0x0000000000000000 A=0x11ff91bf0
85098000: system.cpu T0 : 0x12002a95c    : stq        r15,56(r30)     : MemWrite :  D=0x000000011ff91c90 A=0x11ff91bf8
85099000: system.cpu T0 : 0x12002a960    : bis        r31,r16,r13     : IntAlu :  D=0x00000001200c3628
85099000: system.cpu T0 : 0x12002a964    : stq        r17,104(r30)    : MemWrite :  D=0x0000000000000500 A=0x11ff91c28
85099000: system.cpu T0 : 0x12002a968    : lda        r1,-65(r31)     : IntAlu :  D=0xffffffffffffffbf
85100000: system.cpu T0 : 0x12002a96c    : cmpule     r17,r1,r1       : IntAlu :  D=0x0000000000000001
85101000: system.cpu T0 : 0x12002a970    : bne        r1,0x12002a990  : IntAlu : 
85530000: system.cpu T0 : 0x12002a990    : ldq        r2,104(r30)     : MemRead :  D=0x0000000000000500 A=0x11ff91c28
85532000: system.cpu T0 : 0x12002a994    : lda        r1,23(r2)       : IntAlu :  D=0x0000000000000517
85533000: system.cpu T0 : 0x12002a998    : cmpule     r1,31,r2        : IntAlu :  D=0x0000000000000000
85533000: system.cpu T0 : 0x12002a99c    : bic        r1,15,r1        : IntAlu :  D=0x0000000000000510
85533000: system.cpu T0 : 0x12002a9a0    : lda        r15,32(r31)     : IntAlu :  D=0x0000000000000020
85534000: system.cpu T0 : 0x12002a9a4    : cmoveq     r2,r1,r15       : IntAlu :  D=0x0000000000000510
85534000: system.cpu T0 : 0x12002a9a8    : ldah       r1,0(r29)       : IntAlu :  D=0x00000001200c8828
85965000: system.cpu T0 : 0x12002a9ac    : ldq        r1,-29680(r1)   : MemRead :  D=0x0000000000000050 A=0x1200c1438
85967000: system.cpu T0 : 0x12002a9b0    : cmpule     r15,r1,r1       : IntAlu :  D=0x0000000000000000
85968000: system.cpu T0 : 0x12002a9b4    : beq        r1,0x12002aa4c  : IntAlu : 
85971000: system.cpu T0 : 0x12002aa4c    : lda        r1,1023(r31)    : IntAlu :  D=0x00000000000003ff
85972000: system.cpu T0 : 0x12002aa50    : cmpule     r15,r1,r1       : IntAlu :  D=0x0000000000000000
85973000: system.cpu T0 : 0x12002aa54    : beq        r1,0x12002ab18  : IntAlu : 
86399000: system.cpu T0 : 0x12002ab18    : srl        r15,6,r1        : IntAlu :  D=0x0000000000000014
86400000: system.cpu T0 : 0x12002ab1c    : cmpule     r1,48,r2        : IntAlu :  D=0x0000000000000001
86400000: system.cpu T0 : 0x12002ab20    : addl       r1,48,r1        : IntAlu :  D=0x0000000000000044
86401000: system.cpu T0 : 0x12002ab24    : stq        r1,96(r30)      : MemWrite :  D=0x0000000000000044 A=0x11ff91c20
86401000: system.cpu T0 : 0x12002ab28    : bne        r2,0x12002ab7c  : IntAlu : 
86840000: system.cpu T0 : 0x12002ab7c    : ldl        r1,4(r13)       : MemRead :  D=0x0000000000000001 A=0x1200c362c
86842000: system.cpu T0 : 0x12002ab80    : blbs       r1,0x12002ab8c  : IntAlu : 
86845000: system.cpu T0 : 0x12002ab8c    : lda        r11,96(r13)     : IntAlu :  D=0x00000001200c3688
86845000: system.cpu T0 : 0x12002ab90    : lda        r14,112(r13)    : IntAlu :  D=0x00000001200c3698
86845000: system.cpu T0 : 0x12002ab94    : zapnot     r15,15,r1       : IntAlu :  D=0x0000000000000510
86845000: system.cpu T0 : 0x12002ab98    : lda        r4,1023(r31)    : IntAlu :  D=0x00000000000003ff
86846000: system.cpu T0 : 0x12002ab9c    : cmpule     r15,r4,r4       : IntAlu :  D=0x0000000000000000
86847000: system.cpu T0 : 0x12002aba0    : stq        r4,112(r30)     : MemWrite :  D=0x0000000000000000 A=0x11ff91c30
86847000: system.cpu T0 : 0x12002aba4    : lda        r2,32(r15)      : IntAlu :  D=0x0000000000000530
86848000: system.cpu T0 : 0x12002aba8    : stq        r2,120(r30)     : MemWrite :  D=0x0000000000000530 A=0x11ff91c38
86848000: system.cpu T0 : 0x12002abac    : lda        r3,1(r31)       : IntAlu :  D=0x0000000000000001
86849000: system.cpu T0 : 0x12002abb0    : stq        r3,128(r30)     : MemWrite :  D=0x0000000000000001 A=0x11ff91c40
86849000: system.cpu T0 : 0x12002abb4    : ldah       r2,-3(r29)      : IntAlu :  D=0x0000000120098828
86850000: system.cpu T0 : 0x12002abb8    : lda        r2,-26501(r2)   : IntAlu :  D=0x00000001200920a3
86851000: system.cpu T0 : 0x12002abbc    : stq        r2,136(r30)     : MemWrite :  D=0x00000001200920a3 A=0x11ff91c48
87277000: system.cpu T0 : 0x12002abc0    : ldah       r2,-32768(r31)  : IntAlu :  D=0xffffffff80000000
87278000: system.cpu T0 : 0x12002abc4    : ornot      r31,r2,r2       : IntAlu :  D=0x000000007fffffff
87279000: system.cpu T0 : 0x12002abc8    : stl        r2,144(r30)     : MemWrite :  D=0x000000007fffffff A=0x11ff91c50
87279000: system.cpu T0 : 0x12002abcc    : srl        r1,4,r1         : IntAlu :  D=0x0000000000000051
87280000: system.cpu T0 : 0x12002abd0    : stq        r1,160(r30)     : MemWrite :  D=0x0000000000000051 A=0x11ff91c60
87280000: system.cpu T0 : 0x12002abd4    : bis        r31,r31,r12     : IntAlu :  D=0x0000000000000000
87280000: system.cpu T0 : 0x12002abd8    : br         0x12002aebc     : IntAlu : 
87719000: system.cpu T0 : 0x12002aebc    : ldq        r9,24(r11)      : MemRead :  D=0x00000001200c3688 A=0x1200c36a0
87721000: system.cpu T0 : 0x12002aec0    : cmpeq      r11,r9,r1       : IntAlu :  D=0x0000000000000001
87722000: system.cpu T0 : 0x12002aec4    : beq        r1,0x12002abdc  : IntAlu : 
87723000: system.cpu T0 : 0x12002aec8    : ldq        r4,112(r30)     : MemRead :  D=0x0000000000000000 A=0x11ff91c30
87725000: system.cpu T0 : 0x12002aecc    : bne        r4,0x12002b0cc  : IntAlu : 
87729000: system.cpu T0 : 0x12002aed0    : ldq        r2,96(r30)      : MemRead :  D=0x0000000000000044 A=0x11ff91c20
87730000: system.cpu T0 : 0x12002aed4    : ldl        r3,144(r30)     : MemRead :  D=0x000000007fffffff A=0x11ff91c50
87732000: system.cpu T0 : 0x12002aed8    : addq       r2,r3,r1        : IntAlu :  D=0x0000000080000043
87733000: system.cpu T0 : 0x12002aedc    : addq       r1,r1,r1        : IntAlu :  D=0x0000000100000086
87734000: system.cpu T0 : 0x12002aee0    : zapnot     r1,15,r1        : IntAlu :  D=0x0000000000000086
87735000: system.cpu T0 : 0x12002aee4    : s8subq     r1,16,r1        : IntAlu :  D=0x0000000000000420
87736000: system.cpu T0 : 0x12002aee8    : addq       r14,r1,r3       : IntAlu :  D=0x00000001200c3ab8
88164000: system.cpu T0 : 0x12002aeec    : ldq        r2,16(r3)       : MemRead :  D=0x00000001200c3ab8 A=0x1200c3ac8
88166000: system.cpu T0 : 0x12002aef0    : cmpeq      r2,r3,r1        : IntAlu :  D=0x0000000000000001
88167000: system.cpu T0 : 0x12002aef4    : bne        r1,0x12002b0cc  : IntAlu : 
88172000: system.cpu T0 : 0x12002b0cc    : ldq        r4,96(r30)      : MemRead :  D=0x0000000000000044 A=0x11ff91c20
88174000: system.cpu T0 : 0x12002b0d0    : addl       r4,1,r2         : IntAlu :  D=0x0000000000000045
88175000: system.cpu T0 : 0x12002b0d4    : bis        r31,r2,r3       : IntAlu :  D=0x0000000000000045
88176000: system.cpu T0 : 0x12002b0d8    : ldl        r4,144(r30)     : MemRead :  D=0x000000007fffffff A=0x11ff91c50
88178000: system.cpu T0 : 0x12002b0dc    : addq       r2,r4,r1        : IntAlu :  D=0x0000000080000044
88179000: system.cpu T0 : 0x12002b0e0    : addq       r1,r1,r1        : IntAlu :  D=0x0000000100000088
88180000: system.cpu T0 : 0x12002b0e4    : zapnot     r1,15,r1        : IntAlu :  D=0x0000000000000088
88181000: system.cpu T0 : 0x12002b0e8    : s8subq     r1,16,r1        : IntAlu :  D=0x0000000000000430
88182000: system.cpu T0 : 0x12002b0ec    : addq       r14,r1,r4       : IntAlu :  D=0x00000001200c3ac8
88182000: system.cpu T0 : 0x12002b0f0    : zapnot     r2,15,r2        : IntAlu :  D=0x0000000000000045
88183000: system.cpu T0 : 0x12002b0f4    : srl        r2,5,r6         : IntAlu :  D=0x0000000000000002
88184000: system.cpu T0 : 0x12002b0f8    : s4addq     r6,r13,r1       : IntAlu :  D=0x00000001200c3630
88609000: system.cpu T0 : 0x12002b0fc    : ldl        r5,2144(r1)     : MemRead :  D=0x0000000000000000 A=0x1200c3e90
88609000: system.cpu T0 : 0x12002b100    : and        r3,31,r3        : IntAlu :  D=0x0000000000000005
88609000: system.cpu T0 : 0x12002b104    : lda        r1,1(r31)       : IntAlu :  D=0x0000000000000001
88609000: system.cpu T0 : 0x12002b108    : sll        r1,r3,r3        : IntAlu :  D=0x0000000000000020
88610000: system.cpu T0 : 0x12002b10c    : addl       r31,r3,r3       : IntAlu :  D=0x0000000000000020
88610000: system.cpu T0 : 0x12002b110    : zapnot     r3,15,r2        : IntAlu :  D=0x0000000000000020
88611000: system.cpu T0 : 0x12002b114    : zapnot     r5,15,r1        : IntAlu :  D=0x0000000000000000
88612000: system.cpu T0 : 0x12002b118    : cmpult     r1,r2,r1        : IntAlu :  D=0x0000000000000001
88612000: system.cpu T0 : 0x12002b11c    : cmpeq      r2,0,r2         : IntAlu :  D=0x0000000000000000
88613000: system.cpu T0 : 0x12002b120    : bis        r1,r2,r1        : IntAlu :  D=0x0000000000000001
88614000: system.cpu T0 : 0x12002b124    : blbc       r1,0x12002b160  : IntAlu : 
88614000: system.cpu T0 : 0x12002b128    : addl       r6,1,r6         : IntAlu :  D=0x0000000000000003
88615000: system.cpu T0 : 0x12002b12c    : zapnot     r6,15,r1        : IntAlu :  D=0x0000000000000003
88616000: system.cpu T0 : 0x12002b130    : cmpule     r1,3,r1         : IntAlu :  D=0x0000000000000001
88617000: system.cpu T0 : 0x12002b134    : beq        r1,0x12002b344  : IntAlu : 
88617000: system.cpu T0 : 0x12002b138    : zapnot     r6,15,r1        : IntAlu :  D=0x0000000000000003
88618000: system.cpu T0 : 0x12002b13c    : s4addq     r1,r13,r1       : IntAlu :  D=0x00000001200c3634
89042000: system.cpu T0 : 0x12002b140    : ldl        r5,2144(r1)     : MemRead :  D=0x0000000000000000 A=0x1200c3e94
89044000: system.cpu T0 : 0x12002b144    : beq        r5,0x12002b128  : IntAlu : 
89047000: system.cpu T0 : 0x12002b128    : addl       r6,1,r6         : IntAlu :  D=0x0000000000000004
89048000: system.cpu T0 : 0x12002b12c    : zapnot     r6,15,r1        : IntAlu :  D=0x0000000000000004
89049000: system.cpu T0 : 0x12002b130    : cmpule     r1,3,r1         : IntAlu :  D=0x0000000000000000
89050000: system.cpu T0 : 0x12002b134    : beq        r1,0x12002b344  : IntAlu : 
89477000: system.cpu T0 : 0x12002b344    : ldq        r16,96(r13)     : MemRead :  D=0x000000012033af50 A=0x1200c3688
89911000: system.cpu T0 : 0x12002b348    : ldq        r1,8(r16)       : MemRead :  D=0x00000000000230b1 A=0x12033af58
89913000: system.cpu T0 : 0x12002b34c    : bic        r1,7,r4         : IntAlu :  D=0x00000000000230b0
89914000: system.cpu T0 : 0x12002b350    : ldq        r2,120(r30)     : MemRead :  D=0x0000000000000530 A=0x11ff91c38
89916000: system.cpu T0 : 0x12002b354    : stq        r2,72(r30)      : MemWrite :  D=0x0000000000000530 A=0x11ff91c08
89916000: system.cpu T0 : 0x12002b358    : cmpult     r4,r2,r1        : IntAlu :  D=0x0000000000000000
89917000: system.cpu T0 : 0x12002b35c    : bne        r1,0x12002b3d0  : IntAlu : 
89920000: system.cpu T0 : 0x12002b360    : addq       r16,r15,r3      : IntAlu :  D=0x000000012033b460
89921000: system.cpu T0 : 0x12002b364    : stq        r3,96(r13)      : MemWrite :  D=0x000000012033b460 A=0x1200c3688
89921000: system.cpu T0 : 0x12002b368    : ldah       r1,0(r29)       : IntAlu :  D=0x00000001200c8828
89922000: system.cpu T0 : 0x12002b36c    : lda        r1,-20992(r1)   : IntAlu :  D=0x00000001200c3628
89923000: system.cpu T0 : 0x12002b370    : cmpeq      r13,r1,r1       : IntAlu :  D=0x0000000000000001
89924000: system.cpu T0 : 0x12002b374    : cmpeq      r1,0,r1         : IntAlu :  D=0x0000000000000000
89925000: system.cpu T0 : 0x12002b378    : s4addq     r1,0,r1         : IntAlu :  D=0x0000000000000000
89925000: system.cpu T0 : 0x12002b37c    : bis        r15,1,r2        : IntAlu :  D=0x0000000000000511
90345000: system.cpu T0 : 0x12002b380    : bis        r2,r1,r2        : IntAlu :  D=0x0000000000000511
90346000: system.cpu T0 : 0x12002b384    : stq        r2,8(r16)       : MemWrite :  D=0x0000000000000511 A=0x12033af58
90346000: system.cpu T0 : 0x12002b388    : subq       r4,r15,r1       : IntAlu :  D=0x0000000000022ba0
90347000: system.cpu T0 : 0x12002b38c    : bis        r1,1,r1         : IntAlu :  D=0x0000000000022ba1
90348000: system.cpu T0 : 0x12002b390    : stq        r1,8(r3)        : MemWrite :  D=0x0000000000022ba1 A=0x12033b468
90348000: system.cpu T0 : 0x12002b394    : lda        r10,16(r16)     : IntAlu :  D=0x000000012033af60
90348000: system.cpu T0 : 0x12002b398    : ldah       r1,0(r29)       : IntAlu :  D=0x00000001200c8828
90780000: system.cpu T0 : 0x12002b39c    : ldl        r17,-29672(r1)  : MemRead :  D=0x0000000000000000 A=0x1200c1440
90780000: system.cpu T0 : 0x12002b3a0    : bis        r31,r10,r9      : IntAlu :  D=0x000000012033af60
90782000: system.cpu T0 : 0x12002b3a4    : beq        r17,0x12002b9a8 : IntAlu : 
91212000: system.cpu T0 : 0x12002b9a8    : bis        r31,r9,r0       : IntAlu :  D=0x000000012033af60
91213000: system.cpu T0 : 0x12002b9ac    : ldq        r26,0(r30)      : MemRead :  D=0x000000012002caac A=0x11ff91bc0
91214000: system.cpu T0 : 0x12002b9b0    : ldq        r9,8(r30)       : MemRead :  D=0x00000001200c3628 A=0x11ff91bc8
91214000: system.cpu T0 : 0x12002b9b4    : ldq        r10,16(r30)     : MemRead :  D=0x000000012033af40 A=0x11ff91bd0
91214000: system.cpu T0 : 0x12002b9b8    : ldq        r11,24(r30)     : MemRead :  D=0x0000000000000500 A=0x11ff91bd8
91215000: system.cpu T0 : 0x12002b9bc    : ldq        r12,32(r30)     : MemRead :  D=0x000000012001e450 A=0x11ff91be0
91637000: system.cpu T0 : 0x12002b9c0    : ldq        r13,40(r30)     : MemRead :  D=0x000000012001e4c0 A=0x11ff91be8
91638000: system.cpu T0 : 0x12002b9c4    : ldq        r14,48(r30)     : MemRead :  D=0x0000000000000000 A=0x11ff91bf0
91638000: system.cpu T0 : 0x12002b9c8    : ldq        r15,56(r30)     : MemRead :  D=0x000000011ff91c90 A=0x11ff91bf8
91638000: system.cpu T0 : 0x12002b9cc    : lda        r30,176(r30)    : IntAlu :  D=0x000000011ff91c70
91638000: system.cpu T0 : 0x12002b9d0    : ret        (r26)           : IntAlu : 
92062000: system.cpu T0 : 0x12002caac    : bis        r31,r0,r10      : IntAlu :  D=0x000000012033af60
92062000: system.cpu T0 : 0x12002cab0    : bne        r0,0x12002cc38  : IntAlu : 
92495000: system.cpu T0 : 0x12002cc38    : mb                         : MemRead : 
92496000: system.cpu T0 : 0x12002cc3c    : ldl_l      r1,0(r9)        : MemRead :  D=0x0000000000000001 A=0x1200c3628
92504000: system.cpu T0 : 0x12002cc40    : bis        r31,0,r2        : IntAlu :  D=0x0000000000000000
92506000: system.cpu T0 : 0x12002cc44    : stl_c      r2,0(r9)        : MemWrite :  D=0x0000000000000001 A=0x1200c3628
92509000: system.cpu T0 : 0x12002cc48    : beq        r2,0x12002cc3c  : IntAlu : 
92512000: system.cpu T0 : 0x12002cc4c    : addl       r31,r1,r1       : IntAlu :  D=0x0000000000000001
92513000: system.cpu T0 : 0x12002cc50    : cmple      r1,1,r1         : IntAlu :  D=0x0000000000000001
92514000: system.cpu T0 : 0x12002cc54    : bne        r1,0x12002cc70  : IntAlu : 
92517000: system.cpu T0 : 0x12002cc70    : bis        r31,r10,r0      : IntAlu :  D=0x000000012033af60
92530000: system.cpu T0 : 0x12002cc74    : ldq        r26,0(r30)      : MemRead :  D=0x0000000120065d3c A=0x11ff91c70
92537000: system.cpu T0 : 0x12002cc78    : ldq        r9,8(r30)       : MemRead :  D=0x0000000000000002 A=0x11ff91c78
92539000: system.cpu T0 : 0x12002cc7c    : ldq        r10,16(r30)     : MemRead :  D=0x000000012033af40 A=0x11ff91c80
92942000: system.cpu T0 : 0x12002cc80    : ldq        r11,24(r30)     : MemRead :  D=0x0000000000000000 A=0x11ff91c88
92942000: system.cpu T0 : 0x12002cc84    : lda        r30,32(r30)     : IntAlu :  D=0x000000011ff91c90
92942000: system.cpu T0 : 0x12002cc88    : ret        (r26)           : IntAlu : 
93366000: system.cpu T0 : 0x120065d3c    : nop        (ldq_u      r31,0(r30)) : No_OpClass : 
93375000: system.cpu T0 : 0x120065d40    : nop        (ldq_u      r31,0(r30)) : No_OpClass : 
93375000: system.cpu T0 : 0x120065d44    : stq        r0,0(r10)       : MemWrite :  D=0x000000012033af60 A=0x12033af40
93375000: system.cpu T0 : 0x120065d48    : ldah       r1,-1(r29)      : IntAlu :  D=0x00000001200b8828
93807000: system.cpu T0 : 0x120065d4c    : ldq        r1,26128(r1)    : MemRead :  D=0x000000012033af40 A=0x1200bee38
93810000: system.cpu T0 : 0x120065d50    : ldq        r2,0(r1)        : MemRead :  D=0x000000012033af60 A=0x12033af40
93810000: system.cpu T0 : 0x120065d54    : ldah       r1,-2(r29)      : IntAlu :  D=0x00000001200a8828
93810000: system.cpu T0 : 0x120065d58    : lda        r19,-29632(r1)  : IntAlu :  D=0x00000001200a1468
93812000: system.cpu T0 : 0x120065d5c    : beq        r2,0x120065cfc  : IntAlu : 
93812000: system.cpu T0 : 0x120065d60    : ldah       r2,-1(r29)      : IntAlu :  D=0x00000001200b8828
93813000: system.cpu T0 : 0x120065d64    : lda        r1,26128(r2)    : IntAlu :  D=0x00000001200bee38
93813000: system.cpu T0 : 0x120065d68    : stl        r31,8(r1)       : MemWrite :  D=0x0000000000000000 A=0x1200bee40
93814000: system.cpu T0 : 0x120065d6c    : ldq        r1,26128(r2)    : MemRead :  D=0x000000012033af40 A=0x1200bee38
93817000: system.cpu T0 : 0x120065d70    : ldq        r4,0(r1)        : MemRead :  D=0x000000012033af60 A=0x12033af40
94254000: system.cpu T0 : 0x120065d74    : ldq        r1,-30336(r29)  : MemRead :  D=0x00000001200c1a78 A=0x1200c11a8
94255000: system.cpu T0 : 0x120065d78    : stq        r4,0(r1)        : MemWrite :  D=0x000000012033af60 A=0x1200c1a78
94255000: system.cpu T0 : 0x120065d7c    : s4addq     r9,r9,r1        : IntAlu :  D=0x000000000000000a
94255000: system.cpu T0 : 0x120065d80    : s8addq     r1,0,r22        : IntAlu :  D=0x0000000000000050
94255000: system.cpu T0 : 0x120065d84    : ldah       r1,-2(r29)      : IntAlu :  D=0x00000001200a8828
94256000: system.cpu T0 : 0x120065d88    : lda        r6,-27816(r1)   : IntAlu :  D=0x00000001200a1b80
94256000: system.cpu T0 : 0x120065d8c    : ldah       r1,-2(r29)      : IntAlu :  D=0x00000001200a8828
94257000: system.cpu T0 : 0x120065d90    : lda        r5,-27832(r1)   : IntAlu :  D=0x00000001200a1b70
94257000: system.cpu T0 : 0x120065d94    : ldah       r1,-2(r29)      : IntAlu :  D=0x00000001200a8828
94258000: system.cpu T0 : 0x120065d98    : lda        r28,-28220(r1)  : IntAlu :  D=0x00000001200a19ec
94258000: system.cpu T0 : 0x120065d9c    : ldah       r7,-1(r29)      : IntAlu :  D=0x00000001200b8828
94258000: system.cpu T0 : 0x120065da0    : bis        r31,r31,r25     : IntAlu :  D=0x0000000000000000
94258000: system.cpu T0 : 0x120065da4    : lda        r8,8(r6)        : IntAlu :  D=0x00000001200a1b88
94259000: system.cpu T0 : 0x120065da8    : subq       r31,r22,r24     : IntAlu :  D=0xffffffffffffffb0
94259000: system.cpu T0 : 0x120065dac    : lda        r23,16(r6)      : IntAlu :  D=0x00000001200a1b90
94259000: system.cpu T0 : 0x120065db0    : stq        r4,0(r10)       : MemWrite :  D=0x000000012033af60 A=0x12033af40
94259000: system.cpu T0 : 0x120065db4    : stq        r28,8(r4)       : MemWrite :  D=0x00000001200a19ec A=0x12033af68
94260000: system.cpu T0 : 0x120065db8    : stq        r31,16(r4)      : MemWrite :  D=0x0000000000000000 A=0x12033af70
94260000: system.cpu T0 : 0x120065dbc    : bis        r31,r5,r2       : IntAlu :  D=0x00000001200a1b70
94695000: system.cpu T0 : 0x120065dc0    : stq        r5,24(r4)       : MemWrite :  D=0x00000001200a1b70 A=0x12033af78
94695000: system.cpu T0 : 0x120065dc4    : ldq        r1,0(r6)        : MemRead :  A=0x1200a1b80
95124000: system.cpu T0 : 0x120065dc4    : ldq        r1,0(r6)        : MemRead :  D=0x0000000000000005 A=0x1200a1b80
95126000: system.cpu T0 : 0x120065dc8    : stq        r1,32(r4)       : MemWrite :  D=0x0000000000000005 A=0x12033af80
95126000: system.cpu T0 : 0x120065dcc    : lda        r1,1(r1)        : IntAlu :  D=0x0000000000000006
95127000: system.cpu T0 : 0x120065dd0    : addq       r5,r1,r5        : IntAlu :  D=0x00000001200a1b76
95562000: system.cpu T0 : 0x120065dd4    : ldbu       r1,0(r2)        : MemRead :  D=0x000000000000002f A=0x1200a1b70
95564000: system.cpu T0 : 0x120065dd8    : cmpeq      r1,47,r1        : IntAlu :  D=0x0000000000000001
95565000: system.cpu T0 : 0x120065ddc    : beq        r1,0x120065df4  : IntAlu : 
95566000: system.cpu T0 : 0x120065de0    : ldq        r1,26112(r7)    : MemRead :  D=0x0000000000000001 A=0x1200bee28
95566000: system.cpu T0 : 0x120065de4    : bis        r31,r4,r3       : IntAlu :  D=0x000000012033af60
95566000: system.cpu T0 : 0x120065de8    : bis        r31,r25,r2      : IntAlu :  D=0x0000000000000000
95568000: system.cpu T0 : 0x120065dec    : bne        r1,0x120065e18  : IntAlu : 
95995000: system.cpu T0 : 0x120065e18    : stl        r31,40(r3)      : MemWrite :  D=0x0000000000000000 A=0x12033af88
95995000: system.cpu T0 : 0x120065e1c    : lda        r2,1(r2)        : IntAlu :  D=0x0000000000000001
95995000: system.cpu T0 : 0x120065e20    : lda        r3,4(r3)        : IntAlu :  D=0x000000012033af64
95997000: system.cpu T0 : 0x120065e24    : ldq        r1,26112(r7)    : MemRead :  D=0x0000000000000001 A=0x1200bee28
95999000: system.cpu T0 : 0x120065e28    : cmpule     r1,r2,r1        : IntAlu :  D=0x0000000000000001
96000000: system.cpu T0 : 0x120065e2c    : beq        r1,0x120065e18  : IntAlu : 
96000000: system.cpu T0 : 0x120065e30    : lda        r10,8(r10)      : IntAlu :  D=0x000000012033af48
96000000: system.cpu T0 : 0x120065e34    : cmpeq      r6,r8,r1        : IntAlu :  D=0x0000000000000000
96001000: system.cpu T0 : 0x120065e38    : bne        r1,0x120065fcc  : IntAlu : 
96001000: system.cpu T0 : 0x120065e3c    : addq       r4,r22,r4       : IntAlu :  D=0x000000012033afb0
96420000: system.cpu T0 : 0x120065e40    : addq       r4,r24,r1       : IntAlu :  D=0x000000012033af60
96420000: system.cpu T0 : 0x120065e44    : stq        r4,0(r1)        : MemWrite :  D=0x000000012033afb0 A=0x12033af60
96420000: system.cpu T0 : 0x120065e48    : lda        r6,8(r6)        : IntAlu :  D=0x00000001200a1b88
96421000: system.cpu T0 : 0x120065e4c    : cmpeq      r6,r23,r1       : IntAlu :  D=0x0000000000000000
96422000: system.cpu T0 : 0x120065e50    : beq        r1,0x120065db0  : IntAlu : 
96426000: system.cpu T0 : 0x120065db0    : stq        r4,0(r10)       : MemWrite :  D=0x000000012033afb0 A=0x12033af48
96426000: system.cpu T0 : 0x120065db4    : stq        r28,8(r4)       : MemWrite :  D=0x00000001200a19ec A=0x12033afb8
96426000: system.cpu T0 : 0x120065db8    : stq        r31,16(r4)      : MemWrite :  D=0x0000000000000000 A=0x12033afc0
96426000: system.cpu T0 : 0x120065dbc    : bis        r31,r5,r2       : IntAlu :  D=0x00000001200a1b76
96427000: system.cpu T0 : 0x120065dc0    : stq        r5,24(r4)       : MemWrite :  D=0x00000001200a1b76 A=0x12033afc8
96428000: system.cpu T0 : 0x120065dc4    : ldq        r1,0(r6)        : MemRead :  D=0x0000000000000009 A=0x1200a1b88
96430000: system.cpu T0 : 0x120065dc8    : stq        r1,32(r4)       : MemWrite :  D=0x0000000000000009 A=0x12033afd0
96430000: system.cpu T0 : 0x120065dcc    : lda        r1,1(r1)        : IntAlu :  D=0x000000000000000a
96431000: system.cpu T0 : 0x120065dd0    : addq       r5,r1,r5        : IntAlu :  D=0x00000001200a1b80
96432000: system.cpu T0 : 0x120065dd4    : ldbu       r1,0(r2)        : MemRead :  D=0x000000000000002f A=0x1200a1b76
96434000: system.cpu T0 : 0x120065dd8    : cmpeq      r1,47,r1        : IntAlu :  D=0x0000000000000001
96435000: system.cpu T0 : 0x120065ddc    : beq        r1,0x120065df4  : IntAlu : 
96436000: system.cpu T0 : 0x120065de0    : ldq        r1,26112(r7)    : MemRead :  D=0x0000000000000001 A=0x1200bee28
96436000: system.cpu T0 : 0x120065de4    : bis        r31,r4,r3       : IntAlu :  D=0x000000012033afb0
96436000: system.cpu T0 : 0x120065de8    : bis        r31,r25,r2      : IntAlu :  D=0x0000000000000000
96438000: system.cpu T0 : 0x120065dec    : bne        r1,0x120065e18  : IntAlu : 
96441000: system.cpu T0 : 0x120065e18    : stl        r31,40(r3)      : MemWrite :  D=0x0000000000000000 A=0x12033afd8
96441000: system.cpu T0 : 0x120065e1c    : lda        r2,1(r2)        : IntAlu :  D=0x0000000000000001
96441000: system.cpu T0 : 0x120065e20    : lda        r3,4(r3)        : IntAlu :  D=0x000000012033afb4
96442000: system.cpu T0 : 0x120065e24    : ldq        r1,26112(r7)    : MemRead :  D=0x0000000000000001 A=0x1200bee28
96444000: system.cpu T0 : 0x120065e28    : cmpule     r1,r2,r1        : IntAlu :  D=0x0000000000000001
96445000: system.cpu T0 : 0x120065e2c    : beq        r1,0x120065e18  : IntAlu : 
96445000: system.cpu T0 : 0x120065e30    : lda        r10,8(r10)      : IntAlu :  D=0x000000012033af50
96445000: system.cpu T0 : 0x120065e34    : cmpeq      r6,r8,r1        : IntAlu :  D=0x0000000000000001
96446000: system.cpu T0 : 0x120065e38    : bne        r1,0x120065fcc  : IntAlu : 
96872000: system.cpu T0 : 0x120065fcc    : stq        r31,0(r4)       : MemWrite :  D=0x0000000000000000 A=0x12033afb0
96872000: system.cpu T0 : 0x120065fd0    : br         0x120065e54     : IntAlu : 
96875000: system.cpu T0 : 0x120065e54    : lda        r2,9(r31)       : IntAlu :  D=0x0000000000000009
96875000: system.cpu T0 : 0x120065e58    : ldah       r1,0(r29)       : IntAlu :  D=0x00000001200c8828
96876000: system.cpu T0 : 0x120065e5c    : stq        r2,-29152(r1)   : MemWrite :  D=0x0000000000000009 A=0x1200c1648
96876000: system.cpu T0 : 0x120065e60    : stq        r31,0(r10)      : MemWrite :  D=0x0000000000000000 A=0x12033af50
96876000: system.cpu T0 : 0x120065e64    : beq        r11,0x120065f90 : IntAlu : 
97302000: system.cpu T0 : 0x120065f90    : lda        r2,-1(r31)      : IntAlu :  D=0xffffffffffffffff
97302000: system.cpu T0 : 0x120065f94    : ldah       r1,-1(r29)      : IntAlu :  D=0x00000001200b8828
97303000: system.cpu T0 : 0x120065f98    : stq        r2,26088(r1)    : MemWrite :  D=0xffffffffffffffff A=0x1200bee10
97726000: system.cpu T0 : 0x120065f9c    : ldq        r1,-30336(r29)  : MemRead :  D=0x00000001200c1a78 A=0x1200c11a8
97741000: system.cpu T0 : 0x120065fa0    : ldq        r2,0(r1)        : MemRead :  D=0x000000012033af60 A=0x1200c1a78
98152000: system.cpu T0 : 0x120065fa4    : ldq        r1,-30752(r29)  : MemRead :  D=0x00000001200c1a50 A=0x1200c1008
98153000: system.cpu T0 : 0x120065fa8    : stq        r2,0(r1)        : MemWrite :  D=0x000000012033af60 A=0x1200c1a50
98153000: system.cpu T0 : 0x120065fac    : bis        r31,r15,r30     : IntAlu :  D=0x000000011ff91c90
98179000: system.cpu T0 : 0x120065fb0    : ldq        r26,0(r30)      : MemRead :  D=0x00000001200339f8 A=0x11ff91c90
98186000: system.cpu T0 : 0x120065fb4    : ldq        r9,8(r30)       : MemRead :  D=0x0000000000000002 A=0x11ff91c98
98187000: system.cpu T0 : 0x120065fb8    : ldq        r10,16(r30)     : MemRead :  D=0x000000011ff92008 A=0x11ff91ca0
98187000: system.cpu T0 : 0x120065fbc    : ldq        r11,24(r30)     : MemRead :  D=0x000000011ff92020 A=0x11ff91ca8
98187000: system.cpu T0 : 0x120065fc0    : ldq        r15,32(r30)     : MemRead :  D=0x0000000000000000 A=0x11ff91cb0
98187000: system.cpu T0 : 0x120065fc4    : lda        r30,48(r30)     : IntAlu :  D=0x000000011ff91cc0
98188000: system.cpu T0 : 0x120065fc8    : ret        (r26)           : IntAlu : 
98188000: system.cpu T0 : 0x1200339f8    : nop        (ldq_u      r31,0(r30)) : No_OpClass : 
98188000: system.cpu T0 : 0x1200339fc    : nop        (ldq_u      r31,0(r30)) : No_OpClass : 
98191000: system.cpu T0 : 0x120033a00    : ldah       r16,-3(r29)     : IntAlu :  D=0x0000000120098828
98192000: system.cpu T0 : 0x120033a04    : lda        r16,-25516(r16) : IntAlu :  D=0x000000012009247c
98192000: system.cpu T0 : 0x120033a08    : nop        (ldq_u      r31,0(r30)) : No_OpClass : 
98192000: system.cpu T0 : 0x120033a0c    : bsr        r26,0x1200459dc : IntAlu :  D=0x0000000120033a10
98616000: system.cpu T0 : 0x1200459dc    : lda        r30,-48(r30)    : IntAlu :  D=0x000000011ff91c90
98616000: system.cpu T0 : 0x1200459e0    : stq        r26,0(r30)      : MemWrite :  D=0x0000000120033a10 A=0x11ff91c90
98616000: system.cpu T0 : 0x1200459e4    : stq        r9,8(r30)       : MemWrite :  D=0x0000000000000002 A=0x11ff91c98
98616000: system.cpu T0 : 0x1200459e8    : stq        r10,16(r30)     : MemWrite :  D=0x000000011ff92008 A=0x11ff91ca0
98617000: system.cpu T0 : 0x1200459ec    : stq        r11,24(r30)     : MemWrite :  D=0x000000011ff92020 A=0x11ff91ca8
98617000: system.cpu T0 : 0x1200459f0    : stq        r12,32(r30)     : MemWrite :  D=0x000000012001e450 A=0x11ff91cb0
98617000: system.cpu T0 : 0x1200459f4    : stq        r13,40(r30)     : MemWrite :  D=0x000000012001e4c0 A=0x11ff91cb8
98617000: system.cpu T0 : 0x1200459f8    : bis        r31,r16,r9      : IntAlu :  D=0x000000012009247c
98618000: system.cpu T0 : 0x1200459fc    : nop        (ldq_u      r31,0(r30)) : No_OpClass : 
99041000: system.cpu T0 : 0x120045a00    : bsr        r26,strlen      : IntAlu :  D=0x0000000120045a04
99896000: system.cpu T0 : 0x12002de60    : ldq_u      r1,0(r16)       : MemRead :  D=0x425f444c00485441 A=0x120092478
99896000: system.cpu T0 : 0x12002de64    : lda        r2,-1(r31)      : IntAlu :  D=0xffffffffffffffff
99896000: system.cpu T0 : 0x12002de68    : insqh      r2,r16,r2       : IntAlu :  D=0x00000000ffffffff
99896000: system.cpu T0 : 0x12002de6c    : bic        r16,7,r0        : IntAlu :  D=0x0000000120092478
99898000: system.cpu T0 : 0x12002de70    : bis        r2,r1,r1        : IntAlu :  D=0x425f444cffffffff
99899000: system.cpu T0 : 0x12002de74    : cmpbge     r31,r1,r2       : IntAlu :  D=0x0000000000000000
99899000: system.cpu T0 : 0x12002de78    : nop        (bis        r31,r31,r31) : No_OpClass : 
99900000: system.cpu T0 : 0x12002de7c    : bne        r2,0x12002de90  : IntAlu : 
100325000: system.cpu T0 : 0x12002de80    : ldq        r1,8(r0)        : MemRead :  D=0x00574f4e5f444e49 A=0x120092480
100325000: system.cpu T0 : 0x12002de84    : addq       r0,8,r0         : IntAlu :  D=0x0000000120092480
100327000: system.cpu T0 : 0x12002de88    : cmpbge     r31,r1,r2       : IntAlu :  D=0x0000000000000080
100328000: system.cpu T0 : 0x12002de8c    : beq        r2,0x12002de80  : IntAlu : 
100331000: system.cpu T0 : 0x12002de90    : cttz       r2,r3           : IntAlu :  D=0x0000000000000007
100332000: system.cpu T0 : 0x12002de94    : addq       r0,r3,r0        : IntAlu :  D=0x0000000120092487
100333000: system.cpu T0 : 0x12002de98    : subq       r0,r16,r0       : IntAlu :  D=0x000000000000000b
100333000: system.cpu T0 : 0x12002de9c    : ret        (r26)           : IntAlu : 
100333000: system.cpu T0 : 0x120045a04    : nop        (ldq_u      r31,0(r30)) : No_OpClass : 
100333000: system.cpu T0 : 0x120045a08    : nop        (ldq_u      r31,0(r30)) : No_OpClass : 
100334000: system.cpu T0 : 0x120045a0c    : lda        r1,-29608(r29)  : IntAlu :  D=0x00000001200c1480
100767000: system.cpu T0 : 0x120045a10    : ldq        r10,0(r1)       : MemRead :  D=0x000000011ff92020 A=0x1200c1480
100769000: system.cpu T0 : 0x120045a14    : beq        r10,0x120045b18 : IntAlu : 
100770000: system.cpu T0 : 0x120045a18    : ldbu       r1,0(r9)        : MemRead :  D=0x000000000000004c A=0x12009247c
100772000: system.cpu T0 : 0x120045a1c    : beq        r1,0x120045b18  : IntAlu : 
100773000: system.cpu T0 : 0x120045a20    : ldbu       r1,1(r9)        : MemRead :  D=0x0000000000000044 A=0x12009247d
100775000: system.cpu T0 : 0x120045a24    : bne        r1,0x120045a90  : IntAlu : 
100779000: system.cpu T0 : 0x120045a90    : ldbu       r1,1(r9)        : MemRead :  D=0x0000000000000044 A=0x12009247d
100781000: system.cpu T0 : 0x120045a94    : sll        r1,8,r1         : IntAlu :  D=0x0000000000004400
100782000: system.cpu T0 : 0x120045a98    : ldbu       r2,0(r9)        : MemRead :  D=0x000000000000004c A=0x12009247c
100784000: system.cpu T0 : 0x120045a9c    : bis        r1,r2,r1        : IntAlu :  D=0x000000000000444c
100785000: system.cpu T0 : 0x120045aa0    : sextw      r1,r11          : IntAlu :  D=0x000000000000444c
100785000: system.cpu T0 : 0x120045aa4    : lda        r12,-2(r0)      : IntAlu :  D=0x0000000000000009
100785000: system.cpu T0 : 0x120045aa8    : lda        r13,2(r9)       : IntAlu :  D=0x000000012009247e
101216000: system.cpu T0 : 0x120045aac    : ldq        r9,0(r10)       : MemRead :  D=0x0000000000000000 A=0x11ff92020
101218000: system.cpu T0 : 0x120045ab0    : beq        r9,0x120045b18  : IntAlu : 
101221000: system.cpu T0 : 0x120045b18    : bis        r31,r31,r0      : IntAlu :  D=0x0000000000000000
101236000: system.cpu T0 : 0x120045b1c    : ldq        r26,0(r30)      : MemRead :  D=0x0000000120033a10 A=0x11ff91c90
101243000: system.cpu T0 : 0x120045b20    : ldq        r9,8(r30)       : MemRead :  D=0x0000000000000002 A=0x11ff91c98
101244000: system.cpu T0 : 0x120045b24    : ldq        r10,16(r30)     : MemRead :  D=0x000000011ff92008 A=0x11ff91ca0
101244000: system.cpu T0 : 0x120045b28    : ldq        r11,24(r30)     : MemRead :  D=0x000000011ff92020 A=0x11ff91ca8
101244000: system.cpu T0 : 0x120045b2c    : ldq        r12,32(r30)     : MemRead :  D=0x000000012001e450 A=0x11ff91cb0
101244000: system.cpu T0 : 0x120045b30    : ldq        r13,40(r30)     : MemRead :  D=0x000000012001e4c0 A=0x11ff91cb8
101245000: system.cpu T0 : 0x120045b34    : lda        r30,48(r30)     : IntAlu :  D=0x000000011ff91cc0
101245000: system.cpu T0 : 0x120045b38    : ret        (r26)           : IntAlu : 
101657000: system.cpu T0 : 0x120033a10    : nop        (ldq_u      r31,0(r30)) : No_OpClass : 
101657000: system.cpu T0 : 0x120033a14    : nop        (ldq_u      r31,0(r30)) : No_OpClass : 
101657000: system.cpu T0 : 0x120033a18    : ldah       r1,-2(r29)      : IntAlu :  D=0x00000001200a8828
101658000: system.cpu T0 : 0x120033a1c    : lda        r1,-25419(r1)   : IntAlu :  D=0x00000001200a24dd
101659000: system.cpu T0 : 0x120033a20    : cmovne     r0,r0,r1        : IntAlu :  D=0x00000001200a24dd
102089000: system.cpu T0 : 0x120033a24    : ldbu       r1,0(r1)        : MemRead :  D=0x0000000000000000 A=0x1200a24dd
102091000: system.cpu T0 : 0x120033a28    : cmpeq      r1,0,r1         : IntAlu :  D=0x0000000000000001
102518000: system.cpu T0 : 0x120033a2c    : ldq        r2,-31600(r29)  : MemRead :  D=0x00000001200c1a20 A=0x1200c0cb8
102519000: system.cpu T0 : 0x120033a30    : stl        r1,0(r2)        : MemWrite :  D=0x0000000000000001 A=0x1200c1a20
102519000: system.cpu T0 : 0x120033a34    : ldah       r16,-3(r29)     : IntAlu :  D=0x0000000120098828
102519000: system.cpu T0 : 0x120033a38    : lda        r16,-25504(r16) : IntAlu :  D=0x0000000120092488
102519000: system.cpu T0 : 0x120033a3c    : nop        (ldq_u      r31,0(r30)) : No_OpClass : 
102520000: system.cpu T0 : 0x120033a40    : bsr        r26,0x1200459dc : IntAlu :  D=0x0000000120033a44
102520000: system.cpu T0 : 0x1200459dc    : lda        r30,-48(r30)    : IntAlu :  D=0x000000011ff91c90
102520000: system.cpu T0 : 0x1200459e0    : stq        r26,0(r30)      : MemWrite :  D=0x0000000120033a44 A=0x11ff91c90
102520000: system.cpu T0 : 0x1200459e4    : stq        r9,8(r30)       : MemWrite :  D=0x0000000000000002 A=0x11ff91c98
102521000: system.cpu T0 : 0x1200459e8    : stq        r10,16(r30)     : MemWrite :  D=0x000000011ff92008 A=0x11ff91ca0
102521000: system.cpu T0 : 0x1200459ec    : stq        r11,24(r30)     : MemWrite :  D=0x000000011ff92020 A=0x11ff91ca8
102521000: system.cpu T0 : 0x1200459f0    : stq        r12,32(r30)     : MemWrite :  D=0x000000012001e450 A=0x11ff91cb0
102521000: system.cpu T0 : 0x1200459f4    : stq        r13,40(r30)     : MemWrite :  D=0x000000012001e4c0 A=0x11ff91cb8
102522000: system.cpu T0 : 0x1200459f8    : bis        r31,r16,r9      : IntAlu :  D=0x0000000120092488
102522000: system.cpu T0 : 0x1200459fc    : nop        (ldq_u      r31,0(r30)) : No_OpClass : 
102945000: system.cpu T0 : 0x120045a00    : bsr        r26,strlen      : IntAlu :  D=0x0000000120045a04
103793000: system.cpu T0 : 0x12002de60    : ldq_u      r1,0(r16)       : MemRead :  D=0x5f444e49425f444c A=0x120092488
103793000: system.cpu T0 : 0x12002de64    : lda        r2,-1(r31)      : IntAlu :  D=0xffffffffffffffff
103793000: system.cpu T0 : 0x12002de68    : insqh      r2,r16,r2       : IntAlu :  D=0x0000000000000000
103793000: system.cpu T0 : 0x12002de6c    : bic        r16,7,r0        : IntAlu :  D=0x0000000120092488
103795000: system.cpu T0 : 0x12002de70    : bis        r2,r1,r1        : IntAlu :  D=0x5f444e49425f444c
103796000: system.cpu T0 : 0x12002de74    : cmpbge     r31,r1,r2       : IntAlu :  D=0x0000000000000000
103796000: system.cpu T0 : 0x12002de78    : nop        (bis        r31,r31,r31) : No_OpClass : 
103797000: system.cpu T0 : 0x12002de7c    : bne        r2,0x12002de90  : IntAlu : 
103798000: system.cpu T0 : 0x12002de80    : ldq        r1,8(r0)        : MemRead :  D=0x445f444c00544f4e A=0x120092490
103798000: system.cpu T0 : 0x12002de84    : addq       r0,8,r0         : IntAlu :  D=0x0000000120092490
103800000: system.cpu T0 : 0x12002de88    : cmpbge     r31,r1,r2       : IntAlu :  D=0x0000000000000008
103801000: system.cpu T0 : 0x12002de8c    : beq        r2,0x12002de80  : IntAlu : 
103801000: system.cpu T0 : 0x12002de90    : cttz       r2,r3           : IntAlu :  D=0x0000000000000003
103802000: system.cpu T0 : 0x12002de94    : addq       r0,r3,r0        : IntAlu :  D=0x0000000120092493
103803000: system.cpu T0 : 0x12002de98    : subq       r0,r16,r0       : IntAlu :  D=0x000000000000000b
103803000: system.cpu T0 : 0x12002de9c    : ret        (r26)           : IntAlu : 
103803000: system.cpu T0 : 0x120045a04    : nop        (ldq_u      r31,0(r30)) : No_OpClass : 
103803000: system.cpu T0 : 0x120045a08    : nop        (ldq_u      r31,0(r30)) : No_OpClass : 
103804000: system.cpu T0 : 0x120045a0c    : lda        r1,-29608(r29)  : IntAlu :  D=0x00000001200c1480
103818000: system.cpu T0 : 0x120045a10    : ldq        r10,0(r1)       : MemRead :  D=0x000000011ff92020 A=0x1200c1480
103820000: system.cpu T0 : 0x120045a14    : beq        r10,0x120045b18 : IntAlu : 
103821000: system.cpu T0 : 0x120045a18    : ldbu       r1,0(r9)        : MemRead :  D=0x000000000000004c A=0x120092488
103823000: system.cpu T0 : 0x120045a1c    : beq        r1,0x120045b18  : IntAlu : 
103824000: system.cpu T0 : 0x120045a20    : ldbu       r1,1(r9)        : MemRead :  D=0x0000000000000044 A=0x120092489
103826000: system.cpu T0 : 0x120045a24    : bne        r1,0x120045a90  : IntAlu : 
103830000: system.cpu T0 : 0x120045a90    : ldbu       r1,1(r9)        : MemRead :  D=0x0000000000000044 A=0x120092489
103832000: system.cpu T0 : 0x120045a94    : sll        r1,8,r1         : IntAlu :  D=0x0000000000004400
103833000: system.cpu T0 : 0x120045a98    : ldbu       r2,0(r9)        : MemRead :  D=0x000000000000004c A=0x120092488
103835000: system.cpu T0 : 0x120045a9c    : bis        r1,r2,r1        : IntAlu :  D=0x000000000000444c
103836000: system.cpu T0 : 0x120045aa0    : sextw      r1,r11          : IntAlu :  D=0x000000000000444c
103836000: system.cpu T0 : 0x120045aa4    : lda        r12,-2(r0)      : IntAlu :  D=0x0000000000000009
103836000: system.cpu T0 : 0x120045aa8    : lda        r13,2(r9)       : IntAlu :  D=0x000000012009248a
103837000: system.cpu T0 : 0x120045aac    : ldq        r9,0(r10)       : MemRead :  D=0x0000000000000000 A=0x11ff92020
103839000: system.cpu T0 : 0x120045ab0    : beq        r9,0x120045b18  : IntAlu : 
104262000: system.cpu T0 : 0x120045b18    : bis        r31,r31,r0      : IntAlu :  D=0x0000000000000000
104283000: system.cpu T0 : 0x120045b1c    : ldq        r26,0(r30)      : MemRead :  D=0x0000000120033a44 A=0x11ff91c90
104290000: system.cpu T0 : 0x120045b20    : ldq        r9,8(r30)       : MemRead :  D=0x0000000000000002 A=0x11ff91c98
104291000: system.cpu T0 : 0x120045b24    : ldq        r10,16(r30)     : MemRead :  D=0x000000011ff92008 A=0x11ff91ca0
104291000: system.cpu T0 : 0x120045b28    : ldq        r11,24(r30)     : MemRead :  D=0x000000011ff92020 A=0x11ff91ca8
104291000: system.cpu T0 : 0x120045b2c    : ldq        r12,32(r30)     : MemRead :  D=0x000000012001e450 A=0x11ff91cb0
104291000: system.cpu T0 : 0x120045b30    : ldq        r13,40(r30)     : MemRead :  D=0x000000012001e4c0 A=0x11ff91cb8
104292000: system.cpu T0 : 0x120045b34    : lda        r30,48(r30)     : IntAlu :  D=0x000000011ff91cc0
104292000: system.cpu T0 : 0x120045b38    : ret        (r26)           : IntAlu : 
104292000: system.cpu T0 : 0x120033a44    : nop        (ldq_u      r31,0(r30)) : No_OpClass : 
104292000: system.cpu T0 : 0x120033a48    : nop        (ldq_u      r31,0(r30)) : No_OpClass : 
104293000: system.cpu T0 : 0x120033a4c    : ldah       r1,-2(r29)      : IntAlu :  D=0x00000001200a8828
104293000: system.cpu T0 : 0x120033a50    : lda        r1,-25419(r1)   : IntAlu :  D=0x00000001200a24dd
104294000: system.cpu T0 : 0x120033a54    : cmovne     r0,r0,r1        : IntAlu :  D=0x00000001200a24dd
104296000: system.cpu T0 : 0x120033a58    : ldbu       r1,0(r1)        : MemRead :  D=0x0000000000000000 A=0x1200a24dd
104298000: system.cpu T0 : 0x120033a5c    : cmpult     r31,r1,r1       : IntAlu :  D=0x0000000000000000
104721000: system.cpu T0 : 0x120033a60    : ldq        r2,-31800(r29)  : MemRead :  D=0x00000001200c1a14 A=0x1200c0bf0
104722000: system.cpu T0 : 0x120033a64    : stl        r1,0(r2)        : MemWrite :  D=0x0000000000000000 A=0x1200c1a14
104722000: system.cpu T0 : 0x120033a68    : ldah       r16,-3(r29)     : IntAlu :  D=0x0000000120098828
104722000: system.cpu T0 : 0x120033a6c    : lda        r16,-25492(r16) : IntAlu :  D=0x0000000120092494
104722000: system.cpu T0 : 0x120033a70    : nop        (ldq_u      r31,0(r30)) : No_OpClass : 
104723000: system.cpu T0 : 0x120033a74    : bsr        r26,0x1200459dc : IntAlu :  D=0x0000000120033a78
104723000: system.cpu T0 : 0x1200459dc    : lda        r30,-48(r30)    : IntAlu :  D=0x000000011ff91c90
104723000: system.cpu T0 : 0x1200459e0    : stq        r26,0(r30)      : MemWrite :  D=0x0000000120033a78 A=0x11ff91c90
104723000: system.cpu T0 : 0x1200459e4    : stq        r9,8(r30)       : MemWrite :  D=0x0000000000000002 A=0x11ff91c98
104724000: system.cpu T0 : 0x1200459e8    : stq        r10,16(r30)     : MemWrite :  D=0x000000011ff92008 A=0x11ff91ca0
104724000: system.cpu T0 : 0x1200459ec    : stq        r11,24(r30)     : MemWrite :  D=0x000000011ff92020 A=0x11ff91ca8
104724000: system.cpu T0 : 0x1200459f0    : stq        r12,32(r30)     : MemWrite :  D=0x000000012001e450 A=0x11ff91cb0
104724000: system.cpu T0 : 0x1200459f4    : stq        r13,40(r30)     : MemWrite :  D=0x000000012001e4c0 A=0x11ff91cb8
104725000: system.cpu T0 : 0x1200459f8    : bis        r31,r16,r9      : IntAlu :  D=0x0000000120092494
104725000: system.cpu T0 : 0x1200459fc    : nop        (ldq_u      r31,0(r30)) : No_OpClass : 
104726000: system.cpu T0 : 0x120045a00    : bsr        r26,strlen      : IntAlu :  D=0x0000000120045a04
104744000: system.cpu T0 : 0x12002de60    : ldq_u      r1,0(r16)       : MemRead :  D=0x445f444c00544f4e A=0x120092490
104744000: system.cpu T0 : 0x12002de64    : lda        r2,-1(r31)      : IntAlu :  D=0xffffffffffffffff
104744000: system.cpu T0 : 0x12002de68    : insqh      r2,r16,r2       : IntAlu :  D=0x00000000ffffffff
104744000: system.cpu T0 : 0x12002de6c    : bic        r16,7,r0        : IntAlu :  D=0x0000000120092490
104746000: system.cpu T0 : 0x12002de70    : bis        r2,r1,r1        : IntAlu :  D=0x445f444cffffffff
104747000: system.cpu T0 : 0x12002de74    : cmpbge     r31,r1,r2       : IntAlu :  D=0x0000000000000000
104747000: system.cpu T0 : 0x12002de78    : nop        (bis        r31,r31,r31) : No_OpClass : 
104748000: system.cpu T0 : 0x12002de7c    : bne        r2,0x12002de90  : IntAlu : 
104749000: system.cpu T0 : 0x12002de80    : ldq        r1,8(r0)        : MemRead :  D=0x575f43494d414e59 A=0x120092498
104749000: system.cpu T0 : 0x12002de84    : addq       r0,8,r0         : IntAlu :  D=0x0000000120092498
104751000: system.cpu T0 : 0x12002de88    : cmpbge     r31,r1,r2       : IntAlu :  D=0x0000000000000000
104752000: system.cpu T0 : 0x12002de8c    : beq        r2,0x12002de80  : IntAlu : 
104756000: system.cpu T0 : 0x12002de80    : ldq        r1,8(r0)        : MemRead :  D=0x505f444c004b4145 A=0x1200924a0
104756000: system.cpu T0 : 0x12002de84    : addq       r0,8,r0         : IntAlu :  D=0x00000001200924a0
104758000: system.cpu T0 : 0x12002de88    : cmpbge     r31,r1,r2       : IntAlu :  D=0x0000000000000008
104759000: system.cpu T0 : 0x12002de8c    : beq        r2,0x12002de80  : IntAlu : 
104759000: system.cpu T0 : 0x12002de90    : cttz       r2,r3           : IntAlu :  D=0x0000000000000003
104760000: system.cpu T0 : 0x12002de94    : addq       r0,r3,r0        : IntAlu :  D=0x00000001200924a3
104761000: system.cpu T0 : 0x12002de98    : subq       r0,r16,r0       : IntAlu :  D=0x000000000000000f
104761000: system.cpu T0 : 0x12002de9c    : ret        (r26)           : IntAlu : 
104761000: system.cpu T0 : 0x120045a04    : nop        (ldq_u      r31,0(r30)) : No_OpClass : 
104761000: system.cpu T0 : 0x120045a08    : nop        (ldq_u      r31,0(r30)) : No_OpClass : 
104762000: system.cpu T0 : 0x120045a0c    : lda        r1,-29608(r29)  : IntAlu :  D=0x00000001200c1480
104776000: system.cpu T0 : 0x120045a10    : ldq        r10,0(r1)       : MemRead :  D=0x000000011ff92020 A=0x1200c1480
104778000: system.cpu T0 : 0x120045a14    : beq        r10,0x120045b18 : IntAlu : 
104779000: system.cpu T0 : 0x120045a18    : ldbu       r1,0(r9)        : MemRead :  D=0x000000000000004c A=0x120092494
104781000: system.cpu T0 : 0x120045a1c    : beq        r1,0x120045b18  : IntAlu : 
104782000: system.cpu T0 : 0x120045a20    : ldbu       r1,1(r9)        : MemRead :  D=0x0000000000000044 A=0x120092495
104784000: system.cpu T0 : 0x120045a24    : bne        r1,0x120045a90  : IntAlu : 
104789000: system.cpu T0 : 0x120045a90    : ldbu       r1,1(r9)        : MemRead :  D=0x0000000000000044 A=0x120092495
104791000: system.cpu T0 : 0x120045a94    : sll        r1,8,r1         : IntAlu :  D=0x0000000000004400
104792000: system.cpu T0 : 0x120045a98    : ldbu       r2,0(r9)        : MemRead :  D=0x000000000000004c A=0x120092494
104794000: system.cpu T0 : 0x120045a9c    : bis        r1,r2,r1        : IntAlu :  D=0x000000000000444c
104795000: system.cpu T0 : 0x120045aa0    : sextw      r1,r11          : IntAlu :  D=0x000000000000444c
104795000: system.cpu T0 : 0x120045aa4    : lda        r12,-2(r0)      : IntAlu :  D=0x000000000000000d
104795000: system.cpu T0 : 0x120045aa8    : lda        r13,2(r9)       : IntAlu :  D=0x0000000120092496
104796000: system.cpu T0 : 0x120045aac    : ldq        r9,0(r10)       : MemRead :  D=0x0000000000000000 A=0x11ff92020
104798000: system.cpu T0 : 0x120045ab0    : beq        r9,0x120045b18  : IntAlu : 
104802000: system.cpu T0 : 0x120045b18    : bis        r31,r31,r0      : IntAlu :  D=0x0000000000000000
104815000: system.cpu T0 : 0x120045b1c    : ldq        r26,0(r30)      : MemRead :  D=0x0000000120033a78 A=0x11ff91c90
104822000: system.cpu T0 : 0x120045b20    : ldq        r9,8(r30)       : MemRead :  D=0x0000000000000002 A=0x11ff91c98
104823000: system.cpu T0 : 0x120045b24    : ldq        r10,16(r30)     : MemRead :  D=0x000000011ff92008 A=0x11ff91ca0
104823000: system.cpu T0 : 0x120045b28    : ldq        r11,24(r30)     : MemRead :  D=0x000000011ff92020 A=0x11ff91ca8
104823000: system.cpu T0 : 0x120045b2c    : ldq        r12,32(r30)     : MemRead :  D=0x000000012001e450 A=0x11ff91cb0
104823000: system.cpu T0 : 0x120045b30    : ldq        r13,40(r30)     : MemRead :  D=0x000000012001e4c0 A=0x11ff91cb8
104824000: system.cpu T0 : 0x120045b34    : lda        r30,48(r30)     : IntAlu :  D=0x000000011ff91cc0
104824000: system.cpu T0 : 0x120045b38    : ret        (r26)           : IntAlu : 
104833000: system.cpu T0 : 0x120033a78    : nop        (ldq_u      r31,0(r30)) : No_OpClass : 
104833000: system.cpu T0 : 0x120033a7c    : nop        (ldq_u      r31,0(r30)) : No_OpClass : 
105244000: system.cpu T0 : 0x120033a80    : ldah       r1,-2(r29)      : IntAlu :  D=0x00000001200a8828
105245000: system.cpu T0 : 0x120033a84    : lda        r1,-25419(r1)   : IntAlu :  D=0x00000001200a24dd
105246000: system.cpu T0 : 0x120033a88    : cmovne     r0,r0,r1        : IntAlu :  D=0x00000001200a24dd
105248000: system.cpu T0 : 0x120033a8c    : ldbu       r1,0(r1)        : MemRead :  D=0x0000000000000000 A=0x1200a24dd
105250000: system.cpu T0 : 0x120033a90    : cmpeq      r1,0,r1         : IntAlu :  D=0x0000000000000001
105673000: system.cpu T0 : 0x120033a94    : ldq        r2,-31032(r29)  : MemRead :  D=0x00000001200c1a44 A=0x1200c0ef0
105674000: system.cpu T0 : 0x120033a98    : stl        r1,0(r2)        : MemWrite :  D=0x0000000000000001 A=0x1200c1a44
105674000: system.cpu T0 : 0x120033a9c    : ldah       r16,-3(r29)     : IntAlu :  D=0x0000000120098828
105674000: system.cpu T0 : 0x120033aa0    : lda        r16,-25476(r16) : IntAlu :  D=0x00000001200924a4
105674000: system.cpu T0 : 0x120033aa4    : nop        (ldq_u      r31,0(r30)) : No_OpClass : 
105675000: system.cpu T0 : 0x120033aa8    : bsr        r26,0x1200459dc : IntAlu :  D=0x0000000120033aac
105675000: system.cpu T0 : 0x1200459dc    : lda        r30,-48(r30)    : IntAlu :  D=0x000000011ff91c90
105675000: system.cpu T0 : 0x1200459e0    : stq        r26,0(r30)      : MemWrite :  D=0x0000000120033aac A=0x11ff91c90
105675000: system.cpu T0 : 0x1200459e4    : stq        r9,8(r30)       : MemWrite :  D=0x0000000000000002 A=0x11ff91c98
105676000: system.cpu T0 : 0x1200459e8    : stq        r10,16(r30)     : MemWrite :  D=0x000000011ff92008 A=0x11ff91ca0
105676000: system.cpu T0 : 0x1200459ec    : stq        r11,24(r30)     : MemWrite :  D=0x000000011ff92020 A=0x11ff91ca8
105676000: system.cpu T0 : 0x1200459f0    : stq        r12,32(r30)     : MemWrite :  D=0x000000012001e450 A=0x11ff91cb0
105676000: system.cpu T0 : 0x1200459f4    : stq        r13,40(r30)     : MemWrite :  D=0x000000012001e4c0 A=0x11ff91cb8
105677000: system.cpu T0 : 0x1200459f8    : bis        r31,r16,r9      : IntAlu :  D=0x00000001200924a4
105677000: system.cpu T0 : 0x1200459fc    : nop        (ldq_u      r31,0(r30)) : No_OpClass : 
105678000: system.cpu T0 : 0x120045a00    : bsr        r26,strlen      : IntAlu :  D=0x0000000120045a04
105694000: system.cpu T0 : 0x12002de60    : ldq_u      r1,0(r16)       : MemRead :  D=0x505f444c004b4145 A=0x1200924a0
105694000: system.cpu T0 : 0x12002de64    : lda        r2,-1(r31)      : IntAlu :  D=0xffffffffffffffff
105694000: system.cpu T0 : 0x12002de68    : insqh      r2,r16,r2       : IntAlu :  D=0x00000000ffffffff
105694000: system.cpu T0 : 0x12002de6c    : bic        r16,7,r0        : IntAlu :  D=0x00000001200924a0
105696000: system.cpu T0 : 0x12002de70    : bis        r2,r1,r1        : IntAlu :  D=0x505f444cffffffff
105697000: system.cpu T0 : 0x12002de74    : cmpbge     r31,r1,r2       : IntAlu :  D=0x0000000000000000
105697000: system.cpu T0 : 0x12002de78    : nop        (bis        r31,r31,r31) : No_OpClass : 
105698000: system.cpu T0 : 0x12002de7c    : bne        r2,0x12002de90  : IntAlu : 
106118000: system.cpu T0 : 0x12002de80    : ldq        r1,8(r0)        : MemRead :  D=0x4f5f454c49464f52 A=0x1200924a8
106118000: system.cpu T0 : 0x12002de84    : addq       r0,8,r0         : IntAlu :  D=0x00000001200924a8
106120000: system.cpu T0 : 0x12002de88    : cmpbge     r31,r1,r2       : IntAlu :  D=0x0000000000000000
106121000: system.cpu T0 : 0x12002de8c    : beq        r2,0x12002de80  : IntAlu : 
106125000: system.cpu T0 : 0x12002de80    : ldq        r1,8(r0)        : MemRead :  D=0x652f005455505455 A=0x1200924b0
106125000: system.cpu T0 : 0x12002de84    : addq       r0,8,r0         : IntAlu :  D=0x00000001200924b0
106127000: system.cpu T0 : 0x12002de88    : cmpbge     r31,r1,r2       : IntAlu :  D=0x0000000000000020
106128000: system.cpu T0 : 0x12002de8c    : beq        r2,0x12002de80  : IntAlu : 
106128000: system.cpu T0 : 0x12002de90    : cttz       r2,r3           : IntAlu :  D=0x0000000000000005
106129000: system.cpu T0 : 0x12002de94    : addq       r0,r3,r0        : IntAlu :  D=0x00000001200924b5
106130000: system.cpu T0 : 0x12002de98    : subq       r0,r16,r0       : IntAlu :  D=0x0000000000000011
106130000: system.cpu T0 : 0x12002de9c    : ret        (r26)           : IntAlu : 
106130000: system.cpu T0 : 0x120045a04    : nop        (ldq_u      r31,0(r30)) : No_OpClass : 
106130000: system.cpu T0 : 0x120045a08    : nop        (ldq_u      r31,0(r30)) : No_OpClass : 
106131000: system.cpu T0 : 0x120045a0c    : lda        r1,-29608(r29)  : IntAlu :  D=0x00000001200c1480
106145000: system.cpu T0 : 0x120045a10    : ldq        r10,0(r1)       : MemRead :  D=0x000000011ff92020 A=0x1200c1480
106147000: system.cpu T0 : 0x120045a14    : beq        r10,0x120045b18 : IntAlu : 
106148000: system.cpu T0 : 0x120045a18    : ldbu       r1,0(r9)        : MemRead :  D=0x000000000000004c A=0x1200924a4
106150000: system.cpu T0 : 0x120045a1c    : beq        r1,0x120045b18  : IntAlu : 
106151000: system.cpu T0 : 0x120045a20    : ldbu       r1,1(r9)        : MemRead :  D=0x0000000000000044 A=0x1200924a5
106153000: system.cpu T0 : 0x120045a24    : bne        r1,0x120045a90  : IntAlu : 
106580000: system.cpu T0 : 0x120045a90    : ldbu       r1,1(r9)        : MemRead :  D=0x0000000000000044 A=0x1200924a5
106582000: system.cpu T0 : 0x120045a94    : sll        r1,8,r1         : IntAlu :  D=0x0000000000004400
106583000: system.cpu T0 : 0x120045a98    : ldbu       r2,0(r9)        : MemRead :  D=0x000000000000004c A=0x1200924a4
106585000: system.cpu T0 : 0x120045a9c    : bis        r1,r2,r1        : IntAlu :  D=0x000000000000444c
106586000: system.cpu T0 : 0x120045aa0    : sextw      r1,r11          : IntAlu :  D=0x000000000000444c
106586000: system.cpu T0 : 0x120045aa4    : lda        r12,-2(r0)      : IntAlu :  D=0x000000000000000f
106586000: system.cpu T0 : 0x120045aa8    : lda        r13,2(r9)       : IntAlu :  D=0x00000001200924a6
106587000: system.cpu T0 : 0x120045aac    : ldq        r9,0(r10)       : MemRead :  D=0x0000000000000000 A=0x11ff92020
106589000: system.cpu T0 : 0x120045ab0    : beq        r9,0x120045b18  : IntAlu : 
106593000: system.cpu T0 : 0x120045b18    : bis        r31,r31,r0      : IntAlu :  D=0x0000000000000000
106614000: system.cpu T0 : 0x120045b1c    : ldq        r26,0(r30)      : MemRead :  D=0x0000000120033aac A=0x11ff91c90
106621000: system.cpu T0 : 0x120045b20    : ldq        r9,8(r30)       : MemRead :  D=0x0000000000000002 A=0x11ff91c98
106622000: system.cpu T0 : 0x120045b24    : ldq        r10,16(r30)     : MemRead :  D=0x000000011ff92008 A=0x11ff91ca0
106622000: system.cpu T0 : 0x120045b28    : ldq        r11,24(r30)     : MemRead :  D=0x000000011ff92020 A=0x11ff91ca8
106622000: system.cpu T0 : 0x120045b2c    : ldq        r12,32(r30)     : MemRead :  D=0x000000012001e450 A=0x11ff91cb0
106622000: system.cpu T0 : 0x120045b30    : ldq        r13,40(r30)     : MemRead :  D=0x000000012001e4c0 A=0x11ff91cb8
106623000: system.cpu T0 : 0x120045b34    : lda        r30,48(r30)     : IntAlu :  D=0x000000011ff91cc0
106623000: system.cpu T0 : 0x120045b38    : ret        (r26)           : IntAlu : 
107042000: system.cpu T0 : 0x120033aac    : nop        (ldq_u      r31,0(r30)) : No_OpClass : 
107042000: system.cpu T0 : 0x120033ab0    : nop        (ldq_u      r31,0(r30)) : No_OpClass : 
107472000: system.cpu T0 : 0x120033ab4    : ldq        r1,-32616(r29)  : MemRead :  D=0x00000001200c19e0 A=0x1200c08c0
107473000: system.cpu T0 : 0x120033ab8    : stq        r0,0(r1)        : MemWrite :  D=0x0000000000000000 A=0x1200c19e0
107473000: system.cpu T0 : 0x120033abc    : beq        r0,0x120033ac8  : IntAlu : 
107905000: system.cpu T0 : 0x120033ac8    : ldq        r1,-31792(r29)  : MemRead :  D=0x00000001200be600 A=0x1200c0bf8
108330000: system.cpu T0 : 0x120033acc    : ldl        r2,0(r1)        : MemRead :  D=0x0000000000000000 A=0x1200be600
108330000: system.cpu T0 : 0x120033ad0    : ldah       r1,-3(r29)      : IntAlu :  D=0x0000000120098828
108330000: system.cpu T0 : 0x120033ad4    : lda        r1,-25824(r1)   : IntAlu :  D=0x0000000120092348
108330000: system.cpu T0 : 0x120033ad8    : lda        r3,9(r1)        : IntAlu :  D=0x0000000120092351
108332000: system.cpu T0 : 0x120033adc    : bne        r2,0x120033ae8  : IntAlu : 
108332000: system.cpu T0 : 0x120033ae0    : ldah       r1,-3(r29)      : IntAlu :  D=0x0000000120098828
108333000: system.cpu T0 : 0x120033ae4    : lda        r3,-25824(r1)   : IntAlu :  D=0x0000000120092348
108350000: system.cpu T0 : 0x120033ae8    : ldq        r1,-32616(r29)  : MemRead :  D=0x00000001200c19e0 A=0x1200c08c0
108351000: system.cpu T0 : 0x120033aec    : stq        r3,0(r1)        : MemWrite :  D=0x0000000120092348 A=0x1200c19e0
108352000: system.cpu T0 : 0x120033af0    : ldq        r1,-31792(r29)  : MemRead :  D=0x00000001200be600 A=0x1200c0bf8
108355000: system.cpu T0 : 0x120033af4    : ldl        r1,0(r1)        : MemRead :  D=0x0000000000000000 A=0x1200be600
108357000: system.cpu T0 : 0x120033af8    : beq        r1,0x120033b88  : IntAlu : 
108783000: system.cpu T0 : 0x120033b88    : ldah       r16,-3(r29)     : IntAlu :  D=0x0000000120098828
108784000: system.cpu T0 : 0x120033b8c    : lda        r16,-25428(r16) : IntAlu :  D=0x00000001200924d4
108784000: system.cpu T0 : 0x120033b90    : nop        (ldq_u      r31,0(r30)) : No_OpClass : 
108784000: system.cpu T0 : 0x120033b94    : bsr        r26,0x1200459dc : IntAlu :  D=0x0000000120033b98
109208000: system.cpu T0 : 0x1200459dc    : lda        r30,-48(r30)    : IntAlu :  D=0x000000011ff91c90
109208000: system.cpu T0 : 0x1200459e0    : stq        r26,0(r30)      : MemWrite :  D=0x0000000120033b98 A=0x11ff91c90
109208000: system.cpu T0 : 0x1200459e4    : stq        r9,8(r30)       : MemWrite :  D=0x0000000000000002 A=0x11ff91c98
109208000: system.cpu T0 : 0x1200459e8    : stq        r10,16(r30)     : MemWrite :  D=0x000000011ff92008 A=0x11ff91ca0
109209000: system.cpu T0 : 0x1200459ec    : stq        r11,24(r30)     : MemWrite :  D=0x000000011ff92020 A=0x11ff91ca8
109209000: system.cpu T0 : 0x1200459f0    : stq        r12,32(r30)     : MemWrite :  D=0x000000012001e450 A=0x11ff91cb0
109209000: system.cpu T0 : 0x1200459f4    : stq        r13,40(r30)     : MemWrite :  D=0x000000012001e4c0 A=0x11ff91cb8
109209000: system.cpu T0 : 0x1200459f8    : bis        r31,r16,r9      : IntAlu :  D=0x00000001200924d4
109210000: system.cpu T0 : 0x1200459fc    : nop        (ldq_u      r31,0(r30)) : No_OpClass : 
109633000: system.cpu T0 : 0x120045a00    : bsr        r26,strlen      : IntAlu :  D=0x0000000120045a04
110078000: system.cpu T0 : 0x12002de60    : ldq_u      r1,0(r16)       : MemRead :  D=0x415f444c005f4b43 A=0x1200924d0
110078000: system.cpu T0 : 0x12002de64    : lda        r2,-1(r31)      : IntAlu :  D=0xffffffffffffffff
110078000: system.cpu T0 : 0x12002de68    : insqh      r2,r16,r2       : IntAlu :  D=0x00000000ffffffff
110078000: system.cpu T0 : 0x12002de6c    : bic        r16,7,r0        : IntAlu :  D=0x00000001200924d0
110080000: system.cpu T0 : 0x12002de70    : bis        r2,r1,r1        : IntAlu :  D=0x415f444cffffffff
110081000: system.cpu T0 : 0x12002de74    : cmpbge     r31,r1,r2       : IntAlu :  D=0x0000000000000000
110081000: system.cpu T0 : 0x12002de78    : nop        (bis        r31,r31,r31) : No_OpClass : 
110082000: system.cpu T0 : 0x12002de7c    : bne        r2,0x12002de90  : IntAlu : 
110083000: system.cpu T0 : 0x12002de80    : ldq        r1,8(r0)        : MemRead :  D=0x454b5f454d555353 A=0x1200924d8
110083000: system.cpu T0 : 0x12002de84    : addq       r0,8,r0         : IntAlu :  D=0x00000001200924d8
110085000: system.cpu T0 : 0x12002de88    : cmpbge     r31,r1,r2       : IntAlu :  D=0x0000000000000000
110086000: system.cpu T0 : 0x12002de8c    : beq        r2,0x12002de80  : IntAlu : 
110090000: system.cpu T0 : 0x12002de80    : ldq        r1,8(r0)        : MemRead :  D=0x726564004c454e52 A=0x1200924e0
110090000: system.cpu T0 : 0x12002de84    : addq       r0,8,r0         : IntAlu :  D=0x00000001200924e0
110092000: system.cpu T0 : 0x12002de88    : cmpbge     r31,r1,r2       : IntAlu :  D=0x0000000000000010
110093000: system.cpu T0 : 0x12002de8c    : beq        r2,0x12002de80  : IntAlu : 
110093000: system.cpu T0 : 0x12002de90    : cttz       r2,r3           : IntAlu :  D=0x0000000000000004
110094000: system.cpu T0 : 0x12002de94    : addq       r0,r3,r0        : IntAlu :  D=0x00000001200924e4
110095000: system.cpu T0 : 0x12002de98    : subq       r0,r16,r0       : IntAlu :  D=0x0000000000000010
110095000: system.cpu T0 : 0x12002de9c    : ret        (r26)           : IntAlu : 
110095000: system.cpu T0 : 0x120045a04    : nop        (ldq_u      r31,0(r30)) : No_OpClass : 
110095000: system.cpu T0 : 0x120045a08    : nop        (ldq_u      r31,0(r30)) : No_OpClass : 
110096000: system.cpu T0 : 0x120045a0c    : lda        r1,-29608(r29)  : IntAlu :  D=0x00000001200c1480
110520000: system.cpu T0 : 0x120045a10    : ldq        r10,0(r1)       : MemRead :  D=0x000000011ff92020 A=0x1200c1480
110522000: system.cpu T0 : 0x120045a14    : beq        r10,0x120045b18 : IntAlu : 
110523000: system.cpu T0 : 0x120045a18    : ldbu       r1,0(r9)        : MemRead :  D=0x000000000000004c A=0x1200924d4
110525000: system.cpu T0 : 0x120045a1c    : beq        r1,0x120045b18  : IntAlu : 
110526000: system.cpu T0 : 0x120045a20    : ldbu       r1,1(r9)        : MemRead :  D=0x0000000000000044 A=0x1200924d5
110528000: system.cpu T0 : 0x120045a24    : bne        r1,0x120045a90  : IntAlu : 
110955000: system.cpu T0 : 0x120045a90    : ldbu       r1,1(r9)        : MemRead :  D=0x0000000000000044 A=0x1200924d5
110957000: system.cpu T0 : 0x120045a94    : sll        r1,8,r1         : IntAlu :  D=0x0000000000004400
110958000: system.cpu T0 : 0x120045a98    : ldbu       r2,0(r9)        : MemRead :  D=0x000000000000004c A=0x1200924d4
110960000: system.cpu T0 : 0x120045a9c    : bis        r1,r2,r1        : IntAlu :  D=0x000000000000444c
110961000: system.cpu T0 : 0x120045aa0    : sextw      r1,r11          : IntAlu :  D=0x000000000000444c
110961000: system.cpu T0 : 0x120045aa4    : lda        r12,-2(r0)      : IntAlu :  D=0x000000000000000e
110961000: system.cpu T0 : 0x120045aa8    : lda        r13,2(r9)       : IntAlu :  D=0x00000001200924d6
110962000: system.cpu T0 : 0x120045aac    : ldq        r9,0(r10)       : MemRead :  D=0x0000000000000000 A=0x11ff92020
110964000: system.cpu T0 : 0x120045ab0    : beq        r9,0x120045b18  : IntAlu : 
111394000: system.cpu T0 : 0x120045b18    : bis        r31,r31,r0      : IntAlu :  D=0x0000000000000000
111395000: system.cpu T0 : 0x120045b1c    : ldq        r26,0(r30)      : MemRead :  D=0x0000000120033b98 A=0x11ff91c90
111396000: system.cpu T0 : 0x120045b20    : ldq        r9,8(r30)       : MemRead :  D=0x0000000000000002 A=0x11ff91c98
111396000: system.cpu T0 : 0x120045b24    : ldq        r10,16(r30)     : MemRead :  D=0x000000011ff92008 A=0x11ff91ca0
111396000: system.cpu T0 : 0x120045b28    : ldq        r11,24(r30)     : MemRead :  D=0x000000011ff92020 A=0x11ff91ca8
111397000: system.cpu T0 : 0x120045b2c    : ldq        r12,32(r30)     : MemRead :  D=0x000000012001e450 A=0x11ff91cb0
111397000: system.cpu T0 : 0x120045b30    : ldq        r13,40(r30)     : MemRead :  D=0x000000012001e4c0 A=0x11ff91cb8
111397000: system.cpu T0 : 0x120045b34    : lda        r30,48(r30)     : IntAlu :  D=0x000000011ff91cc0
111397000: system.cpu T0 : 0x120045b38    : ret        (r26)           : IntAlu : 
111418000: system.cpu T0 : 0x120033b98    : nop        (ldq_u      r31,0(r30)) : No_OpClass : 
111418000: system.cpu T0 : 0x120033b9c    : nop        (ldq_u      r31,0(r30)) : No_OpClass : 
111418000: system.cpu T0 : 0x120033ba0    : bis        r31,r0,r9       : IntAlu :  D=0x0000000000000000
111418000: system.cpu T0 : 0x120033ba4    : beq        r0,0x120033c3c  : IntAlu : 
112267000: system.cpu T0 : 0x120033c3c    : ldq        r1,-31720(r29)  : MemRead :  D=0x00000001200c1a18 A=0x1200c0c40
112692000: system.cpu T0 : 0x120033c40    : ldq        r16,0(r1)       : MemRead :  D=0x0000000000000000 A=0x1200c1a18
112694000: system.cpu T0 : 0x120033c44    : beq        r16,0x120033c60 : IntAlu : 
113128000: system.cpu T0 : 0x120033c60    : ldq        r1,-31240(r29)  : MemRead :  D=0x00000001200c1a28 A=0x1200c0e20
113131000: system.cpu T0 : 0x120033c64    : ldq        r6,0(r1)        : MemRead :  D=0x0000000120000040 A=0x1200c1a28
113133000: system.cpu T0 : 0x120033c68    : beq        r6,0x120033cf8  : IntAlu : 
113556000: system.cpu T0 : 0x120033c6c    : ldq        r1,-30552(r29)  : MemRead :  D=0x00000001200c1a60 A=0x1200c10d0
113559000: system.cpu T0 : 0x120033c70    : ldq        r7,0(r1)        : MemRead :  D=0x0000000000000005 A=0x1200c1a60
113561000: system.cpu T0 : 0x120033c74    : beq        r7,0x120033cf8  : IntAlu : 
113561000: system.cpu T0 : 0x120033c78    : ldah       r1,25717(r31)   : IntAlu :  D=0x0000000064750000
113985000: system.cpu T0 : 0x120033c7c    : ldl        r2,0(r6)        : MemRead :  D=0x0000000000000001 A=0x120000040
113987000: system.cpu T0 : 0x120033c80    : zapnot     r2,15,r2        : IntAlu :  D=0x0000000000000001
113987000: system.cpu T0 : 0x120033c84    : lda        r1,-6831(r1)    : IntAlu :  D=0x000000006474e551
113988000: system.cpu T0 : 0x120033c88    : cmpeq      r2,r1,r2        : IntAlu :  D=0x0000000000000000
113988000: system.cpu T0 : 0x120033c8c    : lda        r3,56(r6)       : IntAlu :  D=0x0000000120000078
113988000: system.cpu T0 : 0x120033c90    : bis        r31,r31,r4      : IntAlu :  D=0x0000000000000000
113988000: system.cpu T0 : 0x120033c94    : bis        r31,r1,r5       : IntAlu :  D=0x000000006474e551
113989000: system.cpu T0 : 0x120033c98    : beq        r2,0x120033cc8  : IntAlu : 
114415000: system.cpu T0 : 0x120033cc8    : lda        r4,1(r4)        : IntAlu :  D=0x0000000000000001
114416000: system.cpu T0 : 0x120033ccc    : cmpule     r7,r4,r1        : IntAlu :  D=0x0000000000000000
114417000: system.cpu T0 : 0x120033cd0    : beq        r1,0x120033ca0  : IntAlu : 
114420000: system.cpu T0 : 0x120033ca0    : bis        r31,r3,r6       : IntAlu :  D=0x0000000120000078
114421000: system.cpu T0 : 0x120033ca4    : ldl        r1,0(r3)        : MemRead :  D=0x0000000000000001 A=0x120000078
114421000: system.cpu T0 : 0x120033ca8    : lda        r3,56(r3)       : IntAlu :  D=0x00000001200000b0
114423000: system.cpu T0 : 0x120033cac    : zapnot     r1,15,r1        : IntAlu :  D=0x0000000000000001
114424000: system.cpu T0 : 0x120033cb0    : cmpeq      r1,r5,r1        : IntAlu :  D=0x0000000000000000
114425000: system.cpu T0 : 0x120033cb4    : beq        r1,0x120033cc8  : IntAlu : 
114428000: system.cpu T0 : 0x120033cc8    : lda        r4,1(r4)        : IntAlu :  D=0x0000000000000002
114429000: system.cpu T0 : 0x120033ccc    : cmpule     r7,r4,r1        : IntAlu :  D=0x0000000000000000
114430000: system.cpu T0 : 0x120033cd0    : beq        r1,0x120033ca0  : IntAlu : 
114433000: system.cpu T0 : 0x120033ca0    : bis        r31,r3,r6       : IntAlu :  D=0x00000001200000b0
114856000: system.cpu T0 : 0x120033ca4    : ldl        r1,0(r3)        : MemRead :  D=0x0000000000000004 A=0x1200000b0
114856000: system.cpu T0 : 0x120033ca8    : lda        r3,56(r3)       : IntAlu :  D=0x00000001200000e8
114858000: system.cpu T0 : 0x120033cac    : zapnot     r1,15,r1        : IntAlu :  D=0x0000000000000004
114859000: system.cpu T0 : 0x120033cb0    : cmpeq      r1,r5,r1        : IntAlu :  D=0x0000000000000000
114860000: system.cpu T0 : 0x120033cb4    : beq        r1,0x120033cc8  : IntAlu : 
114863000: system.cpu T0 : 0x120033cc8    : lda        r4,1(r4)        : IntAlu :  D=0x0000000000000003
114864000: system.cpu T0 : 0x120033ccc    : cmpule     r7,r4,r1        : IntAlu :  D=0x0000000000000000
114865000: system.cpu T0 : 0x120033cd0    : beq        r1,0x120033ca0  : IntAlu : 
114868000: system.cpu T0 : 0x120033ca0    : bis        r31,r3,r6       : IntAlu :  D=0x00000001200000e8
115291000: system.cpu T0 : 0x120033ca4    : ldl        r1,0(r3)        : MemRead :  D=0x0000000000000007 A=0x1200000e8
115291000: system.cpu T0 : 0x120033ca8    : lda        r3,56(r3)       : IntAlu :  D=0x0000000120000120
115293000: system.cpu T0 : 0x120033cac    : zapnot     r1,15,r1        : IntAlu :  D=0x0000000000000007
115294000: system.cpu T0 : 0x120033cb0    : cmpeq      r1,r5,r1        : IntAlu :  D=0x0000000000000000
115295000: system.cpu T0 : 0x120033cb4    : beq        r1,0x120033cc8  : IntAlu : 
115298000: system.cpu T0 : 0x120033cc8    : lda        r4,1(r4)        : IntAlu :  D=0x0000000000000004
115299000: system.cpu T0 : 0x120033ccc    : cmpule     r7,r4,r1        : IntAlu :  D=0x0000000000000000
115300000: system.cpu T0 : 0x120033cd0    : beq        r1,0x120033ca0  : IntAlu : 
115303000: system.cpu T0 : 0x120033ca0    : bis        r31,r3,r6       : IntAlu :  D=0x0000000120000120
115726000: system.cpu T0 : 0x120033ca4    : ldl        r1,0(r3)        : MemRead :  D=0x000000006474e551 A=0x120000120
115726000: system.cpu T0 : 0x120033ca8    : lda        r3,56(r3)       : IntAlu :  D=0x0000000120000158
115728000: system.cpu T0 : 0x120033cac    : zapnot     r1,15,r1        : IntAlu :  D=0x000000006474e551
115729000: system.cpu T0 : 0x120033cb0    : cmpeq      r1,r5,r1        : IntAlu :  D=0x0000000000000001
115730000: system.cpu T0 : 0x120033cb4    : beq        r1,0x120033cc8  : IntAlu : 
115734000: system.cpu T0 : 0x120033cb8    : ldl        r2,4(r6)        : MemRead :  D=0x0000000000000007 A=0x120000124
115734000: system.cpu T0 : 0x120033cbc    : ldah       r1,0(r29)       : IntAlu :  D=0x00000001200c8828
115736000: system.cpu T0 : 0x120033cc0    : stl        r2,-29960(r1)   : MemWrite :  D=0x0000000000000007 A=0x1200c1320
115736000: system.cpu T0 : 0x120033cc4    : br         0x120033cf8     : IntAlu : 
116177000: system.cpu T0 : 0x120033cf8    : ldq        r26,0(r30)      : MemRead :  D=0x00000001200341f4 A=0x11ff91cc0
116184000: system.cpu T0 : 0x120033cfc    : ldq        r9,8(r30)       : MemRead :  D=0x0000000000000002 A=0x11ff91cc8
116185000: system.cpu T0 : 0x120033d00    : ldq        r10,16(r30)     : MemRead :  D=0x000000011ff92008 A=0x11ff91cd0
116185000: system.cpu T0 : 0x120033d04    : ldq        r11,24(r30)     : MemRead :  D=0x000000011ff92020 A=0x11ff91cd8
116185000: system.cpu T0 : 0x120033d08    : ldq        r12,32(r30)     : MemRead :  D=0x000000012001e450 A=0x11ff91ce0
116185000: system.cpu T0 : 0x120033d0c    : lda        r30,64(r30)     : IntAlu :  D=0x000000011ff91d00
116186000: system.cpu T0 : 0x120033d10    : ret        (r26)           : IntAlu : 
116605000: system.cpu T0 : 0x1200341f4    : nop        (ldq_u      r31,0(r30)) : No_OpClass : 
116605000: system.cpu T0 : 0x1200341f8    : nop        (ldq_u      r31,0(r30)) : No_OpClass : 
116605000: system.cpu T0 : 0x1200341fc    : bis        r31,r9,r16      : IntAlu :  D=0x0000000000000002
116614000: system.cpu T0 : 0x120034200    : bis        r31,r10,r17     : IntAlu :  D=0x000000011ff92008
116614000: system.cpu T0 : 0x120034204    : bis        r31,r11,r18     : IntAlu :  D=0x000000011ff92020
116614000: system.cpu T0 : 0x120034208    : nop        (ldq_u      r31,0(r30)) : No_OpClass : 
116614000: system.cpu T0 : 0x12003420c    : bsr        r26,0x1200315d8 : IntAlu :  D=0x0000000120034210
117039000: system.cpu T0 : 0x1200315d8    : lda        r30,-32(r30)    : IntAlu :  D=0x000000011ff91ce0
117039000: system.cpu T0 : 0x1200315dc    : stq        r26,0(r30)      : MemWrite :  D=0x0000000120034210 A=0x11ff91ce0
117039000: system.cpu T0 : 0x1200315e0    : stq        r9,8(r30)       : MemWrite :  D=0x0000000000000002 A=0x11ff91ce8
117039000: system.cpu T0 : 0x1200315e4    : stq        r10,16(r30)     : MemWrite :  D=0x000000011ff92008 A=0x11ff91cf0
117040000: system.cpu T0 : 0x1200315e8    : bis        r31,r17,r10     : IntAlu :  D=0x000000011ff92008
117040000: system.cpu T0 : 0x1200315ec    : beq        r17,0x120031638 : IntAlu : 
117470000: system.cpu T0 : 0x1200315f0    : ldq        r9,0(r17)       : MemRead :  D=0x000000011ff920c8 A=0x11ff92008
117472000: system.cpu T0 : 0x1200315f4    : beq        r9,0x120031638  : IntAlu : 
117472000: system.cpu T0 : 0x1200315f8    : bis        r31,r9,r16      : IntAlu :  D=0x000000011ff920c8
117472000: system.cpu T0 : 0x1200315fc    : lda        r17,47(r31)     : IntAlu :  D=0x000000000000002f
117472000: system.cpu T0 : 0x120031600    : nop        (ldq_u      r31,0(r30)) : No_OpClass : 
117473000: system.cpu T0 : 0x120031604    : bsr        r26,strrchr     : IntAlu :  D=0x0000000120031608
117901000: system.cpu T0 : 0x12005a500    : and        r17,255,r3      : IntAlu :  D=0x000000000000002f
117901000: system.cpu T0 : 0x12005a504    : insbl      r17,1,r5        : IntAlu :  D=0x0000000000002f00
117901000: system.cpu T0 : 0x12005a508    : insbl      r17,2,r6        : IntAlu :  D=0x00000000002f0000
118333000: system.cpu T0 : 0x12005a50c    : ldq_u      r1,0(r16)       : MemRead :  D=0x696d2f656d6f682f A=0x11ff920c8
118333000: system.cpu T0 : 0x12005a510    : bis        r31,r31,r7      : IntAlu :  D=0x0000000000000000
118333000: system.cpu T0 : 0x12005a514    : bis        r3,r5,r17       : IntAlu :  D=0x0000000000002f2f
118333000: system.cpu T0 : 0x12005a518    : sll        r6,8,r4         : IntAlu :  D=0x000000002f000000
118334000: system.cpu T0 : 0x12005a51c    : bis        r31,r31,r22     : IntAlu :  D=0x0000000000000000
118334000: system.cpu T0 : 0x12005a520    : bic        r16,7,r0        : IntAlu :  D=0x000000011ff920c8
118334000: system.cpu T0 : 0x12005a524    : bis        r6,r4,r4        : IntAlu :  D=0x000000002f2f0000
118334000: system.cpu T0 : 0x12005a528    : sll        r17,32,r3       : IntAlu :  D=0x00002f2f00000000
118335000: system.cpu T0 : 0x12005a52c    : sll        r17,48,r5       : IntAlu :  D=0x2f2f000000000000
118335000: system.cpu T0 : 0x12005a530    : bis        r5,r17,r17      : IntAlu :  D=0x2f2f000000002f2f
118335000: system.cpu T0 : 0x12005a534    : bis        r3,r4,r3        : IntAlu :  D=0x00002f2f2f2f0000
118336000: system.cpu T0 : 0x12005a538    : bis        r17,r3,r17      : IntAlu :  D=0x2f2f2f2f2f2f2f2f
118336000: system.cpu T0 : 0x12005a53c    : lda        r6,-1(r31)      : IntAlu :  D=0xffffffffffffffff
118336000: system.cpu T0 : 0x12005a540    : cmpbge     r31,r1,r2       : IntAlu :  D=0x0000000000000000
118337000: system.cpu T0 : 0x12005a544    : mskqh      r6,r16,r5       : IntAlu :  D=0xffffffffffffffff
118337000: system.cpu T0 : 0x12005a548    : xor        r1,r17,r3       : IntAlu :  D=0x4642004a42404700
118338000: system.cpu T0 : 0x12005a54c    : cmpbge     r31,r5,r5       : IntAlu :  D=0x0000000000000000
118338000: system.cpu T0 : 0x12005a550    : cmpbge     r31,r3,r4       : IntAlu :  D=0x0000000000000021
118339000: system.cpu T0 : 0x12005a554    : bic        r2,r5,r2        : IntAlu :  D=0x0000000000000000
118339000: system.cpu T0 : 0x12005a558    : bic        r4,r5,r4        : IntAlu :  D=0x0000000000000021
118340000: system.cpu T0 : 0x12005a55c    : bne        r2,0x12005a590  : IntAlu : 
118341000: system.cpu T0 : 0x12005a560    : ldq        r1,8(r0)        : MemRead :  D=0x356563652f612f6e A=0x11ff920d0
118341000: system.cpu T0 : 0x12005a564    : cmovne     r4,r0,r7        : IntAlu :  D=0x000000011ff920c8
118341000: system.cpu T0 : 0x12005a568    : nop        (bis        r31,r31,r31) : No_OpClass : 
118341000: system.cpu T0 : 0x12005a56c    : nop        (bis        r31,r31,r31) : No_OpClass : 
118342000: system.cpu T0 : 0x12005a570    : cmovne     r4,r4,r22       : IntAlu :  D=0x0000000000000021
118342000: system.cpu T0 : 0x12005a574    : nop        (bis        r31,r31,r31) : No_OpClass : 
118342000: system.cpu T0 : 0x12005a578    : addq       r0,8,r0         : IntAlu :  D=0x000000011ff920d0
118343000: system.cpu T0 : 0x12005a57c    : xor        r1,r17,r3       : IntAlu :  D=0x1a4a4c4a004e0041
118765000: system.cpu T0 : 0x12005a580    : cmpbge     r31,r1,r2       : IntAlu :  D=0x0000000000000000
118765000: system.cpu T0 : 0x12005a584    : cmpbge     r31,r3,r4       : IntAlu :  D=0x000000000000000a
118766000: system.cpu T0 : 0x12005a588    : beq        r2,0x12005a560  : IntAlu : 
118770000: system.cpu T0 : 0x12005a560    : ldq        r1,8(r0)        : MemRead :  D=0x68636e65622f3536 A=0x11ff920d8
118770000: system.cpu T0 : 0x12005a564    : cmovne     r4,r0,r7        : IntAlu :  D=0x000000011ff920d0
118770000: system.cpu T0 : 0x12005a568    : nop        (bis        r31,r31,r31) : No_OpClass : 
118770000: system.cpu T0 : 0x12005a56c    : nop        (bis        r31,r31,r31) : No_OpClass : 
118771000: system.cpu T0 : 0x12005a570    : cmovne     r4,r4,r22       : IntAlu :  D=0x000000000000000a
118771000: system.cpu T0 : 0x12005a574    : nop        (bis        r31,r31,r31) : No_OpClass : 
118771000: system.cpu T0 : 0x12005a578    : addq       r0,8,r0         : IntAlu :  D=0x000000011ff920d8
118772000: system.cpu T0 : 0x12005a57c    : xor        r1,r17,r3       : IntAlu :  D=0x474c414a4d001a19
118772000: system.cpu T0 : 0x12005a580    : cmpbge     r31,r1,r2       : IntAlu :  D=0x0000000000000000
118773000: system.cpu T0 : 0x12005a584    : cmpbge     r31,r3,r4       : IntAlu :  D=0x0000000000000004
118773000: system.cpu T0 : 0x12005a588    : beq        r2,0x12005a560  : IntAlu : 
118777000: system.cpu T0 : 0x12005a560    : ldq        r1,8(r0)        : MemRead :  D=0x5550432f63657073 A=0x11ff920e0
118777000: system.cpu T0 : 0x12005a564    : cmovne     r4,r0,r7        : IntAlu :  D=0x000000011ff920d8
118777000: system.cpu T0 : 0x12005a568    : nop        (bis        r31,r31,r31) : No_OpClass : 
118777000: system.cpu T0 : 0x12005a56c    : nop        (bis        r31,r31,r31) : No_OpClass : 
118778000: system.cpu T0 : 0x12005a570    : cmovne     r4,r4,r22       : IntAlu :  D=0x0000000000000004
118778000: system.cpu T0 : 0x12005a574    : nop        (bis        r31,r31,r31) : No_OpClass : 
118778000: system.cpu T0 : 0x12005a578    : addq       r0,8,r0         : IntAlu :  D=0x000000011ff920e0
118779000: system.cpu T0 : 0x12005a57c    : xor        r1,r17,r3       : IntAlu :  D=0x7a7f6c004c4a5f5c
118779000: system.cpu T0 : 0x12005a580    : cmpbge     r31,r1,r2       : IntAlu :  D=0x0000000000000000
118780000: system.cpu T0 : 0x12005a584    : cmpbge     r31,r3,r4       : IntAlu :  D=0x0000000000000010
118780000: system.cpu T0 : 0x12005a588    : beq        r2,0x12005a560  : IntAlu : 
118784000: system.cpu T0 : 0x12005a560    : ldq        r1,8(r0)        : MemRead :  D=0x3835342f36303032 A=0x11ff920e8
118784000: system.cpu T0 : 0x12005a564    : cmovne     r4,r0,r7        : IntAlu :  D=0x000000011ff920e0
118784000: system.cpu T0 : 0x12005a568    : nop        (bis        r31,r31,r31) : No_OpClass : 
118784000: system.cpu T0 : 0x12005a56c    : nop        (bis        r31,r31,r31) : No_OpClass : 
118785000: system.cpu T0 : 0x12005a570    : cmovne     r4,r4,r22       : IntAlu :  D=0x0000000000000010
118785000: system.cpu T0 : 0x12005a574    : nop        (bis        r31,r31,r31) : No_OpClass : 
118785000: system.cpu T0 : 0x12005a578    : addq       r0,8,r0         : IntAlu :  D=0x000000011ff920e8
118786000: system.cpu T0 : 0x12005a57c    : xor        r1,r17,r3       : IntAlu :  D=0x171a1b00191f1f1d
118786000: system.cpu T0 : 0x12005a580    : cmpbge     r31,r1,r2       : IntAlu :  D=0x0000000000000000
118787000: system.cpu T0 : 0x12005a584    : cmpbge     r31,r3,r4       : IntAlu :  D=0x0000000000000010
118787000: system.cpu T0 : 0x12005a588    : beq        r2,0x12005a560  : IntAlu : 
118791000: system.cpu T0 : 0x12005a560    : ldq        r1,8(r0)        : MemRead :  D=0x2f2f676e656a732e A=0x11ff920f0
118791000: system.cpu T0 : 0x12005a564    : cmovne     r4,r0,r7        : IntAlu :  D=0x000000011ff920e8
118791000: system.cpu T0 : 0x12005a568    : nop        (bis        r31,r31,r31) : No_OpClass : 
118791000: system.cpu T0 : 0x12005a56c    : nop        (bis        r31,r31,r31) : No_OpClass : 
118792000: system.cpu T0 : 0x12005a570    : cmovne     r4,r4,r22       : IntAlu :  D=0x0000000000000010
118792000: system.cpu T0 : 0x12005a574    : nop        (bis        r31,r31,r31) : No_OpClass : 
118792000: system.cpu T0 : 0x12005a578    : addq       r0,8,r0         : IntAlu :  D=0x000000011ff920f0
118793000: system.cpu T0 : 0x12005a57c    : xor        r1,r17,r3       : IntAlu :  D=0x000048414a455c01
118793000: system.cpu T0 : 0x12005a580    : cmpbge     r31,r1,r2       : IntAlu :  D=0x0000000000000000
118794000: system.cpu T0 : 0x12005a584    : cmpbge     r31,r3,r4       : IntAlu :  D=0x00000000000000c0
118794000: system.cpu T0 : 0x12005a588    : beq        r2,0x12005a560  : IntAlu : 
118798000: system.cpu T0 : 0x12005a560    : ldq        r1,8(r0)        : MemRead :  D=0x6e656a732f657865 A=0x11ff920f8
118798000: system.cpu T0 : 0x12005a564    : cmovne     r4,r0,r7        : IntAlu :  D=0x000000011ff920f0
118798000: system.cpu T0 : 0x12005a568    : nop        (bis        r31,r31,r31) : No_OpClass : 
118798000: system.cpu T0 : 0x12005a56c    : nop        (bis        r31,r31,r31) : No_OpClass : 
118799000: system.cpu T0 : 0x12005a570    : cmovne     r4,r4,r22       : IntAlu :  D=0x00000000000000c0
118799000: system.cpu T0 : 0x12005a574    : nop        (bis        r31,r31,r31) : No_OpClass : 
118799000: system.cpu T0 : 0x12005a578    : addq       r0,8,r0         : IntAlu :  D=0x000000011ff920f8
118800000: system.cpu T0 : 0x12005a57c    : xor        r1,r17,r3       : IntAlu :  D=0x414a455c004a574a
118800000: system.cpu T0 : 0x12005a580    : cmpbge     r31,r1,r2       : IntAlu :  D=0x0000000000000000
118801000: system.cpu T0 : 0x12005a584    : cmpbge     r31,r3,r4       : IntAlu :  D=0x0000000000000008
118801000: system.cpu T0 : 0x12005a588    : beq        r2,0x12005a560  : IntAlu : 
119227000: system.cpu T0 : 0x12005a560    : ldq        r1,8(r0)        : MemRead :  D=0x2f656d6f682f0067 A=0x11ff92100
119227000: system.cpu T0 : 0x12005a564    : cmovne     r4,r0,r7        : IntAlu :  D=0x000000011ff920f8
119227000: system.cpu T0 : 0x12005a568    : nop        (bis        r31,r31,r31) : No_OpClass : 
119227000: system.cpu T0 : 0x12005a56c    : nop        (bis        r31,r31,r31) : No_OpClass : 
119228000: system.cpu T0 : 0x12005a570    : cmovne     r4,r4,r22       : IntAlu :  D=0x0000000000000008
119228000: system.cpu T0 : 0x12005a574    : nop        (bis        r31,r31,r31) : No_OpClass : 
119228000: system.cpu T0 : 0x12005a578    : addq       r0,8,r0         : IntAlu :  D=0x000000011ff92100
119229000: system.cpu T0 : 0x12005a57c    : xor        r1,r17,r3       : IntAlu :  D=0x004a424047002f48
119229000: system.cpu T0 : 0x12005a580    : cmpbge     r31,r1,r2       : IntAlu :  D=0x0000000000000002
119230000: system.cpu T0 : 0x12005a584    : cmpbge     r31,r3,r4       : IntAlu :  D=0x0000000000000084
119230000: system.cpu T0 : 0x12005a588    : beq        r2,0x12005a560  : IntAlu : 
119233000: system.cpu T0 : 0x12005a58c    : nop        (bis        r31,r31,r31) : No_OpClass : 
119233000: system.cpu T0 : 0x12005a590    : subq       r31,r2,r5       : IntAlu :  D=0xfffffffffffffffe
119234000: system.cpu T0 : 0x12005a594    : and        r2,r5,r5        : IntAlu :  D=0x0000000000000002
119235000: system.cpu T0 : 0x12005a598    : subq       r5,1,r6         : IntAlu :  D=0x0000000000000001
119236000: system.cpu T0 : 0x12005a59c    : bis        r5,r6,r5        : IntAlu :  D=0x0000000000000003
119237000: system.cpu T0 : 0x12005a5a0    : and        r4,r5,r4        : IntAlu :  D=0x0000000000000000
119238000: system.cpu T0 : 0x12005a5a4    : cmovne     r4,r4,r22       : IntAlu :  D=0x0000000000000008
119238000: system.cpu T0 : 0x12005a5a8    : nop        (bis        r31,r31,r31) : No_OpClass : 
119238000: system.cpu T0 : 0x12005a5ac    : nop        (bis        r31,r31,r31) : No_OpClass : 
119238000: system.cpu T0 : 0x12005a5b0    : cmovne     r4,r0,r7        : IntAlu :  D=0x000000011ff920f8
119239000: system.cpu T0 : 0x12005a5b4    : nop        (bis        r31,r31,r31) : No_OpClass : 
119239000: system.cpu T0 : 0x12005a5b8    : ctlz       r22,r3          : IntAlu :  D=0x000000000000003c
119239000: system.cpu T0 : 0x12005a5bc    : nop        (bis        r31,r31,r31) : No_OpClass : 
119661000: system.cpu T0 : 0x12005a5c0    : cmoveq     r22,63,r3       : IntAlu :  D=0x000000000000003c
119661000: system.cpu T0 : 0x12005a5c4    : nop        (bis        r31,r31,r31) : No_OpClass : 
119661000: system.cpu T0 : 0x12005a5c8    : lda        r6,63(r31)      : IntAlu :  D=0x000000000000003f
119662000: system.cpu T0 : 0x12005a5cc    : subq       r6,r3,r6        : IntAlu :  D=0x0000000000000003
119663000: system.cpu T0 : 0x12005a5d0    : addq       r7,r6,r0        : IntAlu :  D=0x000000011ff920fb
119663000: system.cpu T0 : 0x12005a5d4    : ret        (r26)           : IntAlu : 
119665000: system.cpu T0 : 0x120031608    : nop        (ldq_u      r31,0(r30)) : No_OpClass : 
119665000: system.cpu T0 : 0x12003160c    : nop        (ldq_u      r31,0(r30)) : No_OpClass : 
119665000: system.cpu T0 : 0x120031610    : bne        r0,0x120031620  : IntAlu : 
119668000: system.cpu T0 : 0x120031620    : lda        r2,1(r0)        : IntAlu :  D=0x000000011ff920fc
119668000: system.cpu T0 : 0x120031624    : ldah       r1,0(r29)       : IntAlu :  D=0x00000001200c8828
119669000: system.cpu T0 : 0x120031628    : stq        r2,-30000(r1)   : MemWrite :  D=0x000000011ff920fc A=0x1200c12f8
119670000: system.cpu T0 : 0x12003162c    : ldq        r2,0(r10)       : MemRead :  D=0x000000011ff920c8 A=0x11ff92008
119670000: system.cpu T0 : 0x120031630    : ldah       r1,0(r29)       : IntAlu :  D=0x00000001200c8828
119672000: system.cpu T0 : 0x120031634    : stq        r2,-30008(r1)   : MemWrite :  D=0x000000011ff920c8 A=0x1200c12f0
119673000: system.cpu T0 : 0x120031638    : ldq        r26,0(r30)      : MemRead :  D=0x0000000120034210 A=0x11ff91ce0
119674000: system.cpu T0 : 0x12003163c    : ldq        r9,8(r30)       : MemRead :  D=0x0000000000000002 A=0x11ff91ce8
120094000: system.cpu T0 : 0x120031640    : ldq        r10,16(r30)     : MemRead :  D=0x000000011ff92008 A=0x11ff91cf0
120094000: system.cpu T0 : 0x120031644    : lda        r30,32(r30)     : IntAlu :  D=0x000000011ff91d00
120094000: system.cpu T0 : 0x120031648    : ret        (r26)           : IntAlu : 
120518000: system.cpu T0 : 0x120034210    : nop        (ldq_u      r31,0(r30)) : No_OpClass : 
120518000: system.cpu T0 : 0x120034214    : nop        (ldq_u      r31,0(r30)) : No_OpClass : 
120941000: system.cpu T0 : 0x120034218    : ldq        r26,0(r30)      : MemRead :  D=0x000000012001dec8 A=0x11ff91d00
120948000: system.cpu T0 : 0x12003421c    : ldq        r9,8(r30)       : MemRead :  D=0x0000000000000000 A=0x11ff91d08
120949000: system.cpu T0 : 0x120034220    : ldq        r10,16(r30)     : MemRead :  D=0x0000000000000000 A=0x11ff91d10
120949000: system.cpu T0 : 0x120034224    : ldq        r11,24(r30)     : MemRead :  D=0x0000000000000000 A=0x11ff91d18
120949000: system.cpu T0 : 0x120034228    : lda        r30,32(r30)     : IntAlu :  D=0x000000011ff91d20
120949000: system.cpu T0 : 0x12003422c    : ret        (r26)           : IntAlu : 
121369000: system.cpu T0 : 0x12001dec8    : nop        (ldq_u      r31,0(r30)) : No_OpClass : 
121369000: system.cpu T0 : 0x12001decc    : nop        (ldq_u      r31,0(r30)) : No_OpClass : 
121369000: system.cpu T0 : 0x12001ded0    : beq        r12,0x12001def0 : IntAlu : 
121369000: system.cpu T0 : 0x12001ded4    : bis        r31,r12,r16     : IntAlu :  D=0x000000012001e450
121370000: system.cpu T0 : 0x12001ded8    : bis        r31,r31,r17     : IntAlu :  D=0x0000000000000000
121370000: system.cpu T0 : 0x12001dedc    : bis        r31,r31,r18     : IntAlu :  D=0x0000000000000000
121370000: system.cpu T0 : 0x12001dee0    : nop        (ldq_u      r31,0(r30)) : No_OpClass : 
121370000: system.cpu T0 : 0x12001dee4    : bsr        r26,0x12001edb4 : IntAlu :  D=0x000000012001dee8
121795000: system.cpu T0 : 0x12001edb4    : lda        r30,-32(r30)    : IntAlu :  D=0x000000011ff91d00
121795000: system.cpu T0 : 0x12001edb8    : stq        r26,0(r30)      : MemWrite :  D=0x000000012001dee8 A=0x11ff91d00
121795000: system.cpu T0 : 0x12001edbc    : stq        r9,8(r30)       : MemWrite :  D=0x0000000000000000 A=0x11ff91d08
121804000: system.cpu T0 : 0x12001edc0    : stq        r10,16(r30)     : MemWrite :  D=0x0000000000000000 A=0x11ff91d10
121804000: system.cpu T0 : 0x12001edc4    : stq        r11,24(r30)     : MemWrite :  D=0x0000000000000000 A=0x11ff91d18
121804000: system.cpu T0 : 0x12001edc8    : bis        r31,r16,r9      : IntAlu :  D=0x000000012001e450
121804000: system.cpu T0 : 0x12001edcc    : bis        r31,r17,r10     : IntAlu :  D=0x0000000000000000
121805000: system.cpu T0 : 0x12001edd0    : bis        r31,r18,r11     : IntAlu :  D=0x0000000000000000
121805000: system.cpu T0 : 0x12001edd4    : bsr        r26,0x12001ebe0 : IntAlu :  D=0x000000012001edd8
122230000: system.cpu T0 : 0x12001ebe0    : lda        r30,-16(r30)    : IntAlu :  D=0x000000011ff91cf0
122230000: system.cpu T0 : 0x12001ebe4    : stq        r26,0(r30)      : MemWrite :  D=0x000000012001edd8 A=0x11ff91cf0
122230000: system.cpu T0 : 0x12001ebe8    : stq        r9,8(r30)       : MemWrite :  D=0x000000012001e450 A=0x11ff91cf8
122230000: system.cpu T0 : 0x12001ebec    : ldah       r1,0(r29)       : IntAlu :  D=0x00000001200c8828
122660000: system.cpu T0 : 0x12001ebf0    : ldl_l      r2,-29744(r1)   : MemRead :  D=0x0000000000000000 A=0x1200c13f8
122662000: system.cpu T0 : 0x12001ebf4    : cmpeq      r2,0,r3         : IntAlu :  D=0x0000000000000001
122663000: system.cpu T0 : 0x12001ebf8    : beq        r3,0x12001ec0c  : IntAlu : 
122663000: system.cpu T0 : 0x12001ebfc    : bis        r31,1,r3        : IntAlu :  D=0x0000000000000001
122665000: system.cpu T0 : 0x12001ec00    : stl_c      r3,-29744(r1)   : MemWrite :  D=0x0000000000000001 A=0x1200c13f8
122668000: system.cpu T0 : 0x12001ec04    : beq        r3,0x12001ebf0  : IntAlu : 
122668000: system.cpu T0 : 0x12001ec08    : mb                         : MemRead : 
122668000: system.cpu T0 : 0x12001ec0c    : addl       r31,r3,r1       : IntAlu :  D=0x0000000000000001
122669000: system.cpu T0 : 0x12001ec10    : bne        r1,0x12001ec2c  : IntAlu : 
122672000: system.cpu T0 : 0x12001ec2c    : ldah       r1,0(r29)       : IntAlu :  D=0x00000001200c8828
123109000: system.cpu T0 : 0x12001ec30    : ldq        r1,-30112(r1)   : MemRead :  D=0x00000001200c31d8 A=0x1200c1288
123111000: system.cpu T0 : 0x12001ec34    : bis        r31,r1,r5       : IntAlu :  D=0x00000001200c31d8
123111000: system.cpu T0 : 0x12001ec38    : bis        r31,r31,r0      : IntAlu :  D=0x0000000000000000
123111000: system.cpu T0 : 0x12001ec3c    : beq        r1,0x12001eda4  : IntAlu : 
123538000: system.cpu T0 : 0x12001ec40    : ldq        r3,8(r5)        : MemRead :  D=0x0000000000000000 A=0x1200c31e0
123540000: system.cpu T0 : 0x12001ec44    : beq        r3,0x12001ec88  : IntAlu : 
123970000: system.cpu T0 : 0x12001ec88    : stq        r31,8(r5)       : MemWrite :  D=0x0000000000000000 A=0x1200c31e0
123972000: system.cpu T0 : 0x12001ec8c    : ldq        r1,0(r5)        : MemRead :  D=0x0000000000000000 A=0x1200c31d8
123974000: system.cpu T0 : 0x12001ec90    : beq        r1,0x12001eda0  : IntAlu : 
123978000: system.cpu T0 : 0x12001eda0    : bis        r31,r5,r0       : IntAlu :  D=0x00000001200c31d8
123978000: system.cpu T0 : 0x12001eda4    : cmpeq      r1,0,r2         : IntAlu :  D=0x0000000000000001
123978000: system.cpu T0 : 0x12001eda8    : br         0x12001ecb0     : IntAlu : 
123981000: system.cpu T0 : 0x12001ecb0    : bne        r0,0x12001ed0c  : IntAlu : 
124420000: system.cpu T0 : 0x12001ed0c    : lda        r9,16(r0)       : IntAlu :  D=0x00000001200c31e8
124420000: system.cpu T0 : 0x12001ed10    : lda        r1,1(r31)       : IntAlu :  D=0x0000000000000001
124421000: system.cpu T0 : 0x12001ed14    : stq        r1,8(r0)        : MemWrite :  D=0x0000000000000001 A=0x1200c31e0
124421000: system.cpu T0 : 0x12001ed18    : br         0x12001ed30     : IntAlu : 
124424000: system.cpu T0 : 0x12001ed30    : beq        r9,0x12001ed4c  : IntAlu : 
124424000: system.cpu T0 : 0x12001ed34    : lda        r1,1(r31)       : IntAlu :  D=0x0000000000000001
124425000: system.cpu T0 : 0x12001ed38    : stq        r1,0(r9)        : MemWrite :  D=0x0000000000000001 A=0x1200c31e8
124854000: system.cpu T0 : 0x12001ed3c    : ldq        r2,-30784(r29)  : MemRead :  D=0x00000001200c19d0 A=0x1200c0fe8
125283000: system.cpu T0 : 0x12001ed40    : ldq        r1,0(r2)        : MemRead :  D=0x0000000000000000 A=0x1200c19d0
125285000: system.cpu T0 : 0x12001ed44    : lda        r1,1(r1)        : IntAlu :  D=0x0000000000000001
125286000: system.cpu T0 : 0x12001ed48    : stq        r1,0(r2)        : MemWrite :  D=0x0000000000000001 A=0x1200c19d0
125286000: system.cpu T0 : 0x12001ed4c    : ldah       r1,0(r29)       : IntAlu :  D=0x00000001200c8828
125286000: system.cpu T0 : 0x12001ed50    : mb                         : MemRead : 
125302000: system.cpu T0 : 0x12001ed54    : ldl_l      r3,-29744(r1)   : MemRead :  D=0x0000000000000001 A=0x1200c13f8
125302000: system.cpu T0 : 0x12001ed58    : bis        r31,0,r2        : IntAlu :  D=0x0000000000000000
125302000: system.cpu T0 : 0x12001ed5c    : stl_c      r2,-29744(r1)   : MemWrite :  D=0x0000000000000000 A=0x1200c13f8
125305000: system.cpu T0 : 0x12001ed60    : beq        r2,0x12001ed54  : IntAlu : 
125309000: system.cpu T0 : 0x12001ed54    : ldl_l      r3,-29744(r1)   : MemRead :  D=0x0000000000000001 A=0x1200c13f8
125309000: system.cpu T0 : 0x12001ed58    : bis        r31,0,r2        : IntAlu :  D=0x0000000000000000
125310000: system.cpu T0 : 0x12001ed5c    : stl_c      r2,-29744(r1)   : MemWrite :  D=0x0000000000000001 A=0x1200c13f8
125313000: system.cpu T0 : 0x12001ed60    : beq        r2,0x12001ed54  : IntAlu : 
125316000: system.cpu T0 : 0x12001ed64    : addl       r31,r3,r1       : IntAlu :  D=0x0000000000000001
125317000: system.cpu T0 : 0x12001ed68    : cmple      r1,1,r1         : IntAlu :  D=0x0000000000000001
125318000: system.cpu T0 : 0x12001ed6c    : bne        r1,0x12001ed8c  : IntAlu : 
125321000: system.cpu T0 : 0x12001ed8c    : bis        r31,r9,r0       : IntAlu :  D=0x00000001200c31e8
125744000: system.cpu T0 : 0x12001ed90    : ldq        r26,0(r30)      : MemRead :  D=0x000000012001edd8 A=0x11ff91cf0
125751000: system.cpu T0 : 0x12001ed94    : ldq        r9,8(r30)       : MemRead :  D=0x000000012001e450 A=0x11ff91cf8
125751000: system.cpu T0 : 0x12001ed98    : lda        r30,16(r30)     : IntAlu :  D=0x000000011ff91d00
125751000: system.cpu T0 : 0x12001ed9c    : ret        (r26)           : IntAlu : 
125751000: system.cpu T0 : 0x12001edd8    : lda        r1,-1(r31)      : IntAlu :  D=0xffffffffffffffff
125752000: system.cpu T0 : 0x12001eddc    : beq        r0,0x12001edfc  : IntAlu : 
125753000: system.cpu T0 : 0x12001ede0    : stq        r9,8(r0)        : MemWrite :  D=0x000000012001e450 A=0x1200c31f0
125753000: system.cpu T0 : 0x12001ede4    : stq        r10,16(r0)      : MemWrite :  D=0x0000000000000000 A=0x1200c31f8
125753000: system.cpu T0 : 0x12001ede8    : stq        r11,24(r0)      : MemWrite :  D=0x0000000000000000 A=0x1200c3200
125753000: system.cpu T0 : 0x12001edec    : wmb                        : MemWrite : 
125754000: system.cpu T0 : 0x12001edf0    : lda        r1,4(r31)       : IntAlu :  D=0x0000000000000004
125755000: system.cpu T0 : 0x12001edf4    : stq        r1,0(r0)        : MemWrite :  D=0x0000000000000004 A=0x1200c31e8
125755000: system.cpu T0 : 0x12001edf8    : bis        r31,r31,r1      : IntAlu :  D=0x0000000000000000
125756000: system.cpu T0 : 0x12001edfc    : bis        r31,r1,r0       : IntAlu :  D=0x0000000000000000
126177000: system.cpu T0 : 0x12001ee00    : ldq        r26,0(r30)      : MemRead :  D=0x000000012001dee8 A=0x11ff91d00
126178000: system.cpu T0 : 0x12001ee04    : ldq        r9,8(r30)       : MemRead :  D=0x0000000000000000 A=0x11ff91d08
126178000: system.cpu T0 : 0x12001ee08    : ldq        r10,16(r30)     : MemRead :  D=0x0000000000000000 A=0x11ff91d10
126178000: system.cpu T0 : 0x12001ee0c    : ldq        r11,24(r30)     : MemRead :  D=0x0000000000000000 A=0x11ff91d18
126178000: system.cpu T0 : 0x12001ee10    : lda        r30,32(r30)     : IntAlu :  D=0x000000011ff91d20
126179000: system.cpu T0 : 0x12001ee14    : ret        (r26)           : IntAlu : 
126602000: system.cpu T0 : 0x12001dee8    : nop        (ldq_u      r31,0(r30)) : No_OpClass : 
126602000: system.cpu T0 : 0x12001deec    : nop        (ldq_u      r31,0(r30)) : No_OpClass : 
127032000: system.cpu T0 : 0x12001def0    : ldq        r1,-31792(r29)  : MemRead :  D=0x00000001200be600 A=0x1200c0bf8
127457000: system.cpu T0 : 0x12001def4    : ldl        r1,0(r1)        : MemRead :  D=0x0000000000000000 A=0x1200be600
127459000: system.cpu T0 : 0x12001def8    : beq        r1,0x12001df0c  : IntAlu : 
127462000: system.cpu T0 : 0x12001df0c    : beq        r13,0x12001df30 : IntAlu : 
127895000: system.cpu T0 : 0x12001df10    : ldq        r16,696(r30)    : MemRead :  D=0x0000000000000002 A=0x11ff91fd8
127902000: system.cpu T0 : 0x12001df14    : ldq        r17,704(r30)    : MemRead :  D=0x000000011ff92008 A=0x11ff91fe0
127902000: system.cpu T0 : 0x12001df18    : lda        r1,-29608(r29)  : IntAlu :  D=0x00000001200c1480
127913000: system.cpu T0 : 0x12001df1c    : ldq        r18,0(r1)       : MemRead :  D=0x000000011ff92020 A=0x1200c1480
127913000: system.cpu T0 : 0x12001df20    : bis        r31,r13,r27     : IntAlu :  D=0x000000012001e4c0
127913000: system.cpu T0 : 0x12001df24    : jsr        r26,(r27)       : IntAlu :  D=0x000000012001df28
127913000: system.cpu T0 : 0x12001e4c0    : ldah       r29,11(r27)     : IntAlu :  D=0x00000001200ce4c0
127914000: system.cpu T0 : 0x12001e4c4    : lda        r29,-23704(r29) : IntAlu :  D=0x00000001200c8828
127914000: system.cpu T0 : 0x12001e4c8    : lda        r30,-64(r30)    : IntAlu :  D=0x000000011ff91ce0
127914000: system.cpu T0 : 0x12001e4cc    : stq        r26,0(r30)      : MemWrite :  D=0x000000012001df28 A=0x11ff91ce0
127914000: system.cpu T0 : 0x12001e4d0    : stq        r9,8(r30)       : MemWrite :  D=0x0000000000000000 A=0x11ff91ce8
127915000: system.cpu T0 : 0x12001e4d4    : stq        r10,16(r30)     : MemWrite :  D=0x0000000000000000 A=0x11ff91cf0
127915000: system.cpu T0 : 0x12001e4d8    : stq        r11,24(r30)     : MemWrite :  D=0x0000000000000000 A=0x11ff91cf8
127915000: system.cpu T0 : 0x12001e4dc    : stq        r12,32(r30)     : MemWrite :  D=0x000000012001e450 A=0x11ff91d00
127915000: system.cpu T0 : 0x12001e4e0    : stq        r13,40(r30)     : MemWrite :  D=0x000000012001e4c0 A=0x11ff91d08
127916000: system.cpu T0 : 0x12001e4e4    : stq        r14,48(r30)     : MemWrite :  D=0x0000000000000000 A=0x11ff91d10
127916000: system.cpu T0 : 0x12001e4e8    : bis        r31,r16,r14     : IntAlu :  D=0x0000000000000002
127916000: system.cpu T0 : 0x12001e4ec    : bis        r31,r17,r13     : IntAlu :  D=0x000000011ff92008
127916000: system.cpu T0 : 0x12001e4f0    : bis        r31,r18,r12     : IntAlu :  D=0x000000011ff92020
128355000: system.cpu T0 : 0x12001e4f4    : ldq        r2,-30272(r29)  : MemRead :  D=0x00000001200be020 A=0x1200c11e8
128364000: system.cpu T0 : 0x12001e4f8    : ldq        r1,-30816(r29)  : MemRead :  D=0x00000001200be020 A=0x1200c0fc8
128366000: system.cpu T0 : 0x12001e4fc    : subq       r1,r2,r1        : IntAlu :  D=0x0000000000000000
128367000: system.cpu T0 : 0x12001e500    : sra        r1,3,r11        : IntAlu :  D=0x0000000000000000
128368000: system.cpu T0 : 0x12001e504    : beq        r11,0x12001e53c : IntAlu : 
128371000: system.cpu T0 : 0x12001e53c    : nop        (ldq_u      r31,0(r30)) : No_OpClass : 
128796000: system.cpu T0 : 0x12001e540    : bsr        r26,0x120000180 : IntAlu :  D=0x000000012001e544
129221000: system.cpu T0 : 0x120000180    : subq       r30,16,r30      : IntAlu :  D=0x000000011ff91cd0
129221000: system.cpu T0 : 0x120000184    : lda        r27,0(r31)      : IntAlu :  D=0x0000000000000000
129221000: system.cpu T0 : 0x120000188    : stq        r26,0(r30)      : MemWrite :  D=0x000000012001e544 A=0x11ff91cd0
129221000: system.cpu T0 : 0x12000018c    : stq        r29,8(r30)      : MemWrite :  D=0x00000001200c8828 A=0x11ff91cd8
129222000: system.cpu T0 : 0x120000190    : beq        r27,0x1200001a0 : IntAlu : 
129225000: system.cpu T0 : 0x1200001a0    : br         r29,0x1200001a4 : IntAlu :  D=0x00000001200001a4
129226000: system.cpu T0 : 0x1200001a4    : ldah       r29,13(r29)     : IntAlu :  D=0x00000001200d01a4
129227000: system.cpu T0 : 0x1200001a8    : lda        r29,-31100(r29) : IntAlu :  D=0x00000001200c8828
129227000: system.cpu T0 : 0x1200001ac    : nop        (ldq_u      r31,0(r30)) : No_OpClass : 
129227000: system.cpu T0 : 0x1200001b0    : nop        (ldq_u      r31,0(r30)) : No_OpClass : 
129227000: system.cpu T0 : 0x1200001b4    : bsr        r26,0x1200002e4 : IntAlu :  D=0x00000001200001b8
130089000: system.cpu T0 : 0x1200002e4    : ldq        r1,-30240(r29)  : MemRead :  D=0x000000012008846c A=0x1200c1208
130089000: system.cpu T0 : 0x1200002e8    : lda        r30,-16(r30)    : IntAlu :  D=0x000000011ff91cc0
130089000: system.cpu T0 : 0x1200002ec    : stq        r26,0(r30)      : MemWrite :  D=0x00000001200001b8 A=0x11ff91cc0
130091000: system.cpu T0 : 0x1200002f0    : beq        r1,0x120000314  : IntAlu : 
130091000: system.cpu T0 : 0x1200002f4    : nop        (ldq_u      r31,0(r30)) : No_OpClass : 
130091000: system.cpu T0 : 0x1200002f8    : ldah       r16,-2(r29)     : IntAlu :  D=0x00000001200a8828
130091000: system.cpu T0 : 0x1200002fc    : ldah       r17,0(r29)      : IntAlu :  D=0x00000001200c8828
130092000: system.cpu T0 : 0x120000300    : lda        r16,-7288(r16)  : IntAlu :  D=0x00000001200a6bb0
130092000: system.cpu T0 : 0x120000304    : lda        r17,-27904(r17) : IntAlu :  D=0x00000001200c1b28
130092000: system.cpu T0 : 0x120000308    : bsr        r26,0x120088474 : IntAlu :  D=0x000000012000030c
130522000: system.cpu T0 : 0x120088474    : bis        r31,r31,r18     : IntAlu :  D=0x0000000000000000
130522000: system.cpu T0 : 0x120088478    : bis        r31,r31,r19     : IntAlu :  D=0x0000000000000000
130522000: system.cpu T0 : 0x12008847c    : br         0x1200883d4     : IntAlu : 
130948000: system.cpu T0 : 0x1200883d4    : lda        r30,-16(r30)    : IntAlu :  D=0x000000011ff91cb0
130948000: system.cpu T0 : 0x1200883d8    : stq        r9,8(r30)       : MemWrite :  D=0x0000000000000000 A=0x11ff91cb8
130948000: system.cpu T0 : 0x1200883dc    : stq        r26,0(r30)      : MemWrite :  D=0x000000012000030c A=0x11ff91cb0
130948000: system.cpu T0 : 0x1200883e0    : bis        r31,r17,r9      : IntAlu :  D=0x00000001200c1b28
130949000: system.cpu T0 : 0x1200883e4    : beq        r16,0x12008845c : IntAlu : 
130949000: system.cpu T0 : 0x1200883e8    : ldl        r1,0(r16)       : MemRead :  A=0x1200a6bb0
131388000: system.cpu T0 : 0x1200883e8    : ldl        r1,0(r16)       : MemRead :  D=0x0000000000000014 A=0x1200a6bb0
131390000: system.cpu T0 : 0x1200883ec    : beq        r1,0x12008845c  : IntAlu : 
131390000: system.cpu T0 : 0x1200883f0    : lda        r1,-1(r31)      : IntAlu :  D=0xffffffffffffffff
131390000: system.cpu T0 : 0x1200883f4    : stq        r18,8(r17)      : MemWrite :  D=0x0000000000000000 A=0x1200c1b30
131390000: system.cpu T0 : 0x1200883f8    : stq        r19,16(r17)     : MemWrite :  D=0x0000000000000000 A=0x1200c1b38
131391000: system.cpu T0 : 0x1200883fc    : stq        r1,0(r17)       : MemWrite :  D=0xffffffffffffffff A=0x1200c1b28
131391000: system.cpu T0 : 0x120088400    : lda        r1,2041(r1)     : IntAlu :  D=0x00000000000007f8
131391000: system.cpu T0 : 0x120088404    : stq        r16,24(r17)     : MemWrite :  D=0x00000001200a6bb0 A=0x1200c1b40
131392000: system.cpu T0 : 0x120088408    : stq        r1,32(r17)      : MemWrite :  D=0x00000000000007f8 A=0x1200c1b48
131392000: system.cpu T0 : 0x12008840c    : lda        r1,0(r31)       : IntAlu :  D=0x0000000000000000
131393000: system.cpu T0 : 0x120088410    : beq        r1,0x12008842c  : IntAlu : 
131396000: system.cpu T0 : 0x12008842c    : ldah       r1,0(r29)       : IntAlu :  D=0x00000001200c8828
131831000: system.cpu T0 : 0x120088430    : ldq        r2,-28928(r1)   : MemRead :  D=0x0000000000000000 A=0x1200c1728
131833000: system.cpu T0 : 0x120088434    : stq        r2,40(r9)       : MemWrite :  D=0x0000000000000000 A=0x1200c1b50
131833000: system.cpu T0 : 0x120088438    : stq        r9,-28928(r1)   : MemWrite :  D=0x00000001200c1b28 A=0x1200c1728
131833000: system.cpu T0 : 0x12008843c    : lda        r1,0(r31)       : IntAlu :  D=0x0000000000000000
131834000: system.cpu T0 : 0x120088440    : beq        r1,0x12008845c  : IntAlu : 
131838000: system.cpu T0 : 0x12008845c    : ldq        r26,0(r30)      : MemRead :  D=0x000000012000030c A=0x11ff91cb0
131839000: system.cpu T0 : 0x120088460    : ldq        r9,8(r30)       : MemRead :  D=0x0000000000000000 A=0x11ff91cb8
131839000: system.cpu T0 : 0x120088464    : lda        r30,16(r30)     : IntAlu :  D=0x000000011ff91cc0
131840000: system.cpu T0 : 0x120088468    : ret        (r26)           : IntAlu : 
131840000: system.cpu T0 : 0x12000030c    : nop        (ldq_u      r31,0(r30)) : No_OpClass : 
131840000: system.cpu T0 : 0x120000310    : nop        (ldq_u      r31,0(r30)) : No_OpClass : 
131840000: system.cpu T0 : 0x120000314    : ldah       r16,-1(r29)     : IntAlu :  D=0x00000001200b8828
132264000: system.cpu T0 : 0x120000318    : ldq        r1,22560(r16)   : MemRead :  D=0x0000000000000000 A=0x1200be048
132266000: system.cpu T0 : 0x12000031c    : beq        r1,0x120000338  : IntAlu : 
132270000: system.cpu T0 : 0x120000338    : ldq        r26,0(r30)      : MemRead :  D=0x00000001200001b8 A=0x11ff91cc0
132270000: system.cpu T0 : 0x12000033c    : lda        r30,16(r30)     : IntAlu :  D=0x000000011ff91cd0
132692000: system.cpu T0 : 0x120000340    : ret        (r26)           : IntAlu : 
132695000: system.cpu T0 : 0x1200001b8    : br         r29,0x1200001bc : IntAlu :  D=0x00000001200001bc
132696000: system.cpu T0 : 0x1200001bc    : ldah       r29,13(r29)     : IntAlu :  D=0x00000001200d01bc
132707000: system.cpu T0 : 0x1200001c0    : lda        r29,-31124(r29) : IntAlu :  D=0x00000001200c8828
132707000: system.cpu T0 : 0x1200001c4    : nop        (ldq_u      r31,0(r30)) : No_OpClass : 
132707000: system.cpu T0 : 0x1200001c8    : nop        (ldq_u      r31,0(r30)) : No_OpClass : 
132707000: system.cpu T0 : 0x1200001cc    : bsr        r26,0x12008a8f0 : IntAlu :  D=0x00000001200001d0
133137000: system.cpu T0 : 0x12008a8f0    : ldah       r1,-1(r29)      : IntAlu :  D=0x00000001200b8828
133137000: system.cpu T0 : 0x12008a8f4    : lda        r30,-32(r30)    : IntAlu :  D=0x000000011ff91cb0
133138000: system.cpu T0 : 0x12008a8f8    : lda        r1,22528(r1)    : IntAlu :  D=0x00000001200be028
133138000: system.cpu T0 : 0x12008a8fc    : stq        r9,8(r30)       : MemWrite :  D=0x0000000000000000 A=0x11ff91cb8
133146000: system.cpu T0 : 0x12008a900    : stq        r10,16(r30)     : MemWrite :  D=0x0000000000000000 A=0x11ff91cc0
133146000: system.cpu T0 : 0x12008a904    : lda        r10,-1(r31)     : IntAlu :  D=0xffffffffffffffff
133146000: system.cpu T0 : 0x12008a908    : stq        r26,0(r30)      : MemWrite :  D=0x00000001200001d0 A=0x11ff91cb0
133146000: system.cpu T0 : 0x12008a90c    : lda        r9,-8(r1)       : IntAlu :  D=0x00000001200be020
133147000: system.cpu T0 : 0x12008a910    : br         0x12008a920     : IntAlu : 
133581000: system.cpu T0 : 0x12008a920    : ldq        r27,0(r9)       : MemRead :  D=0xffffffffffffffff A=0x1200be020
133581000: system.cpu T0 : 0x12008a924    : lda        r9,-8(r9)       : IntAlu :  D=0x00000001200be018
133583000: system.cpu T0 : 0x12008a928    : cmpeq      r27,r10,r1      : IntAlu :  D=0x0000000000000001
133584000: system.cpu T0 : 0x12008a92c    : beq        r1,0x12008a914  : IntAlu : 
133585000: system.cpu T0 : 0x12008a930    : ldq        r26,0(r30)      : MemRead :  D=0x00000001200001d0 A=0x11ff91cb0
133586000: system.cpu T0 : 0x12008a934    : ldq        r9,8(r30)       : MemRead :  D=0x0000000000000000 A=0x11ff91cb8
133586000: system.cpu T0 : 0x12008a938    : ldq        r10,16(r30)     : MemRead :  D=0x0000000000000000 A=0x11ff91cc0
133586000: system.cpu T0 : 0x12008a93c    : lda        r30,32(r30)     : IntAlu :  D=0x000000011ff91cd0
133587000: system.cpu T0 : 0x12008a940    : ret        (r26)           : IntAlu : 
133589000: system.cpu T0 : 0x1200001d0    : ldq        r26,0(r30)      : MemRead :  D=0x000000012001e544 A=0x11ff91cd0
133590000: system.cpu T0 : 0x1200001d4    : ldq        r29,8(r30)      : MemRead :  D=0x00000001200c8828 A=0x11ff91cd8
133590000: system.cpu T0 : 0x1200001d8    : addq       r30,16,r30      : IntAlu :  D=0x000000011ff91ce0
133591000: system.cpu T0 : 0x1200001dc    : ret        (r26)           : IntAlu : 
134013000: system.cpu T0 : 0x12001e544    : nop        (ldq_u      r31,0(r30)) : No_OpClass : 
134013000: system.cpu T0 : 0x12001e548    : nop        (ldq_u      r31,0(r30)) : No_OpClass : 
134436000: system.cpu T0 : 0x12001e54c    : ldq        r2,-30416(r29)  : MemRead :  D=0x00000001200be020 A=0x1200c1158
134445000: system.cpu T0 : 0x12001e550    : ldq        r1,-31040(r29)  : MemRead :  D=0x00000001200be020 A=0x1200c0ee8
134447000: system.cpu T0 : 0x12001e554    : subq       r1,r2,r1        : IntAlu :  D=0x0000000000000000
134448000: system.cpu T0 : 0x12001e558    : sra        r1,3,r11        : IntAlu :  D=0x0000000000000000
134449000: system.cpu T0 : 0x12001e55c    : beq        r11,0x12001e594 : IntAlu : 
134876000: system.cpu T0 : 0x12001e594    : ldq        r26,0(r30)      : MemRead :  D=0x000000012001df28 A=0x11ff91ce0
134877000: system.cpu T0 : 0x12001e598    : ldq        r9,8(r30)       : MemRead :  D=0x0000000000000000 A=0x11ff91ce8
134877000: system.cpu T0 : 0x12001e59c    : ldq        r10,16(r30)     : MemRead :  D=0x0000000000000000 A=0x11ff91cf0
134877000: system.cpu T0 : 0x12001e5a0    : ldq        r11,24(r30)     : MemRead :  D=0x0000000000000000 A=0x11ff91cf8
135315000: system.cpu T0 : 0x12001e5a4    : ldq        r12,32(r30)     : MemRead :  D=0x000000012001e450 A=0x11ff91d00
135322000: system.cpu T0 : 0x12001e5a8    : ldq        r13,40(r30)     : MemRead :  D=0x000000012001e4c0 A=0x11ff91d08
135323000: system.cpu T0 : 0x12001e5ac    : ldq        r14,48(r30)     : MemRead :  D=0x0000000000000000 A=0x11ff91d10
135323000: system.cpu T0 : 0x12001e5b0    : lda        r30,64(r30)     : IntAlu :  D=0x000000011ff91d20
135323000: system.cpu T0 : 0x12001e5b4    : ret        (r26)           : IntAlu : 
135323000: system.cpu T0 : 0x12001df28    : ldah       r29,11(r26)     : IntAlu :  D=0x00000001200cdf28
135324000: system.cpu T0 : 0x12001df2c    : lda        r29,-22272(r29) : IntAlu :  D=0x00000001200c8828
135324000: system.cpu T0 : 0x12001df30    : lda        r16,48(r30)     : IntAlu :  D=0x000000011ff91d50
135324000: system.cpu T0 : 0x12001df34    : nop        (ldq_u      r31,0(r30)) : No_OpClass : 
135324000: system.cpu T0 : 0x12001df38    : bsr        r26,0x12001e6f8 : IntAlu :  D=0x000000012001df3c
135742000: system.cpu T0 : 0x12001e6f8    : bis        r31,0,r17       : IntAlu :  D=0x0000000000000000
135742000: system.cpu T0 : 0x12001e6fc    : br         0x12001e688     : IntAlu : 
136168000: system.cpu T0 : 0x12001e688    : subq       r30,16,r30      : IntAlu :  D=0x000000011ff91d10
136168000: system.cpu T0 : 0x12001e68c    : stq        r26,0(r30)      : MemWrite :  D=0x000000012001df3c A=0x11ff91d10
136168000: system.cpu T0 : 0x12001e690    : stq        r9,0(r16)       : MemWrite :  D=0x0000000000000000 A=0x11ff91d50
136168000: system.cpu T0 : 0x12001e694    : stq        r10,8(r16)      : MemWrite :  D=0x0000000000000000 A=0x11ff91d58
136169000: system.cpu T0 : 0x12001e698    : stq        r11,16(r16)     : MemWrite :  D=0x0000000000000000 A=0x11ff91d60
136169000: system.cpu T0 : 0x12001e69c    : stq        r12,24(r16)     : MemWrite :  D=0x000000012001e450 A=0x11ff91d68
136169000: system.cpu T0 : 0x12001e6a0    : stq        r13,32(r16)     : MemWrite :  D=0x000000012001e4c0 A=0x11ff91d70
136169000: system.cpu T0 : 0x12001e6a4    : stq        r14,40(r16)     : MemWrite :  D=0x0000000000000000 A=0x11ff91d78
136170000: system.cpu T0 : 0x12001e6a8    : stq        r26,48(r16)     : MemWrite :  D=0x000000012001df3c A=0x11ff91d80
136170000: system.cpu T0 : 0x12001e6ac    : addq       r30,16,r2       : IntAlu :  D=0x000000011ff91d20
136171000: system.cpu T0 : 0x12001e6b0    : stq        r2,64(r16)      : MemWrite :  D=0x000000011ff91d20 A=0x11ff91d90
136171000: system.cpu T0 : 0x12001e6b4    : stq        r15,56(r16)     : MemWrite :  D=0x0000000000000000 A=0x11ff91d88
136171000: system.cpu T0 : 0x12001e6b8    : stt        f2,72(r16)      : MemWrite :  D=0x0000000000000000 A=0x11ff91d98
136171000: system.cpu T0 : 0x12001e6bc    : stt        f3,80(r16)      : MemWrite :  D=0x0000000000000000 A=0x11ff91da0
136172000: system.cpu T0 : 0x12001e6c0    : stt        f4,88(r16)      : MemWrite :  D=0x0000000000000000 A=0x11ff91da8
136172000: system.cpu T0 : 0x12001e6c4    : stt        f5,96(r16)      : MemWrite :  D=0x0000000000000000 A=0x11ff91db0
136172000: system.cpu T0 : 0x12001e6c8    : stt        f6,104(r16)     : MemWrite :  D=0x0000000000000000 A=0x11ff91db8
136172000: system.cpu T0 : 0x12001e6cc    : stt        f7,112(r16)     : MemWrite :  D=0x0000000000000000 A=0x11ff91dc0
136173000: system.cpu T0 : 0x12001e6d0    : stt        f8,120(r16)     : MemWrite :  D=0x0000000000000000 A=0x11ff91dc8
136173000: system.cpu T0 : 0x12001e6d4    : stt        f9,128(r16)     : MemWrite :  D=0x0000000000000000 A=0x11ff91dd0
136173000: system.cpu T0 : 0x12001e6d8    : nop        (ldq_u      r31,0(r30)) : No_OpClass : 
136173000: system.cpu T0 : 0x12001e6dc    : bsr        r26,0x12001e718 : IntAlu :  D=0x000000012001e6e0
136176000: system.cpu T0 : 0x12001e718    : lda        r30,-16(r30)    : IntAlu :  D=0x000000011ff91d00
136176000: system.cpu T0 : 0x12001e71c    : stq        r26,0(r30)      : MemWrite :  D=0x000000012001e6e0 A=0x11ff91d00
136176000: system.cpu T0 : 0x12001e720    : stq        r9,8(r30)       : MemWrite :  D=0x0000000000000000 A=0x11ff91d08
136176000: system.cpu T0 : 0x12001e724    : bis        r31,r16,r9      : IntAlu :  D=0x000000011ff91d50
136177000: system.cpu T0 : 0x12001e728    : beq        r17,0x12001e750 : IntAlu : 
136622000: system.cpu T0 : 0x12001e750    : bis        r31,r31,r1      : IntAlu :  D=0x0000000000000000
136623000: system.cpu T0 : 0x12001e754    : stl        r1,136(r9)      : MemWrite :  D=0x0000000000000000 A=0x11ff91dd8
136623000: system.cpu T0 : 0x12001e758    : bis        r31,r31,r0      : IntAlu :  D=0x0000000000000000
136625000: system.cpu T0 : 0x12001e75c    : ldq        r26,0(r30)      : MemRead :  D=0x000000012001e6e0 A=0x11ff91d00
136625000: system.cpu T0 : 0x12001e760    : ldq        r9,8(r30)       : MemRead :  D=0x0000000000000000 A=0x11ff91d08
136625000: system.cpu T0 : 0x12001e764    : lda        r30,16(r30)     : IntAlu :  D=0x000000011ff91d10
136627000: system.cpu T0 : 0x12001e768    : ret        (r26)           : IntAlu : 
136628000: system.cpu T0 : 0x12001e6e0    : ldq        r26,0(r30)      : MemRead :  D=0x000000012001df3c A=0x11ff91d10
136628000: system.cpu T0 : 0x12001e6e4    : addq       r30,16,r30      : IntAlu :  D=0x000000011ff91d20
136630000: system.cpu T0 : 0x12001e6e8    : ret        (r26)           : IntAlu : 
136630000: system.cpu T0 : 0x12001df3c    : nop        (ldq_u      r31,0(r30)) : No_OpClass : 
136630000: system.cpu T0 : 0x12001df40    : nop        (ldq_u      r31,0(r30)) : No_OpClass : 
136631000: system.cpu T0 : 0x12001df44    : bne        r0,0x12001df8c  : IntAlu : 
136634000: system.cpu T0 : 0x12001df48    : call_pal   rduniq          : IntAlu :  D=0x000000012033a6b0
136635000: system.cpu T0 : 0x12001df4c    : lda        r0,-1712(r0)    : IntAlu :  D=0x000000012033a000
137059000: system.cpu T0 : 0x12001df50    : ldq        r1,192(r0)      : MemRead :  D=0x0000000000000000 A=0x12033a0c0
137061000: system.cpu T0 : 0x12001df54    : stq        r1,192(r30)     : MemWrite :  D=0x0000000000000000 A=0x11ff91de0
137488000: system.cpu T0 : 0x12001df58    : ldq        r1,184(r0)      : MemRead :  D=0x0000000000000000 A=0x12033a0b8
137490000: system.cpu T0 : 0x12001df5c    : stq        r1,200(r30)     : MemWrite :  D=0x0000000000000000 A=0x11ff91de8
137490000: system.cpu T0 : 0x12001df60    : lda        r1,48(r30)      : IntAlu :  D=0x000000011ff91d50
137491000: system.cpu T0 : 0x12001df64    : stq        r1,192(r0)      : MemWrite :  D=0x000000011ff91d50 A=0x12033a0c0
137926000: system.cpu T0 : 0x12001df68    : ldq        r16,696(r30)    : MemRead :  D=0x0000000000000002 A=0x11ff91fd8
137933000: system.cpu T0 : 0x12001df6c    : ldq        r17,704(r30)    : MemRead :  D=0x000000011ff92008 A=0x11ff91fe0
137933000: system.cpu T0 : 0x12001df70    : lda        r1,-29608(r29)  : IntAlu :  D=0x00000001200c1480
137935000: system.cpu T0 : 0x12001df74    : ldq        r18,0(r1)       : MemRead :  D=0x000000011ff92020 A=0x1200c1480
137935000: system.cpu T0 : 0x12001df78    : ldq        r27,688(r30)    : MemRead :  D=0x0000000120017680 A=0x11ff91fd0
137936000: system.cpu T0 : 0x12001df7c    : jsr        r26,(r27)       : IntAlu :  D=0x000000012001df80
138367000: system.cpu T0 : 0x120017680    : ldah       r29,11(r27)     : IntAlu :  D=0x00000001200c7680
138368000: system.cpu T0 : 0x120017684    : lda        r29,4520(r29)   : IntAlu :  D=0x00000001200c8828
138368000: system.cpu T0 : 0x120017688    : stq        r31,-4096(r30)  : MemWrite :  D=0x0000000000000000 A=0x11ff90d20
138368000: system.cpu T0 : 0x12001768c    : nop        (ldq_u      r31,0(r30)) : No_OpClass : 
138368000: system.cpu T0 : 0x120017690    : lda        r1,4(r31)       : IntAlu :  D=0x0000000000000004
138369000: system.cpu T0 : 0x120017694    : stq        r31,-12288(r30) : MemWrite :  D=0x0000000000000000 A=0x11ff8ed20
info: Increasing stack size by one page.
138375000: system.cpu T0 : 0x120017694    : stq        r31,-12288(r30) : MemWrite :  D=0x0000000000000000 A=0x11ff8ed20
138375000: system.cpu T0 : 0x120017698    : stq        r31,-20480(r30) : MemWrite :  D=0x0000000000000000 A=0x11ff8cd20
info: Increasing stack size by one page.
138381000: system.cpu T0 : 0x120017698    : stq        r31,-20480(r30) : MemWrite :  D=0x0000000000000000 A=0x11ff8cd20
138381000: system.cpu T0 : 0x12001769c    : lda        r30,-24976(r30) : IntAlu :  D=0x000000011ff8bb90
138381000: system.cpu T0 : 0x1200176a0    : stt        f2,64(r30)      : MemWrite :  D=0x0000000000000000 A=0x11ff8bbd0
info: Increasing stack size by one page.
138387000: system.cpu T0 : 0x1200176a0    : stt        f2,64(r30)      : MemWrite :  D=0x0000000000000000 A=0x11ff8bbd0
138387000: system.cpu T0 : 0x1200176a4    : stt        f3,72(r30)      : MemWrite :  D=0x0000000000000000 A=0x11ff8bbd8
138387000: system.cpu T0 : 0x1200176a8    : stq        r26,0(r30)      : MemWrite :  D=0x000000012001df80 A=0x11ff8bb90
138387000: system.cpu T0 : 0x1200176ac    : stl        r1,80(r30)      : MemWrite :  D=0x0000000000000004 A=0x11ff8bbe0
138388000: system.cpu T0 : 0x1200176b0    : stq        r9,8(r30)       : MemWrite :  D=0x0000000000000000 A=0x11ff8bb98
138388000: system.cpu T0 : 0x1200176b4    : stq        r10,16(r30)     : MemWrite :  D=0x0000000000000000 A=0x11ff8bba0
138388000: system.cpu T0 : 0x1200176b8    : bis        r31,r16,r9      : IntAlu :  D=0x0000000000000002
138389000: system.cpu T0 : 0x1200176bc    : cmpeq      r9,2,r9         : IntAlu :  D=0x0000000000000001
138795000: system.cpu T0 : 0x1200176c0    : stq        r11,24(r30)     : MemWrite :  D=0x0000000000000000 A=0x11ff8bba8
138795000: system.cpu T0 : 0x1200176c4    : stq        r15,56(r30)     : MemWrite :  D=0x0000000000000000 A=0x11ff8bbc8
138795000: system.cpu T0 : 0x1200176c8    : bis        r31,r17,r11     : IntAlu :  D=0x000000011ff92008
138795000: system.cpu T0 : 0x1200176cc    : stq        r12,32(r30)     : MemWrite :  D=0x000000012001e450 A=0x11ff8bbb0
138796000: system.cpu T0 : 0x1200176d0    : stq        r13,40(r30)     : MemWrite :  D=0x000000012001e4c0 A=0x11ff8bbb8
138796000: system.cpu T0 : 0x1200176d4    : stq        r14,48(r30)     : MemWrite :  D=0x0000000000000000 A=0x11ff8bbc0
138796000: system.cpu T0 : 0x1200176d8    : lda        r15,-27856(r29) : IntAlu :  D=0x00000001200c1b58
138796000: system.cpu T0 : 0x1200176dc    : bsr        r26,0x120010f78 : IntAlu :  D=0x00000001200176e0
139226000: system.cpu T0 : 0x120010f78    : ldah       r1,-4(r29)      : IntAlu :  D=0x0000000120088828
139649000: system.cpu T0 : 0x120010f7c    : ldq        r3,-32576(r29)  : MemRead :  D=0x00000001200c17e8 A=0x1200c08e8
139649000: system.cpu T0 : 0x120010f80    : lda        r30,-16(r30)    : IntAlu :  D=0x000000011ff8bb80
139658000: system.cpu T0 : 0x120010f84    : ldq        r2,-31592(r29)  : MemRead :  D=0x00000001200c180c A=0x1200c0cc0
139658000: system.cpu T0 : 0x120010f88    : lds        f10,14164(r1)   : MemRead :  A=0x12008bf7c
140087000: system.cpu T0 : 0x120010f88    : lds        f10,14164(r1)   : MemRead :  D=0x3ff0000000000000 A=0x12008bf7c
140087000: system.cpu T0 : 0x120010f8c    : ldah       r1,46(r31)      : IntAlu :  D=0x00000000002e0000
140087000: system.cpu T0 : 0x120010f90    : stq        r26,0(r30)      : MemWrite :  D=0x00000001200176e0 A=0x11ff8bb80
140087000: system.cpu T0 : 0x120010f94    : lda        r4,1(r31)       : IntAlu :  D=0x0000000000000001
140088000: system.cpu T0 : 0x120010f98    : lda        r1,-14656(r1)   : IntAlu :  D=0x00000000002dc6c0
140511000: system.cpu T0 : 0x120010f9c    : ldq        r16,-30912(r29) : MemRead :  D=0x0000000120125bec A=0x1200c0f68
140511000: system.cpu T0 : 0x120010fa0    : nop        (ldq_u      r31,0(r30)) : No_OpClass : 
140511000: system.cpu T0 : 0x120010fa4    : ldah       r17,-4(r29)     : IntAlu :  D=0x0000000120088828
140511000: system.cpu T0 : 0x120010fa8    : stl        r1,0(r3)        : MemWrite :  D=0x00000000002dc6c0 A=0x1200c17e8
140529000: system.cpu T0 : 0x120010fac    : ldq        r3,-30584(r29)  : MemRead :  D=0x00000001200c1818 A=0x1200c10b0
140529000: system.cpu T0 : 0x120010fb0    : ldah       r1,3(r31)       : IntAlu :  D=0x0000000000030000
140529000: system.cpu T0 : 0x120010fb4    : lda        r17,31644(r17)  : IntAlu :  D=0x00000001200903c4
140529000: system.cpu T0 : 0x120010fb8    : lda        r1,3392(r1)     : IntAlu :  D=0x0000000000030d40
140530000: system.cpu T0 : 0x120010fbc    : lda        r18,110(r31)    : IntAlu :  D=0x000000000000006e
140530000: system.cpu T0 : 0x120010fc0    : sts        f10,0(r2)       : MemWrite :  D=0x000000003f800000 A=0x1200c180c
140530000: system.cpu T0 : 0x120010fc4    : ldah       r2,15(r31)      : IntAlu :  D=0x00000000000f0000
140530000: system.cpu T0 : 0x120010fc8    : lda        r2,16960(r2)    : IntAlu :  D=0x00000000000f4240
140531000: system.cpu T0 : 0x120010fcc    : stl        r2,0(r3)        : MemWrite :  D=0x00000000000f4240 A=0x1200c1818
140962000: system.cpu T0 : 0x120010fd0    : ldq        r2,-30264(r29)  : MemRead :  D=0x00000001200c1824 A=0x1200c11f0
140980000: system.cpu T0 : 0x120010fd4    : ldq        r3,-32440(r29)  : MemRead :  D=0x00000001200c17ec A=0x1200c0970
140980000: system.cpu T0 : 0x120010fd8    : stl        r1,0(r2)        : MemWrite :  D=0x0000000000030d40 A=0x1200c1824
141386000: system.cpu T0 : 0x120010fdc    : ldq        r1,-30520(r29)  : MemRead :  D=0x00000001200c181c A=0x1200c10f0
141395000: system.cpu T0 : 0x120010fe0    : ldq        r2,-32072(r29)  : MemRead :  D=0x00000001200c17f0 A=0x1200c0ae0
141395000: system.cpu T0 : 0x120010fe4    : stl        r4,0(r3)        : MemWrite :  D=0x0000000000000001 A=0x1200c17ec
141395000: system.cpu T0 : 0x120010fe8    : stl        r4,0(r1)        : MemWrite :  D=0x0000000000000001 A=0x1200c181c
141812000: system.cpu T0 : 0x120010fec    : ldq        r1,-30176(r29)  : MemRead :  D=0x00000001200c1828 A=0x1200c1248
141812000: system.cpu T0 : 0x120010ff0    : stl        r4,0(r2)        : MemWrite :  D=0x0000000000000001 A=0x1200c17f0
141825000: system.cpu T0 : 0x120010ff4    : ldq        r2,-31672(r29)  : MemRead :  D=0x00000001200c1808 A=0x1200c0c70
141825000: system.cpu T0 : 0x120010ff8    : stl        r31,0(r1)       : MemWrite :  D=0x0000000000000000 A=0x1200c1828
142236000: system.cpu T0 : 0x120010ffc    : ldq        r1,-31928(r29)  : MemRead :  D=0x00000001200c17f4 A=0x1200c0b70
142236000: system.cpu T0 : 0x120011000    : stl        r4,0(r2)        : MemWrite :  D=0x0000000000000001 A=0x1200c1808
142263000: system.cpu T0 : 0x120011004    : ldq        r2,-31856(r29)  : MemRead :  D=0x00000001200c17f8 A=0x1200c0bb8
142263000: system.cpu T0 : 0x120011008    : stl        r4,0(r1)        : MemWrite :  D=0x0000000000000001 A=0x1200c17f4
142662000: system.cpu T0 : 0x12001100c    : ldq        r1,-31016(r29)  : MemRead :  D=0x00000001200c1810 A=0x1200c0f00
142662000: system.cpu T0 : 0x120011010    : stl        r31,0(r2)       : MemWrite :  D=0x0000000000000000 A=0x1200c17f8
142692000: system.cpu T0 : 0x120011014    : ldq        r2,-30384(r29)  : MemRead :  D=0x00000001200c1820 A=0x1200c1178
142692000: system.cpu T0 : 0x120011018    : stl        r31,0(r1)       : MemWrite :  D=0x0000000000000000 A=0x1200c1810
142693000: system.cpu T0 : 0x12001101c    : stl        r31,0(r2)       : MemWrite :  D=0x0000000000000000 A=0x1200c1820
142693000: system.cpu T0 : 0x120011020    : bsr        r26,0x12001f7b8 : IntAlu :  D=0x0000000120011024
142693000: system.cpu T0 : 0x12001f7b8    : lda        r30,-128(r30)   : IntAlu :  D=0x000000011ff8bb00
142693000: system.cpu T0 : 0x12001f7bc    : stq        r26,0(r30)      : MemWrite :  D=0x0000000120011024 A=0x11ff8bb00
142694000: system.cpu T0 : 0x12001f7c0    : stq        r18,96(r30)     : MemWrite :  D=0x000000000000006e A=0x11ff8bb60
142694000: system.cpu T0 : 0x12001f7c4    : stq        r19,104(r30)    : MemWrite :  D=0x0000000000000000 A=0x11ff8bb68
142694000: system.cpu T0 : 0x12001f7c8    : stq        r20,112(r30)    : MemWrite :  D=0x00000001200c1a28 A=0x11ff8bb70
142694000: system.cpu T0 : 0x12001f7cc    : stq        r21,120(r30)    : MemWrite :  D=0x00000001200c1a60 A=0x11ff8bb78
142695000: system.cpu T0 : 0x12001f7d0    : stt        f18,48(r30)     : MemWrite :  D=0x0000000000000000 A=0x11ff8bb30
142695000: system.cpu T0 : 0x12001f7d4    : stt        f19,56(r30)     : MemWrite :  D=0x0000000000000000 A=0x11ff8bb38
142695000: system.cpu T0 : 0x12001f7d8    : stt        f20,64(r30)     : MemWrite :  D=0x0000000000000000 A=0x11ff8bb40
142695000: system.cpu T0 : 0x12001f7dc    : stt        f21,72(r30)     : MemWrite :  D=0x0000000000000000 A=0x11ff8bb48
142696000: system.cpu T0 : 0x12001f7e0    : lda        r18,80(r30)     : IntAlu :  D=0x000000011ff8bb50
142697000: system.cpu T0 : 0x12001f7e4    : stq        r18,16(r30)     : MemWrite :  D=0x000000011ff8bb50 A=0x11ff8bb10
142697000: system.cpu T0 : 0x12001f7e8    : lda        r1,16(r31)      : IntAlu :  D=0x0000000000000010
142698000: system.cpu T0 : 0x12001f7ec    : stl        r1,24(r30)      : MemWrite :  D=0x0000000000000010 A=0x11ff8bb18
143124000: system.cpu T0 : 0x12001f7f0    : ldq        r19,24(r30)     : MemRead :  D=0x0000000000000010 A=0x11ff8bb18
143124000: system.cpu T0 : 0x12001f7f4    : nop        (ldq_u      r31,0(r30)) : No_OpClass : 
143124000: system.cpu T0 : 0x12001f7f8    : bsr        r26,0x120020864 : IntAlu :  D=0x000000012001f7fc
143552000: system.cpu T0 : 0x120020864    : lda        r30,-288(r30)   : IntAlu :  D=0x000000011ff8b9e0
143552000: system.cpu T0 : 0x120020868    : stq        r26,0(r30)      : MemWrite :  D=0x000000012001f7fc A=0x11ff8b9e0
143552000: system.cpu T0 : 0x12002086c    : stq        r9,8(r30)       : MemWrite :  D=0x0000000000000001 A=0x11ff8b9e8
143552000: system.cpu T0 : 0x120020870    : stq        r10,16(r30)     : MemWrite :  D=0x0000000000000000 A=0x11ff8b9f0
143553000: system.cpu T0 : 0x120020874    : bis        r31,r16,r9      : IntAlu :  D=0x0000000120125bec
143553000: system.cpu T0 : 0x120020878    : bis        r31,r17,r10     : IntAlu :  D=0x00000001200903c4
143553000: system.cpu T0 : 0x12002087c    : stq        r18,272(r30)    : MemWrite :  D=0x000000011ff8bb50 A=0x11ff8baf0
143976000: system.cpu T0 : 0x120020880    : stq        r19,280(r30)    : MemWrite :  D=0x0000000000000010 A=0x11ff8baf8
143976000: system.cpu T0 : 0x120020884    : stq        r31,168(r30)    : MemWrite :  D=0x0000000000000000 A=0x11ff8ba88
143976000: system.cpu T0 : 0x120020888    : lda        r16,32(r30)     : IntAlu :  D=0x000000011ff8ba00
143976000: system.cpu T0 : 0x12002088c    : ldah       r17,1(r31)      : IntAlu :  D=0x0000000000010000
143977000: system.cpu T0 : 0x120020890    : lda        r17,-32768(r17) : IntAlu :  D=0x0000000000008000
143977000: system.cpu T0 : 0x120020894    : lda        r18,-1(r31)     : IntAlu :  D=0xffffffffffffffff
143977000: system.cpu T0 : 0x120020898    : bis        r31,r31,r19     : IntAlu :  D=0x0000000000000000
143977000: system.cpu T0 : 0x12002089c    : bis        r31,r31,r20     : IntAlu :  D=0x0000000000000000
143978000: system.cpu T0 : 0x1200208a0    : nop        (ldq_u      r31,0(r30)) : No_OpClass : 
143978000: system.cpu T0 : 0x1200208a4    : bsr        r26,0x120025424 : IntAlu :  D=0x00000001200208a8
144411000: system.cpu T0 : 0x120025424    : lda        r30,-48(r30)    : IntAlu :  D=0x000000011ff8b9b0
144411000: system.cpu T0 : 0x120025428    : stq        r26,0(r30)      : MemWrite :  D=0x00000001200208a8 A=0x11ff8b9b0
144411000: system.cpu T0 : 0x12002542c    : stq        r9,8(r30)       : MemWrite :  D=0x0000000120125bec A=0x11ff8b9b8
144411000: system.cpu T0 : 0x120025430    : stq        r10,16(r30)     : MemWrite :  D=0x00000001200903c4 A=0x11ff8b9c0
144412000: system.cpu T0 : 0x120025434    : stq        r11,24(r30)     : MemWrite :  D=0x000000011ff92008 A=0x11ff8b9c8
144412000: system.cpu T0 : 0x120025438    : stq        r12,32(r30)     : MemWrite :  D=0x000000012001e450 A=0x11ff8b9d0
144412000: system.cpu T0 : 0x12002543c    : bis        r31,r16,r10     : IntAlu :  D=0x000000011ff8ba00
144835000: system.cpu T0 : 0x120025440    : bis        r31,r18,r9      : IntAlu :  D=0xffffffffffffffff
144835000: system.cpu T0 : 0x120025444    : bis        r31,r19,r11     : IntAlu :  D=0x0000000000000000
144835000: system.cpu T0 : 0x120025448    : bis        r31,r20,r12     : IntAlu :  D=0x0000000000000000
144835000: system.cpu T0 : 0x12002544c    : bsr        r26,_IO_old_init : IntAlu :  D=0x0000000120025450
145260000: system.cpu T0 : 0x1200253bc    : ldah       r1,-1107(r31)   : IntAlu :  D=0xfffffffffbad0000
145269000: system.cpu T0 : 0x1200253c0    : bis        r17,r1,r17      : IntAlu :  D=0xfffffffffbad8000
145270000: system.cpu T0 : 0x1200253c4    : stl        r17,0(r16)      : MemWrite :  D=0x00000000fbad8000 A=0x11ff8ba00
145270000: system.cpu T0 : 0x1200253c8    : stl        r31,116(r16)    : MemWrite :  D=0x0000000000000000 A=0x11ff8ba74
145270000: system.cpu T0 : 0x1200253cc    : stq        r31,56(r16)     : MemWrite :  D=0x0000000000000000 A=0x11ff8ba38
145270000: system.cpu T0 : 0x1200253d0    : stq        r31,64(r16)     : MemWrite :  D=0x0000000000000000 A=0x11ff8ba40
145271000: system.cpu T0 : 0x1200253d4    : stq        r31,24(r16)     : MemWrite :  D=0x0000000000000000 A=0x11ff8ba18
145271000: system.cpu T0 : 0x1200253d8    : stq        r31,8(r16)      : MemWrite :  D=0x0000000000000000 A=0x11ff8ba08
145271000: system.cpu T0 : 0x1200253dc    : stq        r31,16(r16)     : MemWrite :  D=0x0000000000000000 A=0x11ff8ba10
145271000: system.cpu T0 : 0x1200253e0    : stq        r31,32(r16)     : MemWrite :  D=0x0000000000000000 A=0x11ff8ba20
145272000: system.cpu T0 : 0x1200253e4    : stq        r31,40(r16)     : MemWrite :  D=0x0000000000000000 A=0x11ff8ba28
145272000: system.cpu T0 : 0x1200253e8    : stq        r31,48(r16)     : MemWrite :  D=0x0000000000000000 A=0x11ff8ba30
145272000: system.cpu T0 : 0x1200253ec    : stq        r31,104(r16)    : MemWrite :  D=0x0000000000000000 A=0x11ff8ba68
145272000: system.cpu T0 : 0x1200253f0    : stq        r31,72(r16)     : MemWrite :  D=0x0000000000000000 A=0x11ff8ba48
145273000: system.cpu T0 : 0x1200253f4    : stq        r31,80(r16)     : MemWrite :  D=0x0000000000000000 A=0x11ff8ba50
145273000: system.cpu T0 : 0x1200253f8    : stq        r31,88(r16)     : MemWrite :  D=0x0000000000000000 A=0x11ff8ba58
145273000: system.cpu T0 : 0x1200253fc    : stq        r31,96(r16)     : MemWrite :  D=0x0000000000000000 A=0x11ff8ba60
145273000: system.cpu T0 : 0x120025400    : stw        r31,128(r16)    : MemWrite :  D=0x0000000000000000 A=0x11ff8ba80
145275000: system.cpu T0 : 0x120025404    : ldq        r1,136(r16)     : MemRead :  D=0x0000000000000000 A=0x11ff8ba88
145277000: system.cpu T0 : 0x120025408    : beq        r1,0x120025418  : IntAlu : 
145280000: system.cpu T0 : 0x120025418    : ret        (r26)           : IntAlu : 
145282000: system.cpu T0 : 0x120025450    : stl        r9,192(r10)     : MemWrite :  D=0x00000000ffffffff A=0x11ff8bac0
145282000: system.cpu T0 : 0x120025454    : blt        r9,0x1200254b8  : IntAlu : 
145714000: system.cpu T0 : 0x1200254b8    : stq        r31,168(r10)    : MemWrite :  D=0x0000000000000000 A=0x11ff8baa8
145716000: system.cpu T0 : 0x1200254bc    : ldq        r26,0(r30)      : MemRead :  D=0x00000001200208a8 A=0x11ff8b9b0
145724000: system.cpu T0 : 0x1200254c0    : ldq        r9,8(r30)       : MemRead :  D=0x0000000120125bec A=0x11ff8b9b8
145725000: system.cpu T0 : 0x1200254c4    : ldq        r10,16(r30)     : MemRead :  D=0x00000001200903c4 A=0x11ff8b9c0
145725000: system.cpu T0 : 0x1200254c8    : ldq        r11,24(r30)     : MemRead :  D=0x000000011ff92008 A=0x11ff8b9c8
145725000: system.cpu T0 : 0x1200254cc    : ldq        r12,32(r30)     : MemRead :  D=0x000000012001e450 A=0x11ff8b9d0
145725000: system.cpu T0 : 0x1200254d0    : lda        r30,48(r30)     : IntAlu :  D=0x000000011ff8b9e0
145726000: system.cpu T0 : 0x1200254d4    : ret        (r26)           : IntAlu : 
145739000: system.cpu T0 : 0x1200208a8    : nop        (ldq_u      r31,0(r30)) : No_OpClass : 
145739000: system.cpu T0 : 0x1200208ac    : nop        (ldq_u      r31,0(r30)) : No_OpClass : 
146169000: system.cpu T0 : 0x1200208b0    : ldq        r1,-31616(r29)  : MemRead :  D=0x00000001200be480 A=0x1200c0ca8
146171000: system.cpu T0 : 0x1200208b4    : stq        r1,248(r30)     : MemWrite :  D=0x00000001200be480 A=0x11ff8bad8
146171000: system.cpu T0 : 0x1200208b8    : lda        r16,32(r30)     : IntAlu :  D=0x000000011ff8ba00
146171000: system.cpu T0 : 0x1200208bc    : bis        r31,r9,r17      : IntAlu :  D=0x0000000120125bec
146171000: system.cpu T0 : 0x1200208c0    : lda        r18,-1(r31)     : IntAlu :  D=0xffffffffffffffff
146172000: system.cpu T0 : 0x1200208c4    : bis        r31,r9,r19      : IntAlu :  D=0x0000000120125bec
146172000: system.cpu T0 : 0x1200208c8    : nop        (ldq_u      r31,0(r30)) : No_OpClass : 
146172000: system.cpu T0 : 0x1200208cc    : bsr        r26,0x1200279d0 : IntAlu :  D=0x00000001200208d0
146601000: system.cpu T0 : 0x1200279d0    : lda        r30,-48(r30)    : IntAlu :  D=0x000000011ff8b9b0
146601000: system.cpu T0 : 0x1200279d4    : stq        r26,0(r30)      : MemWrite :  D=0x00000001200208d0 A=0x11ff8b9b0
146601000: system.cpu T0 : 0x1200279d8    : stq        r9,8(r30)       : MemWrite :  D=0x0000000120125bec A=0x11ff8b9b8
146601000: system.cpu T0 : 0x1200279dc    : stq        r10,16(r30)     : MemWrite :  D=0x00000001200903c4 A=0x11ff8b9c0
146602000: system.cpu T0 : 0x1200279e0    : stq        r11,24(r30)     : MemWrite :  D=0x000000011ff92008 A=0x11ff8b9c8
146602000: system.cpu T0 : 0x1200279e4    : stq        r12,32(r30)     : MemWrite :  D=0x000000012001e450 A=0x11ff8b9d0
146602000: system.cpu T0 : 0x1200279e8    : bis        r31,r16,r10     : IntAlu :  D=0x000000011ff8ba00
146602000: system.cpu T0 : 0x1200279ec    : bis        r31,r17,r9      : IntAlu :  D=0x0000000120125bec
146603000: system.cpu T0 : 0x1200279f0    : bis        r31,r19,r12     : IntAlu :  D=0x0000000120125bec
146603000: system.cpu T0 : 0x1200279f4    : bne        r18,0x120027a18 : IntAlu : 
147027000: system.cpu T0 : 0x120027a18    : addq       r17,r18,r11     : IntAlu :  D=0x0000000120125beb
147028000: system.cpu T0 : 0x120027a1c    : cmpule     r11,r17,r1      : IntAlu :  D=0x0000000000000001
147028000: system.cpu T0 : 0x120027a20    : lda        r2,-1(r31)      : IntAlu :  D=0xffffffffffffffff
147029000: system.cpu T0 : 0x120027a24    : cmovne     r1,r2,r11       : IntAlu :  D=0xffffffffffffffff
147029000: system.cpu T0 : 0x120027a28    : bis        r31,r10,r16     : IntAlu :  D=0x000000011ff8ba00
147029000: system.cpu T0 : 0x120027a2c    : bis        r31,r9,r17      : IntAlu :  D=0x0000000120125bec
147030000: system.cpu T0 : 0x120027a30    : bis        r31,r11,r18     : IntAlu :  D=0xffffffffffffffff
147030000: system.cpu T0 : 0x120027a34    : bis        r31,r31,r19     : IntAlu :  D=0x0000000000000000
147030000: system.cpu T0 : 0x120027a38    : nop        (ldq_u      r31,0(r30)) : No_OpClass : 
147030000: system.cpu T0 : 0x120027a3c    : bsr        r26,0x1200258f0 : IntAlu :  D=0x0000000120027a40
147462000: system.cpu T0 : 0x1200258f0    : lda        r30,-48(r30)    : IntAlu :  D=0x000000011ff8b980
147462000: system.cpu T0 : 0x1200258f4    : stq        r26,0(r30)      : MemWrite :  D=0x0000000120027a40 A=0x11ff8b980
147462000: system.cpu T0 : 0x1200258f8    : stq        r9,8(r30)       : MemWrite :  D=0x0000000120125bec A=0x11ff8b988
147462000: system.cpu T0 : 0x1200258fc    : stq        r10,16(r30)     : MemWrite :  D=0x000000011ff8ba00 A=0x11ff8b990
147471000: system.cpu T0 : 0x120025900    : stq        r11,24(r30)     : MemWrite :  D=0xffffffffffffffff A=0x11ff8b998
147471000: system.cpu T0 : 0x120025904    : stq        r12,32(r30)     : MemWrite :  D=0x0000000120125bec A=0x11ff8b9a0
147471000: system.cpu T0 : 0x120025908    : bis        r31,r16,r9      : IntAlu :  D=0x000000011ff8ba00
147471000: system.cpu T0 : 0x12002590c    : bis        r31,r17,r10     : IntAlu :  D=0x0000000120125bec
147472000: system.cpu T0 : 0x120025910    : bis        r31,r18,r11     : IntAlu :  D=0xffffffffffffffff
147472000: system.cpu T0 : 0x120025914    : bis        r31,r19,r12     : IntAlu :  D=0x0000000000000000
147473000: system.cpu T0 : 0x120025918    : ldq        r16,56(r16)     : MemRead :  D=0x0000000000000000 A=0x11ff8ba38
147475000: system.cpu T0 : 0x12002591c    : beq        r16,0x12002594c : IntAlu : 
147901000: system.cpu T0 : 0x12002594c    : stq        r10,56(r9)      : MemWrite :  D=0x0000000120125bec A=0x11ff8ba38
147901000: system.cpu T0 : 0x120025950    : stq        r11,64(r9)      : MemWrite :  D=0xffffffffffffffff A=0x11ff8ba40
147901000: system.cpu T0 : 0x120025954    : beq        r12,0x120025968 : IntAlu : 
147905000: system.cpu T0 : 0x120025968    : ldl        r1,0(r9)        : MemRead :  D=0x00000000fbad8000 A=0x11ff8ba00
147907000: system.cpu T0 : 0x12002596c    : bis        r1,1,r1         : IntAlu :  D=0xfffffffffbad8001
147908000: system.cpu T0 : 0x120025970    : stl        r1,0(r9)        : MemWrite :  D=0x00000000fbad8001 A=0x11ff8ba00
147910000: system.cpu T0 : 0x120025974    : ldq        r26,0(r30)      : MemRead :  D=0x0000000120027a40 A=0x11ff8b980
147910000: system.cpu T0 : 0x120025978    : ldq        r9,8(r30)       : MemRead :  D=0x0000000120125bec A=0x11ff8b988
147910000: system.cpu T0 : 0x12002597c    : ldq        r10,16(r30)     : MemRead :  D=0x000000011ff8ba00 A=0x11ff8b990
148329000: system.cpu T0 : 0x120025980    : ldq        r11,24(r30)     : MemRead :  D=0xffffffffffffffff A=0x11ff8b998
148330000: system.cpu T0 : 0x120025984    : ldq        r12,32(r30)     : MemRead :  D=0x0000000120125bec A=0x11ff8b9a0
148330000: system.cpu T0 : 0x120025988    : lda        r30,48(r30)     : IntAlu :  D=0x000000011ff8b9b0
148330000: system.cpu T0 : 0x12002598c    : ret        (r26)           : IntAlu : 
148331000: system.cpu T0 : 0x120027a40    : nop        (ldq_u      r31,0(r30)) : No_OpClass : 
148331000: system.cpu T0 : 0x120027a44    : nop        (ldq_u      r31,0(r30)) : No_OpClass : 
148331000: system.cpu T0 : 0x120027a48    : stq        r9,32(r10)      : MemWrite :  D=0x0000000120125bec A=0x11ff8ba20
148331000: system.cpu T0 : 0x120027a4c    : stq        r9,24(r10)      : MemWrite :  D=0x0000000120125bec A=0x11ff8ba18
148332000: system.cpu T0 : 0x120027a50    : stq        r9,8(r10)       : MemWrite :  D=0x0000000120125bec A=0x11ff8ba08
148332000: system.cpu T0 : 0x120027a54    : beq        r12,0x120027a68 : IntAlu : 
148332000: system.cpu T0 : 0x120027a58    : stq        r12,40(r10)     : MemWrite :  D=0x0000000120125bec A=0x11ff8ba28
148332000: system.cpu T0 : 0x120027a5c    : stq        r11,48(r10)     : MemWrite :  D=0xffffffffffffffff A=0x11ff8ba30
148333000: system.cpu T0 : 0x120027a60    : stq        r12,16(r10)     : MemWrite :  D=0x0000000120125bec A=0x11ff8ba10
148333000: system.cpu T0 : 0x120027a64    : br         0x120027a74     : IntAlu : 
148336000: system.cpu T0 : 0x120027a74    : stq        r31,224(r10)    : MemWrite :  D=0x0000000000000000 A=0x11ff8bae0
148338000: system.cpu T0 : 0x120027a78    : ldq        r26,0(r30)      : MemRead :  D=0x00000001200208d0 A=0x11ff8b9b0
148338000: system.cpu T0 : 0x120027a7c    : ldq        r9,8(r30)       : MemRead :  D=0x0000000120125bec A=0x11ff8b9b8
148759000: system.cpu T0 : 0x120027a80    : ldq        r10,16(r30)     : MemRead :  D=0x00000001200903c4 A=0x11ff8b9c0
148760000: system.cpu T0 : 0x120027a84    : ldq        r11,24(r30)     : MemRead :  D=0x000000011ff92008 A=0x11ff8b9c8
148760000: system.cpu T0 : 0x120027a88    : ldq        r12,32(r30)     : MemRead :  D=0x000000012001e450 A=0x11ff8b9d0
148760000: system.cpu T0 : 0x120027a8c    : lda        r30,48(r30)     : IntAlu :  D=0x000000011ff8b9e0
148760000: system.cpu T0 : 0x120027a90    : ret        (r26)           : IntAlu : 
148774000: system.cpu T0 : 0x1200208d0    : nop        (ldq_u      r31,0(r30)) : No_OpClass : 
148774000: system.cpu T0 : 0x1200208d4    : nop        (ldq_u      r31,0(r30)) : No_OpClass : 
148774000: system.cpu T0 : 0x1200208d8    : lda        r16,32(r30)     : IntAlu :  D=0x000000011ff8ba00
148774000: system.cpu T0 : 0x1200208dc    : bis        r31,r10,r17     : IntAlu :  D=0x00000001200903c4
148776000: system.cpu T0 : 0x1200208e0    : ldq        r18,272(r30)    : MemRead :  D=0x000000011ff8bb50 A=0x11ff8baf0
148777000: system.cpu T0 : 0x1200208e4    : ldq        r19,280(r30)    : MemRead :  D=0x0000000000000010 A=0x11ff8baf8
148777000: system.cpu T0 : 0x1200208e8    : nop        (ldq_u      r31,0(r30)) : No_OpClass : 
148777000: system.cpu T0 : 0x1200208ec    : bsr        r26,0x120047778 : IntAlu :  D=0x00000001200208f0
149205000: system.cpu T0 : 0x120047778    : lda        r30,-1888(r30)  : IntAlu :  D=0x000000011ff8b280
149205000: system.cpu T0 : 0x12004777c    : stq        r26,0(r30)      : MemWrite :  D=0x00000001200208f0 A=0x11ff8b280
149214000: system.cpu T0 : 0x120047780    : stq        r9,8(r30)       : MemWrite :  D=0x0000000120125bec A=0x11ff8b288
149214000: system.cpu T0 : 0x120047784    : stq        r10,16(r30)     : MemWrite :  D=0x00000001200903c4 A=0x11ff8b290
149214000: system.cpu T0 : 0x120047788    : stq        r11,24(r30)     : MemWrite :  D=0x000000011ff92008 A=0x11ff8b298
149214000: system.cpu T0 : 0x12004778c    : stq        r12,32(r30)     : MemWrite :  D=0x000000012001e450 A=0x11ff8b2a0
149215000: system.cpu T0 : 0x120047790    : stq        r13,40(r30)     : MemWrite :  D=0x000000012001e4c0 A=0x11ff8b2a8
149215000: system.cpu T0 : 0x120047794    : stq        r14,48(r30)     : MemWrite :  D=0x0000000000000000 A=0x11ff8b2b0
149215000: system.cpu T0 : 0x120047798    : stq        r15,56(r30)     : MemWrite :  D=0x00000001200c1b58 A=0x11ff8b2b8
149215000: system.cpu T0 : 0x12004779c    : bis        r31,r30,r15     : IntAlu :  D=0x000000011ff8b280
149216000: system.cpu T0 : 0x1200477a0    : bis        r31,r16,r10     : IntAlu :  D=0x000000011ff8ba00
149216000: system.cpu T0 : 0x1200477a4    : stq        r17,1776(r15)   : MemWrite :  D=0x00000001200903c4 A=0x11ff8b970
149216000: system.cpu T0 : 0x1200477a8    : stq        r18,1264(r15)   : MemWrite :  D=0x000000011ff8bb50 A=0x11ff8b770
149216000: system.cpu T0 : 0x1200477ac    : stq        r19,1272(r15)   : MemWrite :  D=0x0000000000000010 A=0x11ff8b778
149217000: system.cpu T0 : 0x1200477b0    : addl       r31,r19,r19     : IntAlu :  D=0x0000000000000010
149218000: system.cpu T0 : 0x1200477b4    : stq        r19,1344(r15)   : MemWrite :  D=0x0000000000000010 A=0x11ff8b7c0
149218000: system.cpu T0 : 0x1200477b8    : stq        r18,1336(r15)   : MemWrite :  D=0x000000011ff8bb50 A=0x11ff8b7b8
149218000: system.cpu T0 : 0x1200477bc    : lda        r1,48(r31)      : IntAlu :  D=0x0000000000000030
149640000: system.cpu T0 : 0x1200477c0    : call_pal   rduniq          : IntAlu :  D=0x000000012033a6b0
149641000: system.cpu T0 : 0x1200477c4    : addq       r0,r1,r0        : IntAlu :  D=0x000000012033a6e0
150065000: system.cpu T0 : 0x1200477c8    : ldl        r0,0(r0)        : MemRead :  D=0x0000000000000000 A=0x12033a6e0
150067000: system.cpu T0 : 0x1200477cc    : stq        r0,1640(r15)    : MemWrite :  D=0x0000000000000000 A=0x11ff8b8e8
150085000: system.cpu T0 : 0x1200477d0    : ldl        r1,192(r16)     : MemRead :  D=0x00000000ffffffff A=0x11ff8bac0
150087000: system.cpu T0 : 0x1200477d4    : bne        r1,0x1200477e4  : IntAlu : 
150090000: system.cpu T0 : 0x1200477e4    : lda        r1,1(r1)        : IntAlu :  D=0x0000000000000000
150091000: system.cpu T0 : 0x1200477e8    : bne        r1,0x12004bab8  : IntAlu : 
150092000: system.cpu T0 : 0x1200477ec    : ldl        r2,0(r10)       : MemRead :  D=0x00000000fbad8001 A=0x11ff8ba00
150094000: system.cpu T0 : 0x1200477f0    : and        r2,8,r1         : IntAlu :  D=0x0000000000000000
150095000: system.cpu T0 : 0x1200477f4    : addl       r31,r1,r1       : IntAlu :  D=0x0000000000000000
150096000: system.cpu T0 : 0x1200477f8    : beq        r1,0x120047818  : IntAlu : 
150519000: system.cpu T0 : 0x120047818    : ldq        r1,1776(r15)    : MemRead :  D=0x00000001200903c4 A=0x11ff8b970
150521000: system.cpu T0 : 0x12004781c    : bne        r1,0x12004783c  : IntAlu : 
150525000: system.cpu T0 : 0x12004783c    : ldl        r1,192(r10)     : MemRead :  D=0x00000000ffffffff A=0x11ff8bac0
150947000: system.cpu T0 : 0x120047840    : lda        r1,1(r1)        : IntAlu :  D=0x0000000000000000
150948000: system.cpu T0 : 0x120047844    : bne        r1,0x12004bab8  : IntAlu : 
150948000: system.cpu T0 : 0x120047848    : and        r2,2,r1         : IntAlu :  D=0x0000000000000000
150949000: system.cpu T0 : 0x12004784c    : addl       r31,r1,r1       : IntAlu :  D=0x0000000000000000
150950000: system.cpu T0 : 0x120047850    : beq        r1,0x120047880  : IntAlu : 
151389000: system.cpu T0 : 0x120047880    : ldq        r4,1344(r15)    : MemRead :  D=0x0000000000000010 A=0x11ff8b7c0
151391000: system.cpu T0 : 0x120047884    : stl        r4,1272(r15)    : MemWrite :  D=0x0000000000000010 A=0x11ff8b778
151393000: system.cpu T0 : 0x120047888    : ldq        r1,1336(r15)    : MemRead :  D=0x000000011ff8bb50 A=0x11ff8b7b8
151395000: system.cpu T0 : 0x12004788c    : stq        r1,1264(r15)    : MemWrite :  D=0x000000011ff8bb50 A=0x11ff8b770
151395000: system.cpu T0 : 0x120047890    : stq        r1,1080(r15)    : MemWrite :  D=0x000000011ff8bb50 A=0x11ff8b6b8
151397000: system.cpu T0 : 0x120047894    : ldq        r1,1272(r15)    : MemRead :  D=0x0000000000000010 A=0x11ff8b778
151399000: system.cpu T0 : 0x120047898    : stq        r1,1088(r15)    : MemWrite :  D=0x0000000000000010 A=0x11ff8b6c0
151399000: system.cpu T0 : 0x12004789c    : lda        r17,1072(r15)   : IntAlu :  D=0x000000011ff8b6b0
151399000: system.cpu T0 : 0x1200478a0    : stq        r31,0(r17)      : MemWrite :  D=0x0000000000000000 A=0x11ff8b6b0
151400000: system.cpu T0 : 0x1200478a4    : ldq        r16,1776(r15)   : MemRead :  D=0x00000001200903c4 A=0x11ff8b970
151400000: system.cpu T0 : 0x1200478a8    : nop        (ldq_u      r31,0(r30)) : No_OpClass : 
151400000: system.cpu T0 : 0x1200478ac    : bsr        r26,0x120056864 : IntAlu :  D=0x00000001200478b0
151839000: system.cpu T0 : 0x120056864    : lda        r30,-32(r30)    : IntAlu :  D=0x000000011ff8b260
151839000: system.cpu T0 : 0x120056868    : stq        r26,0(r30)      : MemWrite :  D=0x00000001200478b0 A=0x11ff8b260
151839000: system.cpu T0 : 0x12005686c    : stq        r9,8(r30)       : MemWrite :  D=0x0000000120125bec A=0x11ff8b268
151839000: system.cpu T0 : 0x120056870    : stq        r10,16(r30)     : MemWrite :  D=0x000000011ff8ba00 A=0x11ff8b270
151840000: system.cpu T0 : 0x120056874    : stq        r11,24(r30)     : MemWrite :  D=0x000000011ff92008 A=0x11ff8b278
151840000: system.cpu T0 : 0x120056878    : bis        r31,r16,r9      : IntAlu :  D=0x00000001200903c4
151840000: system.cpu T0 : 0x12005687c    : bis        r31,r17,r10     : IntAlu :  D=0x000000011ff8b6b0
152263000: system.cpu T0 : 0x120056880    : lda        r1,16(r31)      : IntAlu :  D=0x0000000000000010
152266000: system.cpu T0 : 0x120056884    : call_pal   rduniq          : IntAlu :  D=0x000000012033a6b0
152267000: system.cpu T0 : 0x120056888    : addq       r0,r1,r11       : IntAlu :  D=0x000000012033a6c0
152267000: system.cpu T0 : 0x12005688c    : br         0x1200568e0     : IntAlu : 
152701000: system.cpu T0 : 0x1200568e0    : ldbu       r1,0(r9)        : MemRead :  A=0x1200903c4
153131000: system.cpu T0 : 0x1200568e0    : ldbu       r1,0(r9)        : MemRead :  D=0x0000000000000025 A=0x1200903c4
153133000: system.cpu T0 : 0x1200568e4    : cmpult     r31,r1,r2       : IntAlu :  D=0x0000000000000001
153133000: system.cpu T0 : 0x1200568e8    : cmpeq      r1,37,r1        : IntAlu :  D=0x0000000000000001
153134000: system.cpu T0 : 0x1200568ec    : cmpeq      r1,0,r1         : IntAlu :  D=0x0000000000000000
153135000: system.cpu T0 : 0x1200568f0    : and        r1,r2,r1        : IntAlu :  D=0x0000000000000000
153136000: system.cpu T0 : 0x1200568f4    : bne        r1,0x120056890  : IntAlu : 
153136000: system.cpu T0 : 0x1200568f8    : bis        r31,r9,r0       : IntAlu :  D=0x00000001200903c4
153137000: system.cpu T0 : 0x1200568fc    : ldq        r26,0(r30)      : MemRead :  D=0x00000001200478b0 A=0x11ff8b260
153138000: system.cpu T0 : 0x120056900    : ldq        r9,8(r30)       : MemRead :  D=0x0000000120125bec A=0x11ff8b268
153138000: system.cpu T0 : 0x120056904    : ldq        r10,16(r30)     : MemRead :  D=0x000000011ff8ba00 A=0x11ff8b270
153139000: system.cpu T0 : 0x120056908    : ldq        r11,24(r30)     : MemRead :  D=0x000000011ff92008 A=0x11ff8b278
153139000: system.cpu T0 : 0x12005690c    : lda        r30,32(r30)     : IntAlu :  D=0x000000011ff8b280
153139000: system.cpu T0 : 0x120056910    : ret        (r26)           : IntAlu : 
153140000: system.cpu T0 : 0x1200478b0    : nop        (ldq_u      r31,0(r30)) : No_OpClass : 
153140000: system.cpu T0 : 0x1200478b4    : nop        (ldq_u      r31,0(r30)) : No_OpClass : 
153140000: system.cpu T0 : 0x1200478b8    : stq        r0,1664(r15)    : MemWrite :  D=0x00000001200903c4 A=0x11ff8b900
153140000: system.cpu T0 : 0x1200478bc    : stq        r0,64(r15)      : MemWrite :  D=0x00000001200903c4 A=0x11ff8b2c0
153563000: system.cpu T0 : 0x1200478c0    : ldah       r2,1(r31)       : IntAlu :  D=0x0000000000010000
153564000: system.cpu T0 : 0x1200478c4    : lda        r2,-32768(r2)   : IntAlu :  D=0x0000000000008000
153565000: system.cpu T0 : 0x1200478c8    : ldl        r1,0(r10)       : MemRead :  D=0x00000000fbad8001 A=0x11ff8ba00
153567000: system.cpu T0 : 0x1200478cc    : and        r1,r2,r1        : IntAlu :  D=0x0000000000008000
153568000: system.cpu T0 : 0x1200478d0    : addl       r31,r1,r1       : IntAlu :  D=0x0000000000008000
153568000: system.cpu T0 : 0x1200478d4    : stq        r31,1624(r15)   : MemWrite :  D=0x0000000000000000 A=0x11ff8b8d8
153569000: system.cpu T0 : 0x1200478d8    : bne        r1,0x120047994  : IntAlu : 
154010000: system.cpu T0 : 0x120047994    : stq        r10,1768(r15)   : MemWrite :  D=0x000000011ff8ba00 A=0x11ff8b968
154012000: system.cpu T0 : 0x120047998    : ldq        r12,1664(r15)   : MemRead :  D=0x00000001200903c4 A=0x11ff8b900
154012000: system.cpu T0 : 0x12004799c    : ldq        r11,1776(r15)   : MemRead :  D=0x00000001200903c4 A=0x11ff8b970
154014000: system.cpu T0 : 0x1200479a0    : subq       r12,r11,r9      : IntAlu :  D=0x0000000000000000
154441000: system.cpu T0 : 0x1200479a4    : ldq        r1,216(r10)     : MemRead :  D=0x00000001200be480 A=0x11ff8bad8
154870000: system.cpu T0 : 0x1200479a8    : ldq        r27,56(r1)      : MemRead :  D=0x0000000120025c04 A=0x1200be4b8
154870000: system.cpu T0 : 0x1200479ac    : bis        r31,r10,r16     : IntAlu :  D=0x000000011ff8ba00
154870000: system.cpu T0 : 0x1200479b0    : bis        r31,r11,r17     : IntAlu :  D=0x00000001200903c4
154870000: system.cpu T0 : 0x1200479b4    : bis        r31,r9,r18      : IntAlu :  D=0x0000000000000000
154872000: system.cpu T0 : 0x1200479b8    : jsr        r26,(r27)       : IntAlu :  D=0x00000001200479bc
155302000: system.cpu T0 : 0x120025c04    : ldah       r29,10(r27)     : IntAlu :  D=0x00000001200c5c04
155303000: system.cpu T0 : 0x120025c08    : lda        r29,11300(r29)  : IntAlu :  D=0x00000001200c8828
155303000: system.cpu T0 : 0x120025c0c    : lda        r30,-64(r30)    : IntAlu :  D=0x000000011ff8b240
155303000: system.cpu T0 : 0x120025c10    : stq        r26,0(r30)      : MemWrite :  D=0x00000001200479bc A=0x11ff8b240
155303000: system.cpu T0 : 0x120025c14    : stq        r9,8(r30)       : MemWrite :  D=0x0000000000000000 A=0x11ff8b248
155304000: system.cpu T0 : 0x120025c18    : stq        r10,16(r30)     : MemWrite :  D=0x000000011ff8ba00 A=0x11ff8b250
155304000: system.cpu T0 : 0x120025c1c    : stq        r11,24(r30)     : MemWrite :  D=0x00000001200903c4 A=0x11ff8b258
155304000: system.cpu T0 : 0x120025c20    : stq        r12,32(r30)     : MemWrite :  D=0x00000001200903c4 A=0x11ff8b260
155304000: system.cpu T0 : 0x120025c24    : stq        r13,40(r30)     : MemWrite :  D=0x000000012001e4c0 A=0x11ff8b268
155305000: system.cpu T0 : 0x120025c28    : stq        r14,48(r30)     : MemWrite :  D=0x0000000000000000 A=0x11ff8b270
155305000: system.cpu T0 : 0x120025c2c    : bis        r31,r16,r12     : IntAlu :  D=0x000000011ff8ba00
155305000: system.cpu T0 : 0x120025c30    : bis        r31,r18,r13     : IntAlu :  D=0x0000000000000000
155305000: system.cpu T0 : 0x120025c34    : bis        r31,r17,r10     : IntAlu :  D=0x00000001200903c4
155306000: system.cpu T0 : 0x120025c38    : bis        r31,r18,r11     : IntAlu :  D=0x0000000000000000
155306000: system.cpu T0 : 0x120025c3c    : bis        r31,r31,r0      : IntAlu :  D=0x0000000000000000
155729000: system.cpu T0 : 0x120025c40    : beq        r18,0x120025d08 : IntAlu : 
156156000: system.cpu T0 : 0x120025d08    : ldq        r26,0(r30)      : MemRead :  D=0x00000001200479bc A=0x11ff8b240
156157000: system.cpu T0 : 0x120025d0c    : ldq        r9,8(r30)       : MemRead :  D=0x0000000000000000 A=0x11ff8b248
156157000: system.cpu T0 : 0x120025d10    : ldq        r10,16(r30)     : MemRead :  D=0x000000011ff8ba00 A=0x11ff8b250
156157000: system.cpu T0 : 0x120025d14    : ldq        r11,24(r30)     : MemRead :  D=0x00000001200903c4 A=0x11ff8b258
156157000: system.cpu T0 : 0x120025d18    : ldq        r12,32(r30)     : MemRead :  D=0x00000001200903c4 A=0x11ff8b260
156158000: system.cpu T0 : 0x120025d1c    : ldq        r13,40(r30)     : MemRead :  D=0x000000012001e4c0 A=0x11ff8b268
156159000: system.cpu T0 : 0x120025d20    : ldq        r14,48(r30)     : MemRead :  D=0x0000000000000000 A=0x11ff8b270
156159000: system.cpu T0 : 0x120025d24    : lda        r30,64(r30)     : IntAlu :  D=0x000000011ff8b280
156159000: system.cpu T0 : 0x120025d28    : ret        (r26)           : IntAlu : 
156160000: system.cpu T0 : 0x1200479bc    : ldah       r29,8(r26)      : IntAlu :  D=0x00000001200c79bc
156161000: system.cpu T0 : 0x1200479c0    : lda        r29,3692(r29)   : IntAlu :  D=0x00000001200c8828
156161000: system.cpu T0 : 0x1200479c4    : cmpeq      r9,r0,r9        : IntAlu :  D=0x0000000000000001
156162000: system.cpu T0 : 0x1200479c8    : beq        r9,0x12004bc10  : IntAlu : 
156162000: system.cpu T0 : 0x1200479cc    : subl       r12,r11,r12     : IntAlu :  D=0x0000000000000000
156175000: system.cpu T0 : 0x1200479d0    : ldq        r1,64(r15)      : MemRead :  D=0x00000001200903c4 A=0x11ff8b2c0
156604000: system.cpu T0 : 0x1200479d4    : ldbu       r1,0(r1)        : MemRead :  D=0x0000000000000025 A=0x1200903c4
156606000: system.cpu T0 : 0x1200479d8    : beq        r1,0x12004ba28  : IntAlu : 
156606000: system.cpu T0 : 0x1200479dc    : stq        r31,1680(r15)   : MemWrite :  D=0x0000000000000000 A=0x11ff8b910
156606000: system.cpu T0 : 0x1200479e0    : lda        r2,-1(r31)      : IntAlu :  D=0xffffffffffffffff
156607000: system.cpu T0 : 0x1200479e4    : stq        r2,1672(r15)    : MemWrite :  D=0xffffffffffffffff A=0x11ff8b908
156607000: system.cpu T0 : 0x1200479e8    : stq        r31,1648(r15)   : MemWrite :  D=0x0000000000000000 A=0x11ff8b8f0
156607000: system.cpu T0 : 0x1200479ec    : stq        r31,1632(r15)   : MemWrite :  D=0x0000000000000000 A=0x11ff8b8e0
156607000: system.cpu T0 : 0x1200479f0    : ldah       r1,-3(r29)      : IntAlu :  D=0x0000000120098828
156608000: system.cpu T0 : 0x1200479f4    : lda        r1,31112(r1)    : IntAlu :  D=0x00000001200a01b0
156609000: system.cpu T0 : 0x1200479f8    : stq        r1,1808(r15)    : MemWrite :  D=0x00000001200a01b0 A=0x11ff8b990
156609000: system.cpu T0 : 0x1200479fc    : ldah       r1,-3(r29)      : IntAlu :  D=0x0000000120098828
157031000: system.cpu T0 : 0x120047a00    : lda        r1,30872(r1)    : IntAlu :  D=0x00000001200a00c0
157032000: system.cpu T0 : 0x120047a04    : stq        r1,1816(r15)    : MemWrite :  D=0x00000001200a00c0 A=0x11ff8b998
157032000: system.cpu T0 : 0x120047a08    : ldah       r1,-8(r29)      : IntAlu :  D=0x0000000120048828
157033000: system.cpu T0 : 0x120047a0c    : lda        r1,4020(r1)     : IntAlu :  D=0x00000001200497dc
157034000: system.cpu T0 : 0x120047a10    : stq        r1,1824(r15)    : MemWrite :  D=0x00000001200497dc A=0x11ff8b9a0
157037000: system.cpu T0 : 0x120047a14    : call_pal   rduniq          : IntAlu :  D=0x000000012033a6b0
157037000: system.cpu T0 : 0x120047a18    : lda        r1,40(r31)      : IntAlu :  D=0x0000000000000028
157038000: system.cpu T0 : 0x120047a1c    : addq       r0,r1,r1        : IntAlu :  D=0x000000012033a6d8
157039000: system.cpu T0 : 0x120047a20    : stq        r1,1832(r15)    : MemWrite :  D=0x000000012033a6d8 A=0x11ff8b9a8
157039000: system.cpu T0 : 0x120047a24    : ldah       r1,-3(r29)      : IntAlu :  D=0x0000000120098828
157040000: system.cpu T0 : 0x120047a28    : lda        r1,30632(r1)    : IntAlu :  D=0x000000012009ffd0
157041000: system.cpu T0 : 0x120047a2c    : stq        r1,1840(r15)    : MemWrite :  D=0x000000012009ffd0 A=0x11ff8b9b0
157041000: system.cpu T0 : 0x120047a30    : ldah       r1,-3(r29)      : IntAlu :  D=0x0000000120098828
157042000: system.cpu T0 : 0x120047a34    : lda        r1,30392(r1)    : IntAlu :  D=0x000000012009fee0
157043000: system.cpu T0 : 0x120047a38    : stq        r1,1848(r15)    : MemWrite :  D=0x000000012009fee0 A=0x11ff8b9b8
157043000: system.cpu T0 : 0x120047a3c    : lda        r1,96(r31)      : IntAlu :  D=0x0000000000000060
157469000: system.cpu T0 : 0x120047a40    : addq       r0,r1,r1        : IntAlu :  D=0x000000012033a710
157470000: system.cpu T0 : 0x120047a44    : stq        r1,1856(r15)    : MemWrite :  D=0x000000012033a710 A=0x11ff8b9c0
157470000: system.cpu T0 : 0x120047a48    : lda        r1,16(r31)      : IntAlu :  D=0x0000000000000010
157471000: system.cpu T0 : 0x120047a4c    : addq       r0,r1,r1        : IntAlu :  D=0x000000012033a6c0
157472000: system.cpu T0 : 0x120047a50    : stq        r1,1864(r15)    : MemWrite :  D=0x000000012033a6c0 A=0x11ff8b9c8
157473000: system.cpu T0 : 0x120047a54    : ldq        r3,1824(r15)    : MemRead :  D=0x00000001200497dc A=0x11ff8b9a0
157475000: system.cpu T0 : 0x120047a58    : stq        r3,1872(r15)    : MemWrite :  D=0x00000001200497dc A=0x11ff8b9d0
157488000: system.cpu T0 : 0x120047a5c    : ldq        r1,64(r15)      : MemRead :  D=0x00000001200903c4 A=0x11ff8b2c0
157490000: system.cpu T0 : 0x120047a60    : lda        r1,1(r1)        : IntAlu :  D=0x00000001200903c5
157491000: system.cpu T0 : 0x120047a64    : stq        r1,64(r15)      : MemWrite :  D=0x00000001200903c5 A=0x11ff8b2c0
157504000: system.cpu T0 : 0x120047a68    : ldbu       r1,0(r1)        : MemRead :  D=0x0000000000000075 A=0x1200903c5
157506000: system.cpu T0 : 0x120047a6c    : sextb      r1,r4           : IntAlu :  D=0x0000000000000075
157507000: system.cpu T0 : 0x120047a70    : stq        r4,1512(r15)    : MemWrite :  D=0x0000000000000075 A=0x11ff8b868
157507000: system.cpu T0 : 0x120047a74    : lda        r1,-32(r1)      : IntAlu :  D=0x0000000000000055
157508000: system.cpu T0 : 0x120047a78    : and        r1,255,r1       : IntAlu :  D=0x0000000000000055
157509000: system.cpu T0 : 0x120047a7c    : cmpule     r1,90,r1        : IntAlu :  D=0x0000000000000001
157906000: system.cpu T0 : 0x120047a80    : ldq        r2,1824(r15)    : MemRead :  D=0x00000001200497dc A=0x11ff8b9a0
157906000: system.cpu T0 : 0x120047a84    : beq        r1,0x120047aa4  : IntAlu : 
157934000: system.cpu T0 : 0x120047a88    : ldq        r2,1512(r15)    : MemRead :  D=0x0000000000000075 A=0x11ff8b868
157934000: system.cpu T0 : 0x120047a8c    : ldq        r3,1808(r15)    : MemRead :  D=0x00000001200a01b0 A=0x11ff8b990
157936000: system.cpu T0 : 0x120047a90    : s4addq     r2,r3,r1        : IntAlu :  D=0x00000001200a0384
158362000: system.cpu T0 : 0x120047a94    : ldl        r1,-128(r1)     : MemRead :  D=0x0000000000000010 A=0x1200a0304
158362000: system.cpu T0 : 0x120047a98    : ldq        r4,1816(r15)    : MemRead :  D=0x00000001200a00c0 A=0x11ff8b998
158364000: system.cpu T0 : 0x120047a9c    : s8addq     r1,r4,r1        : IntAlu :  D=0x00000001200a0140
158800000: system.cpu T0 : 0x120047aa0    : ldq        r2,0(r1)        : MemRead :  D=0x000000012004853c A=0x1200a0140
158800000: system.cpu T0 : 0x120047aa4    : lda        r9,1072(r15)    : IntAlu :  D=0x000000011ff8b6b0
158800000: system.cpu T0 : 0x120047aa8    : stq        r31,1656(r15)   : MemWrite :  D=0x0000000000000000 A=0x11ff8b8f8
158800000: system.cpu T0 : 0x120047aac    : stq        r31,1608(r15)   : MemWrite :  D=0x0000000000000000 A=0x11ff8b8c8
158801000: system.cpu T0 : 0x120047ab0    : stq        r31,1600(r15)   : MemWrite :  D=0x0000000000000000 A=0x11ff8b8c0
158801000: system.cpu T0 : 0x120047ab4    : stq        r31,1592(r15)   : MemWrite :  D=0x0000000000000000 A=0x11ff8b8b8
158801000: system.cpu T0 : 0x120047ab8    : stq        r31,1584(r15)   : MemWrite :  D=0x0000000000000000 A=0x11ff8b8b0
158801000: system.cpu T0 : 0x120047abc    : stq        r31,1576(r15)   : MemWrite :  D=0x0000000000000000 A=0x11ff8b8a8
158802000: system.cpu T0 : 0x120047ac0    : stq        r31,1568(r15)   : MemWrite :  D=0x0000000000000000 A=0x11ff8b8a0
158802000: system.cpu T0 : 0x120047ac4    : stq        r31,1560(r15)   : MemWrite :  D=0x0000000000000000 A=0x11ff8b898
158802000: system.cpu T0 : 0x120047ac8    : stq        r31,1552(r15)   : MemWrite :  D=0x0000000000000000 A=0x11ff8b890
158802000: system.cpu T0 : 0x120047acc    : stq        r31,1544(r15)   : MemWrite :  D=0x0000000000000000 A=0x11ff8b888
158803000: system.cpu T0 : 0x120047ad0    : stq        r31,1280(r15)   : MemWrite :  D=0x0000000000000000 A=0x11ff8b780
158803000: system.cpu T0 : 0x120047ad4    : lda        r1,-1(r31)      : IntAlu :  D=0xffffffffffffffff
158804000: system.cpu T0 : 0x120047ad8    : stq        r1,1304(r15)    : MemWrite :  D=0xffffffffffffffff A=0x11ff8b798
158804000: system.cpu T0 : 0x120047adc    : stq        r31,1528(r15)   : MemWrite :  D=0x0000000000000000 A=0x11ff8b878
158804000: system.cpu T0 : 0x120047ae0    : lda        r3,32(r31)      : IntAlu :  D=0x0000000000000020
158805000: system.cpu T0 : 0x120047ae4    : stq        r3,1520(r15)    : MemWrite :  D=0x0000000000000020 A=0x11ff8b870
158805000: system.cpu T0 : 0x120047ae8    : ldah       r1,-3(r29)      : IntAlu :  D=0x0000000120098828
158806000: system.cpu T0 : 0x120047aec    : lda        r1,30152(r1)    : IntAlu :  D=0x000000012009fdf0
158807000: system.cpu T0 : 0x120047af0    : stq        r1,1784(r15)    : MemWrite :  D=0x000000012009fdf0 A=0x11ff8b978
158807000: system.cpu T0 : 0x120047af4    : ldah       r1,-3(r29)      : IntAlu :  D=0x0000000120098828
158808000: system.cpu T0 : 0x120047af8    : lda        r1,29672(r1)    : IntAlu :  D=0x000000012009fc10
158809000: system.cpu T0 : 0x120047afc    : stq        r1,1792(r15)    : MemWrite :  D=0x000000012009fc10 A=0x11ff8b980
159241000: system.cpu T0 : 0x120047b00    : ldah       r1,-3(r29)      : IntAlu :  D=0x0000000120098828
159242000: system.cpu T0 : 0x120047b04    : lda        r1,29912(r1)    : IntAlu :  D=0x000000012009fd00
159243000: system.cpu T0 : 0x120047b08    : stq        r1,1800(r15)    : MemWrite :  D=0x000000012009fd00 A=0x11ff8b988
159243000: system.cpu T0 : 0x120047b0c    : jmp        (r2)            : IntAlu : 
159674000: system.cpu T0 : 0x12004853c    : lda        r4,10(r31)      : IntAlu :  D=0x000000000000000a
159683000: system.cpu T0 : 0x120048540    : stq        r4,1616(r15)    : MemWrite :  D=0x000000000000000a A=0x11ff8b8d0
159683000: system.cpu T0 : 0x120048544    : br         0x12004855c     : IntAlu : 
159687000: system.cpu T0 : 0x12004855c    : ldq        r3,1552(r15)    : MemRead :  D=0x0000000000000000 A=0x11ff8b890
159689000: system.cpu T0 : 0x120048560    : beq        r3,0x12004858c  : IntAlu : 
160113000: system.cpu T0 : 0x12004858c    : ldq        r3,1544(r15)    : MemRead :  D=0x0000000000000000 A=0x11ff8b888
160115000: system.cpu T0 : 0x120048590    : beq        r3,0x1200485bc  : IntAlu : 
160119000: system.cpu T0 : 0x1200485bc    : ldq        r3,1560(r15)    : MemRead :  D=0x0000000000000000 A=0x11ff8b898
160541000: system.cpu T0 : 0x1200485c0    : bne        r3,0x1200485f0  : IntAlu : 
160964000: system.cpu T0 : 0x1200485c4    : ldq        r1,1344(r15)    : MemRead :  D=0x0000000000000010 A=0x11ff8b7c0
160966000: system.cpu T0 : 0x1200485c8    : addl       r1,8,r4         : IntAlu :  D=0x0000000000000018
160967000: system.cpu T0 : 0x1200485cc    : stq        r4,1344(r15)    : MemWrite :  D=0x0000000000000018 A=0x11ff8b7c0
160983000: system.cpu T0 : 0x1200485d0    : ldq        r2,1336(r15)    : MemRead :  D=0x000000011ff8bb50 A=0x11ff8b7b8
160985000: system.cpu T0 : 0x1200485d4    : addq       r2,r1,r1        : IntAlu :  D=0x000000011ff8bb60
161412000: system.cpu T0 : 0x1200485d8    : ldl        r1,0(r1)        : MemRead :  D=0x000000000000006e A=0x11ff8bb60
161414000: system.cpu T0 : 0x1200485dc    : zapnot     r1,15,r13       : IntAlu :  D=0x000000000000006e
161414000: system.cpu T0 : 0x1200485e0    : bis        r31,r31,r14     : IntAlu :  D=0x0000000000000000
161414000: system.cpu T0 : 0x1200485e4    : stq        r31,1600(r15)   : MemWrite :  D=0x0000000000000000 A=0x11ff8b8c0
161414000: system.cpu T0 : 0x1200485e8    : stq        r31,1584(r15)   : MemWrite :  D=0x0000000000000000 A=0x11ff8b8b0
161415000: system.cpu T0 : 0x1200485ec    : br         0x120048614     : IntAlu : 
161846000: system.cpu T0 : 0x120048614    : ldq        r1,1304(r15)    : MemRead :  D=0xffffffffffffffff A=0x11ff8b798
161848000: system.cpu T0 : 0x120048618    : bge        r1,0x120048628  : IntAlu : 
161848000: system.cpu T0 : 0x12004861c    : lda        r2,1(r31)       : IntAlu :  D=0x0000000000000001
161849000: system.cpu T0 : 0x120048620    : stq        r2,1304(r15)    : MemWrite :  D=0x0000000000000001 A=0x11ff8b798
161849000: system.cpu T0 : 0x120048624    : br         0x120048674     : IntAlu : 
162274000: system.cpu T0 : 0x120048674    : bis        r31,r13,r16     : IntAlu :  D=0x000000000000006e
162274000: system.cpu T0 : 0x120048678    : bis        r31,r9,r17      : IntAlu :  D=0x000000011ff8b6b0
162275000: system.cpu T0 : 0x12004867c    : ldq        r18,1616(r15)   : MemRead :  D=0x000000000000000a A=0x11ff8b8d0
162295000: system.cpu T0 : 0x120048680    : ldq        r2,1512(r15)    : MemRead :  D=0x0000000000000075 A=0x11ff8b868
162297000: system.cpu T0 : 0x120048684    : cmpeq      r2,88,r19       : IntAlu :  D=0x0000000000000000
162297000: system.cpu T0 : 0x120048688    : nop        (ldq_u      r31,0(r30)) : No_OpClass : 
162297000: system.cpu T0 : 0x12004868c    : bsr        r26,0x120046994 : IntAlu :  D=0x0000000120048690
162707000: system.cpu T0 : 0x120046994    : bis        r31,r16,r24     : IntAlu :  D=0x000000000000006e
162707000: system.cpu T0 : 0x120046998    : bis        r31,r17,r0      : IntAlu :  D=0x000000011ff8b6b0
163138000: system.cpu T0 : 0x12004699c    : ldq        r1,-31200(r29)  : MemRead :  D=0x000000012009f9f8 A=0x1200c0e48
163147000: system.cpu T0 : 0x1200469a0    : ldq        r2,-30648(r29)  : MemRead :  D=0x000000012009fa1c A=0x1200c1070
163147000: system.cpu T0 : 0x1200469a4    : bis        r31,r1,r3       : IntAlu :  D=0x000000012009f9f8
163149000: system.cpu T0 : 0x1200469a8    : cmovne     r19,r2,r3       : IntAlu :  D=0x000000012009f9f8
163149000: system.cpu T0 : 0x1200469ac    : zapnot     r18,15,r2       : IntAlu :  D=0x000000000000000a
163150000: system.cpu T0 : 0x1200469b0    : cmpeq      r2,10,r1        : IntAlu :  D=0x0000000000000001
163151000: system.cpu T0 : 0x1200469b4    : bne        r1,0x1200469d0  : IntAlu : 
163154000: system.cpu T0 : 0x1200469d0    : ldah       r1,-3(r29)      : IntAlu :  D=0x0000000120098828
163578000: system.cpu T0 : 0x1200469d4    : ldq        r4,29128(r1)    : MemRead :  D=0xcccccccccccccccd A=0x12009f9f0
163578000: system.cpu T0 : 0x1200469d8    : lda        r0,-1(r0)       : IntAlu :  D=0x000000011ff8b6af
163580000: system.cpu T0 : 0x1200469dc    : umulh      r24,r4,r1       : IntMult :  D=0x0000000000000058
163582000: system.cpu T0 : 0x1200469e0    : srl        r1,3,r1         : IntAlu :  D=0x000000000000000b
163583000: system.cpu T0 : 0x1200469e4    : s4addq     r1,r1,r2        : IntAlu :  D=0x0000000000000037
163584000: system.cpu T0 : 0x1200469e8    : addq       r2,r2,r2        : IntAlu :  D=0x000000000000006e
163585000: system.cpu T0 : 0x1200469ec    : subq       r24,r2,r2       : IntAlu :  D=0x0000000000000000
163586000: system.cpu T0 : 0x1200469f0    : addq       r3,r2,r2        : IntAlu :  D=0x000000012009f9f8
163588000: system.cpu T0 : 0x1200469f4    : ldbu       r2,0(r2)        : MemRead :  D=0x0000000000000030 A=0x12009f9f8
163590000: system.cpu T0 : 0x1200469f8    : stb        r2,0(r0)        : MemWrite :  D=0x0000000000000030 A=0x11ff8b6af
163590000: system.cpu T0 : 0x1200469fc    : bis        r31,r1,r24      : IntAlu :  D=0x000000000000000b
164010000: system.cpu T0 : 0x120046a00    : bne        r1,0x1200469d8  : IntAlu : 
164013000: system.cpu T0 : 0x1200469d8    : lda        r0,-1(r0)       : IntAlu :  D=0x000000011ff8b6ae
164013000: system.cpu T0 : 0x1200469dc    : umulh      r24,r4,r1       : IntMult :  D=0x0000000000000008
164015000: system.cpu T0 : 0x1200469e0    : srl        r1,3,r1         : IntAlu :  D=0x0000000000000001
164016000: system.cpu T0 : 0x1200469e4    : s4addq     r1,r1,r2        : IntAlu :  D=0x0000000000000005
164017000: system.cpu T0 : 0x1200469e8    : addq       r2,r2,r2        : IntAlu :  D=0x000000000000000a
164018000: system.cpu T0 : 0x1200469ec    : subq       r24,r2,r2       : IntAlu :  D=0x0000000000000001
164019000: system.cpu T0 : 0x1200469f0    : addq       r3,r2,r2        : IntAlu :  D=0x000000012009f9f9
164021000: system.cpu T0 : 0x1200469f4    : ldbu       r2,0(r2)        : MemRead :  D=0x0000000000000031 A=0x12009f9f9
164023000: system.cpu T0 : 0x1200469f8    : stb        r2,0(r0)        : MemWrite :  D=0x0000000000000031 A=0x11ff8b6ae
164023000: system.cpu T0 : 0x1200469fc    : bis        r31,r1,r24      : IntAlu :  D=0x0000000000000001
164023000: system.cpu T0 : 0x120046a00    : bne        r1,0x1200469d8  : IntAlu : 
164026000: system.cpu T0 : 0x1200469d8    : lda        r0,-1(r0)       : IntAlu :  D=0x000000011ff8b6ad
164026000: system.cpu T0 : 0x1200469dc    : umulh      r24,r4,r1       : IntMult :  D=0x0000000000000000
164028000: system.cpu T0 : 0x1200469e0    : srl        r1,3,r1         : IntAlu :  D=0x0000000000000000
164029000: system.cpu T0 : 0x1200469e4    : s4addq     r1,r1,r2        : IntAlu :  D=0x0000000000000000
164030000: system.cpu T0 : 0x1200469e8    : addq       r2,r2,r2        : IntAlu :  D=0x0000000000000000
164031000: system.cpu T0 : 0x1200469ec    : subq       r24,r2,r2       : IntAlu :  D=0x0000000000000001
164032000: system.cpu T0 : 0x1200469f0    : addq       r3,r2,r2        : IntAlu :  D=0x000000012009f9f9
164034000: system.cpu T0 : 0x1200469f4    : ldbu       r2,0(r2)        : MemRead :  D=0x0000000000000031 A=0x12009f9f9
164036000: system.cpu T0 : 0x1200469f8    : stb        r2,0(r0)        : MemWrite :  D=0x0000000000000031 A=0x11ff8b6ad
164036000: system.cpu T0 : 0x1200469fc    : bis        r31,r1,r24      : IntAlu :  D=0x0000000000000000
164036000: system.cpu T0 : 0x120046a00    : bne        r1,0x1200469d8  : IntAlu : 
164039000: system.cpu T0 : 0x120046a04    : ret        (r26)           : IntAlu : 
164041000: system.cpu T0 : 0x120048690    : nop        (ldq_u      r31,0(r30)) : No_OpClass : 
164041000: system.cpu T0 : 0x120048694    : nop        (ldq_u      r31,0(r30)) : No_OpClass : 
164041000: system.cpu T0 : 0x120048698    : bis        r31,r0,r11      : IntAlu :  D=0x000000011ff8b6ad
164055000: system.cpu T0 : 0x12004869c    : ldq        r3,1576(r15)    : MemRead :  D=0x0000000000000000 A=0x11ff8b8a8
164057000: system.cpu T0 : 0x1200486a0    : cmpult     r31,r3,r2       : IntAlu :  D=0x0000000000000000
164058000: system.cpu T0 : 0x1200486a4    : ldq        r4,1672(r15)    : MemRead :  D=0xffffffffffffffff A=0x11ff8b908
164060000: system.cpu T0 : 0x1200486a8    : cmpult     r31,r4,r1       : IntAlu :  D=0x0000000000000001
164061000: system.cpu T0 : 0x1200486ac    : and        r1,r2,r1        : IntAlu :  D=0x0000000000000000
164062000: system.cpu T0 : 0x1200486b0    : beq        r1,0x1200486cc  : IntAlu : 
164481000: system.cpu T0 : 0x1200486cc    : ldq        r1,1528(r15)    : MemRead :  D=0x0000000000000000 A=0x11ff8b878
164483000: system.cpu T0 : 0x1200486d0    : cmpult     r31,r1,r2       : IntAlu :  D=0x0000000000000000
164484000: system.cpu T0 : 0x1200486d4    : ldq        r3,1616(r15)    : MemRead :  D=0x000000000000000a A=0x11ff8b8d0
164486000: system.cpu T0 : 0x1200486d8    : cmpeq      r3,10,r1        : IntAlu :  D=0x0000000000000001
164487000: system.cpu T0 : 0x1200486dc    : and        r1,r2,r1        : IntAlu :  D=0x0000000000000000
164488000: system.cpu T0 : 0x1200486e0    : beq        r1,0x1200486f4  : IntAlu : 
164504000: system.cpu T0 : 0x1200486f4    : ldq        r17,1304(r15)   : MemRead :  D=0x0000000000000001 A=0x11ff8b798
164504000: system.cpu T0 : 0x1200486f8    : stq        r9,1760(r15)    : MemWrite :  D=0x000000011ff8b6b0 A=0x11ff8b960
164504000: system.cpu T0 : 0x1200486fc    : subq       r9,r11,r1       : IntAlu :  D=0x0000000000000003
164921000: system.cpu T0 : 0x120048700    : cmple      r17,r1,r1       : IntAlu :  D=0x0000000000000001
164922000: system.cpu T0 : 0x120048704    : beq        r1,0x120048730  : IntAlu : 
164922000: system.cpu T0 : 0x120048708    : cmpult     r31,r13,r1      : IntAlu :  D=0x0000000000000001
164923000: system.cpu T0 : 0x12004870c    : ldq        r4,1608(r15)    : MemRead :  D=0x0000000000000000 A=0x11ff8b8c8
164925000: system.cpu T0 : 0x120048710    : and        r4,r1,r1        : IntAlu :  D=0x0000000000000000
164926000: system.cpu T0 : 0x120048714    : beq        r1,0x120048730  : IntAlu : 
164929000: system.cpu T0 : 0x120048730    : stq        r11,1328(r15)   : MemWrite :  D=0x000000011ff8b6ad A=0x11ff8b7b0
164931000: system.cpu T0 : 0x120048734    : ldq        r3,1760(r15)    : MemRead :  D=0x000000011ff8b6b0 A=0x11ff8b960
164933000: system.cpu T0 : 0x120048738    : subq       r17,r3,r1       : IntAlu :  D=0xfffffffee0074951
164934000: system.cpu T0 : 0x12004873c    : addq       r1,r11,r1       : IntAlu :  D=0xfffffffffffffffe
165353000: system.cpu T0 : 0x120048740    : cmovlt     r1,0,r1         : IntAlu :  D=0x0000000000000000
165354000: system.cpu T0 : 0x120048744    : addl       r31,r1,r1       : IntAlu :  D=0x0000000000000000
165355000: system.cpu T0 : 0x120048748    : stq        r1,1536(r15)    : MemWrite :  D=0x0000000000000000 A=0x11ff8b880
165357000: system.cpu T0 : 0x12004874c    : ldq        r4,1592(r15)    : MemRead :  D=0x0000000000000000 A=0x11ff8b8b8
165359000: system.cpu T0 : 0x120048750    : bne        r4,0x120048a00  : IntAlu : 
165359000: system.cpu T0 : 0x120048754    : addl       r31,r11,r1      : IntAlu :  D=0x000000001ff8b6ad
165360000: system.cpu T0 : 0x120048758    : stq        r1,1752(r15)    : MemWrite :  D=0x000000001ff8b6ad A=0x11ff8b958
165360000: system.cpu T0 : 0x12004875c    : addl       r31,r3,r2       : IntAlu :  D=0x000000001ff8b6b0
165361000: system.cpu T0 : 0x120048760    : stq        r2,1744(r15)    : MemWrite :  D=0x000000001ff8b6b0 A=0x11ff8b950
165363000: system.cpu T0 : 0x120048764    : ldq        r3,1280(r15)    : MemRead :  D=0x0000000000000000 A=0x11ff8b780
165365000: system.cpu T0 : 0x120048768    : subq       r3,r2,r1        : IntAlu :  D=0xffffffffe0074950
165366000: system.cpu T0 : 0x12004876c    : ldq        r4,1752(r15)    : MemRead :  D=0x000000001ff8b6ad A=0x11ff8b958
165368000: system.cpu T0 : 0x120048770    : addq       r4,r1,r1        : IntAlu :  D=0xfffffffffffffffd
165369000: system.cpu T0 : 0x120048774    : ldq        r2,1536(r15)    : MemRead :  D=0x0000000000000000 A=0x11ff8b880
165371000: system.cpu T0 : 0x120048778    : subl       r1,r2,r9        : IntAlu :  D=0x00000000fffffffd
165371000: system.cpu T0 : 0x12004877c    : cmpult     r31,r13,r1      : IntAlu :  D=0x0000000000000001
165786000: system.cpu T0 : 0x120048780    : ldq        r3,1608(r15)    : MemRead :  D=0x0000000000000000 A=0x11ff8b8c8
165788000: system.cpu T0 : 0x120048784    : and        r3,r1,r13       : IntAlu :  D=0x0000000000000000
165789000: system.cpu T0 : 0x120048788    : beq        r13,0x12004879c : IntAlu : 
165793000: system.cpu T0 : 0x12004879c    : ldq        r2,1600(r15)    : MemRead :  D=0x0000000000000000 A=0x11ff8b8c0
165795000: system.cpu T0 : 0x1200487a0    : bis        r2,r14,r1       : IntAlu :  D=0x0000000000000000
165796000: system.cpu T0 : 0x1200487a4    : ldq        r3,1584(r15)    : MemRead :  D=0x0000000000000000 A=0x11ff8b8b0
165798000: system.cpu T0 : 0x1200487a8    : bis        r1,r3,r1        : IntAlu :  D=0x0000000000000000
165798000: system.cpu T0 : 0x1200487ac    : subl       r9,1,r2         : IntAlu :  D=0x00000000fffffffc
165799000: system.cpu T0 : 0x1200487b0    : cmovne     r1,r2,r9        : IntAlu :  D=0xfffffffffffffffd
165800000: system.cpu T0 : 0x1200487b4    : ldq        r4,1520(r15)    : MemRead :  D=0x0000000000000020 A=0x11ff8b870
165802000: system.cpu T0 : 0x1200487b8    : cmpeq      r4,32,r1        : IntAlu :  D=0x0000000000000001
165803000: system.cpu T0 : 0x1200487bc    : beq        r1,0x1200487f0  : IntAlu : 
166217000: system.cpu T0 : 0x1200487c0    : bgt        r9,0x1200487cc  : IntAlu : 
166217000: system.cpu T0 : 0x1200487c4    : bis        r31,r31,r9      : IntAlu :  D=0x0000000000000000
166218000: system.cpu T0 : 0x1200487c8    : br         0x1200487f0     : IntAlu : 
166221000: system.cpu T0 : 0x1200487f0    : beq        r14,0x120048840 : IntAlu : 
166655000: system.cpu T0 : 0x120048840    : ldq        r1,1584(r15)    : MemRead :  D=0x0000000000000000 A=0x11ff8b8b0
166657000: system.cpu T0 : 0x120048844    : beq        r1,0x120048894  : IntAlu : 
167084000: system.cpu T0 : 0x120048894    : ldq        r2,1600(r15)    : MemRead :  D=0x0000000000000000 A=0x11ff8b8c0
167086000: system.cpu T0 : 0x120048898    : beq        r2,0x1200488e4  : IntAlu : 
167512000: system.cpu T0 : 0x1200488e4    : beq        r13,0x12004898c : IntAlu : 
167946000: system.cpu T0 : 0x12004898c    : ldq        r2,1536(r15)    : MemRead :  D=0x0000000000000000 A=0x11ff8b880
167948000: system.cpu T0 : 0x120048990    : addl       r9,r2,r18       : IntAlu :  D=0x0000000000000000
167949000: system.cpu T0 : 0x120048994    : ble        r18,0x1200489b4 : IntAlu : 
167953000: system.cpu T0 : 0x1200489b4    : ldq        r3,1760(r15)    : MemRead :  D=0x000000011ff8b6b0 A=0x11ff8b960
167954000: system.cpu T0 : 0x1200489b8    : ldq        r4,1328(r15)    : MemRead :  D=0x000000011ff8b6ad A=0x11ff8b7b0
167956000: system.cpu T0 : 0x1200489bc    : subq       r3,r4,r9        : IntAlu :  D=0x0000000000000003
168384000: system.cpu T0 : 0x1200489c0    : ldq        r2,1768(r15)    : MemRead :  D=0x000000011ff8ba00 A=0x11ff8b968
168809000: system.cpu T0 : 0x1200489c4    : ldq        r1,216(r2)      : MemRead :  D=0x00000001200be480 A=0x11ff8bad8
169234000: system.cpu T0 : 0x1200489c8    : ldq        r27,56(r1)      : MemRead :  D=0x0000000120025c04 A=0x1200be4b8
169234000: system.cpu T0 : 0x1200489cc    : bis        r31,r10,r16     : IntAlu :  D=0x000000011ff8ba00
169234000: system.cpu T0 : 0x1200489d0    : bis        r31,r11,r17     : IntAlu :  D=0x000000011ff8b6ad
169234000: system.cpu T0 : 0x1200489d4    : bis        r31,r9,r18      : IntAlu :  D=0x0000000000000003
169236000: system.cpu T0 : 0x1200489d8    : jsr        r26,(r27)       : IntAlu :  D=0x00000001200489dc
169666000: system.cpu T0 : 0x120025c04    : ldah       r29,10(r27)     : IntAlu :  D=0x00000001200c5c04
169667000: system.cpu T0 : 0x120025c08    : lda        r29,11300(r29)  : IntAlu :  D=0x00000001200c8828
169667000: system.cpu T0 : 0x120025c0c    : lda        r30,-64(r30)    : IntAlu :  D=0x000000011ff8b240
169667000: system.cpu T0 : 0x120025c10    : stq        r26,0(r30)      : MemWrite :  D=0x00000001200489dc A=0x11ff8b240
169667000: system.cpu T0 : 0x120025c14    : stq        r9,8(r30)       : MemWrite :  D=0x0000000000000003 A=0x11ff8b248
169668000: system.cpu T0 : 0x120025c18    : stq        r10,16(r30)     : MemWrite :  D=0x000000011ff8ba00 A=0x11ff8b250
169668000: system.cpu T0 : 0x120025c1c    : stq        r11,24(r30)     : MemWrite :  D=0x000000011ff8b6ad A=0x11ff8b258
169668000: system.cpu T0 : 0x120025c20    : stq        r12,32(r30)     : MemWrite :  D=0x0000000000000000 A=0x11ff8b260
169668000: system.cpu T0 : 0x120025c24    : stq        r13,40(r30)     : MemWrite :  D=0x0000000000000000 A=0x11ff8b268
169669000: system.cpu T0 : 0x120025c28    : stq        r14,48(r30)     : MemWrite :  D=0x0000000000000000 A=0x11ff8b270
169669000: system.cpu T0 : 0x120025c2c    : bis        r31,r16,r12     : IntAlu :  D=0x000000011ff8ba00
169669000: system.cpu T0 : 0x120025c30    : bis        r31,r18,r13     : IntAlu :  D=0x0000000000000003
169669000: system.cpu T0 : 0x120025c34    : bis        r31,r17,r10     : IntAlu :  D=0x000000011ff8b6ad
169670000: system.cpu T0 : 0x120025c38    : bis        r31,r18,r11     : IntAlu :  D=0x0000000000000003
169670000: system.cpu T0 : 0x120025c3c    : bis        r31,r31,r0      : IntAlu :  D=0x0000000000000000
170093000: system.cpu T0 : 0x120025c40    : beq        r18,0x120025d08 : IntAlu : 
170096000: system.cpu T0 : 0x120025c44    : bis        r31,r31,r14     : IntAlu :  D=0x0000000000000000
170519000: system.cpu T0 : 0x120025c48    : ldq        r16,40(r12)     : MemRead :  D=0x0000000120125bec A=0x11ff8ba28
170526000: system.cpu T0 : 0x120025c4c    : ldq        r2,48(r12)      : MemRead :  D=0xffffffffffffffff A=0x11ff8ba30
170528000: system.cpu T0 : 0x120025c50    : cmpult     r16,r2,r1       : IntAlu :  D=0x0000000000000001
170529000: system.cpu T0 : 0x120025c54    : beq        r1,0x120025cd0  : IntAlu : 
170529000: system.cpu T0 : 0x120025c58    : subq       r2,r16,r1       : IntAlu :  D=0xfffffffedfeda413
170530000: system.cpu T0 : 0x120025c5c    : cmpult     r11,r1,r2       : IntAlu :  D=0x0000000000000001
170530000: system.cpu T0 : 0x120025c60    : bis        r31,r1,r9       : IntAlu :  D=0xfffffffedfeda413
170531000: system.cpu T0 : 0x120025c64    : cmovne     r2,r11,r9       : IntAlu :  D=0x0000000000000003
170532000: system.cpu T0 : 0x120025c68    : cmpule     r9,20,r1        : IntAlu :  D=0x0000000000000001
170533000: system.cpu T0 : 0x120025c6c    : bne        r1,0x120025c94  : IntAlu : 
170956000: system.cpu T0 : 0x120025c94    : beq        r9,0x120025ccc  : IntAlu : 
170956000: system.cpu T0 : 0x120025c98    : lda        r1,-1(r9)       : IntAlu :  D=0x0000000000000002
170957000: system.cpu T0 : 0x120025c9c    : blt        r1,0x120025cc8  : IntAlu : 
170957000: system.cpu T0 : 0x120025ca0    : bis        r31,r14,r3      : IntAlu :  D=0x0000000000000000
170958000: system.cpu T0 : 0x120025ca4    : addq       r16,r3,r2       : IntAlu :  D=0x0000000120125bec
170958000: system.cpu T0 : 0x120025ca8    : addq       r10,r3,r1       : IntAlu :  D=0x000000011ff8b6ad
171388000: system.cpu T0 : 0x120025cac    : ldbu       r1,0(r1)        : MemRead :  D=0x0000000000000031 A=0x11ff8b6ad
171390000: system.cpu T0 : 0x120025cb0    : stb        r1,0(r2)        : MemWrite :  D=0x0000000000000031 A=0x120125bec
171396000: system.cpu T0 : 0x120025cb0    : stb        r1,0(r2)        : MemWrite :  D=0x0000000000000031 A=0x120125bec
171396000: system.cpu T0 : 0x120025cb4    : lda        r3,1(r3)        : IntAlu :  D=0x0000000000000001
171397000: system.cpu T0 : 0x120025cb8    : cmpeq      r3,r9,r1        : IntAlu :  D=0x0000000000000000
171398000: system.cpu T0 : 0x120025cbc    : beq        r1,0x120025ca4  : IntAlu : 
171401000: system.cpu T0 : 0x120025ca4    : addq       r16,r3,r2       : IntAlu :  D=0x0000000120125bed
171401000: system.cpu T0 : 0x120025ca8    : addq       r10,r3,r1       : IntAlu :  D=0x000000011ff8b6ae
171403000: system.cpu T0 : 0x120025cac    : ldbu       r1,0(r1)        : MemRead :  D=0x0000000000000031 A=0x11ff8b6ae
171405000: system.cpu T0 : 0x120025cb0    : stb        r1,0(r2)        : MemWrite :  D=0x0000000000000031 A=0x120125bed
171405000: system.cpu T0 : 0x120025cb4    : lda        r3,1(r3)        : IntAlu :  D=0x0000000000000002
171406000: system.cpu T0 : 0x120025cb8    : cmpeq      r3,r9,r1        : IntAlu :  D=0x0000000000000000
171407000: system.cpu T0 : 0x120025cbc    : beq        r1,0x120025ca4  : IntAlu : 
171410000: system.cpu T0 : 0x120025ca4    : addq       r16,r3,r2       : IntAlu :  D=0x0000000120125bee
171410000: system.cpu T0 : 0x120025ca8    : addq       r10,r3,r1       : IntAlu :  D=0x000000011ff8b6af
171412000: system.cpu T0 : 0x120025cac    : ldbu       r1,0(r1)        : MemRead :  D=0x0000000000000030 A=0x11ff8b6af
171414000: system.cpu T0 : 0x120025cb0    : stb        r1,0(r2)        : MemWrite :  D=0x0000000000000030 A=0x120125bee
171414000: system.cpu T0 : 0x120025cb4    : lda        r3,1(r3)        : IntAlu :  D=0x0000000000000003
171415000: system.cpu T0 : 0x120025cb8    : cmpeq      r3,r9,r1        : IntAlu :  D=0x0000000000000001
171416000: system.cpu T0 : 0x120025cbc    : beq        r1,0x120025ca4  : IntAlu : 
171420000: system.cpu T0 : 0x120025cc0    : addq       r10,r9,r10      : IntAlu :  D=0x000000011ff8b6b0
171420000: system.cpu T0 : 0x120025cc4    : addq       r16,r9,r16      : IntAlu :  D=0x0000000120125bef
171421000: system.cpu T0 : 0x120025cc8    : stq        r16,40(r12)     : MemWrite :  D=0x0000000120125bef A=0x11ff8ba28
171421000: system.cpu T0 : 0x120025ccc    : subq       r11,r9,r11      : IntAlu :  D=0x0000000000000000
171422000: system.cpu T0 : 0x120025cd0    : beq        r11,0x120025d04 : IntAlu : 
171848000: system.cpu T0 : 0x120025d04    : subq       r13,r11,r0      : IntAlu :  D=0x0000000000000003
171849000: system.cpu T0 : 0x120025d08    : ldq        r26,0(r30)      : MemRead :  D=0x00000001200489dc A=0x11ff8b240
171850000: system.cpu T0 : 0x120025d0c    : ldq        r9,8(r30)       : MemRead :  D=0x0000000000000003 A=0x11ff8b248
171850000: system.cpu T0 : 0x120025d10    : ldq        r10,16(r30)     : MemRead :  D=0x000000011ff8ba00 A=0x11ff8b250
171850000: system.cpu T0 : 0x120025d14    : ldq        r11,24(r30)     : MemRead :  D=0x000000011ff8b6ad A=0x11ff8b258
171851000: system.cpu T0 : 0x120025d18    : ldq        r12,32(r30)     : MemRead :  D=0x0000000000000000 A=0x11ff8b260
171851000: system.cpu T0 : 0x120025d1c    : ldq        r13,40(r30)     : MemRead :  D=0x0000000000000000 A=0x11ff8b268
171852000: system.cpu T0 : 0x120025d20    : ldq        r14,48(r30)     : MemRead :  D=0x0000000000000000 A=0x11ff8b270
171852000: system.cpu T0 : 0x120025d24    : lda        r30,64(r30)     : IntAlu :  D=0x000000011ff8b280
171852000: system.cpu T0 : 0x120025d28    : ret        (r26)           : IntAlu : 
171853000: system.cpu T0 : 0x1200489dc    : ldah       r29,8(r26)      : IntAlu :  D=0x00000001200c89dc
171854000: system.cpu T0 : 0x1200489e0    : lda        r29,-436(r29)   : IntAlu :  D=0x00000001200c8828
171854000: system.cpu T0 : 0x1200489e4    : cmpeq      r9,r0,r9        : IntAlu :  D=0x0000000000000001
171855000: system.cpu T0 : 0x1200489e8    : beq        r9,0x12004ba04  : IntAlu : 
171856000: system.cpu T0 : 0x1200489ec    : ldq        r3,1744(r15)    : MemRead :  D=0x000000001ff8b6b0 A=0x11ff8b950
171857000: system.cpu T0 : 0x1200489f0    : ldq        r4,1752(r15)    : MemRead :  D=0x000000001ff8b6ad A=0x11ff8b958
171859000: system.cpu T0 : 0x1200489f4    : subq       r3,r4,r1        : IntAlu :  D=0x0000000000000003
171860000: system.cpu T0 : 0x1200489f8    : addl       r12,r1,r12      : IntAlu :  D=0x0000000000000003
171860000: system.cpu T0 : 0x1200489fc    : br         0x1200497e8     : IntAlu : 
172301000: system.cpu T0 : 0x1200497e8    : ldq        r4,1656(r15)    : MemRead :  D=0x0000000000000000 A=0x11ff8b8f8
172303000: system.cpu T0 : 0x1200497ec    : beq        r4,0x120049804  : IntAlu : 
173135000: system.cpu T0 : 0x120049804    : ldq        r9,64(r15)      : MemRead :  D=0x00000001200903c5 A=0x11ff8b2c0
173137000: system.cpu T0 : 0x120049808    : lda        r9,1(r9)        : IntAlu :  D=0x00000001200903c6
173138000: system.cpu T0 : 0x12004980c    : stq        r9,64(r15)      : MemWrite :  D=0x00000001200903c6 A=0x11ff8b2c0
173138000: system.cpu T0 : 0x120049810    : bis        r31,r9,r16      : IntAlu :  D=0x00000001200903c6
173138000: system.cpu T0 : 0x120049814    : lda        r17,1072(r15)   : IntAlu :  D=0x000000011ff8b6b0
173138000: system.cpu T0 : 0x120049818    : nop        (ldq_u      r31,0(r30)) : No_OpClass : 
173139000: system.cpu T0 : 0x12004981c    : bsr        r26,0x120056864 : IntAlu :  D=0x0000000120049820
173567000: system.cpu T0 : 0x120056864    : lda        r30,-32(r30)    : IntAlu :  D=0x000000011ff8b260
173567000: system.cpu T0 : 0x120056868    : stq        r26,0(r30)      : MemWrite :  D=0x0000000120049820 A=0x11ff8b260
173567000: system.cpu T0 : 0x12005686c    : stq        r9,8(r30)       : MemWrite :  D=0x00000001200903c6 A=0x11ff8b268
173567000: system.cpu T0 : 0x120056870    : stq        r10,16(r30)     : MemWrite :  D=0x000000011ff8ba00 A=0x11ff8b270
173568000: system.cpu T0 : 0x120056874    : stq        r11,24(r30)     : MemWrite :  D=0x000000011ff8b6ad A=0x11ff8b278
173568000: system.cpu T0 : 0x120056878    : bis        r31,r16,r9      : IntAlu :  D=0x00000001200903c6
173568000: system.cpu T0 : 0x12005687c    : bis        r31,r17,r10     : IntAlu :  D=0x000000011ff8b6b0
173991000: system.cpu T0 : 0x120056880    : lda        r1,16(r31)      : IntAlu :  D=0x0000000000000010
173994000: system.cpu T0 : 0x120056884    : call_pal   rduniq          : IntAlu :  D=0x000000012033a6b0
173995000: system.cpu T0 : 0x120056888    : addq       r0,r1,r11       : IntAlu :  D=0x000000012033a6c0
173995000: system.cpu T0 : 0x12005688c    : br         0x1200568e0     : IntAlu : 
174847000: system.cpu T0 : 0x1200568e0    : ldbu       r1,0(r9)        : MemRead :  D=0x0000000000000000 A=0x1200903c6
174849000: system.cpu T0 : 0x1200568e4    : cmpult     r31,r1,r2       : IntAlu :  D=0x0000000000000000
174849000: system.cpu T0 : 0x1200568e8    : cmpeq      r1,37,r1        : IntAlu :  D=0x0000000000000000
174850000: system.cpu T0 : 0x1200568ec    : cmpeq      r1,0,r1         : IntAlu :  D=0x0000000000000001
174851000: system.cpu T0 : 0x1200568f0    : and        r1,r2,r1        : IntAlu :  D=0x0000000000000000
174852000: system.cpu T0 : 0x1200568f4    : bne        r1,0x120056890  : IntAlu : 
174852000: system.cpu T0 : 0x1200568f8    : bis        r31,r9,r0       : IntAlu :  D=0x00000001200903c6
174853000: system.cpu T0 : 0x1200568fc    : ldq        r26,0(r30)      : MemRead :  D=0x0000000120049820 A=0x11ff8b260
174854000: system.cpu T0 : 0x120056900    : ldq        r9,8(r30)       : MemRead :  D=0x00000001200903c6 A=0x11ff8b268
174854000: system.cpu T0 : 0x120056904    : ldq        r10,16(r30)     : MemRead :  D=0x000000011ff8ba00 A=0x11ff8b270
174855000: system.cpu T0 : 0x120056908    : ldq        r11,24(r30)     : MemRead :  D=0x000000011ff8b6ad A=0x11ff8b278
174855000: system.cpu T0 : 0x12005690c    : lda        r30,32(r30)     : IntAlu :  D=0x000000011ff8b280
174855000: system.cpu T0 : 0x120056910    : ret        (r26)           : IntAlu : 
174856000: system.cpu T0 : 0x120049820    : nop        (ldq_u      r31,0(r30)) : No_OpClass : 
174856000: system.cpu T0 : 0x120049824    : nop        (ldq_u      r31,0(r30)) : No_OpClass : 
174856000: system.cpu T0 : 0x120049828    : stq        r0,64(r15)      : MemWrite :  D=0x00000001200903c6 A=0x11ff8b2c0
174858000: system.cpu T0 : 0x12004982c    : ldq        r2,1768(r15)    : MemRead :  D=0x000000011ff8ba00 A=0x11ff8b968
175286000: system.cpu T0 : 0x120049830    : ldq        r1,216(r2)      : MemRead :  D=0x00000001200be480 A=0x11ff8bad8
175289000: system.cpu T0 : 0x120049834    : ldq        r27,56(r1)      : MemRead :  D=0x0000000120025c04 A=0x1200be4b8
175289000: system.cpu T0 : 0x120049838    : bis        r31,r10,r16     : IntAlu :  D=0x000000011ff8ba00
175289000: system.cpu T0 : 0x12004983c    : bis        r31,r9,r17      : IntAlu :  D=0x00000001200903c6
175289000: system.cpu T0 : 0x120049840    : subq       r0,r9,r18       : IntAlu :  D=0x0000000000000000
175291000: system.cpu T0 : 0x120049844    : jsr        r26,(r27)       : IntAlu :  D=0x0000000120049848
175717000: system.cpu T0 : 0x120025c04    : ldah       r29,10(r27)     : IntAlu :  D=0x00000001200c5c04
175718000: system.cpu T0 : 0x120025c08    : lda        r29,11300(r29)  : IntAlu :  D=0x00000001200c8828
175718000: system.cpu T0 : 0x120025c0c    : lda        r30,-64(r30)    : IntAlu :  D=0x000000011ff8b240
175718000: system.cpu T0 : 0x120025c10    : stq        r26,0(r30)      : MemWrite :  D=0x0000000120049848 A=0x11ff8b240
175718000: system.cpu T0 : 0x120025c14    : stq        r9,8(r30)       : MemWrite :  D=0x00000001200903c6 A=0x11ff8b248
175719000: system.cpu T0 : 0x120025c18    : stq        r10,16(r30)     : MemWrite :  D=0x000000011ff8ba00 A=0x11ff8b250
175719000: system.cpu T0 : 0x120025c1c    : stq        r11,24(r30)     : MemWrite :  D=0x000000011ff8b6ad A=0x11ff8b258
175719000: system.cpu T0 : 0x120025c20    : stq        r12,32(r30)     : MemWrite :  D=0x0000000000000003 A=0x11ff8b260
175719000: system.cpu T0 : 0x120025c24    : stq        r13,40(r30)     : MemWrite :  D=0x0000000000000000 A=0x11ff8b268
175720000: system.cpu T0 : 0x120025c28    : stq        r14,48(r30)     : MemWrite :  D=0x0000000000000000 A=0x11ff8b270
175720000: system.cpu T0 : 0x120025c2c    : bis        r31,r16,r12     : IntAlu :  D=0x000000011ff8ba00
175720000: system.cpu T0 : 0x120025c30    : bis        r31,r18,r13     : IntAlu :  D=0x0000000000000000
175720000: system.cpu T0 : 0x120025c34    : bis        r31,r17,r10     : IntAlu :  D=0x00000001200903c6
175721000: system.cpu T0 : 0x120025c38    : bis        r31,r18,r11     : IntAlu :  D=0x0000000000000000
175721000: system.cpu T0 : 0x120025c3c    : bis        r31,r31,r0      : IntAlu :  D=0x0000000000000000
176144000: system.cpu T0 : 0x120025c40    : beq        r18,0x120025d08 : IntAlu : 
176571000: system.cpu T0 : 0x120025d08    : ldq        r26,0(r30)      : MemRead :  D=0x0000000120049848 A=0x11ff8b240
176572000: system.cpu T0 : 0x120025d0c    : ldq        r9,8(r30)       : MemRead :  D=0x00000001200903c6 A=0x11ff8b248
176572000: system.cpu T0 : 0x120025d10    : ldq        r10,16(r30)     : MemRead :  D=0x000000011ff8ba00 A=0x11ff8b250
176572000: system.cpu T0 : 0x120025d14    : ldq        r11,24(r30)     : MemRead :  D=0x000000011ff8b6ad A=0x11ff8b258
176572000: system.cpu T0 : 0x120025d18    : ldq        r12,32(r30)     : MemRead :  D=0x0000000000000003 A=0x11ff8b260
176573000: system.cpu T0 : 0x120025d1c    : ldq        r13,40(r30)     : MemRead :  D=0x0000000000000000 A=0x11ff8b268
176574000: system.cpu T0 : 0x120025d20    : ldq        r14,48(r30)     : MemRead :  D=0x0000000000000000 A=0x11ff8b270
176574000: system.cpu T0 : 0x120025d24    : lda        r30,64(r30)     : IntAlu :  D=0x000000011ff8b280
176574000: system.cpu T0 : 0x120025d28    : ret        (r26)           : IntAlu : 
176574000: system.cpu T0 : 0x120049848    : ldah       r29,8(r26)      : IntAlu :  D=0x00000001200c9848
176575000: system.cpu T0 : 0x12004984c    : lda        r29,-4128(r29)  : IntAlu :  D=0x00000001200c8828
176576000: system.cpu T0 : 0x120049850    : ldq        r2,64(r15)      : MemRead :  D=0x00000001200903c6 A=0x11ff8b2c0
176578000: system.cpu T0 : 0x120049854    : subq       r2,r9,r1        : IntAlu :  D=0x0000000000000000
176579000: system.cpu T0 : 0x120049858    : cmpeq      r0,r1,r0        : IntAlu :  D=0x0000000000000001
176580000: system.cpu T0 : 0x12004985c    : beq        r0,0x12004bc10  : IntAlu : 
176580000: system.cpu T0 : 0x120049860    : addl       r12,r1,r12      : IntAlu :  D=0x0000000000000003
176593000: system.cpu T0 : 0x120049864    : ldbu       r1,0(r2)        : MemRead :  D=0x0000000000000000 A=0x1200903c6
176595000: system.cpu T0 : 0x120049868    : beq        r1,0x12004ba28  : IntAlu : 
177026000: system.cpu T0 : 0x12004ba28    : ldah       r2,1(r31)       : IntAlu :  D=0x0000000000010000
177027000: system.cpu T0 : 0x12004ba2c    : lda        r2,-32768(r2)   : IntAlu :  D=0x0000000000008000
177028000: system.cpu T0 : 0x12004ba30    : ldl        r1,0(r10)       : MemRead :  D=0x00000000fbad8001 A=0x11ff8ba00
177030000: system.cpu T0 : 0x12004ba34    : and        r1,r2,r1        : IntAlu :  D=0x0000000000008000
177031000: system.cpu T0 : 0x12004ba38    : addl       r31,r1,r1       : IntAlu :  D=0x0000000000008000
177032000: system.cpu T0 : 0x12004ba3c    : bne        r1,0x12004ba94  : IntAlu : 
177472000: system.cpu T0 : 0x12004ba94    : ldq        r1,1624(r15)    : MemRead :  D=0x0000000000000000 A=0x11ff8b8d8
177474000: system.cpu T0 : 0x12004ba98    : beq        r1,0x12004babc  : IntAlu : 
177477000: system.cpu T0 : 0x12004babc    : bis        r31,r12,r0      : IntAlu :  D=0x0000000000000003
177904000: system.cpu T0 : 0x12004bac0    : bis        r31,r15,r30     : IntAlu :  D=0x000000011ff8b280
178328000: system.cpu T0 : 0x12004bac4    : ldq        r26,0(r30)      : MemRead :  D=0x00000001200208f0 A=0x11ff8b280
178335000: system.cpu T0 : 0x12004bac8    : ldq        r9,8(r30)       : MemRead :  D=0x0000000120125bec A=0x11ff8b288
178336000: system.cpu T0 : 0x12004bacc    : ldq        r10,16(r30)     : MemRead :  D=0x00000001200903c4 A=0x11ff8b290
178336000: system.cpu T0 : 0x12004bad0    : ldq        r11,24(r30)     : MemRead :  D=0x000000011ff92008 A=0x11ff8b298
178336000: system.cpu T0 : 0x12004bad4    : ldq        r12,32(r30)     : MemRead :  D=0x000000012001e450 A=0x11ff8b2a0
178336000: system.cpu T0 : 0x12004bad8    : ldq        r13,40(r30)     : MemRead :  D=0x000000012001e4c0 A=0x11ff8b2a8
178337000: system.cpu T0 : 0x12004badc    : ldq        r14,48(r30)     : MemRead :  D=0x0000000000000000 A=0x11ff8b2b0
178338000: system.cpu T0 : 0x12004bae0    : ldq        r15,56(r30)     : MemRead :  D=0x00000001200c1b58 A=0x11ff8b2b8
178338000: system.cpu T0 : 0x12004bae4    : lda        r30,1888(r30)   : IntAlu :  D=0x000000011ff8b9e0
178338000: system.cpu T0 : 0x12004bae8    : ret        (r26)           : IntAlu : 
178340000: system.cpu T0 : 0x1200208f0    : nop        (ldq_u      r31,0(r30)) : No_OpClass : 
178340000: system.cpu T0 : 0x1200208f4    : nop        (ldq_u      r31,0(r30)) : No_OpClass : 
178340000: system.cpu T0 : 0x1200208f8    : bis        r31,r0,r9       : IntAlu :  D=0x0000000000000003
178341000: system.cpu T0 : 0x1200208fc    : ldq        r2,72(r30)      : MemRead :  D=0x0000000120125bef A=0x11ff8ba28
178350000: system.cpu T0 : 0x120020900    : ldq        r1,80(r30)      : MemRead :  D=0xffffffffffffffff A=0x11ff8ba30
178352000: system.cpu T0 : 0x120020904    : cmpult     r2,r1,r1        : IntAlu :  D=0x0000000000000001
178353000: system.cpu T0 : 0x120020908    : bne        r1,0x120020928  : IntAlu : 
178356000: system.cpu T0 : 0x120020928    : stb        r31,0(r2)       : MemWrite :  D=0x0000000000000000 A=0x120125bef
178356000: system.cpu T0 : 0x12002092c    : bis        r31,r9,r0       : IntAlu :  D=0x0000000000000003
178802000: system.cpu T0 : 0x120020930    : ldq        r26,0(r30)      : MemRead :  D=0x000000012001f7fc A=0x11ff8b9e0
178809000: system.cpu T0 : 0x120020934    : ldq        r9,8(r30)       : MemRead :  D=0x0000000000000001 A=0x11ff8b9e8
178810000: system.cpu T0 : 0x120020938    : ldq        r10,16(r30)     : MemRead :  D=0x0000000000000000 A=0x11ff8b9f0
178810000: system.cpu T0 : 0x12002093c    : lda        r30,288(r30)    : IntAlu :  D=0x000000011ff8bb00
178810000: system.cpu T0 : 0x120020940    : ret        (r26)           : IntAlu : 
179212000: system.cpu T0 : 0x12001f7fc    : nop        (ldq_u      r31,0(r30)) : No_OpClass : 
179221000: system.cpu T0 : 0x12001f800    : nop        (ldq_u      r31,0(r30)) : No_OpClass : 
179652000: system.cpu T0 : 0x12001f804    : ldq        r26,0(r30)      : MemRead :  D=0x0000000120011024 A=0x11ff8bb00
179652000: system.cpu T0 : 0x12001f808    : lda        r30,128(r30)    : IntAlu :  D=0x000000011ff8bb80
179654000: system.cpu T0 : 0x12001f80c    : ret        (r26)           : IntAlu : 
179654000: system.cpu T0 : 0x120011024    : nop        (ldq_u      r31,0(r30)) : No_OpClass : 
179654000: system.cpu T0 : 0x120011028    : nop        (ldq_u      r31,0(r30)) : No_OpClass : 
179654000: system.cpu T0 : 0x12001102c    : nop        (ldq_u      r31,0(r30)) : No_OpClass : 
179655000: system.cpu T0 : 0x120011030    : bsr        r26,0x1200029b8 : IntAlu :  D=0x0000000120011034
180084000: system.cpu T0 : 0x1200029b8    : ldah       r1,-4(r29)      : IntAlu :  D=0x0000000120088828
180084000: system.cpu T0 : 0x1200029bc    : lda        r30,-64(r30)    : IntAlu :  D=0x000000011ff8bb40
180093000: system.cpu T0 : 0x1200029c0    : bis        r31,r31,r21     : IntAlu :  D=0x0000000000000000
180525000: system.cpu T0 : 0x1200029c4    : ldq        r0,-31344(r29)  : MemRead :  D=0x00000001200f2790 A=0x1200c0db8
180525000: system.cpu T0 : 0x1200029c8    : lda        r20,23436(r1)   : IntAlu :  D=0x000000012008e3b4
180525000: system.cpu T0 : 0x1200029cc    : stq        r26,0(r30)      : MemWrite :  D=0x0000000120011034 A=0x11ff8bb40
180525000: system.cpu T0 : 0x1200029d0    : stq        r9,8(r30)       : MemWrite :  D=0x0000000000000001 A=0x11ff8bb48
180526000: system.cpu T0 : 0x1200029d4    : stq        r10,16(r30)     : MemWrite :  D=0x0000000000000000 A=0x11ff8bb50
180526000: system.cpu T0 : 0x1200029d8    : stq        r11,24(r30)     : MemWrite :  D=0x000000011ff92008 A=0x11ff8bb58
180526000: system.cpu T0 : 0x1200029dc    : bis        r31,r20,r19     : IntAlu :  D=0x000000012008e3b4
180526000: system.cpu T0 : 0x1200029e0    : stq        r12,32(r30)     : MemWrite :  D=0x000000012001e450 A=0x11ff8bb60
180527000: system.cpu T0 : 0x1200029e4    : stq        r13,40(r30)     : MemWrite :  D=0x000000012001e4c0 A=0x11ff8bb68
180527000: system.cpu T0 : 0x1200029e8    : stq        r14,48(r30)     : MemWrite :  D=0x0000000000000000 A=0x11ff8bb70
180527000: system.cpu T0 : 0x1200029ec    : stq        r15,56(r30)     : MemWrite :  D=0x00000001200c1b58 A=0x11ff8bb78
180950000: system.cpu T0 : 0x1200029f0    : ldq        r28,-31824(r29) : MemRead :  D=0x00000001200de390 A=0x1200c0bd8
180950000: system.cpu T0 : 0x1200029f4    : ldl        r2,0(r20)       : MemRead :  A=0x12008e3b4
181379000: system.cpu T0 : 0x1200029f4    : ldl        r2,0(r20)       : MemRead :  D=0x000000000000001a A=0x12008e3b4
181379000: system.cpu T0 : 0x1200029f8    : addl       r31,r21,r1      : IntAlu :  D=0x0000000000000000
181379000: system.cpu T0 : 0x1200029fc    : bis        r31,r19,r22     : IntAlu :  D=0x000000012008e3b4
181379000: system.cpu T0 : 0x120002a00    : bis        r31,r31,r8      : IntAlu :  D=0x0000000000000000
181380000: system.cpu T0 : 0x120002a04    : sra        r1,3,r25        : IntAlu :  D=0x0000000000000000
181380000: system.cpu T0 : 0x120002a08    : and        r1,7,r24        : IntAlu :  D=0x0000000000000000
181381000: system.cpu T0 : 0x120002a0c    : mulq       r2,144,r23      : IntMult :  D=0x0000000000000ea0
181381000: system.cpu T0 : 0x120002a10    : addl       r31,r8,r1       : IntAlu :  D=0x0000000000000000
181384000: system.cpu T0 : 0x120002a14    : ldl        r5,0(r22)       : MemRead :  D=0x000000000000001a A=0x12008e3b4
181384000: system.cpu T0 : 0x120002a18    : lda        r8,1(r8)        : IntAlu :  D=0x0000000000000001
181384000: system.cpu T0 : 0x120002a1c    : lda        r22,4(r22)      : IntAlu :  D=0x000000012008e3b8
181384000: system.cpu T0 : 0x120002a20    : sra        r1,3,r4         : IntAlu :  D=0x0000000000000000
181385000: system.cpu T0 : 0x120002a24    : and        r1,7,r1         : IntAlu :  D=0x0000000000000000
181385000: system.cpu T0 : 0x120002a28    : cmpeq      r8,64,r7        : IntAlu :  D=0x0000000000000000
181385000: system.cpu T0 : 0x120002a2c    : subq       r24,r1,r1       : IntAlu :  D=0x0000000000000000
181385000: system.cpu T0 : 0x120002a30    : subl       r25,r4,r4       : IntAlu :  D=0x0000000000000000
181386000: system.cpu T0 : 0x120002a34    : subq       r31,r1,r3       : IntAlu :  D=0x0000000000000000
181386000: system.cpu T0 : 0x120002a38    : subq       r31,r4,r2       : IntAlu :  D=0x0000000000000000
181386000: system.cpu T0 : 0x120002a3c    : addq       r23,r5,r5       : IntAlu :  D=0x0000000000000eba
181807000: system.cpu T0 : 0x120002a40    : cmovge     r1,r1,r3        : IntAlu :  D=0x0000000000000000
181807000: system.cpu T0 : 0x120002a44    : cmovge     r4,r4,r2        : IntAlu :  D=0x0000000000000000
181807000: system.cpu T0 : 0x120002a48    : s4addq     r5,0,r5         : IntAlu :  D=0x0000000000003ae8
181808000: system.cpu T0 : 0x120002a4c    : addq       r28,r5,r6       : IntAlu :  D=0x00000001200e1e78
181808000: system.cpu T0 : 0x120002a50    : addq       r0,r5,r5        : IntAlu :  D=0x00000001200f6278
181808000: system.cpu T0 : 0x120002a54    : addl       r31,r3,r3       : IntAlu :  D=0x0000000000000000
181808000: system.cpu T0 : 0x120002a58    : addl       r31,r2,r2       : IntAlu :  D=0x0000000000000000
181809000: system.cpu T0 : 0x120002a5c    : cmple      r2,r3,r1        : IntAlu :  D=0x0000000000000001
181809000: system.cpu T0 : 0x120002a60    : addq       r2,r3,r4        : IntAlu :  D=0x0000000000000000
181810000: system.cpu T0 : 0x120002a64    : cmoveq     r1,r2,r3        : IntAlu :  D=0x0000000000000000
181810000: system.cpu T0 : 0x120002a68    : stl        r4,0(r5)        : MemWrite :  D=0x0000000000000000 A=0x1200f6278
181816000: system.cpu T0 : 0x120002a68    : stl        r4,0(r5)        : MemWrite :  D=0x0000000000000000 A=0x1200f6278
181816000: system.cpu T0 : 0x120002a6c    : stl        r3,0(r6)        : MemWrite :  D=0x0000000000000000 A=0x1200e1e78
181822000: system.cpu T0 : 0x120002a6c    : stl        r3,0(r6)        : MemWrite :  D=0x0000000000000000 A=0x1200e1e78
181822000: system.cpu T0 : 0x120002a70    : beq        r7,0x120002a10  : IntAlu : 
181826000: system.cpu T0 : 0x120002a10    : addl       r31,r8,r1       : IntAlu :  D=0x0000000000000001
181827000: system.cpu T0 : 0x120002a14    : ldl        r5,0(r22)       : MemRead :  D=0x000000000000001b A=0x12008e3b8
181827000: system.cpu T0 : 0x120002a18    : lda        r8,1(r8)        : IntAlu :  D=0x0000000000000002
181827000: system.cpu T0 : 0x120002a1c    : lda        r22,4(r22)      : IntAlu :  D=0x000000012008e3bc
181827000: system.cpu T0 : 0x120002a20    : sra        r1,3,r4         : IntAlu :  D=0x0000000000000000
181828000: system.cpu T0 : 0x120002a24    : and        r1,7,r1         : IntAlu :  D=0x0000000000000001
181828000: system.cpu T0 : 0x120002a28    : cmpeq      r8,64,r7        : IntAlu :  D=0x0000000000000000
181828000: system.cpu T0 : 0x120002a2c    : subq       r24,r1,r1       : IntAlu :  D=0xffffffffffffffff
181828000: system.cpu T0 : 0x120002a30    : subl       r25,r4,r4       : IntAlu :  D=0x0000000000000000
181829000: system.cpu T0 : 0x120002a34    : subq       r31,r1,r3       : IntAlu :  D=0x0000000000000001
181829000: system.cpu T0 : 0x120002a38    : subq       r31,r4,r2       : IntAlu :  D=0x0000000000000000
181829000: system.cpu T0 : 0x120002a3c    : addq       r23,r5,r5       : IntAlu :  D=0x0000000000000ebb
181830000: system.cpu T0 : 0x120002a40    : cmovge     r1,r1,r3        : IntAlu :  D=0x0000000000000001
181830000: system.cpu T0 : 0x120002a44    : cmovge     r4,r4,r2        : IntAlu :  D=0x0000000000000000
181830000: system.cpu T0 : 0x120002a48    : s4addq     r5,0,r5         : IntAlu :  D=0x0000000000003aec
181831000: system.cpu T0 : 0x120002a4c    : addq       r28,r5,r6       : IntAlu :  D=0x00000001200e1e7c
181831000: system.cpu T0 : 0x120002a50    : addq       r0,r5,r5        : IntAlu :  D=0x00000001200f627c
181831000: system.cpu T0 : 0x120002a54    : addl       r31,r3,r3       : IntAlu :  D=0x0000000000000001
181831000: system.cpu T0 : 0x120002a58    : addl       r31,r2,r2       : IntAlu :  D=0x0000000000000000
181832000: system.cpu T0 : 0x120002a5c    : cmple      r2,r3,r1        : IntAlu :  D=0x0000000000000001
181832000: system.cpu T0 : 0x120002a60    : addq       r2,r3,r4        : IntAlu :  D=0x0000000000000001
181833000: system.cpu T0 : 0x120002a64    : cmoveq     r1,r2,r3        : IntAlu :  D=0x0000000000000001
181833000: system.cpu T0 : 0x120002a68    : stl        r4,0(r5)        : MemWrite :  D=0x0000000000000001 A=0x1200f627c
181834000: system.cpu T0 : 0x120002a6c    : stl        r3,0(r6)        : MemWrite :  D=0x0000000000000001 A=0x1200e1e7c
181834000: system.cpu T0 : 0x120002a70    : beq        r7,0x120002a10  : IntAlu : 
181837000: system.cpu T0 : 0x120002a10    : addl       r31,r8,r1       : IntAlu :  D=0x0000000000000002
181838000: system.cpu T0 : 0x120002a14    : ldl        r5,0(r22)       : MemRead :  D=0x000000000000001c A=0x12008e3bc
181838000: system.cpu T0 : 0x120002a18    : lda        r8,1(r8)        : IntAlu :  D=0x0000000000000003
181838000: system.cpu T0 : 0x120002a1c    : lda        r22,4(r22)      : IntAlu :  D=0x000000012008e3c0
181838000: system.cpu T0 : 0x120002a20    : sra        r1,3,r4         : IntAlu :  D=0x0000000000000000
181839000: system.cpu T0 : 0x120002a24    : and        r1,7,r1         : IntAlu :  D=0x0000000000000002
181839000: system.cpu T0 : 0x120002a28    : cmpeq      r8,64,r7        : IntAlu :  D=0x0000000000000000
181839000: system.cpu T0 : 0x120002a2c    : subq       r24,r1,r1       : IntAlu :  D=0xfffffffffffffffe
181839000: system.cpu T0 : 0x120002a30    : subl       r25,r4,r4       : IntAlu :  D=0x0000000000000000
181840000: system.cpu T0 : 0x120002a34    : subq       r31,r1,r3       : IntAlu :  D=0x0000000000000002
181840000: system.cpu T0 : 0x120002a38    : subq       r31,r4,r2       : IntAlu :  D=0x0000000000000000
181840000: system.cpu T0 : 0x120002a3c    : addq       r23,r5,r5       : IntAlu :  D=0x0000000000000ebc
181841000: system.cpu T0 : 0x120002a40    : cmovge     r1,r1,r3        : IntAlu :  D=0x0000000000000002
181841000: system.cpu T0 : 0x120002a44    : cmovge     r4,r4,r2        : IntAlu :  D=0x0000000000000000
181841000: system.cpu T0 : 0x120002a48    : s4addq     r5,0,r5         : IntAlu :  D=0x0000000000003af0
181842000: system.cpu T0 : 0x120002a4c    : addq       r28,r5,r6       : IntAlu :  D=0x00000001200e1e80
181842000: system.cpu T0 : 0x120002a50    : addq       r0,r5,r5        : IntAlu :  D=0x00000001200f6280
181842000: system.cpu T0 : 0x120002a54    : addl       r31,r3,r3       : IntAlu :  D=0x0000000000000002
181842000: system.cpu T0 : 0x120002a58    : addl       r31,r2,r2       : IntAlu :  D=0x0000000000000000
181843000: system.cpu T0 : 0x120002a5c    : cmple      r2,r3,r1        : IntAlu :  D=0x0000000000000001
181843000: system.cpu T0 : 0x120002a60    : addq       r2,r3,r4        : IntAlu :  D=0x0000000000000002
181844000: system.cpu T0 : 0x120002a64    : cmoveq     r1,r2,r3        : IntAlu :  D=0x0000000000000002
181844000: system.cpu T0 : 0x120002a68    : stl        r4,0(r5)        : MemWrite :  D=0x0000000000000002 A=0x1200f6280
181845000: system.cpu T0 : 0x120002a6c    : stl        r3,0(r6)        : MemWrite :  D=0x0000000000000002 A=0x1200e1e80
181845000: system.cpu T0 : 0x120002a70    : beq        r7,0x120002a10  : IntAlu : 
181848000: system.cpu T0 : 0x120002a10    : addl       r31,r8,r1       : IntAlu :  D=0x0000000000000003
182285000: system.cpu T0 : 0x120002a14    : ldl        r5,0(r22)       : MemRead :  D=0x000000000000001d A=0x12008e3c0
182285000: system.cpu T0 : 0x120002a18    : lda        r8,1(r8)        : IntAlu :  D=0x0000000000000004
182285000: system.cpu T0 : 0x120002a1c    : lda        r22,4(r22)      : IntAlu :  D=0x000000012008e3c4
182285000: system.cpu T0 : 0x120002a20    : sra        r1,3,r4         : IntAlu :  D=0x0000000000000000
182286000: system.cpu T0 : 0x120002a24    : and        r1,7,r1         : IntAlu :  D=0x0000000000000003
182286000: system.cpu T0 : 0x120002a28    : cmpeq      r8,64,r7        : IntAlu :  D=0x0000000000000000
182286000: system.cpu T0 : 0x120002a2c    : subq       r24,r1,r1       : IntAlu :  D=0xfffffffffffffffd
182286000: system.cpu T0 : 0x120002a30    : subl       r25,r4,r4       : IntAlu :  D=0x0000000000000000
182287000: system.cpu T0 : 0x120002a34    : subq       r31,r1,r3       : IntAlu :  D=0x0000000000000003
182287000: system.cpu T0 : 0x120002a38    : subq       r31,r4,r2       : IntAlu :  D=0x0000000000000000
182287000: system.cpu T0 : 0x120002a3c    : addq       r23,r5,r5       : IntAlu :  D=0x0000000000000ebd
182287000: system.cpu T0 : 0x120002a40    : cmovge     r1,r1,r3        : IntAlu :  D=0x0000000000000003
182288000: system.cpu T0 : 0x120002a44    : cmovge     r4,r4,r2        : IntAlu :  D=0x0000000000000000
182288000: system.cpu T0 : 0x120002a48    : s4addq     r5,0,r5         : IntAlu :  D=0x0000000000003af4
182289000: system.cpu T0 : 0x120002a4c    : addq       r28,r5,r6       : IntAlu :  D=0x00000001200e1e84
182289000: system.cpu T0 : 0x120002a50    : addq       r0,r5,r5        : IntAlu :  D=0x00000001200f6284
182289000: system.cpu T0 : 0x120002a54    : addl       r31,r3,r3       : IntAlu :  D=0x0000000000000003
182289000: system.cpu T0 : 0x120002a58    : addl       r31,r2,r2       : IntAlu :  D=0x0000000000000000
182290000: system.cpu T0 : 0x120002a5c    : cmple      r2,r3,r1        : IntAlu :  D=0x0000000000000001
182290000: system.cpu T0 : 0x120002a60    : addq       r2,r3,r4        : IntAlu :  D=0x0000000000000003
182291000: system.cpu T0 : 0x120002a64    : cmoveq     r1,r2,r3        : IntAlu :  D=0x0000000000000003
182291000: system.cpu T0 : 0x120002a68    : stl        r4,0(r5)        : MemWrite :  D=0x0000000000000003 A=0x1200f6284
182292000: system.cpu T0 : 0x120002a6c    : stl        r3,0(r6)        : MemWrite :  D=0x0000000000000003 A=0x1200e1e84
182292000: system.cpu T0 : 0x120002a70    : beq        r7,0x120002a10  : IntAlu : 
182295000: system.cpu T0 : 0x120002a10    : addl       r31,r8,r1       : IntAlu :  D=0x0000000000000004
182296000: system.cpu T0 : 0x120002a14    : ldl        r5,0(r22)       : MemRead :  D=0x000000000000001e A=0x12008e3c4
182296000: system.cpu T0 : 0x120002a18    : lda        r8,1(r8)        : IntAlu :  D=0x0000000000000005
182296000: system.cpu T0 : 0x120002a1c    : lda        r22,4(r22)      : IntAlu :  D=0x000000012008e3c8
182296000: system.cpu T0 : 0x120002a20    : sra        r1,3,r4         : IntAlu :  D=0x0000000000000000
182297000: system.cpu T0 : 0x120002a24    : and        r1,7,r1         : IntAlu :  D=0x0000000000000004
182297000: system.cpu T0 : 0x120002a28    : cmpeq      r8,64,r7        : IntAlu :  D=0x0000000000000000
182297000: system.cpu T0 : 0x120002a2c    : subq       r24,r1,r1       : IntAlu :  D=0xfffffffffffffffc
182297000: system.cpu T0 : 0x120002a30    : subl       r25,r4,r4       : IntAlu :  D=0x0000000000000000
182298000: system.cpu T0 : 0x120002a34    : subq       r31,r1,r3       : IntAlu :  D=0x0000000000000004
182298000: system.cpu T0 : 0x120002a38    : subq       r31,r4,r2       : IntAlu :  D=0x0000000000000000
182298000: system.cpu T0 : 0x120002a3c    : addq       r23,r5,r5       : IntAlu :  D=0x0000000000000ebe
182299000: system.cpu T0 : 0x120002a40    : cmovge     r1,r1,r3        : IntAlu :  D=0x0000000000000004
182299000: system.cpu T0 : 0x120002a44    : cmovge     r4,r4,r2        : IntAlu :  D=0x0000000000000000
182299000: system.cpu T0 : 0x120002a48    : s4addq     r5,0,r5         : IntAlu :  D=0x0000000000003af8
182300000: system.cpu T0 : 0x120002a4c    : addq       r28,r5,r6       : IntAlu :  D=0x00000001200e1e88
182300000: system.cpu T0 : 0x120002a50    : addq       r0,r5,r5        : IntAlu :  D=0x00000001200f6288
182300000: system.cpu T0 : 0x120002a54    : addl       r31,r3,r3       : IntAlu :  D=0x0000000000000004
182300000: system.cpu T0 : 0x120002a58    : addl       r31,r2,r2       : IntAlu :  D=0x0000000000000000
182301000: system.cpu T0 : 0x120002a5c    : cmple      r2,r3,r1        : IntAlu :  D=0x0000000000000001
182301000: system.cpu T0 : 0x120002a60    : addq       r2,r3,r4        : IntAlu :  D=0x0000000000000004
182302000: system.cpu T0 : 0x120002a64    : cmoveq     r1,r2,r3        : IntAlu :  D=0x0000000000000004
182302000: system.cpu T0 : 0x120002a68    : stl        r4,0(r5)        : MemWrite :  D=0x0000000000000004 A=0x1200f6288
182303000: system.cpu T0 : 0x120002a6c    : stl        r3,0(r6)        : MemWrite :  D=0x0000000000000004 A=0x1200e1e88
182303000: system.cpu T0 : 0x120002a70    : beq        r7,0x120002a10  : IntAlu : 
182306000: system.cpu T0 : 0x120002a10    : addl       r31,r8,r1       : IntAlu :  D=0x0000000000000005
182307000: system.cpu T0 : 0x120002a14    : ldl        r5,0(r22)       : MemRead :  D=0x000000000000001f A=0x12008e3c8
182307000: system.cpu T0 : 0x120002a18    : lda        r8,1(r8)        : IntAlu :  D=0x0000000000000006
182307000: system.cpu T0 : 0x120002a1c    : lda        r22,4(r22)      : IntAlu :  D=0x000000012008e3cc
182307000: system.cpu T0 : 0x120002a20    : sra        r1,3,r4         : IntAlu :  D=0x0000000000000000
182308000: system.cpu T0 : 0x120002a24    : and        r1,7,r1         : IntAlu :  D=0x0000000000000005
182308000: system.cpu T0 : 0x120002a28    : cmpeq      r8,64,r7        : IntAlu :  D=0x0000000000000000
182308000: system.cpu T0 : 0x120002a2c    : subq       r24,r1,r1       : IntAlu :  D=0xfffffffffffffffb
182308000: system.cpu T0 : 0x120002a30    : subl       r25,r4,r4       : IntAlu :  D=0x0000000000000000
182309000: system.cpu T0 : 0x120002a34    : subq       r31,r1,r3       : IntAlu :  D=0x0000000000000005
182309000: system.cpu T0 : 0x120002a38    : subq       r31,r4,r2       : IntAlu :  D=0x0000000000000000
182309000: system.cpu T0 : 0x120002a3c    : addq       r23,r5,r5       : IntAlu :  D=0x0000000000000ebf
182310000: system.cpu T0 : 0x120002a40    : cmovge     r1,r1,r3        : IntAlu :  D=0x0000000000000005
182310000: system.cpu T0 : 0x120002a44    : cmovge     r4,r4,r2        : IntAlu :  D=0x0000000000000000
182310000: system.cpu T0 : 0x120002a48    : s4addq     r5,0,r5         : IntAlu :  D=0x0000000000003afc
182311000: system.cpu T0 : 0x120002a4c    : addq       r28,r5,r6       : IntAlu :  D=0x00000001200e1e8c
182311000: system.cpu T0 : 0x120002a50    : addq       r0,r5,r5        : IntAlu :  D=0x00000001200f628c
182311000: system.cpu T0 : 0x120002a54    : addl       r31,r3,r3       : IntAlu :  D=0x0000000000000005
182311000: system.cpu T0 : 0x120002a58    : addl       r31,r2,r2       : IntAlu :  D=0x0000000000000000
182312000: system.cpu T0 : 0x120002a5c    : cmple      r2,r3,r1        : IntAlu :  D=0x0000000000000001
182312000: system.cpu T0 : 0x120002a60    : addq       r2,r3,r4        : IntAlu :  D=0x0000000000000005
182313000: system.cpu T0 : 0x120002a64    : cmoveq     r1,r2,r3        : IntAlu :  D=0x0000000000000005
182313000: system.cpu T0 : 0x120002a68    : stl        r4,0(r5)        : MemWrite :  D=0x0000000000000005 A=0x1200f628c
182314000: system.cpu T0 : 0x120002a6c    : stl        r3,0(r6)        : MemWrite :  D=0x0000000000000005 A=0x1200e1e8c
182314000: system.cpu T0 : 0x120002a70    : beq        r7,0x120002a10  : IntAlu : 
182317000: system.cpu T0 : 0x120002a10    : addl       r31,r8,r1       : IntAlu :  D=0x0000000000000006
182318000: system.cpu T0 : 0x120002a14    : ldl        r5,0(r22)       : MemRead :  D=0x0000000000000020 A=0x12008e3cc
182318000: system.cpu T0 : 0x120002a18    : lda        r8,1(r8)        : IntAlu :  D=0x0000000000000007
182318000: system.cpu T0 : 0x120002a1c    : lda        r22,4(r22)      : IntAlu :  D=0x000000012008e3d0
182318000: system.cpu T0 : 0x120002a20    : sra        r1,3,r4         : IntAlu :  D=0x0000000000000000
182319000: system.cpu T0 : 0x120002a24    : and        r1,7,r1         : IntAlu :  D=0x0000000000000006
182319000: system.cpu T0 : 0x120002a28    : cmpeq      r8,64,r7        : IntAlu :  D=0x0000000000000000
182319000: system.cpu T0 : 0x120002a2c    : subq       r24,r1,r1       : IntAlu :  D=0xfffffffffffffffa
182319000: system.cpu T0 : 0x120002a30    : subl       r25,r4,r4       : IntAlu :  D=0x0000000000000000
182320000: system.cpu T0 : 0x120002a34    : subq       r31,r1,r3       : IntAlu :  D=0x0000000000000006
182320000: system.cpu T0 : 0x120002a38    : subq       r31,r4,r2       : IntAlu :  D=0x0000000000000000
182320000: system.cpu T0 : 0x120002a3c    : addq       r23,r5,r5       : IntAlu :  D=0x0000000000000ec0
182321000: system.cpu T0 : 0x120002a40    : cmovge     r1,r1,r3        : IntAlu :  D=0x0000000000000006
182321000: system.cpu T0 : 0x120002a44    : cmovge     r4,r4,r2        : IntAlu :  D=0x0000000000000000
182321000: system.cpu T0 : 0x120002a48    : s4addq     r5,0,r5         : IntAlu :  D=0x0000000000003b00
182322000: system.cpu T0 : 0x120002a4c    : addq       r28,r5,r6       : IntAlu :  D=0x00000001200e1e90
182322000: system.cpu T0 : 0x120002a50    : addq       r0,r5,r5        : IntAlu :  D=0x00000001200f6290
182322000: system.cpu T0 : 0x120002a54    : addl       r31,r3,r3       : IntAlu :  D=0x0000000000000006
182322000: system.cpu T0 : 0x120002a58    : addl       r31,r2,r2       : IntAlu :  D=0x0000000000000000
182323000: system.cpu T0 : 0x120002a5c    : cmple      r2,r3,r1        : IntAlu :  D=0x0000000000000001
182323000: system.cpu T0 : 0x120002a60    : addq       r2,r3,r4        : IntAlu :  D=0x0000000000000006
182324000: system.cpu T0 : 0x120002a64    : cmoveq     r1,r2,r3        : IntAlu :  D=0x0000000000000006
182324000: system.cpu T0 : 0x120002a68    : stl        r4,0(r5)        : MemWrite :  D=0x0000000000000006 A=0x1200f6290
182325000: system.cpu T0 : 0x120002a6c    : stl        r3,0(r6)        : MemWrite :  D=0x0000000000000006 A=0x1200e1e90
182325000: system.cpu T0 : 0x120002a70    : beq        r7,0x120002a10  : IntAlu : 
182328000: system.cpu T0 : 0x120002a10    : addl       r31,r8,r1       : IntAlu :  D=0x0000000000000007
182329000: system.cpu T0 : 0x120002a14    : ldl        r5,0(r22)       : MemRead :  D=0x0000000000000021 A=0x12008e3d0
182329000: system.cpu T0 : 0x120002a18    : lda        r8,1(r8)        : IntAlu :  D=0x0000000000000008
182329000: system.cpu T0 : 0x120002a1c    : lda        r22,4(r22)      : IntAlu :  D=0x000000012008e3d4
182329000: system.cpu T0 : 0x120002a20    : sra        r1,3,r4         : IntAlu :  D=0x0000000000000000
182330000: system.cpu T0 : 0x120002a24    : and        r1,7,r1         : IntAlu :  D=0x0000000000000007
182330000: system.cpu T0 : 0x120002a28    : cmpeq      r8,64,r7        : IntAlu :  D=0x0000000000000000
182330000: system.cpu T0 : 0x120002a2c    : subq       r24,r1,r1       : IntAlu :  D=0xfffffffffffffff9
182330000: system.cpu T0 : 0x120002a30    : subl       r25,r4,r4       : IntAlu :  D=0x0000000000000000
182331000: system.cpu T0 : 0x120002a34    : subq       r31,r1,r3       : IntAlu :  D=0x0000000000000007
182331000: system.cpu T0 : 0x120002a38    : subq       r31,r4,r2       : IntAlu :  D=0x0000000000000000
182331000: system.cpu T0 : 0x120002a3c    : addq       r23,r5,r5       : IntAlu :  D=0x0000000000000ec1
182332000: system.cpu T0 : 0x120002a40    : cmovge     r1,r1,r3        : IntAlu :  D=0x0000000000000007
182332000: system.cpu T0 : 0x120002a44    : cmovge     r4,r4,r2        : IntAlu :  D=0x0000000000000000
182332000: system.cpu T0 : 0x120002a48    : s4addq     r5,0,r5         : IntAlu :  D=0x0000000000003b04
182333000: system.cpu T0 : 0x120002a4c    : addq       r28,r5,r6       : IntAlu :  D=0x00000001200e1e94
182333000: system.cpu T0 : 0x120002a50    : addq       r0,r5,r5        : IntAlu :  D=0x00000001200f6294
182333000: system.cpu T0 : 0x120002a54    : addl       r31,r3,r3       : IntAlu :  D=0x0000000000000007
182333000: system.cpu T0 : 0x120002a58    : addl       r31,r2,r2       : IntAlu :  D=0x0000000000000000
182334000: system.cpu T0 : 0x120002a5c    : cmple      r2,r3,r1        : IntAlu :  D=0x0000000000000001
182334000: system.cpu T0 : 0x120002a60    : addq       r2,r3,r4        : IntAlu :  D=0x0000000000000007
182335000: system.cpu T0 : 0x120002a64    : cmoveq     r1,r2,r3        : IntAlu :  D=0x0000000000000007
182335000: system.cpu T0 : 0x120002a68    : stl        r4,0(r5)        : MemWrite :  D=0x0000000000000007 A=0x1200f6294
182336000: system.cpu T0 : 0x120002a6c    : stl        r3,0(r6)        : MemWrite :  D=0x0000000000000007 A=0x1200e1e94
182336000: system.cpu T0 : 0x120002a70    : beq        r7,0x120002a10  : IntAlu : 
182339000: system.cpu T0 : 0x120002a10    : addl       r31,r8,r1       : IntAlu :  D=0x0000000000000008
182340000: system.cpu T0 : 0x120002a14    : ldl        r5,0(r22)       : MemRead :  D=0x0000000000000026 A=0x12008e3d4
182340000: system.cpu T0 : 0x120002a18    : lda        r8,1(r8)        : IntAlu :  D=0x0000000000000009
182340000: system.cpu T0 : 0x120002a1c    : lda        r22,4(r22)      : IntAlu :  D=0x000000012008e3d8
182340000: system.cpu T0 : 0x120002a20    : sra        r1,3,r4         : IntAlu :  D=0x0000000000000001
182341000: system.cpu T0 : 0x120002a24    : and        r1,7,r1         : IntAlu :  D=0x0000000000000000
182341000: system.cpu T0 : 0x120002a28    : cmpeq      r8,64,r7        : IntAlu :  D=0x0000000000000000
182341000: system.cpu T0 : 0x120002a2c    : subq       r24,r1,r1       : IntAlu :  D=0x0000000000000000
182341000: system.cpu T0 : 0x120002a30    : subl       r25,r4,r4       : IntAlu :  D=0x00000000ffffffff
182342000: system.cpu T0 : 0x120002a34    : subq       r31,r1,r3       : IntAlu :  D=0x0000000000000000
182342000: system.cpu T0 : 0x120002a38    : subq       r31,r4,r2       : IntAlu :  D=0x0000000000000001
182342000: system.cpu T0 : 0x120002a3c    : addq       r23,r5,r5       : IntAlu :  D=0x0000000000000ec6
182343000: system.cpu T0 : 0x120002a40    : cmovge     r1,r1,r3        : IntAlu :  D=0x0000000000000000
182343000: system.cpu T0 : 0x120002a44    : cmovge     r4,r4,r2        : IntAlu :  D=0x0000000000000001
182343000: system.cpu T0 : 0x120002a48    : s4addq     r5,0,r5         : IntAlu :  D=0x0000000000003b18
182344000: system.cpu T0 : 0x120002a4c    : addq       r28,r5,r6       : IntAlu :  D=0x00000001200e1ea8
182344000: system.cpu T0 : 0x120002a50    : addq       r0,r5,r5        : IntAlu :  D=0x00000001200f62a8
182344000: system.cpu T0 : 0x120002a54    : addl       r31,r3,r3       : IntAlu :  D=0x0000000000000000
182344000: system.cpu T0 : 0x120002a58    : addl       r31,r2,r2       : IntAlu :  D=0x0000000000000001
182345000: system.cpu T0 : 0x120002a5c    : cmple      r2,r3,r1        : IntAlu :  D=0x0000000000000000
182345000: system.cpu T0 : 0x120002a60    : addq       r2,r3,r4        : IntAlu :  D=0x0000000000000001
182346000: system.cpu T0 : 0x120002a64    : cmoveq     r1,r2,r3        : IntAlu :  D=0x0000000000000001
182346000: system.cpu T0 : 0x120002a68    : stl        r4,0(r5)        : MemWrite :  D=0x0000000000000001 A=0x1200f62a8
182347000: system.cpu T0 : 0x120002a6c    : stl        r3,0(r6)        : MemWrite :  D=0x0000000000000001 A=0x1200e1ea8
182347000: system.cpu T0 : 0x120002a70    : beq        r7,0x120002a10  : IntAlu : 
182350000: system.cpu T0 : 0x120002a10    : addl       r31,r8,r1       : IntAlu :  D=0x0000000000000009
182351000: system.cpu T0 : 0x120002a14    : ldl        r5,0(r22)       : MemRead :  D=0x0000000000000027 A=0x12008e3d8
182351000: system.cpu T0 : 0x120002a18    : lda        r8,1(r8)        : IntAlu :  D=0x000000000000000a
182351000: system.cpu T0 : 0x120002a1c    : lda        r22,4(r22)      : IntAlu :  D=0x000000012008e3dc
182351000: system.cpu T0 : 0x120002a20    : sra        r1,3,r4         : IntAlu :  D=0x0000000000000001
182352000: system.cpu T0 : 0x120002a24    : and        r1,7,r1         : IntAlu :  D=0x0000000000000001
182352000: system.cpu T0 : 0x120002a28    : cmpeq      r8,64,r7        : IntAlu :  D=0x0000000000000000
182352000: system.cpu T0 : 0x120002a2c    : subq       r24,r1,r1       : IntAlu :  D=0xffffffffffffffff
182352000: system.cpu T0 : 0x120002a30    : subl       r25,r4,r4       : IntAlu :  D=0x00000000ffffffff
182353000: system.cpu T0 : 0x120002a34    : subq       r31,r1,r3       : IntAlu :  D=0x0000000000000001
182353000: system.cpu T0 : 0x120002a38    : subq       r31,r4,r2       : IntAlu :  D=0x0000000000000001
182353000: system.cpu T0 : 0x120002a3c    : addq       r23,r5,r5       : IntAlu :  D=0x0000000000000ec7
182354000: system.cpu T0 : 0x120002a40    : cmovge     r1,r1,r3        : IntAlu :  D=0x0000000000000001
182354000: system.cpu T0 : 0x120002a44    : cmovge     r4,r4,r2        : IntAlu :  D=0x0000000000000001
182354000: system.cpu T0 : 0x120002a48    : s4addq     r5,0,r5         : IntAlu :  D=0x0000000000003b1c
182355000: system.cpu T0 : 0x120002a4c    : addq       r28,r5,r6       : IntAlu :  D=0x00000001200e1eac
182355000: system.cpu T0 : 0x120002a50    : addq       r0,r5,r5        : IntAlu :  D=0x00000001200f62ac
182355000: system.cpu T0 : 0x120002a54    : addl       r31,r3,r3       : IntAlu :  D=0x0000000000000001
182355000: system.cpu T0 : 0x120002a58    : addl       r31,r2,r2       : IntAlu :  D=0x0000000000000001
182356000: system.cpu T0 : 0x120002a5c    : cmple      r2,r3,r1        : IntAlu :  D=0x0000000000000001
182356000: system.cpu T0 : 0x120002a60    : addq       r2,r3,r4        : IntAlu :  D=0x0000000000000002
182357000: system.cpu T0 : 0x120002a64    : cmoveq     r1,r2,r3        : IntAlu :  D=0x0000000000000001
182357000: system.cpu T0 : 0x120002a68    : stl        r4,0(r5)        : MemWrite :  D=0x0000000000000002 A=0x1200f62ac
182358000: system.cpu T0 : 0x120002a6c    : stl        r3,0(r6)        : MemWrite :  D=0x0000000000000001 A=0x1200e1eac
182358000: system.cpu T0 : 0x120002a70    : beq        r7,0x120002a10  : IntAlu : 
182361000: system.cpu T0 : 0x120002a10    : addl       r31,r8,r1       : IntAlu :  D=0x000000000000000a
182362000: system.cpu T0 : 0x120002a14    : ldl        r5,0(r22)       : MemRead :  D=0x0000000000000028 A=0x12008e3dc
182362000: system.cpu T0 : 0x120002a18    : lda        r8,1(r8)        : IntAlu :  D=0x000000000000000b
182362000: system.cpu T0 : 0x120002a1c    : lda        r22,4(r22)      : IntAlu :  D=0x000000012008e3e0
182362000: system.cpu T0 : 0x120002a20    : sra        r1,3,r4         : IntAlu :  D=0x0000000000000001
182363000: system.cpu T0 : 0x120002a24    : and        r1,7,r1         : IntAlu :  D=0x0000000000000002
182363000: system.cpu T0 : 0x120002a28    : cmpeq      r8,64,r7        : IntAlu :  D=0x0000000000000000
182363000: system.cpu T0 : 0x120002a2c    : subq       r24,r1,r1       : IntAlu :  D=0xfffffffffffffffe
182363000: system.cpu T0 : 0x120002a30    : subl       r25,r4,r4       : IntAlu :  D=0x00000000ffffffff
182364000: system.cpu T0 : 0x120002a34    : subq       r31,r1,r3       : IntAlu :  D=0x0000000000000002
182364000: system.cpu T0 : 0x120002a38    : subq       r31,r4,r2       : IntAlu :  D=0x0000000000000001
182364000: system.cpu T0 : 0x120002a3c    : addq       r23,r5,r5       : IntAlu :  D=0x0000000000000ec8
182365000: system.cpu T0 : 0x120002a40    : cmovge     r1,r1,r3        : IntAlu :  D=0x0000000000000002
182365000: system.cpu T0 : 0x120002a44    : cmovge     r4,r4,r2        : IntAlu :  D=0x0000000000000001
182365000: system.cpu T0 : 0x120002a48    : s4addq     r5,0,r5         : IntAlu :  D=0x0000000000003b20
182366000: system.cpu T0 : 0x120002a4c    : addq       r28,r5,r6       : IntAlu :  D=0x00000001200e1eb0
182366000: system.cpu T0 : 0x120002a50    : addq       r0,r5,r5        : IntAlu :  D=0x00000001200f62b0
182366000: system.cpu T0 : 0x120002a54    : addl       r31,r3,r3       : IntAlu :  D=0x0000000000000002
182366000: system.cpu T0 : 0x120002a58    : addl       r31,r2,r2       : IntAlu :  D=0x0000000000000001
182367000: system.cpu T0 : 0x120002a5c    : cmple      r2,r3,r1        : IntAlu :  D=0x0000000000000001
182367000: system.cpu T0 : 0x120002a60    : addq       r2,r3,r4        : IntAlu :  D=0x0000000000000003
182368000: system.cpu T0 : 0x120002a64    : cmoveq     r1,r2,r3        : IntAlu :  D=0x0000000000000002
182368000: system.cpu T0 : 0x120002a68    : stl        r4,0(r5)        : MemWrite :  D=0x0000000000000003 A=0x1200f62b0
182369000: system.cpu T0 : 0x120002a6c    : stl        r3,0(r6)        : MemWrite :  D=0x0000000000000002 A=0x1200e1eb0
182369000: system.cpu T0 : 0x120002a70    : beq        r7,0x120002a10  : IntAlu : 
182372000: system.cpu T0 : 0x120002a10    : addl       r31,r8,r1       : IntAlu :  D=0x000000000000000b
182373000: system.cpu T0 : 0x120002a14    : ldl        r5,0(r22)       : MemRead :  D=0x0000000000000029 A=0x12008e3e0
182373000: system.cpu T0 : 0x120002a18    : lda        r8,1(r8)        : IntAlu :  D=0x000000000000000c
182373000: system.cpu T0 : 0x120002a1c    : lda        r22,4(r22)      : IntAlu :  D=0x000000012008e3e4
182373000: system.cpu T0 : 0x120002a20    : sra        r1,3,r4         : IntAlu :  D=0x0000000000000001
182374000: system.cpu T0 : 0x120002a24    : and        r1,7,r1         : IntAlu :  D=0x0000000000000003
182374000: system.cpu T0 : 0x120002a28    : cmpeq      r8,64,r7        : IntAlu :  D=0x0000000000000000
182374000: system.cpu T0 : 0x120002a2c    : subq       r24,r1,r1       : IntAlu :  D=0xfffffffffffffffd
182374000: system.cpu T0 : 0x120002a30    : subl       r25,r4,r4       : IntAlu :  D=0x00000000ffffffff
182375000: system.cpu T0 : 0x120002a34    : subq       r31,r1,r3       : IntAlu :  D=0x0000000000000003
182375000: system.cpu T0 : 0x120002a38    : subq       r31,r4,r2       : IntAlu :  D=0x0000000000000001
182375000: system.cpu T0 : 0x120002a3c    : addq       r23,r5,r5       : IntAlu :  D=0x0000000000000ec9
182376000: system.cpu T0 : 0x120002a40    : cmovge     r1,r1,r3        : IntAlu :  D=0x0000000000000003
182376000: system.cpu T0 : 0x120002a44    : cmovge     r4,r4,r2        : IntAlu :  D=0x0000000000000001
182376000: system.cpu T0 : 0x120002a48    : s4addq     r5,0,r5         : IntAlu :  D=0x0000000000003b24
182377000: system.cpu T0 : 0x120002a4c    : addq       r28,r5,r6       : IntAlu :  D=0x00000001200e1eb4
182377000: system.cpu T0 : 0x120002a50    : addq       r0,r5,r5        : IntAlu :  D=0x00000001200f62b4
182377000: system.cpu T0 : 0x120002a54    : addl       r31,r3,r3       : IntAlu :  D=0x0000000000000003
182377000: system.cpu T0 : 0x120002a58    : addl       r31,r2,r2       : IntAlu :  D=0x0000000000000001
182378000: system.cpu T0 : 0x120002a5c    : cmple      r2,r3,r1        : IntAlu :  D=0x0000000000000001
182378000: system.cpu T0 : 0x120002a60    : addq       r2,r3,r4        : IntAlu :  D=0x0000000000000004
182379000: system.cpu T0 : 0x120002a64    : cmoveq     r1,r2,r3        : IntAlu :  D=0x0000000000000003
182379000: system.cpu T0 : 0x120002a68    : stl        r4,0(r5)        : MemWrite :  D=0x0000000000000004 A=0x1200f62b4
182380000: system.cpu T0 : 0x120002a6c    : stl        r3,0(r6)        : MemWrite :  D=0x0000000000000003 A=0x1200e1eb4
182380000: system.cpu T0 : 0x120002a70    : beq        r7,0x120002a10  : IntAlu : 
182383000: system.cpu T0 : 0x120002a10    : addl       r31,r8,r1       : IntAlu :  D=0x000000000000000c
182384000: system.cpu T0 : 0x120002a14    : ldl        r5,0(r22)       : MemRead :  D=0x000000000000002a A=0x12008e3e4
182384000: system.cpu T0 : 0x120002a18    : lda        r8,1(r8)        : IntAlu :  D=0x000000000000000d
182384000: system.cpu T0 : 0x120002a1c    : lda        r22,4(r22)      : IntAlu :  D=0x000000012008e3e8
182384000: system.cpu T0 : 0x120002a20    : sra        r1,3,r4         : IntAlu :  D=0x0000000000000001
182385000: system.cpu T0 : 0x120002a24    : and        r1,7,r1         : IntAlu :  D=0x0000000000000004
182385000: system.cpu T0 : 0x120002a28    : cmpeq      r8,64,r7        : IntAlu :  D=0x0000000000000000
182385000: system.cpu T0 : 0x120002a2c    : subq       r24,r1,r1       : IntAlu :  D=0xfffffffffffffffc
182385000: system.cpu T0 : 0x120002a30    : subl       r25,r4,r4       : IntAlu :  D=0x00000000ffffffff
182386000: system.cpu T0 : 0x120002a34    : subq       r31,r1,r3       : IntAlu :  D=0x0000000000000004
182386000: system.cpu T0 : 0x120002a38    : subq       r31,r4,r2       : IntAlu :  D=0x0000000000000001
182386000: system.cpu T0 : 0x120002a3c    : addq       r23,r5,r5       : IntAlu :  D=0x0000000000000eca
182387000: system.cpu T0 : 0x120002a40    : cmovge     r1,r1,r3        : IntAlu :  D=0x0000000000000004
182387000: system.cpu T0 : 0x120002a44    : cmovge     r4,r4,r2        : IntAlu :  D=0x0000000000000001
182387000: system.cpu T0 : 0x120002a48    : s4addq     r5,0,r5         : IntAlu :  D=0x0000000000003b28
182388000: system.cpu T0 : 0x120002a4c    : addq       r28,r5,r6       : IntAlu :  D=0x00000001200e1eb8
182388000: system.cpu T0 : 0x120002a50    : addq       r0,r5,r5        : IntAlu :  D=0x00000001200f62b8
182388000: system.cpu T0 : 0x120002a54    : addl       r31,r3,r3       : IntAlu :  D=0x0000000000000004
182388000: system.cpu T0 : 0x120002a58    : addl       r31,r2,r2       : IntAlu :  D=0x0000000000000001
182389000: system.cpu T0 : 0x120002a5c    : cmple      r2,r3,r1        : IntAlu :  D=0x0000000000000001
182389000: system.cpu T0 : 0x120002a60    : addq       r2,r3,r4        : IntAlu :  D=0x0000000000000005
182390000: system.cpu T0 : 0x120002a64    : cmoveq     r1,r2,r3        : IntAlu :  D=0x0000000000000004
182390000: system.cpu T0 : 0x120002a68    : stl        r4,0(r5)        : MemWrite :  D=0x0000000000000005 A=0x1200f62b8
182391000: system.cpu T0 : 0x120002a6c    : stl        r3,0(r6)        : MemWrite :  D=0x0000000000000004 A=0x1200e1eb8
182391000: system.cpu T0 : 0x120002a70    : beq        r7,0x120002a10  : IntAlu : 
182394000: system.cpu T0 : 0x120002a10    : addl       r31,r8,r1       : IntAlu :  D=0x000000000000000d
182395000: system.cpu T0 : 0x120002a14    : ldl        r5,0(r22)       : MemRead :  D=0x000000000000002b A=0x12008e3e8
182395000: system.cpu T0 : 0x120002a18    : lda        r8,1(r8)        : IntAlu :  D=0x000000000000000e
182395000: system.cpu T0 : 0x120002a1c    : lda        r22,4(r22)      : IntAlu :  D=0x000000012008e3ec
182395000: system.cpu T0 : 0x120002a20    : sra        r1,3,r4         : IntAlu :  D=0x0000000000000001
182396000: system.cpu T0 : 0x120002a24    : and        r1,7,r1         : IntAlu :  D=0x0000000000000005
182396000: system.cpu T0 : 0x120002a28    : cmpeq      r8,64,r7        : IntAlu :  D=0x0000000000000000
182396000: system.cpu T0 : 0x120002a2c    : subq       r24,r1,r1       : IntAlu :  D=0xfffffffffffffffb
182396000: system.cpu T0 : 0x120002a30    : subl       r25,r4,r4       : IntAlu :  D=0x00000000ffffffff
182397000: system.cpu T0 : 0x120002a34    : subq       r31,r1,r3       : IntAlu :  D=0x0000000000000005
182397000: system.cpu T0 : 0x120002a38    : subq       r31,r4,r2       : IntAlu :  D=0x0000000000000001
182397000: system.cpu T0 : 0x120002a3c    : addq       r23,r5,r5       : IntAlu :  D=0x0000000000000ecb
182398000: system.cpu T0 : 0x120002a40    : cmovge     r1,r1,r3        : IntAlu :  D=0x0000000000000005
182398000: system.cpu T0 : 0x120002a44    : cmovge     r4,r4,r2        : IntAlu :  D=0x0000000000000001
182398000: system.cpu T0 : 0x120002a48    : s4addq     r5,0,r5         : IntAlu :  D=0x0000000000003b2c
182399000: system.cpu T0 : 0x120002a4c    : addq       r28,r5,r6       : IntAlu :  D=0x00000001200e1ebc
182399000: system.cpu T0 : 0x120002a50    : addq       r0,r5,r5        : IntAlu :  D=0x00000001200f62bc
182399000: system.cpu T0 : 0x120002a54    : addl       r31,r3,r3       : IntAlu :  D=0x0000000000000005
182399000: system.cpu T0 : 0x120002a58    : addl       r31,r2,r2       : IntAlu :  D=0x0000000000000001
182400000: system.cpu T0 : 0x120002a5c    : cmple      r2,r3,r1        : IntAlu :  D=0x0000000000000001
182400000: system.cpu T0 : 0x120002a60    : addq       r2,r3,r4        : IntAlu :  D=0x0000000000000006
182401000: system.cpu T0 : 0x120002a64    : cmoveq     r1,r2,r3        : IntAlu :  D=0x0000000000000005
182401000: system.cpu T0 : 0x120002a68    : stl        r4,0(r5)        : MemWrite :  D=0x0000000000000006 A=0x1200f62bc
182402000: system.cpu T0 : 0x120002a6c    : stl        r3,0(r6)        : MemWrite :  D=0x0000000000000005 A=0x1200e1ebc
182402000: system.cpu T0 : 0x120002a70    : beq        r7,0x120002a10  : IntAlu : 
182405000: system.cpu T0 : 0x120002a10    : addl       r31,r8,r1       : IntAlu :  D=0x000000000000000e
182406000: system.cpu T0 : 0x120002a14    : ldl        r5,0(r22)       : MemRead :  D=0x000000000000002c A=0x12008e3ec
182406000: system.cpu T0 : 0x120002a18    : lda        r8,1(r8)        : IntAlu :  D=0x000000000000000f
182406000: system.cpu T0 : 0x120002a1c    : lda        r22,4(r22)      : IntAlu :  D=0x000000012008e3f0
182406000: system.cpu T0 : 0x120002a20    : sra        r1,3,r4         : IntAlu :  D=0x0000000000000001
182407000: system.cpu T0 : 0x120002a24    : and        r1,7,r1         : IntAlu :  D=0x0000000000000006
182407000: system.cpu T0 : 0x120002a28    : cmpeq      r8,64,r7        : IntAlu :  D=0x0000000000000000
182407000: system.cpu T0 : 0x120002a2c    : subq       r24,r1,r1       : IntAlu :  D=0xfffffffffffffffa
182407000: system.cpu T0 : 0x120002a30    : subl       r25,r4,r4       : IntAlu :  D=0x00000000ffffffff
182408000: system.cpu T0 : 0x120002a34    : subq       r31,r1,r3       : IntAlu :  D=0x0000000000000006
182408000: system.cpu T0 : 0x120002a38    : subq       r31,r4,r2       : IntAlu :  D=0x0000000000000001
182408000: system.cpu T0 : 0x120002a3c    : addq       r23,r5,r5       : IntAlu :  D=0x0000000000000ecc
182409000: system.cpu T0 : 0x120002a40    : cmovge     r1,r1,r3        : IntAlu :  D=0x0000000000000006
182409000: system.cpu T0 : 0x120002a44    : cmovge     r4,r4,r2        : IntAlu :  D=0x0000000000000001
182409000: system.cpu T0 : 0x120002a48    : s4addq     r5,0,r5         : IntAlu :  D=0x0000000000003b30
182410000: system.cpu T0 : 0x120002a4c    : addq       r28,r5,r6       : IntAlu :  D=0x00000001200e1ec0
182410000: system.cpu T0 : 0x120002a50    : addq       r0,r5,r5        : IntAlu :  D=0x00000001200f62c0
182410000: system.cpu T0 : 0x120002a54    : addl       r31,r3,r3       : IntAlu :  D=0x0000000000000006
182410000: system.cpu T0 : 0x120002a58    : addl       r31,r2,r2       : IntAlu :  D=0x0000000000000001
182411000: system.cpu T0 : 0x120002a5c    : cmple      r2,r3,r1        : IntAlu :  D=0x0000000000000001
182411000: system.cpu T0 : 0x120002a60    : addq       r2,r3,r4        : IntAlu :  D=0x0000000000000007
182412000: system.cpu T0 : 0x120002a64    : cmoveq     r1,r2,r3        : IntAlu :  D=0x0000000000000006
182412000: system.cpu T0 : 0x120002a68    : stl        r4,0(r5)        : MemWrite :  D=0x0000000000000007 A=0x1200f62c0
182413000: system.cpu T0 : 0x120002a6c    : stl        r3,0(r6)        : MemWrite :  D=0x0000000000000006 A=0x1200e1ec0
182413000: system.cpu T0 : 0x120002a70    : beq        r7,0x120002a10  : IntAlu : 
182416000: system.cpu T0 : 0x120002a10    : addl       r31,r8,r1       : IntAlu :  D=0x000000000000000f
182417000: system.cpu T0 : 0x120002a14    : ldl        r5,0(r22)       : MemRead :  D=0x000000000000002d A=0x12008e3f0
182417000: system.cpu T0 : 0x120002a18    : lda        r8,1(r8)        : IntAlu :  D=0x0000000000000010
182417000: system.cpu T0 : 0x120002a1c    : lda        r22,4(r22)      : IntAlu :  D=0x000000012008e3f4
182417000: system.cpu T0 : 0x120002a20    : sra        r1,3,r4         : IntAlu :  D=0x0000000000000001
182418000: system.cpu T0 : 0x120002a24    : and        r1,7,r1         : IntAlu :  D=0x0000000000000007
182418000: system.cpu T0 : 0x120002a28    : cmpeq      r8,64,r7        : IntAlu :  D=0x0000000000000000
182418000: system.cpu T0 : 0x120002a2c    : subq       r24,r1,r1       : IntAlu :  D=0xfffffffffffffff9
182418000: system.cpu T0 : 0x120002a30    : subl       r25,r4,r4       : IntAlu :  D=0x00000000ffffffff
182419000: system.cpu T0 : 0x120002a34    : subq       r31,r1,r3       : IntAlu :  D=0x0000000000000007
182419000: system.cpu T0 : 0x120002a38    : subq       r31,r4,r2       : IntAlu :  D=0x0000000000000001
182419000: system.cpu T0 : 0x120002a3c    : addq       r23,r5,r5       : IntAlu :  D=0x0000000000000ecd
182420000: system.cpu T0 : 0x120002a40    : cmovge     r1,r1,r3        : IntAlu :  D=0x0000000000000007
182420000: system.cpu T0 : 0x120002a44    : cmovge     r4,r4,r2        : IntAlu :  D=0x0000000000000001
182420000: system.cpu T0 : 0x120002a48    : s4addq     r5,0,r5         : IntAlu :  D=0x0000000000003b34
182421000: system.cpu T0 : 0x120002a4c    : addq       r28,r5,r6       : IntAlu :  D=0x00000001200e1ec4
182421000: system.cpu T0 : 0x120002a50    : addq       r0,r5,r5        : IntAlu :  D=0x00000001200f62c4
182421000: system.cpu T0 : 0x120002a54    : addl       r31,r3,r3       : IntAlu :  D=0x0000000000000007
182421000: system.cpu T0 : 0x120002a58    : addl       r31,r2,r2       : IntAlu :  D=0x0000000000000001
182422000: system.cpu T0 : 0x120002a5c    : cmple      r2,r3,r1        : IntAlu :  D=0x0000000000000001
182422000: system.cpu T0 : 0x120002a60    : addq       r2,r3,r4        : IntAlu :  D=0x0000000000000008
182423000: system.cpu T0 : 0x120002a64    : cmoveq     r1,r2,r3        : IntAlu :  D=0x0000000000000007
182423000: system.cpu T0 : 0x120002a68    : stl        r4,0(r5)        : MemWrite :  D=0x0000000000000008 A=0x1200f62c4
182424000: system.cpu T0 : 0x120002a6c    : stl        r3,0(r6)        : MemWrite :  D=0x0000000000000007 A=0x1200e1ec4
182424000: system.cpu T0 : 0x120002a70    : beq        r7,0x120002a10  : IntAlu : 
182427000: system.cpu T0 : 0x120002a10    : addl       r31,r8,r1       : IntAlu :  D=0x0000000000000010
182428000: system.cpu T0 : 0x120002a14    : ldl        r5,0(r22)       : MemRead :  D=0x0000000000000032 A=0x12008e3f4
182428000: system.cpu T0 : 0x120002a18    : lda        r8,1(r8)        : IntAlu :  D=0x0000000000000011
182428000: system.cpu T0 : 0x120002a1c    : lda        r22,4(r22)      : IntAlu :  D=0x000000012008e3f8
182428000: system.cpu T0 : 0x120002a20    : sra        r1,3,r4         : IntAlu :  D=0x0000000000000002
182429000: system.cpu T0 : 0x120002a24    : and        r1,7,r1         : IntAlu :  D=0x0000000000000000
182429000: system.cpu T0 : 0x120002a28    : cmpeq      r8,64,r7        : IntAlu :  D=0x0000000000000000
182429000: system.cpu T0 : 0x120002a2c    : subq       r24,r1,r1       : IntAlu :  D=0x0000000000000000
182429000: system.cpu T0 : 0x120002a30    : subl       r25,r4,r4       : IntAlu :  D=0x00000000fffffffe
182430000: system.cpu T0 : 0x120002a34    : subq       r31,r1,r3       : IntAlu :  D=0x0000000000000000
182430000: system.cpu T0 : 0x120002a38    : subq       r31,r4,r2       : IntAlu :  D=0x0000000000000002
182430000: system.cpu T0 : 0x120002a3c    : addq       r23,r5,r5       : IntAlu :  D=0x0000000000000ed2
182431000: system.cpu T0 : 0x120002a40    : cmovge     r1,r1,r3        : IntAlu :  D=0x0000000000000000
182431000: system.cpu T0 : 0x120002a44    : cmovge     r4,r4,r2        : IntAlu :  D=0x0000000000000002
182431000: system.cpu T0 : 0x120002a48    : s4addq     r5,0,r5         : IntAlu :  D=0x0000000000003b48
182432000: system.cpu T0 : 0x120002a4c    : addq       r28,r5,r6       : IntAlu :  D=0x00000001200e1ed8
182432000: system.cpu T0 : 0x120002a50    : addq       r0,r5,r5        : IntAlu :  D=0x00000001200f62d8
182432000: system.cpu T0 : 0x120002a54    : addl       r31,r3,r3       : IntAlu :  D=0x0000000000000000
182432000: system.cpu T0 : 0x120002a58    : addl       r31,r2,r2       : IntAlu :  D=0x0000000000000002
182433000: system.cpu T0 : 0x120002a5c    : cmple      r2,r3,r1        : IntAlu :  D=0x0000000000000000
182433000: system.cpu T0 : 0x120002a60    : addq       r2,r3,r4        : IntAlu :  D=0x0000000000000002
182434000: system.cpu T0 : 0x120002a64    : cmoveq     r1,r2,r3        : IntAlu :  D=0x0000000000000002
182434000: system.cpu T0 : 0x120002a68    : stl        r4,0(r5)        : MemWrite :  D=0x0000000000000002 A=0x1200f62d8
182435000: system.cpu T0 : 0x120002a6c    : stl        r3,0(r6)        : MemWrite :  D=0x0000000000000002 A=0x1200e1ed8
182435000: system.cpu T0 : 0x120002a70    : beq        r7,0x120002a10  : IntAlu : 
182438000: system.cpu T0 : 0x120002a10    : addl       r31,r8,r1       : IntAlu :  D=0x0000000000000011
182439000: system.cpu T0 : 0x120002a14    : ldl        r5,0(r22)       : MemRead :  D=0x0000000000000033 A=0x12008e3f8
182439000: system.cpu T0 : 0x120002a18    : lda        r8,1(r8)        : IntAlu :  D=0x0000000000000012
182439000: system.cpu T0 : 0x120002a1c    : lda        r22,4(r22)      : IntAlu :  D=0x000000012008e3fc
182439000: system.cpu T0 : 0x120002a20    : sra        r1,3,r4         : IntAlu :  D=0x0000000000000002
182440000: system.cpu T0 : 0x120002a24    : and        r1,7,r1         : IntAlu :  D=0x0000000000000001
182440000: system.cpu T0 : 0x120002a28    : cmpeq      r8,64,r7        : IntAlu :  D=0x0000000000000000
182440000: system.cpu T0 : 0x120002a2c    : subq       r24,r1,r1       : IntAlu :  D=0xffffffffffffffff
182440000: system.cpu T0 : 0x120002a30    : subl       r25,r4,r4       : IntAlu :  D=0x00000000fffffffe
182441000: system.cpu T0 : 0x120002a34    : subq       r31,r1,r3       : IntAlu :  D=0x0000000000000001
182441000: system.cpu T0 : 0x120002a38    : subq       r31,r4,r2       : IntAlu :  D=0x0000000000000002
182441000: system.cpu T0 : 0x120002a3c    : addq       r23,r5,r5       : IntAlu :  D=0x0000000000000ed3
182442000: system.cpu T0 : 0x120002a40    : cmovge     r1,r1,r3        : IntAlu :  D=0x0000000000000001
182442000: system.cpu T0 : 0x120002a44    : cmovge     r4,r4,r2        : IntAlu :  D=0x0000000000000002
182442000: system.cpu T0 : 0x120002a48    : s4addq     r5,0,r5         : IntAlu :  D=0x0000000000003b4c
182443000: system.cpu T0 : 0x120002a4c    : addq       r28,r5,r6       : IntAlu :  D=0x00000001200e1edc
182443000: system.cpu T0 : 0x120002a50    : addq       r0,r5,r5        : IntAlu :  D=0x00000001200f62dc
182443000: system.cpu T0 : 0x120002a54    : addl       r31,r3,r3       : IntAlu :  D=0x0000000000000001
182443000: system.cpu T0 : 0x120002a58    : addl       r31,r2,r2       : IntAlu :  D=0x0000000000000002
182444000: system.cpu T0 : 0x120002a5c    : cmple      r2,r3,r1        : IntAlu :  D=0x0000000000000000
182444000: system.cpu T0 : 0x120002a60    : addq       r2,r3,r4        : IntAlu :  D=0x0000000000000003
182445000: system.cpu T0 : 0x120002a64    : cmoveq     r1,r2,r3        : IntAlu :  D=0x0000000000000002
182445000: system.cpu T0 : 0x120002a68    : stl        r4,0(r5)        : MemWrite :  D=0x0000000000000003 A=0x1200f62dc
182446000: system.cpu T0 : 0x120002a6c    : stl        r3,0(r6)        : MemWrite :  D=0x0000000000000002 A=0x1200e1edc
182446000: system.cpu T0 : 0x120002a70    : beq        r7,0x120002a10  : IntAlu : 
182449000: system.cpu T0 : 0x120002a10    : addl       r31,r8,r1       : IntAlu :  D=0x0000000000000012
182450000: system.cpu T0 : 0x120002a14    : ldl        r5,0(r22)       : MemRead :  D=0x0000000000000034 A=0x12008e3fc
182450000: system.cpu T0 : 0x120002a18    : lda        r8,1(r8)        : IntAlu :  D=0x0000000000000013
182450000: system.cpu T0 : 0x120002a1c    : lda        r22,4(r22)      : IntAlu :  D=0x000000012008e400
182450000: system.cpu T0 : 0x120002a20    : sra        r1,3,r4         : IntAlu :  D=0x0000000000000002
182451000: system.cpu T0 : 0x120002a24    : and        r1,7,r1         : IntAlu :  D=0x0000000000000002
182451000: system.cpu T0 : 0x120002a28    : cmpeq      r8,64,r7        : IntAlu :  D=0x0000000000000000
182451000: system.cpu T0 : 0x120002a2c    : subq       r24,r1,r1       : IntAlu :  D=0xfffffffffffffffe
182451000: system.cpu T0 : 0x120002a30    : subl       r25,r4,r4       : IntAlu :  D=0x00000000fffffffe
182452000: system.cpu T0 : 0x120002a34    : subq       r31,r1,r3       : IntAlu :  D=0x0000000000000002
182452000: system.cpu T0 : 0x120002a38    : subq       r31,r4,r2       : IntAlu :  D=0x0000000000000002
182452000: system.cpu T0 : 0x120002a3c    : addq       r23,r5,r5       : IntAlu :  D=0x0000000000000ed4
182453000: system.cpu T0 : 0x120002a40    : cmovge     r1,r1,r3        : IntAlu :  D=0x0000000000000002
182453000: system.cpu T0 : 0x120002a44    : cmovge     r4,r4,r2        : IntAlu :  D=0x0000000000000002
182453000: system.cpu T0 : 0x120002a48    : s4addq     r5,0,r5         : IntAlu :  D=0x0000000000003b50
182454000: system.cpu T0 : 0x120002a4c    : addq       r28,r5,r6       : IntAlu :  D=0x00000001200e1ee0
182454000: system.cpu T0 : 0x120002a50    : addq       r0,r5,r5        : IntAlu :  D=0x00000001200f62e0
182454000: system.cpu T0 : 0x120002a54    : addl       r31,r3,r3       : IntAlu :  D=0x0000000000000002
182454000: system.cpu T0 : 0x120002a58    : addl       r31,r2,r2       : IntAlu :  D=0x0000000000000002
182455000: system.cpu T0 : 0x120002a5c    : cmple      r2,r3,r1        : IntAlu :  D=0x0000000000000001
182455000: system.cpu T0 : 0x120002a60    : addq       r2,r3,r4        : IntAlu :  D=0x0000000000000004
182456000: system.cpu T0 : 0x120002a64    : cmoveq     r1,r2,r3        : IntAlu :  D=0x0000000000000002
182456000: system.cpu T0 : 0x120002a68    : stl        r4,0(r5)        : MemWrite :  D=0x0000000000000004 A=0x1200f62e0
182457000: system.cpu T0 : 0x120002a6c    : stl        r3,0(r6)        : MemWrite :  D=0x0000000000000002 A=0x1200e1ee0
182457000: system.cpu T0 : 0x120002a70    : beq        r7,0x120002a10  : IntAlu : 
182460000: system.cpu T0 : 0x120002a10    : addl       r31,r8,r1       : IntAlu :  D=0x0000000000000013
182883000: system.cpu T0 : 0x120002a14    : ldl        r5,0(r22)       : MemRead :  D=0x0000000000000035 A=0x12008e400
182883000: system.cpu T0 : 0x120002a18    : lda        r8,1(r8)        : IntAlu :  D=0x0000000000000014
182883000: system.cpu T0 : 0x120002a1c    : lda        r22,4(r22)      : IntAlu :  D=0x000000012008e404
182883000: system.cpu T0 : 0x120002a20    : sra        r1,3,r4         : IntAlu :  D=0x0000000000000002
182884000: system.cpu T0 : 0x120002a24    : and        r1,7,r1         : IntAlu :  D=0x0000000000000003
182884000: system.cpu T0 : 0x120002a28    : cmpeq      r8,64,r7        : IntAlu :  D=0x0000000000000000
182884000: system.cpu T0 : 0x120002a2c    : subq       r24,r1,r1       : IntAlu :  D=0xfffffffffffffffd
182884000: system.cpu T0 : 0x120002a30    : subl       r25,r4,r4       : IntAlu :  D=0x00000000fffffffe
182885000: system.cpu T0 : 0x120002a34    : subq       r31,r1,r3       : IntAlu :  D=0x0000000000000003
182885000: system.cpu T0 : 0x120002a38    : subq       r31,r4,r2       : IntAlu :  D=0x0000000000000002
182885000: system.cpu T0 : 0x120002a3c    : addq       r23,r5,r5       : IntAlu :  D=0x0000000000000ed5
182885000: system.cpu T0 : 0x120002a40    : cmovge     r1,r1,r3        : IntAlu :  D=0x0000000000000003
182886000: system.cpu T0 : 0x120002a44    : cmovge     r4,r4,r2        : IntAlu :  D=0x0000000000000002
182886000: system.cpu T0 : 0x120002a48    : s4addq     r5,0,r5         : IntAlu :  D=0x0000000000003b54
182887000: system.cpu T0 : 0x120002a4c    : addq       r28,r5,r6       : IntAlu :  D=0x00000001200e1ee4
182887000: system.cpu T0 : 0x120002a50    : addq       r0,r5,r5        : IntAlu :  D=0x00000001200f62e4
182887000: system.cpu T0 : 0x120002a54    : addl       r31,r3,r3       : IntAlu :  D=0x0000000000000003
182887000: system.cpu T0 : 0x120002a58    : addl       r31,r2,r2       : IntAlu :  D=0x0000000000000002
182888000: system.cpu T0 : 0x120002a5c    : cmple      r2,r3,r1        : IntAlu :  D=0x0000000000000001
182888000: system.cpu T0 : 0x120002a60    : addq       r2,r3,r4        : IntAlu :  D=0x0000000000000005
182889000: system.cpu T0 : 0x120002a64    : cmoveq     r1,r2,r3        : IntAlu :  D=0x0000000000000003
182889000: system.cpu T0 : 0x120002a68    : stl        r4,0(r5)        : MemWrite :  D=0x0000000000000005 A=0x1200f62e4
182890000: system.cpu T0 : 0x120002a6c    : stl        r3,0(r6)        : MemWrite :  D=0x0000000000000003 A=0x1200e1ee4
182890000: system.cpu T0 : 0x120002a70    : beq        r7,0x120002a10  : IntAlu : 
182893000: system.cpu T0 : 0x120002a10    : addl       r31,r8,r1       : IntAlu :  D=0x0000000000000014
182894000: system.cpu T0 : 0x120002a14    : ldl        r5,0(r22)       : MemRead :  D=0x0000000000000036 A=0x12008e404
182894000: system.cpu T0 : 0x120002a18    : lda        r8,1(r8)        : IntAlu :  D=0x0000000000000015
182894000: system.cpu T0 : 0x120002a1c    : lda        r22,4(r22)      : IntAlu :  D=0x000000012008e408
182894000: system.cpu T0 : 0x120002a20    : sra        r1,3,r4         : IntAlu :  D=0x0000000000000002
182895000: system.cpu T0 : 0x120002a24    : and        r1,7,r1         : IntAlu :  D=0x0000000000000004
182895000: system.cpu T0 : 0x120002a28    : cmpeq      r8,64,r7        : IntAlu :  D=0x0000000000000000
182895000: system.cpu T0 : 0x120002a2c    : subq       r24,r1,r1       : IntAlu :  D=0xfffffffffffffffc
182895000: system.cpu T0 : 0x120002a30    : subl       r25,r4,r4       : IntAlu :  D=0x00000000fffffffe
182896000: system.cpu T0 : 0x120002a34    : subq       r31,r1,r3       : IntAlu :  D=0x0000000000000004
182896000: system.cpu T0 : 0x120002a38    : subq       r31,r4,r2       : IntAlu :  D=0x0000000000000002
182896000: system.cpu T0 : 0x120002a3c    : addq       r23,r5,r5       : IntAlu :  D=0x0000000000000ed6
182897000: system.cpu T0 : 0x120002a40    : cmovge     r1,r1,r3        : IntAlu :  D=0x0000000000000004
182897000: system.cpu T0 : 0x120002a44    : cmovge     r4,r4,r2        : IntAlu :  D=0x0000000000000002
182897000: system.cpu T0 : 0x120002a48    : s4addq     r5,0,r5         : IntAlu :  D=0x0000000000003b58
182898000: system.cpu T0 : 0x120002a4c    : addq       r28,r5,r6       : IntAlu :  D=0x00000001200e1ee8
182898000: system.cpu T0 : 0x120002a50    : addq       r0,r5,r5        : IntAlu :  D=0x00000001200f62e8
182898000: system.cpu T0 : 0x120002a54    : addl       r31,r3,r3       : IntAlu :  D=0x0000000000000004
182898000: system.cpu T0 : 0x120002a58    : addl       r31,r2,r2       : IntAlu :  D=0x0000000000000002
182899000: system.cpu T0 : 0x120002a5c    : cmple      r2,r3,r1        : IntAlu :  D=0x0000000000000001
182899000: system.cpu T0 : 0x120002a60    : addq       r2,r3,r4        : IntAlu :  D=0x0000000000000006
182900000: system.cpu T0 : 0x120002a64    : cmoveq     r1,r2,r3        : IntAlu :  D=0x0000000000000004
182900000: system.cpu T0 : 0x120002a68    : stl        r4,0(r5)        : MemWrite :  D=0x0000000000000006 A=0x1200f62e8
182901000: system.cpu T0 : 0x120002a6c    : stl        r3,0(r6)        : MemWrite :  D=0x0000000000000004 A=0x1200e1ee8
182901000: system.cpu T0 : 0x120002a70    : beq        r7,0x120002a10  : IntAlu : 
182904000: system.cpu T0 : 0x120002a10    : addl       r31,r8,r1       : IntAlu :  D=0x0000000000000015
182905000: system.cpu T0 : 0x120002a14    : ldl        r5,0(r22)       : MemRead :  D=0x0000000000000037 A=0x12008e408
182905000: system.cpu T0 : 0x120002a18    : lda        r8,1(r8)        : IntAlu :  D=0x0000000000000016
182905000: system.cpu T0 : 0x120002a1c    : lda        r22,4(r22)      : IntAlu :  D=0x000000012008e40c
182905000: system.cpu T0 : 0x120002a20    : sra        r1,3,r4         : IntAlu :  D=0x0000000000000002
182906000: system.cpu T0 : 0x120002a24    : and        r1,7,r1         : IntAlu :  D=0x0000000000000005
182906000: system.cpu T0 : 0x120002a28    : cmpeq      r8,64,r7        : IntAlu :  D=0x0000000000000000
182906000: system.cpu T0 : 0x120002a2c    : subq       r24,r1,r1       : IntAlu :  D=0xfffffffffffffffb
182906000: system.cpu T0 : 0x120002a30    : subl       r25,r4,r4       : IntAlu :  D=0x00000000fffffffe
182907000: system.cpu T0 : 0x120002a34    : subq       r31,r1,r3       : IntAlu :  D=0x0000000000000005
182907000: system.cpu T0 : 0x120002a38    : subq       r31,r4,r2       : IntAlu :  D=0x0000000000000002
182907000: system.cpu T0 : 0x120002a3c    : addq       r23,r5,r5       : IntAlu :  D=0x0000000000000ed7
182908000: system.cpu T0 : 0x120002a40    : cmovge     r1,r1,r3        : IntAlu :  D=0x0000000000000005
182908000: system.cpu T0 : 0x120002a44    : cmovge     r4,r4,r2        : IntAlu :  D=0x0000000000000002
182908000: system.cpu T0 : 0x120002a48    : s4addq     r5,0,r5         : IntAlu :  D=0x0000000000003b5c
182909000: system.cpu T0 : 0x120002a4c    : addq       r28,r5,r6       : IntAlu :  D=0x00000001200e1eec
182909000: system.cpu T0 : 0x120002a50    : addq       r0,r5,r5        : IntAlu :  D=0x00000001200f62ec
182909000: system.cpu T0 : 0x120002a54    : addl       r31,r3,r3       : IntAlu :  D=0x0000000000000005
182909000: system.cpu T0 : 0x120002a58    : addl       r31,r2,r2       : IntAlu :  D=0x0000000000000002
182910000: system.cpu T0 : 0x120002a5c    : cmple      r2,r3,r1        : IntAlu :  D=0x0000000000000001
182910000: system.cpu T0 : 0x120002a60    : addq       r2,r3,r4        : IntAlu :  D=0x0000000000000007
182911000: system.cpu T0 : 0x120002a64    : cmoveq     r1,r2,r3        : IntAlu :  D=0x0000000000000005
182911000: system.cpu T0 : 0x120002a68    : stl        r4,0(r5)        : MemWrite :  D=0x0000000000000007 A=0x1200f62ec
182912000: system.cpu T0 : 0x120002a6c    : stl        r3,0(r6)        : MemWrite :  D=0x0000000000000005 A=0x1200e1eec
182912000: system.cpu T0 : 0x120002a70    : beq        r7,0x120002a10  : IntAlu : 
182915000: system.cpu T0 : 0x120002a10    : addl       r31,r8,r1       : IntAlu :  D=0x0000000000000016
182916000: system.cpu T0 : 0x120002a14    : ldl        r5,0(r22)       : MemRead :  D=0x0000000000000038 A=0x12008e40c
182916000: system.cpu T0 : 0x120002a18    : lda        r8,1(r8)        : IntAlu :  D=0x0000000000000017
182916000: system.cpu T0 : 0x120002a1c    : lda        r22,4(r22)      : IntAlu :  D=0x000000012008e410
182916000: system.cpu T0 : 0x120002a20    : sra        r1,3,r4         : IntAlu :  D=0x0000000000000002
182917000: system.cpu T0 : 0x120002a24    : and        r1,7,r1         : IntAlu :  D=0x0000000000000006
182917000: system.cpu T0 : 0x120002a28    : cmpeq      r8,64,r7        : IntAlu :  D=0x0000000000000000
182917000: system.cpu T0 : 0x120002a2c    : subq       r24,r1,r1       : IntAlu :  D=0xfffffffffffffffa
182917000: system.cpu T0 : 0x120002a30    : subl       r25,r4,r4       : IntAlu :  D=0x00000000fffffffe
182918000: system.cpu T0 : 0x120002a34    : subq       r31,r1,r3       : IntAlu :  D=0x0000000000000006
182918000: system.cpu T0 : 0x120002a38    : subq       r31,r4,r2       : IntAlu :  D=0x0000000000000002
182918000: system.cpu T0 : 0x120002a3c    : addq       r23,r5,r5       : IntAlu :  D=0x0000000000000ed8
182919000: system.cpu T0 : 0x120002a40    : cmovge     r1,r1,r3        : IntAlu :  D=0x0000000000000006
182919000: system.cpu T0 : 0x120002a44    : cmovge     r4,r4,r2        : IntAlu :  D=0x0000000000000002
182919000: system.cpu T0 : 0x120002a48    : s4addq     r5,0,r5         : IntAlu :  D=0x0000000000003b60
182920000: system.cpu T0 : 0x120002a4c    : addq       r28,r5,r6       : IntAlu :  D=0x00000001200e1ef0
182920000: system.cpu T0 : 0x120002a50    : addq       r0,r5,r5        : IntAlu :  D=0x00000001200f62f0
182920000: system.cpu T0 : 0x120002a54    : addl       r31,r3,r3       : IntAlu :  D=0x0000000000000006
182920000: system.cpu T0 : 0x120002a58    : addl       r31,r2,r2       : IntAlu :  D=0x0000000000000002
182921000: system.cpu T0 : 0x120002a5c    : cmple      r2,r3,r1        : IntAlu :  D=0x0000000000000001
182921000: system.cpu T0 : 0x120002a60    : addq       r2,r3,r4        : IntAlu :  D=0x0000000000000008
182922000: system.cpu T0 : 0x120002a64    : cmoveq     r1,r2,r3        : IntAlu :  D=0x0000000000000006
182922000: system.cpu T0 : 0x120002a68    : stl        r4,0(r5)        : MemWrite :  D=0x0000000000000008 A=0x1200f62f0
182923000: system.cpu T0 : 0x120002a6c    : stl        r3,0(r6)        : MemWrite :  D=0x0000000000000006 A=0x1200e1ef0
182923000: system.cpu T0 : 0x120002a70    : beq        r7,0x120002a10  : IntAlu : 
182926000: system.cpu T0 : 0x120002a10    : addl       r31,r8,r1       : IntAlu :  D=0x0000000000000017
182927000: system.cpu T0 : 0x120002a14    : ldl        r5,0(r22)       : MemRead :  D=0x0000000000000039 A=0x12008e410
182927000: system.cpu T0 : 0x120002a18    : lda        r8,1(r8)        : IntAlu :  D=0x0000000000000018
182927000: system.cpu T0 : 0x120002a1c    : lda        r22,4(r22)      : IntAlu :  D=0x000000012008e414
182927000: system.cpu T0 : 0x120002a20    : sra        r1,3,r4         : IntAlu :  D=0x0000000000000002
182928000: system.cpu T0 : 0x120002a24    : and        r1,7,r1         : IntAlu :  D=0x0000000000000007
182928000: system.cpu T0 : 0x120002a28    : cmpeq      r8,64,r7        : IntAlu :  D=0x0000000000000000
182928000: system.cpu T0 : 0x120002a2c    : subq       r24,r1,r1       : IntAlu :  D=0xfffffffffffffff9
182928000: system.cpu T0 : 0x120002a30    : subl       r25,r4,r4       : IntAlu :  D=0x00000000fffffffe
182929000: system.cpu T0 : 0x120002a34    : subq       r31,r1,r3       : IntAlu :  D=0x0000000000000007
182929000: system.cpu T0 : 0x120002a38    : subq       r31,r4,r2       : IntAlu :  D=0x0000000000000002
182929000: system.cpu T0 : 0x120002a3c    : addq       r23,r5,r5       : IntAlu :  D=0x0000000000000ed9
182930000: system.cpu T0 : 0x120002a40    : cmovge     r1,r1,r3        : IntAlu :  D=0x0000000000000007
182930000: system.cpu T0 : 0x120002a44    : cmovge     r4,r4,r2        : IntAlu :  D=0x0000000000000002
182930000: system.cpu T0 : 0x120002a48    : s4addq     r5,0,r5         : IntAlu :  D=0x0000000000003b64
182931000: system.cpu T0 : 0x120002a4c    : addq       r28,r5,r6       : IntAlu :  D=0x00000001200e1ef4
182931000: system.cpu T0 : 0x120002a50    : addq       r0,r5,r5        : IntAlu :  D=0x00000001200f62f4
182931000: system.cpu T0 : 0x120002a54    : addl       r31,r3,r3       : IntAlu :  D=0x0000000000000007
182931000: system.cpu T0 : 0x120002a58    : addl       r31,r2,r2       : IntAlu :  D=0x0000000000000002
182932000: system.cpu T0 : 0x120002a5c    : cmple      r2,r3,r1        : IntAlu :  D=0x0000000000000001
182932000: system.cpu T0 : 0x120002a60    : addq       r2,r3,r4        : IntAlu :  D=0x0000000000000009
182933000: system.cpu T0 : 0x120002a64    : cmoveq     r1,r2,r3        : IntAlu :  D=0x0000000000000007
182933000: system.cpu T0 : 0x120002a68    : stl        r4,0(r5)        : MemWrite :  D=0x0000000000000009 A=0x1200f62f4
182934000: system.cpu T0 : 0x120002a6c    : stl        r3,0(r6)        : MemWrite :  D=0x0000000000000007 A=0x1200e1ef4
182934000: system.cpu T0 : 0x120002a70    : beq        r7,0x120002a10  : IntAlu : 
182937000: system.cpu T0 : 0x120002a10    : addl       r31,r8,r1       : IntAlu :  D=0x0000000000000018
182938000: system.cpu T0 : 0x120002a14    : ldl        r5,0(r22)       : MemRead :  D=0x000000000000003e A=0x12008e414
182938000: system.cpu T0 : 0x120002a18    : lda        r8,1(r8)        : IntAlu :  D=0x0000000000000019
182938000: system.cpu T0 : 0x120002a1c    : lda        r22,4(r22)      : IntAlu :  D=0x000000012008e418
182938000: system.cpu T0 : 0x120002a20    : sra        r1,3,r4         : IntAlu :  D=0x0000000000000003
182939000: system.cpu T0 : 0x120002a24    : and        r1,7,r1         : IntAlu :  D=0x0000000000000000
182939000: system.cpu T0 : 0x120002a28    : cmpeq      r8,64,r7        : IntAlu :  D=0x0000000000000000
182939000: system.cpu T0 : 0x120002a2c    : subq       r24,r1,r1       : IntAlu :  D=0x0000000000000000
182939000: system.cpu T0 : 0x120002a30    : subl       r25,r4,r4       : IntAlu :  D=0x00000000fffffffd
182940000: system.cpu T0 : 0x120002a34    : subq       r31,r1,r3       : IntAlu :  D=0x0000000000000000
182940000: system.cpu T0 : 0x120002a38    : subq       r31,r4,r2       : IntAlu :  D=0x0000000000000003
182940000: system.cpu T0 : 0x120002a3c    : addq       r23,r5,r5       : IntAlu :  D=0x0000000000000ede
182941000: system.cpu T0 : 0x120002a40    : cmovge     r1,r1,r3        : IntAlu :  D=0x0000000000000000
182941000: system.cpu T0 : 0x120002a44    : cmovge     r4,r4,r2        : IntAlu :  D=0x0000000000000003
182941000: system.cpu T0 : 0x120002a48    : s4addq     r5,0,r5         : IntAlu :  D=0x0000000000003b78
182942000: system.cpu T0 : 0x120002a4c    : addq       r28,r5,r6       : IntAlu :  D=0x00000001200e1f08
182942000: system.cpu T0 : 0x120002a50    : addq       r0,r5,r5        : IntAlu :  D=0x00000001200f6308
182942000: system.cpu T0 : 0x120002a54    : addl       r31,r3,r3       : IntAlu :  D=0x0000000000000000
182942000: system.cpu T0 : 0x120002a58    : addl       r31,r2,r2       : IntAlu :  D=0x0000000000000003
182943000: system.cpu T0 : 0x120002a5c    : cmple      r2,r3,r1        : IntAlu :  D=0x0000000000000000
182943000: system.cpu T0 : 0x120002a60    : addq       r2,r3,r4        : IntAlu :  D=0x0000000000000003
182944000: system.cpu T0 : 0x120002a64    : cmoveq     r1,r2,r3        : IntAlu :  D=0x0000000000000003
182944000: system.cpu T0 : 0x120002a68    : stl        r4,0(r5)        : MemWrite :  D=0x0000000000000003 A=0x1200f6308
182945000: system.cpu T0 : 0x120002a6c    : stl        r3,0(r6)        : MemWrite :  D=0x0000000000000003 A=0x1200e1f08
182945000: system.cpu T0 : 0x120002a70    : beq        r7,0x120002a10  : IntAlu : 
182948000: system.cpu T0 : 0x120002a10    : addl       r31,r8,r1       : IntAlu :  D=0x0000000000000019
182949000: system.cpu T0 : 0x120002a14    : ldl        r5,0(r22)       : MemRead :  D=0x000000000000003f A=0x12008e418
182949000: system.cpu T0 : 0x120002a18    : lda        r8,1(r8)        : IntAlu :  D=0x000000000000001a
182949000: system.cpu T0 : 0x120002a1c    : lda        r22,4(r22)      : IntAlu :  D=0x000000012008e41c
182949000: system.cpu T0 : 0x120002a20    : sra        r1,3,r4         : IntAlu :  D=0x0000000000000003
182950000: system.cpu T0 : 0x120002a24    : and        r1,7,r1         : IntAlu :  D=0x0000000000000001
182950000: system.cpu T0 : 0x120002a28    : cmpeq      r8,64,r7        : IntAlu :  D=0x0000000000000000
182950000: system.cpu T0 : 0x120002a2c    : subq       r24,r1,r1       : IntAlu :  D=0xffffffffffffffff
182950000: system.cpu T0 : 0x120002a30    : subl       r25,r4,r4       : IntAlu :  D=0x00000000fffffffd
182951000: system.cpu T0 : 0x120002a34    : subq       r31,r1,r3       : IntAlu :  D=0x0000000000000001
182951000: system.cpu T0 : 0x120002a38    : subq       r31,r4,r2       : IntAlu :  D=0x0000000000000003
182951000: system.cpu T0 : 0x120002a3c    : addq       r23,r5,r5       : IntAlu :  D=0x0000000000000edf
182952000: system.cpu T0 : 0x120002a40    : cmovge     r1,r1,r3        : IntAlu :  D=0x0000000000000001
182952000: system.cpu T0 : 0x120002a44    : cmovge     r4,r4,r2        : IntAlu :  D=0x0000000000000003
182952000: system.cpu T0 : 0x120002a48    : s4addq     r5,0,r5         : IntAlu :  D=0x0000000000003b7c
182953000: system.cpu T0 : 0x120002a4c    : addq       r28,r5,r6       : IntAlu :  D=0x00000001200e1f0c
182953000: system.cpu T0 : 0x120002a50    : addq       r0,r5,r5        : IntAlu :  D=0x00000001200f630c
182953000: system.cpu T0 : 0x120002a54    : addl       r31,r3,r3       : IntAlu :  D=0x0000000000000001
182953000: system.cpu T0 : 0x120002a58    : addl       r31,r2,r2       : IntAlu :  D=0x0000000000000003
182954000: system.cpu T0 : 0x120002a5c    : cmple      r2,r3,r1        : IntAlu :  D=0x0000000000000000
182954000: system.cpu T0 : 0x120002a60    : addq       r2,r3,r4        : IntAlu :  D=0x0000000000000004
182955000: system.cpu T0 : 0x120002a64    : cmoveq     r1,r2,r3        : IntAlu :  D=0x0000000000000003
182955000: system.cpu T0 : 0x120002a68    : stl        r4,0(r5)        : MemWrite :  D=0x0000000000000004 A=0x1200f630c
182956000: system.cpu T0 : 0x120002a6c    : stl        r3,0(r6)        : MemWrite :  D=0x0000000000000003 A=0x1200e1f0c
182956000: system.cpu T0 : 0x120002a70    : beq        r7,0x120002a10  : IntAlu : 
182959000: system.cpu T0 : 0x120002a10    : addl       r31,r8,r1       : IntAlu :  D=0x000000000000001a
182960000: system.cpu T0 : 0x120002a14    : ldl        r5,0(r22)       : MemRead :  D=0x0000000000000040 A=0x12008e41c
182960000: system.cpu T0 : 0x120002a18    : lda        r8,1(r8)        : IntAlu :  D=0x000000000000001b
182960000: system.cpu T0 : 0x120002a1c    : lda        r22,4(r22)      : IntAlu :  D=0x000000012008e420
182960000: system.cpu T0 : 0x120002a20    : sra        r1,3,r4         : IntAlu :  D=0x0000000000000003
182961000: system.cpu T0 : 0x120002a24    : and        r1,7,r1         : IntAlu :  D=0x0000000000000002
182961000: system.cpu T0 : 0x120002a28    : cmpeq      r8,64,r7        : IntAlu :  D=0x0000000000000000
182961000: system.cpu T0 : 0x120002a2c    : subq       r24,r1,r1       : IntAlu :  D=0xfffffffffffffffe
182961000: system.cpu T0 : 0x120002a30    : subl       r25,r4,r4       : IntAlu :  D=0x00000000fffffffd
182962000: system.cpu T0 : 0x120002a34    : subq       r31,r1,r3       : IntAlu :  D=0x0000000000000002
182962000: system.cpu T0 : 0x120002a38    : subq       r31,r4,r2       : IntAlu :  D=0x0000000000000003
182962000: system.cpu T0 : 0x120002a3c    : addq       r23,r5,r5       : IntAlu :  D=0x0000000000000ee0
182963000: system.cpu T0 : 0x120002a40    : cmovge     r1,r1,r3        : IntAlu :  D=0x0000000000000002
182963000: system.cpu T0 : 0x120002a44    : cmovge     r4,r4,r2        : IntAlu :  D=0x0000000000000003
182963000: system.cpu T0 : 0x120002a48    : s4addq     r5,0,r5         : IntAlu :  D=0x0000000000003b80
182964000: system.cpu T0 : 0x120002a4c    : addq       r28,r5,r6       : IntAlu :  D=0x00000001200e1f10
182964000: system.cpu T0 : 0x120002a50    : addq       r0,r5,r5        : IntAlu :  D=0x00000001200f6310
182964000: system.cpu T0 : 0x120002a54    : addl       r31,r3,r3       : IntAlu :  D=0x0000000000000002
182964000: system.cpu T0 : 0x120002a58    : addl       r31,r2,r2       : IntAlu :  D=0x0000000000000003
182965000: system.cpu T0 : 0x120002a5c    : cmple      r2,r3,r1        : IntAlu :  D=0x0000000000000000
182965000: system.cpu T0 : 0x120002a60    : addq       r2,r3,r4        : IntAlu :  D=0x0000000000000005
182966000: system.cpu T0 : 0x120002a64    : cmoveq     r1,r2,r3        : IntAlu :  D=0x0000000000000003
182966000: system.cpu T0 : 0x120002a68    : stl        r4,0(r5)        : MemWrite :  D=0x0000000000000005 A=0x1200f6310
182967000: system.cpu T0 : 0x120002a6c    : stl        r3,0(r6)        : MemWrite :  D=0x0000000000000003 A=0x1200e1f10
182967000: system.cpu T0 : 0x120002a70    : beq        r7,0x120002a10  : IntAlu : 
182970000: system.cpu T0 : 0x120002a10    : addl       r31,r8,r1       : IntAlu :  D=0x000000000000001b
182971000: system.cpu T0 : 0x120002a14    : ldl        r5,0(r22)       : MemRead :  D=0x0000000000000041 A=0x12008e420
182971000: system.cpu T0 : 0x120002a18    : lda        r8,1(r8)        : IntAlu :  D=0x000000000000001c
182971000: system.cpu T0 : 0x120002a1c    : lda        r22,4(r22)      : IntAlu :  D=0x000000012008e424
182971000: system.cpu T0 : 0x120002a20    : sra        r1,3,r4         : IntAlu :  D=0x0000000000000003
182972000: system.cpu T0 : 0x120002a24    : and        r1,7,r1         : IntAlu :  D=0x0000000000000003
182972000: system.cpu T0 : 0x120002a28    : cmpeq      r8,64,r7        : IntAlu :  D=0x0000000000000000
182972000: system.cpu T0 : 0x120002a2c    : subq       r24,r1,r1       : IntAlu :  D=0xfffffffffffffffd
182972000: system.cpu T0 : 0x120002a30    : subl       r25,r4,r4       : IntAlu :  D=0x00000000fffffffd
182973000: system.cpu T0 : 0x120002a34    : subq       r31,r1,r3       : IntAlu :  D=0x0000000000000003
182973000: system.cpu T0 : 0x120002a38    : subq       r31,r4,r2       : IntAlu :  D=0x0000000000000003
182973000: system.cpu T0 : 0x120002a3c    : addq       r23,r5,r5       : IntAlu :  D=0x0000000000000ee1
182974000: system.cpu T0 : 0x120002a40    : cmovge     r1,r1,r3        : IntAlu :  D=0x0000000000000003
182974000: system.cpu T0 : 0x120002a44    : cmovge     r4,r4,r2        : IntAlu :  D=0x0000000000000003
182974000: system.cpu T0 : 0x120002a48    : s4addq     r5,0,r5         : IntAlu :  D=0x0000000000003b84
182975000: system.cpu T0 : 0x120002a4c    : addq       r28,r5,r6       : IntAlu :  D=0x00000001200e1f14
182975000: system.cpu T0 : 0x120002a50    : addq       r0,r5,r5        : IntAlu :  D=0x00000001200f6314
182975000: system.cpu T0 : 0x120002a54    : addl       r31,r3,r3       : IntAlu :  D=0x0000000000000003
182975000: system.cpu T0 : 0x120002a58    : addl       r31,r2,r2       : IntAlu :  D=0x0000000000000003
182976000: system.cpu T0 : 0x120002a5c    : cmple      r2,r3,r1        : IntAlu :  D=0x0000000000000001
182976000: system.cpu T0 : 0x120002a60    : addq       r2,r3,r4        : IntAlu :  D=0x0000000000000006
182977000: system.cpu T0 : 0x120002a64    : cmoveq     r1,r2,r3        : IntAlu :  D=0x0000000000000003
182977000: system.cpu T0 : 0x120002a68    : stl        r4,0(r5)        : MemWrite :  D=0x0000000000000006 A=0x1200f6314
182978000: system.cpu T0 : 0x120002a6c    : stl        r3,0(r6)        : MemWrite :  D=0x0000000000000003 A=0x1200e1f14
182978000: system.cpu T0 : 0x120002a70    : beq        r7,0x120002a10  : IntAlu : 
182981000: system.cpu T0 : 0x120002a10    : addl       r31,r8,r1       : IntAlu :  D=0x000000000000001c
182982000: system.cpu T0 : 0x120002a14    : ldl        r5,0(r22)       : MemRead :  D=0x0000000000000042 A=0x12008e424
182982000: system.cpu T0 : 0x120002a18    : lda        r8,1(r8)        : IntAlu :  D=0x000000000000001d
182982000: system.cpu T0 : 0x120002a1c    : lda        r22,4(r22)      : IntAlu :  D=0x000000012008e428
182982000: system.cpu T0 : 0x120002a20    : sra        r1,3,r4         : IntAlu :  D=0x0000000000000003
182983000: system.cpu T0 : 0x120002a24    : and        r1,7,r1         : IntAlu :  D=0x0000000000000004
182983000: system.cpu T0 : 0x120002a28    : cmpeq      r8,64,r7        : IntAlu :  D=0x0000000000000000
182983000: system.cpu T0 : 0x120002a2c    : subq       r24,r1,r1       : IntAlu :  D=0xfffffffffffffffc
182983000: system.cpu T0 : 0x120002a30    : subl       r25,r4,r4       : IntAlu :  D=0x00000000fffffffd
182984000: system.cpu T0 : 0x120002a34    : subq       r31,r1,r3       : IntAlu :  D=0x0000000000000004
182984000: system.cpu T0 : 0x120002a38    : subq       r31,r4,r2       : IntAlu :  D=0x0000000000000003
182984000: system.cpu T0 : 0x120002a3c    : addq       r23,r5,r5       : IntAlu :  D=0x0000000000000ee2
182985000: system.cpu T0 : 0x120002a40    : cmovge     r1,r1,r3        : IntAlu :  D=0x0000000000000004
182985000: system.cpu T0 : 0x120002a44    : cmovge     r4,r4,r2        : IntAlu :  D=0x0000000000000003
182985000: system.cpu T0 : 0x120002a48    : s4addq     r5,0,r5         : IntAlu :  D=0x0000000000003b88
182986000: system.cpu T0 : 0x120002a4c    : addq       r28,r5,r6       : IntAlu :  D=0x00000001200e1f18
182986000: system.cpu T0 : 0x120002a50    : addq       r0,r5,r5        : IntAlu :  D=0x00000001200f6318
182986000: system.cpu T0 : 0x120002a54    : addl       r31,r3,r3       : IntAlu :  D=0x0000000000000004
182986000: system.cpu T0 : 0x120002a58    : addl       r31,r2,r2       : IntAlu :  D=0x0000000000000003
182987000: system.cpu T0 : 0x120002a5c    : cmple      r2,r3,r1        : IntAlu :  D=0x0000000000000001
182987000: system.cpu T0 : 0x120002a60    : addq       r2,r3,r4        : IntAlu :  D=0x0000000000000007
182988000: system.cpu T0 : 0x120002a64    : cmoveq     r1,r2,r3        : IntAlu :  D=0x0000000000000004
182988000: system.cpu T0 : 0x120002a68    : stl        r4,0(r5)        : MemWrite :  D=0x0000000000000007 A=0x1200f6318
182989000: system.cpu T0 : 0x120002a6c    : stl        r3,0(r6)        : MemWrite :  D=0x0000000000000004 A=0x1200e1f18
182989000: system.cpu T0 : 0x120002a70    : beq        r7,0x120002a10  : IntAlu : 
182992000: system.cpu T0 : 0x120002a10    : addl       r31,r8,r1       : IntAlu :  D=0x000000000000001d
182993000: system.cpu T0 : 0x120002a14    : ldl        r5,0(r22)       : MemRead :  D=0x0000000000000043 A=0x12008e428
182993000: system.cpu T0 : 0x120002a18    : lda        r8,1(r8)        : IntAlu :  D=0x000000000000001e
182993000: system.cpu T0 : 0x120002a1c    : lda        r22,4(r22)      : IntAlu :  D=0x000000012008e42c
182993000: system.cpu T0 : 0x120002a20    : sra        r1,3,r4         : IntAlu :  D=0x0000000000000003
182994000: system.cpu T0 : 0x120002a24    : and        r1,7,r1         : IntAlu :  D=0x0000000000000005
182994000: system.cpu T0 : 0x120002a28    : cmpeq      r8,64,r7        : IntAlu :  D=0x0000000000000000
182994000: system.cpu T0 : 0x120002a2c    : subq       r24,r1,r1       : IntAlu :  D=0xfffffffffffffffb
182994000: system.cpu T0 : 0x120002a30    : subl       r25,r4,r4       : IntAlu :  D=0x00000000fffffffd
182995000: system.cpu T0 : 0x120002a34    : subq       r31,r1,r3       : IntAlu :  D=0x0000000000000005
182995000: system.cpu T0 : 0x120002a38    : subq       r31,r4,r2       : IntAlu :  D=0x0000000000000003
182995000: system.cpu T0 : 0x120002a3c    : addq       r23,r5,r5       : IntAlu :  D=0x0000000000000ee3
182996000: system.cpu T0 : 0x120002a40    : cmovge     r1,r1,r3        : IntAlu :  D=0x0000000000000005
182996000: system.cpu T0 : 0x120002a44    : cmovge     r4,r4,r2        : IntAlu :  D=0x0000000000000003
182996000: system.cpu T0 : 0x120002a48    : s4addq     r5,0,r5         : IntAlu :  D=0x0000000000003b8c
182997000: system.cpu T0 : 0x120002a4c    : addq       r28,r5,r6       : IntAlu :  D=0x00000001200e1f1c
182997000: system.cpu T0 : 0x120002a50    : addq       r0,r5,r5        : IntAlu :  D=0x00000001200f631c
182997000: system.cpu T0 : 0x120002a54    : addl       r31,r3,r3       : IntAlu :  D=0x0000000000000005
182997000: system.cpu T0 : 0x120002a58    : addl       r31,r2,r2       : IntAlu :  D=0x0000000000000003
182998000: system.cpu T0 : 0x120002a5c    : cmple      r2,r3,r1        : IntAlu :  D=0x0000000000000001
182998000: system.cpu T0 : 0x120002a60    : addq       r2,r3,r4        : IntAlu :  D=0x0000000000000008
182999000: system.cpu T0 : 0x120002a64    : cmoveq     r1,r2,r3        : IntAlu :  D=0x0000000000000005
182999000: system.cpu T0 : 0x120002a68    : stl        r4,0(r5)        : MemWrite :  D=0x0000000000000008 A=0x1200f631c
183000000: system.cpu T0 : 0x120002a6c    : stl        r3,0(r6)        : MemWrite :  D=0x0000000000000005 A=0x1200e1f1c
183000000: system.cpu T0 : 0x120002a70    : beq        r7,0x120002a10  : IntAlu : 
183003000: system.cpu T0 : 0x120002a10    : addl       r31,r8,r1       : IntAlu :  D=0x000000000000001e
183004000: system.cpu T0 : 0x120002a14    : ldl        r5,0(r22)       : MemRead :  D=0x0000000000000044 A=0x12008e42c
183004000: system.cpu T0 : 0x120002a18    : lda        r8,1(r8)        : IntAlu :  D=0x000000000000001f
183004000: system.cpu T0 : 0x120002a1c    : lda        r22,4(r22)      : IntAlu :  D=0x000000012008e430
183004000: system.cpu T0 : 0x120002a20    : sra        r1,3,r4         : IntAlu :  D=0x0000000000000003
183005000: system.cpu T0 : 0x120002a24    : and        r1,7,r1         : IntAlu :  D=0x0000000000000006
183005000: system.cpu T0 : 0x120002a28    : cmpeq      r8,64,r7        : IntAlu :  D=0x0000000000000000
183005000: system.cpu T0 : 0x120002a2c    : subq       r24,r1,r1       : IntAlu :  D=0xfffffffffffffffa
183005000: system.cpu T0 : 0x120002a30    : subl       r25,r4,r4       : IntAlu :  D=0x00000000fffffffd
183006000: system.cpu T0 : 0x120002a34    : subq       r31,r1,r3       : IntAlu :  D=0x0000000000000006
183006000: system.cpu T0 : 0x120002a38    : subq       r31,r4,r2       : IntAlu :  D=0x0000000000000003
183006000: system.cpu T0 : 0x120002a3c    : addq       r23,r5,r5       : IntAlu :  D=0x0000000000000ee4
183007000: system.cpu T0 : 0x120002a40    : cmovge     r1,r1,r3        : IntAlu :  D=0x0000000000000006
183007000: system.cpu T0 : 0x120002a44    : cmovge     r4,r4,r2        : IntAlu :  D=0x0000000000000003
183007000: system.cpu T0 : 0x120002a48    : s4addq     r5,0,r5         : IntAlu :  D=0x0000000000003b90
183008000: system.cpu T0 : 0x120002a4c    : addq       r28,r5,r6       : IntAlu :  D=0x00000001200e1f20
183008000: system.cpu T0 : 0x120002a50    : addq       r0,r5,r5        : IntAlu :  D=0x00000001200f6320
183008000: system.cpu T0 : 0x120002a54    : addl       r31,r3,r3       : IntAlu :  D=0x0000000000000006
183008000: system.cpu T0 : 0x120002a58    : addl       r31,r2,r2       : IntAlu :  D=0x0000000000000003
183009000: system.cpu T0 : 0x120002a5c    : cmple      r2,r3,r1        : IntAlu :  D=0x0000000000000001
183009000: system.cpu T0 : 0x120002a60    : addq       r2,r3,r4        : IntAlu :  D=0x0000000000000009
183010000: system.cpu T0 : 0x120002a64    : cmoveq     r1,r2,r3        : IntAlu :  D=0x0000000000000006
183010000: system.cpu T0 : 0x120002a68    : stl        r4,0(r5)        : MemWrite :  D=0x0000000000000009 A=0x1200f6320
183011000: system.cpu T0 : 0x120002a6c    : stl        r3,0(r6)        : MemWrite :  D=0x0000000000000006 A=0x1200e1f20
183011000: system.cpu T0 : 0x120002a70    : beq        r7,0x120002a10  : IntAlu : 
183014000: system.cpu T0 : 0x120002a10    : addl       r31,r8,r1       : IntAlu :  D=0x000000000000001f
183015000: system.cpu T0 : 0x120002a14    : ldl        r5,0(r22)       : MemRead :  D=0x0000000000000045 A=0x12008e430
183015000: system.cpu T0 : 0x120002a18    : lda        r8,1(r8)        : IntAlu :  D=0x0000000000000020
183015000: system.cpu T0 : 0x120002a1c    : lda        r22,4(r22)      : IntAlu :  D=0x000000012008e434
183015000: system.cpu T0 : 0x120002a20    : sra        r1,3,r4         : IntAlu :  D=0x0000000000000003
183016000: system.cpu T0 : 0x120002a24    : and        r1,7,r1         : IntAlu :  D=0x0000000000000007
183016000: system.cpu T0 : 0x120002a28    : cmpeq      r8,64,r7        : IntAlu :  D=0x0000000000000000
183016000: system.cpu T0 : 0x120002a2c    : subq       r24,r1,r1       : IntAlu :  D=0xfffffffffffffff9
183016000: system.cpu T0 : 0x120002a30    : subl       r25,r4,r4       : IntAlu :  D=0x00000000fffffffd
183017000: system.cpu T0 : 0x120002a34    : subq       r31,r1,r3       : IntAlu :  D=0x0000000000000007
183017000: system.cpu T0 : 0x120002a38    : subq       r31,r4,r2       : IntAlu :  D=0x0000000000000003
183017000: system.cpu T0 : 0x120002a3c    : addq       r23,r5,r5       : IntAlu :  D=0x0000000000000ee5
hi - end of Simulation.run
Exiting @ tick 183017000 because a thread reached the max instruction count
MZ: sets[0] blks[0] (V:1 | T: 35fa | D:1)
MZ: sets[0] blks[1] (V:1 | T:  8e4 | D:35)
MZ: sets[0] blks[2] (V:1 | T:   2a | D:8)
MZ: sets[0] blks[3] (V:1 | T: 35f9 | D:c4)
MZ: sets[1] blks[0] (V:1 | T: 35fb | D:34)
MZ: sets[1] blks[1] (V:1 | T: 35f2 | D:48)
MZ: sets[1] blks[2] (V:1 | T:   2a | D:c3)
MZ: sets[1] blks[3] (V:1 | T: 35f9 | D:0)
MZ: sets[2] blks[0] (V:1 | T:   2a | D:dc)
MZ: sets[2] blks[1] (V:1 | T:  8e3 | D:0)
MZ: sets[2] blks[2] (V:1 | T:  b0d | D:c)
MZ: sets[2] blks[3] (V:0 | T:  d1e | D:0)
MZ: sets[3] blks[0] (V:1 | T:  8e3 | D:1d)
MZ: sets[3] blks[1] (V:1 | T: 115b | D:0)
MZ: sets[3] blks[2] (V:1 | T:  b0b | D:e0)
MZ: sets[3] blks[3] (V:0 | T:  d1e | D:0)
MZ: sets[0] blks[0] (V:1 | T:   2a | D:8)
MZ: sets[0] blks[1] (V:1 | T:  110 | D:0)
MZ: sets[1] blks[0] (V:1 | T:   2a | D:c3)
MZ: sets[1] blks[1] (V:1 | T:  209 | D:1)
MZ: sets[2] blks[0] (V:1 | T:   2a | D:dc)
MZ: sets[2] blks[1] (V:1 | T:   29 | D:8)
MZ: sets[3] blks[0] (V:1 | T:   29 | D:15)
MZ: sets[3] blks[1] (V:1 | T:  1f7 | D:60)
MZ: sets[0] blks[0] (V:1 | T:  8e4 | D:35)
MZ: sets[0] blks[1] (V:1 | T: 35fb | D:24)
MZ: sets[1] blks[0] (V:1 | T:  d1e | D:0)
MZ: sets[1] blks[1] (V:1 | T:  e62 | D:0)
MZ: sets[2] blks[0] (V:1 | T:  d1e | D:2)
MZ: sets[2] blks[1] (V:1 | T:  e62 | D:2)
MZ: sets[3] blks[0] (V:1 | T:  d1e | D:6)
MZ: sets[3] blks[1] (V:1 | T:  e62 | D:7)
