gem5 Simulator System.  http://gem5.org
gem5 is copyrighted software; use the --copyright option for details.

gem5 compiled Dec  9 2015 17:23:43
gem5 started Dec  9 2015 17:28:31
gem5 executing on qstruct09.ecn.purdue.edu
command line: ./build/ALPHA_MESI_CMP_directory/gem5.opt -d m5out --debug-flag=Exec configs/spec2k6/run.py -b sjeng --cpu-type=inorder --caches --maxinsts=5000 --l1i_size=512B --l1d_size=512B --l1d_assoc=2 --l2cache --l2_size=1kB --l2_assoc=4 --l2_sc_assoc=2 --opt_l2
/home/min/a/mzaim/ECE565Project/OptimalReplacementPolicyCache/gem5/configs/spec2k6
/home/min/a/mzaim/ECE565Project/OptimalReplacementPolicyCache/gem5/configs
/home/min/a/mzaim/ECE565Project/OptimalReplacementPolicyCache/gem5
Global frequency set at 1000000000000 ticks per second
**** REAL SIMULATION ****
info: Entering event queue @ 0.  Starting simulation...
 432000: system.cpu T0 : 0x1200001e0    : br         r29,0x1200001e4 : IntAlu :  D=0x00000001200001e4
 433000: system.cpu T0 : 0x1200001e4    : ldah       r29,13(r29)     : IntAlu :  D=0x00000001200d01e4
 434000: system.cpu T0 : 0x1200001e8    : lda        r29,-31164(r29) : IntAlu :  D=0x00000001200c8828
 434000: system.cpu T0 : 0x1200001ec    : subq       r30,16,r30      : IntAlu :  D=0x000000011ff91ff0
 434000: system.cpu T0 : 0x1200001f0    : bis        r31,0,r15       : IntAlu :  D=0x0000000000000000
 435000: system.cpu T0 : 0x1200001f4    : ldq        r16,-31136(r29) : MemRead :  A=0x1200c0e88
 864000: system.cpu T0 : 0x1200001f4    : ldq        r16,-31136(r29) : MemRead :  D=0x0000000120017680 A=0x1200c0e88
 864000: system.cpu T0 : 0x1200001f8    : ldl        r17,16(r30)     : MemRead :  A=0x11ff92000
1293000: system.cpu T0 : 0x1200001f8    : ldl        r17,16(r30)     : MemRead :  D=0x0000000000000002 A=0x11ff92000
1293000: system.cpu T0 : 0x1200001fc    : lda        r18,24(r30)     : IntAlu :  D=0x000000011ff92008
1302000: system.cpu T0 : 0x120000200    : ldq        r19,-31168(r29) : MemRead :  D=0x000000012001e4c0 A=0x1200c0e68
1311000: system.cpu T0 : 0x120000204    : ldq        r20,-32032(r29) : MemRead :  D=0x000000012001e450 A=0x1200c0b08
1311000: system.cpu T0 : 0x120000208    : bis        r31,r0,r21      : IntAlu :  D=0x0000000000000000
1311000: system.cpu T0 : 0x12000020c    : stq        r30,0(r30)      : MemWrite :  D=0x000000011ff91ff0 A=0x11ff91ff0
info: Increasing stack size by one page.
1317000: system.cpu T0 : 0x12000020c    : stq        r30,0(r30)      : MemWrite :  D=0x000000011ff91ff0 A=0x11ff91ff0
1317000: system.cpu T0 : 0x120000210    : nop        (ldq_u      r31,0(r30)) : No_OpClass : 
1317000: system.cpu T0 : 0x120000214    : bsr        r26,0x12001dc28 : IntAlu :  D=0x0000000120000218
1752000: system.cpu T0 : 0x12001dc28    : lda        r30,-720(r30)   : IntAlu :  D=0x000000011ff91d20
1752000: system.cpu T0 : 0x12001dc2c    : stq        r26,0(r30)      : MemWrite :  D=0x0000000120000218 A=0x11ff91d20
1752000: system.cpu T0 : 0x12001dc30    : stq        r9,8(r30)       : MemWrite :  D=0x0000000000000000 A=0x11ff91d28
1752000: system.cpu T0 : 0x12001dc34    : stq        r10,16(r30)     : MemWrite :  D=0x0000000000000000 A=0x11ff91d30
1753000: system.cpu T0 : 0x12001dc38    : stq        r11,24(r30)     : MemWrite :  D=0x0000000000000000 A=0x11ff91d38
1753000: system.cpu T0 : 0x12001dc3c    : stq        r12,32(r30)     : MemWrite :  D=0x0000000000000000 A=0x11ff91d40
2176000: system.cpu T0 : 0x12001dc40    : stq        r13,40(r30)     : MemWrite :  D=0x0000000000000000 A=0x11ff91d48
2176000: system.cpu T0 : 0x12001dc44    : stq        r16,688(r30)    : MemWrite :  D=0x0000000120017680 A=0x11ff91fd0
2176000: system.cpu T0 : 0x12001dc48    : stq        r17,696(r30)    : MemWrite :  D=0x0000000000000002 A=0x11ff91fd8
2176000: system.cpu T0 : 0x12001dc4c    : stq        r18,704(r30)    : MemWrite :  D=0x000000011ff92008 A=0x11ff91fe0
2177000: system.cpu T0 : 0x12001dc50    : bis        r31,r19,r13     : IntAlu :  D=0x000000012001e4c0
2177000: system.cpu T0 : 0x12001dc54    : bis        r31,r20,r12     : IntAlu :  D=0x000000012001e450
2177000: system.cpu T0 : 0x12001dc58    : bis        r31,r21,r11     : IntAlu :  D=0x0000000000000000
2177000: system.cpu T0 : 0x12001dc5c    : bis        r31,r31,r2      : IntAlu :  D=0x0000000000000000
2178000: system.cpu T0 : 0x12001dc60    : lda        r1,0(r31)       : IntAlu :  D=0x0000000000000000
2179000: system.cpu T0 : 0x12001dc64    : beq        r1,0x12001dc74  : IntAlu : 
2182000: system.cpu T0 : 0x12001dc74    : lda        r1,-29944(r29)  : IntAlu :  D=0x00000001200c1330
2182000: system.cpu T0 : 0x12001dc78    : stl        r2,0(r1)        : MemWrite :  D=0x0000000000000000 A=0x1200c1330
2183000: system.cpu T0 : 0x12001dc7c    : ldq        r1,696(r30)     : MemRead :  D=0x0000000000000002 A=0x11ff91fd8
2603000: system.cpu T0 : 0x12001dc80    : s8addq     r1,8,r2         : IntAlu :  D=0x0000000000000018
2604000: system.cpu T0 : 0x12001dc84    : ldq        r4,704(r30)     : MemRead :  D=0x000000011ff92008 A=0x11ff91fe0
2606000: system.cpu T0 : 0x12001dc88    : addq       r4,r2,r2        : IntAlu :  D=0x000000011ff92020
2606000: system.cpu T0 : 0x12001dc8c    : lda        r1,-29608(r29)  : IntAlu :  D=0x00000001200c1480
2607000: system.cpu T0 : 0x12001dc90    : stq        r2,0(r1)        : MemWrite :  D=0x000000011ff92020 A=0x1200c1480
3039000: system.cpu T0 : 0x12001dc94    : ldq        r3,-32592(r29)  : MemRead :  D=0x00000001200be5f8 A=0x1200c08d8
3039000: system.cpu T0 : 0x12001dc98    : ldq        r1,720(r30)     : MemRead :  D=0x000000011ff91ff0 A=0x11ff91ff0
3040000: system.cpu T0 : 0x12001dc9c    : stq        r1,0(r3)        : MemWrite :  D=0x000000011ff91ff0 A=0x1200be5f8
3046000: system.cpu T0 : 0x12001dc9c    : stq        r1,0(r3)        : MemWrite :  D=0x000000011ff91ff0 A=0x1200be5f8
3060000: system.cpu T0 : 0x12001dca0    : ldq        r1,0(r2)        : MemRead :  D=0x0000000000000000 A=0x11ff92020
3060000: system.cpu T0 : 0x12001dca4    : lda        r2,8(r2)        : IntAlu :  D=0x000000011ff92028
3062000: system.cpu T0 : 0x12001dca8    : bne        r1,0x12001dca0  : IntAlu : 
3062000: system.cpu T0 : 0x12001dcac    : bis        r31,r2,r16      : IntAlu :  D=0x000000011ff92028
3062000: system.cpu T0 : 0x12001dcb0    : nop        (ldq_u      r31,0(r30)) : No_OpClass : 
3063000: system.cpu T0 : 0x12001dcb4    : bsr        r26,0x1200337ac : IntAlu :  D=0x000000012001dcb8
3493000: system.cpu T0 : 0x1200337ac    : ldq        r2,0(r16)       : MemRead :  D=0x0000000000000006 A=0x11ff92028
3495000: system.cpu T0 : 0x1200337b0    : beq        r2,0x120033918  : IntAlu : 
3495000: system.cpu T0 : 0x1200337b4    : bis        r31,r31,r3      : IntAlu :  D=0x0000000000000000
3495000: system.cpu T0 : 0x1200337b8    : bis        r31,r31,r4      : IntAlu :  D=0x0000000000000000
3495000: system.cpu T0 : 0x1200337bc    : bis        r31,r31,r5      : IntAlu :  D=0x0000000000000000
3916000: system.cpu T0 : 0x1200337c0    : ldah       r1,-3(r29)      : IntAlu :  D=0x0000000120098828
3917000: system.cpu T0 : 0x1200337c4    : lda        r6,-25964(r1)   : IntAlu :  D=0x00000001200922bc
3917000: system.cpu T0 : 0x1200337c8    : ldah       r8,-1(r29)      : IntAlu :  D=0x00000001200b8828
3918000: system.cpu T0 : 0x1200337cc    : lda        r7,31640(r8)    : IntAlu :  D=0x00000001200c03c0
4350000: system.cpu T0 : 0x1200337d0    : ldq        r19,-31792(r29) : MemRead :  D=0x00000001200be600 A=0x1200c0bf8
4359000: system.cpu T0 : 0x1200337d4    : ldq        r18,-31680(r29) : MemRead :  D=0x00000001200c1a98 A=0x1200c0c68
4359000: system.cpu T0 : 0x1200337d8    : lda        r24,1(r31)      : IntAlu :  D=0x0000000000000001
4359000: system.cpu T0 : 0x1200337dc    : lda        r25,-1(r31)     : IntAlu :  D=0xffffffffffffffff
4368000: system.cpu T0 : 0x1200337e0    : ldq        r28,-30936(r29) : MemRead :  D=0x00000001200c1a48 A=0x1200c0f50
4368000: system.cpu T0 : 0x1200337e4    : ldah       r0,0(r29)       : IntAlu :  D=0x00000001200c8828
4783000: system.cpu T0 : 0x1200337e8    : ldq        r21,-30552(r29) : MemRead :  D=0x00000001200c1a60 A=0x1200c10d0
4792000: system.cpu T0 : 0x1200337ec    : ldq        r20,-31240(r29) : MemRead :  D=0x00000001200c1a28 A=0x1200c0e20
4801000: system.cpu T0 : 0x1200337f0    : ldq        r22,-31064(r29) : MemRead :  D=0x00000001200c1a40 A=0x1200c0ed0
4810000: system.cpu T0 : 0x1200337f4    : ldq        r23,-30216(r29) : MemRead :  D=0x00000001200c1a90 A=0x1200c1220
4810000: system.cpu T0 : 0x1200337f8    : lda        r2,-3(r2)       : IntAlu :  D=0x0000000000000003
4810000: system.cpu T0 : 0x1200337fc    : cmpule     r2,34,r1        : IntAlu :  D=0x0000000000000001
4810000: system.cpu T0 : 0x120033800    : beq        r1,0x1200338dc  : IntAlu : 
4811000: system.cpu T0 : 0x120033804    : s4addq     r2,r6,r1        : IntAlu :  D=0x00000001200922c8
4811000: system.cpu T0 : 0x120033808    : ldl        r1,0(r1)        : MemRead :  A=0x1200922c8
5240000: system.cpu T0 : 0x120033808    : ldl        r1,0(r1)        : MemRead :  D=0x00000000fff6afec A=0x1200922c8
5242000: system.cpu T0 : 0x12003380c    : addq       r29,r1,r1       : IntAlu :  D=0x0000000120033814
5243000: system.cpu T0 : 0x120033810    : jmp        (r1)            : IntAlu : 
5256000: system.cpu T0 : 0x120033814    : ldq        r1,8(r16)       : MemRead :  D=0x0000000000002000 A=0x11ff92030
5258000: system.cpu T0 : 0x120033818    : stq        r1,0(r23)       : MemWrite :  D=0x0000000000002000 A=0x1200c1a90
5258000: system.cpu T0 : 0x12003381c    : br         0x1200338dc     : IntAlu : 
5684000: system.cpu T0 : 0x1200338dc    : lda        r16,16(r16)     : IntAlu :  D=0x000000011ff92038
5686000: system.cpu T0 : 0x1200338e0    : ldq        r2,0(r16)       : MemRead :  D=0x0000000000000011 A=0x11ff92038
5688000: system.cpu T0 : 0x1200338e4    : bne        r2,0x1200337f8  : IntAlu : 
5692000: system.cpu T0 : 0x1200337f8    : lda        r2,-3(r2)       : IntAlu :  D=0x000000000000000e
5693000: system.cpu T0 : 0x1200337fc    : cmpule     r2,34,r1        : IntAlu :  D=0x0000000000000001
5694000: system.cpu T0 : 0x120033800    : beq        r1,0x1200338dc  : IntAlu : 
5694000: system.cpu T0 : 0x120033804    : s4addq     r2,r6,r1        : IntAlu :  D=0x00000001200922f4
5696000: system.cpu T0 : 0x120033808    : ldl        r1,0(r1)        : MemRead :  D=0x00000000fff6aff8 A=0x1200922f4
5698000: system.cpu T0 : 0x12003380c    : addq       r29,r1,r1       : IntAlu :  D=0x0000000120033820
5699000: system.cpu T0 : 0x120033810    : jmp        (r1)            : IntAlu : 
6133000: system.cpu T0 : 0x120033820    : ldq        r1,8(r16)       : MemRead :  D=0x0000000000000064 A=0x11ff92040
6135000: system.cpu T0 : 0x120033824    : stl        r1,0(r22)       : MemWrite :  D=0x0000000000000064 A=0x1200c1a40
6135000: system.cpu T0 : 0x120033828    : br         0x1200338dc     : IntAlu : 
6138000: system.cpu T0 : 0x1200338dc    : lda        r16,16(r16)     : IntAlu :  D=0x000000011ff92048
6140000: system.cpu T0 : 0x1200338e0    : ldq        r2,0(r16)       : MemRead :  D=0x0000000000000003 A=0x11ff92048
6142000: system.cpu T0 : 0x1200338e4    : bne        r2,0x1200337f8  : IntAlu : 
6145000: system.cpu T0 : 0x1200337f8    : lda        r2,-3(r2)       : IntAlu :  D=0x0000000000000000
6146000: system.cpu T0 : 0x1200337fc    : cmpule     r2,34,r1        : IntAlu :  D=0x0000000000000001
6147000: system.cpu T0 : 0x120033800    : beq        r1,0x1200338dc  : IntAlu : 
6147000: system.cpu T0 : 0x120033804    : s4addq     r2,r6,r1        : IntAlu :  D=0x00000001200922bc
6571000: system.cpu T0 : 0x120033808    : ldl        r1,0(r1)        : MemRead :  D=0x00000000fff6b004 A=0x1200922bc
6573000: system.cpu T0 : 0x12003380c    : addq       r29,r1,r1       : IntAlu :  D=0x000000012003382c
6574000: system.cpu T0 : 0x120033810    : jmp        (r1)            : IntAlu : 
6578000: system.cpu T0 : 0x12003382c    : ldq        r1,8(r16)       : MemRead :  D=0x0000000120000040 A=0x11ff92050
6580000: system.cpu T0 : 0x120033830    : stq        r1,0(r20)       : MemWrite :  D=0x0000000120000040 A=0x1200c1a28
6580000: system.cpu T0 : 0x120033834    : br         0x1200338dc     : IntAlu : 
6583000: system.cpu T0 : 0x1200338dc    : lda        r16,16(r16)     : IntAlu :  D=0x000000011ff92058
6585000: system.cpu T0 : 0x1200338e0    : ldq        r2,0(r16)       : MemRead :  D=0x0000000000000005 A=0x11ff92058
6587000: system.cpu T0 : 0x1200338e4    : bne        r2,0x1200337f8  : IntAlu : 
6590000: system.cpu T0 : 0x1200337f8    : lda        r2,-3(r2)       : IntAlu :  D=0x0000000000000002
6591000: system.cpu T0 : 0x1200337fc    : cmpule     r2,34,r1        : IntAlu :  D=0x0000000000000001
6592000: system.cpu T0 : 0x120033800    : beq        r1,0x1200338dc  : IntAlu : 
6592000: system.cpu T0 : 0x120033804    : s4addq     r2,r6,r1        : IntAlu :  D=0x00000001200922c4
6594000: system.cpu T0 : 0x120033808    : ldl        r1,0(r1)        : MemRead :  D=0x00000000fff6b010 A=0x1200922c4
6596000: system.cpu T0 : 0x12003380c    : addq       r29,r1,r1       : IntAlu :  D=0x0000000120033838
6597000: system.cpu T0 : 0x120033810    : jmp        (r1)            : IntAlu : 
6601000: system.cpu T0 : 0x120033838    : ldq        r1,8(r16)       : MemRead :  D=0x0000000000000005 A=0x11ff92060
6603000: system.cpu T0 : 0x12003383c    : stq        r1,0(r21)       : MemWrite :  D=0x0000000000000005 A=0x1200c1a60
6603000: system.cpu T0 : 0x120033840    : br         0x1200338dc     : IntAlu : 
6606000: system.cpu T0 : 0x1200338dc    : lda        r16,16(r16)     : IntAlu :  D=0x000000011ff92068
6608000: system.cpu T0 : 0x1200338e0    : ldq        r2,0(r16)       : MemRead :  D=0x0000000000000009 A=0x11ff92068
6610000: system.cpu T0 : 0x1200338e4    : bne        r2,0x1200337f8  : IntAlu : 
6613000: system.cpu T0 : 0x1200337f8    : lda        r2,-3(r2)       : IntAlu :  D=0x0000000000000006
6614000: system.cpu T0 : 0x1200337fc    : cmpule     r2,34,r1        : IntAlu :  D=0x0000000000000001
6615000: system.cpu T0 : 0x120033800    : beq        r1,0x1200338dc  : IntAlu : 
6615000: system.cpu T0 : 0x120033804    : s4addq     r2,r6,r1        : IntAlu :  D=0x00000001200922d4
6617000: system.cpu T0 : 0x120033808    : ldl        r1,0(r1)        : MemRead :  D=0x00000000fff6b0b4 A=0x1200922d4
6619000: system.cpu T0 : 0x12003380c    : addq       r29,r1,r1       : IntAlu :  D=0x00000001200338dc
6620000: system.cpu T0 : 0x120033810    : jmp        (r1)            : IntAlu : 
6623000: system.cpu T0 : 0x1200338dc    : lda        r16,16(r16)     : IntAlu :  D=0x000000011ff92078
6625000: system.cpu T0 : 0x1200338e0    : ldq        r2,0(r16)       : MemRead :  D=0x000000000000000b A=0x11ff92078
6627000: system.cpu T0 : 0x1200338e4    : bne        r2,0x1200337f8  : IntAlu : 
6630000: system.cpu T0 : 0x1200337f8    : lda        r2,-3(r2)       : IntAlu :  D=0x0000000000000008
6631000: system.cpu T0 : 0x1200337fc    : cmpule     r2,34,r1        : IntAlu :  D=0x0000000000000001
6632000: system.cpu T0 : 0x120033800    : beq        r1,0x1200338dc  : IntAlu : 
6632000: system.cpu T0 : 0x120033804    : s4addq     r2,r6,r1        : IntAlu :  D=0x00000001200922dc
6634000: system.cpu T0 : 0x120033808    : ldl        r1,0(r1)        : MemRead :  D=0x00000000fff6b034 A=0x1200922dc
6636000: system.cpu T0 : 0x12003380c    : addq       r29,r1,r1       : IntAlu :  D=0x000000012003385c
6637000: system.cpu T0 : 0x120033810    : jmp        (r1)            : IntAlu : 
7071000: system.cpu T0 : 0x12003385c    : ldl        r1,8(r16)       : MemRead :  D=0x0000000000000064 A=0x11ff92080
7073000: system.cpu T0 : 0x120033860    : xor        r4,r1,r4        : IntAlu :  D=0x0000000000000064
7073000: system.cpu T0 : 0x120033864    : bis        r3,1,r3         : IntAlu :  D=0x0000000000000001
7073000: system.cpu T0 : 0x120033868    : br         0x1200338dc     : IntAlu : 
7076000: system.cpu T0 : 0x1200338dc    : lda        r16,16(r16)     : IntAlu :  D=0x000000011ff92088
7078000: system.cpu T0 : 0x1200338e0    : ldq        r2,0(r16)       : MemRead :  D=0x000000000000000c A=0x11ff92088
7080000: system.cpu T0 : 0x1200338e4    : bne        r2,0x1200337f8  : IntAlu : 
7083000: system.cpu T0 : 0x1200337f8    : lda        r2,-3(r2)       : IntAlu :  D=0x0000000000000009
7084000: system.cpu T0 : 0x1200337fc    : cmpule     r2,34,r1        : IntAlu :  D=0x0000000000000001
7085000: system.cpu T0 : 0x120033800    : beq        r1,0x1200338dc  : IntAlu : 
7085000: system.cpu T0 : 0x120033804    : s4addq     r2,r6,r1        : IntAlu :  D=0x00000001200922e0
7087000: system.cpu T0 : 0x120033808    : ldl        r1,0(r1)        : MemRead :  D=0x00000000fff6b044 A=0x1200922e0
7089000: system.cpu T0 : 0x12003380c    : addq       r29,r1,r1       : IntAlu :  D=0x000000012003386c
7090000: system.cpu T0 : 0x120033810    : jmp        (r1)            : IntAlu : 
7094000: system.cpu T0 : 0x12003386c    : ldl        r1,8(r16)       : MemRead :  D=0x0000000000000064 A=0x11ff92090
7096000: system.cpu T0 : 0x120033870    : xor        r4,r1,r4        : IntAlu :  D=0x0000000000000000
7096000: system.cpu T0 : 0x120033874    : bis        r3,2,r3         : IntAlu :  D=0x0000000000000003
7096000: system.cpu T0 : 0x120033878    : br         0x1200338dc     : IntAlu : 
7100000: system.cpu T0 : 0x1200338dc    : lda        r16,16(r16)     : IntAlu :  D=0x000000011ff92098
7102000: system.cpu T0 : 0x1200338e0    : ldq        r2,0(r16)       : MemRead :  D=0x000000000000000d A=0x11ff92098
7104000: system.cpu T0 : 0x1200338e4    : bne        r2,0x1200337f8  : IntAlu : 
7108000: system.cpu T0 : 0x1200337f8    : lda        r2,-3(r2)       : IntAlu :  D=0x000000000000000a
7109000: system.cpu T0 : 0x1200337fc    : cmpule     r2,34,r1        : IntAlu :  D=0x0000000000000001
7110000: system.cpu T0 : 0x120033800    : beq        r1,0x1200338dc  : IntAlu : 
7110000: system.cpu T0 : 0x120033804    : s4addq     r2,r6,r1        : IntAlu :  D=0x00000001200922e4
7112000: system.cpu T0 : 0x120033808    : ldl        r1,0(r1)        : MemRead :  D=0x00000000fff6b054 A=0x1200922e4
7114000: system.cpu T0 : 0x12003380c    : addq       r29,r1,r1       : IntAlu :  D=0x000000012003387c
7115000: system.cpu T0 : 0x120033810    : jmp        (r1)            : IntAlu : 
7119000: system.cpu T0 : 0x12003387c    : ldl        r1,8(r16)       : MemRead :  D=0x0000000000000064 A=0x11ff920a0
7121000: system.cpu T0 : 0x120033880    : xor        r5,r1,r5        : IntAlu :  D=0x0000000000000064
7121000: system.cpu T0 : 0x120033884    : bis        r3,4,r3         : IntAlu :  D=0x0000000000000007
7121000: system.cpu T0 : 0x120033888    : br         0x1200338dc     : IntAlu : 
7124000: system.cpu T0 : 0x1200338dc    : lda        r16,16(r16)     : IntAlu :  D=0x000000011ff920a8
7126000: system.cpu T0 : 0x1200338e0    : ldq        r2,0(r16)       : MemRead :  D=0x000000000000000e A=0x11ff920a8
7128000: system.cpu T0 : 0x1200338e4    : bne        r2,0x1200337f8  : IntAlu : 
7132000: system.cpu T0 : 0x1200337f8    : lda        r2,-3(r2)       : IntAlu :  D=0x000000000000000b
7133000: system.cpu T0 : 0x1200337fc    : cmpule     r2,34,r1        : IntAlu :  D=0x0000000000000001
7134000: system.cpu T0 : 0x120033800    : beq        r1,0x1200338dc  : IntAlu : 
7134000: system.cpu T0 : 0x120033804    : s4addq     r2,r6,r1        : IntAlu :  D=0x00000001200922e8
7136000: system.cpu T0 : 0x120033808    : ldl        r1,0(r1)        : MemRead :  D=0x00000000fff6b064 A=0x1200922e8
7138000: system.cpu T0 : 0x12003380c    : addq       r29,r1,r1       : IntAlu :  D=0x000000012003388c
7139000: system.cpu T0 : 0x120033810    : jmp        (r1)            : IntAlu : 
7144000: system.cpu T0 : 0x12003388c    : ldl        r1,8(r16)       : MemRead :  D=0x0000000000000064 A=0x11ff920b0
7146000: system.cpu T0 : 0x120033890    : xor        r5,r1,r5        : IntAlu :  D=0x0000000000000000
7146000: system.cpu T0 : 0x120033894    : bis        r3,8,r3         : IntAlu :  D=0x000000000000000f
7146000: system.cpu T0 : 0x120033898    : br         0x1200338dc     : IntAlu : 
7149000: system.cpu T0 : 0x1200338dc    : lda        r16,16(r16)     : IntAlu :  D=0x000000011ff920b8
7151000: system.cpu T0 : 0x1200338e0    : ldq        r2,0(r16)       : MemRead :  D=0x0000000000000000 A=0x11ff920b8
7153000: system.cpu T0 : 0x1200338e4    : bne        r2,0x1200337f8  : IntAlu : 
7153000: system.cpu T0 : 0x1200338e8    : cmpeq      r3,15,r1        : IntAlu :  D=0x0000000000000001
7154000: system.cpu T0 : 0x1200338ec    : beq        r1,0x120033918  : IntAlu : 
7154000: system.cpu T0 : 0x1200338f0    : zapnot     r4,15,r1        : IntAlu :  D=0x0000000000000000
7155000: system.cpu T0 : 0x1200338f4    : cmpult     r31,r1,r2       : IntAlu :  D=0x0000000000000000
7155000: system.cpu T0 : 0x1200338f8    : zapnot     r5,15,r1        : IntAlu :  D=0x0000000000000000
7156000: system.cpu T0 : 0x1200338fc    : cmpult     r31,r1,r1       : IntAlu :  D=0x0000000000000000
7157000: system.cpu T0 : 0x120033900    : bis        r2,r1,r2        : IntAlu :  D=0x0000000000000000
7589000: system.cpu T0 : 0x120033904    : ldq        r1,-31792(r29)  : MemRead :  D=0x00000001200be600 A=0x1200c0bf8
7590000: system.cpu T0 : 0x120033908    : stl        r2,0(r1)        : MemWrite :  D=0x0000000000000000 A=0x1200be600
7590000: system.cpu T0 : 0x12003390c    : lda        r2,1(r31)       : IntAlu :  D=0x0000000000000001
8022000: system.cpu T0 : 0x120033910    : ldq        r1,-31680(r29)  : MemRead :  D=0x00000001200c1a98 A=0x1200c0c68
8023000: system.cpu T0 : 0x120033914    : stl        r2,0(r1)        : MemWrite :  D=0x0000000000000001 A=0x1200c1a98
8023000: system.cpu T0 : 0x120033918    : ret        (r26)           : IntAlu : 
8023000: system.cpu T0 : 0x12001dcb8    : nop        (ldq_u      r31,0(r30)) : No_OpClass : 
8023000: system.cpu T0 : 0x12001dcbc    : nop        (ldq_u      r31,0(r30)) : No_OpClass : 
8024000: system.cpu T0 : 0x12001dcc0    : lda        r1,-29944(r29)  : IntAlu :  D=0x00000001200c1330
8452000: system.cpu T0 : 0x12001dcc4    : ldl        r1,0(r1)        : MemRead :  D=0x0000000000000000 A=0x1200c1330
8454000: system.cpu T0 : 0x12001dcc8    : bne        r1,0x12001de5c  : IntAlu : 
8454000: system.cpu T0 : 0x12001dccc    : lda        r16,296(r30)    : IntAlu :  D=0x000000011ff91e48
8454000: system.cpu T0 : 0x12001dcd0    : nop        (ldq_u      r31,0(r30)) : No_OpClass : 
8455000: system.cpu T0 : 0x12001dcd4    : bsr        r26,0x120030098 : IntAlu :  D=0x000000012001dcd8
8884000: system.cpu T0 : 0x120030098    : lda        r0,339(r31)     : IntAlu :  D=0x0000000000000153
8885000: system.cpu T0 : 0x12003009c    : call_pal   callsys         : IntAlu : 
8891000: system.cpu T0 : 0x1200300a0    : bne        r19,0x1200300a8 : IntAlu : 
8892000: system.cpu T0 : 0x1200300a4    : ret        (r26)           : IntAlu : 
8894000: system.cpu T0 : 0x12001dcd8    : nop        (ldq_u      r31,0(r30)) : No_OpClass : 
8894000: system.cpu T0 : 0x12001dcdc    : nop        (ldq_u      r31,0(r30)) : No_OpClass : 
8894000: system.cpu T0 : 0x12001dce0    : lda        r2,426(r30)     : IntAlu :  D=0x000000011ff91eca
8894000: system.cpu T0 : 0x12001dce4    : beq        r0,0x12001ddc8  : IntAlu : 
9320000: system.cpu T0 : 0x12001ddc8    : bis        r31,r31,r6      : IntAlu :  D=0x0000000000000000
9320000: system.cpu T0 : 0x12001ddcc    : bis        r31,r31,r5      : IntAlu :  D=0x0000000000000000
9743000: system.cpu T0 : 0x12001ddd0    : ldbu       r1,0(r2)        : MemRead :  D=0x0000000000000033 A=0x11ff91eca
9745000: system.cpu T0 : 0x12001ddd4    : sextb      r1,r3           : IntAlu :  D=0x0000000000000033
9746000: system.cpu T0 : 0x12001ddd8    : lda        r1,-48(r3)      : IntAlu :  D=0x0000000000000003
9747000: system.cpu T0 : 0x12001dddc    : and        r1,255,r1       : IntAlu :  D=0x0000000000000003
9748000: system.cpu T0 : 0x12001dde0    : cmpule     r1,9,r1         : IntAlu :  D=0x0000000000000001
9749000: system.cpu T0 : 0x12001dde4    : bne        r1,0x12001dd5c  : IntAlu : 
10181000: system.cpu T0 : 0x12001dd5c    : subl       r3,48,r4        : IntAlu :  D=0x0000000000000003
10181000: system.cpu T0 : 0x12001dd60    : lda        r2,1(r2)        : IntAlu :  D=0x000000011ff91ecb
10183000: system.cpu T0 : 0x12001dd64    : ldbu       r1,0(r2)        : MemRead :  D=0x000000000000002e A=0x11ff91ecb
10185000: system.cpu T0 : 0x12001dd68    : sextb      r1,r3           : IntAlu :  D=0x000000000000002e
10186000: system.cpu T0 : 0x12001dd6c    : lda        r1,-48(r3)      : IntAlu :  D=0xfffffffffffffffe
10187000: system.cpu T0 : 0x12001dd70    : and        r1,255,r1       : IntAlu :  D=0x00000000000000fe
10188000: system.cpu T0 : 0x12001dd74    : cmpule     r1,9,r1         : IntAlu :  D=0x0000000000000000
10189000: system.cpu T0 : 0x12001dd78    : beq        r1,0x12001dda8  : IntAlu : 
10607000: system.cpu T0 : 0x12001dda8    : addl       r6,1,r6         : IntAlu :  D=0x0000000000000001
10607000: system.cpu T0 : 0x12001ddac    : sll        r5,8,r1         : IntAlu :  D=0x0000000000000000
10608000: system.cpu T0 : 0x12001ddb0    : bis        r4,r1,r1        : IntAlu :  D=0x0000000000000003
10609000: system.cpu T0 : 0x12001ddb4    : addl       r31,r1,r5       : IntAlu :  D=0x0000000000000003
10609000: system.cpu T0 : 0x12001ddb8    : cmpeq      r3,46,r1        : IntAlu :  D=0x0000000000000001
10610000: system.cpu T0 : 0x12001ddbc    : beq        r1,0x12001dde8  : IntAlu : 
10610000: system.cpu T0 : 0x12001ddc0    : lda        r2,1(r2)        : IntAlu :  D=0x000000011ff91ecc
10611000: system.cpu T0 : 0x12001ddc4    : br         0x12001ddd0     : IntAlu : 
10615000: system.cpu T0 : 0x12001ddd0    : ldbu       r1,0(r2)        : MemRead :  D=0x0000000000000030 A=0x11ff91ecc
10617000: system.cpu T0 : 0x12001ddd4    : sextb      r1,r3           : IntAlu :  D=0x0000000000000030
10618000: system.cpu T0 : 0x12001ddd8    : lda        r1,-48(r3)      : IntAlu :  D=0x0000000000000000
10619000: system.cpu T0 : 0x12001dddc    : and        r1,255,r1       : IntAlu :  D=0x0000000000000000
10620000: system.cpu T0 : 0x12001dde0    : cmpule     r1,9,r1         : IntAlu :  D=0x0000000000000001
10621000: system.cpu T0 : 0x12001dde4    : bne        r1,0x12001dd5c  : IntAlu : 
10624000: system.cpu T0 : 0x12001dd5c    : subl       r3,48,r4        : IntAlu :  D=0x0000000000000000
10624000: system.cpu T0 : 0x12001dd60    : lda        r2,1(r2)        : IntAlu :  D=0x000000011ff91ecd
10626000: system.cpu T0 : 0x12001dd64    : ldbu       r1,0(r2)        : MemRead :  D=0x000000000000002e A=0x11ff91ecd
10628000: system.cpu T0 : 0x12001dd68    : sextb      r1,r3           : IntAlu :  D=0x000000000000002e
10629000: system.cpu T0 : 0x12001dd6c    : lda        r1,-48(r3)      : IntAlu :  D=0xfffffffffffffffe
10630000: system.cpu T0 : 0x12001dd70    : and        r1,255,r1       : IntAlu :  D=0x00000000000000fe
10631000: system.cpu T0 : 0x12001dd74    : cmpule     r1,9,r1         : IntAlu :  D=0x0000000000000000
10632000: system.cpu T0 : 0x12001dd78    : beq        r1,0x12001dda8  : IntAlu : 
10635000: system.cpu T0 : 0x12001dda8    : addl       r6,1,r6         : IntAlu :  D=0x0000000000000002
10635000: system.cpu T0 : 0x12001ddac    : sll        r5,8,r1         : IntAlu :  D=0x0000000000000300
10636000: system.cpu T0 : 0x12001ddb0    : bis        r4,r1,r1        : IntAlu :  D=0x0000000000000300
10637000: system.cpu T0 : 0x12001ddb4    : addl       r31,r1,r5       : IntAlu :  D=0x0000000000000300
10637000: system.cpu T0 : 0x12001ddb8    : cmpeq      r3,46,r1        : IntAlu :  D=0x0000000000000001
10638000: system.cpu T0 : 0x12001ddbc    : beq        r1,0x12001dde8  : IntAlu : 
10638000: system.cpu T0 : 0x12001ddc0    : lda        r2,1(r2)        : IntAlu :  D=0x000000011ff91ece
10639000: system.cpu T0 : 0x12001ddc4    : br         0x12001ddd0     : IntAlu : 
10643000: system.cpu T0 : 0x12001ddd0    : ldbu       r1,0(r2)        : MemRead :  D=0x0000000000000030 A=0x11ff91ece
10645000: system.cpu T0 : 0x12001ddd4    : sextb      r1,r3           : IntAlu :  D=0x0000000000000030
10646000: system.cpu T0 : 0x12001ddd8    : lda        r1,-48(r3)      : IntAlu :  D=0x0000000000000000
10647000: system.cpu T0 : 0x12001dddc    : and        r1,255,r1       : IntAlu :  D=0x0000000000000000
10648000: system.cpu T0 : 0x12001dde0    : cmpule     r1,9,r1         : IntAlu :  D=0x0000000000000001
10649000: system.cpu T0 : 0x12001dde4    : bne        r1,0x12001dd5c  : IntAlu : 
10652000: system.cpu T0 : 0x12001dd5c    : subl       r3,48,r4        : IntAlu :  D=0x0000000000000000
10652000: system.cpu T0 : 0x12001dd60    : lda        r2,1(r2)        : IntAlu :  D=0x000000011ff91ecf
10654000: system.cpu T0 : 0x12001dd64    : ldbu       r1,0(r2)        : MemRead :  D=0x0000000000000000 A=0x11ff91ecf
10656000: system.cpu T0 : 0x12001dd68    : sextb      r1,r3           : IntAlu :  D=0x0000000000000000
10657000: system.cpu T0 : 0x12001dd6c    : lda        r1,-48(r3)      : IntAlu :  D=0xffffffffffffffd0
10658000: system.cpu T0 : 0x12001dd70    : and        r1,255,r1       : IntAlu :  D=0x00000000000000d0
10659000: system.cpu T0 : 0x12001dd74    : cmpule     r1,9,r1         : IntAlu :  D=0x0000000000000000
10660000: system.cpu T0 : 0x12001dd78    : beq        r1,0x12001dda8  : IntAlu : 
10663000: system.cpu T0 : 0x12001dda8    : addl       r6,1,r6         : IntAlu :  D=0x0000000000000003
10663000: system.cpu T0 : 0x12001ddac    : sll        r5,8,r1         : IntAlu :  D=0x0000000000030000
10664000: system.cpu T0 : 0x12001ddb0    : bis        r4,r1,r1        : IntAlu :  D=0x0000000000030000
10665000: system.cpu T0 : 0x12001ddb4    : addl       r31,r1,r5       : IntAlu :  D=0x0000000000030000
10665000: system.cpu T0 : 0x12001ddb8    : cmpeq      r3,46,r1        : IntAlu :  D=0x0000000000000000
10666000: system.cpu T0 : 0x12001ddbc    : beq        r1,0x12001dde8  : IntAlu : 
10669000: system.cpu T0 : 0x12001dde8    : cmple      r6,2,r1         : IntAlu :  D=0x0000000000000000
10670000: system.cpu T0 : 0x12001ddec    : beq        r1,0x12001de00  : IntAlu : 
10674000: system.cpu T0 : 0x12001de00    : addl       r31,r5,r3       : IntAlu :  D=0x0000000000030000
10675000: system.cpu T0 : 0x12001de04    : blt        r3,0x12001de4c  : IntAlu : 
11098000: system.cpu T0 : 0x12001de08    : ldq        r1,-30288(r29)  : MemRead :  D=0x00000001200c1a80 A=0x1200c11d8
11101000: system.cpu T0 : 0x12001de0c    : ldl        r1,0(r1)        : MemRead :  D=0x0000000000000000 A=0x1200c1a80
11103000: system.cpu T0 : 0x12001de10    : beq        r1,0x12001de24  : IntAlu : 
11107000: system.cpu T0 : 0x12001de24    : ldq        r1,-30288(r29)  : MemRead :  D=0x00000001200c1a80 A=0x1200c11d8
11108000: system.cpu T0 : 0x12001de28    : stl        r3,0(r1)        : MemWrite :  D=0x0000000000030000 A=0x1200c1a80
11108000: system.cpu T0 : 0x12001de2c    : ldah       r1,2(r31)       : IntAlu :  D=0x0000000000020000
11108000: system.cpu T0 : 0x12001de30    : lda        r1,1561(r1)     : IntAlu :  D=0x0000000000020619
11108000: system.cpu T0 : 0x12001de34    : cmple      r3,r1,r1        : IntAlu :  D=0x0000000000000000
11109000: system.cpu T0 : 0x12001de38    : beq        r1,0x12001de5c  : IntAlu : 
11531000: system.cpu T0 : 0x12001de5c    : nop        (ldq_u      r31,0(r30)) : No_OpClass : 
11531000: system.cpu T0 : 0x12001de60    : bsr        r26,0x12001e430 : IntAlu :  D=0x000000012001de64
11961000: system.cpu T0 : 0x12001e430    : lda        r30,-16(r30)    : IntAlu :  D=0x000000011ff91d10
11961000: system.cpu T0 : 0x12001e434    : stq        r26,0(r30)      : MemWrite :  D=0x000000012001de64 A=0x11ff91d10
11961000: system.cpu T0 : 0x12001e438    : lda        r16,16(r31)     : IntAlu :  D=0x0000000000000010
11961000: system.cpu T0 : 0x12001e43c    : lda        r17,16(r31)     : IntAlu :  D=0x0000000000000010
11970000: system.cpu T0 : 0x12001e440    : bsr        r26,0x12001e1cc : IntAlu :  D=0x000000012001e444
12395000: system.cpu T0 : 0x12001e1cc    : lda        r30,-80(r30)    : IntAlu :  D=0x000000011ff91cc0
12395000: system.cpu T0 : 0x12001e1d0    : stq        r26,0(r30)      : MemWrite :  D=0x000000012001e444 A=0x11ff91cc0
12395000: system.cpu T0 : 0x12001e1d4    : stq        r9,8(r30)       : MemWrite :  D=0x0000000000000000 A=0x11ff91cc8
12395000: system.cpu T0 : 0x12001e1d8    : stq        r10,16(r30)     : MemWrite :  D=0x0000000000000000 A=0x11ff91cd0
12396000: system.cpu T0 : 0x12001e1dc    : stq        r11,24(r30)     : MemWrite :  D=0x0000000000000000 A=0x11ff91cd8
12396000: system.cpu T0 : 0x12001e1e0    : stq        r12,32(r30)     : MemWrite :  D=0x000000012001e450 A=0x11ff91ce0
12396000: system.cpu T0 : 0x12001e1e4    : stq        r13,40(r30)     : MemWrite :  D=0x000000012001e4c0 A=0x11ff91ce8
12396000: system.cpu T0 : 0x12001e1e8    : stq        r14,48(r30)     : MemWrite :  D=0x0000000000000000 A=0x11ff91cf0
12397000: system.cpu T0 : 0x12001e1ec    : stq        r15,56(r30)     : MemWrite :  D=0x0000000000000000 A=0x11ff91cf8
12397000: system.cpu T0 : 0x12001e1f0    : bis        r31,r16,r27     : IntAlu :  D=0x0000000000000010
12836000: system.cpu T0 : 0x12001e1f4    : ldq        r1,-31240(r29)  : MemRead :  D=0x00000001200c1a28 A=0x1200c0e20
13261000: system.cpu T0 : 0x12001e1f8    : ldq        r24,0(r1)       : MemRead :  D=0x0000000120000040 A=0x1200c1a28
13263000: system.cpu T0 : 0x12001e1fc    : beq        r24,0x12001e408 : IntAlu : 
13690000: system.cpu T0 : 0x12001e200    : ldq        r1,-30552(r29)  : MemRead :  D=0x00000001200c1a60 A=0x1200c10d0
13705000: system.cpu T0 : 0x12001e204    : ldq        r1,0(r1)        : MemRead :  D=0x0000000000000005 A=0x1200c1a60
13707000: system.cpu T0 : 0x12001e208    : s8subq     r1,r1,r1        : IntAlu :  D=0x0000000000000023
13708000: system.cpu T0 : 0x12001e20c    : s8addq     r1,r24,r2       : IntAlu :  D=0x0000000120000158
13709000: system.cpu T0 : 0x12001e210    : cmpule     r2,r24,r1       : IntAlu :  D=0x0000000000000000
13710000: system.cpu T0 : 0x12001e214    : bne        r1,0x12001e408  : IntAlu : 
13710000: system.cpu T0 : 0x12001e218    : ldl        r1,0(r24)       : MemRead :  A=0x120000040
14139000: system.cpu T0 : 0x12001e218    : ldl        r1,0(r24)       : MemRead :  D=0x0000000000000001 A=0x120000040
14141000: system.cpu T0 : 0x12001e21c    : cmpeq      r1,7,r1         : IntAlu :  D=0x0000000000000000
14142000: system.cpu T0 : 0x12001e220    : beq        r1,0x12001e260  : IntAlu : 
14567000: system.cpu T0 : 0x12001e260    : lda        r24,56(r24)     : IntAlu :  D=0x0000000120000078
14568000: system.cpu T0 : 0x12001e264    : cmpule     r2,r24,r1       : IntAlu :  D=0x0000000000000000
14569000: system.cpu T0 : 0x12001e268    : beq        r1,0x12001e228  : IntAlu : 
14573000: system.cpu T0 : 0x12001e228    : ldl        r1,0(r24)       : MemRead :  D=0x0000000000000001 A=0x120000078
14575000: system.cpu T0 : 0x12001e22c    : cmpeq      r1,7,r1         : IntAlu :  D=0x0000000000000000
14576000: system.cpu T0 : 0x12001e230    : beq        r1,0x12001e260  : IntAlu : 
14579000: system.cpu T0 : 0x12001e260    : lda        r24,56(r24)     : IntAlu :  D=0x00000001200000b0
14580000: system.cpu T0 : 0x12001e264    : cmpule     r2,r24,r1       : IntAlu :  D=0x0000000000000000
14581000: system.cpu T0 : 0x12001e268    : beq        r1,0x12001e228  : IntAlu : 
15007000: system.cpu T0 : 0x12001e228    : ldl        r1,0(r24)       : MemRead :  D=0x0000000000000004 A=0x1200000b0
15009000: system.cpu T0 : 0x12001e22c    : cmpeq      r1,7,r1         : IntAlu :  D=0x0000000000000000
15010000: system.cpu T0 : 0x12001e230    : beq        r1,0x12001e260  : IntAlu : 
15013000: system.cpu T0 : 0x12001e260    : lda        r24,56(r24)     : IntAlu :  D=0x00000001200000e8
15014000: system.cpu T0 : 0x12001e264    : cmpule     r2,r24,r1       : IntAlu :  D=0x0000000000000000
15015000: system.cpu T0 : 0x12001e268    : beq        r1,0x12001e228  : IntAlu : 
15441000: system.cpu T0 : 0x12001e228    : ldl        r1,0(r24)       : MemRead :  D=0x0000000000000007 A=0x1200000e8
15443000: system.cpu T0 : 0x12001e22c    : cmpeq      r1,7,r1         : IntAlu :  D=0x0000000000000001
15444000: system.cpu T0 : 0x12001e230    : beq        r1,0x12001e260  : IntAlu : 
15870000: system.cpu T0 : 0x12001e234    : ldq        r15,40(r24)     : MemRead :  D=0x0000000000000054 A=0x120000110
15877000: system.cpu T0 : 0x12001e238    : ldq        r1,32(r24)      : MemRead :  D=0x0000000000000020 A=0x120000108
15879000: system.cpu T0 : 0x12001e23c    : stq        r1,72(r30)      : MemWrite :  D=0x0000000000000020 A=0x11ff91d08
15880000: system.cpu T0 : 0x12001e240    : ldq        r25,16(r24)     : MemRead :  D=0x00000001200be000 A=0x1200000f8
15882000: system.cpu T0 : 0x12001e244    : stq        r25,64(r30)     : MemWrite :  D=0x00000001200be000 A=0x11ff91d00
15883000: system.cpu T0 : 0x12001e248    : ldq        r25,48(r24)     : MemRead :  D=0x0000000000000008 A=0x120000118
15885000: system.cpu T0 : 0x12001e24c    : cmpule     r17,r25,r1      : IntAlu :  D=0x0000000000000000
15885000: system.cpu T0 : 0x12001e250    : bis        r31,r25,r14     : IntAlu :  D=0x0000000000000008
15886000: system.cpu T0 : 0x12001e254    : cmoveq     r1,r17,r14      : IntAlu :  D=0x0000000000000010
15886000: system.cpu T0 : 0x12001e258    : bne        r25,0x12001e270 : IntAlu : 
15889000: system.cpu T0 : 0x12001e270    : lda        r24,-1(r25)     : IntAlu :  D=0x0000000000000007
15890000: system.cpu T0 : 0x12001e274    : addq       r24,r27,r24     : IntAlu :  D=0x0000000000000017
15890000: system.cpu T0 : 0x12001e278    : nop        (ldq_u      r31,0(r30)) : No_OpClass : 
15890000: system.cpu T0 : 0x12001e27c    : bsr        r23,__divqu     : IntAlu :  D=0x000000012001e280
16314000: system.cpu T0 : 0x1200318b0    : lda        r30,-64(r30)    : IntAlu :  D=0x000000011ff91c80
16314000: system.cpu T0 : 0x1200318b4    : stt        f0,0(r30)       : MemWrite :  D=0x0000000000000000 A=0x11ff91c80
16317000: system.cpu T0 : 0x1200318b8    : excb                       : No_OpClass : 
16317000: system.cpu T0 : 0x1200318bc    : beq        r25,0x120031a40 : IntAlu : 
16323000: system.cpu T0 : 0x1200318c0    : stt        f1,8(r30)       : MemWrite :  D=0x0000000000000000 A=0x11ff91c88
16323000: system.cpu T0 : 0x1200318c4    : stt        f3,48(r30)      : MemWrite :  D=0x0000000000000000 A=0x11ff91cb0
16326000: system.cpu T0 : 0x1200318c8    : mf_fpcr    f106,f3         : FloatAdd :  D=0x0000000000000000
16326000: system.cpu T0 : 0x1200318cc    : itoft      r24,f0          : FloatCvt :  D=0x0000000000000017
16326000: system.cpu T0 : 0x1200318d0    : itoft      r25,f1          : FloatCvt :  D=0x0000000000000008
16327000: system.cpu T0 : 0x1200318d4    : cvtqt      f0,f0           : FloatAdd :  D=0x4037000000000000
16327000: system.cpu T0 : 0x1200318d8    : cvtqt      f1,f1           : FloatAdd :  D=0x4020000000000000
16327000: system.cpu T0 : 0x1200318dc    : blt        r24,0x120031920 : IntAlu : 
16328000: system.cpu T0 : 0x1200318e0    : divt/c     f0,f1,f0        : FloatDiv :  D=0x4007000000000000
16745000: system.cpu T0 : 0x1200318e4    : ldt        f1,8(r30)       : MemRead :  D=0x0000000000000000 A=0x11ff91c88
16745000: system.cpu T0 : 0x1200318e8    : blt        r25,0x120031a20 : IntAlu : 
16745000: system.cpu T0 : 0x1200318ec    : srl        r24,53,r28      : IntAlu :  D=0x0000000000000000
16745000: system.cpu T0 : 0x1200318f0    : bne        r28,0x120031950 : IntAlu : 
16746000: system.cpu T0 : 0x1200318f4    : cvttq/c    f0,f0           : FloatAdd :  D=0x0000000000000002
16749000: system.cpu T0 : 0x1200318f8    : excb                       : No_OpClass : 
16752000: system.cpu T0 : 0x1200318fc    : mt_fpcr    f3,f106         : FloatAdd :  D=0x0000000000000000
16752000: system.cpu T0 : 0x120031900    : ftoit      f0,r27          : FloatCvt :  D=0x0000000000000002
16753000: system.cpu T0 : 0x120031904    : ldt        f0,0(r30)       : MemRead :  D=0x0000000000000000 A=0x11ff91c80
16754000: system.cpu T0 : 0x120031908    : ldt        f3,48(r30)      : MemRead :  D=0x0000000000000000 A=0x11ff91cb0
16754000: system.cpu T0 : 0x12003190c    : lda        r30,64(r30)     : IntAlu :  D=0x000000011ff91cc0
16754000: system.cpu T0 : 0x120031910    : ret        (r23)           : IntAlu : 
16756000: system.cpu T0 : 0x12001e280    : bis        r31,r25,r12     : IntAlu :  D=0x0000000000000008
16756000: system.cpu T0 : 0x12001e284    : mulq       r27,r25,r13     : IntMult :  D=0x0000000000000010
16756000: system.cpu T0 : 0x12001e288    : ldah       r1,0(r29)       : IntAlu :  D=0x00000001200c8828
17180000: system.cpu T0 : 0x12001e28c    : ldq        r16,-30120(r1)  : MemRead :  D=0x0000000000000800 A=0x1200c1280
17182000: system.cpu T0 : 0x12001e290    : lda        r16,1712(r16)   : IntAlu :  D=0x0000000000000eb0
17183000: system.cpu T0 : 0x12001e294    : addq       r16,r15,r16     : IntAlu :  D=0x0000000000000f04
17184000: system.cpu T0 : 0x12001e298    : addq       r16,r14,r16     : IntAlu :  D=0x0000000000000f14
17185000: system.cpu T0 : 0x12001e29c    : addq       r16,r13,r16     : IntAlu :  D=0x0000000000000f24
17185000: system.cpu T0 : 0x12001e2a0    : nop        (ldq_u      r31,0(r30)) : No_OpClass : 
17185000: system.cpu T0 : 0x12001e2a4    : bsr        r26,0x120030898 : IntAlu :  D=0x000000012001e2a8
17608000: system.cpu T0 : 0x120030898    : lda        r30,-32(r30)    : IntAlu :  D=0x000000011ff91ca0
17608000: system.cpu T0 : 0x12003089c    : stq        r26,0(r30)      : MemWrite :  D=0x000000012001e2a8 A=0x11ff91ca0
17608000: system.cpu T0 : 0x1200308a0    : stq        r9,8(r30)       : MemWrite :  D=0x0000000000000000 A=0x11ff91ca8
17608000: system.cpu T0 : 0x1200308a4    : stq        r10,16(r30)     : MemWrite :  D=0x0000000000000000 A=0x11ff91cb0
17609000: system.cpu T0 : 0x1200308a8    : bis        r31,r16,r10     : IntAlu :  D=0x0000000000000f24
18039000: system.cpu T0 : 0x1200308ac    : ldq        r1,-30600(r29)  : MemRead :  D=0x00000001200c1b20 A=0x1200c10a0
18464000: system.cpu T0 : 0x1200308b0    : ldq        r1,0(r1)        : MemRead :  D=0x0000000000000000 A=0x1200c1b20
18466000: system.cpu T0 : 0x1200308b4    : beq        r1,0x1200308c4  : IntAlu : 
18469000: system.cpu T0 : 0x1200308c4    : bis        r31,r31,r16     : IntAlu :  D=0x0000000000000000
18469000: system.cpu T0 : 0x1200308c8    : nop        (ldq_u      r31,0(r30)) : No_OpClass : 
18469000: system.cpu T0 : 0x1200308cc    : bsr        r26,0x120061918 : IntAlu :  D=0x00000001200308d0
18899000: system.cpu T0 : 0x120061918    : subq       r30,8,r30       : IntAlu :  D=0x000000011ff91c98
18899000: system.cpu T0 : 0x12006191c    : stq        r16,0(r30)      : MemWrite :  D=0x0000000000000000 A=0x11ff91c98
18899000: system.cpu T0 : 0x120061920    : lda        r0,17(r31)      : IntAlu :  D=0x0000000000000011
18900000: system.cpu T0 : 0x120061924    : call_pal   callsys         : IntAlu : 
18907000: system.cpu T0 : 0x120061928    : ldq        r16,0(r30)      : MemRead :  D=0x0000000000000000 A=0x11ff91c98
18907000: system.cpu T0 : 0x12006192c    : bne        r19,0x120061958 : IntAlu : 
18907000: system.cpu T0 : 0x120061930    : beq        r0,0x120061944  : IntAlu : 
18909000: system.cpu T0 : 0x120061934    : cmoveq     r16,r0,r16      : IntAlu :  D=0x000000012033a000
18910000: system.cpu T0 : 0x120061938    : xor        r16,r0,r1       : IntAlu :  D=0x0000000000000000
18911000: system.cpu T0 : 0x12006193c    : bne        r1,0x120061954  : IntAlu : 
19325000: system.cpu T0 : 0x120061940    : bis        r31,r31,r0      : IntAlu :  D=0x0000000000000000
19326000: system.cpu T0 : 0x120061944    : ldq        r28,-30600(r29) : MemRead :  D=0x00000001200c1b20 A=0x1200c10a0
19327000: system.cpu T0 : 0x120061948    : stq        r16,0(r28)      : MemWrite :  D=0x000000012033a000 A=0x1200c1b20
19327000: system.cpu T0 : 0x12006194c    : addq       r30,8,r30       : IntAlu :  D=0x000000011ff91ca0
19327000: system.cpu T0 : 0x120061950    : ret        (r26)           : IntAlu : 
19329000: system.cpu T0 : 0x1200308d0    : nop        (ldq_u      r31,0(r30)) : No_OpClass : 
19329000: system.cpu T0 : 0x1200308d4    : nop        (ldq_u      r31,0(r30)) : No_OpClass : 
19329000: system.cpu T0 : 0x1200308d8    : blt        r0,0x12003090c  : IntAlu : 
19330000: system.cpu T0 : 0x1200308dc    : bne        r10,0x1200308ec : IntAlu : 
19334000: system.cpu T0 : 0x1200308ec    : ldq        r1,-30600(r29)  : MemRead :  D=0x00000001200c1b20 A=0x1200c10a0
19337000: system.cpu T0 : 0x1200308f0    : ldq        r9,0(r1)        : MemRead :  D=0x000000012033a000 A=0x1200c1b20
19339000: system.cpu T0 : 0x1200308f4    : addq       r9,r10,r16      : IntAlu :  D=0x000000012033af24
19339000: system.cpu T0 : 0x1200308f8    : nop        (ldq_u      r31,0(r30)) : No_OpClass : 
19339000: system.cpu T0 : 0x1200308fc    : bsr        r26,0x120061918 : IntAlu :  D=0x0000000120030900
19339000: system.cpu T0 : 0x120061918    : subq       r30,8,r30       : IntAlu :  D=0x000000011ff91c98
19340000: system.cpu T0 : 0x12006191c    : stq        r16,0(r30)      : MemWrite :  D=0x000000012033af24 A=0x11ff91c98
19340000: system.cpu T0 : 0x120061920    : lda        r0,17(r31)      : IntAlu :  D=0x0000000000000011
19341000: system.cpu T0 : 0x120061924    : call_pal   callsys         : IntAlu : 
19348000: system.cpu T0 : 0x120061928    : ldq        r16,0(r30)      : MemRead :  D=0x000000012033af24 A=0x11ff91c98
19348000: system.cpu T0 : 0x12006192c    : bne        r19,0x120061958 : IntAlu : 
19348000: system.cpu T0 : 0x120061930    : beq        r0,0x120061944  : IntAlu : 
19350000: system.cpu T0 : 0x120061934    : cmoveq     r16,r0,r16      : IntAlu :  D=0x000000012033af24
19351000: system.cpu T0 : 0x120061938    : xor        r16,r0,r1       : IntAlu :  D=0x0000000000000000
19352000: system.cpu T0 : 0x12006193c    : bne        r1,0x120061954  : IntAlu : 
19352000: system.cpu T0 : 0x120061940    : bis        r31,r31,r0      : IntAlu :  D=0x0000000000000000
19353000: system.cpu T0 : 0x120061944    : ldq        r28,-30600(r29) : MemRead :  D=0x00000001200c1b20 A=0x1200c10a0
19354000: system.cpu T0 : 0x120061948    : stq        r16,0(r28)      : MemWrite :  D=0x000000012033af24 A=0x1200c1b20
19354000: system.cpu T0 : 0x12006194c    : addq       r30,8,r30       : IntAlu :  D=0x000000011ff91ca0
19354000: system.cpu T0 : 0x120061950    : ret        (r26)           : IntAlu : 
19758000: system.cpu T0 : 0x120030900    : nop        (ldq_u      r31,0(r30)) : No_OpClass : 
19758000: system.cpu T0 : 0x120030904    : nop        (ldq_u      r31,0(r30)) : No_OpClass : 
19758000: system.cpu T0 : 0x120030908    : bge        r0,0x120030910  : IntAlu : 
19761000: system.cpu T0 : 0x120030910    : bis        r31,r9,r0       : IntAlu :  D=0x000000012033a000
19762000: system.cpu T0 : 0x120030914    : ldq        r26,0(r30)      : MemRead :  D=0x000000012001e2a8 A=0x11ff91ca0
19763000: system.cpu T0 : 0x120030918    : ldq        r9,8(r30)       : MemRead :  D=0x0000000000000000 A=0x11ff91ca8
19763000: system.cpu T0 : 0x12003091c    : ldq        r10,16(r30)     : MemRead :  D=0x0000000000000000 A=0x11ff91cb0
19763000: system.cpu T0 : 0x120030920    : lda        r30,32(r30)     : IntAlu :  D=0x000000011ff91cc0
19764000: system.cpu T0 : 0x120030924    : ret        (r26)           : IntAlu : 
19765000: system.cpu T0 : 0x12001e2a8    : nop        (ldq_u      r31,0(r30)) : No_OpClass : 
19765000: system.cpu T0 : 0x12001e2ac    : nop        (ldq_u      r31,0(r30)) : No_OpClass : 
19765000: system.cpu T0 : 0x12001e2b0    : addq       r0,r14,r0       : IntAlu :  D=0x000000012033a010
19766000: system.cpu T0 : 0x12001e2b4    : lda        r0,1711(r0)     : IntAlu :  D=0x000000012033a6bf
19766000: system.cpu T0 : 0x12001e2b8    : subq       r31,r14,r1      : IntAlu :  D=0xfffffffffffffff0
19767000: system.cpu T0 : 0x12001e2bc    : and        r0,r1,r11       : IntAlu :  D=0x000000012033a6b0
20189000: system.cpu T0 : 0x12001e2c0    : ldah       r9,0(r29)       : IntAlu :  D=0x00000001200c8828
20189000: system.cpu T0 : 0x12001e2c4    : lda        r1,62(r31)      : IntAlu :  D=0x000000000000003e
20190000: system.cpu T0 : 0x12001e2c8    : stq        r1,-25272(r9)   : MemWrite :  D=0x000000000000003e A=0x1200c2570
20196000: system.cpu T0 : 0x12001e2c8    : stq        r1,-25272(r9)   : MemWrite :  D=0x000000000000003e A=0x1200c2570
20196000: system.cpu T0 : 0x12001e2cc    : lda        r9,-25272(r9)   : IntAlu :  D=0x00000001200c2570
20196000: system.cpu T0 : 0x12001e2d0    : addq       r11,r13,r16     : IntAlu :  D=0x000000012033a6c0
20197000: system.cpu T0 : 0x12001e2d4    : stq        r16,32(r9)      : MemWrite :  D=0x000000012033a6c0 A=0x1200c2590
20197000: system.cpu T0 : 0x12001e2d8    : ldah       r10,0(r29)      : IntAlu :  D=0x00000001200c8828
20198000: system.cpu T0 : 0x12001e2dc    : lda        r10,-23208(r10) : IntAlu :  D=0x00000001200c2d80
20198000: system.cpu T0 : 0x12001e2e0    : stq        r13,1080(r10)   : MemWrite :  D=0x0000000000000010 A=0x1200c31b8
20198000: system.cpu T0 : 0x12001e2e4    : lda        r1,1(r31)       : IntAlu :  D=0x0000000000000001
20199000: system.cpu T0 : 0x12001e2e8    : stb        r1,40(r9)       : MemWrite :  D=0x0000000000000001 A=0x1200c2598
20200000: system.cpu T0 : 0x12001e2ec    : ldq        r17,64(r30)     : MemRead :  D=0x00000001200be000 A=0x11ff91d00
20201000: system.cpu T0 : 0x12001e2f0    : ldq        r18,72(r30)     : MemRead :  D=0x0000000000000020 A=0x11ff91d08
20201000: system.cpu T0 : 0x12001e2f4    : nop        (ldq_u      r31,0(r30)) : No_OpClass : 
20201000: system.cpu T0 : 0x12001e2f8    : bsr        r26,memcpy      : IntAlu :  D=0x000000012001e2fc
20649000: system.cpu T0 : 0x12002ed20    : bis        r31,r16,r0      : IntAlu :  D=0x000000012033a6c0
20649000: system.cpu T0 : 0x12002ed24    : ble        r18,0x12002ef50 : IntAlu : 
20649000: system.cpu T0 : 0x12002ed28    : xor        r16,r17,r1      : IntAlu :  D=0x00000000003846c0
20650000: system.cpu T0 : 0x12002ed2c    : and        r1,7,r1         : IntAlu :  D=0x0000000000000000
20651000: system.cpu T0 : 0x12002ed30    : bne        r1,0x12002eeb0  : IntAlu : 
20651000: system.cpu T0 : 0x12002ed34    : and        r16,7,r1        : IntAlu :  D=0x0000000000000000
20652000: system.cpu T0 : 0x12002ed38    : beq        r1,0x12002ed60  : IntAlu : 
21074000: system.cpu T0 : 0x12002ed60    : cmple      r18,127,r1      : IntAlu :  D=0x0000000000000001
21075000: system.cpu T0 : 0x12002ed64    : bne        r1,0x12002ee40  : IntAlu : 
21507000: system.cpu T0 : 0x12002ee40    : subq       r18,8,r18       : IntAlu :  D=0x0000000000000018
21508000: system.cpu T0 : 0x12002ee44    : blt        r18,0x12002ee70 : IntAlu : 
21508000: system.cpu T0 : 0x12002ee48    : nop        (bis        r31,r31,r31) : No_OpClass : 
21508000: system.cpu T0 : 0x12002ee4c    : nop        (bis        r31,r31,r31) : No_OpClass : 
21940000: system.cpu T0 : 0x12002ee50    : ldq        r1,0(r17)       : MemRead :  D=0x00000001200c06a8 A=0x1200be000
21940000: system.cpu T0 : 0x12002ee54    : subq       r18,8,r18       : IntAlu :  D=0x0000000000000010
21940000: system.cpu T0 : 0x12002ee58    : addq       r17,8,r17       : IntAlu :  D=0x00000001200be008
21940000: system.cpu T0 : 0x12002ee5c    : nop        (bis        r31,r31,r31) : No_OpClass : 
21942000: system.cpu T0 : 0x12002ee60    : stq        r1,0(r16)       : MemWrite :  D=0x00000001200c06a8 A=0x12033a6c0
21948000: system.cpu T0 : 0x12002ee60    : stq        r1,0(r16)       : MemWrite :  D=0x00000001200c06a8 A=0x12033a6c0
21948000: system.cpu T0 : 0x12002ee64    : addq       r16,8,r16       : IntAlu :  D=0x000000012033a6c8
21948000: system.cpu T0 : 0x12002ee68    : bge        r18,0x12002ee50 : IntAlu : 
21952000: system.cpu T0 : 0x12002ee50    : ldq        r1,0(r17)       : MemRead :  D=0x00000001200c06a8 A=0x1200be008
21952000: system.cpu T0 : 0x12002ee54    : subq       r18,8,r18       : IntAlu :  D=0x0000000000000008
21952000: system.cpu T0 : 0x12002ee58    : addq       r17,8,r17       : IntAlu :  D=0x00000001200be010
21952000: system.cpu T0 : 0x12002ee5c    : nop        (bis        r31,r31,r31) : No_OpClass : 
21954000: system.cpu T0 : 0x12002ee60    : stq        r1,0(r16)       : MemWrite :  D=0x00000001200c06a8 A=0x12033a6c8
21954000: system.cpu T0 : 0x12002ee64    : addq       r16,8,r16       : IntAlu :  D=0x000000012033a6d0
21954000: system.cpu T0 : 0x12002ee68    : bge        r18,0x12002ee50 : IntAlu : 
21958000: system.cpu T0 : 0x12002ee50    : ldq        r1,0(r17)       : MemRead :  D=0x00000001200c06c8 A=0x1200be010
21958000: system.cpu T0 : 0x12002ee54    : subq       r18,8,r18       : IntAlu :  D=0x0000000000000000
21958000: system.cpu T0 : 0x12002ee58    : addq       r17,8,r17       : IntAlu :  D=0x00000001200be018
21958000: system.cpu T0 : 0x12002ee5c    : nop        (bis        r31,r31,r31) : No_OpClass : 
21960000: system.cpu T0 : 0x12002ee60    : stq        r1,0(r16)       : MemWrite :  D=0x00000001200c06c8 A=0x12033a6d0
21960000: system.cpu T0 : 0x12002ee64    : addq       r16,8,r16       : IntAlu :  D=0x000000012033a6d8
21960000: system.cpu T0 : 0x12002ee68    : bge        r18,0x12002ee50 : IntAlu : 
21964000: system.cpu T0 : 0x12002ee50    : ldq        r1,0(r17)       : MemRead :  D=0x00000001200c06b0 A=0x1200be018
21964000: system.cpu T0 : 0x12002ee54    : subq       r18,8,r18       : IntAlu :  D=0xfffffffffffffff8
21964000: system.cpu T0 : 0x12002ee58    : addq       r17,8,r17       : IntAlu :  D=0x00000001200be020
21964000: system.cpu T0 : 0x12002ee5c    : nop        (bis        r31,r31,r31) : No_OpClass : 
21966000: system.cpu T0 : 0x12002ee60    : stq        r1,0(r16)       : MemWrite :  D=0x00000001200c06b0 A=0x12033a6d8
21966000: system.cpu T0 : 0x12002ee64    : addq       r16,8,r16       : IntAlu :  D=0x000000012033a6e0
21966000: system.cpu T0 : 0x12002ee68    : bge        r18,0x12002ee50 : IntAlu : 
21966000: system.cpu T0 : 0x12002ee6c    : nop        (bis        r31,r31,r31) : No_OpClass : 
21967000: system.cpu T0 : 0x12002ee70    : addq       r18,8,r18       : IntAlu :  D=0x0000000000000000
21968000: system.cpu T0 : 0x12002ee74    : ble        r18,0x12002ef50 : IntAlu : 
22394000: system.cpu T0 : 0x12002ef50    : ret        (r26)           : IntAlu : 
22397000: system.cpu T0 : 0x12001e2fc    : nop        (ldq_u      r31,0(r30)) : No_OpClass : 
22819000: system.cpu T0 : 0x12001e300    : nop        (ldq_u      r31,0(r30)) : No_OpClass : 
22819000: system.cpu T0 : 0x12001e304    : lda        r9,16(r9)       : IntAlu :  D=0x00000001200c2580
22820000: system.cpu T0 : 0x12001e308    : stq        r9,0(r11)       : MemWrite :  D=0x00000001200c2580 A=0x12033a6b0
22820000: system.cpu T0 : 0x12001e30c    : bis        r31,r11,r16     : IntAlu :  D=0x000000012033a6b0
22823000: system.cpu T0 : 0x12001e310    : call_pal   wruniq          : IntAlu :  D=0x000000012033a6b0
22823000: system.cpu T0 : 0x12001e314    : stq        r12,1064(r10)   : MemWrite :  D=0x0000000000000008 A=0x1200c31a8
22823000: system.cpu T0 : 0x12001e318    : stq        r15,1056(r10)   : MemWrite :  D=0x0000000000000054 A=0x1200c31a0
22825000: system.cpu T0 : 0x12001e31c    : ldq        r27,64(r30)     : MemRead :  D=0x00000001200be000 A=0x11ff91d00
22827000: system.cpu T0 : 0x12001e320    : stq        r27,1040(r10)   : MemWrite :  D=0x00000001200be000 A=0x1200c3190
22829000: system.cpu T0 : 0x12001e324    : ldq        r1,72(r30)      : MemRead :  D=0x0000000000000020 A=0x11ff91d08
22831000: system.cpu T0 : 0x12001e328    : stq        r1,1048(r10)    : MemWrite :  D=0x0000000000000020 A=0x1200c3198
23261000: system.cpu T0 : 0x12001e32c    : ldq        r2,800(r10)     : MemRead :  D=0x0000000000000000 A=0x1200c30a0
23261000: system.cpu T0 : 0x12001e330    : lda        r1,-3(r31)      : IntAlu :  D=0xfffffffffffffffd
23261000: system.cpu T0 : 0x12001e334    : sll        r1,32,r1        : IntAlu :  D=0xfffffffd00000000
23261000: system.cpu T0 : 0x12001e338    : lda        r1,-1(r1)       : IntAlu :  D=0xfffffffcffffffff
23263000: system.cpu T0 : 0x12001e33c    : and        r2,r1,r2        : IntAlu :  D=0x0000000000000000
23264000: system.cpu T0 : 0x12001e340    : stq        r2,800(r10)     : MemWrite :  D=0x0000000000000000 A=0x1200c30a0
23264000: system.cpu T0 : 0x12001e344    : lda        r3,1(r31)       : IntAlu :  D=0x0000000000000001
23265000: system.cpu T0 : 0x12001e348    : stq        r3,1088(r10)    : MemWrite :  D=0x0000000000000001 A=0x1200c31c0
23265000: system.cpu T0 : 0x12001e34c    : ldah       r2,0(r29)       : IntAlu :  D=0x00000001200c8828
23265000: system.cpu T0 : 0x12001e350    : lda        r1,64(r31)      : IntAlu :  D=0x0000000000000040
23266000: system.cpu T0 : 0x12001e354    : stq        r1,-24248(r2)   : MemWrite :  D=0x0000000000000040 A=0x1200c2970
23717000: system.cpu T0 : 0x12001e358    : ldq        r1,-31864(r29)  : MemRead :  D=0x00000001200c19a8 A=0x1200c0bb0
23718000: system.cpu T0 : 0x12001e35c    : stq        r3,0(r1)        : MemWrite :  D=0x0000000000000001 A=0x1200c19a8
23718000: system.cpu T0 : 0x12001e360    : lda        r2,-24248(r2)   : IntAlu :  D=0x00000001200c2970
24164000: system.cpu T0 : 0x12001e364    : ldq        r1,-31440(r29)  : MemRead :  D=0x00000001200c19b0 A=0x1200c0d58
24165000: system.cpu T0 : 0x12001e368    : stq        r2,0(r1)        : MemWrite :  D=0x00000001200c2970 A=0x1200c19b0
24165000: system.cpu T0 : 0x12001e36c    : stq        r10,40(r2)      : MemWrite :  D=0x00000001200c2d80 A=0x1200c2998
24165000: system.cpu T0 : 0x12001e370    : bne        r12,0x12001e37c : IntAlu : 
24165000: system.cpu T0 : 0x12001e37c    : addq       r15,r12,r24     : IntAlu :  D=0x000000000000005c
24166000: system.cpu T0 : 0x12001e380    : lda        r24,-1(r24)     : IntAlu :  D=0x000000000000005b
24166000: system.cpu T0 : 0x12001e384    : bis        r31,r12,r25     : IntAlu :  D=0x0000000000000008
24166000: system.cpu T0 : 0x12001e388    : nop        (ldq_u      r31,0(r30)) : No_OpClass : 
24166000: system.cpu T0 : 0x12001e38c    : bsr        r23,__divqu     : IntAlu :  D=0x000000012001e390
24167000: system.cpu T0 : 0x1200318b0    : lda        r30,-64(r30)    : IntAlu :  D=0x000000011ff91c80
24167000: system.cpu T0 : 0x1200318b4    : stt        f0,0(r30)       : MemWrite :  D=0x0000000000000000 A=0x11ff91c80
24170000: system.cpu T0 : 0x1200318b8    : excb                       : No_OpClass : 
24170000: system.cpu T0 : 0x1200318bc    : beq        r25,0x120031a40 : IntAlu : 
24176000: system.cpu T0 : 0x1200318c0    : stt        f1,8(r30)       : MemWrite :  D=0x0000000000000000 A=0x11ff91c88
24176000: system.cpu T0 : 0x1200318c4    : stt        f3,48(r30)      : MemWrite :  D=0x0000000000000000 A=0x11ff91cb0
24179000: system.cpu T0 : 0x1200318c8    : mf_fpcr    f106,f3         : FloatAdd :  D=0x0000000000000000
24179000: system.cpu T0 : 0x1200318cc    : itoft      r24,f0          : FloatCvt :  D=0x000000000000005b
24179000: system.cpu T0 : 0x1200318d0    : itoft      r25,f1          : FloatCvt :  D=0x0000000000000008
24180000: system.cpu T0 : 0x1200318d4    : cvtqt      f0,f0           : FloatAdd :  D=0x4056c00000000000
24180000: system.cpu T0 : 0x1200318d8    : cvtqt      f1,f1           : FloatAdd :  D=0x4020000000000000
24180000: system.cpu T0 : 0x1200318dc    : blt        r24,0x120031920 : IntAlu : 
24181000: system.cpu T0 : 0x1200318e0    : divt/c     f0,f1,f0        : FloatDiv :  D=0x4026c00000000000
24610000: system.cpu T0 : 0x1200318e4    : ldt        f1,8(r30)       : MemRead :  D=0x0000000000000000 A=0x11ff91c88
24610000: system.cpu T0 : 0x1200318e8    : blt        r25,0x120031a20 : IntAlu : 
24610000: system.cpu T0 : 0x1200318ec    : srl        r24,53,r28      : IntAlu :  D=0x0000000000000000
24610000: system.cpu T0 : 0x1200318f0    : bne        r28,0x120031950 : IntAlu : 
24611000: system.cpu T0 : 0x1200318f4    : cvttq/c    f0,f0           : FloatAdd :  D=0x000000000000000b
24614000: system.cpu T0 : 0x1200318f8    : excb                       : No_OpClass : 
24617000: system.cpu T0 : 0x1200318fc    : mt_fpcr    f3,f106         : FloatAdd :  D=0x0000000000000000
24617000: system.cpu T0 : 0x120031900    : ftoit      f0,r27          : FloatCvt :  D=0x000000000000000b
24618000: system.cpu T0 : 0x120031904    : ldt        f0,0(r30)       : MemRead :  D=0x0000000000000000 A=0x11ff91c80
24619000: system.cpu T0 : 0x120031908    : ldt        f3,48(r30)      : MemRead :  D=0x0000000000000000 A=0x11ff91cb0
24619000: system.cpu T0 : 0x12003190c    : lda        r30,64(r30)     : IntAlu :  D=0x000000011ff91cc0
24619000: system.cpu T0 : 0x120031910    : ret        (r23)           : IntAlu : 
24620000: system.cpu T0 : 0x12001e390    : bis        r31,r27,r15     : IntAlu :  D=0x000000000000000b
24621000: system.cpu T0 : 0x12001e394    : mulq       r15,r12,r2      : IntMult :  D=0x0000000000000058
24623000: system.cpu T0 : 0x12001e398    : addq       r2,r13,r2       : IntAlu :  D=0x0000000000000068
24623000: system.cpu T0 : 0x12001e39c    : ldah       r3,0(r29)       : IntAlu :  D=0x00000001200c8828
25054000: system.cpu T0 : 0x12001e3a0    : ldq        r1,-30120(r3)   : MemRead :  D=0x0000000000000800 A=0x1200c1280
25056000: system.cpu T0 : 0x12001e3a4    : lda        r1,15(r1)       : IntAlu :  D=0x000000000000080f
25057000: system.cpu T0 : 0x12001e3a8    : addq       r1,r2,r1        : IntAlu :  D=0x0000000000000877
25058000: system.cpu T0 : 0x12001e3ac    : bic        r1,15,r1        : IntAlu :  D=0x0000000000000870
25059000: system.cpu T0 : 0x12001e3b0    : stq        r1,-30120(r3)   : MemWrite :  D=0x0000000000000870 A=0x1200c1280
25483000: system.cpu T0 : 0x12001e3b4    : ldq        r1,-32280(r29)  : MemRead :  D=0x00000001200c1998 A=0x1200c0a10
25484000: system.cpu T0 : 0x12001e3b8    : stq        r2,0(r1)        : MemWrite :  D=0x0000000000000068 A=0x1200c1998
25484000: system.cpu T0 : 0x12001e3bc    : cmpule     r14,16,r1       : IntAlu :  D=0x0000000000000001
25484000: system.cpu T0 : 0x12001e3c0    : lda        r2,16(r31)      : IntAlu :  D=0x0000000000000010
25484000: system.cpu T0 : 0x12001e3c4    : cmoveq     r1,r14,r2       : IntAlu :  D=0x0000000000000010
25916000: system.cpu T0 : 0x12001e3c8    : ldq        r1,-31888(r29)  : MemRead :  D=0x00000001200c19a0 A=0x1200c0b98
25917000: system.cpu T0 : 0x12001e3cc    : stq        r2,0(r1)        : MemWrite :  D=0x0000000000000010 A=0x1200c19a0
25921000: system.cpu T0 : 0x12001e3d0    : ldq        r1,-31864(r29)  : MemRead :  D=0x00000001200c19a8 A=0x1200c0bb0
25924000: system.cpu T0 : 0x12001e3d4    : ldq        r2,0(r1)        : MemRead :  D=0x0000000000000001 A=0x1200c19a8
26346000: system.cpu T0 : 0x12001e3d8    : ldq        r1,-30744(r29)  : MemRead :  D=0x00000001200c19c8 A=0x1200c1010
26347000: system.cpu T0 : 0x12001e3dc    : stq        r2,0(r1)        : MemWrite :  D=0x0000000000000001 A=0x1200c19c8
26784000: system.cpu T0 : 0x12001e3e0    : ldq        r26,0(r30)      : MemRead :  D=0x000000012001e444 A=0x11ff91cc0
26791000: system.cpu T0 : 0x12001e3e4    : ldq        r9,8(r30)       : MemRead :  D=0x0000000000000000 A=0x11ff91cc8
26792000: system.cpu T0 : 0x12001e3e8    : ldq        r10,16(r30)     : MemRead :  D=0x0000000000000000 A=0x11ff91cd0
26792000: system.cpu T0 : 0x12001e3ec    : ldq        r11,24(r30)     : MemRead :  D=0x0000000000000000 A=0x11ff91cd8
26792000: system.cpu T0 : 0x12001e3f0    : ldq        r12,32(r30)     : MemRead :  D=0x000000012001e450 A=0x11ff91ce0
26792000: system.cpu T0 : 0x12001e3f4    : ldq        r13,40(r30)     : MemRead :  D=0x000000012001e4c0 A=0x11ff91ce8
26793000: system.cpu T0 : 0x12001e3f8    : ldq        r14,48(r30)     : MemRead :  D=0x0000000000000000 A=0x11ff91cf0
26794000: system.cpu T0 : 0x12001e3fc    : ldq        r15,56(r30)     : MemRead :  D=0x0000000000000000 A=0x11ff91cf8
26794000: system.cpu T0 : 0x12001e400    : lda        r30,80(r30)     : IntAlu :  D=0x000000011ff91d10
26794000: system.cpu T0 : 0x12001e404    : ret        (r26)           : IntAlu : 
26809000: system.cpu T0 : 0x12001e444    : ldq        r26,0(r30)      : MemRead :  D=0x000000012001de64 A=0x11ff91d10
26809000: system.cpu T0 : 0x12001e448    : lda        r30,16(r30)     : IntAlu :  D=0x000000011ff91d20
26811000: system.cpu T0 : 0x12001e44c    : ret        (r26)           : IntAlu : 
27221000: system.cpu T0 : 0x12001de64    : nop        (ldq_u      r31,0(r30)) : No_OpClass : 
27221000: system.cpu T0 : 0x12001de68    : nop        (ldq_u      r31,0(r30)) : No_OpClass : 
27221000: system.cpu T0 : 0x12001de6c    : stq        r31,224(r30)    : MemWrite :  D=0x0000000000000000 A=0x11ff91e00
27221000: system.cpu T0 : 0x12001de70    : lda        r2,224(r30)     : IntAlu :  D=0x000000011ff91e00
27222000: system.cpu T0 : 0x12001de74    : lda        r1,-1(r31)      : IntAlu :  D=0xffffffffffffffff
27223000: system.cpu T0 : 0x12001de78    : stb        r1,7(r2)        : MemWrite :  D=0x00000000000000ff A=0x11ff91e07
27223000: system.cpu T0 : 0x12001de7c    : lda        r1,10(r31)      : IntAlu :  D=0x000000000000000a
27645000: system.cpu T0 : 0x12001de80    : stb        r1,6(r2)        : MemWrite :  D=0x000000000000000a A=0x11ff91e06
27652000: system.cpu T0 : 0x12001de84    : ldq        r2,224(r30)     : MemRead :  D=0xff0a000000000000 A=0x11ff91e00
27652000: system.cpu T0 : 0x12001de88    : ldah       r1,-1(r29)      : IntAlu :  D=0x00000001200b8828
27654000: system.cpu T0 : 0x12001de8c    : stq        r2,22624(r1)    : MemWrite :  D=0xff0a000000000000 A=0x1200be088
27654000: system.cpu T0 : 0x12001de90    : beq        r11,0x12001deb0 : IntAlu : 
28095000: system.cpu T0 : 0x12001deb0    : ldq        r16,696(r30)    : MemRead :  D=0x0000000000000002 A=0x11ff91fd8
28102000: system.cpu T0 : 0x12001deb4    : ldq        r17,704(r30)    : MemRead :  D=0x000000011ff92008 A=0x11ff91fe0
28102000: system.cpu T0 : 0x12001deb8    : lda        r1,-29608(r29)  : IntAlu :  D=0x00000001200c1480
28104000: system.cpu T0 : 0x12001debc    : ldq        r18,0(r1)       : MemRead :  D=0x000000011ff92020 A=0x1200c1480
28104000: system.cpu T0 : 0x12001dec0    : nop        (ldq_u      r31,0(r30)) : No_OpClass : 
28104000: system.cpu T0 : 0x12001dec4    : bsr        r26,0x120034188 : IntAlu :  D=0x000000012001dec8
28536000: system.cpu T0 : 0x120034188    : lda        r30,-32(r30)    : IntAlu :  D=0x000000011ff91d00
28536000: system.cpu T0 : 0x12003418c    : stq        r26,0(r30)      : MemWrite :  D=0x000000012001dec8 A=0x11ff91d00
28536000: system.cpu T0 : 0x120034190    : stq        r9,8(r30)       : MemWrite :  D=0x0000000000000000 A=0x11ff91d08
28536000: system.cpu T0 : 0x120034194    : stq        r10,16(r30)     : MemWrite :  D=0x0000000000000000 A=0x11ff91d10
28537000: system.cpu T0 : 0x120034198    : stq        r11,24(r30)     : MemWrite :  D=0x0000000000000000 A=0x11ff91d18
28537000: system.cpu T0 : 0x12003419c    : bis        r31,r16,r9      : IntAlu :  D=0x0000000000000002
28537000: system.cpu T0 : 0x1200341a0    : bis        r31,r17,r10     : IntAlu :  D=0x000000011ff92008
28537000: system.cpu T0 : 0x1200341a4    : bis        r31,r18,r11     : IntAlu :  D=0x000000011ff92020
28538000: system.cpu T0 : 0x1200341a8    : lda        r1,0(r31)       : IntAlu :  D=0x0000000000000000
28539000: system.cpu T0 : 0x1200341ac    : beq        r1,0x120034230  : IntAlu : 
28971000: system.cpu T0 : 0x120034230    : ldah       r1,0(r29)       : IntAlu :  D=0x00000001200c8828
28971000: system.cpu T0 : 0x120034234    : stl        r31,-29944(r1)  : MemWrite :  D=0x0000000000000000 A=0x1200c1330
28971000: system.cpu T0 : 0x120034238    : lda        r1,-29888(r29)  : IntAlu :  D=0x00000001200c1368
29403000: system.cpu T0 : 0x12003423c    : ldl        r16,0(r1)       : MemRead :  D=0x000000000000137f A=0x1200c1368
29403000: system.cpu T0 : 0x120034240    : nop        (ldq_u      r31,0(r30)) : No_OpClass : 
29403000: system.cpu T0 : 0x120034244    : bsr        r26,0x1200450b0 : IntAlu :  D=0x0000000120034248
29835000: system.cpu T0 : 0x1200450b0    : lda        r30,-16(r30)    : IntAlu :  D=0x000000011ff91cf0
29835000: system.cpu T0 : 0x1200450b4    : stq        r26,0(r30)      : MemWrite :  D=0x0000000120034248 A=0x11ff91cf0
29835000: system.cpu T0 : 0x1200450b8    : stq        r9,8(r30)       : MemWrite :  D=0x0000000000000002 A=0x11ff91cf8
29835000: system.cpu T0 : 0x1200450bc    : bis        r31,r16,r9      : IntAlu :  D=0x000000000000137f
29844000: system.cpu T0 : 0x1200450c0    : beq        r16,0x1200451b8 : IntAlu : 
29847000: system.cpu T0 : 0x1200450c4    : excb                       : No_OpClass : 
29850000: system.cpu T0 : 0x1200450c8    : mf_fpcr    f106,f10        : FloatAdd :  D=0x0000000000000000
29851000: system.cpu T0 : 0x1200450cc    : ftoit      f10,r2          : FloatCvt :  D=0x0000000000000000
29851000: system.cpu T0 : 0x1200450d0    : lda        r1,-3(r31)      : IntAlu :  D=0xfffffffffffffffd
29852000: system.cpu T0 : 0x1200450d4    : sll        r1,58,r1        : IntAlu :  D=0xf400000000000000
29853000: system.cpu T0 : 0x1200450d8    : lda        r1,-1(r1)       : IntAlu :  D=0xf3ffffffffffffff
29854000: system.cpu T0 : 0x1200450dc    : and        r2,r1,r2        : IntAlu :  D=0x0000000000000000
29854000: system.cpu T0 : 0x1200450e0    : lda        r1,3072(r31)    : IntAlu :  D=0x0000000000000c00
29855000: system.cpu T0 : 0x1200450e4    : and        r16,r1,r3       : IntAlu :  D=0x0000000000000000
29856000: system.cpu T0 : 0x1200450e8    : lda        r1,-1024(r3)    : IntAlu :  D=0xfffffffffffffc00
29857000: system.cpu T0 : 0x1200450ec    : beq        r1,0x12004510c  : IntAlu : 
29857000: system.cpu T0 : 0x1200450f0    : lda        r1,-2048(r3)    : IntAlu :  D=0xfffffffffffff800
29858000: system.cpu T0 : 0x1200450f4    : beq        r1,0x12004511c  : IntAlu : 
29859000: system.cpu T0 : 0x1200450f8    : bne        r3,0x120045128  : IntAlu : 
29859000: system.cpu T0 : 0x1200450fc    : lda        r1,1(r31)       : IntAlu :  D=0x0000000000000001
30279000: system.cpu T0 : 0x120045100    : sll        r1,59,r1        : IntAlu :  D=0x0800000000000000
30280000: system.cpu T0 : 0x120045104    : bis        r2,r1,r2        : IntAlu :  D=0x0800000000000000
30280000: system.cpu T0 : 0x120045108    : br         0x120045128     : IntAlu : 
30283000: system.cpu T0 : 0x120045128    : itoft      r2,f10          : FloatCvt :  D=0x0800000000000000
30286000: system.cpu T0 : 0x12004512c    : mt_fpcr    f10,f106        : FloatAdd :  D=0x0800000000000000
30289000: system.cpu T0 : 0x120045130    : excb                       : No_OpClass : 
30289000: system.cpu T0 : 0x120045134    : nop        (ldq_u      r31,0(r30)) : No_OpClass : 
30289000: system.cpu T0 : 0x120045138    : bsr        r26,0x120062bf8 : IntAlu :  D=0x000000012004513c
30717000: system.cpu T0 : 0x120062bf8    : lda        r30,-16(r30)    : IntAlu :  D=0x000000011ff91ce0
30718000: system.cpu T0 : 0x120062bfc    : bis        r31,r30,r17     : IntAlu :  D=0x000000011ff91ce0
30726000: system.cpu T0 : 0x120062c00    : lda        r16,45(r31)     : IntAlu :  D=0x000000000000002d
30726000: system.cpu T0 : 0x120062c04    : lda        r0,256(r31)     : IntAlu :  D=0x0000000000000100
30727000: system.cpu T0 : 0x120062c08    : call_pal   callsys         : IntAlu : 
30733000: system.cpu T0 : 0x120062c0c    : bne        r19,0x120062c1c : IntAlu : 
30734000: system.cpu T0 : 0x120062c10    : ldq        r0,0(r30)       : MemRead :  D=0x0000000000000000 A=0x11ff91ce0
30734000: system.cpu T0 : 0x120062c14    : lda        r30,16(r30)     : IntAlu :  D=0x000000011ff91cf0
30734000: system.cpu T0 : 0x120062c18    : ret        (r26)           : IntAlu : 
30736000: system.cpu T0 : 0x12004513c    : nop        (ldq_u      r31,0(r30)) : No_OpClass : 
30737000: system.cpu T0 : 0x120045140    : nop        (ldq_u      r31,0(r30)) : No_OpClass : 
30737000: system.cpu T0 : 0x120045144    : bic        r0,126,r0       : IntAlu :  D=0x0000000000000000
30738000: system.cpu T0 : 0x120045148    : bis        r0,2,r1         : IntAlu :  D=0x0000000000000002
30739000: system.cpu T0 : 0x12004514c    : cmovlbc    r9,r1,r0        : IntAlu :  D=0x0000000000000000
30739000: system.cpu T0 : 0x120045150    : and        r9,2,r1         : IntAlu :  D=0x0000000000000002
30740000: system.cpu T0 : 0x120045154    : zapnot     r1,15,r1        : IntAlu :  D=0x0000000000000002
30740000: system.cpu T0 : 0x120045158    : bis        r0,16,r2        : IntAlu :  D=0x0000000000000010
30741000: system.cpu T0 : 0x12004515c    : cmoveq     r1,r2,r0        : IntAlu :  D=0x0000000000000000
30741000: system.cpu T0 : 0x120045160    : and        r9,4,r1         : IntAlu :  D=0x0000000000000004
30742000: system.cpu T0 : 0x120045164    : zapnot     r1,15,r1        : IntAlu :  D=0x0000000000000004
30742000: system.cpu T0 : 0x120045168    : bis        r0,4,r2         : IntAlu :  D=0x0000000000000004
30743000: system.cpu T0 : 0x12004516c    : cmoveq     r1,r2,r0        : IntAlu :  D=0x0000000000000000
30743000: system.cpu T0 : 0x120045170    : and        r9,8,r1         : IntAlu :  D=0x0000000000000008
30744000: system.cpu T0 : 0x120045174    : zapnot     r1,15,r1        : IntAlu :  D=0x0000000000000008
30744000: system.cpu T0 : 0x120045178    : bis        r0,8,r2         : IntAlu :  D=0x0000000000000008
30745000: system.cpu T0 : 0x12004517c    : cmoveq     r1,r2,r0        : IntAlu :  D=0x0000000000000000
31166000: system.cpu T0 : 0x120045180    : and        r9,32,r2        : IntAlu :  D=0x0000000000000020
31167000: system.cpu T0 : 0x120045184    : zapnot     r2,15,r2        : IntAlu :  D=0x0000000000000020
31167000: system.cpu T0 : 0x120045188    : bis        r0,32,r16       : IntAlu :  D=0x0000000000000020
31167000: system.cpu T0 : 0x12004518c    : lda        r1,-29888(r29)  : IntAlu :  D=0x00000001200c1368
31167000: system.cpu T0 : 0x120045190    : stl        r9,0(r1)        : MemWrite :  D=0x000000000000137f A=0x1200c1368
31168000: system.cpu T0 : 0x120045194    : cmovne     r2,r0,r16       : IntAlu :  D=0x0000000000000000
31168000: system.cpu T0 : 0x120045198    : nop        (ldq_u      r31,0(r30)) : No_OpClass : 
31168000: system.cpu T0 : 0x12004519c    : bsr        r26,0x120062c38 : IntAlu :  D=0x00000001200451a0
31170000: system.cpu T0 : 0x120062c38    : lda        r30,-16(r30)    : IntAlu :  D=0x000000011ff91ce0
31170000: system.cpu T0 : 0x120062c3c    : stq        r16,0(r30)      : MemWrite :  D=0x0000000000000000 A=0x11ff91ce0
31593000: system.cpu T0 : 0x120062c40    : bis        r31,r30,r17     : IntAlu :  D=0x000000011ff91ce0
31593000: system.cpu T0 : 0x120062c44    : lda        r16,14(r31)     : IntAlu :  D=0x000000000000000e
31593000: system.cpu T0 : 0x120062c48    : lda        r0,257(r31)     : IntAlu :  D=0x0000000000000101
31594000: system.cpu T0 : 0x120062c4c    : call_pal   callsys         : IntAlu : 
31600000: system.cpu T0 : 0x120062c50    : bne        r19,0x120062c5c : IntAlu : 
31600000: system.cpu T0 : 0x120062c54    : lda        r30,16(r30)     : IntAlu :  D=0x000000011ff91cf0
31601000: system.cpu T0 : 0x120062c58    : ret        (r26)           : IntAlu : 
31603000: system.cpu T0 : 0x1200451a0    : nop        (ldq_u      r31,0(r30)) : No_OpClass : 
31603000: system.cpu T0 : 0x1200451a4    : nop        (ldq_u      r31,0(r30)) : No_OpClass : 
31604000: system.cpu T0 : 0x1200451a8    : ldq        r26,0(r30)      : MemRead :  D=0x0000000120034248 A=0x11ff91cf0
31605000: system.cpu T0 : 0x1200451ac    : ldq        r9,8(r30)       : MemRead :  D=0x0000000000000002 A=0x11ff91cf8
31605000: system.cpu T0 : 0x1200451b0    : lda        r30,16(r30)     : IntAlu :  D=0x000000011ff91d00
31606000: system.cpu T0 : 0x1200451b4    : ret        (r26)           : IntAlu : 
32036000: system.cpu T0 : 0x120034248    : nop        (ldq_u      r31,0(r30)) : No_OpClass : 
32036000: system.cpu T0 : 0x12003424c    : nop        (ldq_u      r31,0(r30)) : No_OpClass : 
32036000: system.cpu T0 : 0x120034250    : br         0x1200341c4     : IntAlu : 
32484000: system.cpu T0 : 0x1200341c4    : ldq        r1,-32752(r29)  : MemRead :  D=0x00000001200c1aa0 A=0x1200c0838
32485000: system.cpu T0 : 0x1200341c8    : stl        r9,0(r1)        : MemWrite :  D=0x0000000000000002 A=0x1200c1aa0
32922000: system.cpu T0 : 0x1200341cc    : ldq        r1,-30360(r29)  : MemRead :  D=0x00000001200c1aa8 A=0x1200c1190
32923000: system.cpu T0 : 0x1200341d0    : stq        r10,0(r1)       : MemWrite :  D=0x000000011ff92008 A=0x1200c1aa8
32923000: system.cpu T0 : 0x1200341d4    : lda        r1,-29608(r29)  : IntAlu :  D=0x00000001200c1480
32923000: system.cpu T0 : 0x1200341d8    : stq        r11,0(r1)       : MemWrite :  D=0x000000011ff92020 A=0x1200c1480
32923000: system.cpu T0 : 0x1200341dc    : nop        (ldq_u      r31,0(r30)) : No_OpClass : 
32924000: system.cpu T0 : 0x1200341e0    : bsr        r26,0x1200340c4 : IntAlu :  D=0x00000001200341e4
32924000: system.cpu T0 : 0x1200340c4    : lda        r30,-16(r30)    : IntAlu :  D=0x000000011ff91cf0
32924000: system.cpu T0 : 0x1200340c8    : stq        r26,0(r30)      : MemWrite :  D=0x00000001200341e4 A=0x11ff91cf0
32924000: system.cpu T0 : 0x1200340cc    : stq        r9,8(r30)       : MemWrite :  D=0x0000000000000002 A=0x11ff91cf8
33364000: system.cpu T0 : 0x1200340d0    : ldq        r1,-31680(r29)  : MemRead :  D=0x00000001200c1a98 A=0x1200c0c68
33367000: system.cpu T0 : 0x1200340d4    : ldl        r1,0(r1)        : MemRead :  D=0x0000000000000001 A=0x1200c1a98
33369000: system.cpu T0 : 0x1200340d8    : bne        r1,0x120034154  : IntAlu : 
33796000: system.cpu T0 : 0x120034154    : ldq        r26,0(r30)      : MemRead :  D=0x00000001200341e4 A=0x11ff91cf0
33797000: system.cpu T0 : 0x120034158    : ldq        r9,8(r30)       : MemRead :  D=0x0000000000000002 A=0x11ff91cf8
33797000: system.cpu T0 : 0x12003415c    : lda        r30,16(r30)     : IntAlu :  D=0x000000011ff91d00
33798000: system.cpu T0 : 0x120034160    : ret        (r26)           : IntAlu : 
33798000: system.cpu T0 : 0x1200341e4    : nop        (ldq_u      r31,0(r30)) : No_OpClass : 
33798000: system.cpu T0 : 0x1200341e8    : nop        (ldq_u      r31,0(r30)) : No_OpClass : 
33798000: system.cpu T0 : 0x1200341ec    : nop        (ldq_u      r31,0(r30)) : No_OpClass : 
33799000: system.cpu T0 : 0x1200341f0    : bsr        r26,0x120033950 : IntAlu :  D=0x00000001200341f4
34222000: system.cpu T0 : 0x120033950    : lda        r30,-64(r30)    : IntAlu :  D=0x000000011ff91cc0
34222000: system.cpu T0 : 0x120033954    : stq        r26,0(r30)      : MemWrite :  D=0x00000001200341f4 A=0x11ff91cc0
34222000: system.cpu T0 : 0x120033958    : stq        r9,8(r30)       : MemWrite :  D=0x0000000000000002 A=0x11ff91cc8
34222000: system.cpu T0 : 0x12003395c    : stq        r10,16(r30)     : MemWrite :  D=0x000000011ff92008 A=0x11ff91cd0
34223000: system.cpu T0 : 0x120033960    : stq        r11,24(r30)     : MemWrite :  D=0x000000011ff92020 A=0x11ff91cd8
34223000: system.cpu T0 : 0x120033964    : stq        r12,32(r30)     : MemWrite :  D=0x000000012001e450 A=0x11ff91ce0
34223000: system.cpu T0 : 0x120033968    : rpcc       r31,r1          : IntAlu :  D=0x00000000020a2bc8
34224000: system.cpu T0 : 0x12003396c    : srl        r1,32,r2        : IntAlu :  D=0x0000000000000000
34225000: system.cpu T0 : 0x120033970    : subq       r1,r2,r1        : IntAlu :  D=0x00000000020a2bc8
34653000: system.cpu T0 : 0x120033974    : ldq        r2,-31976(r29)  : MemRead :  D=0x00000001200c1a10 A=0x1200c0b40
34654000: system.cpu T0 : 0x120033978    : stl        r1,0(r2)        : MemWrite :  D=0x00000000020a2bc8 A=0x1200c1a10
35096000: system.cpu T0 : 0x12003397c    : ldq        r1,-30216(r29)  : MemRead :  D=0x00000001200c1a90 A=0x1200c1220
35099000: system.cpu T0 : 0x120033980    : ldq        r1,0(r1)        : MemRead :  D=0x0000000000002000 A=0x1200c1a90
35101000: system.cpu T0 : 0x120033984    : bne        r1,0x1200339a0  : IntAlu : 
35104000: system.cpu T0 : 0x1200339a0    : ldah       r16,-3(r29)     : IntAlu :  D=0x0000000120098828
35105000: system.cpu T0 : 0x1200339a4    : lda        r16,-25540(r16) : IntAlu :  D=0x0000000120092464
35105000: system.cpu T0 : 0x1200339a8    : nop        (ldq_u      r31,0(r30)) : No_OpClass : 
35105000: system.cpu T0 : 0x1200339ac    : bsr        r26,0x1200459dc : IntAlu :  D=0x00000001200339b0
35529000: system.cpu T0 : 0x1200459dc    : lda        r30,-48(r30)    : IntAlu :  D=0x000000011ff91c90
35529000: system.cpu T0 : 0x1200459e0    : stq        r26,0(r30)      : MemWrite :  D=0x00000001200339b0 A=0x11ff91c90
35529000: system.cpu T0 : 0x1200459e4    : stq        r9,8(r30)       : MemWrite :  D=0x0000000000000002 A=0x11ff91c98
35529000: system.cpu T0 : 0x1200459e8    : stq        r10,16(r30)     : MemWrite :  D=0x000000011ff92008 A=0x11ff91ca0
35530000: system.cpu T0 : 0x1200459ec    : stq        r11,24(r30)     : MemWrite :  D=0x000000011ff92020 A=0x11ff91ca8
35530000: system.cpu T0 : 0x1200459f0    : stq        r12,32(r30)     : MemWrite :  D=0x000000012001e450 A=0x11ff91cb0
35530000: system.cpu T0 : 0x1200459f4    : stq        r13,40(r30)     : MemWrite :  D=0x000000012001e4c0 A=0x11ff91cb8
35530000: system.cpu T0 : 0x1200459f8    : bis        r31,r16,r9      : IntAlu :  D=0x0000000120092464
35531000: system.cpu T0 : 0x1200459fc    : nop        (ldq_u      r31,0(r30)) : No_OpClass : 
35954000: system.cpu T0 : 0x120045a00    : bsr        r26,strlen      : IntAlu :  D=0x0000000120045a04
36822000: system.cpu T0 : 0x12002de60    : ldq_u      r1,0(r16)       : MemRead :  D=0x575f444c00000052 A=0x120092460
36822000: system.cpu T0 : 0x12002de64    : lda        r2,-1(r31)      : IntAlu :  D=0xffffffffffffffff
36822000: system.cpu T0 : 0x12002de68    : insqh      r2,r16,r2       : IntAlu :  D=0x00000000ffffffff
36822000: system.cpu T0 : 0x12002de6c    : bic        r16,7,r0        : IntAlu :  D=0x0000000120092460
36824000: system.cpu T0 : 0x12002de70    : bis        r2,r1,r1        : IntAlu :  D=0x575f444cffffffff
36825000: system.cpu T0 : 0x12002de74    : cmpbge     r31,r1,r2       : IntAlu :  D=0x0000000000000000
36825000: system.cpu T0 : 0x12002de78    : nop        (bis        r31,r31,r31) : No_OpClass : 
36826000: system.cpu T0 : 0x12002de7c    : bne        r2,0x12002de90  : IntAlu : 
36827000: system.cpu T0 : 0x12002de80    : ldq        r1,8(r0)        : MemRead :  D=0x4c5f444c004e5241 A=0x120092468
36827000: system.cpu T0 : 0x12002de84    : addq       r0,8,r0         : IntAlu :  D=0x0000000120092468
36829000: system.cpu T0 : 0x12002de88    : cmpbge     r31,r1,r2       : IntAlu :  D=0x0000000000000008
36830000: system.cpu T0 : 0x12002de8c    : beq        r2,0x12002de80  : IntAlu : 
36830000: system.cpu T0 : 0x12002de90    : cttz       r2,r3           : IntAlu :  D=0x0000000000000003
36831000: system.cpu T0 : 0x12002de94    : addq       r0,r3,r0        : IntAlu :  D=0x000000012009246b
36832000: system.cpu T0 : 0x12002de98    : subq       r0,r16,r0       : IntAlu :  D=0x0000000000000007
36832000: system.cpu T0 : 0x12002de9c    : ret        (r26)           : IntAlu : 
36833000: system.cpu T0 : 0x120045a04    : nop        (ldq_u      r31,0(r30)) : No_OpClass : 
36833000: system.cpu T0 : 0x120045a08    : nop        (ldq_u      r31,0(r30)) : No_OpClass : 
36833000: system.cpu T0 : 0x120045a0c    : lda        r1,-29608(r29)  : IntAlu :  D=0x00000001200c1480
36847000: system.cpu T0 : 0x120045a10    : ldq        r10,0(r1)       : MemRead :  D=0x000000011ff92020 A=0x1200c1480
36849000: system.cpu T0 : 0x120045a14    : beq        r10,0x120045b18 : IntAlu : 
36850000: system.cpu T0 : 0x120045a18    : ldbu       r1,0(r9)        : MemRead :  D=0x000000000000004c A=0x120092464
36852000: system.cpu T0 : 0x120045a1c    : beq        r1,0x120045b18  : IntAlu : 
36853000: system.cpu T0 : 0x120045a20    : ldbu       r1,1(r9)        : MemRead :  D=0x0000000000000044 A=0x120092465
36855000: system.cpu T0 : 0x120045a24    : bne        r1,0x120045a90  : IntAlu : 
37289000: system.cpu T0 : 0x120045a90    : ldbu       r1,1(r9)        : MemRead :  D=0x0000000000000044 A=0x120092465
37291000: system.cpu T0 : 0x120045a94    : sll        r1,8,r1         : IntAlu :  D=0x0000000000004400
37292000: system.cpu T0 : 0x120045a98    : ldbu       r2,0(r9)        : MemRead :  D=0x000000000000004c A=0x120092464
37294000: system.cpu T0 : 0x120045a9c    : bis        r1,r2,r1        : IntAlu :  D=0x000000000000444c
37295000: system.cpu T0 : 0x120045aa0    : sextw      r1,r11          : IntAlu :  D=0x000000000000444c
37295000: system.cpu T0 : 0x120045aa4    : lda        r12,-2(r0)      : IntAlu :  D=0x0000000000000005
37295000: system.cpu T0 : 0x120045aa8    : lda        r13,2(r9)       : IntAlu :  D=0x0000000120092466
37725000: system.cpu T0 : 0x120045aac    : ldq        r9,0(r10)       : MemRead :  D=0x0000000000000000 A=0x11ff92020
37727000: system.cpu T0 : 0x120045ab0    : beq        r9,0x120045b18  : IntAlu : 
38157000: system.cpu T0 : 0x120045b18    : bis        r31,r31,r0      : IntAlu :  D=0x0000000000000000
38158000: system.cpu T0 : 0x120045b1c    : ldq        r26,0(r30)      : MemRead :  D=0x00000001200339b0 A=0x11ff91c90
38159000: system.cpu T0 : 0x120045b20    : ldq        r9,8(r30)       : MemRead :  D=0x0000000000000002 A=0x11ff91c98
38159000: system.cpu T0 : 0x120045b24    : ldq        r10,16(r30)     : MemRead :  D=0x000000011ff92008 A=0x11ff91ca0
38159000: system.cpu T0 : 0x120045b28    : ldq        r11,24(r30)     : MemRead :  D=0x000000011ff92020 A=0x11ff91ca8
38160000: system.cpu T0 : 0x120045b2c    : ldq        r12,32(r30)     : MemRead :  D=0x000000012001e450 A=0x11ff91cb0
38160000: system.cpu T0 : 0x120045b30    : ldq        r13,40(r30)     : MemRead :  D=0x000000012001e4c0 A=0x11ff91cb8
38160000: system.cpu T0 : 0x120045b34    : lda        r30,48(r30)     : IntAlu :  D=0x000000011ff91cc0
38160000: system.cpu T0 : 0x120045b38    : ret        (r26)           : IntAlu : 
38174000: system.cpu T0 : 0x1200339b0    : nop        (ldq_u      r31,0(r30)) : No_OpClass : 
38174000: system.cpu T0 : 0x1200339b4    : nop        (ldq_u      r31,0(r30)) : No_OpClass : 
38174000: system.cpu T0 : 0x1200339b8    : ldah       r1,-2(r29)      : IntAlu :  D=0x00000001200a8828
38175000: system.cpu T0 : 0x1200339bc    : lda        r1,-25419(r1)   : IntAlu :  D=0x00000001200a24dd
38591000: system.cpu T0 : 0x1200339c0    : cmovne     r0,r0,r1        : IntAlu :  D=0x00000001200a24dd
38592000: system.cpu T0 : 0x1200339c4    : ldbu       r1,0(r1)        : MemRead :  A=0x1200a24dd
39021000: system.cpu T0 : 0x1200339c4    : ldbu       r1,0(r1)        : MemRead :  D=0x0000000000000000 A=0x1200a24dd
39023000: system.cpu T0 : 0x1200339c8    : cmpult     r31,r1,r1       : IntAlu :  D=0x0000000000000000
39447000: system.cpu T0 : 0x1200339cc    : ldq        r2,-30568(r29)  : MemRead :  D=0x00000001200c1a58 A=0x1200c10c0
39448000: system.cpu T0 : 0x1200339d0    : stl        r1,0(r2)        : MemWrite :  D=0x0000000000000000 A=0x1200c1a58
39448000: system.cpu T0 : 0x1200339d4    : ldah       r16,-3(r29)     : IntAlu :  D=0x0000000120098828
39448000: system.cpu T0 : 0x1200339d8    : lda        r16,-25532(r16) : IntAlu :  D=0x000000012009246c
39448000: system.cpu T0 : 0x1200339dc    : nop        (ldq_u      r31,0(r30)) : No_OpClass : 
39449000: system.cpu T0 : 0x1200339e0    : bsr        r26,0x1200459dc : IntAlu :  D=0x00000001200339e4
39449000: system.cpu T0 : 0x1200459dc    : lda        r30,-48(r30)    : IntAlu :  D=0x000000011ff91c90
39449000: system.cpu T0 : 0x1200459e0    : stq        r26,0(r30)      : MemWrite :  D=0x00000001200339e4 A=0x11ff91c90
39449000: system.cpu T0 : 0x1200459e4    : stq        r9,8(r30)       : MemWrite :  D=0x0000000000000002 A=0x11ff91c98
39450000: system.cpu T0 : 0x1200459e8    : stq        r10,16(r30)     : MemWrite :  D=0x000000011ff92008 A=0x11ff91ca0
39450000: system.cpu T0 : 0x1200459ec    : stq        r11,24(r30)     : MemWrite :  D=0x000000011ff92020 A=0x11ff91ca8
39450000: system.cpu T0 : 0x1200459f0    : stq        r12,32(r30)     : MemWrite :  D=0x000000012001e450 A=0x11ff91cb0
39450000: system.cpu T0 : 0x1200459f4    : stq        r13,40(r30)     : MemWrite :  D=0x000000012001e4c0 A=0x11ff91cb8
39451000: system.cpu T0 : 0x1200459f8    : bis        r31,r16,r9      : IntAlu :  D=0x000000012009246c
39451000: system.cpu T0 : 0x1200459fc    : nop        (ldq_u      r31,0(r30)) : No_OpClass : 
39452000: system.cpu T0 : 0x120045a00    : bsr        r26,strlen      : IntAlu :  D=0x0000000120045a04
39471000: system.cpu T0 : 0x12002de60    : ldq_u      r1,0(r16)       : MemRead :  D=0x4c5f444c004e5241 A=0x120092468
39471000: system.cpu T0 : 0x12002de64    : lda        r2,-1(r31)      : IntAlu :  D=0xffffffffffffffff
39471000: system.cpu T0 : 0x12002de68    : insqh      r2,r16,r2       : IntAlu :  D=0x00000000ffffffff
39471000: system.cpu T0 : 0x12002de6c    : bic        r16,7,r0        : IntAlu :  D=0x0000000120092468
39473000: system.cpu T0 : 0x12002de70    : bis        r2,r1,r1        : IntAlu :  D=0x4c5f444cffffffff
39474000: system.cpu T0 : 0x12002de74    : cmpbge     r31,r1,r2       : IntAlu :  D=0x0000000000000000
39474000: system.cpu T0 : 0x12002de78    : nop        (bis        r31,r31,r31) : No_OpClass : 
39475000: system.cpu T0 : 0x12002de7c    : bne        r2,0x12002de90  : IntAlu : 
39485000: system.cpu T0 : 0x12002de80    : ldq        r1,8(r0)        : MemRead :  D=0x505f595241524249 A=0x120092470
39485000: system.cpu T0 : 0x12002de84    : addq       r0,8,r0         : IntAlu :  D=0x0000000120092470
39487000: system.cpu T0 : 0x12002de88    : cmpbge     r31,r1,r2       : IntAlu :  D=0x0000000000000000
39488000: system.cpu T0 : 0x12002de8c    : beq        r2,0x12002de80  : IntAlu : 
39492000: system.cpu T0 : 0x12002de80    : ldq        r1,8(r0)        : MemRead :  D=0x425f444c00485441 A=0x120092478
39492000: system.cpu T0 : 0x12002de84    : addq       r0,8,r0         : IntAlu :  D=0x0000000120092478
39494000: system.cpu T0 : 0x12002de88    : cmpbge     r31,r1,r2       : IntAlu :  D=0x0000000000000008
39495000: system.cpu T0 : 0x12002de8c    : beq        r2,0x12002de80  : IntAlu : 
39498000: system.cpu T0 : 0x12002de90    : cttz       r2,r3           : IntAlu :  D=0x0000000000000003
39499000: system.cpu T0 : 0x12002de94    : addq       r0,r3,r0        : IntAlu :  D=0x000000012009247b
39500000: system.cpu T0 : 0x12002de98    : subq       r0,r16,r0       : IntAlu :  D=0x000000000000000f
39500000: system.cpu T0 : 0x12002de9c    : ret        (r26)           : IntAlu : 
39500000: system.cpu T0 : 0x120045a04    : nop        (ldq_u      r31,0(r30)) : No_OpClass : 
39500000: system.cpu T0 : 0x120045a08    : nop        (ldq_u      r31,0(r30)) : No_OpClass : 
39501000: system.cpu T0 : 0x120045a0c    : lda        r1,-29608(r29)  : IntAlu :  D=0x00000001200c1480
39503000: system.cpu T0 : 0x120045a10    : ldq        r10,0(r1)       : MemRead :  D=0x000000011ff92020 A=0x1200c1480
39505000: system.cpu T0 : 0x120045a14    : beq        r10,0x120045b18 : IntAlu : 
39506000: system.cpu T0 : 0x120045a18    : ldbu       r1,0(r9)        : MemRead :  D=0x000000000000004c A=0x12009246c
39508000: system.cpu T0 : 0x120045a1c    : beq        r1,0x120045b18  : IntAlu : 
39509000: system.cpu T0 : 0x120045a20    : ldbu       r1,1(r9)        : MemRead :  D=0x0000000000000044 A=0x12009246d
39511000: system.cpu T0 : 0x120045a24    : bne        r1,0x120045a90  : IntAlu : 
39520000: system.cpu T0 : 0x120045a90    : ldbu       r1,1(r9)        : MemRead :  D=0x0000000000000044 A=0x12009246d
39522000: system.cpu T0 : 0x120045a94    : sll        r1,8,r1         : IntAlu :  D=0x0000000000004400
39523000: system.cpu T0 : 0x120045a98    : ldbu       r2,0(r9)        : MemRead :  D=0x000000000000004c A=0x12009246c
39525000: system.cpu T0 : 0x120045a9c    : bis        r1,r2,r1        : IntAlu :  D=0x000000000000444c
39526000: system.cpu T0 : 0x120045aa0    : sextw      r1,r11          : IntAlu :  D=0x000000000000444c
39526000: system.cpu T0 : 0x120045aa4    : lda        r12,-2(r0)      : IntAlu :  D=0x000000000000000d
39526000: system.cpu T0 : 0x120045aa8    : lda        r13,2(r9)       : IntAlu :  D=0x000000012009246e
39527000: system.cpu T0 : 0x120045aac    : ldq        r9,0(r10)       : MemRead :  D=0x0000000000000000 A=0x11ff92020
39529000: system.cpu T0 : 0x120045ab0    : beq        r9,0x120045b18  : IntAlu : 
39532000: system.cpu T0 : 0x120045b18    : bis        r31,r31,r0      : IntAlu :  D=0x0000000000000000
39533000: system.cpu T0 : 0x120045b1c    : ldq        r26,0(r30)      : MemRead :  D=0x00000001200339e4 A=0x11ff91c90
39534000: system.cpu T0 : 0x120045b20    : ldq        r9,8(r30)       : MemRead :  D=0x0000000000000002 A=0x11ff91c98
39534000: system.cpu T0 : 0x120045b24    : ldq        r10,16(r30)     : MemRead :  D=0x000000011ff92008 A=0x11ff91ca0
39534000: system.cpu T0 : 0x120045b28    : ldq        r11,24(r30)     : MemRead :  D=0x000000011ff92020 A=0x11ff91ca8
39535000: system.cpu T0 : 0x120045b2c    : ldq        r12,32(r30)     : MemRead :  D=0x000000012001e450 A=0x11ff91cb0
39535000: system.cpu T0 : 0x120045b30    : ldq        r13,40(r30)     : MemRead :  D=0x000000012001e4c0 A=0x11ff91cb8
39535000: system.cpu T0 : 0x120045b34    : lda        r30,48(r30)     : IntAlu :  D=0x000000011ff91cc0
39535000: system.cpu T0 : 0x120045b38    : ret        (r26)           : IntAlu : 
39537000: system.cpu T0 : 0x1200339e4    : nop        (ldq_u      r31,0(r30)) : No_OpClass : 
39537000: system.cpu T0 : 0x1200339e8    : nop        (ldq_u      r31,0(r30)) : No_OpClass : 
39537000: system.cpu T0 : 0x1200339ec    : bis        r31,r0,r16      : IntAlu :  D=0x0000000000000000
39537000: system.cpu T0 : 0x1200339f0    : nop        (ldq_u      r31,0(r30)) : No_OpClass : 
39538000: system.cpu T0 : 0x1200339f4    : bsr        r26,0x120065c78 : IntAlu :  D=0x00000001200339f8
39970000: system.cpu T0 : 0x120065c78    : lda        r30,-48(r30)    : IntAlu :  D=0x000000011ff91c90
39970000: system.cpu T0 : 0x120065c7c    : stq        r26,0(r30)      : MemWrite :  D=0x00000001200339f8 A=0x11ff91c90
39979000: system.cpu T0 : 0x120065c80    : stq        r9,8(r30)       : MemWrite :  D=0x0000000000000002 A=0x11ff91c98
39979000: system.cpu T0 : 0x120065c84    : stq        r10,16(r30)     : MemWrite :  D=0x000000011ff92008 A=0x11ff91ca0
39979000: system.cpu T0 : 0x120065c88    : stq        r11,24(r30)     : MemWrite :  D=0x000000011ff92020 A=0x11ff91ca8
39979000: system.cpu T0 : 0x120065c8c    : stq        r15,32(r30)     : MemWrite :  D=0x0000000000000000 A=0x11ff91cb0
39980000: system.cpu T0 : 0x120065c90    : bis        r31,r30,r15     : IntAlu :  D=0x000000011ff91c90
39980000: system.cpu T0 : 0x120065c94    : bis        r31,r16,r11     : IntAlu :  D=0x0000000000000000
40403000: system.cpu T0 : 0x120065c98    : ldq        r1,-31720(r29)  : MemRead :  D=0x00000001200c1a18 A=0x1200c0c40
40836000: system.cpu T0 : 0x120065c9c    : ldq        r16,0(r1)       : MemRead :  D=0x0000000000000000 A=0x1200c1a18
40845000: system.cpu T0 : 0x120065ca0    : ldq        r1,-32288(r29)  : MemRead :  D=0x00000001200c19e8 A=0x1200c0a08
41279000: system.cpu T0 : 0x120065ca4    : ldq        r17,0(r1)       : MemRead :  D=0x0000000000000000 A=0x1200c19e8
41279000: system.cpu T0 : 0x120065ca8    : ldah       r18,-1(r29)     : IntAlu :  D=0x00000001200b8828
41279000: system.cpu T0 : 0x120065cac    : lda        r18,26112(r18)  : IntAlu :  D=0x00000001200bee28
41279000: system.cpu T0 : 0x120065cb0    : ldah       r19,-1(r29)     : IntAlu :  D=0x00000001200b8828
41280000: system.cpu T0 : 0x120065cb4    : lda        r19,26120(r19)  : IntAlu :  D=0x00000001200bee30
41280000: system.cpu T0 : 0x120065cb8    : nop        (ldq_u      r31,0(r30)) : No_OpClass : 
41280000: system.cpu T0 : 0x120065cbc    : bsr        r26,0x120033924 : IntAlu :  D=0x0000000120065cc0
41280000: system.cpu T0 : 0x120033924    : ldah       r0,0(r29)       : IntAlu :  D=0x00000001200c8828
41281000: system.cpu T0 : 0x120033928    : ldah       r1,0(r29)       : IntAlu :  D=0x00000001200c8828
41281000: system.cpu T0 : 0x12003392c    : lda        r1,-29568(r1)   : IntAlu :  D=0x00000001200c14a8
41282000: system.cpu T0 : 0x120033930    : stq        r1,-16304(r0)   : MemWrite :  D=0x00000001200c14a8 A=0x1200c4878
41288000: system.cpu T0 : 0x120033930    : stq        r1,-16304(r0)   : MemWrite :  D=0x00000001200c14a8 A=0x1200c4878
41288000: system.cpu T0 : 0x120033934    : lda        r0,-16304(r0)   : IntAlu :  D=0x00000001200c4878
41288000: system.cpu T0 : 0x120033938    : stq        r31,8(r0)       : MemWrite :  D=0x0000000000000000 A=0x1200c4880
41288000: system.cpu T0 : 0x12003393c    : lda        r1,1(r31)       : IntAlu :  D=0x0000000000000001
41700000: system.cpu T0 : 0x120033940    : stq        r1,0(r18)       : MemWrite :  D=0x0000000000000001 A=0x1200bee28
41700000: system.cpu T0 : 0x120033944    : ret        (r26)           : IntAlu : 
41703000: system.cpu T0 : 0x120065cc0    : nop        (ldq_u      r31,0(r30)) : No_OpClass : 
41703000: system.cpu T0 : 0x120065cc4    : nop        (ldq_u      r31,0(r30)) : No_OpClass : 
41703000: system.cpu T0 : 0x120065cc8    : ldah       r1,-1(r29)      : IntAlu :  D=0x00000001200b8828
41703000: system.cpu T0 : 0x120065ccc    : stq        r0,26104(r1)    : MemWrite :  D=0x00000001200c4878 A=0x1200bee20
41704000: system.cpu T0 : 0x120065cd0    : lda        r16,24(r31)     : IntAlu :  D=0x0000000000000018
41704000: system.cpu T0 : 0x120065cd4    : nop        (ldq_u      r31,0(r30)) : No_OpClass : 
41704000: system.cpu T0 : 0x120065cd8    : bsr        r26,0x12002ca14 : IntAlu :  D=0x0000000120065cdc
42135000: system.cpu T0 : 0x12002ca14    : lda        r30,-32(r30)    : IntAlu :  D=0x000000011ff91c70
42135000: system.cpu T0 : 0x12002ca18    : stq        r26,0(r30)      : MemWrite :  D=0x0000000120065cdc A=0x11ff91c70
42135000: system.cpu T0 : 0x12002ca1c    : stq        r9,8(r30)       : MemWrite :  D=0x0000000000000002 A=0x11ff91c78
42135000: system.cpu T0 : 0x12002ca20    : stq        r10,16(r30)     : MemWrite :  D=0x000000011ff92008 A=0x11ff91c80
42136000: system.cpu T0 : 0x12002ca24    : stq        r11,24(r30)     : MemWrite :  D=0x0000000000000000 A=0x11ff91c88
42136000: system.cpu T0 : 0x12002ca28    : bis        r31,r26,r17     : IntAlu :  D=0x0000000120065cdc
42136000: system.cpu T0 : 0x12002ca2c    : bis        r31,r16,r11     : IntAlu :  D=0x0000000000000018
42136000: system.cpu T0 : 0x12002ca30    : lda        r1,-30056(r29)  : IntAlu :  D=0x00000001200c12c0
42575000: system.cpu T0 : 0x12002ca34    : ldq        r27,0(r1)       : MemRead :  D=0x000000012002cc8c A=0x1200c12c0
42577000: system.cpu T0 : 0x12002ca38    : beq        r27,0x12002ca50 : IntAlu : 
42578000: system.cpu T0 : 0x12002ca3c    : jsr        r26,(r27)       : IntAlu :  D=0x000000012002ca40
43004000: system.cpu T0 : 0x12002cc8c    : ldah       r29,10(r27)     : IntAlu :  D=0x00000001200ccc8c
43005000: system.cpu T0 : 0x12002cc90    : lda        r29,-17508(r29) : IntAlu :  D=0x00000001200c8828
43005000: system.cpu T0 : 0x12002cc94    : lda        r30,-16(r30)    : IntAlu :  D=0x000000011ff91c60
43005000: system.cpu T0 : 0x12002cc98    : stq        r26,0(r30)      : MemWrite :  D=0x000000012002ca40 A=0x11ff91c60
43005000: system.cpu T0 : 0x12002cc9c    : stq        r9,8(r30)       : MemWrite :  D=0x0000000000000002 A=0x11ff91c68
43006000: system.cpu T0 : 0x12002cca0    : bis        r31,r16,r9      : IntAlu :  D=0x0000000000000018
43006000: system.cpu T0 : 0x12002cca4    : lda        r1,-30056(r29)  : IntAlu :  D=0x00000001200c12c0
43006000: system.cpu T0 : 0x12002cca8    : stq        r31,0(r1)       : MemWrite :  D=0x0000000000000000 A=0x1200c12c0
43006000: system.cpu T0 : 0x12002ccac    : bsr        r26,0x120028a74 : IntAlu :  D=0x000000012002ccb0
43436000: system.cpu T0 : 0x120028a74    : lda        r30,-96(r30)    : IntAlu :  D=0x000000011ff91c00
43436000: system.cpu T0 : 0x120028a78    : stq        r26,0(r30)      : MemWrite :  D=0x000000012002ccb0 A=0x11ff91c00
43436000: system.cpu T0 : 0x120028a7c    : stq        r9,8(r30)       : MemWrite :  D=0x0000000000000018 A=0x11ff91c08
43445000: system.cpu T0 : 0x120028a80    : stq        r10,16(r30)     : MemWrite :  D=0x000000011ff92008 A=0x11ff91c10
43445000: system.cpu T0 : 0x120028a84    : stq        r11,24(r30)     : MemWrite :  D=0x0000000000000018 A=0x11ff91c18
43445000: system.cpu T0 : 0x120028a88    : stq        r12,32(r30)     : MemWrite :  D=0x000000012001e450 A=0x11ff91c20
43445000: system.cpu T0 : 0x120028a8c    : stq        r13,40(r30)     : MemWrite :  D=0x000000012001e4c0 A=0x11ff91c28
43446000: system.cpu T0 : 0x120028a90    : stq        r14,48(r30)     : MemWrite :  D=0x0000000000000000 A=0x11ff91c30
43446000: system.cpu T0 : 0x120028a94    : stq        r15,56(r30)     : MemWrite :  D=0x000000011ff91c90 A=0x11ff91c38
43446000: system.cpu T0 : 0x120028a98    : ldah       r1,0(r29)       : IntAlu :  D=0x00000001200c8828
43448000: system.cpu T0 : 0x120028a9c    : ldl        r1,-30032(r1)   : MemRead :  D=0x00000000ffffffff A=0x1200c12d8
43450000: system.cpu T0 : 0x120028aa0    : bge        r1,0x120028ea0  : IntAlu : 
43450000: system.cpu T0 : 0x120028aa4    : ldah       r1,0(r29)       : IntAlu :  D=0x00000001200c8828
43450000: system.cpu T0 : 0x120028aa8    : stl        r31,-30032(r1)  : MemWrite :  D=0x0000000000000000 A=0x1200c12d8
43450000: system.cpu T0 : 0x120028aac    : ldah       r3,0(r29)       : IntAlu :  D=0x00000001200c8828
43451000: system.cpu T0 : 0x120028ab0    : lda        r9,-18808(r3)   : IntAlu :  D=0x00000001200c3eb0
43451000: system.cpu T0 : 0x120028ab4    : ldah       r2,2(r31)       : IntAlu :  D=0x0000000000020000
43452000: system.cpu T0 : 0x120028ab8    : stq        r2,8(r9)        : MemWrite :  D=0x0000000000020000 A=0x1200c3eb8
43452000: system.cpu T0 : 0x120028abc    : ldah       r1,1(r31)       : IntAlu :  D=0x0000000000010000
43872000: system.cpu T0 : 0x120028ac0    : stl        r1,28(r9)       : MemWrite :  D=0x0000000000010000 A=0x1200c3ecc
43872000: system.cpu T0 : 0x120028ac4    : stq        r2,16(r9)       : MemWrite :  D=0x0000000000020000 A=0x1200c3ec0
43872000: system.cpu T0 : 0x120028ac8    : stq        r2,-18808(r3)   : MemWrite :  D=0x0000000000020000 A=0x1200c3eb0
43872000: system.cpu T0 : 0x120028acc    : nop        (ldq_u      r31,0(r30)) : No_OpClass : 
43873000: system.cpu T0 : 0x120028ad0    : bsr        r26,0x120030930 : IntAlu :  D=0x0000000120028ad4
44721000: system.cpu T0 : 0x120030930    : ldq        r1,-30216(r29)  : MemRead :  D=0x00000001200c1a90 A=0x1200c1220
45150000: system.cpu T0 : 0x120030934    : ldq        r1,0(r1)        : MemRead :  D=0x0000000000002000 A=0x1200c1a90
45152000: system.cpu T0 : 0x120030938    : addl       r31,r1,r0       : IntAlu :  D=0x0000000000002000
45152000: system.cpu T0 : 0x12003093c    : lda        r2,8192(r31)    : IntAlu :  D=0x0000000000002000
45153000: system.cpu T0 : 0x120030940    : cmoveq     r1,r2,r0        : IntAlu :  D=0x0000000000002000
45153000: system.cpu T0 : 0x120030944    : ret        (r26)           : IntAlu : 
45153000: system.cpu T0 : 0x120028ad4    : nop        (ldq_u      r31,0(r30)) : No_OpClass : 
45153000: system.cpu T0 : 0x120028ad8    : nop        (ldq_u      r31,0(r30)) : No_OpClass : 
45154000: system.cpu T0 : 0x120028adc    : stl        r0,40(r9)       : MemWrite :  D=0x0000000000002000 A=0x1200c3ed8
45154000: system.cpu T0 : 0x120028ae0    : ldah       r2,0(r29)       : IntAlu :  D=0x00000001200c8828
45154000: system.cpu T0 : 0x120028ae4    : stl        r31,-20992(r2)  : MemWrite :  D=0x0000000000000000 A=0x1200c3628
45155000: system.cpu T0 : 0x120028ae8    : lda        r2,-20992(r2)   : IntAlu :  D=0x00000001200c3628
45156000: system.cpu T0 : 0x120028aec    : stq        r2,2160(r2)     : MemWrite :  D=0x00000001200c3628 A=0x1200c3e98
45156000: system.cpu T0 : 0x120028af0    : ldah       r1,0(r29)       : IntAlu :  D=0x00000001200c8828
45156000: system.cpu T0 : 0x120028af4    : stl        r31,-29668(r1)  : MemWrite :  D=0x0000000000000000 A=0x1200c1444
45156000: system.cpu T0 : 0x120028af8    : lda        r1,80(r31)      : IntAlu :  D=0x0000000000000050
45159000: system.cpu T0 : 0x120028afc    : call_pal   rduniq          : IntAlu :  D=0x000000012033a6b0
45582000: system.cpu T0 : 0x120028b00    : addq       r0,r1,r0        : IntAlu :  D=0x000000012033a700
45582000: system.cpu T0 : 0x120028b04    : stq        r2,0(r0)        : MemWrite :  D=0x00000001200c3628 A=0x12033a700
45582000: system.cpu T0 : 0x120028b08    : bis        r31,r31,r19     : IntAlu :  D=0x0000000000000000
45582000: system.cpu T0 : 0x120028b0c    : lda        r1,-30144(r29)  : IntAlu :  D=0x00000001200c1268
45583000: system.cpu T0 : 0x120028b10    : beq        r1,0x120028b1c  : IntAlu : 
45583000: system.cpu T0 : 0x120028b14    : lda        r1,-30144(r29)  : IntAlu :  D=0x00000001200c1268
46023000: system.cpu T0 : 0x120028b18    : ldq        r19,0(r1)       : MemRead :  D=0x0000000000000000 A=0x1200c1268
46023000: system.cpu T0 : 0x120028b1c    : ldah       r16,-10(r29)    : IntAlu :  D=0x0000000120028828
46023000: system.cpu T0 : 0x120028b20    : lda        r16,-1664(r16)  : IntAlu :  D=0x00000001200281a8
46023000: system.cpu T0 : 0x120028b24    : ldah       r17,-10(r29)    : IntAlu :  D=0x0000000120028828
46024000: system.cpu T0 : 0x120028b28    : lda        r17,-3264(r17)  : IntAlu :  D=0x0000000120027b68
46024000: system.cpu T0 : 0x120028b2c    : ldah       r18,-10(r29)    : IntAlu :  D=0x0000000120028828
46024000: system.cpu T0 : 0x120028b30    : lda        r18,-2976(r18)  : IntAlu :  D=0x0000000120027c88
46024000: system.cpu T0 : 0x120028b34    : nop        (ldq_u      r31,0(r30)) : No_OpClass : 
46025000: system.cpu T0 : 0x120028b38    : bsr        r26,0x120032030 : IntAlu :  D=0x0000000120028b3c
46035000: system.cpu T0 : 0x120032030    : lda        r30,-48(r30)    : IntAlu :  D=0x000000011ff91bd0
46035000: system.cpu T0 : 0x120032034    : stq        r26,0(r30)      : MemWrite :  D=0x0000000120028b3c A=0x11ff91bd0
46035000: system.cpu T0 : 0x120032038    : stq        r9,8(r30)       : MemWrite :  D=0x00000001200c3eb0 A=0x11ff91bd8
46035000: system.cpu T0 : 0x12003203c    : stq        r10,16(r30)     : MemWrite :  D=0x000000011ff92008 A=0x11ff91be0
46044000: system.cpu T0 : 0x120032040    : stq        r11,24(r30)     : MemWrite :  D=0x0000000000000018 A=0x11ff91be8
46044000: system.cpu T0 : 0x120032044    : stq        r12,32(r30)     : MemWrite :  D=0x000000012001e450 A=0x11ff91bf0
46044000: system.cpu T0 : 0x120032048    : stq        r13,40(r30)     : MemWrite :  D=0x000000012001e4c0 A=0x11ff91bf8
46044000: system.cpu T0 : 0x12003204c    : bis        r31,r16,r10     : IntAlu :  D=0x00000001200281a8
46045000: system.cpu T0 : 0x120032050    : bis        r31,r17,r11     : IntAlu :  D=0x0000000120027b68
46045000: system.cpu T0 : 0x120032054    : bis        r31,r18,r12     : IntAlu :  D=0x0000000120027c88
46045000: system.cpu T0 : 0x120032058    : bis        r31,r19,r13     : IntAlu :  D=0x0000000000000000
46045000: system.cpu T0 : 0x12003205c    : ldah       r1,0(r29)       : IntAlu :  D=0x00000001200c8828
46059000: system.cpu T0 : 0x120032060    : ldl_l      r2,-29576(r1)   : MemRead :  D=0x0000000000000000 A=0x1200c14a0
46061000: system.cpu T0 : 0x120032064    : cmpeq      r2,0,r3         : IntAlu :  D=0x0000000000000001
46062000: system.cpu T0 : 0x120032068    : beq        r3,0x12003207c  : IntAlu : 
46062000: system.cpu T0 : 0x12003206c    : bis        r31,1,r3        : IntAlu :  D=0x0000000000000001
46064000: system.cpu T0 : 0x120032070    : stl_c      r3,-29576(r1)   : MemWrite :  D=0x0000000000000001 A=0x1200c14a0
46067000: system.cpu T0 : 0x120032074    : beq        r3,0x120032060  : IntAlu : 
46067000: system.cpu T0 : 0x120032078    : mb                         : MemRead : 
46067000: system.cpu T0 : 0x12003207c    : addl       r31,r3,r1       : IntAlu :  D=0x0000000000000001
46470000: system.cpu T0 : 0x120032080    : bne        r1,0x12003209c  : IntAlu : 
46473000: system.cpu T0 : 0x12003209c    : ldah       r1,0(r29)       : IntAlu :  D=0x00000001200c8828
46474000: system.cpu T0 : 0x1200320a0    : lda        r0,-18616(r1)   : IntAlu :  D=0x00000001200c3f70
46474000: system.cpu T0 : 0x1200320a4    : bis        r31,r31,r5      : IntAlu :  D=0x0000000000000000
46475000: system.cpu T0 : 0x1200320a8    : bis        r31,r0,r3       : IntAlu :  D=0x00000001200c3f70
46475000: system.cpu T0 : 0x1200320ac    : bis        r31,r5,r2       : IntAlu :  D=0x0000000000000000
46476000: system.cpu T0 : 0x1200320b0    : addl       r31,r2,r4       : IntAlu :  D=0x0000000000000000
46904000: system.cpu T0 : 0x1200320b4    : ldl        r1,48(r3)       : MemRead :  D=0x0000000000000000 A=0x1200c3fa0
46906000: system.cpu T0 : 0x1200320b8    : beq        r1,0x120032108  : IntAlu : 
47336000: system.cpu T0 : 0x120032108    : zapnot     r4,15,r3        : IntAlu :  D=0x0000000000000000
47337000: system.cpu T0 : 0x12003210c    : s4subq     r3,r3,r1        : IntAlu :  D=0x0000000000000000
47338000: system.cpu T0 : 0x120032110    : sll        r1,4,r1         : IntAlu :  D=0x0000000000000000
47339000: system.cpu T0 : 0x120032114    : addq       r0,r1,r1        : IntAlu :  D=0x00000001200c3f70
47340000: system.cpu T0 : 0x120032118    : lda        r9,8(r1)        : IntAlu :  D=0x00000001200c3f78
47340000: system.cpu T0 : 0x12003211c    : lda        r1,32(r1)       : IntAlu :  D=0x00000001200c3f90
47340000: system.cpu T0 : 0x120032120    : lda        r2,1(r31)       : IntAlu :  D=0x0000000000000001
47341000: system.cpu T0 : 0x120032124    : stl        r2,16(r1)       : MemWrite :  D=0x0000000000000001 A=0x1200c3fa0
47341000: system.cpu T0 : 0x120032128    : stl        r31,20(r1)      : MemWrite :  D=0x0000000000000000 A=0x1200c3fa4
47341000: system.cpu T0 : 0x12003212c    : beq        r9,0x120032168  : IntAlu : 
47341000: system.cpu T0 : 0x120032130    : s4subq     r3,r3,r1        : IntAlu :  D=0x0000000000000000
47342000: system.cpu T0 : 0x120032134    : sll        r1,4,r2         : IntAlu :  D=0x0000000000000000
47343000: system.cpu T0 : 0x120032138    : addq       r0,r2,r2        : IntAlu :  D=0x00000001200c3f70
47343000: system.cpu T0 : 0x12003213c    : stq        r10,16(r2)      : MemWrite :  D=0x00000001200281a8 A=0x1200c3f80
47765000: system.cpu T0 : 0x120032140    : lda        r1,1(r1)        : IntAlu :  D=0x0000000000000001
47766000: system.cpu T0 : 0x120032144    : sll        r1,4,r1         : IntAlu :  D=0x0000000000000010
47767000: system.cpu T0 : 0x120032148    : addq       r0,r1,r1        : IntAlu :  D=0x00000001200c3f80
47767000: system.cpu T0 : 0x12003214c    : stq        r11,8(r1)       : MemWrite :  D=0x0000000120027b68 A=0x1200c3f88
47767000: system.cpu T0 : 0x120032150    : stq        r12,16(r1)      : MemWrite :  D=0x0000000120027c88 A=0x1200c3f90
47767000: system.cpu T0 : 0x120032154    : stq        r13,40(r2)      : MemWrite :  D=0x0000000000000000 A=0x1200c3f98
47781000: system.cpu T0 : 0x120032158    : ldq        r3,-30952(r29)  : MemRead :  D=0x00000001200c1b18 A=0x1200c0f40
48219000: system.cpu T0 : 0x12003215c    : ldq        r1,0(r3)        : MemRead :  D=0x0000000000000000 A=0x1200c1b18
48221000: system.cpu T0 : 0x120032160    : stq        r1,8(r2)        : MemWrite :  D=0x0000000000000000 A=0x1200c3f78
48221000: system.cpu T0 : 0x120032164    : stq        r9,0(r3)        : MemWrite :  D=0x00000001200c3f78 A=0x1200c1b18
48221000: system.cpu T0 : 0x120032168    : ldah       r1,0(r29)       : IntAlu :  D=0x00000001200c8828
48221000: system.cpu T0 : 0x12003216c    : mb                         : MemRead : 
48223000: system.cpu T0 : 0x120032170    : ldl_l      r3,-29576(r1)   : MemRead :  D=0x0000000000000001 A=0x1200c14a0
48223000: system.cpu T0 : 0x120032174    : bis        r31,0,r2        : IntAlu :  D=0x0000000000000000
48225000: system.cpu T0 : 0x120032178    : stl_c      r2,-29576(r1)   : MemWrite :  D=0x0000000000000001 A=0x1200c14a0
48228000: system.cpu T0 : 0x12003217c    : beq        r2,0x120032170  : IntAlu : 
48228000: system.cpu T0 : 0x120032180    : addl       r31,r3,r1       : IntAlu :  D=0x0000000000000001
48229000: system.cpu T0 : 0x120032184    : cmple      r1,1,r1         : IntAlu :  D=0x0000000000000001
48230000: system.cpu T0 : 0x120032188    : bne        r1,0x1200321a8  : IntAlu : 
48233000: system.cpu T0 : 0x1200321a8    : bis        r31,r31,r0      : IntAlu :  D=0x0000000000000000
48234000: system.cpu T0 : 0x1200321ac    : cmoveq     r9,12,r0        : IntAlu :  D=0x0000000000000000
48235000: system.cpu T0 : 0x1200321b0    : ldq        r26,0(r30)      : MemRead :  D=0x0000000120028b3c A=0x11ff91bd0
48236000: system.cpu T0 : 0x1200321b4    : ldq        r9,8(r30)       : MemRead :  D=0x00000001200c3eb0 A=0x11ff91bd8
48236000: system.cpu T0 : 0x1200321b8    : ldq        r10,16(r30)     : MemRead :  D=0x000000011ff92008 A=0x11ff91be0
48236000: system.cpu T0 : 0x1200321bc    : ldq        r11,24(r30)     : MemRead :  D=0x0000000000000018 A=0x11ff91be8
48661000: system.cpu T0 : 0x1200321c0    : ldq        r12,32(r30)     : MemRead :  D=0x000000012001e450 A=0x11ff91bf0
48662000: system.cpu T0 : 0x1200321c4    : ldq        r13,40(r30)     : MemRead :  D=0x000000012001e4c0 A=0x11ff91bf8
48662000: system.cpu T0 : 0x1200321c8    : lda        r30,48(r30)     : IntAlu :  D=0x000000011ff91c00
48662000: system.cpu T0 : 0x1200321cc    : ret        (r26)           : IntAlu : 
49085000: system.cpu T0 : 0x120028b3c    : nop        (ldq_u      r31,0(r30)) : No_OpClass : 
49094000: system.cpu T0 : 0x120028b40    : nop        (ldq_u      r31,0(r30)) : No_OpClass : 
49517000: system.cpu T0 : 0x120028b44    : ldq        r1,-31792(r29)  : MemRead :  D=0x00000001200be600 A=0x1200c0bf8
49946000: system.cpu T0 : 0x120028b48    : ldl        r12,0(r1)       : MemRead :  D=0x0000000000000000 A=0x1200be600
49946000: system.cpu T0 : 0x120028b4c    : lda        r1,-29608(r29)  : IntAlu :  D=0x00000001200c1480
49946000: system.cpu T0 : 0x120028b50    : ldq        r9,0(r1)        : MemRead :  D=0x000000011ff92020 A=0x1200c1480
49946000: system.cpu T0 : 0x120028b54    : beq        r9,0x120028e7c  : IntAlu : 
49947000: system.cpu T0 : 0x120028b58    : bis        r31,r31,r10     : IntAlu :  D=0x0000000000000000
49947000: system.cpu T0 : 0x120028b5c    : bis        r31,r31,r13     : IntAlu :  D=0x0000000000000000
49947000: system.cpu T0 : 0x120028b60    : ldah       r1,-3(r29)      : IntAlu :  D=0x0000000120098828
49947000: system.cpu T0 : 0x120028b64    : lda        r14,-26875(r1)  : IntAlu :  D=0x0000000120091f2d
49948000: system.cpu T0 : 0x120028b68    : ldah       r1,-3(r29)      : IntAlu :  D=0x0000000120098828
49948000: system.cpu T0 : 0x120028b6c    : lda        r15,-26866(r1)  : IntAlu :  D=0x0000000120091f36
49948000: system.cpu T0 : 0x120028b70    : ldah       r1,-3(r29)      : IntAlu :  D=0x0000000120098828
49949000: system.cpu T0 : 0x120028b74    : lda        r1,-26857(r1)   : IntAlu :  D=0x0000000120091f3f
49950000: system.cpu T0 : 0x120028b78    : stq        r1,64(r30)      : MemWrite :  D=0x0000000120091f3f A=0x11ff91c40
49950000: system.cpu T0 : 0x120028b7c    : ldah       r1,-3(r29)      : IntAlu :  D=0x0000000120098828
49958000: system.cpu T0 : 0x120028b80    : lda        r1,-26847(r1)   : IntAlu :  D=0x0000000120091f49
49959000: system.cpu T0 : 0x120028b84    : stq        r1,72(r30)      : MemWrite :  D=0x0000000120091f49 A=0x11ff91c48
49959000: system.cpu T0 : 0x120028b88    : ldah       r1,-3(r29)      : IntAlu :  D=0x0000000120098828
49960000: system.cpu T0 : 0x120028b8c    : lda        r1,-26831(r1)   : IntAlu :  D=0x0000000120091f59
49961000: system.cpu T0 : 0x120028b90    : stq        r1,80(r30)      : MemWrite :  D=0x0000000120091f59 A=0x11ff91c50
49961000: system.cpu T0 : 0x120028b94    : ldah       r1,-3(r29)      : IntAlu :  D=0x0000000120098828
49962000: system.cpu T0 : 0x120028b98    : lda        r1,-25435(r1)   : IntAlu :  D=0x00000001200924cd
49963000: system.cpu T0 : 0x120028b9c    : stq        r1,88(r30)      : MemWrite :  D=0x00000001200924cd A=0x11ff91c58
49963000: system.cpu T0 : 0x120028ba0    : br         0x120028dc0     : IntAlu : 
50812000: system.cpu T0 : 0x120028dc0    : ldq        r2,0(r9)        : MemRead :  D=0x0000000000000000 A=0x11ff92020
50814000: system.cpu T0 : 0x120028dc4    : beq        r2,0x120028e50  : IntAlu : 
51244000: system.cpu T0 : 0x120028e50    : beq        r10,0x120028e7c : IntAlu : 
51247000: system.cpu T0 : 0x120028e7c    : lda        r1,-29704(r29)  : IntAlu :  D=0x00000001200c1420
52093000: system.cpu T0 : 0x120028e80    : ldq        r27,0(r1)       : MemRead :  D=0x0000000000000000 A=0x1200c1420
52095000: system.cpu T0 : 0x120028e84    : beq        r27,0x120028e94 : IntAlu : 
52098000: system.cpu T0 : 0x120028e94    : lda        r2,1(r31)       : IntAlu :  D=0x0000000000000001
52098000: system.cpu T0 : 0x120028e98    : ldah       r1,0(r29)       : IntAlu :  D=0x00000001200c8828
52099000: system.cpu T0 : 0x120028e9c    : stl        r2,-30032(r1)   : MemWrite :  D=0x0000000000000001 A=0x1200c12d8
52539000: system.cpu T0 : 0x120028ea0    : ldq        r26,0(r30)      : MemRead :  D=0x000000012002ccb0 A=0x11ff91c00
52546000: system.cpu T0 : 0x120028ea4    : ldq        r9,8(r30)       : MemRead :  D=0x0000000000000018 A=0x11ff91c08
52547000: system.cpu T0 : 0x120028ea8    : ldq        r10,16(r30)     : MemRead :  D=0x000000011ff92008 A=0x11ff91c10
52547000: system.cpu T0 : 0x120028eac    : ldq        r11,24(r30)     : MemRead :  D=0x0000000000000018 A=0x11ff91c18
52547000: system.cpu T0 : 0x120028eb0    : ldq        r12,32(r30)     : MemRead :  D=0x000000012001e450 A=0x11ff91c20
52547000: system.cpu T0 : 0x120028eb4    : ldq        r13,40(r30)     : MemRead :  D=0x000000012001e4c0 A=0x11ff91c28
52548000: system.cpu T0 : 0x120028eb8    : ldq        r14,48(r30)     : MemRead :  D=0x0000000000000000 A=0x11ff91c30
52549000: system.cpu T0 : 0x120028ebc    : ldq        r15,56(r30)     : MemRead :  D=0x000000011ff91c90 A=0x11ff91c38
52549000: system.cpu T0 : 0x120028ec0    : lda        r30,96(r30)     : IntAlu :  D=0x000000011ff91c60
52549000: system.cpu T0 : 0x120028ec4    : ret        (r26)           : IntAlu : 
52949000: system.cpu T0 : 0x12002ccb0    : bis        r31,r9,r16      : IntAlu :  D=0x0000000000000018
52949000: system.cpu T0 : 0x12002ccb4    : bsr        r26,0x12002ca14 : IntAlu :  D=0x000000012002ccb8
53374000: system.cpu T0 : 0x12002ca14    : lda        r30,-32(r30)    : IntAlu :  D=0x000000011ff91c40
53374000: system.cpu T0 : 0x12002ca18    : stq        r26,0(r30)      : MemWrite :  D=0x000000012002ccb8 A=0x11ff91c40
53374000: system.cpu T0 : 0x12002ca1c    : stq        r9,8(r30)       : MemWrite :  D=0x0000000000000018 A=0x11ff91c48
53374000: system.cpu T0 : 0x12002ca20    : stq        r10,16(r30)     : MemWrite :  D=0x000000011ff92008 A=0x11ff91c50
53375000: system.cpu T0 : 0x12002ca24    : stq        r11,24(r30)     : MemWrite :  D=0x0000000000000018 A=0x11ff91c58
53375000: system.cpu T0 : 0x12002ca28    : bis        r31,r26,r17     : IntAlu :  D=0x000000012002ccb8
53375000: system.cpu T0 : 0x12002ca2c    : bis        r31,r16,r11     : IntAlu :  D=0x0000000000000018
53375000: system.cpu T0 : 0x12002ca30    : lda        r1,-30056(r29)  : IntAlu :  D=0x00000001200c12c0
53377000: system.cpu T0 : 0x12002ca34    : ldq        r27,0(r1)       : MemRead :  D=0x0000000000000000 A=0x1200c12c0
53379000: system.cpu T0 : 0x12002ca38    : beq        r27,0x12002ca50 : IntAlu : 
53800000: system.cpu T0 : 0x12002ca50    : lda        r1,80(r31)      : IntAlu :  D=0x0000000000000050
53803000: system.cpu T0 : 0x12002ca54    : call_pal   rduniq          : IntAlu :  D=0x000000012033a6b0
53804000: system.cpu T0 : 0x12002ca58    : addq       r0,r1,r0        : IntAlu :  D=0x000000012033a700
54236000: system.cpu T0 : 0x12002ca5c    : ldq        r9,0(r0)        : MemRead :  D=0x00000001200c3628 A=0x12033a700
54238000: system.cpu T0 : 0x12002ca60    : beq        r9,0x12002ca88  : IntAlu : 
54661000: system.cpu T0 : 0x12002ca64    : ldl_l      r1,0(r9)        : MemRead :  D=0x0000000000000000 A=0x1200c3628
54663000: system.cpu T0 : 0x12002ca68    : cmpeq      r1,0,r2         : IntAlu :  D=0x0000000000000001
54664000: system.cpu T0 : 0x12002ca6c    : beq        r2,0x12002ca80  : IntAlu : 
54664000: system.cpu T0 : 0x12002ca70    : bis        r31,1,r2        : IntAlu :  D=0x0000000000000001
54666000: system.cpu T0 : 0x12002ca74    : stl_c      r2,0(r9)        : MemWrite :  D=0x0000000000000001 A=0x1200c3628
54669000: system.cpu T0 : 0x12002ca78    : beq        r2,0x12002ca64  : IntAlu : 
54669000: system.cpu T0 : 0x12002ca7c    : mb                         : MemRead : 
54669000: system.cpu T0 : 0x12002ca80    : addl       r31,r1,r1       : IntAlu :  D=0x0000000000000000
54670000: system.cpu T0 : 0x12002ca84    : beq        r1,0x12002caa0  : IntAlu : 
54673000: system.cpu T0 : 0x12002caa0    : bis        r31,r9,r16      : IntAlu :  D=0x00000001200c3628
54673000: system.cpu T0 : 0x12002caa4    : bis        r31,r11,r17     : IntAlu :  D=0x0000000000000018
54673000: system.cpu T0 : 0x12002caa8    : bsr        r26,0x12002a93c : IntAlu :  D=0x000000012002caac
55104000: system.cpu T0 : 0x12002a93c    : lda        r30,-176(r30)   : IntAlu :  D=0x000000011ff91b90
55113000: system.cpu T0 : 0x12002a940    : stq        r26,0(r30)      : MemWrite :  D=0x000000012002caac A=0x11ff91b90
55113000: system.cpu T0 : 0x12002a944    : stq        r9,8(r30)       : MemWrite :  D=0x00000001200c3628 A=0x11ff91b98
55113000: system.cpu T0 : 0x12002a948    : stq        r10,16(r30)     : MemWrite :  D=0x000000011ff92008 A=0x11ff91ba0
55113000: system.cpu T0 : 0x12002a94c    : stq        r11,24(r30)     : MemWrite :  D=0x0000000000000018 A=0x11ff91ba8
55114000: system.cpu T0 : 0x12002a950    : stq        r12,32(r30)     : MemWrite :  D=0x000000012001e450 A=0x11ff91bb0
55114000: system.cpu T0 : 0x12002a954    : stq        r13,40(r30)     : MemWrite :  D=0x000000012001e4c0 A=0x11ff91bb8
55114000: system.cpu T0 : 0x12002a958    : stq        r14,48(r30)     : MemWrite :  D=0x0000000000000000 A=0x11ff91bc0
55114000: system.cpu T0 : 0x12002a95c    : stq        r15,56(r30)     : MemWrite :  D=0x000000011ff91c90 A=0x11ff91bc8
55115000: system.cpu T0 : 0x12002a960    : bis        r31,r16,r13     : IntAlu :  D=0x00000001200c3628
55115000: system.cpu T0 : 0x12002a964    : stq        r17,104(r30)    : MemWrite :  D=0x0000000000000018 A=0x11ff91bf8
55115000: system.cpu T0 : 0x12002a968    : lda        r1,-65(r31)     : IntAlu :  D=0xffffffffffffffbf
55116000: system.cpu T0 : 0x12002a96c    : cmpule     r17,r1,r1       : IntAlu :  D=0x0000000000000001
55117000: system.cpu T0 : 0x12002a970    : bne        r1,0x12002a990  : IntAlu : 
55541000: system.cpu T0 : 0x12002a990    : ldq        r2,104(r30)     : MemRead :  D=0x0000000000000018 A=0x11ff91bf8
55543000: system.cpu T0 : 0x12002a994    : lda        r1,23(r2)       : IntAlu :  D=0x000000000000002f
55544000: system.cpu T0 : 0x12002a998    : cmpule     r1,31,r2        : IntAlu :  D=0x0000000000000000
55544000: system.cpu T0 : 0x12002a99c    : bic        r1,15,r1        : IntAlu :  D=0x0000000000000020
55544000: system.cpu T0 : 0x12002a9a0    : lda        r15,32(r31)     : IntAlu :  D=0x0000000000000020
55545000: system.cpu T0 : 0x12002a9a4    : cmoveq     r2,r1,r15       : IntAlu :  D=0x0000000000000020
55545000: system.cpu T0 : 0x12002a9a8    : ldah       r1,0(r29)       : IntAlu :  D=0x00000001200c8828
55983000: system.cpu T0 : 0x12002a9ac    : ldq        r1,-29680(r1)   : MemRead :  D=0x0000000000000000 A=0x1200c1438
55985000: system.cpu T0 : 0x12002a9b0    : cmpule     r15,r1,r1       : IntAlu :  D=0x0000000000000000
55986000: system.cpu T0 : 0x12002a9b4    : beq        r1,0x12002aa4c  : IntAlu : 
56412000: system.cpu T0 : 0x12002aa4c    : lda        r1,1023(r31)    : IntAlu :  D=0x00000000000003ff
56413000: system.cpu T0 : 0x12002aa50    : cmpule     r15,r1,r1       : IntAlu :  D=0x0000000000000001
56414000: system.cpu T0 : 0x12002aa54    : beq        r1,0x12002ab18  : IntAlu : 
56414000: system.cpu T0 : 0x12002aa58    : zapnot     r15,15,r1       : IntAlu :  D=0x0000000000000020
56415000: system.cpu T0 : 0x12002aa5c    : srl        r1,4,r1         : IntAlu :  D=0x0000000000000002
56416000: system.cpu T0 : 0x12002aa60    : stq        r1,96(r30)      : MemWrite :  D=0x0000000000000002 A=0x11ff91bf0
56416000: system.cpu T0 : 0x12002aa64    : lda        r2,112(r13)     : IntAlu :  D=0x00000001200c3698
56416000: system.cpu T0 : 0x12002aa68    : ldah       r1,-32768(r31)  : IntAlu :  D=0xffffffff80000000
56417000: system.cpu T0 : 0x12002aa6c    : ornot      r31,r1,r1       : IntAlu :  D=0x000000007fffffff
56418000: system.cpu T0 : 0x12002aa70    : ldq        r3,96(r30)      : MemRead :  D=0x0000000000000002 A=0x11ff91bf0
56420000: system.cpu T0 : 0x12002aa74    : addq       r3,r1,r1        : IntAlu :  D=0x0000000080000001
56421000: system.cpu T0 : 0x12002aa78    : addq       r1,r1,r1        : IntAlu :  D=0x0000000100000002
56422000: system.cpu T0 : 0x12002aa7c    : zapnot     r1,15,r1        : IntAlu :  D=0x0000000000000002
56840000: system.cpu T0 : 0x12002aa80    : s8subq     r1,16,r1        : IntAlu :  D=0x0000000000000000
56841000: system.cpu T0 : 0x12002aa84    : addq       r2,r1,r4        : IntAlu :  D=0x00000001200c3698
57274000: system.cpu T0 : 0x12002aa88    : ldq        r16,24(r4)      : MemRead :  D=0x0000000000000000 A=0x1200c36b0
57276000: system.cpu T0 : 0x12002aa8c    : cmpeq      r16,r4,r1       : IntAlu :  D=0x0000000000000000
57277000: system.cpu T0 : 0x12002aa90    : bne        r1,0x12002ab8c  : IntAlu : 
57278000: system.cpu T0 : 0x12002aa94    : bne        r16,0x12002aaa4 : IntAlu : 
57278000: system.cpu T0 : 0x12002aa98    : bis        r31,r13,r16     : IntAlu :  D=0x00000001200c3628
57279000: system.cpu T0 : 0x12002aa9c    : bsr        r26,0x120028438 : IntAlu :  D=0x000000012002aaa0
57279000: system.cpu T0 : 0x120028438    : lda        r30,-96(r30)    : IntAlu :  D=0x000000011ff91b30
57280000: system.cpu T0 : 0x12002843c    : stq        r26,0(r30)      : MemWrite :  D=0x000000012002aaa0 A=0x11ff91b30
57286000: system.cpu T0 : 0x120028440    : stq        r9,8(r30)       : MemWrite :  D=0x00000001200c3628 A=0x11ff91b38
57286000: system.cpu T0 : 0x120028444    : stq        r10,16(r30)     : MemWrite :  D=0x000000011ff92008 A=0x11ff91b40
57286000: system.cpu T0 : 0x120028448    : stq        r11,24(r30)     : MemWrite :  D=0x0000000000000018 A=0x11ff91b48
57286000: system.cpu T0 : 0x12002844c    : stq        r12,32(r30)     : MemWrite :  D=0x000000012001e450 A=0x11ff91b50
57287000: system.cpu T0 : 0x120028450    : stq        r13,40(r30)     : MemWrite :  D=0x00000001200c3628 A=0x11ff91b58
57287000: system.cpu T0 : 0x120028454    : stq        r14,48(r30)     : MemWrite :  D=0x0000000000000000 A=0x11ff91b60
57287000: system.cpu T0 : 0x120028458    : stq        r15,56(r30)     : MemWrite :  D=0x0000000000000020 A=0x11ff91b68
57287000: system.cpu T0 : 0x12002845c    : bis        r31,r16,r14     : IntAlu :  D=0x00000001200c3628
57288000: system.cpu T0 : 0x120028460    : ldah       r1,0(r29)       : IntAlu :  D=0x00000001200c8828
57290000: system.cpu T0 : 0x120028464    : ldq        r1,-29680(r1)   : MemRead :  D=0x0000000000000000 A=0x1200c1438
57292000: system.cpu T0 : 0x120028468    : beq        r1,0x1200286d4  : IntAlu : 
57733000: system.cpu T0 : 0x1200286d4    : bsr        r26,0x120027b08 : IntAlu :  D=0x00000001200286d8
58163000: system.cpu T0 : 0x120027b08    : lda        r2,96(r16)      : IntAlu :  D=0x00000001200c3688
58163000: system.cpu T0 : 0x120027b0c    : lda        r3,2128(r16)    : IntAlu :  D=0x00000001200c3e78
58164000: system.cpu T0 : 0x120027b10    : stq        r2,24(r2)       : MemWrite :  D=0x00000001200c3688 A=0x1200c36a0
58164000: system.cpu T0 : 0x120027b14    : stq        r2,16(r2)       : MemWrite :  D=0x00000001200c3688 A=0x1200c3698
58164000: system.cpu T0 : 0x120027b18    : lda        r2,16(r2)       : IntAlu :  D=0x00000001200c3698
58165000: system.cpu T0 : 0x120027b1c    : cmpeq      r2,r3,r1        : IntAlu :  D=0x0000000000000000
58166000: system.cpu T0 : 0x120027b20    : beq        r1,0x120027b10  : IntAlu : 
58169000: system.cpu T0 : 0x120027b10    : stq        r2,24(r2)       : MemWrite :  D=0x00000001200c3698 A=0x1200c36b0
58169000: system.cpu T0 : 0x120027b14    : stq        r2,16(r2)       : MemWrite :  D=0x00000001200c3698 A=0x1200c36a8
58169000: system.cpu T0 : 0x120027b18    : lda        r2,16(r2)       : IntAlu :  D=0x00000001200c36a8
58170000: system.cpu T0 : 0x120027b1c    : cmpeq      r2,r3,r1        : IntAlu :  D=0x0000000000000000
58171000: system.cpu T0 : 0x120027b20    : beq        r1,0x120027b10  : IntAlu : 
58174000: system.cpu T0 : 0x120027b10    : stq        r2,24(r2)       : MemWrite :  D=0x00000001200c36a8 A=0x1200c36c0
58174000: system.cpu T0 : 0x120027b14    : stq        r2,16(r2)       : MemWrite :  D=0x00000001200c36a8 A=0x1200c36b8
58174000: system.cpu T0 : 0x120027b18    : lda        r2,16(r2)       : IntAlu :  D=0x00000001200c36b8
58175000: system.cpu T0 : 0x120027b1c    : cmpeq      r2,r3,r1        : IntAlu :  D=0x0000000000000000
58176000: system.cpu T0 : 0x120027b20    : beq        r1,0x120027b10  : IntAlu : 
58179000: system.cpu T0 : 0x120027b10    : stq        r2,24(r2)       : MemWrite :  D=0x00000001200c36b8 A=0x1200c36d0
58179000: system.cpu T0 : 0x120027b14    : stq        r2,16(r2)       : MemWrite :  D=0x00000001200c36b8 A=0x1200c36c8
58179000: system.cpu T0 : 0x120027b18    : lda        r2,16(r2)       : IntAlu :  D=0x00000001200c36c8
58180000: system.cpu T0 : 0x120027b1c    : cmpeq      r2,r3,r1        : IntAlu :  D=0x0000000000000000
58181000: system.cpu T0 : 0x120027b20    : beq        r1,0x120027b10  : IntAlu : 
58184000: system.cpu T0 : 0x120027b10    : stq        r2,24(r2)       : MemWrite :  D=0x00000001200c36c8 A=0x1200c36e0
58184000: system.cpu T0 : 0x120027b14    : stq        r2,16(r2)       : MemWrite :  D=0x00000001200c36c8 A=0x1200c36d8
58184000: system.cpu T0 : 0x120027b18    : lda        r2,16(r2)       : IntAlu :  D=0x00000001200c36d8
58185000: system.cpu T0 : 0x120027b1c    : cmpeq      r2,r3,r1        : IntAlu :  D=0x0000000000000000
58186000: system.cpu T0 : 0x120027b20    : beq        r1,0x120027b10  : IntAlu : 
58189000: system.cpu T0 : 0x120027b10    : stq        r2,24(r2)       : MemWrite :  D=0x00000001200c36d8 A=0x1200c36f0
58189000: system.cpu T0 : 0x120027b14    : stq        r2,16(r2)       : MemWrite :  D=0x00000001200c36d8 A=0x1200c36e8
58189000: system.cpu T0 : 0x120027b18    : lda        r2,16(r2)       : IntAlu :  D=0x00000001200c36e8
58190000: system.cpu T0 : 0x120027b1c    : cmpeq      r2,r3,r1        : IntAlu :  D=0x0000000000000000
58191000: system.cpu T0 : 0x120027b20    : beq        r1,0x120027b10  : IntAlu : 
58194000: system.cpu T0 : 0x120027b10    : stq        r2,24(r2)       : MemWrite :  D=0x00000001200c36e8 A=0x1200c3700
58194000: system.cpu T0 : 0x120027b14    : stq        r2,16(r2)       : MemWrite :  D=0x00000001200c36e8 A=0x1200c36f8
58194000: system.cpu T0 : 0x120027b18    : lda        r2,16(r2)       : IntAlu :  D=0x00000001200c36f8
58195000: system.cpu T0 : 0x120027b1c    : cmpeq      r2,r3,r1        : IntAlu :  D=0x0000000000000000
58196000: system.cpu T0 : 0x120027b20    : beq        r1,0x120027b10  : IntAlu : 
58199000: system.cpu T0 : 0x120027b10    : stq        r2,24(r2)       : MemWrite :  D=0x00000001200c36f8 A=0x1200c3710
58199000: system.cpu T0 : 0x120027b14    : stq        r2,16(r2)       : MemWrite :  D=0x00000001200c36f8 A=0x1200c3708
58199000: system.cpu T0 : 0x120027b18    : lda        r2,16(r2)       : IntAlu :  D=0x00000001200c3708
58200000: system.cpu T0 : 0x120027b1c    : cmpeq      r2,r3,r1        : IntAlu :  D=0x0000000000000000
58201000: system.cpu T0 : 0x120027b20    : beq        r1,0x120027b10  : IntAlu : 
58204000: system.cpu T0 : 0x120027b10    : stq        r2,24(r2)       : MemWrite :  D=0x00000001200c3708 A=0x1200c3720
58204000: system.cpu T0 : 0x120027b14    : stq        r2,16(r2)       : MemWrite :  D=0x00000001200c3708 A=0x1200c3718
58204000: system.cpu T0 : 0x120027b18    : lda        r2,16(r2)       : IntAlu :  D=0x00000001200c3718
58205000: system.cpu T0 : 0x120027b1c    : cmpeq      r2,r3,r1        : IntAlu :  D=0x0000000000000000
58206000: system.cpu T0 : 0x120027b20    : beq        r1,0x120027b10  : IntAlu : 
58209000: system.cpu T0 : 0x120027b10    : stq        r2,24(r2)       : MemWrite :  D=0x00000001200c3718 A=0x1200c3730
58209000: system.cpu T0 : 0x120027b14    : stq        r2,16(r2)       : MemWrite :  D=0x00000001200c3718 A=0x1200c3728
58209000: system.cpu T0 : 0x120027b18    : lda        r2,16(r2)       : IntAlu :  D=0x00000001200c3728
58210000: system.cpu T0 : 0x120027b1c    : cmpeq      r2,r3,r1        : IntAlu :  D=0x0000000000000000
58211000: system.cpu T0 : 0x120027b20    : beq        r1,0x120027b10  : IntAlu : 
58214000: system.cpu T0 : 0x120027b10    : stq        r2,24(r2)       : MemWrite :  D=0x00000001200c3728 A=0x1200c3740
58214000: system.cpu T0 : 0x120027b14    : stq        r2,16(r2)       : MemWrite :  D=0x00000001200c3728 A=0x1200c3738
58214000: system.cpu T0 : 0x120027b18    : lda        r2,16(r2)       : IntAlu :  D=0x00000001200c3738
58215000: system.cpu T0 : 0x120027b1c    : cmpeq      r2,r3,r1        : IntAlu :  D=0x0000000000000000
58216000: system.cpu T0 : 0x120027b20    : beq        r1,0x120027b10  : IntAlu : 
58219000: system.cpu T0 : 0x120027b10    : stq        r2,24(r2)       : MemWrite :  D=0x00000001200c3738 A=0x1200c3750
58219000: system.cpu T0 : 0x120027b14    : stq        r2,16(r2)       : MemWrite :  D=0x00000001200c3738 A=0x1200c3748
58219000: system.cpu T0 : 0x120027b18    : lda        r2,16(r2)       : IntAlu :  D=0x00000001200c3748
58220000: system.cpu T0 : 0x120027b1c    : cmpeq      r2,r3,r1        : IntAlu :  D=0x0000000000000000
58221000: system.cpu T0 : 0x120027b20    : beq        r1,0x120027b10  : IntAlu : 
58224000: system.cpu T0 : 0x120027b10    : stq        r2,24(r2)       : MemWrite :  D=0x00000001200c3748 A=0x1200c3760
58224000: system.cpu T0 : 0x120027b14    : stq        r2,16(r2)       : MemWrite :  D=0x00000001200c3748 A=0x1200c3758
58224000: system.cpu T0 : 0x120027b18    : lda        r2,16(r2)       : IntAlu :  D=0x00000001200c3758
58225000: system.cpu T0 : 0x120027b1c    : cmpeq      r2,r3,r1        : IntAlu :  D=0x0000000000000000
58226000: system.cpu T0 : 0x120027b20    : beq        r1,0x120027b10  : IntAlu : 
58229000: system.cpu T0 : 0x120027b10    : stq        r2,24(r2)       : MemWrite :  D=0x00000001200c3758 A=0x1200c3770
58229000: system.cpu T0 : 0x120027b14    : stq        r2,16(r2)       : MemWrite :  D=0x00000001200c3758 A=0x1200c3768
58229000: system.cpu T0 : 0x120027b18    : lda        r2,16(r2)       : IntAlu :  D=0x00000001200c3768
58230000: system.cpu T0 : 0x120027b1c    : cmpeq      r2,r3,r1        : IntAlu :  D=0x0000000000000000
58231000: system.cpu T0 : 0x120027b20    : beq        r1,0x120027b10  : IntAlu : 
58234000: system.cpu T0 : 0x120027b10    : stq        r2,24(r2)       : MemWrite :  D=0x00000001200c3768 A=0x1200c3780
58234000: system.cpu T0 : 0x120027b14    : stq        r2,16(r2)       : MemWrite :  D=0x00000001200c3768 A=0x1200c3778
58234000: system.cpu T0 : 0x120027b18    : lda        r2,16(r2)       : IntAlu :  D=0x00000001200c3778
58235000: system.cpu T0 : 0x120027b1c    : cmpeq      r2,r3,r1        : IntAlu :  D=0x0000000000000000
58236000: system.cpu T0 : 0x120027b20    : beq        r1,0x120027b10  : IntAlu : 
58239000: system.cpu T0 : 0x120027b10    : stq        r2,24(r2)       : MemWrite :  D=0x00000001200c3778 A=0x1200c3790
58239000: system.cpu T0 : 0x120027b14    : stq        r2,16(r2)       : MemWrite :  D=0x00000001200c3778 A=0x1200c3788
58239000: system.cpu T0 : 0x120027b18    : lda        r2,16(r2)       : IntAlu :  D=0x00000001200c3788
58240000: system.cpu T0 : 0x120027b1c    : cmpeq      r2,r3,r1        : IntAlu :  D=0x0000000000000000
58241000: system.cpu T0 : 0x120027b20    : beq        r1,0x120027b10  : IntAlu : 
58244000: system.cpu T0 : 0x120027b10    : stq        r2,24(r2)       : MemWrite :  D=0x00000001200c3788 A=0x1200c37a0
58244000: system.cpu T0 : 0x120027b14    : stq        r2,16(r2)       : MemWrite :  D=0x00000001200c3788 A=0x1200c3798
58244000: system.cpu T0 : 0x120027b18    : lda        r2,16(r2)       : IntAlu :  D=0x00000001200c3798
58245000: system.cpu T0 : 0x120027b1c    : cmpeq      r2,r3,r1        : IntAlu :  D=0x0000000000000000
58246000: system.cpu T0 : 0x120027b20    : beq        r1,0x120027b10  : IntAlu : 
58249000: system.cpu T0 : 0x120027b10    : stq        r2,24(r2)       : MemWrite :  D=0x00000001200c3798 A=0x1200c37b0
58249000: system.cpu T0 : 0x120027b14    : stq        r2,16(r2)       : MemWrite :  D=0x00000001200c3798 A=0x1200c37a8
58249000: system.cpu T0 : 0x120027b18    : lda        r2,16(r2)       : IntAlu :  D=0x00000001200c37a8
58250000: system.cpu T0 : 0x120027b1c    : cmpeq      r2,r3,r1        : IntAlu :  D=0x0000000000000000
58251000: system.cpu T0 : 0x120027b20    : beq        r1,0x120027b10  : IntAlu : 
58254000: system.cpu T0 : 0x120027b10    : stq        r2,24(r2)       : MemWrite :  D=0x00000001200c37a8 A=0x1200c37c0
58254000: system.cpu T0 : 0x120027b14    : stq        r2,16(r2)       : MemWrite :  D=0x00000001200c37a8 A=0x1200c37b8
58254000: system.cpu T0 : 0x120027b18    : lda        r2,16(r2)       : IntAlu :  D=0x00000001200c37b8
58255000: system.cpu T0 : 0x120027b1c    : cmpeq      r2,r3,r1        : IntAlu :  D=0x0000000000000000
58256000: system.cpu T0 : 0x120027b20    : beq        r1,0x120027b10  : IntAlu : 
58259000: system.cpu T0 : 0x120027b10    : stq        r2,24(r2)       : MemWrite :  D=0x00000001200c37b8 A=0x1200c37d0
58259000: system.cpu T0 : 0x120027b14    : stq        r2,16(r2)       : MemWrite :  D=0x00000001200c37b8 A=0x1200c37c8
58259000: system.cpu T0 : 0x120027b18    : lda        r2,16(r2)       : IntAlu :  D=0x00000001200c37c8
58260000: system.cpu T0 : 0x120027b1c    : cmpeq      r2,r3,r1        : IntAlu :  D=0x0000000000000000
58261000: system.cpu T0 : 0x120027b20    : beq        r1,0x120027b10  : IntAlu : 
58264000: system.cpu T0 : 0x120027b10    : stq        r2,24(r2)       : MemWrite :  D=0x00000001200c37c8 A=0x1200c37e0
58264000: system.cpu T0 : 0x120027b14    : stq        r2,16(r2)       : MemWrite :  D=0x00000001200c37c8 A=0x1200c37d8
58264000: system.cpu T0 : 0x120027b18    : lda        r2,16(r2)       : IntAlu :  D=0x00000001200c37d8
58265000: system.cpu T0 : 0x120027b1c    : cmpeq      r2,r3,r1        : IntAlu :  D=0x0000000000000000
58266000: system.cpu T0 : 0x120027b20    : beq        r1,0x120027b10  : IntAlu : 
58269000: system.cpu T0 : 0x120027b10    : stq        r2,24(r2)       : MemWrite :  D=0x00000001200c37d8 A=0x1200c37f0
58269000: system.cpu T0 : 0x120027b14    : stq        r2,16(r2)       : MemWrite :  D=0x00000001200c37d8 A=0x1200c37e8
58269000: system.cpu T0 : 0x120027b18    : lda        r2,16(r2)       : IntAlu :  D=0x00000001200c37e8
58270000: system.cpu T0 : 0x120027b1c    : cmpeq      r2,r3,r1        : IntAlu :  D=0x0000000000000000
58271000: system.cpu T0 : 0x120027b20    : beq        r1,0x120027b10  : IntAlu : 
58274000: system.cpu T0 : 0x120027b10    : stq        r2,24(r2)       : MemWrite :  D=0x00000001200c37e8 A=0x1200c3800
58274000: system.cpu T0 : 0x120027b14    : stq        r2,16(r2)       : MemWrite :  D=0x00000001200c37e8 A=0x1200c37f8
58274000: system.cpu T0 : 0x120027b18    : lda        r2,16(r2)       : IntAlu :  D=0x00000001200c37f8
58275000: system.cpu T0 : 0x120027b1c    : cmpeq      r2,r3,r1        : IntAlu :  D=0x0000000000000000
58276000: system.cpu T0 : 0x120027b20    : beq        r1,0x120027b10  : IntAlu : 
58279000: system.cpu T0 : 0x120027b10    : stq        r2,24(r2)       : MemWrite :  D=0x00000001200c37f8 A=0x1200c3810
58279000: system.cpu T0 : 0x120027b14    : stq        r2,16(r2)       : MemWrite :  D=0x00000001200c37f8 A=0x1200c3808
58279000: system.cpu T0 : 0x120027b18    : lda        r2,16(r2)       : IntAlu :  D=0x00000001200c3808
58280000: system.cpu T0 : 0x120027b1c    : cmpeq      r2,r3,r1        : IntAlu :  D=0x0000000000000000
58281000: system.cpu T0 : 0x120027b20    : beq        r1,0x120027b10  : IntAlu : 
58284000: system.cpu T0 : 0x120027b10    : stq        r2,24(r2)       : MemWrite :  D=0x00000001200c3808 A=0x1200c3820
58284000: system.cpu T0 : 0x120027b14    : stq        r2,16(r2)       : MemWrite :  D=0x00000001200c3808 A=0x1200c3818
58284000: system.cpu T0 : 0x120027b18    : lda        r2,16(r2)       : IntAlu :  D=0x00000001200c3818
58285000: system.cpu T0 : 0x120027b1c    : cmpeq      r2,r3,r1        : IntAlu :  D=0x0000000000000000
58286000: system.cpu T0 : 0x120027b20    : beq        r1,0x120027b10  : IntAlu : 
58289000: system.cpu T0 : 0x120027b10    : stq        r2,24(r2)       : MemWrite :  D=0x00000001200c3818 A=0x1200c3830
58289000: system.cpu T0 : 0x120027b14    : stq        r2,16(r2)       : MemWrite :  D=0x00000001200c3818 A=0x1200c3828
58289000: system.cpu T0 : 0x120027b18    : lda        r2,16(r2)       : IntAlu :  D=0x00000001200c3828
58290000: system.cpu T0 : 0x120027b1c    : cmpeq      r2,r3,r1        : IntAlu :  D=0x0000000000000000
58291000: system.cpu T0 : 0x120027b20    : beq        r1,0x120027b10  : IntAlu : 
58294000: system.cpu T0 : 0x120027b10    : stq        r2,24(r2)       : MemWrite :  D=0x00000001200c3828 A=0x1200c3840
58294000: system.cpu T0 : 0x120027b14    : stq        r2,16(r2)       : MemWrite :  D=0x00000001200c3828 A=0x1200c3838
58294000: system.cpu T0 : 0x120027b18    : lda        r2,16(r2)       : IntAlu :  D=0x00000001200c3838
58295000: system.cpu T0 : 0x120027b1c    : cmpeq      r2,r3,r1        : IntAlu :  D=0x0000000000000000
58296000: system.cpu T0 : 0x120027b20    : beq        r1,0x120027b10  : IntAlu : 
58299000: system.cpu T0 : 0x120027b10    : stq        r2,24(r2)       : MemWrite :  D=0x00000001200c3838 A=0x1200c3850
58299000: system.cpu T0 : 0x120027b14    : stq        r2,16(r2)       : MemWrite :  D=0x00000001200c3838 A=0x1200c3848
58299000: system.cpu T0 : 0x120027b18    : lda        r2,16(r2)       : IntAlu :  D=0x00000001200c3848
58300000: system.cpu T0 : 0x120027b1c    : cmpeq      r2,r3,r1        : IntAlu :  D=0x0000000000000000
58301000: system.cpu T0 : 0x120027b20    : beq        r1,0x120027b10  : IntAlu : 
58304000: system.cpu T0 : 0x120027b10    : stq        r2,24(r2)       : MemWrite :  D=0x00000001200c3848 A=0x1200c3860
58304000: system.cpu T0 : 0x120027b14    : stq        r2,16(r2)       : MemWrite :  D=0x00000001200c3848 A=0x1200c3858
58304000: system.cpu T0 : 0x120027b18    : lda        r2,16(r2)       : IntAlu :  D=0x00000001200c3858
58305000: system.cpu T0 : 0x120027b1c    : cmpeq      r2,r3,r1        : IntAlu :  D=0x0000000000000000
58306000: system.cpu T0 : 0x120027b20    : beq        r1,0x120027b10  : IntAlu : 
58309000: system.cpu T0 : 0x120027b10    : stq        r2,24(r2)       : MemWrite :  D=0x00000001200c3858 A=0x1200c3870
58309000: system.cpu T0 : 0x120027b14    : stq        r2,16(r2)       : MemWrite :  D=0x00000001200c3858 A=0x1200c3868
58309000: system.cpu T0 : 0x120027b18    : lda        r2,16(r2)       : IntAlu :  D=0x00000001200c3868
58310000: system.cpu T0 : 0x120027b1c    : cmpeq      r2,r3,r1        : IntAlu :  D=0x0000000000000000
58311000: system.cpu T0 : 0x120027b20    : beq        r1,0x120027b10  : IntAlu : 
58314000: system.cpu T0 : 0x120027b10    : stq        r2,24(r2)       : MemWrite :  D=0x00000001200c3868 A=0x1200c3880
58314000: system.cpu T0 : 0x120027b14    : stq        r2,16(r2)       : MemWrite :  D=0x00000001200c3868 A=0x1200c3878
58314000: system.cpu T0 : 0x120027b18    : lda        r2,16(r2)       : IntAlu :  D=0x00000001200c3878
58315000: system.cpu T0 : 0x120027b1c    : cmpeq      r2,r3,r1        : IntAlu :  D=0x0000000000000000
58316000: system.cpu T0 : 0x120027b20    : beq        r1,0x120027b10  : IntAlu : 
58319000: system.cpu T0 : 0x120027b10    : stq        r2,24(r2)       : MemWrite :  D=0x00000001200c3878 A=0x1200c3890
58319000: system.cpu T0 : 0x120027b14    : stq        r2,16(r2)       : MemWrite :  D=0x00000001200c3878 A=0x1200c3888
58319000: system.cpu T0 : 0x120027b18    : lda        r2,16(r2)       : IntAlu :  D=0x00000001200c3888
58320000: system.cpu T0 : 0x120027b1c    : cmpeq      r2,r3,r1        : IntAlu :  D=0x0000000000000000
58321000: system.cpu T0 : 0x120027b20    : beq        r1,0x120027b10  : IntAlu : 
58324000: system.cpu T0 : 0x120027b10    : stq        r2,24(r2)       : MemWrite :  D=0x00000001200c3888 A=0x1200c38a0
58324000: system.cpu T0 : 0x120027b14    : stq        r2,16(r2)       : MemWrite :  D=0x00000001200c3888 A=0x1200c3898
58324000: system.cpu T0 : 0x120027b18    : lda        r2,16(r2)       : IntAlu :  D=0x00000001200c3898
58325000: system.cpu T0 : 0x120027b1c    : cmpeq      r2,r3,r1        : IntAlu :  D=0x0000000000000000
58326000: system.cpu T0 : 0x120027b20    : beq        r1,0x120027b10  : IntAlu : 
58329000: system.cpu T0 : 0x120027b10    : stq        r2,24(r2)       : MemWrite :  D=0x00000001200c3898 A=0x1200c38b0
58329000: system.cpu T0 : 0x120027b14    : stq        r2,16(r2)       : MemWrite :  D=0x00000001200c3898 A=0x1200c38a8
58329000: system.cpu T0 : 0x120027b18    : lda        r2,16(r2)       : IntAlu :  D=0x00000001200c38a8
58330000: system.cpu T0 : 0x120027b1c    : cmpeq      r2,r3,r1        : IntAlu :  D=0x0000000000000000
58331000: system.cpu T0 : 0x120027b20    : beq        r1,0x120027b10  : IntAlu : 
58334000: system.cpu T0 : 0x120027b10    : stq        r2,24(r2)       : MemWrite :  D=0x00000001200c38a8 A=0x1200c38c0
58334000: system.cpu T0 : 0x120027b14    : stq        r2,16(r2)       : MemWrite :  D=0x00000001200c38a8 A=0x1200c38b8
58334000: system.cpu T0 : 0x120027b18    : lda        r2,16(r2)       : IntAlu :  D=0x00000001200c38b8
58335000: system.cpu T0 : 0x120027b1c    : cmpeq      r2,r3,r1        : IntAlu :  D=0x0000000000000000
58336000: system.cpu T0 : 0x120027b20    : beq        r1,0x120027b10  : IntAlu : 
58339000: system.cpu T0 : 0x120027b10    : stq        r2,24(r2)       : MemWrite :  D=0x00000001200c38b8 A=0x1200c38d0
58339000: system.cpu T0 : 0x120027b14    : stq        r2,16(r2)       : MemWrite :  D=0x00000001200c38b8 A=0x1200c38c8
58339000: system.cpu T0 : 0x120027b18    : lda        r2,16(r2)       : IntAlu :  D=0x00000001200c38c8
58340000: system.cpu T0 : 0x120027b1c    : cmpeq      r2,r3,r1        : IntAlu :  D=0x0000000000000000
58341000: system.cpu T0 : 0x120027b20    : beq        r1,0x120027b10  : IntAlu : 
58344000: system.cpu T0 : 0x120027b10    : stq        r2,24(r2)       : MemWrite :  D=0x00000001200c38c8 A=0x1200c38e0
58344000: system.cpu T0 : 0x120027b14    : stq        r2,16(r2)       : MemWrite :  D=0x00000001200c38c8 A=0x1200c38d8
58344000: system.cpu T0 : 0x120027b18    : lda        r2,16(r2)       : IntAlu :  D=0x00000001200c38d8
58345000: system.cpu T0 : 0x120027b1c    : cmpeq      r2,r3,r1        : IntAlu :  D=0x0000000000000000
58346000: system.cpu T0 : 0x120027b20    : beq        r1,0x120027b10  : IntAlu : 
58349000: system.cpu T0 : 0x120027b10    : stq        r2,24(r2)       : MemWrite :  D=0x00000001200c38d8 A=0x1200c38f0
58349000: system.cpu T0 : 0x120027b14    : stq        r2,16(r2)       : MemWrite :  D=0x00000001200c38d8 A=0x1200c38e8
58349000: system.cpu T0 : 0x120027b18    : lda        r2,16(r2)       : IntAlu :  D=0x00000001200c38e8
58350000: system.cpu T0 : 0x120027b1c    : cmpeq      r2,r3,r1        : IntAlu :  D=0x0000000000000000
58351000: system.cpu T0 : 0x120027b20    : beq        r1,0x120027b10  : IntAlu : 
58354000: system.cpu T0 : 0x120027b10    : stq        r2,24(r2)       : MemWrite :  D=0x00000001200c38e8 A=0x1200c3900
58595000: system.cpu T0 : 0x120027b14    : stq        r2,16(r2)       : MemWrite :  D=0x00000001200c38e8 A=0x1200c38f8
58595000: system.cpu T0 : 0x120027b18    : lda        r2,16(r2)       : IntAlu :  D=0x00000001200c38f8
58595000: system.cpu T0 : 0x120027b1c    : cmpeq      r2,r3,r1        : IntAlu :  D=0x0000000000000000
58595000: system.cpu T0 : 0x120027b20    : beq        r1,0x120027b10  : IntAlu : 
58596000: system.cpu T0 : 0x120027b10    : stq        r2,24(r2)       : MemWrite :  D=0x00000001200c38f8 A=0x1200c3910
58596000: system.cpu T0 : 0x120027b14    : stq        r2,16(r2)       : MemWrite :  D=0x00000001200c38f8 A=0x1200c3908
58596000: system.cpu T0 : 0x120027b18    : lda        r2,16(r2)       : IntAlu :  D=0x00000001200c3908
58597000: system.cpu T0 : 0x120027b1c    : cmpeq      r2,r3,r1        : IntAlu :  D=0x0000000000000000
58598000: system.cpu T0 : 0x120027b20    : beq        r1,0x120027b10  : IntAlu : 
58601000: system.cpu T0 : 0x120027b10    : stq        r2,24(r2)       : MemWrite :  D=0x00000001200c3908 A=0x1200c3920
58601000: system.cpu T0 : 0x120027b14    : stq        r2,16(r2)       : MemWrite :  D=0x00000001200c3908 A=0x1200c3918
58601000: system.cpu T0 : 0x120027b18    : lda        r2,16(r2)       : IntAlu :  D=0x00000001200c3918
58602000: system.cpu T0 : 0x120027b1c    : cmpeq      r2,r3,r1        : IntAlu :  D=0x0000000000000000
58603000: system.cpu T0 : 0x120027b20    : beq        r1,0x120027b10  : IntAlu : 
58606000: system.cpu T0 : 0x120027b10    : stq        r2,24(r2)       : MemWrite :  D=0x00000001200c3918 A=0x1200c3930
58606000: system.cpu T0 : 0x120027b14    : stq        r2,16(r2)       : MemWrite :  D=0x00000001200c3918 A=0x1200c3928
58606000: system.cpu T0 : 0x120027b18    : lda        r2,16(r2)       : IntAlu :  D=0x00000001200c3928
58607000: system.cpu T0 : 0x120027b1c    : cmpeq      r2,r3,r1        : IntAlu :  D=0x0000000000000000
58608000: system.cpu T0 : 0x120027b20    : beq        r1,0x120027b10  : IntAlu : 
58611000: system.cpu T0 : 0x120027b10    : stq        r2,24(r2)       : MemWrite :  D=0x00000001200c3928 A=0x1200c3940
58615000: system.cpu T0 : 0x120027b14    : stq        r2,16(r2)       : MemWrite :  D=0x00000001200c3928 A=0x1200c3938
58615000: system.cpu T0 : 0x120027b18    : lda        r2,16(r2)       : IntAlu :  D=0x00000001200c3938
58615000: system.cpu T0 : 0x120027b1c    : cmpeq      r2,r3,r1        : IntAlu :  D=0x0000000000000000
58615000: system.cpu T0 : 0x120027b20    : beq        r1,0x120027b10  : IntAlu : 
58616000: system.cpu T0 : 0x120027b10    : stq        r2,24(r2)       : MemWrite :  D=0x00000001200c3938 A=0x1200c3950
58616000: system.cpu T0 : 0x120027b14    : stq        r2,16(r2)       : MemWrite :  D=0x00000001200c3938 A=0x1200c3948
58616000: system.cpu T0 : 0x120027b18    : lda        r2,16(r2)       : IntAlu :  D=0x00000001200c3948
58617000: system.cpu T0 : 0x120027b1c    : cmpeq      r2,r3,r1        : IntAlu :  D=0x0000000000000000
58618000: system.cpu T0 : 0x120027b20    : beq        r1,0x120027b10  : IntAlu : 
58621000: system.cpu T0 : 0x120027b10    : stq        r2,24(r2)       : MemWrite :  D=0x00000001200c3948 A=0x1200c3960
58621000: system.cpu T0 : 0x120027b14    : stq        r2,16(r2)       : MemWrite :  D=0x00000001200c3948 A=0x1200c3958
58621000: system.cpu T0 : 0x120027b18    : lda        r2,16(r2)       : IntAlu :  D=0x00000001200c3958
58622000: system.cpu T0 : 0x120027b1c    : cmpeq      r2,r3,r1        : IntAlu :  D=0x0000000000000000
58623000: system.cpu T0 : 0x120027b20    : beq        r1,0x120027b10  : IntAlu : 
58626000: system.cpu T0 : 0x120027b10    : stq        r2,24(r2)       : MemWrite :  D=0x00000001200c3958 A=0x1200c3970
58626000: system.cpu T0 : 0x120027b14    : stq        r2,16(r2)       : MemWrite :  D=0x00000001200c3958 A=0x1200c3968
58626000: system.cpu T0 : 0x120027b18    : lda        r2,16(r2)       : IntAlu :  D=0x00000001200c3968
58627000: system.cpu T0 : 0x120027b1c    : cmpeq      r2,r3,r1        : IntAlu :  D=0x0000000000000000
58628000: system.cpu T0 : 0x120027b20    : beq        r1,0x120027b10  : IntAlu : 
58631000: system.cpu T0 : 0x120027b10    : stq        r2,24(r2)       : MemWrite :  D=0x00000001200c3968 A=0x1200c3980
58635000: system.cpu T0 : 0x120027b14    : stq        r2,16(r2)       : MemWrite :  D=0x00000001200c3968 A=0x1200c3978
58635000: system.cpu T0 : 0x120027b18    : lda        r2,16(r2)       : IntAlu :  D=0x00000001200c3978
58635000: system.cpu T0 : 0x120027b1c    : cmpeq      r2,r3,r1        : IntAlu :  D=0x0000000000000000
58635000: system.cpu T0 : 0x120027b20    : beq        r1,0x120027b10  : IntAlu : 
58636000: system.cpu T0 : 0x120027b10    : stq        r2,24(r2)       : MemWrite :  D=0x00000001200c3978 A=0x1200c3990
58636000: system.cpu T0 : 0x120027b14    : stq        r2,16(r2)       : MemWrite :  D=0x00000001200c3978 A=0x1200c3988
58636000: system.cpu T0 : 0x120027b18    : lda        r2,16(r2)       : IntAlu :  D=0x00000001200c3988
58637000: system.cpu T0 : 0x120027b1c    : cmpeq      r2,r3,r1        : IntAlu :  D=0x0000000000000000
58638000: system.cpu T0 : 0x120027b20    : beq        r1,0x120027b10  : IntAlu : 
58641000: system.cpu T0 : 0x120027b10    : stq        r2,24(r2)       : MemWrite :  D=0x00000001200c3988 A=0x1200c39a0
58641000: system.cpu T0 : 0x120027b14    : stq        r2,16(r2)       : MemWrite :  D=0x00000001200c3988 A=0x1200c3998
58641000: system.cpu T0 : 0x120027b18    : lda        r2,16(r2)       : IntAlu :  D=0x00000001200c3998
58642000: system.cpu T0 : 0x120027b1c    : cmpeq      r2,r3,r1        : IntAlu :  D=0x0000000000000000
58643000: system.cpu T0 : 0x120027b20    : beq        r1,0x120027b10  : IntAlu : 
58646000: system.cpu T0 : 0x120027b10    : stq        r2,24(r2)       : MemWrite :  D=0x00000001200c3998 A=0x1200c39b0
58646000: system.cpu T0 : 0x120027b14    : stq        r2,16(r2)       : MemWrite :  D=0x00000001200c3998 A=0x1200c39a8
58646000: system.cpu T0 : 0x120027b18    : lda        r2,16(r2)       : IntAlu :  D=0x00000001200c39a8
58647000: system.cpu T0 : 0x120027b1c    : cmpeq      r2,r3,r1        : IntAlu :  D=0x0000000000000000
58648000: system.cpu T0 : 0x120027b20    : beq        r1,0x120027b10  : IntAlu : 
58651000: system.cpu T0 : 0x120027b10    : stq        r2,24(r2)       : MemWrite :  D=0x00000001200c39a8 A=0x1200c39c0
58655000: system.cpu T0 : 0x120027b14    : stq        r2,16(r2)       : MemWrite :  D=0x00000001200c39a8 A=0x1200c39b8
58655000: system.cpu T0 : 0x120027b18    : lda        r2,16(r2)       : IntAlu :  D=0x00000001200c39b8
58655000: system.cpu T0 : 0x120027b1c    : cmpeq      r2,r3,r1        : IntAlu :  D=0x0000000000000000
58655000: system.cpu T0 : 0x120027b20    : beq        r1,0x120027b10  : IntAlu : 
58656000: system.cpu T0 : 0x120027b10    : stq        r2,24(r2)       : MemWrite :  D=0x00000001200c39b8 A=0x1200c39d0
58656000: system.cpu T0 : 0x120027b14    : stq        r2,16(r2)       : MemWrite :  D=0x00000001200c39b8 A=0x1200c39c8
58656000: system.cpu T0 : 0x120027b18    : lda        r2,16(r2)       : IntAlu :  D=0x00000001200c39c8
58657000: system.cpu T0 : 0x120027b1c    : cmpeq      r2,r3,r1        : IntAlu :  D=0x0000000000000000
58658000: system.cpu T0 : 0x120027b20    : beq        r1,0x120027b10  : IntAlu : 
58661000: system.cpu T0 : 0x120027b10    : stq        r2,24(r2)       : MemWrite :  D=0x00000001200c39c8 A=0x1200c39e0
58661000: system.cpu T0 : 0x120027b14    : stq        r2,16(r2)       : MemWrite :  D=0x00000001200c39c8 A=0x1200c39d8
58661000: system.cpu T0 : 0x120027b18    : lda        r2,16(r2)       : IntAlu :  D=0x00000001200c39d8
58662000: system.cpu T0 : 0x120027b1c    : cmpeq      r2,r3,r1        : IntAlu :  D=0x0000000000000000
58663000: system.cpu T0 : 0x120027b20    : beq        r1,0x120027b10  : IntAlu : 
58666000: system.cpu T0 : 0x120027b10    : stq        r2,24(r2)       : MemWrite :  D=0x00000001200c39d8 A=0x1200c39f0
58666000: system.cpu T0 : 0x120027b14    : stq        r2,16(r2)       : MemWrite :  D=0x00000001200c39d8 A=0x1200c39e8
58666000: system.cpu T0 : 0x120027b18    : lda        r2,16(r2)       : IntAlu :  D=0x00000001200c39e8
58667000: system.cpu T0 : 0x120027b1c    : cmpeq      r2,r3,r1        : IntAlu :  D=0x0000000000000000
58668000: system.cpu T0 : 0x120027b20    : beq        r1,0x120027b10  : IntAlu : 
58671000: system.cpu T0 : 0x120027b10    : stq        r2,24(r2)       : MemWrite :  D=0x00000001200c39e8 A=0x1200c3a00
58675000: system.cpu T0 : 0x120027b14    : stq        r2,16(r2)       : MemWrite :  D=0x00000001200c39e8 A=0x1200c39f8
58675000: system.cpu T0 : 0x120027b18    : lda        r2,16(r2)       : IntAlu :  D=0x00000001200c39f8
58675000: system.cpu T0 : 0x120027b1c    : cmpeq      r2,r3,r1        : IntAlu :  D=0x0000000000000000
58675000: system.cpu T0 : 0x120027b20    : beq        r1,0x120027b10  : IntAlu : 
58676000: system.cpu T0 : 0x120027b10    : stq        r2,24(r2)       : MemWrite :  D=0x00000001200c39f8 A=0x1200c3a10
58676000: system.cpu T0 : 0x120027b14    : stq        r2,16(r2)       : MemWrite :  D=0x00000001200c39f8 A=0x1200c3a08
58676000: system.cpu T0 : 0x120027b18    : lda        r2,16(r2)       : IntAlu :  D=0x00000001200c3a08
58677000: system.cpu T0 : 0x120027b1c    : cmpeq      r2,r3,r1        : IntAlu :  D=0x0000000000000000
58678000: system.cpu T0 : 0x120027b20    : beq        r1,0x120027b10  : IntAlu : 
58681000: system.cpu T0 : 0x120027b10    : stq        r2,24(r2)       : MemWrite :  D=0x00000001200c3a08 A=0x1200c3a20
58681000: system.cpu T0 : 0x120027b14    : stq        r2,16(r2)       : MemWrite :  D=0x00000001200c3a08 A=0x1200c3a18
58681000: system.cpu T0 : 0x120027b18    : lda        r2,16(r2)       : IntAlu :  D=0x00000001200c3a18
58682000: system.cpu T0 : 0x120027b1c    : cmpeq      r2,r3,r1        : IntAlu :  D=0x0000000000000000
58683000: system.cpu T0 : 0x120027b20    : beq        r1,0x120027b10  : IntAlu : 
58686000: system.cpu T0 : 0x120027b10    : stq        r2,24(r2)       : MemWrite :  D=0x00000001200c3a18 A=0x1200c3a30
58686000: system.cpu T0 : 0x120027b14    : stq        r2,16(r2)       : MemWrite :  D=0x00000001200c3a18 A=0x1200c3a28
58686000: system.cpu T0 : 0x120027b18    : lda        r2,16(r2)       : IntAlu :  D=0x00000001200c3a28
58687000: system.cpu T0 : 0x120027b1c    : cmpeq      r2,r3,r1        : IntAlu :  D=0x0000000000000000
58688000: system.cpu T0 : 0x120027b20    : beq        r1,0x120027b10  : IntAlu : 
58691000: system.cpu T0 : 0x120027b10    : stq        r2,24(r2)       : MemWrite :  D=0x00000001200c3a28 A=0x1200c3a40
58695000: system.cpu T0 : 0x120027b14    : stq        r2,16(r2)       : MemWrite :  D=0x00000001200c3a28 A=0x1200c3a38
58695000: system.cpu T0 : 0x120027b18    : lda        r2,16(r2)       : IntAlu :  D=0x00000001200c3a38
58695000: system.cpu T0 : 0x120027b1c    : cmpeq      r2,r3,r1        : IntAlu :  D=0x0000000000000000
58695000: system.cpu T0 : 0x120027b20    : beq        r1,0x120027b10  : IntAlu : 
58696000: system.cpu T0 : 0x120027b10    : stq        r2,24(r2)       : MemWrite :  D=0x00000001200c3a38 A=0x1200c3a50
58696000: system.cpu T0 : 0x120027b14    : stq        r2,16(r2)       : MemWrite :  D=0x00000001200c3a38 A=0x1200c3a48
58696000: system.cpu T0 : 0x120027b18    : lda        r2,16(r2)       : IntAlu :  D=0x00000001200c3a48
58697000: system.cpu T0 : 0x120027b1c    : cmpeq      r2,r3,r1        : IntAlu :  D=0x0000000000000000
58698000: system.cpu T0 : 0x120027b20    : beq        r1,0x120027b10  : IntAlu : 
58701000: system.cpu T0 : 0x120027b10    : stq        r2,24(r2)       : MemWrite :  D=0x00000001200c3a48 A=0x1200c3a60
58701000: system.cpu T0 : 0x120027b14    : stq        r2,16(r2)       : MemWrite :  D=0x00000001200c3a48 A=0x1200c3a58
58701000: system.cpu T0 : 0x120027b18    : lda        r2,16(r2)       : IntAlu :  D=0x00000001200c3a58
58702000: system.cpu T0 : 0x120027b1c    : cmpeq      r2,r3,r1        : IntAlu :  D=0x0000000000000000
58703000: system.cpu T0 : 0x120027b20    : beq        r1,0x120027b10  : IntAlu : 
58706000: system.cpu T0 : 0x120027b10    : stq        r2,24(r2)       : MemWrite :  D=0x00000001200c3a58 A=0x1200c3a70
58706000: system.cpu T0 : 0x120027b14    : stq        r2,16(r2)       : MemWrite :  D=0x00000001200c3a58 A=0x1200c3a68
58706000: system.cpu T0 : 0x120027b18    : lda        r2,16(r2)       : IntAlu :  D=0x00000001200c3a68
58707000: system.cpu T0 : 0x120027b1c    : cmpeq      r2,r3,r1        : IntAlu :  D=0x0000000000000000
58708000: system.cpu T0 : 0x120027b20    : beq        r1,0x120027b10  : IntAlu : 
58711000: system.cpu T0 : 0x120027b10    : stq        r2,24(r2)       : MemWrite :  D=0x00000001200c3a68 A=0x1200c3a80
58715000: system.cpu T0 : 0x120027b14    : stq        r2,16(r2)       : MemWrite :  D=0x00000001200c3a68 A=0x1200c3a78
58715000: system.cpu T0 : 0x120027b18    : lda        r2,16(r2)       : IntAlu :  D=0x00000001200c3a78
58715000: system.cpu T0 : 0x120027b1c    : cmpeq      r2,r3,r1        : IntAlu :  D=0x0000000000000000
58715000: system.cpu T0 : 0x120027b20    : beq        r1,0x120027b10  : IntAlu : 
58716000: system.cpu T0 : 0x120027b10    : stq        r2,24(r2)       : MemWrite :  D=0x00000001200c3a78 A=0x1200c3a90
58716000: system.cpu T0 : 0x120027b14    : stq        r2,16(r2)       : MemWrite :  D=0x00000001200c3a78 A=0x1200c3a88
58716000: system.cpu T0 : 0x120027b18    : lda        r2,16(r2)       : IntAlu :  D=0x00000001200c3a88
58717000: system.cpu T0 : 0x120027b1c    : cmpeq      r2,r3,r1        : IntAlu :  D=0x0000000000000000
58718000: system.cpu T0 : 0x120027b20    : beq        r1,0x120027b10  : IntAlu : 
58721000: system.cpu T0 : 0x120027b10    : stq        r2,24(r2)       : MemWrite :  D=0x00000001200c3a88 A=0x1200c3aa0
58721000: system.cpu T0 : 0x120027b14    : stq        r2,16(r2)       : MemWrite :  D=0x00000001200c3a88 A=0x1200c3a98
58721000: system.cpu T0 : 0x120027b18    : lda        r2,16(r2)       : IntAlu :  D=0x00000001200c3a98
58722000: system.cpu T0 : 0x120027b1c    : cmpeq      r2,r3,r1        : IntAlu :  D=0x0000000000000000
58723000: system.cpu T0 : 0x120027b20    : beq        r1,0x120027b10  : IntAlu : 
58726000: system.cpu T0 : 0x120027b10    : stq        r2,24(r2)       : MemWrite :  D=0x00000001200c3a98 A=0x1200c3ab0
58726000: system.cpu T0 : 0x120027b14    : stq        r2,16(r2)       : MemWrite :  D=0x00000001200c3a98 A=0x1200c3aa8
58726000: system.cpu T0 : 0x120027b18    : lda        r2,16(r2)       : IntAlu :  D=0x00000001200c3aa8
58727000: system.cpu T0 : 0x120027b1c    : cmpeq      r2,r3,r1        : IntAlu :  D=0x0000000000000000
58728000: system.cpu T0 : 0x120027b20    : beq        r1,0x120027b10  : IntAlu : 
58731000: system.cpu T0 : 0x120027b10    : stq        r2,24(r2)       : MemWrite :  D=0x00000001200c3aa8 A=0x1200c3ac0
58735000: system.cpu T0 : 0x120027b14    : stq        r2,16(r2)       : MemWrite :  D=0x00000001200c3aa8 A=0x1200c3ab8
58735000: system.cpu T0 : 0x120027b18    : lda        r2,16(r2)       : IntAlu :  D=0x00000001200c3ab8
58735000: system.cpu T0 : 0x120027b1c    : cmpeq      r2,r3,r1        : IntAlu :  D=0x0000000000000000
58735000: system.cpu T0 : 0x120027b20    : beq        r1,0x120027b10  : IntAlu : 
58736000: system.cpu T0 : 0x120027b10    : stq        r2,24(r2)       : MemWrite :  D=0x00000001200c3ab8 A=0x1200c3ad0
58736000: system.cpu T0 : 0x120027b14    : stq        r2,16(r2)       : MemWrite :  D=0x00000001200c3ab8 A=0x1200c3ac8
58736000: system.cpu T0 : 0x120027b18    : lda        r2,16(r2)       : IntAlu :  D=0x00000001200c3ac8
58737000: system.cpu T0 : 0x120027b1c    : cmpeq      r2,r3,r1        : IntAlu :  D=0x0000000000000000
58738000: system.cpu T0 : 0x120027b20    : beq        r1,0x120027b10  : IntAlu : 
58741000: system.cpu T0 : 0x120027b10    : stq        r2,24(r2)       : MemWrite :  D=0x00000001200c3ac8 A=0x1200c3ae0
58741000: system.cpu T0 : 0x120027b14    : stq        r2,16(r2)       : MemWrite :  D=0x00000001200c3ac8 A=0x1200c3ad8
58741000: system.cpu T0 : 0x120027b18    : lda        r2,16(r2)       : IntAlu :  D=0x00000001200c3ad8
58742000: system.cpu T0 : 0x120027b1c    : cmpeq      r2,r3,r1        : IntAlu :  D=0x0000000000000000
58743000: system.cpu T0 : 0x120027b20    : beq        r1,0x120027b10  : IntAlu : 
58746000: system.cpu T0 : 0x120027b10    : stq        r2,24(r2)       : MemWrite :  D=0x00000001200c3ad8 A=0x1200c3af0
58746000: system.cpu T0 : 0x120027b14    : stq        r2,16(r2)       : MemWrite :  D=0x00000001200c3ad8 A=0x1200c3ae8
58746000: system.cpu T0 : 0x120027b18    : lda        r2,16(r2)       : IntAlu :  D=0x00000001200c3ae8
58747000: system.cpu T0 : 0x120027b1c    : cmpeq      r2,r3,r1        : IntAlu :  D=0x0000000000000000
58748000: system.cpu T0 : 0x120027b20    : beq        r1,0x120027b10  : IntAlu : 
58751000: system.cpu T0 : 0x120027b10    : stq        r2,24(r2)       : MemWrite :  D=0x00000001200c3ae8 A=0x1200c3b00
58755000: system.cpu T0 : 0x120027b14    : stq        r2,16(r2)       : MemWrite :  D=0x00000001200c3ae8 A=0x1200c3af8
58755000: system.cpu T0 : 0x120027b18    : lda        r2,16(r2)       : IntAlu :  D=0x00000001200c3af8
58755000: system.cpu T0 : 0x120027b1c    : cmpeq      r2,r3,r1        : IntAlu :  D=0x0000000000000000
58755000: system.cpu T0 : 0x120027b20    : beq        r1,0x120027b10  : IntAlu : 
58756000: system.cpu T0 : 0x120027b10    : stq        r2,24(r2)       : MemWrite :  D=0x00000001200c3af8 A=0x1200c3b10
58756000: system.cpu T0 : 0x120027b14    : stq        r2,16(r2)       : MemWrite :  D=0x00000001200c3af8 A=0x1200c3b08
58756000: system.cpu T0 : 0x120027b18    : lda        r2,16(r2)       : IntAlu :  D=0x00000001200c3b08
58757000: system.cpu T0 : 0x120027b1c    : cmpeq      r2,r3,r1        : IntAlu :  D=0x0000000000000000
58758000: system.cpu T0 : 0x120027b20    : beq        r1,0x120027b10  : IntAlu : 
58761000: system.cpu T0 : 0x120027b10    : stq        r2,24(r2)       : MemWrite :  D=0x00000001200c3b08 A=0x1200c3b20
58761000: system.cpu T0 : 0x120027b14    : stq        r2,16(r2)       : MemWrite :  D=0x00000001200c3b08 A=0x1200c3b18
58761000: system.cpu T0 : 0x120027b18    : lda        r2,16(r2)       : IntAlu :  D=0x00000001200c3b18
58762000: system.cpu T0 : 0x120027b1c    : cmpeq      r2,r3,r1        : IntAlu :  D=0x0000000000000000
58763000: system.cpu T0 : 0x120027b20    : beq        r1,0x120027b10  : IntAlu : 
58766000: system.cpu T0 : 0x120027b10    : stq        r2,24(r2)       : MemWrite :  D=0x00000001200c3b18 A=0x1200c3b30
58766000: system.cpu T0 : 0x120027b14    : stq        r2,16(r2)       : MemWrite :  D=0x00000001200c3b18 A=0x1200c3b28
58766000: system.cpu T0 : 0x120027b18    : lda        r2,16(r2)       : IntAlu :  D=0x00000001200c3b28
58767000: system.cpu T0 : 0x120027b1c    : cmpeq      r2,r3,r1        : IntAlu :  D=0x0000000000000000
58768000: system.cpu T0 : 0x120027b20    : beq        r1,0x120027b10  : IntAlu : 
58771000: system.cpu T0 : 0x120027b10    : stq        r2,24(r2)       : MemWrite :  D=0x00000001200c3b28 A=0x1200c3b40
58775000: system.cpu T0 : 0x120027b14    : stq        r2,16(r2)       : MemWrite :  D=0x00000001200c3b28 A=0x1200c3b38
58775000: system.cpu T0 : 0x120027b18    : lda        r2,16(r2)       : IntAlu :  D=0x00000001200c3b38
58775000: system.cpu T0 : 0x120027b1c    : cmpeq      r2,r3,r1        : IntAlu :  D=0x0000000000000000
58775000: system.cpu T0 : 0x120027b20    : beq        r1,0x120027b10  : IntAlu : 
58776000: system.cpu T0 : 0x120027b10    : stq        r2,24(r2)       : MemWrite :  D=0x00000001200c3b38 A=0x1200c3b50
58776000: system.cpu T0 : 0x120027b14    : stq        r2,16(r2)       : MemWrite :  D=0x00000001200c3b38 A=0x1200c3b48
58776000: system.cpu T0 : 0x120027b18    : lda        r2,16(r2)       : IntAlu :  D=0x00000001200c3b48
58777000: system.cpu T0 : 0x120027b1c    : cmpeq      r2,r3,r1        : IntAlu :  D=0x0000000000000000
58778000: system.cpu T0 : 0x120027b20    : beq        r1,0x120027b10  : IntAlu : 
58781000: system.cpu T0 : 0x120027b10    : stq        r2,24(r2)       : MemWrite :  D=0x00000001200c3b48 A=0x1200c3b60
58781000: system.cpu T0 : 0x120027b14    : stq        r2,16(r2)       : MemWrite :  D=0x00000001200c3b48 A=0x1200c3b58
58781000: system.cpu T0 : 0x120027b18    : lda        r2,16(r2)       : IntAlu :  D=0x00000001200c3b58
58782000: system.cpu T0 : 0x120027b1c    : cmpeq      r2,r3,r1        : IntAlu :  D=0x0000000000000000
58783000: system.cpu T0 : 0x120027b20    : beq        r1,0x120027b10  : IntAlu : 
58786000: system.cpu T0 : 0x120027b10    : stq        r2,24(r2)       : MemWrite :  D=0x00000001200c3b58 A=0x1200c3b70
58786000: system.cpu T0 : 0x120027b14    : stq        r2,16(r2)       : MemWrite :  D=0x00000001200c3b58 A=0x1200c3b68
58786000: system.cpu T0 : 0x120027b18    : lda        r2,16(r2)       : IntAlu :  D=0x00000001200c3b68
58787000: system.cpu T0 : 0x120027b1c    : cmpeq      r2,r3,r1        : IntAlu :  D=0x0000000000000000
58788000: system.cpu T0 : 0x120027b20    : beq        r1,0x120027b10  : IntAlu : 
58791000: system.cpu T0 : 0x120027b10    : stq        r2,24(r2)       : MemWrite :  D=0x00000001200c3b68 A=0x1200c3b80
59032000: system.cpu T0 : 0x120027b14    : stq        r2,16(r2)       : MemWrite :  D=0x00000001200c3b68 A=0x1200c3b78
59032000: system.cpu T0 : 0x120027b18    : lda        r2,16(r2)       : IntAlu :  D=0x00000001200c3b78
59032000: system.cpu T0 : 0x120027b1c    : cmpeq      r2,r3,r1        : IntAlu :  D=0x0000000000000000
59032000: system.cpu T0 : 0x120027b20    : beq        r1,0x120027b10  : IntAlu : 
59033000: system.cpu T0 : 0x120027b10    : stq        r2,24(r2)       : MemWrite :  D=0x00000001200c3b78 A=0x1200c3b90
59033000: system.cpu T0 : 0x120027b14    : stq        r2,16(r2)       : MemWrite :  D=0x00000001200c3b78 A=0x1200c3b88
59033000: system.cpu T0 : 0x120027b18    : lda        r2,16(r2)       : IntAlu :  D=0x00000001200c3b88
59034000: system.cpu T0 : 0x120027b1c    : cmpeq      r2,r3,r1        : IntAlu :  D=0x0000000000000000
59035000: system.cpu T0 : 0x120027b20    : beq        r1,0x120027b10  : IntAlu : 
59038000: system.cpu T0 : 0x120027b10    : stq        r2,24(r2)       : MemWrite :  D=0x00000001200c3b88 A=0x1200c3ba0
59038000: system.cpu T0 : 0x120027b14    : stq        r2,16(r2)       : MemWrite :  D=0x00000001200c3b88 A=0x1200c3b98
59038000: system.cpu T0 : 0x120027b18    : lda        r2,16(r2)       : IntAlu :  D=0x00000001200c3b98
59039000: system.cpu T0 : 0x120027b1c    : cmpeq      r2,r3,r1        : IntAlu :  D=0x0000000000000000
59040000: system.cpu T0 : 0x120027b20    : beq        r1,0x120027b10  : IntAlu : 
59043000: system.cpu T0 : 0x120027b10    : stq        r2,24(r2)       : MemWrite :  D=0x00000001200c3b98 A=0x1200c3bb0
59043000: system.cpu T0 : 0x120027b14    : stq        r2,16(r2)       : MemWrite :  D=0x00000001200c3b98 A=0x1200c3ba8
59043000: system.cpu T0 : 0x120027b18    : lda        r2,16(r2)       : IntAlu :  D=0x00000001200c3ba8
59044000: system.cpu T0 : 0x120027b1c    : cmpeq      r2,r3,r1        : IntAlu :  D=0x0000000000000000
59045000: system.cpu T0 : 0x120027b20    : beq        r1,0x120027b10  : IntAlu : 
59048000: system.cpu T0 : 0x120027b10    : stq        r2,24(r2)       : MemWrite :  D=0x00000001200c3ba8 A=0x1200c3bc0
59052000: system.cpu T0 : 0x120027b14    : stq        r2,16(r2)       : MemWrite :  D=0x00000001200c3ba8 A=0x1200c3bb8
59052000: system.cpu T0 : 0x120027b18    : lda        r2,16(r2)       : IntAlu :  D=0x00000001200c3bb8
59052000: system.cpu T0 : 0x120027b1c    : cmpeq      r2,r3,r1        : IntAlu :  D=0x0000000000000000
59052000: system.cpu T0 : 0x120027b20    : beq        r1,0x120027b10  : IntAlu : 
59053000: system.cpu T0 : 0x120027b10    : stq        r2,24(r2)       : MemWrite :  D=0x00000001200c3bb8 A=0x1200c3bd0
59053000: system.cpu T0 : 0x120027b14    : stq        r2,16(r2)       : MemWrite :  D=0x00000001200c3bb8 A=0x1200c3bc8
59053000: system.cpu T0 : 0x120027b18    : lda        r2,16(r2)       : IntAlu :  D=0x00000001200c3bc8
59054000: system.cpu T0 : 0x120027b1c    : cmpeq      r2,r3,r1        : IntAlu :  D=0x0000000000000000
59055000: system.cpu T0 : 0x120027b20    : beq        r1,0x120027b10  : IntAlu : 
59058000: system.cpu T0 : 0x120027b10    : stq        r2,24(r2)       : MemWrite :  D=0x00000001200c3bc8 A=0x1200c3be0
59058000: system.cpu T0 : 0x120027b14    : stq        r2,16(r2)       : MemWrite :  D=0x00000001200c3bc8 A=0x1200c3bd8
59058000: system.cpu T0 : 0x120027b18    : lda        r2,16(r2)       : IntAlu :  D=0x00000001200c3bd8
59059000: system.cpu T0 : 0x120027b1c    : cmpeq      r2,r3,r1        : IntAlu :  D=0x0000000000000000
59060000: system.cpu T0 : 0x120027b20    : beq        r1,0x120027b10  : IntAlu : 
59063000: system.cpu T0 : 0x120027b10    : stq        r2,24(r2)       : MemWrite :  D=0x00000001200c3bd8 A=0x1200c3bf0
59063000: system.cpu T0 : 0x120027b14    : stq        r2,16(r2)       : MemWrite :  D=0x00000001200c3bd8 A=0x1200c3be8
59063000: system.cpu T0 : 0x120027b18    : lda        r2,16(r2)       : IntAlu :  D=0x00000001200c3be8
59064000: system.cpu T0 : 0x120027b1c    : cmpeq      r2,r3,r1        : IntAlu :  D=0x0000000000000000
59065000: system.cpu T0 : 0x120027b20    : beq        r1,0x120027b10  : IntAlu : 
59068000: system.cpu T0 : 0x120027b10    : stq        r2,24(r2)       : MemWrite :  D=0x00000001200c3be8 A=0x1200c3c00
59072000: system.cpu T0 : 0x120027b14    : stq        r2,16(r2)       : MemWrite :  D=0x00000001200c3be8 A=0x1200c3bf8
59072000: system.cpu T0 : 0x120027b18    : lda        r2,16(r2)       : IntAlu :  D=0x00000001200c3bf8
59072000: system.cpu T0 : 0x120027b1c    : cmpeq      r2,r3,r1        : IntAlu :  D=0x0000000000000000
59072000: system.cpu T0 : 0x120027b20    : beq        r1,0x120027b10  : IntAlu : 
59073000: system.cpu T0 : 0x120027b10    : stq        r2,24(r2)       : MemWrite :  D=0x00000001200c3bf8 A=0x1200c3c10
59073000: system.cpu T0 : 0x120027b14    : stq        r2,16(r2)       : MemWrite :  D=0x00000001200c3bf8 A=0x1200c3c08
59073000: system.cpu T0 : 0x120027b18    : lda        r2,16(r2)       : IntAlu :  D=0x00000001200c3c08
59074000: system.cpu T0 : 0x120027b1c    : cmpeq      r2,r3,r1        : IntAlu :  D=0x0000000000000000
59075000: system.cpu T0 : 0x120027b20    : beq        r1,0x120027b10  : IntAlu : 
59078000: system.cpu T0 : 0x120027b10    : stq        r2,24(r2)       : MemWrite :  D=0x00000001200c3c08 A=0x1200c3c20
59078000: system.cpu T0 : 0x120027b14    : stq        r2,16(r2)       : MemWrite :  D=0x00000001200c3c08 A=0x1200c3c18
59078000: system.cpu T0 : 0x120027b18    : lda        r2,16(r2)       : IntAlu :  D=0x00000001200c3c18
59079000: system.cpu T0 : 0x120027b1c    : cmpeq      r2,r3,r1        : IntAlu :  D=0x0000000000000000
59080000: system.cpu T0 : 0x120027b20    : beq        r1,0x120027b10  : IntAlu : 
59083000: system.cpu T0 : 0x120027b10    : stq        r2,24(r2)       : MemWrite :  D=0x00000001200c3c18 A=0x1200c3c30
59083000: system.cpu T0 : 0x120027b14    : stq        r2,16(r2)       : MemWrite :  D=0x00000001200c3c18 A=0x1200c3c28
59083000: system.cpu T0 : 0x120027b18    : lda        r2,16(r2)       : IntAlu :  D=0x00000001200c3c28
59084000: system.cpu T0 : 0x120027b1c    : cmpeq      r2,r3,r1        : IntAlu :  D=0x0000000000000000
59085000: system.cpu T0 : 0x120027b20    : beq        r1,0x120027b10  : IntAlu : 
59088000: system.cpu T0 : 0x120027b10    : stq        r2,24(r2)       : MemWrite :  D=0x00000001200c3c28 A=0x1200c3c40
59092000: system.cpu T0 : 0x120027b14    : stq        r2,16(r2)       : MemWrite :  D=0x00000001200c3c28 A=0x1200c3c38
59092000: system.cpu T0 : 0x120027b18    : lda        r2,16(r2)       : IntAlu :  D=0x00000001200c3c38
59092000: system.cpu T0 : 0x120027b1c    : cmpeq      r2,r3,r1        : IntAlu :  D=0x0000000000000000
59092000: system.cpu T0 : 0x120027b20    : beq        r1,0x120027b10  : IntAlu : 
59093000: system.cpu T0 : 0x120027b10    : stq        r2,24(r2)       : MemWrite :  D=0x00000001200c3c38 A=0x1200c3c50
59093000: system.cpu T0 : 0x120027b14    : stq        r2,16(r2)       : MemWrite :  D=0x00000001200c3c38 A=0x1200c3c48
59093000: system.cpu T0 : 0x120027b18    : lda        r2,16(r2)       : IntAlu :  D=0x00000001200c3c48
59094000: system.cpu T0 : 0x120027b1c    : cmpeq      r2,r3,r1        : IntAlu :  D=0x0000000000000000
59095000: system.cpu T0 : 0x120027b20    : beq        r1,0x120027b10  : IntAlu : 
59098000: system.cpu T0 : 0x120027b10    : stq        r2,24(r2)       : MemWrite :  D=0x00000001200c3c48 A=0x1200c3c60
59098000: system.cpu T0 : 0x120027b14    : stq        r2,16(r2)       : MemWrite :  D=0x00000001200c3c48 A=0x1200c3c58
59098000: system.cpu T0 : 0x120027b18    : lda        r2,16(r2)       : IntAlu :  D=0x00000001200c3c58
59099000: system.cpu T0 : 0x120027b1c    : cmpeq      r2,r3,r1        : IntAlu :  D=0x0000000000000000
59100000: system.cpu T0 : 0x120027b20    : beq        r1,0x120027b10  : IntAlu : 
59103000: system.cpu T0 : 0x120027b10    : stq        r2,24(r2)       : MemWrite :  D=0x00000001200c3c58 A=0x1200c3c70
59103000: system.cpu T0 : 0x120027b14    : stq        r2,16(r2)       : MemWrite :  D=0x00000001200c3c58 A=0x1200c3c68
59103000: system.cpu T0 : 0x120027b18    : lda        r2,16(r2)       : IntAlu :  D=0x00000001200c3c68
59104000: system.cpu T0 : 0x120027b1c    : cmpeq      r2,r3,r1        : IntAlu :  D=0x0000000000000000
59105000: system.cpu T0 : 0x120027b20    : beq        r1,0x120027b10  : IntAlu : 
59108000: system.cpu T0 : 0x120027b10    : stq        r2,24(r2)       : MemWrite :  D=0x00000001200c3c68 A=0x1200c3c80
59112000: system.cpu T0 : 0x120027b14    : stq        r2,16(r2)       : MemWrite :  D=0x00000001200c3c68 A=0x1200c3c78
59112000: system.cpu T0 : 0x120027b18    : lda        r2,16(r2)       : IntAlu :  D=0x00000001200c3c78
59112000: system.cpu T0 : 0x120027b1c    : cmpeq      r2,r3,r1        : IntAlu :  D=0x0000000000000000
59112000: system.cpu T0 : 0x120027b20    : beq        r1,0x120027b10  : IntAlu : 
59113000: system.cpu T0 : 0x120027b10    : stq        r2,24(r2)       : MemWrite :  D=0x00000001200c3c78 A=0x1200c3c90
59113000: system.cpu T0 : 0x120027b14    : stq        r2,16(r2)       : MemWrite :  D=0x00000001200c3c78 A=0x1200c3c88
59113000: system.cpu T0 : 0x120027b18    : lda        r2,16(r2)       : IntAlu :  D=0x00000001200c3c88
59114000: system.cpu T0 : 0x120027b1c    : cmpeq      r2,r3,r1        : IntAlu :  D=0x0000000000000000
59115000: system.cpu T0 : 0x120027b20    : beq        r1,0x120027b10  : IntAlu : 
59118000: system.cpu T0 : 0x120027b10    : stq        r2,24(r2)       : MemWrite :  D=0x00000001200c3c88 A=0x1200c3ca0
59118000: system.cpu T0 : 0x120027b14    : stq        r2,16(r2)       : MemWrite :  D=0x00000001200c3c88 A=0x1200c3c98
59118000: system.cpu T0 : 0x120027b18    : lda        r2,16(r2)       : IntAlu :  D=0x00000001200c3c98
59119000: system.cpu T0 : 0x120027b1c    : cmpeq      r2,r3,r1        : IntAlu :  D=0x0000000000000000
59120000: system.cpu T0 : 0x120027b20    : beq        r1,0x120027b10  : IntAlu : 
59123000: system.cpu T0 : 0x120027b10    : stq        r2,24(r2)       : MemWrite :  D=0x00000001200c3c98 A=0x1200c3cb0
59123000: system.cpu T0 : 0x120027b14    : stq        r2,16(r2)       : MemWrite :  D=0x00000001200c3c98 A=0x1200c3ca8
59123000: system.cpu T0 : 0x120027b18    : lda        r2,16(r2)       : IntAlu :  D=0x00000001200c3ca8
59124000: system.cpu T0 : 0x120027b1c    : cmpeq      r2,r3,r1        : IntAlu :  D=0x0000000000000000
59125000: system.cpu T0 : 0x120027b20    : beq        r1,0x120027b10  : IntAlu : 
59128000: system.cpu T0 : 0x120027b10    : stq        r2,24(r2)       : MemWrite :  D=0x00000001200c3ca8 A=0x1200c3cc0
59132000: system.cpu T0 : 0x120027b14    : stq        r2,16(r2)       : MemWrite :  D=0x00000001200c3ca8 A=0x1200c3cb8
59132000: system.cpu T0 : 0x120027b18    : lda        r2,16(r2)       : IntAlu :  D=0x00000001200c3cb8
59132000: system.cpu T0 : 0x120027b1c    : cmpeq      r2,r3,r1        : IntAlu :  D=0x0000000000000000
59132000: system.cpu T0 : 0x120027b20    : beq        r1,0x120027b10  : IntAlu : 
59133000: system.cpu T0 : 0x120027b10    : stq        r2,24(r2)       : MemWrite :  D=0x00000001200c3cb8 A=0x1200c3cd0
59133000: system.cpu T0 : 0x120027b14    : stq        r2,16(r2)       : MemWrite :  D=0x00000001200c3cb8 A=0x1200c3cc8
59133000: system.cpu T0 : 0x120027b18    : lda        r2,16(r2)       : IntAlu :  D=0x00000001200c3cc8
59134000: system.cpu T0 : 0x120027b1c    : cmpeq      r2,r3,r1        : IntAlu :  D=0x0000000000000000
59135000: system.cpu T0 : 0x120027b20    : beq        r1,0x120027b10  : IntAlu : 
59138000: system.cpu T0 : 0x120027b10    : stq        r2,24(r2)       : MemWrite :  D=0x00000001200c3cc8 A=0x1200c3ce0
59138000: system.cpu T0 : 0x120027b14    : stq        r2,16(r2)       : MemWrite :  D=0x00000001200c3cc8 A=0x1200c3cd8
59138000: system.cpu T0 : 0x120027b18    : lda        r2,16(r2)       : IntAlu :  D=0x00000001200c3cd8
59139000: system.cpu T0 : 0x120027b1c    : cmpeq      r2,r3,r1        : IntAlu :  D=0x0000000000000000
59140000: system.cpu T0 : 0x120027b20    : beq        r1,0x120027b10  : IntAlu : 
59143000: system.cpu T0 : 0x120027b10    : stq        r2,24(r2)       : MemWrite :  D=0x00000001200c3cd8 A=0x1200c3cf0
59143000: system.cpu T0 : 0x120027b14    : stq        r2,16(r2)       : MemWrite :  D=0x00000001200c3cd8 A=0x1200c3ce8
59143000: system.cpu T0 : 0x120027b18    : lda        r2,16(r2)       : IntAlu :  D=0x00000001200c3ce8
59144000: system.cpu T0 : 0x120027b1c    : cmpeq      r2,r3,r1        : IntAlu :  D=0x0000000000000000
59145000: system.cpu T0 : 0x120027b20    : beq        r1,0x120027b10  : IntAlu : 
59148000: system.cpu T0 : 0x120027b10    : stq        r2,24(r2)       : MemWrite :  D=0x00000001200c3ce8 A=0x1200c3d00
59152000: system.cpu T0 : 0x120027b14    : stq        r2,16(r2)       : MemWrite :  D=0x00000001200c3ce8 A=0x1200c3cf8
59152000: system.cpu T0 : 0x120027b18    : lda        r2,16(r2)       : IntAlu :  D=0x00000001200c3cf8
59152000: system.cpu T0 : 0x120027b1c    : cmpeq      r2,r3,r1        : IntAlu :  D=0x0000000000000000
59152000: system.cpu T0 : 0x120027b20    : beq        r1,0x120027b10  : IntAlu : 
59153000: system.cpu T0 : 0x120027b10    : stq        r2,24(r2)       : MemWrite :  D=0x00000001200c3cf8 A=0x1200c3d10
59153000: system.cpu T0 : 0x120027b14    : stq        r2,16(r2)       : MemWrite :  D=0x00000001200c3cf8 A=0x1200c3d08
59153000: system.cpu T0 : 0x120027b18    : lda        r2,16(r2)       : IntAlu :  D=0x00000001200c3d08
59154000: system.cpu T0 : 0x120027b1c    : cmpeq      r2,r3,r1        : IntAlu :  D=0x0000000000000000
59155000: system.cpu T0 : 0x120027b20    : beq        r1,0x120027b10  : IntAlu : 
59158000: system.cpu T0 : 0x120027b10    : stq        r2,24(r2)       : MemWrite :  D=0x00000001200c3d08 A=0x1200c3d20
59158000: system.cpu T0 : 0x120027b14    : stq        r2,16(r2)       : MemWrite :  D=0x00000001200c3d08 A=0x1200c3d18
59158000: system.cpu T0 : 0x120027b18    : lda        r2,16(r2)       : IntAlu :  D=0x00000001200c3d18
59159000: system.cpu T0 : 0x120027b1c    : cmpeq      r2,r3,r1        : IntAlu :  D=0x0000000000000000
59160000: system.cpu T0 : 0x120027b20    : beq        r1,0x120027b10  : IntAlu : 
59163000: system.cpu T0 : 0x120027b10    : stq        r2,24(r2)       : MemWrite :  D=0x00000001200c3d18 A=0x1200c3d30
59163000: system.cpu T0 : 0x120027b14    : stq        r2,16(r2)       : MemWrite :  D=0x00000001200c3d18 A=0x1200c3d28
59163000: system.cpu T0 : 0x120027b18    : lda        r2,16(r2)       : IntAlu :  D=0x00000001200c3d28
59164000: system.cpu T0 : 0x120027b1c    : cmpeq      r2,r3,r1        : IntAlu :  D=0x0000000000000000
59165000: system.cpu T0 : 0x120027b20    : beq        r1,0x120027b10  : IntAlu : 
59168000: system.cpu T0 : 0x120027b10    : stq        r2,24(r2)       : MemWrite :  D=0x00000001200c3d28 A=0x1200c3d40
59172000: system.cpu T0 : 0x120027b14    : stq        r2,16(r2)       : MemWrite :  D=0x00000001200c3d28 A=0x1200c3d38
59172000: system.cpu T0 : 0x120027b18    : lda        r2,16(r2)       : IntAlu :  D=0x00000001200c3d38
59172000: system.cpu T0 : 0x120027b1c    : cmpeq      r2,r3,r1        : IntAlu :  D=0x0000000000000000
59172000: system.cpu T0 : 0x120027b20    : beq        r1,0x120027b10  : IntAlu : 
59173000: system.cpu T0 : 0x120027b10    : stq        r2,24(r2)       : MemWrite :  D=0x00000001200c3d38 A=0x1200c3d50
59173000: system.cpu T0 : 0x120027b14    : stq        r2,16(r2)       : MemWrite :  D=0x00000001200c3d38 A=0x1200c3d48
59173000: system.cpu T0 : 0x120027b18    : lda        r2,16(r2)       : IntAlu :  D=0x00000001200c3d48
59174000: system.cpu T0 : 0x120027b1c    : cmpeq      r2,r3,r1        : IntAlu :  D=0x0000000000000000
59175000: system.cpu T0 : 0x120027b20    : beq        r1,0x120027b10  : IntAlu : 
59178000: system.cpu T0 : 0x120027b10    : stq        r2,24(r2)       : MemWrite :  D=0x00000001200c3d48 A=0x1200c3d60
59178000: system.cpu T0 : 0x120027b14    : stq        r2,16(r2)       : MemWrite :  D=0x00000001200c3d48 A=0x1200c3d58
59178000: system.cpu T0 : 0x120027b18    : lda        r2,16(r2)       : IntAlu :  D=0x00000001200c3d58
59179000: system.cpu T0 : 0x120027b1c    : cmpeq      r2,r3,r1        : IntAlu :  D=0x0000000000000000
59180000: system.cpu T0 : 0x120027b20    : beq        r1,0x120027b10  : IntAlu : 
59183000: system.cpu T0 : 0x120027b10    : stq        r2,24(r2)       : MemWrite :  D=0x00000001200c3d58 A=0x1200c3d70
59183000: system.cpu T0 : 0x120027b14    : stq        r2,16(r2)       : MemWrite :  D=0x00000001200c3d58 A=0x1200c3d68
59183000: system.cpu T0 : 0x120027b18    : lda        r2,16(r2)       : IntAlu :  D=0x00000001200c3d68
59184000: system.cpu T0 : 0x120027b1c    : cmpeq      r2,r3,r1        : IntAlu :  D=0x0000000000000000
59185000: system.cpu T0 : 0x120027b20    : beq        r1,0x120027b10  : IntAlu : 
59188000: system.cpu T0 : 0x120027b10    : stq        r2,24(r2)       : MemWrite :  D=0x00000001200c3d68 A=0x1200c3d80
59192000: system.cpu T0 : 0x120027b14    : stq        r2,16(r2)       : MemWrite :  D=0x00000001200c3d68 A=0x1200c3d78
59192000: system.cpu T0 : 0x120027b18    : lda        r2,16(r2)       : IntAlu :  D=0x00000001200c3d78
59192000: system.cpu T0 : 0x120027b1c    : cmpeq      r2,r3,r1        : IntAlu :  D=0x0000000000000000
59192000: system.cpu T0 : 0x120027b20    : beq        r1,0x120027b10  : IntAlu : 
59193000: system.cpu T0 : 0x120027b10    : stq        r2,24(r2)       : MemWrite :  D=0x00000001200c3d78 A=0x1200c3d90
59193000: system.cpu T0 : 0x120027b14    : stq        r2,16(r2)       : MemWrite :  D=0x00000001200c3d78 A=0x1200c3d88
59193000: system.cpu T0 : 0x120027b18    : lda        r2,16(r2)       : IntAlu :  D=0x00000001200c3d88
59194000: system.cpu T0 : 0x120027b1c    : cmpeq      r2,r3,r1        : IntAlu :  D=0x0000000000000000
59195000: system.cpu T0 : 0x120027b20    : beq        r1,0x120027b10  : IntAlu : 
59198000: system.cpu T0 : 0x120027b10    : stq        r2,24(r2)       : MemWrite :  D=0x00000001200c3d88 A=0x1200c3da0
59198000: system.cpu T0 : 0x120027b14    : stq        r2,16(r2)       : MemWrite :  D=0x00000001200c3d88 A=0x1200c3d98
59198000: system.cpu T0 : 0x120027b18    : lda        r2,16(r2)       : IntAlu :  D=0x00000001200c3d98
59199000: system.cpu T0 : 0x120027b1c    : cmpeq      r2,r3,r1        : IntAlu :  D=0x0000000000000000
59200000: system.cpu T0 : 0x120027b20    : beq        r1,0x120027b10  : IntAlu : 
59203000: system.cpu T0 : 0x120027b10    : stq        r2,24(r2)       : MemWrite :  D=0x00000001200c3d98 A=0x1200c3db0
59203000: system.cpu T0 : 0x120027b14    : stq        r2,16(r2)       : MemWrite :  D=0x00000001200c3d98 A=0x1200c3da8
59203000: system.cpu T0 : 0x120027b18    : lda        r2,16(r2)       : IntAlu :  D=0x00000001200c3da8
59204000: system.cpu T0 : 0x120027b1c    : cmpeq      r2,r3,r1        : IntAlu :  D=0x0000000000000000
59205000: system.cpu T0 : 0x120027b20    : beq        r1,0x120027b10  : IntAlu : 
59208000: system.cpu T0 : 0x120027b10    : stq        r2,24(r2)       : MemWrite :  D=0x00000001200c3da8 A=0x1200c3dc0
59212000: system.cpu T0 : 0x120027b14    : stq        r2,16(r2)       : MemWrite :  D=0x00000001200c3da8 A=0x1200c3db8
59212000: system.cpu T0 : 0x120027b18    : lda        r2,16(r2)       : IntAlu :  D=0x00000001200c3db8
59212000: system.cpu T0 : 0x120027b1c    : cmpeq      r2,r3,r1        : IntAlu :  D=0x0000000000000000
59212000: system.cpu T0 : 0x120027b20    : beq        r1,0x120027b10  : IntAlu : 
59213000: system.cpu T0 : 0x120027b10    : stq        r2,24(r2)       : MemWrite :  D=0x00000001200c3db8 A=0x1200c3dd0
59213000: system.cpu T0 : 0x120027b14    : stq        r2,16(r2)       : MemWrite :  D=0x00000001200c3db8 A=0x1200c3dc8
59213000: system.cpu T0 : 0x120027b18    : lda        r2,16(r2)       : IntAlu :  D=0x00000001200c3dc8
59214000: system.cpu T0 : 0x120027b1c    : cmpeq      r2,r3,r1        : IntAlu :  D=0x0000000000000000
59215000: system.cpu T0 : 0x120027b20    : beq        r1,0x120027b10  : IntAlu : 
59218000: system.cpu T0 : 0x120027b10    : stq        r2,24(r2)       : MemWrite :  D=0x00000001200c3dc8 A=0x1200c3de0
59218000: system.cpu T0 : 0x120027b14    : stq        r2,16(r2)       : MemWrite :  D=0x00000001200c3dc8 A=0x1200c3dd8
59218000: system.cpu T0 : 0x120027b18    : lda        r2,16(r2)       : IntAlu :  D=0x00000001200c3dd8
59219000: system.cpu T0 : 0x120027b1c    : cmpeq      r2,r3,r1        : IntAlu :  D=0x0000000000000000
59220000: system.cpu T0 : 0x120027b20    : beq        r1,0x120027b10  : IntAlu : 
59223000: system.cpu T0 : 0x120027b10    : stq        r2,24(r2)       : MemWrite :  D=0x00000001200c3dd8 A=0x1200c3df0
59223000: system.cpu T0 : 0x120027b14    : stq        r2,16(r2)       : MemWrite :  D=0x00000001200c3dd8 A=0x1200c3de8
59223000: system.cpu T0 : 0x120027b18    : lda        r2,16(r2)       : IntAlu :  D=0x00000001200c3de8
59224000: system.cpu T0 : 0x120027b1c    : cmpeq      r2,r3,r1        : IntAlu :  D=0x0000000000000000
59225000: system.cpu T0 : 0x120027b20    : beq        r1,0x120027b10  : IntAlu : 
59228000: system.cpu T0 : 0x120027b10    : stq        r2,24(r2)       : MemWrite :  D=0x00000001200c3de8 A=0x1200c3e00
59469000: system.cpu T0 : 0x120027b14    : stq        r2,16(r2)       : MemWrite :  D=0x00000001200c3de8 A=0x1200c3df8
59469000: system.cpu T0 : 0x120027b18    : lda        r2,16(r2)       : IntAlu :  D=0x00000001200c3df8
59469000: system.cpu T0 : 0x120027b1c    : cmpeq      r2,r3,r1        : IntAlu :  D=0x0000000000000000
59469000: system.cpu T0 : 0x120027b20    : beq        r1,0x120027b10  : IntAlu : 
59470000: system.cpu T0 : 0x120027b10    : stq        r2,24(r2)       : MemWrite :  D=0x00000001200c3df8 A=0x1200c3e10
59470000: system.cpu T0 : 0x120027b14    : stq        r2,16(r2)       : MemWrite :  D=0x00000001200c3df8 A=0x1200c3e08
59470000: system.cpu T0 : 0x120027b18    : lda        r2,16(r2)       : IntAlu :  D=0x00000001200c3e08
59471000: system.cpu T0 : 0x120027b1c    : cmpeq      r2,r3,r1        : IntAlu :  D=0x0000000000000000
59472000: system.cpu T0 : 0x120027b20    : beq        r1,0x120027b10  : IntAlu : 
59475000: system.cpu T0 : 0x120027b10    : stq        r2,24(r2)       : MemWrite :  D=0x00000001200c3e08 A=0x1200c3e20
59475000: system.cpu T0 : 0x120027b14    : stq        r2,16(r2)       : MemWrite :  D=0x00000001200c3e08 A=0x1200c3e18
59475000: system.cpu T0 : 0x120027b18    : lda        r2,16(r2)       : IntAlu :  D=0x00000001200c3e18
59476000: system.cpu T0 : 0x120027b1c    : cmpeq      r2,r3,r1        : IntAlu :  D=0x0000000000000000
59477000: system.cpu T0 : 0x120027b20    : beq        r1,0x120027b10  : IntAlu : 
59480000: system.cpu T0 : 0x120027b10    : stq        r2,24(r2)       : MemWrite :  D=0x00000001200c3e18 A=0x1200c3e30
59480000: system.cpu T0 : 0x120027b14    : stq        r2,16(r2)       : MemWrite :  D=0x00000001200c3e18 A=0x1200c3e28
59480000: system.cpu T0 : 0x120027b18    : lda        r2,16(r2)       : IntAlu :  D=0x00000001200c3e28
59481000: system.cpu T0 : 0x120027b1c    : cmpeq      r2,r3,r1        : IntAlu :  D=0x0000000000000000
59482000: system.cpu T0 : 0x120027b20    : beq        r1,0x120027b10  : IntAlu : 
59485000: system.cpu T0 : 0x120027b10    : stq        r2,24(r2)       : MemWrite :  D=0x00000001200c3e28 A=0x1200c3e40
59489000: system.cpu T0 : 0x120027b14    : stq        r2,16(r2)       : MemWrite :  D=0x00000001200c3e28 A=0x1200c3e38
59489000: system.cpu T0 : 0x120027b18    : lda        r2,16(r2)       : IntAlu :  D=0x00000001200c3e38
59489000: system.cpu T0 : 0x120027b1c    : cmpeq      r2,r3,r1        : IntAlu :  D=0x0000000000000000
59489000: system.cpu T0 : 0x120027b20    : beq        r1,0x120027b10  : IntAlu : 
59490000: system.cpu T0 : 0x120027b10    : stq        r2,24(r2)       : MemWrite :  D=0x00000001200c3e38 A=0x1200c3e50
59490000: system.cpu T0 : 0x120027b14    : stq        r2,16(r2)       : MemWrite :  D=0x00000001200c3e38 A=0x1200c3e48
59490000: system.cpu T0 : 0x120027b18    : lda        r2,16(r2)       : IntAlu :  D=0x00000001200c3e48
59491000: system.cpu T0 : 0x120027b1c    : cmpeq      r2,r3,r1        : IntAlu :  D=0x0000000000000000
59492000: system.cpu T0 : 0x120027b20    : beq        r1,0x120027b10  : IntAlu : 
59495000: system.cpu T0 : 0x120027b10    : stq        r2,24(r2)       : MemWrite :  D=0x00000001200c3e48 A=0x1200c3e60
59495000: system.cpu T0 : 0x120027b14    : stq        r2,16(r2)       : MemWrite :  D=0x00000001200c3e48 A=0x1200c3e58
59495000: system.cpu T0 : 0x120027b18    : lda        r2,16(r2)       : IntAlu :  D=0x00000001200c3e58
59496000: system.cpu T0 : 0x120027b1c    : cmpeq      r2,r3,r1        : IntAlu :  D=0x0000000000000000
59497000: system.cpu T0 : 0x120027b20    : beq        r1,0x120027b10  : IntAlu : 
59500000: system.cpu T0 : 0x120027b10    : stq        r2,24(r2)       : MemWrite :  D=0x00000001200c3e58 A=0x1200c3e70
59500000: system.cpu T0 : 0x120027b14    : stq        r2,16(r2)       : MemWrite :  D=0x00000001200c3e58 A=0x1200c3e68
59500000: system.cpu T0 : 0x120027b18    : lda        r2,16(r2)       : IntAlu :  D=0x00000001200c3e68
59501000: system.cpu T0 : 0x120027b1c    : cmpeq      r2,r3,r1        : IntAlu :  D=0x0000000000000000
59502000: system.cpu T0 : 0x120027b20    : beq        r1,0x120027b10  : IntAlu : 
59505000: system.cpu T0 : 0x120027b10    : stq        r2,24(r2)       : MemWrite :  D=0x00000001200c3e68 A=0x1200c3e80
59509000: system.cpu T0 : 0x120027b14    : stq        r2,16(r2)       : MemWrite :  D=0x00000001200c3e68 A=0x1200c3e78
59509000: system.cpu T0 : 0x120027b18    : lda        r2,16(r2)       : IntAlu :  D=0x00000001200c3e78
59509000: system.cpu T0 : 0x120027b1c    : cmpeq      r2,r3,r1        : IntAlu :  D=0x0000000000000001
59509000: system.cpu T0 : 0x120027b20    : beq        r1,0x120027b10  : IntAlu : 
59510000: system.cpu T0 : 0x120027b24    : ldah       r1,0(r29)       : IntAlu :  D=0x00000001200c8828
59511000: system.cpu T0 : 0x120027b28    : lda        r1,-20992(r1)   : IntAlu :  D=0x00000001200c3628
59512000: system.cpu T0 : 0x120027b2c    : cmpeq      r16,r1,r1       : IntAlu :  D=0x0000000000000001
59513000: system.cpu T0 : 0x120027b30    : bne        r1,0x120027b44  : IntAlu : 
59516000: system.cpu T0 : 0x120027b44    : lda        r2,80(r31)      : IntAlu :  D=0x0000000000000050
59516000: system.cpu T0 : 0x120027b48    : ldah       r1,0(r29)       : IntAlu :  D=0x00000001200c8828
59517000: system.cpu T0 : 0x120027b4c    : stq        r2,-29680(r1)   : MemWrite :  D=0x0000000000000050 A=0x1200c1438
59968000: system.cpu T0 : 0x120027b50    : ldl        r1,4(r16)       : MemRead :  D=0x0000000000000000 A=0x1200c362c
59970000: system.cpu T0 : 0x120027b54    : bis        r1,1,r1         : IntAlu :  D=0x0000000000000001
59971000: system.cpu T0 : 0x120027b58    : stl        r1,4(r16)       : MemWrite :  D=0x0000000000000001 A=0x1200c362c
59971000: system.cpu T0 : 0x120027b5c    : lda        r1,96(r16)      : IntAlu :  D=0x00000001200c3688
59972000: system.cpu T0 : 0x120027b60    : stq        r1,96(r16)      : MemWrite :  D=0x00000001200c3688 A=0x1200c3688
59972000: system.cpu T0 : 0x120027b64    : ret        (r26)           : IntAlu : 
60415000: system.cpu T0 : 0x1200286d8    : ldq        r26,0(r30)      : MemRead :  D=0x000000012002aaa0 A=0x11ff91b30
60422000: system.cpu T0 : 0x1200286dc    : ldq        r9,8(r30)       : MemRead :  D=0x00000001200c3628 A=0x11ff91b38
60424000: system.cpu T0 : 0x1200286e0    : ldq        r10,16(r30)     : MemRead :  D=0x000000011ff92008 A=0x11ff91b40
60431000: system.cpu T0 : 0x1200286e4    : ldq        r11,24(r30)     : MemRead :  D=0x0000000000000018 A=0x11ff91b48
60432000: system.cpu T0 : 0x1200286e8    : ldq        r12,32(r30)     : MemRead :  D=0x000000012001e450 A=0x11ff91b50
60432000: system.cpu T0 : 0x1200286ec    : ldq        r13,40(r30)     : MemRead :  D=0x00000001200c3628 A=0x11ff91b58
60432000: system.cpu T0 : 0x1200286f0    : ldq        r14,48(r30)     : MemRead :  D=0x0000000000000000 A=0x11ff91b60
60432000: system.cpu T0 : 0x1200286f4    : ldq        r15,56(r30)     : MemRead :  D=0x0000000000000020 A=0x11ff91b68
60433000: system.cpu T0 : 0x1200286f8    : lda        r30,96(r30)     : IntAlu :  D=0x000000011ff91b90
60433000: system.cpu T0 : 0x1200286fc    : ret        (r26)           : IntAlu : 
60433000: system.cpu T0 : 0x12002aaa0    : br         0x12002ab8c     : IntAlu : 
60856000: system.cpu T0 : 0x12002ab8c    : lda        r11,96(r13)     : IntAlu :  D=0x00000001200c3688
60856000: system.cpu T0 : 0x12002ab90    : lda        r14,112(r13)    : IntAlu :  D=0x00000001200c3698
60856000: system.cpu T0 : 0x12002ab94    : zapnot     r15,15,r1       : IntAlu :  D=0x0000000000000020
60856000: system.cpu T0 : 0x12002ab98    : lda        r4,1023(r31)    : IntAlu :  D=0x00000000000003ff
60857000: system.cpu T0 : 0x12002ab9c    : cmpule     r15,r4,r4       : IntAlu :  D=0x0000000000000001
60858000: system.cpu T0 : 0x12002aba0    : stq        r4,112(r30)     : MemWrite :  D=0x0000000000000001 A=0x11ff91c00
60858000: system.cpu T0 : 0x12002aba4    : lda        r2,32(r15)      : IntAlu :  D=0x0000000000000040
60859000: system.cpu T0 : 0x12002aba8    : stq        r2,120(r30)     : MemWrite :  D=0x0000000000000040 A=0x11ff91c08
60859000: system.cpu T0 : 0x12002abac    : lda        r3,1(r31)       : IntAlu :  D=0x0000000000000001
60860000: system.cpu T0 : 0x12002abb0    : stq        r3,128(r30)     : MemWrite :  D=0x0000000000000001 A=0x11ff91c10
60860000: system.cpu T0 : 0x12002abb4    : ldah       r2,-3(r29)      : IntAlu :  D=0x0000000120098828
60861000: system.cpu T0 : 0x12002abb8    : lda        r2,-26501(r2)   : IntAlu :  D=0x00000001200920a3
60862000: system.cpu T0 : 0x12002abbc    : stq        r2,136(r30)     : MemWrite :  D=0x00000001200920a3 A=0x11ff91c18
61282000: system.cpu T0 : 0x12002abc0    : ldah       r2,-32768(r31)  : IntAlu :  D=0xffffffff80000000
61283000: system.cpu T0 : 0x12002abc4    : ornot      r31,r2,r2       : IntAlu :  D=0x000000007fffffff
61284000: system.cpu T0 : 0x12002abc8    : stl        r2,144(r30)     : MemWrite :  D=0x000000007fffffff A=0x11ff91c20
61284000: system.cpu T0 : 0x12002abcc    : srl        r1,4,r1         : IntAlu :  D=0x0000000000000002
61285000: system.cpu T0 : 0x12002abd0    : stq        r1,160(r30)     : MemWrite :  D=0x0000000000000002 A=0x11ff91c30
61285000: system.cpu T0 : 0x12002abd4    : bis        r31,r31,r12     : IntAlu :  D=0x0000000000000000
61285000: system.cpu T0 : 0x12002abd8    : br         0x12002aebc     : IntAlu : 
61712000: system.cpu T0 : 0x12002aebc    : ldq        r9,24(r11)      : MemRead :  D=0x00000001200c3688 A=0x1200c36a0
61721000: system.cpu T0 : 0x12002aec0    : cmpeq      r11,r9,r1       : IntAlu :  D=0x0000000000000001
61722000: system.cpu T0 : 0x12002aec4    : beq        r1,0x12002abdc  : IntAlu : 
61723000: system.cpu T0 : 0x12002aec8    : ldq        r4,112(r30)     : MemRead :  D=0x0000000000000001 A=0x11ff91c00
61725000: system.cpu T0 : 0x12002aecc    : bne        r4,0x12002b0cc  : IntAlu : 
62574000: system.cpu T0 : 0x12002b0cc    : ldq        r4,96(r30)      : MemRead :  D=0x0000000000000002 A=0x11ff91bf0
62576000: system.cpu T0 : 0x12002b0d0    : addl       r4,1,r2         : IntAlu :  D=0x0000000000000003
62577000: system.cpu T0 : 0x12002b0d4    : bis        r31,r2,r3       : IntAlu :  D=0x0000000000000003
62578000: system.cpu T0 : 0x12002b0d8    : ldl        r4,144(r30)     : MemRead :  D=0x000000007fffffff A=0x11ff91c20
62580000: system.cpu T0 : 0x12002b0dc    : addq       r2,r4,r1        : IntAlu :  D=0x0000000080000002
62581000: system.cpu T0 : 0x12002b0e0    : addq       r1,r1,r1        : IntAlu :  D=0x0000000100000004
62582000: system.cpu T0 : 0x12002b0e4    : zapnot     r1,15,r1        : IntAlu :  D=0x0000000000000004
62583000: system.cpu T0 : 0x12002b0e8    : s8subq     r1,16,r1        : IntAlu :  D=0x0000000000000010
62584000: system.cpu T0 : 0x12002b0ec    : addq       r14,r1,r4       : IntAlu :  D=0x00000001200c36a8
62584000: system.cpu T0 : 0x12002b0f0    : zapnot     r2,15,r2        : IntAlu :  D=0x0000000000000003
62585000: system.cpu T0 : 0x12002b0f4    : srl        r2,5,r6         : IntAlu :  D=0x0000000000000000
62586000: system.cpu T0 : 0x12002b0f8    : s4addq     r6,r13,r1       : IntAlu :  D=0x00000001200c3628
62588000: system.cpu T0 : 0x12002b0fc    : ldl        r5,2144(r1)     : MemRead :  D=0x0000000000000000 A=0x1200c3e88
63006000: system.cpu T0 : 0x12002b100    : and        r3,31,r3        : IntAlu :  D=0x0000000000000003
63006000: system.cpu T0 : 0x12002b104    : lda        r1,1(r31)       : IntAlu :  D=0x0000000000000001
63007000: system.cpu T0 : 0x12002b108    : sll        r1,r3,r3        : IntAlu :  D=0x0000000000000008
63008000: system.cpu T0 : 0x12002b10c    : addl       r31,r3,r3       : IntAlu :  D=0x0000000000000008
63009000: system.cpu T0 : 0x12002b110    : zapnot     r3,15,r2        : IntAlu :  D=0x0000000000000008
63009000: system.cpu T0 : 0x12002b114    : zapnot     r5,15,r1        : IntAlu :  D=0x0000000000000000
63010000: system.cpu T0 : 0x12002b118    : cmpult     r1,r2,r1        : IntAlu :  D=0x0000000000000001
63010000: system.cpu T0 : 0x12002b11c    : cmpeq      r2,0,r2         : IntAlu :  D=0x0000000000000000
63011000: system.cpu T0 : 0x12002b120    : bis        r1,r2,r1        : IntAlu :  D=0x0000000000000001
63012000: system.cpu T0 : 0x12002b124    : blbc       r1,0x12002b160  : IntAlu : 
63012000: system.cpu T0 : 0x12002b128    : addl       r6,1,r6         : IntAlu :  D=0x0000000000000001
63013000: system.cpu T0 : 0x12002b12c    : zapnot     r6,15,r1        : IntAlu :  D=0x0000000000000001
63014000: system.cpu T0 : 0x12002b130    : cmpule     r1,3,r1         : IntAlu :  D=0x0000000000000001
63015000: system.cpu T0 : 0x12002b134    : beq        r1,0x12002b344  : IntAlu : 
63015000: system.cpu T0 : 0x12002b138    : zapnot     r6,15,r1        : IntAlu :  D=0x0000000000000001
63016000: system.cpu T0 : 0x12002b13c    : s4addq     r1,r13,r1       : IntAlu :  D=0x00000001200c362c
63436000: system.cpu T0 : 0x12002b140    : ldl        r5,2144(r1)     : MemRead :  D=0x0000000000000000 A=0x1200c3e8c
63438000: system.cpu T0 : 0x12002b144    : beq        r5,0x12002b128  : IntAlu : 
63441000: system.cpu T0 : 0x12002b128    : addl       r6,1,r6         : IntAlu :  D=0x0000000000000002
63442000: system.cpu T0 : 0x12002b12c    : zapnot     r6,15,r1        : IntAlu :  D=0x0000000000000002
63443000: system.cpu T0 : 0x12002b130    : cmpule     r1,3,r1         : IntAlu :  D=0x0000000000000001
63444000: system.cpu T0 : 0x12002b134    : beq        r1,0x12002b344  : IntAlu : 
63444000: system.cpu T0 : 0x12002b138    : zapnot     r6,15,r1        : IntAlu :  D=0x0000000000000002
63445000: system.cpu T0 : 0x12002b13c    : s4addq     r1,r13,r1       : IntAlu :  D=0x00000001200c3630
63447000: system.cpu T0 : 0x12002b140    : ldl        r5,2144(r1)     : MemRead :  D=0x0000000000000000 A=0x1200c3e90
63449000: system.cpu T0 : 0x12002b144    : beq        r5,0x12002b128  : IntAlu : 
63452000: system.cpu T0 : 0x12002b128    : addl       r6,1,r6         : IntAlu :  D=0x0000000000000003
63453000: system.cpu T0 : 0x12002b12c    : zapnot     r6,15,r1        : IntAlu :  D=0x0000000000000003
63454000: system.cpu T0 : 0x12002b130    : cmpule     r1,3,r1         : IntAlu :  D=0x0000000000000001
63455000: system.cpu T0 : 0x12002b134    : beq        r1,0x12002b344  : IntAlu : 
63455000: system.cpu T0 : 0x12002b138    : zapnot     r6,15,r1        : IntAlu :  D=0x0000000000000003
63456000: system.cpu T0 : 0x12002b13c    : s4addq     r1,r13,r1       : IntAlu :  D=0x00000001200c3634
63458000: system.cpu T0 : 0x12002b140    : ldl        r5,2144(r1)     : MemRead :  D=0x0000000000000000 A=0x1200c3e94
63460000: system.cpu T0 : 0x12002b144    : beq        r5,0x12002b128  : IntAlu : 
63463000: system.cpu T0 : 0x12002b128    : addl       r6,1,r6         : IntAlu :  D=0x0000000000000004
63464000: system.cpu T0 : 0x12002b12c    : zapnot     r6,15,r1        : IntAlu :  D=0x0000000000000004
63465000: system.cpu T0 : 0x12002b130    : cmpule     r1,3,r1         : IntAlu :  D=0x0000000000000000
63466000: system.cpu T0 : 0x12002b134    : beq        r1,0x12002b344  : IntAlu : 
63893000: system.cpu T0 : 0x12002b344    : ldq        r16,96(r13)     : MemRead :  D=0x00000001200c3688 A=0x1200c3688
63896000: system.cpu T0 : 0x12002b348    : ldq        r1,8(r16)       : MemRead :  D=0x0000000000000000 A=0x1200c3690
63898000: system.cpu T0 : 0x12002b34c    : bic        r1,7,r4         : IntAlu :  D=0x0000000000000000
63899000: system.cpu T0 : 0x12002b350    : ldq        r2,120(r30)     : MemRead :  D=0x0000000000000040 A=0x11ff91c08
63901000: system.cpu T0 : 0x12002b354    : stq        r2,72(r30)      : MemWrite :  D=0x0000000000000040 A=0x11ff91bd8
63901000: system.cpu T0 : 0x12002b358    : cmpult     r4,r2,r1        : IntAlu :  D=0x0000000000000001
63902000: system.cpu T0 : 0x12002b35c    : bne        r1,0x12002b3d0  : IntAlu : 
64342000: system.cpu T0 : 0x12002b3d0    : ldl        r1,4(r13)       : MemRead :  D=0x0000000000000001 A=0x1200c362c
64344000: system.cpu T0 : 0x12002b3d4    : blbs       r1,0x12002b3ec  : IntAlu : 
64347000: system.cpu T0 : 0x12002b3ec    : ldah       r1,0(r29)       : IntAlu :  D=0x00000001200c8828
64348000: system.cpu T0 : 0x12002b3f0    : lda        r1,-18808(r1)   : IntAlu :  D=0x00000001200c3eb0
64777000: system.cpu T0 : 0x12002b3f4    : ldl        r2,40(r1)       : MemRead :  D=0x0000000000002000 A=0x1200c3ed8
64779000: system.cpu T0 : 0x12002b3f8    : lda        r2,-1(r2)       : IntAlu :  D=0x0000000000001fff
64780000: system.cpu T0 : 0x12002b3fc    : zapnot     r2,15,r2        : IntAlu :  D=0x0000000000001fff
64781000: system.cpu T0 : 0x12002b400    : stq        r2,88(r30)      : MemWrite :  D=0x0000000000001fff A=0x11ff91be8
64783000: system.cpu T0 : 0x12002b404    : ldq        r1,16(r1)       : MemRead :  D=0x0000000000020000 A=0x1200c3ec0
64785000: system.cpu T0 : 0x12002b408    : cmpult     r15,r1,r1       : IntAlu :  D=0x0000000000000001
64786000: system.cpu T0 : 0x12002b40c    : bne        r1,0x12002b4d4  : IntAlu : 
65212000: system.cpu T0 : 0x12002b4d4    : bis        r31,r31,r10     : IntAlu :  D=0x0000000000000000
65212000: system.cpu T0 : 0x12002b4d8    : br         0x12002b4e0     : IntAlu : 
65216000: system.cpu T0 : 0x12002b4e0    : ldq        r12,96(r13)     : MemRead :  D=0x00000001200c3688 A=0x1200c3688
65219000: system.cpu T0 : 0x12002b4e4    : ldq        r1,8(r12)       : MemRead :  D=0x0000000000000000 A=0x1200c3690
65221000: system.cpu T0 : 0x12002b4e8    : bic        r1,7,r1         : IntAlu :  D=0x0000000000000000
65222000: system.cpu T0 : 0x12002b4ec    : stq        r1,80(r30)      : MemWrite :  D=0x0000000000000000 A=0x11ff91be0
65222000: system.cpu T0 : 0x12002b4f0    : ldah       r1,0(r29)       : IntAlu :  D=0x00000001200c8828
65223000: system.cpu T0 : 0x12002b4f4    : lda        r1,-20992(r1)   : IntAlu :  D=0x00000001200c3628
65224000: system.cpu T0 : 0x12002b4f8    : cmpeq      r13,r1,r1       : IntAlu :  D=0x0000000000000001
65225000: system.cpu T0 : 0x12002b4fc    : bne        r1,0x12002b628  : IntAlu : 
65651000: system.cpu T0 : 0x12002b628    : ldah       r1,0(r29)       : IntAlu :  D=0x00000001200c8828
65653000: system.cpu T0 : 0x12002b62c    : ldq        r3,-18800(r1)   : MemRead :  D=0x0000000000020000 A=0x1200c3eb8
65655000: system.cpu T0 : 0x12002b630    : lda        r3,32(r3)       : IntAlu :  D=0x0000000000020020
65656000: system.cpu T0 : 0x12002b634    : addq       r3,r15,r3       : IntAlu :  D=0x0000000000020040
65656000: system.cpu T0 : 0x12002b638    : ldah       r1,0(r29)       : IntAlu :  D=0x00000001200c8828
65658000: system.cpu T0 : 0x12002b63c    : ldl        r1,-20988(r1)   : MemRead :  D=0x0000000000000001 A=0x1200c362c
66075000: system.cpu T0 : 0x12002b640    : and        r1,2,r1         : IntAlu :  D=0x0000000000000000
66076000: system.cpu T0 : 0x12002b644    : zapnot     r1,15,r1        : IntAlu :  D=0x0000000000000000
66077000: system.cpu T0 : 0x12002b648    : ldq        r4,80(r30)      : MemRead :  D=0x0000000000000000 A=0x11ff91be0
66079000: system.cpu T0 : 0x12002b64c    : subq       r3,r4,r2        : IntAlu :  D=0x0000000000020040
66080000: system.cpu T0 : 0x12002b650    : cmovne     r1,r3,r2        : IntAlu :  D=0x0000000000020040
66081000: system.cpu T0 : 0x12002b654    : ldq        r1,88(r30)      : MemRead :  D=0x0000000000001fff A=0x11ff91be8
66083000: system.cpu T0 : 0x12002b658    : ornot      r31,r1,r1       : IntAlu :  D=0xffffffffffffe000
66084000: system.cpu T0 : 0x12002b65c    : stq        r1,64(r30)      : MemWrite :  D=0xffffffffffffe000 A=0x11ff91bd0
66086000: system.cpu T0 : 0x12002b660    : ldq        r3,88(r30)      : MemRead :  D=0x0000000000001fff A=0x11ff91be8
66088000: system.cpu T0 : 0x12002b664    : addq       r2,r3,r2        : IntAlu :  D=0x000000000002203f
66089000: system.cpu T0 : 0x12002b668    : and        r2,r1,r10       : IntAlu :  D=0x0000000000022000
66090000: system.cpu T0 : 0x12002b66c    : bis        r31,r10,r11     : IntAlu :  D=0x0000000000022000
66090000: system.cpu T0 : 0x12002b670    : ble        r10,0x12002b6b0 : IntAlu : 
66090000: system.cpu T0 : 0x12002b674    : ldah       r1,0(r29)       : IntAlu :  D=0x00000001200c8828
66515000: system.cpu T0 : 0x12002b678    : ldq        r27,-30064(r1)  : MemRead :  D=0x000000012002dbb0 A=0x1200c12b8
66515000: system.cpu T0 : 0x12002b67c    : bis        r31,r10,r16     : IntAlu :  D=0x0000000000022000
66517000: system.cpu T0 : 0x12002b680    : jsr        r26,(r27)       : IntAlu :  D=0x000000012002b684
66947000: system.cpu T0 : 0x12002dbb0    : ldah       r29,10(r27)     : IntAlu :  D=0x00000001200cdbb0
66948000: system.cpu T0 : 0x12002dbb4    : lda        r29,-21384(r29) : IntAlu :  D=0x00000001200c8828
66948000: system.cpu T0 : 0x12002dbb8    : lda        r30,-16(r30)    : IntAlu :  D=0x000000011ff91b80
66948000: system.cpu T0 : 0x12002dbbc    : stq        r26,0(r30)      : MemWrite :  D=0x000000012002b684 A=0x11ff91b80
66956000: system.cpu T0 : 0x12002dbc0    : nop        (ldq_u      r31,0(r30)) : No_OpClass : 
66956000: system.cpu T0 : 0x12002dbc4    : bsr        r26,0x120030898 : IntAlu :  D=0x000000012002dbc8
67383000: system.cpu T0 : 0x120030898    : lda        r30,-32(r30)    : IntAlu :  D=0x000000011ff91b60
67383000: system.cpu T0 : 0x12003089c    : stq        r26,0(r30)      : MemWrite :  D=0x000000012002dbc8 A=0x11ff91b60
67383000: system.cpu T0 : 0x1200308a0    : stq        r9,8(r30)       : MemWrite :  D=0x00000001200c3688 A=0x11ff91b68
67383000: system.cpu T0 : 0x1200308a4    : stq        r10,16(r30)     : MemWrite :  D=0x0000000000022000 A=0x11ff91b70
67384000: system.cpu T0 : 0x1200308a8    : bis        r31,r16,r10     : IntAlu :  D=0x0000000000022000
67815000: system.cpu T0 : 0x1200308ac    : ldq        r1,-30600(r29)  : MemRead :  D=0x00000001200c1b20 A=0x1200c10a0
68249000: system.cpu T0 : 0x1200308b0    : ldq        r1,0(r1)        : MemRead :  D=0x000000012033af24 A=0x1200c1b20
68251000: system.cpu T0 : 0x1200308b4    : beq        r1,0x1200308c4  : IntAlu : 
68254000: system.cpu T0 : 0x1200308b8    : lda        r1,-29944(r29)  : IntAlu :  D=0x00000001200c1330
68678000: system.cpu T0 : 0x1200308bc    : ldl        r1,0(r1)        : MemRead :  D=0x0000000000000000 A=0x1200c1330
68680000: system.cpu T0 : 0x1200308c0    : beq        r1,0x1200308dc  : IntAlu : 
68683000: system.cpu T0 : 0x1200308dc    : bne        r10,0x1200308ec : IntAlu : 
68687000: system.cpu T0 : 0x1200308ec    : ldq        r1,-30600(r29)  : MemRead :  D=0x00000001200c1b20 A=0x1200c10a0
68690000: system.cpu T0 : 0x1200308f0    : ldq        r9,0(r1)        : MemRead :  D=0x000000012033af24 A=0x1200c1b20
68692000: system.cpu T0 : 0x1200308f4    : addq       r9,r10,r16      : IntAlu :  D=0x000000012035cf24
68692000: system.cpu T0 : 0x1200308f8    : nop        (ldq_u      r31,0(r30)) : No_OpClass : 
68692000: system.cpu T0 : 0x1200308fc    : bsr        r26,0x120061918 : IntAlu :  D=0x0000000120030900
68692000: system.cpu T0 : 0x120061918    : subq       r30,8,r30       : IntAlu :  D=0x000000011ff91b58
68693000: system.cpu T0 : 0x12006191c    : stq        r16,0(r30)      : MemWrite :  D=0x000000012035cf24 A=0x11ff91b58
68693000: system.cpu T0 : 0x120061920    : lda        r0,17(r31)      : IntAlu :  D=0x0000000000000011
68694000: system.cpu T0 : 0x120061924    : call_pal   callsys         : IntAlu : 
68701000: system.cpu T0 : 0x120061928    : ldq        r16,0(r30)      : MemRead :  D=0x000000012035cf24 A=0x11ff91b58
68701000: system.cpu T0 : 0x12006192c    : bne        r19,0x120061958 : IntAlu : 
68701000: system.cpu T0 : 0x120061930    : beq        r0,0x120061944  : IntAlu : 
68703000: system.cpu T0 : 0x120061934    : cmoveq     r16,r0,r16      : IntAlu :  D=0x000000012035cf24
68704000: system.cpu T0 : 0x120061938    : xor        r16,r0,r1       : IntAlu :  D=0x0000000000000000
68705000: system.cpu T0 : 0x12006193c    : bne        r1,0x120061954  : IntAlu : 
69120000: system.cpu T0 : 0x120061940    : bis        r31,r31,r0      : IntAlu :  D=0x0000000000000000
69121000: system.cpu T0 : 0x120061944    : ldq        r28,-30600(r29) : MemRead :  D=0x00000001200c1b20 A=0x1200c10a0
69122000: system.cpu T0 : 0x120061948    : stq        r16,0(r28)      : MemWrite :  D=0x000000012035cf24 A=0x1200c1b20
69122000: system.cpu T0 : 0x12006194c    : addq       r30,8,r30       : IntAlu :  D=0x000000011ff91b60
69122000: system.cpu T0 : 0x120061950    : ret        (r26)           : IntAlu : 
69124000: system.cpu T0 : 0x120030900    : nop        (ldq_u      r31,0(r30)) : No_OpClass : 
69124000: system.cpu T0 : 0x120030904    : nop        (ldq_u      r31,0(r30)) : No_OpClass : 
69124000: system.cpu T0 : 0x120030908    : bge        r0,0x120030910  : IntAlu : 
69127000: system.cpu T0 : 0x120030910    : bis        r31,r9,r0       : IntAlu :  D=0x000000012033af24
69128000: system.cpu T0 : 0x120030914    : ldq        r26,0(r30)      : MemRead :  D=0x000000012002dbc8 A=0x11ff91b60
69129000: system.cpu T0 : 0x120030918    : ldq        r9,8(r30)       : MemRead :  D=0x00000001200c3688 A=0x11ff91b68
69129000: system.cpu T0 : 0x12003091c    : ldq        r10,16(r30)     : MemRead :  D=0x0000000000022000 A=0x11ff91b70
69129000: system.cpu T0 : 0x120030920    : lda        r30,32(r30)     : IntAlu :  D=0x000000011ff91b80
69130000: system.cpu T0 : 0x120030924    : ret        (r26)           : IntAlu : 
69131000: system.cpu T0 : 0x12002dbc8    : nop        (ldq_u      r31,0(r30)) : No_OpClass : 
69131000: system.cpu T0 : 0x12002dbcc    : nop        (ldq_u      r31,0(r30)) : No_OpClass : 
69131000: system.cpu T0 : 0x12002dbd0    : lda        r1,1(r0)        : IntAlu :  D=0x000000012033af25
69132000: system.cpu T0 : 0x12002dbd4    : cmoveq     r1,0,r0         : IntAlu :  D=0x000000012033af24
69133000: system.cpu T0 : 0x12002dbd8    : ldq        r26,0(r30)      : MemRead :  D=0x000000012002b684 A=0x11ff91b80
69133000: system.cpu T0 : 0x12002dbdc    : lda        r30,16(r30)     : IntAlu :  D=0x000000011ff91b90
69135000: system.cpu T0 : 0x12002dbe0    : ret        (r26)           : IntAlu : 
69557000: system.cpu T0 : 0x12002b684    : ldah       r29,10(r26)     : IntAlu :  D=0x00000001200cb684
69558000: system.cpu T0 : 0x12002b688    : lda        r29,-11868(r29) : IntAlu :  D=0x00000001200c8828
69558000: system.cpu T0 : 0x12002b68c    : bis        r31,r0,r9       : IntAlu :  D=0x000000012033af24
69558000: system.cpu T0 : 0x12002b690    : beq        r0,0x12002b6b0  : IntAlu : 
69559000: system.cpu T0 : 0x12002b694    : lda        r1,-29688(r29)  : IntAlu :  D=0x00000001200c1430
69983000: system.cpu T0 : 0x12002b698    : ldq        r27,0(r1)       : MemRead :  D=0x0000000000000000 A=0x1200c1430
69985000: system.cpu T0 : 0x12002b69c    : beq        r27,0x12002b9d4 : IntAlu : 
70411000: system.cpu T0 : 0x12002b9d4    : bis        r31,r31,r10     : IntAlu :  D=0x0000000000000000
70411000: system.cpu T0 : 0x12002b9d8    : br         0x12002b740     : IntAlu : 
70837000: system.cpu T0 : 0x12002b740    : ldah       r1,0(r29)       : IntAlu :  D=0x00000001200c8828
70839000: system.cpu T0 : 0x12002b744    : ldq        r1,-18736(r1)   : MemRead :  D=0x0000000000000000 A=0x1200c3ef8
70841000: system.cpu T0 : 0x12002b748    : bne        r1,0x12002b754  : IntAlu : 
70841000: system.cpu T0 : 0x12002b74c    : ldah       r1,0(r29)       : IntAlu :  D=0x00000001200c8828
70841000: system.cpu T0 : 0x12002b750    : stq        r9,-18736(r1)   : MemWrite :  D=0x000000012033af24 A=0x1200c3ef8
70843000: system.cpu T0 : 0x12002b754    : ldq        r1,80(r30)      : MemRead :  D=0x0000000000000000 A=0x11ff91be0
70845000: system.cpu T0 : 0x12002b758    : addq       r12,r1,r3       : IntAlu :  D=0x00000001200c3688
70845000: system.cpu T0 : 0x12002b75c    : bis        r31,r11,r16     : IntAlu :  D=0x0000000000022000
71276000: system.cpu T0 : 0x12002b760    : ldq        r1,2168(r13)    : MemRead :  D=0x0000000000000000 A=0x1200c3ea0
71278000: system.cpu T0 : 0x12002b764    : addq       r11,r1,r4       : IntAlu :  D=0x0000000000022000
71279000: system.cpu T0 : 0x12002b768    : stq        r4,2168(r13)    : MemWrite :  D=0x0000000000022000 A=0x1200c3ea0
71279000: system.cpu T0 : 0x12002b76c    : cmpeq      r10,0,r5        : IntAlu :  D=0x0000000000000001
71279000: system.cpu T0 : 0x12002b770    : cmpeq      r3,r9,r1        : IntAlu :  D=0x0000000000000000
71280000: system.cpu T0 : 0x12002b774    : and        r5,r1,r1        : IntAlu :  D=0x0000000000000000
71281000: system.cpu T0 : 0x12002b778    : beq        r1,0x12002b790  : IntAlu : 
71297000: system.cpu T0 : 0x12002b790    : ldl        r1,4(r13)       : MemRead :  D=0x0000000000000001 A=0x1200c362c
71299000: system.cpu T0 : 0x12002b794    : xor        r1,2,r1         : IntAlu :  D=0x0000000000000003
71300000: system.cpu T0 : 0x12002b798    : and        r1,2,r2         : IntAlu :  D=0x0000000000000002
71301000: system.cpu T0 : 0x12002b79c    : cmpult     r31,r2,r2       : IntAlu :  D=0x0000000000000001
71302000: system.cpu T0 : 0x12002b7a0    : ldq        r1,80(r30)      : MemRead :  D=0x0000000000000000 A=0x11ff91be0
71304000: system.cpu T0 : 0x12002b7a4    : cmpult     r31,r1,r14      : IntAlu :  D=0x0000000000000000
71305000: system.cpu T0 : 0x12002b7a8    : and        r2,r14,r1       : IntAlu :  D=0x0000000000000000
71306000: system.cpu T0 : 0x12002b7ac    : beq        r1,0x12002b7b8  : IntAlu : 
71309000: system.cpu T0 : 0x12002b7b8    : beq        r2,0x12002b868  : IntAlu : 
71310000: system.cpu T0 : 0x12002b7bc    : beq        r14,0x12002b7cc : IntAlu : 
71730000: system.cpu T0 : 0x12002b7cc    : and        r9,15,r1        : IntAlu :  D=0x0000000000000004
71730000: system.cpu T0 : 0x12002b7d0    : lda        r2,16(r31)      : IntAlu :  D=0x0000000000000010
71731000: system.cpu T0 : 0x12002b7d4    : subq       r2,r1,r2        : IntAlu :  D=0x000000000000000c
71732000: system.cpu T0 : 0x12002b7d8    : addq       r9,r2,r11       : IntAlu :  D=0x000000012033af30
71733000: system.cpu T0 : 0x12002b7dc    : cmoveq     r1,r9,r11       : IntAlu :  D=0x000000012033af30
71733000: system.cpu T0 : 0x12002b7e0    : cmoveq     r1,0,r2         : IntAlu :  D=0x000000000000000c
71734000: system.cpu T0 : 0x12002b7e4    : ldq        r3,80(r30)      : MemRead :  D=0x0000000000000000 A=0x11ff91be0
71736000: system.cpu T0 : 0x12002b7e8    : addq       r2,r3,r2        : IntAlu :  D=0x000000000000000c
71737000: system.cpu T0 : 0x12002b7ec    : addq       r2,r16,r1       : IntAlu :  D=0x000000000002200c
71738000: system.cpu T0 : 0x12002b7f0    : addq       r9,r1,r1        : IntAlu :  D=0x000000012035cf30
71739000: system.cpu T0 : 0x12002b7f4    : subq       r2,r1,r2        : IntAlu :  D=0xfffffffedfca30dc
71740000: system.cpu T0 : 0x12002b7f8    : ldq        r4,88(r30)      : MemRead :  D=0x0000000000001fff A=0x11ff91be8
71742000: system.cpu T0 : 0x12002b7fc    : addq       r1,r4,r1        : IntAlu :  D=0x000000012035ef2f
72159000: system.cpu T0 : 0x12002b800    : ldq        r3,64(r30)      : MemRead :  D=0xffffffffffffe000 A=0x11ff91bd0
72161000: system.cpu T0 : 0x12002b804    : and        r1,r3,r1        : IntAlu :  D=0x000000012035e000
72162000: system.cpu T0 : 0x12002b808    : addq       r2,r1,r9        : IntAlu :  D=0x00000000000010dc
72162000: system.cpu T0 : 0x12002b80c    : ldah       r1,0(r29)       : IntAlu :  D=0x00000001200c8828
72586000: system.cpu T0 : 0x12002b810    : ldq        r27,-30064(r1)  : MemRead :  D=0x000000012002dbb0 A=0x1200c12b8
72586000: system.cpu T0 : 0x12002b814    : bis        r31,r9,r16      : IntAlu :  D=0x00000000000010dc
72588000: system.cpu T0 : 0x12002b818    : jsr        r26,(r27)       : IntAlu :  D=0x000000012002b81c
73018000: system.cpu T0 : 0x12002dbb0    : ldah       r29,10(r27)     : IntAlu :  D=0x00000001200cdbb0
73019000: system.cpu T0 : 0x12002dbb4    : lda        r29,-21384(r29) : IntAlu :  D=0x00000001200c8828
73019000: system.cpu T0 : 0x12002dbb8    : lda        r30,-16(r30)    : IntAlu :  D=0x000000011ff91b80
73019000: system.cpu T0 : 0x12002dbbc    : stq        r26,0(r30)      : MemWrite :  D=0x000000012002b81c A=0x11ff91b80
73027000: system.cpu T0 : 0x12002dbc0    : nop        (ldq_u      r31,0(r30)) : No_OpClass : 
73027000: system.cpu T0 : 0x12002dbc4    : bsr        r26,0x120030898 : IntAlu :  D=0x000000012002dbc8
73454000: system.cpu T0 : 0x120030898    : lda        r30,-32(r30)    : IntAlu :  D=0x000000011ff91b60
73454000: system.cpu T0 : 0x12003089c    : stq        r26,0(r30)      : MemWrite :  D=0x000000012002dbc8 A=0x11ff91b60
73454000: system.cpu T0 : 0x1200308a0    : stq        r9,8(r30)       : MemWrite :  D=0x00000000000010dc A=0x11ff91b68
73454000: system.cpu T0 : 0x1200308a4    : stq        r10,16(r30)     : MemWrite :  D=0x0000000000000000 A=0x11ff91b70
73455000: system.cpu T0 : 0x1200308a8    : bis        r31,r16,r10     : IntAlu :  D=0x00000000000010dc
73878000: system.cpu T0 : 0x1200308ac    : ldq        r1,-30600(r29)  : MemRead :  D=0x00000001200c1b20 A=0x1200c10a0
74303000: system.cpu T0 : 0x1200308b0    : ldq        r1,0(r1)        : MemRead :  D=0x000000012035cf24 A=0x1200c1b20
74305000: system.cpu T0 : 0x1200308b4    : beq        r1,0x1200308c4  : IntAlu : 
74308000: system.cpu T0 : 0x1200308b8    : lda        r1,-29944(r29)  : IntAlu :  D=0x00000001200c1330
74740000: system.cpu T0 : 0x1200308bc    : ldl        r1,0(r1)        : MemRead :  D=0x0000000000000000 A=0x1200c1330
74742000: system.cpu T0 : 0x1200308c0    : beq        r1,0x1200308dc  : IntAlu : 
74745000: system.cpu T0 : 0x1200308dc    : bne        r10,0x1200308ec : IntAlu : 
74749000: system.cpu T0 : 0x1200308ec    : ldq        r1,-30600(r29)  : MemRead :  D=0x00000001200c1b20 A=0x1200c10a0
74752000: system.cpu T0 : 0x1200308f0    : ldq        r9,0(r1)        : MemRead :  D=0x000000012035cf24 A=0x1200c1b20
74754000: system.cpu T0 : 0x1200308f4    : addq       r9,r10,r16      : IntAlu :  D=0x000000012035e000
74754000: system.cpu T0 : 0x1200308f8    : nop        (ldq_u      r31,0(r30)) : No_OpClass : 
74754000: system.cpu T0 : 0x1200308fc    : bsr        r26,0x120061918 : IntAlu :  D=0x0000000120030900
74754000: system.cpu T0 : 0x120061918    : subq       r30,8,r30       : IntAlu :  D=0x000000011ff91b58
74755000: system.cpu T0 : 0x12006191c    : stq        r16,0(r30)      : MemWrite :  D=0x000000012035e000 A=0x11ff91b58
74755000: system.cpu T0 : 0x120061920    : lda        r0,17(r31)      : IntAlu :  D=0x0000000000000011
74756000: system.cpu T0 : 0x120061924    : call_pal   callsys         : IntAlu : 
74763000: system.cpu T0 : 0x120061928    : ldq        r16,0(r30)      : MemRead :  D=0x000000012035e000 A=0x11ff91b58
74763000: system.cpu T0 : 0x12006192c    : bne        r19,0x120061958 : IntAlu : 
74763000: system.cpu T0 : 0x120061930    : beq        r0,0x120061944  : IntAlu : 
74765000: system.cpu T0 : 0x120061934    : cmoveq     r16,r0,r16      : IntAlu :  D=0x000000012035e000
74766000: system.cpu T0 : 0x120061938    : xor        r16,r0,r1       : IntAlu :  D=0x0000000000000000
74767000: system.cpu T0 : 0x12006193c    : bne        r1,0x120061954  : IntAlu : 
74767000: system.cpu T0 : 0x120061940    : bis        r31,r31,r0      : IntAlu :  D=0x0000000000000000
74768000: system.cpu T0 : 0x120061944    : ldq        r28,-30600(r29) : MemRead :  D=0x00000001200c1b20 A=0x1200c10a0
74769000: system.cpu T0 : 0x120061948    : stq        r16,0(r28)      : MemWrite :  D=0x000000012035e000 A=0x1200c1b20
74769000: system.cpu T0 : 0x12006194c    : addq       r30,8,r30       : IntAlu :  D=0x000000011ff91b60
74769000: system.cpu T0 : 0x120061950    : ret        (r26)           : IntAlu : 
75173000: system.cpu T0 : 0x120030900    : nop        (ldq_u      r31,0(r30)) : No_OpClass : 
75173000: system.cpu T0 : 0x120030904    : nop        (ldq_u      r31,0(r30)) : No_OpClass : 
75173000: system.cpu T0 : 0x120030908    : bge        r0,0x120030910  : IntAlu : 
75176000: system.cpu T0 : 0x120030910    : bis        r31,r9,r0       : IntAlu :  D=0x000000012035cf24
75177000: system.cpu T0 : 0x120030914    : ldq        r26,0(r30)      : MemRead :  D=0x000000012002dbc8 A=0x11ff91b60
75178000: system.cpu T0 : 0x120030918    : ldq        r9,8(r30)       : MemRead :  D=0x00000000000010dc A=0x11ff91b68
75178000: system.cpu T0 : 0x12003091c    : ldq        r10,16(r30)     : MemRead :  D=0x0000000000000000 A=0x11ff91b70
75178000: system.cpu T0 : 0x120030920    : lda        r30,32(r30)     : IntAlu :  D=0x000000011ff91b80
75179000: system.cpu T0 : 0x120030924    : ret        (r26)           : IntAlu : 
75180000: system.cpu T0 : 0x12002dbc8    : nop        (ldq_u      r31,0(r30)) : No_OpClass : 
75180000: system.cpu T0 : 0x12002dbcc    : nop        (ldq_u      r31,0(r30)) : No_OpClass : 
75180000: system.cpu T0 : 0x12002dbd0    : lda        r1,1(r0)        : IntAlu :  D=0x000000012035cf25
75181000: system.cpu T0 : 0x12002dbd4    : cmoveq     r1,0,r0         : IntAlu :  D=0x000000012035cf24
75182000: system.cpu T0 : 0x12002dbd8    : ldq        r26,0(r30)      : MemRead :  D=0x000000012002b81c A=0x11ff91b80
75182000: system.cpu T0 : 0x12002dbdc    : lda        r30,16(r30)     : IntAlu :  D=0x000000011ff91b90
75184000: system.cpu T0 : 0x12002dbe0    : ret        (r26)           : IntAlu : 
75606000: system.cpu T0 : 0x12002b81c    : ldah       r29,10(r26)     : IntAlu :  D=0x00000001200cb81c
75607000: system.cpu T0 : 0x12002b820    : lda        r29,-12276(r29) : IntAlu :  D=0x00000001200c8828
75607000: system.cpu T0 : 0x12002b824    : bis        r31,r0,r10      : IntAlu :  D=0x000000012035cf24
75607000: system.cpu T0 : 0x12002b828    : bne        r0,0x12002b84c  : IntAlu : 
76032000: system.cpu T0 : 0x12002b84c    : lda        r1,-29688(r29)  : IntAlu :  D=0x00000001200c1430
76456000: system.cpu T0 : 0x12002b850    : ldq        r27,0(r1)       : MemRead :  D=0x0000000000000000 A=0x1200c1430
76458000: system.cpu T0 : 0x12002b854    : beq        r27,0x12002b898 : IntAlu : 
76884000: system.cpu T0 : 0x12002b898    : stq        r11,96(r13)     : MemWrite :  D=0x000000012033af30 A=0x1200c3688
76884000: system.cpu T0 : 0x12002b89c    : addq       r10,r9,r1       : IntAlu :  D=0x000000012035e000
76885000: system.cpu T0 : 0x12002b8a0    : subq       r1,r11,r1       : IntAlu :  D=0x00000000000230d0
76886000: system.cpu T0 : 0x12002b8a4    : bis        r1,1,r1         : IntAlu :  D=0x00000000000230d1
76887000: system.cpu T0 : 0x12002b8a8    : stq        r1,8(r11)       : MemWrite :  D=0x00000000000230d1 A=0x12033af38
77333000: system.cpu T0 : 0x12002b8ac    : ldq        r1,2168(r13)    : MemRead :  D=0x0000000000022000 A=0x1200c3ea0
77335000: system.cpu T0 : 0x12002b8b0    : addq       r1,r9,r1        : IntAlu :  D=0x00000000000230dc
77336000: system.cpu T0 : 0x12002b8b4    : stq        r1,2168(r13)    : MemWrite :  D=0x00000000000230dc A=0x1200c3ea0
77336000: system.cpu T0 : 0x12002b8b8    : beq        r14,0x12002b8f4 : IntAlu : 
77340000: system.cpu T0 : 0x12002b8f4    : ldq        r2,2168(r13)    : MemRead :  D=0x00000000000230dc A=0x1200c3ea0
77341000: system.cpu T0 : 0x12002b8f8    : ldq        r1,2176(r13)    : MemRead :  D=0x0000000000000000 A=0x1200c3ea8
77343000: system.cpu T0 : 0x12002b8fc    : cmpule     r2,r1,r1        : IntAlu :  D=0x0000000000000000
77765000: system.cpu T0 : 0x12002b900    : bne        r1,0x12002b908  : IntAlu : 
77765000: system.cpu T0 : 0x12002b904    : stq        r2,2176(r13)    : MemWrite :  D=0x00000000000230dc A=0x1200c3ea8
77767000: system.cpu T0 : 0x12002b908    : ldq        r0,96(r13)      : MemRead :  D=0x000000012033af30 A=0x1200c3688
77770000: system.cpu T0 : 0x12002b90c    : ldq        r1,8(r0)        : MemRead :  D=0x00000000000230d1 A=0x12033af38
77772000: system.cpu T0 : 0x12002b910    : bic        r1,7,r16        : IntAlu :  D=0x00000000000230d0
77773000: system.cpu T0 : 0x12002b914    : ldq        r2,72(r30)      : MemRead :  D=0x0000000000000040 A=0x11ff91bd8
77775000: system.cpu T0 : 0x12002b918    : cmpule     r2,r16,r1       : IntAlu :  D=0x0000000000000001
77776000: system.cpu T0 : 0x12002b91c    : beq        r1,0x12002b95c  : IntAlu : 
77776000: system.cpu T0 : 0x12002b920    : addq       r0,r15,r3       : IntAlu :  D=0x000000012033af50
77777000: system.cpu T0 : 0x12002b924    : stq        r3,96(r13)      : MemWrite :  D=0x000000012033af50 A=0x1200c3688
77777000: system.cpu T0 : 0x12002b928    : ldah       r1,0(r29)       : IntAlu :  D=0x00000001200c8828
77778000: system.cpu T0 : 0x12002b92c    : lda        r1,-20992(r1)   : IntAlu :  D=0x00000001200c3628
77779000: system.cpu T0 : 0x12002b930    : cmpeq      r13,r1,r1       : IntAlu :  D=0x0000000000000001
77780000: system.cpu T0 : 0x12002b934    : cmpeq      r1,0,r1         : IntAlu :  D=0x0000000000000000
77781000: system.cpu T0 : 0x12002b938    : s4addq     r1,0,r1         : IntAlu :  D=0x0000000000000000
77781000: system.cpu T0 : 0x12002b93c    : bis        r15,1,r2        : IntAlu :  D=0x0000000000000021
78201000: system.cpu T0 : 0x12002b940    : bis        r2,r1,r2        : IntAlu :  D=0x0000000000000021
78202000: system.cpu T0 : 0x12002b944    : stq        r2,8(r0)        : MemWrite :  D=0x0000000000000021 A=0x12033af38
78202000: system.cpu T0 : 0x12002b948    : subq       r16,r15,r1      : IntAlu :  D=0x00000000000230b0
78203000: system.cpu T0 : 0x12002b94c    : bis        r1,1,r1         : IntAlu :  D=0x00000000000230b1
78204000: system.cpu T0 : 0x12002b950    : stq        r1,8(r3)        : MemWrite :  D=0x00000000000230b1 A=0x12033af58
78204000: system.cpu T0 : 0x12002b954    : lda        r10,16(r0)      : IntAlu :  D=0x000000012033af40
78204000: system.cpu T0 : 0x12002b958    : br         0x12002b974     : IntAlu : 
78207000: system.cpu T0 : 0x12002b974    : ldah       r1,0(r29)       : IntAlu :  D=0x00000001200c8828
78645000: system.cpu T0 : 0x12002b978    : ldl        r17,-29672(r1)  : MemRead :  D=0x0000000000000000 A=0x1200c1440
78645000: system.cpu T0 : 0x12002b97c    : bis        r31,r10,r9      : IntAlu :  D=0x000000012033af40
78647000: system.cpu T0 : 0x12002b980    : beq        r17,0x12002b9a8 : IntAlu : 
78650000: system.cpu T0 : 0x12002b9a8    : bis        r31,r9,r0       : IntAlu :  D=0x000000012033af40
79083000: system.cpu T0 : 0x12002b9ac    : ldq        r26,0(r30)      : MemRead :  D=0x000000012002caac A=0x11ff91b90
79090000: system.cpu T0 : 0x12002b9b0    : ldq        r9,8(r30)       : MemRead :  D=0x00000001200c3628 A=0x11ff91b98
79091000: system.cpu T0 : 0x12002b9b4    : ldq        r10,16(r30)     : MemRead :  D=0x000000011ff92008 A=0x11ff91ba0
79091000: system.cpu T0 : 0x12002b9b8    : ldq        r11,24(r30)     : MemRead :  D=0x0000000000000018 A=0x11ff91ba8
79091000: system.cpu T0 : 0x12002b9bc    : ldq        r12,32(r30)     : MemRead :  D=0x000000012001e450 A=0x11ff91bb0
79091000: system.cpu T0 : 0x12002b9c0    : ldq        r13,40(r30)     : MemRead :  D=0x000000012001e4c0 A=0x11ff91bb8
79092000: system.cpu T0 : 0x12002b9c4    : ldq        r14,48(r30)     : MemRead :  D=0x0000000000000000 A=0x11ff91bc0
79093000: system.cpu T0 : 0x12002b9c8    : ldq        r15,56(r30)     : MemRead :  D=0x000000011ff91c90 A=0x11ff91bc8
79093000: system.cpu T0 : 0x12002b9cc    : lda        r30,176(r30)    : IntAlu :  D=0x000000011ff91c40
79093000: system.cpu T0 : 0x12002b9d0    : ret        (r26)           : IntAlu : 
79503000: system.cpu T0 : 0x12002caac    : bis        r31,r0,r10      : IntAlu :  D=0x000000012033af40
79503000: system.cpu T0 : 0x12002cab0    : bne        r0,0x12002cc38  : IntAlu : 
79936000: system.cpu T0 : 0x12002cc38    : mb                         : MemRead : 
79951000: system.cpu T0 : 0x12002cc3c    : ldl_l      r1,0(r9)        : MemRead :  D=0x0000000000000001 A=0x1200c3628
79951000: system.cpu T0 : 0x12002cc40    : bis        r31,0,r2        : IntAlu :  D=0x0000000000000000
79951000: system.cpu T0 : 0x12002cc44    : stl_c      r2,0(r9)        : MemWrite :  D=0x0000000000000000 A=0x1200c3628
79954000: system.cpu T0 : 0x12002cc48    : beq        r2,0x12002cc3c  : IntAlu : 
79958000: system.cpu T0 : 0x12002cc3c    : ldl_l      r1,0(r9)        : MemRead :  D=0x0000000000000001 A=0x1200c3628
79958000: system.cpu T0 : 0x12002cc40    : bis        r31,0,r2        : IntAlu :  D=0x0000000000000000
79959000: system.cpu T0 : 0x12002cc44    : stl_c      r2,0(r9)        : MemWrite :  D=0x0000000000000001 A=0x1200c3628
79962000: system.cpu T0 : 0x12002cc48    : beq        r2,0x12002cc3c  : IntAlu : 
79965000: system.cpu T0 : 0x12002cc4c    : addl       r31,r1,r1       : IntAlu :  D=0x0000000000000001
79966000: system.cpu T0 : 0x12002cc50    : cmple      r1,1,r1         : IntAlu :  D=0x0000000000000001
79967000: system.cpu T0 : 0x12002cc54    : bne        r1,0x12002cc70  : IntAlu : 
79970000: system.cpu T0 : 0x12002cc70    : bis        r31,r10,r0      : IntAlu :  D=0x000000012033af40
80400000: system.cpu T0 : 0x12002cc74    : ldq        r26,0(r30)      : MemRead :  D=0x000000012002ccb8 A=0x11ff91c40
80407000: system.cpu T0 : 0x12002cc78    : ldq        r9,8(r30)       : MemRead :  D=0x0000000000000018 A=0x11ff91c48
80408000: system.cpu T0 : 0x12002cc7c    : ldq        r10,16(r30)     : MemRead :  D=0x000000011ff92008 A=0x11ff91c50
80408000: system.cpu T0 : 0x12002cc80    : ldq        r11,24(r30)     : MemRead :  D=0x0000000000000018 A=0x11ff91c58
80408000: system.cpu T0 : 0x12002cc84    : lda        r30,32(r30)     : IntAlu :  D=0x000000011ff91c60
80408000: system.cpu T0 : 0x12002cc88    : ret        (r26)           : IntAlu : 
80409000: system.cpu T0 : 0x12002ccb8    : ldq        r26,0(r30)      : MemRead :  D=0x000000012002ca40 A=0x11ff91c60
80410000: system.cpu T0 : 0x12002ccbc    : ldq        r9,8(r30)       : MemRead :  D=0x0000000000000002 A=0x11ff91c68
80820000: system.cpu T0 : 0x12002ccc0    : lda        r30,16(r30)     : IntAlu :  D=0x000000011ff91c70
80820000: system.cpu T0 : 0x12002ccc4    : ret        (r26)           : IntAlu : 
81245000: system.cpu T0 : 0x12002ca40    : ldah       r29,10(r26)     : IntAlu :  D=0x00000001200cca40
81246000: system.cpu T0 : 0x12002ca44    : lda        r29,-16920(r29) : IntAlu :  D=0x00000001200c8828
81246000: system.cpu T0 : 0x12002ca48    : bis        r31,r0,r10      : IntAlu :  D=0x000000012033af40
81246000: system.cpu T0 : 0x12002ca4c    : br         0x12002cc70     : IntAlu : 
81249000: system.cpu T0 : 0x12002cc70    : bis        r31,r10,r0      : IntAlu :  D=0x000000012033af40
81250000: system.cpu T0 : 0x12002cc74    : ldq        r26,0(r30)      : MemRead :  D=0x0000000120065cdc A=0x11ff91c70
81251000: system.cpu T0 : 0x12002cc78    : ldq        r9,8(r30)       : MemRead :  D=0x0000000000000002 A=0x11ff91c78
81681000: system.cpu T0 : 0x12002cc7c    : ldq        r10,16(r30)     : MemRead :  D=0x000000011ff92008 A=0x11ff91c80
81688000: system.cpu T0 : 0x12002cc80    : ldq        r11,24(r30)     : MemRead :  D=0x0000000000000000 A=0x11ff91c88
81688000: system.cpu T0 : 0x12002cc84    : lda        r30,32(r30)     : IntAlu :  D=0x000000011ff91c90
81688000: system.cpu T0 : 0x12002cc88    : ret        (r26)           : IntAlu : 
81688000: system.cpu T0 : 0x120065cdc    : nop        (ldq_u      r31,0(r30)) : No_OpClass : 
81689000: system.cpu T0 : 0x120065ce0    : nop        (ldq_u      r31,0(r30)) : No_OpClass : 
81689000: system.cpu T0 : 0x120065ce4    : bis        r31,r0,r10      : IntAlu :  D=0x000000012033af40
81689000: system.cpu T0 : 0x120065ce8    : ldah       r1,-1(r29)      : IntAlu :  D=0x00000001200b8828
81689000: system.cpu T0 : 0x120065cec    : stq        r0,26128(r1)    : MemWrite :  D=0x000000012033af40 A=0x1200bee38
81690000: system.cpu T0 : 0x120065cf0    : bne        r0,0x120065d10  : IntAlu : 
82101000: system.cpu T0 : 0x120065d10    : ldah       r1,-1(r29)      : IntAlu :  D=0x00000001200b8828
82119000: system.cpu T0 : 0x120065d14    : ldq        r1,26112(r1)    : MemRead :  D=0x0000000000000001 A=0x1200bee28
82121000: system.cpu T0 : 0x120065d18    : s4addq     r1,79,r1        : IntAlu :  D=0x0000000000000053
82121000: system.cpu T0 : 0x120065d1c    : ldah       r2,-3(r29)      : IntAlu :  D=0x0000000120098828
82122000: system.cpu T0 : 0x120065d20    : ldq        r2,29128(r2)    : MemRead :  A=0x12009f9f0
82552000: system.cpu T0 : 0x120065d20    : ldq        r2,29128(r2)    : MemRead :  D=0xcccccccccccccccd A=0x12009f9f0
82554000: system.cpu T0 : 0x120065d24    : umulh      r1,r2,r1        : IntMult :  D=0x0000000000000042
82556000: system.cpu T0 : 0x120065d28    : srl        r1,5,r9         : IntAlu :  D=0x0000000000000002
82557000: system.cpu T0 : 0x120065d2c    : s4addq     r9,r9,r16       : IntAlu :  D=0x000000000000000a
82558000: system.cpu T0 : 0x120065d30    : sll        r16,7,r16       : IntAlu :  D=0x0000000000000500
82558000: system.cpu T0 : 0x120065d34    : nop        (ldq_u      r31,0(r30)) : No_OpClass : 
82558000: system.cpu T0 : 0x120065d38    : bsr        r26,0x12002ca14 : IntAlu :  D=0x0000000120065d3c
82984000: system.cpu T0 : 0x12002ca14    : lda        r30,-32(r30)    : IntAlu :  D=0x000000011ff91c70
82984000: system.cpu T0 : 0x12002ca18    : stq        r26,0(r30)      : MemWrite :  D=0x0000000120065d3c A=0x11ff91c70
82984000: system.cpu T0 : 0x12002ca1c    : stq        r9,8(r30)       : MemWrite :  D=0x0000000000000002 A=0x11ff91c78
82984000: system.cpu T0 : 0x12002ca20    : stq        r10,16(r30)     : MemWrite :  D=0x000000012033af40 A=0x11ff91c80
82985000: system.cpu T0 : 0x12002ca24    : stq        r11,24(r30)     : MemWrite :  D=0x0000000000000000 A=0x11ff91c88
82985000: system.cpu T0 : 0x12002ca28    : bis        r31,r26,r17     : IntAlu :  D=0x0000000120065d3c
82985000: system.cpu T0 : 0x12002ca2c    : bis        r31,r16,r11     : IntAlu :  D=0x0000000000000500
82985000: system.cpu T0 : 0x12002ca30    : lda        r1,-30056(r29)  : IntAlu :  D=0x00000001200c12c0
83409000: system.cpu T0 : 0x12002ca34    : ldq        r27,0(r1)       : MemRead :  D=0x0000000000000000 A=0x1200c12c0
83411000: system.cpu T0 : 0x12002ca38    : beq        r27,0x12002ca50 : IntAlu : 
83414000: system.cpu T0 : 0x12002ca50    : lda        r1,80(r31)      : IntAlu :  D=0x0000000000000050
83417000: system.cpu T0 : 0x12002ca54    : call_pal   rduniq          : IntAlu :  D=0x000000012033a6b0
83418000: system.cpu T0 : 0x12002ca58    : addq       r0,r1,r0        : IntAlu :  D=0x000000012033a700
83842000: system.cpu T0 : 0x12002ca5c    : ldq        r9,0(r0)        : MemRead :  D=0x00000001200c3628 A=0x12033a700
83844000: system.cpu T0 : 0x12002ca60    : beq        r9,0x12002ca88  : IntAlu : 
83861000: system.cpu T0 : 0x12002ca64    : ldl_l      r1,0(r9)        : MemRead :  D=0x0000000000000000 A=0x1200c3628
83863000: system.cpu T0 : 0x12002ca68    : cmpeq      r1,0,r2         : IntAlu :  D=0x0000000000000001
83864000: system.cpu T0 : 0x12002ca6c    : beq        r2,0x12002ca80  : IntAlu : 
83864000: system.cpu T0 : 0x12002ca70    : bis        r31,1,r2        : IntAlu :  D=0x0000000000000001
83866000: system.cpu T0 : 0x12002ca74    : stl_c      r2,0(r9)        : MemWrite :  D=0x0000000000000001 A=0x1200c3628
83869000: system.cpu T0 : 0x12002ca78    : beq        r2,0x12002ca64  : IntAlu : 
83869000: system.cpu T0 : 0x12002ca7c    : mb                         : MemRead : 
83869000: system.cpu T0 : 0x12002ca80    : addl       r31,r1,r1       : IntAlu :  D=0x0000000000000000
83870000: system.cpu T0 : 0x12002ca84    : beq        r1,0x12002caa0  : IntAlu : 
83873000: system.cpu T0 : 0x12002caa0    : bis        r31,r9,r16      : IntAlu :  D=0x00000001200c3628
83873000: system.cpu T0 : 0x12002caa4    : bis        r31,r11,r17     : IntAlu :  D=0x0000000000000500
83873000: system.cpu T0 : 0x12002caa8    : bsr        r26,0x12002a93c : IntAlu :  D=0x000000012002caac
84296000: system.cpu T0 : 0x12002a93c    : lda        r30,-176(r30)   : IntAlu :  D=0x000000011ff91bc0
84304000: system.cpu T0 : 0x12002a940    : stq        r26,0(r30)      : MemWrite :  D=0x000000012002caac A=0x11ff91bc0
84304000: system.cpu T0 : 0x12002a944    : stq        r9,8(r30)       : MemWrite :  D=0x00000001200c3628 A=0x11ff91bc8
84304000: system.cpu T0 : 0x12002a948    : stq        r10,16(r30)     : MemWrite :  D=0x000000012033af40 A=0x11ff91bd0
84304000: system.cpu T0 : 0x12002a94c    : stq        r11,24(r30)     : MemWrite :  D=0x0000000000000500 A=0x11ff91bd8
84305000: system.cpu T0 : 0x12002a950    : stq        r12,32(r30)     : MemWrite :  D=0x000000012001e450 A=0x11ff91be0
84305000: system.cpu T0 : 0x12002a954    : stq        r13,40(r30)     : MemWrite :  D=0x000000012001e4c0 A=0x11ff91be8
84305000: system.cpu T0 : 0x12002a958    : stq        r14,48(r30)     : MemWrite :  D=0x0000000000000000 A=0x11ff91bf0
84305000: system.cpu T0 : 0x12002a95c    : stq        r15,56(r30)     : MemWrite :  D=0x000000011ff91c90 A=0x11ff91bf8
84306000: system.cpu T0 : 0x12002a960    : bis        r31,r16,r13     : IntAlu :  D=0x00000001200c3628
84306000: system.cpu T0 : 0x12002a964    : stq        r17,104(r30)    : MemWrite :  D=0x0000000000000500 A=0x11ff91c28
84306000: system.cpu T0 : 0x12002a968    : lda        r1,-65(r31)     : IntAlu :  D=0xffffffffffffffbf
84307000: system.cpu T0 : 0x12002a96c    : cmpule     r17,r1,r1       : IntAlu :  D=0x0000000000000001
84308000: system.cpu T0 : 0x12002a970    : bne        r1,0x12002a990  : IntAlu : 
84737000: system.cpu T0 : 0x12002a990    : ldq        r2,104(r30)     : MemRead :  D=0x0000000000000500 A=0x11ff91c28
84739000: system.cpu T0 : 0x12002a994    : lda        r1,23(r2)       : IntAlu :  D=0x0000000000000517
84740000: system.cpu T0 : 0x12002a998    : cmpule     r1,31,r2        : IntAlu :  D=0x0000000000000000
84740000: system.cpu T0 : 0x12002a99c    : bic        r1,15,r1        : IntAlu :  D=0x0000000000000510
84740000: system.cpu T0 : 0x12002a9a0    : lda        r15,32(r31)     : IntAlu :  D=0x0000000000000020
84741000: system.cpu T0 : 0x12002a9a4    : cmoveq     r2,r1,r15       : IntAlu :  D=0x0000000000000510
84741000: system.cpu T0 : 0x12002a9a8    : ldah       r1,0(r29)       : IntAlu :  D=0x00000001200c8828
85172000: system.cpu T0 : 0x12002a9ac    : ldq        r1,-29680(r1)   : MemRead :  D=0x0000000000000050 A=0x1200c1438
85174000: system.cpu T0 : 0x12002a9b0    : cmpule     r15,r1,r1       : IntAlu :  D=0x0000000000000000
85175000: system.cpu T0 : 0x12002a9b4    : beq        r1,0x12002aa4c  : IntAlu : 
85178000: system.cpu T0 : 0x12002aa4c    : lda        r1,1023(r31)    : IntAlu :  D=0x00000000000003ff
85179000: system.cpu T0 : 0x12002aa50    : cmpule     r15,r1,r1       : IntAlu :  D=0x0000000000000000
85180000: system.cpu T0 : 0x12002aa54    : beq        r1,0x12002ab18  : IntAlu : 
85606000: system.cpu T0 : 0x12002ab18    : srl        r15,6,r1        : IntAlu :  D=0x0000000000000014
85607000: system.cpu T0 : 0x12002ab1c    : cmpule     r1,48,r2        : IntAlu :  D=0x0000000000000001
85607000: system.cpu T0 : 0x12002ab20    : addl       r1,48,r1        : IntAlu :  D=0x0000000000000044
85608000: system.cpu T0 : 0x12002ab24    : stq        r1,96(r30)      : MemWrite :  D=0x0000000000000044 A=0x11ff91c20
85608000: system.cpu T0 : 0x12002ab28    : bne        r2,0x12002ab7c  : IntAlu : 
86047000: system.cpu T0 : 0x12002ab7c    : ldl        r1,4(r13)       : MemRead :  D=0x0000000000000001 A=0x1200c362c
86049000: system.cpu T0 : 0x12002ab80    : blbs       r1,0x12002ab8c  : IntAlu : 
86052000: system.cpu T0 : 0x12002ab8c    : lda        r11,96(r13)     : IntAlu :  D=0x00000001200c3688
86052000: system.cpu T0 : 0x12002ab90    : lda        r14,112(r13)    : IntAlu :  D=0x00000001200c3698
86052000: system.cpu T0 : 0x12002ab94    : zapnot     r15,15,r1       : IntAlu :  D=0x0000000000000510
86052000: system.cpu T0 : 0x12002ab98    : lda        r4,1023(r31)    : IntAlu :  D=0x00000000000003ff
86053000: system.cpu T0 : 0x12002ab9c    : cmpule     r15,r4,r4       : IntAlu :  D=0x0000000000000000
86054000: system.cpu T0 : 0x12002aba0    : stq        r4,112(r30)     : MemWrite :  D=0x0000000000000000 A=0x11ff91c30
86054000: system.cpu T0 : 0x12002aba4    : lda        r2,32(r15)      : IntAlu :  D=0x0000000000000530
86055000: system.cpu T0 : 0x12002aba8    : stq        r2,120(r30)     : MemWrite :  D=0x0000000000000530 A=0x11ff91c38
86055000: system.cpu T0 : 0x12002abac    : lda        r3,1(r31)       : IntAlu :  D=0x0000000000000001
86056000: system.cpu T0 : 0x12002abb0    : stq        r3,128(r30)     : MemWrite :  D=0x0000000000000001 A=0x11ff91c40
86056000: system.cpu T0 : 0x12002abb4    : ldah       r2,-3(r29)      : IntAlu :  D=0x0000000120098828
86057000: system.cpu T0 : 0x12002abb8    : lda        r2,-26501(r2)   : IntAlu :  D=0x00000001200920a3
86058000: system.cpu T0 : 0x12002abbc    : stq        r2,136(r30)     : MemWrite :  D=0x00000001200920a3 A=0x11ff91c48
86484000: system.cpu T0 : 0x12002abc0    : ldah       r2,-32768(r31)  : IntAlu :  D=0xffffffff80000000
86485000: system.cpu T0 : 0x12002abc4    : ornot      r31,r2,r2       : IntAlu :  D=0x000000007fffffff
86486000: system.cpu T0 : 0x12002abc8    : stl        r2,144(r30)     : MemWrite :  D=0x000000007fffffff A=0x11ff91c50
86486000: system.cpu T0 : 0x12002abcc    : srl        r1,4,r1         : IntAlu :  D=0x0000000000000051
86487000: system.cpu T0 : 0x12002abd0    : stq        r1,160(r30)     : MemWrite :  D=0x0000000000000051 A=0x11ff91c60
86487000: system.cpu T0 : 0x12002abd4    : bis        r31,r31,r12     : IntAlu :  D=0x0000000000000000
86487000: system.cpu T0 : 0x12002abd8    : br         0x12002aebc     : IntAlu : 
87335000: system.cpu T0 : 0x12002aebc    : ldq        r9,24(r11)      : MemRead :  D=0x00000001200c3688 A=0x1200c36a0
87337000: system.cpu T0 : 0x12002aec0    : cmpeq      r11,r9,r1       : IntAlu :  D=0x0000000000000001
87338000: system.cpu T0 : 0x12002aec4    : beq        r1,0x12002abdc  : IntAlu : 
87339000: system.cpu T0 : 0x12002aec8    : ldq        r4,112(r30)     : MemRead :  D=0x0000000000000000 A=0x11ff91c30
87341000: system.cpu T0 : 0x12002aecc    : bne        r4,0x12002b0cc  : IntAlu : 
87345000: system.cpu T0 : 0x12002aed0    : ldq        r2,96(r30)      : MemRead :  D=0x0000000000000044 A=0x11ff91c20
87346000: system.cpu T0 : 0x12002aed4    : ldl        r3,144(r30)     : MemRead :  D=0x000000007fffffff A=0x11ff91c50
87348000: system.cpu T0 : 0x12002aed8    : addq       r2,r3,r1        : IntAlu :  D=0x0000000080000043
87349000: system.cpu T0 : 0x12002aedc    : addq       r1,r1,r1        : IntAlu :  D=0x0000000100000086
87350000: system.cpu T0 : 0x12002aee0    : zapnot     r1,15,r1        : IntAlu :  D=0x0000000000000086
87351000: system.cpu T0 : 0x12002aee4    : s8subq     r1,16,r1        : IntAlu :  D=0x0000000000000420
87352000: system.cpu T0 : 0x12002aee8    : addq       r14,r1,r3       : IntAlu :  D=0x00000001200c3ab8
87780000: system.cpu T0 : 0x12002aeec    : ldq        r2,16(r3)       : MemRead :  D=0x00000001200c3ab8 A=0x1200c3ac8
87782000: system.cpu T0 : 0x12002aef0    : cmpeq      r2,r3,r1        : IntAlu :  D=0x0000000000000001
87783000: system.cpu T0 : 0x12002aef4    : bne        r1,0x12002b0cc  : IntAlu : 
87788000: system.cpu T0 : 0x12002b0cc    : ldq        r4,96(r30)      : MemRead :  D=0x0000000000000044 A=0x11ff91c20
87790000: system.cpu T0 : 0x12002b0d0    : addl       r4,1,r2         : IntAlu :  D=0x0000000000000045
87791000: system.cpu T0 : 0x12002b0d4    : bis        r31,r2,r3       : IntAlu :  D=0x0000000000000045
87792000: system.cpu T0 : 0x12002b0d8    : ldl        r4,144(r30)     : MemRead :  D=0x000000007fffffff A=0x11ff91c50
87794000: system.cpu T0 : 0x12002b0dc    : addq       r2,r4,r1        : IntAlu :  D=0x0000000080000044
87795000: system.cpu T0 : 0x12002b0e0    : addq       r1,r1,r1        : IntAlu :  D=0x0000000100000088
87796000: system.cpu T0 : 0x12002b0e4    : zapnot     r1,15,r1        : IntAlu :  D=0x0000000000000088
87797000: system.cpu T0 : 0x12002b0e8    : s8subq     r1,16,r1        : IntAlu :  D=0x0000000000000430
87798000: system.cpu T0 : 0x12002b0ec    : addq       r14,r1,r4       : IntAlu :  D=0x00000001200c3ac8
87798000: system.cpu T0 : 0x12002b0f0    : zapnot     r2,15,r2        : IntAlu :  D=0x0000000000000045
87799000: system.cpu T0 : 0x12002b0f4    : srl        r2,5,r6         : IntAlu :  D=0x0000000000000002
87800000: system.cpu T0 : 0x12002b0f8    : s4addq     r6,r13,r1       : IntAlu :  D=0x00000001200c3630
88224000: system.cpu T0 : 0x12002b0fc    : ldl        r5,2144(r1)     : MemRead :  D=0x0000000000000000 A=0x1200c3e90
88224000: system.cpu T0 : 0x12002b100    : and        r3,31,r3        : IntAlu :  D=0x0000000000000005
88224000: system.cpu T0 : 0x12002b104    : lda        r1,1(r31)       : IntAlu :  D=0x0000000000000001
88224000: system.cpu T0 : 0x12002b108    : sll        r1,r3,r3        : IntAlu :  D=0x0000000000000020
88225000: system.cpu T0 : 0x12002b10c    : addl       r31,r3,r3       : IntAlu :  D=0x0000000000000020
88225000: system.cpu T0 : 0x12002b110    : zapnot     r3,15,r2        : IntAlu :  D=0x0000000000000020
88226000: system.cpu T0 : 0x12002b114    : zapnot     r5,15,r1        : IntAlu :  D=0x0000000000000000
88227000: system.cpu T0 : 0x12002b118    : cmpult     r1,r2,r1        : IntAlu :  D=0x0000000000000001
88227000: system.cpu T0 : 0x12002b11c    : cmpeq      r2,0,r2         : IntAlu :  D=0x0000000000000000
88228000: system.cpu T0 : 0x12002b120    : bis        r1,r2,r1        : IntAlu :  D=0x0000000000000001
88229000: system.cpu T0 : 0x12002b124    : blbc       r1,0x12002b160  : IntAlu : 
88229000: system.cpu T0 : 0x12002b128    : addl       r6,1,r6         : IntAlu :  D=0x0000000000000003
88230000: system.cpu T0 : 0x12002b12c    : zapnot     r6,15,r1        : IntAlu :  D=0x0000000000000003
88231000: system.cpu T0 : 0x12002b130    : cmpule     r1,3,r1         : IntAlu :  D=0x0000000000000001
88232000: system.cpu T0 : 0x12002b134    : beq        r1,0x12002b344  : IntAlu : 
88232000: system.cpu T0 : 0x12002b138    : zapnot     r6,15,r1        : IntAlu :  D=0x0000000000000003
88233000: system.cpu T0 : 0x12002b13c    : s4addq     r1,r13,r1       : IntAlu :  D=0x00000001200c3634
88657000: system.cpu T0 : 0x12002b140    : ldl        r5,2144(r1)     : MemRead :  D=0x0000000000000000 A=0x1200c3e94
88659000: system.cpu T0 : 0x12002b144    : beq        r5,0x12002b128  : IntAlu : 
88662000: system.cpu T0 : 0x12002b128    : addl       r6,1,r6         : IntAlu :  D=0x0000000000000004
88663000: system.cpu T0 : 0x12002b12c    : zapnot     r6,15,r1        : IntAlu :  D=0x0000000000000004
88664000: system.cpu T0 : 0x12002b130    : cmpule     r1,3,r1         : IntAlu :  D=0x0000000000000000
88665000: system.cpu T0 : 0x12002b134    : beq        r1,0x12002b344  : IntAlu : 
89092000: system.cpu T0 : 0x12002b344    : ldq        r16,96(r13)     : MemRead :  D=0x000000012033af50 A=0x1200c3688
89526000: system.cpu T0 : 0x12002b348    : ldq        r1,8(r16)       : MemRead :  D=0x00000000000230b1 A=0x12033af58
89528000: system.cpu T0 : 0x12002b34c    : bic        r1,7,r4         : IntAlu :  D=0x00000000000230b0
89529000: system.cpu T0 : 0x12002b350    : ldq        r2,120(r30)     : MemRead :  D=0x0000000000000530 A=0x11ff91c38
89531000: system.cpu T0 : 0x12002b354    : stq        r2,72(r30)      : MemWrite :  D=0x0000000000000530 A=0x11ff91c08
89531000: system.cpu T0 : 0x12002b358    : cmpult     r4,r2,r1        : IntAlu :  D=0x0000000000000000
89532000: system.cpu T0 : 0x12002b35c    : bne        r1,0x12002b3d0  : IntAlu : 
89535000: system.cpu T0 : 0x12002b360    : addq       r16,r15,r3      : IntAlu :  D=0x000000012033b460
89536000: system.cpu T0 : 0x12002b364    : stq        r3,96(r13)      : MemWrite :  D=0x000000012033b460 A=0x1200c3688
89536000: system.cpu T0 : 0x12002b368    : ldah       r1,0(r29)       : IntAlu :  D=0x00000001200c8828
89537000: system.cpu T0 : 0x12002b36c    : lda        r1,-20992(r1)   : IntAlu :  D=0x00000001200c3628
89538000: system.cpu T0 : 0x12002b370    : cmpeq      r13,r1,r1       : IntAlu :  D=0x0000000000000001
89539000: system.cpu T0 : 0x12002b374    : cmpeq      r1,0,r1         : IntAlu :  D=0x0000000000000000
89540000: system.cpu T0 : 0x12002b378    : s4addq     r1,0,r1         : IntAlu :  D=0x0000000000000000
89540000: system.cpu T0 : 0x12002b37c    : bis        r15,1,r2        : IntAlu :  D=0x0000000000000511
89960000: system.cpu T0 : 0x12002b380    : bis        r2,r1,r2        : IntAlu :  D=0x0000000000000511
89961000: system.cpu T0 : 0x12002b384    : stq        r2,8(r16)       : MemWrite :  D=0x0000000000000511 A=0x12033af58
89961000: system.cpu T0 : 0x12002b388    : subq       r4,r15,r1       : IntAlu :  D=0x0000000000022ba0
89962000: system.cpu T0 : 0x12002b38c    : bis        r1,1,r1         : IntAlu :  D=0x0000000000022ba1
89963000: system.cpu T0 : 0x12002b390    : stq        r1,8(r3)        : MemWrite :  D=0x0000000000022ba1 A=0x12033b468
89963000: system.cpu T0 : 0x12002b394    : lda        r10,16(r16)     : IntAlu :  D=0x000000012033af60
89963000: system.cpu T0 : 0x12002b398    : ldah       r1,0(r29)       : IntAlu :  D=0x00000001200c8828
90395000: system.cpu T0 : 0x12002b39c    : ldl        r17,-29672(r1)  : MemRead :  D=0x0000000000000000 A=0x1200c1440
90395000: system.cpu T0 : 0x12002b3a0    : bis        r31,r10,r9      : IntAlu :  D=0x000000012033af60
90397000: system.cpu T0 : 0x12002b3a4    : beq        r17,0x12002b9a8 : IntAlu : 
90827000: system.cpu T0 : 0x12002b9a8    : bis        r31,r9,r0       : IntAlu :  D=0x000000012033af60
90828000: system.cpu T0 : 0x12002b9ac    : ldq        r26,0(r30)      : MemRead :  D=0x000000012002caac A=0x11ff91bc0
90829000: system.cpu T0 : 0x12002b9b0    : ldq        r9,8(r30)       : MemRead :  D=0x00000001200c3628 A=0x11ff91bc8
90829000: system.cpu T0 : 0x12002b9b4    : ldq        r10,16(r30)     : MemRead :  D=0x000000012033af40 A=0x11ff91bd0
90829000: system.cpu T0 : 0x12002b9b8    : ldq        r11,24(r30)     : MemRead :  D=0x0000000000000500 A=0x11ff91bd8
90830000: system.cpu T0 : 0x12002b9bc    : ldq        r12,32(r30)     : MemRead :  D=0x000000012001e450 A=0x11ff91be0
91252000: system.cpu T0 : 0x12002b9c0    : ldq        r13,40(r30)     : MemRead :  D=0x000000012001e4c0 A=0x11ff91be8
91253000: system.cpu T0 : 0x12002b9c4    : ldq        r14,48(r30)     : MemRead :  D=0x0000000000000000 A=0x11ff91bf0
91253000: system.cpu T0 : 0x12002b9c8    : ldq        r15,56(r30)     : MemRead :  D=0x000000011ff91c90 A=0x11ff91bf8
91253000: system.cpu T0 : 0x12002b9cc    : lda        r30,176(r30)    : IntAlu :  D=0x000000011ff91c70
91253000: system.cpu T0 : 0x12002b9d0    : ret        (r26)           : IntAlu : 
91677000: system.cpu T0 : 0x12002caac    : bis        r31,r0,r10      : IntAlu :  D=0x000000012033af60
91677000: system.cpu T0 : 0x12002cab0    : bne        r0,0x12002cc38  : IntAlu : 
92110000: system.cpu T0 : 0x12002cc38    : mb                         : MemRead : 
92111000: system.cpu T0 : 0x12002cc3c    : ldl_l      r1,0(r9)        : MemRead :  D=0x0000000000000001 A=0x1200c3628
92119000: system.cpu T0 : 0x12002cc40    : bis        r31,0,r2        : IntAlu :  D=0x0000000000000000
92121000: system.cpu T0 : 0x12002cc44    : stl_c      r2,0(r9)        : MemWrite :  D=0x0000000000000001 A=0x1200c3628
92124000: system.cpu T0 : 0x12002cc48    : beq        r2,0x12002cc3c  : IntAlu : 
92127000: system.cpu T0 : 0x12002cc4c    : addl       r31,r1,r1       : IntAlu :  D=0x0000000000000001
92128000: system.cpu T0 : 0x12002cc50    : cmple      r1,1,r1         : IntAlu :  D=0x0000000000000001
92129000: system.cpu T0 : 0x12002cc54    : bne        r1,0x12002cc70  : IntAlu : 
92132000: system.cpu T0 : 0x12002cc70    : bis        r31,r10,r0      : IntAlu :  D=0x000000012033af60
92145000: system.cpu T0 : 0x12002cc74    : ldq        r26,0(r30)      : MemRead :  D=0x0000000120065d3c A=0x11ff91c70
92152000: system.cpu T0 : 0x12002cc78    : ldq        r9,8(r30)       : MemRead :  D=0x0000000000000002 A=0x11ff91c78
92562000: system.cpu T0 : 0x12002cc7c    : ldq        r10,16(r30)     : MemRead :  D=0x000000012033af40 A=0x11ff91c80
92569000: system.cpu T0 : 0x12002cc80    : ldq        r11,24(r30)     : MemRead :  D=0x0000000000000000 A=0x11ff91c88
92569000: system.cpu T0 : 0x12002cc84    : lda        r30,32(r30)     : IntAlu :  D=0x000000011ff91c90
92569000: system.cpu T0 : 0x12002cc88    : ret        (r26)           : IntAlu : 
92981000: system.cpu T0 : 0x120065d3c    : nop        (ldq_u      r31,0(r30)) : No_OpClass : 
92990000: system.cpu T0 : 0x120065d40    : nop        (ldq_u      r31,0(r30)) : No_OpClass : 
92990000: system.cpu T0 : 0x120065d44    : stq        r0,0(r10)       : MemWrite :  D=0x000000012033af60 A=0x12033af40
92990000: system.cpu T0 : 0x120065d48    : ldah       r1,-1(r29)      : IntAlu :  D=0x00000001200b8828
93414000: system.cpu T0 : 0x120065d4c    : ldq        r1,26128(r1)    : MemRead :  D=0x000000012033af40 A=0x1200bee38
93417000: system.cpu T0 : 0x120065d50    : ldq        r2,0(r1)        : MemRead :  D=0x000000012033af60 A=0x12033af40
93417000: system.cpu T0 : 0x120065d54    : ldah       r1,-2(r29)      : IntAlu :  D=0x00000001200a8828
93417000: system.cpu T0 : 0x120065d58    : lda        r19,-29632(r1)  : IntAlu :  D=0x00000001200a1468
93419000: system.cpu T0 : 0x120065d5c    : beq        r2,0x120065cfc  : IntAlu : 
93419000: system.cpu T0 : 0x120065d60    : ldah       r2,-1(r29)      : IntAlu :  D=0x00000001200b8828
93420000: system.cpu T0 : 0x120065d64    : lda        r1,26128(r2)    : IntAlu :  D=0x00000001200bee38
93420000: system.cpu T0 : 0x120065d68    : stl        r31,8(r1)       : MemWrite :  D=0x0000000000000000 A=0x1200bee40
93421000: system.cpu T0 : 0x120065d6c    : ldq        r1,26128(r2)    : MemRead :  D=0x000000012033af40 A=0x1200bee38
93424000: system.cpu T0 : 0x120065d70    : ldq        r4,0(r1)        : MemRead :  D=0x000000012033af60 A=0x12033af40
93861000: system.cpu T0 : 0x120065d74    : ldq        r1,-30336(r29)  : MemRead :  D=0x00000001200c1a78 A=0x1200c11a8
93862000: system.cpu T0 : 0x120065d78    : stq        r4,0(r1)        : MemWrite :  D=0x000000012033af60 A=0x1200c1a78
93862000: system.cpu T0 : 0x120065d7c    : s4addq     r9,r9,r1        : IntAlu :  D=0x000000000000000a
93862000: system.cpu T0 : 0x120065d80    : s8addq     r1,0,r22        : IntAlu :  D=0x0000000000000050
93862000: system.cpu T0 : 0x120065d84    : ldah       r1,-2(r29)      : IntAlu :  D=0x00000001200a8828
93863000: system.cpu T0 : 0x120065d88    : lda        r6,-27816(r1)   : IntAlu :  D=0x00000001200a1b80
93863000: system.cpu T0 : 0x120065d8c    : ldah       r1,-2(r29)      : IntAlu :  D=0x00000001200a8828
93864000: system.cpu T0 : 0x120065d90    : lda        r5,-27832(r1)   : IntAlu :  D=0x00000001200a1b70
93864000: system.cpu T0 : 0x120065d94    : ldah       r1,-2(r29)      : IntAlu :  D=0x00000001200a8828
93865000: system.cpu T0 : 0x120065d98    : lda        r28,-28220(r1)  : IntAlu :  D=0x00000001200a19ec
93865000: system.cpu T0 : 0x120065d9c    : ldah       r7,-1(r29)      : IntAlu :  D=0x00000001200b8828
93865000: system.cpu T0 : 0x120065da0    : bis        r31,r31,r25     : IntAlu :  D=0x0000000000000000
93865000: system.cpu T0 : 0x120065da4    : lda        r8,8(r6)        : IntAlu :  D=0x00000001200a1b88
93866000: system.cpu T0 : 0x120065da8    : subq       r31,r22,r24     : IntAlu :  D=0xffffffffffffffb0
93866000: system.cpu T0 : 0x120065dac    : lda        r23,16(r6)      : IntAlu :  D=0x00000001200a1b90
93866000: system.cpu T0 : 0x120065db0    : stq        r4,0(r10)       : MemWrite :  D=0x000000012033af60 A=0x12033af40
93866000: system.cpu T0 : 0x120065db4    : stq        r28,8(r4)       : MemWrite :  D=0x00000001200a19ec A=0x12033af68
93867000: system.cpu T0 : 0x120065db8    : stq        r31,16(r4)      : MemWrite :  D=0x0000000000000000 A=0x12033af70
93867000: system.cpu T0 : 0x120065dbc    : bis        r31,r5,r2       : IntAlu :  D=0x00000001200a1b70
94302000: system.cpu T0 : 0x120065dc0    : stq        r5,24(r4)       : MemWrite :  D=0x00000001200a1b70 A=0x12033af78
94302000: system.cpu T0 : 0x120065dc4    : ldq        r1,0(r6)        : MemRead :  A=0x1200a1b80
94731000: system.cpu T0 : 0x120065dc4    : ldq        r1,0(r6)        : MemRead :  D=0x0000000000000005 A=0x1200a1b80
94733000: system.cpu T0 : 0x120065dc8    : stq        r1,32(r4)       : MemWrite :  D=0x0000000000000005 A=0x12033af80
94733000: system.cpu T0 : 0x120065dcc    : lda        r1,1(r1)        : IntAlu :  D=0x0000000000000006
94734000: system.cpu T0 : 0x120065dd0    : addq       r5,r1,r5        : IntAlu :  D=0x00000001200a1b76
95165000: system.cpu T0 : 0x120065dd4    : ldbu       r1,0(r2)        : MemRead :  D=0x000000000000002f A=0x1200a1b70
95167000: system.cpu T0 : 0x120065dd8    : cmpeq      r1,47,r1        : IntAlu :  D=0x0000000000000001
95168000: system.cpu T0 : 0x120065ddc    : beq        r1,0x120065df4  : IntAlu : 
95169000: system.cpu T0 : 0x120065de0    : ldq        r1,26112(r7)    : MemRead :  D=0x0000000000000001 A=0x1200bee28
95169000: system.cpu T0 : 0x120065de4    : bis        r31,r4,r3       : IntAlu :  D=0x000000012033af60
95169000: system.cpu T0 : 0x120065de8    : bis        r31,r25,r2      : IntAlu :  D=0x0000000000000000
95171000: system.cpu T0 : 0x120065dec    : bne        r1,0x120065e18  : IntAlu : 
95598000: system.cpu T0 : 0x120065e18    : stl        r31,40(r3)      : MemWrite :  D=0x0000000000000000 A=0x12033af88
95598000: system.cpu T0 : 0x120065e1c    : lda        r2,1(r2)        : IntAlu :  D=0x0000000000000001
95598000: system.cpu T0 : 0x120065e20    : lda        r3,4(r3)        : IntAlu :  D=0x000000012033af64
95600000: system.cpu T0 : 0x120065e24    : ldq        r1,26112(r7)    : MemRead :  D=0x0000000000000001 A=0x1200bee28
95602000: system.cpu T0 : 0x120065e28    : cmpule     r1,r2,r1        : IntAlu :  D=0x0000000000000001
95603000: system.cpu T0 : 0x120065e2c    : beq        r1,0x120065e18  : IntAlu : 
95603000: system.cpu T0 : 0x120065e30    : lda        r10,8(r10)      : IntAlu :  D=0x000000012033af48
95603000: system.cpu T0 : 0x120065e34    : cmpeq      r6,r8,r1        : IntAlu :  D=0x0000000000000000
95604000: system.cpu T0 : 0x120065e38    : bne        r1,0x120065fcc  : IntAlu : 
95604000: system.cpu T0 : 0x120065e3c    : addq       r4,r22,r4       : IntAlu :  D=0x000000012033afb0
96023000: system.cpu T0 : 0x120065e40    : addq       r4,r24,r1       : IntAlu :  D=0x000000012033af60
96023000: system.cpu T0 : 0x120065e44    : stq        r4,0(r1)        : MemWrite :  D=0x000000012033afb0 A=0x12033af60
96023000: system.cpu T0 : 0x120065e48    : lda        r6,8(r6)        : IntAlu :  D=0x00000001200a1b88
96024000: system.cpu T0 : 0x120065e4c    : cmpeq      r6,r23,r1       : IntAlu :  D=0x0000000000000000
96025000: system.cpu T0 : 0x120065e50    : beq        r1,0x120065db0  : IntAlu : 
96029000: system.cpu T0 : 0x120065db0    : stq        r4,0(r10)       : MemWrite :  D=0x000000012033afb0 A=0x12033af48
96029000: system.cpu T0 : 0x120065db4    : stq        r28,8(r4)       : MemWrite :  D=0x00000001200a19ec A=0x12033afb8
96029000: system.cpu T0 : 0x120065db8    : stq        r31,16(r4)      : MemWrite :  D=0x0000000000000000 A=0x12033afc0
96029000: system.cpu T0 : 0x120065dbc    : bis        r31,r5,r2       : IntAlu :  D=0x00000001200a1b76
96030000: system.cpu T0 : 0x120065dc0    : stq        r5,24(r4)       : MemWrite :  D=0x00000001200a1b76 A=0x12033afc8
96031000: system.cpu T0 : 0x120065dc4    : ldq        r1,0(r6)        : MemRead :  D=0x0000000000000009 A=0x1200a1b88
96033000: system.cpu T0 : 0x120065dc8    : stq        r1,32(r4)       : MemWrite :  D=0x0000000000000009 A=0x12033afd0
96033000: system.cpu T0 : 0x120065dcc    : lda        r1,1(r1)        : IntAlu :  D=0x000000000000000a
96034000: system.cpu T0 : 0x120065dd0    : addq       r5,r1,r5        : IntAlu :  D=0x00000001200a1b80
96035000: system.cpu T0 : 0x120065dd4    : ldbu       r1,0(r2)        : MemRead :  D=0x000000000000002f A=0x1200a1b76
96037000: system.cpu T0 : 0x120065dd8    : cmpeq      r1,47,r1        : IntAlu :  D=0x0000000000000001
96038000: system.cpu T0 : 0x120065ddc    : beq        r1,0x120065df4  : IntAlu : 
96039000: system.cpu T0 : 0x120065de0    : ldq        r1,26112(r7)    : MemRead :  D=0x0000000000000001 A=0x1200bee28
96039000: system.cpu T0 : 0x120065de4    : bis        r31,r4,r3       : IntAlu :  D=0x000000012033afb0
96039000: system.cpu T0 : 0x120065de8    : bis        r31,r25,r2      : IntAlu :  D=0x0000000000000000
96041000: system.cpu T0 : 0x120065dec    : bne        r1,0x120065e18  : IntAlu : 
96044000: system.cpu T0 : 0x120065e18    : stl        r31,40(r3)      : MemWrite :  D=0x0000000000000000 A=0x12033afd8
96044000: system.cpu T0 : 0x120065e1c    : lda        r2,1(r2)        : IntAlu :  D=0x0000000000000001
96044000: system.cpu T0 : 0x120065e20    : lda        r3,4(r3)        : IntAlu :  D=0x000000012033afb4
96045000: system.cpu T0 : 0x120065e24    : ldq        r1,26112(r7)    : MemRead :  D=0x0000000000000001 A=0x1200bee28
96047000: system.cpu T0 : 0x120065e28    : cmpule     r1,r2,r1        : IntAlu :  D=0x0000000000000001
96048000: system.cpu T0 : 0x120065e2c    : beq        r1,0x120065e18  : IntAlu : 
96048000: system.cpu T0 : 0x120065e30    : lda        r10,8(r10)      : IntAlu :  D=0x000000012033af50
96048000: system.cpu T0 : 0x120065e34    : cmpeq      r6,r8,r1        : IntAlu :  D=0x0000000000000001
96049000: system.cpu T0 : 0x120065e38    : bne        r1,0x120065fcc  : IntAlu : 
96475000: system.cpu T0 : 0x120065fcc    : stq        r31,0(r4)       : MemWrite :  D=0x0000000000000000 A=0x12033afb0
96475000: system.cpu T0 : 0x120065fd0    : br         0x120065e54     : IntAlu : 
96478000: system.cpu T0 : 0x120065e54    : lda        r2,9(r31)       : IntAlu :  D=0x0000000000000009
96478000: system.cpu T0 : 0x120065e58    : ldah       r1,0(r29)       : IntAlu :  D=0x00000001200c8828
96479000: system.cpu T0 : 0x120065e5c    : stq        r2,-29152(r1)   : MemWrite :  D=0x0000000000000009 A=0x1200c1648
96479000: system.cpu T0 : 0x120065e60    : stq        r31,0(r10)      : MemWrite :  D=0x0000000000000000 A=0x12033af50
96479000: system.cpu T0 : 0x120065e64    : beq        r11,0x120065f90 : IntAlu : 
96905000: system.cpu T0 : 0x120065f90    : lda        r2,-1(r31)      : IntAlu :  D=0xffffffffffffffff
96905000: system.cpu T0 : 0x120065f94    : ldah       r1,-1(r29)      : IntAlu :  D=0x00000001200b8828
96906000: system.cpu T0 : 0x120065f98    : stq        r2,26088(r1)    : MemWrite :  D=0xffffffffffffffff A=0x1200bee10
97329000: system.cpu T0 : 0x120065f9c    : ldq        r1,-30336(r29)  : MemRead :  D=0x00000001200c1a78 A=0x1200c11a8
97344000: system.cpu T0 : 0x120065fa0    : ldq        r2,0(r1)        : MemRead :  D=0x000000012033af60 A=0x1200c1a78
97755000: system.cpu T0 : 0x120065fa4    : ldq        r1,-30752(r29)  : MemRead :  D=0x00000001200c1a50 A=0x1200c1008
97756000: system.cpu T0 : 0x120065fa8    : stq        r2,0(r1)        : MemWrite :  D=0x000000012033af60 A=0x1200c1a50
97756000: system.cpu T0 : 0x120065fac    : bis        r31,r15,r30     : IntAlu :  D=0x000000011ff91c90
98184000: system.cpu T0 : 0x120065fb0    : ldq        r26,0(r30)      : MemRead :  D=0x00000001200339f8 A=0x11ff91c90
98191000: system.cpu T0 : 0x120065fb4    : ldq        r9,8(r30)       : MemRead :  D=0x0000000000000002 A=0x11ff91c98
98192000: system.cpu T0 : 0x120065fb8    : ldq        r10,16(r30)     : MemRead :  D=0x000000011ff92008 A=0x11ff91ca0
98192000: system.cpu T0 : 0x120065fbc    : ldq        r11,24(r30)     : MemRead :  D=0x000000011ff92020 A=0x11ff91ca8
98192000: system.cpu T0 : 0x120065fc0    : ldq        r15,32(r30)     : MemRead :  D=0x0000000000000000 A=0x11ff91cb0
98192000: system.cpu T0 : 0x120065fc4    : lda        r30,48(r30)     : IntAlu :  D=0x000000011ff91cc0
98193000: system.cpu T0 : 0x120065fc8    : ret        (r26)           : IntAlu : 
98193000: system.cpu T0 : 0x1200339f8    : nop        (ldq_u      r31,0(r30)) : No_OpClass : 
98193000: system.cpu T0 : 0x1200339fc    : nop        (ldq_u      r31,0(r30)) : No_OpClass : 
98193000: system.cpu T0 : 0x120033a00    : ldah       r16,-3(r29)     : IntAlu :  D=0x0000000120098828
98194000: system.cpu T0 : 0x120033a04    : lda        r16,-25516(r16) : IntAlu :  D=0x000000012009247c
98194000: system.cpu T0 : 0x120033a08    : nop        (ldq_u      r31,0(r30)) : No_OpClass : 
98194000: system.cpu T0 : 0x120033a0c    : bsr        r26,0x1200459dc : IntAlu :  D=0x0000000120033a10
98616000: system.cpu T0 : 0x1200459dc    : lda        r30,-48(r30)    : IntAlu :  D=0x000000011ff91c90
98616000: system.cpu T0 : 0x1200459e0    : stq        r26,0(r30)      : MemWrite :  D=0x0000000120033a10 A=0x11ff91c90
98616000: system.cpu T0 : 0x1200459e4    : stq        r9,8(r30)       : MemWrite :  D=0x0000000000000002 A=0x11ff91c98
98616000: system.cpu T0 : 0x1200459e8    : stq        r10,16(r30)     : MemWrite :  D=0x000000011ff92008 A=0x11ff91ca0
98617000: system.cpu T0 : 0x1200459ec    : stq        r11,24(r30)     : MemWrite :  D=0x000000011ff92020 A=0x11ff91ca8
98617000: system.cpu T0 : 0x1200459f0    : stq        r12,32(r30)     : MemWrite :  D=0x000000012001e450 A=0x11ff91cb0
98617000: system.cpu T0 : 0x1200459f4    : stq        r13,40(r30)     : MemWrite :  D=0x000000012001e4c0 A=0x11ff91cb8
98617000: system.cpu T0 : 0x1200459f8    : bis        r31,r16,r9      : IntAlu :  D=0x000000012009247c
98618000: system.cpu T0 : 0x1200459fc    : nop        (ldq_u      r31,0(r30)) : No_OpClass : 
99041000: system.cpu T0 : 0x120045a00    : bsr        r26,strlen      : IntAlu :  D=0x0000000120045a04
99889000: system.cpu T0 : 0x12002de60    : ldq_u      r1,0(r16)       : MemRead :  D=0x425f444c00485441 A=0x120092478
99889000: system.cpu T0 : 0x12002de64    : lda        r2,-1(r31)      : IntAlu :  D=0xffffffffffffffff
99889000: system.cpu T0 : 0x12002de68    : insqh      r2,r16,r2       : IntAlu :  D=0x00000000ffffffff
99889000: system.cpu T0 : 0x12002de6c    : bic        r16,7,r0        : IntAlu :  D=0x0000000120092478
99891000: system.cpu T0 : 0x12002de70    : bis        r2,r1,r1        : IntAlu :  D=0x425f444cffffffff
99892000: system.cpu T0 : 0x12002de74    : cmpbge     r31,r1,r2       : IntAlu :  D=0x0000000000000000
99892000: system.cpu T0 : 0x12002de78    : nop        (bis        r31,r31,r31) : No_OpClass : 
99893000: system.cpu T0 : 0x12002de7c    : bne        r2,0x12002de90  : IntAlu : 
100318000: system.cpu T0 : 0x12002de80    : ldq        r1,8(r0)        : MemRead :  D=0x00574f4e5f444e49 A=0x120092480
100318000: system.cpu T0 : 0x12002de84    : addq       r0,8,r0         : IntAlu :  D=0x0000000120092480
100320000: system.cpu T0 : 0x12002de88    : cmpbge     r31,r1,r2       : IntAlu :  D=0x0000000000000080
100321000: system.cpu T0 : 0x12002de8c    : beq        r2,0x12002de80  : IntAlu : 
100324000: system.cpu T0 : 0x12002de90    : cttz       r2,r3           : IntAlu :  D=0x0000000000000007
100325000: system.cpu T0 : 0x12002de94    : addq       r0,r3,r0        : IntAlu :  D=0x0000000120092487
100326000: system.cpu T0 : 0x12002de98    : subq       r0,r16,r0       : IntAlu :  D=0x000000000000000b
100326000: system.cpu T0 : 0x12002de9c    : ret        (r26)           : IntAlu : 
100326000: system.cpu T0 : 0x120045a04    : nop        (ldq_u      r31,0(r30)) : No_OpClass : 
100326000: system.cpu T0 : 0x120045a08    : nop        (ldq_u      r31,0(r30)) : No_OpClass : 
100327000: system.cpu T0 : 0x120045a0c    : lda        r1,-29608(r29)  : IntAlu :  D=0x00000001200c1480
100342000: system.cpu T0 : 0x120045a10    : ldq        r10,0(r1)       : MemRead :  D=0x000000011ff92020 A=0x1200c1480
100344000: system.cpu T0 : 0x120045a14    : beq        r10,0x120045b18 : IntAlu : 
100345000: system.cpu T0 : 0x120045a18    : ldbu       r1,0(r9)        : MemRead :  D=0x000000000000004c A=0x12009247c
100347000: system.cpu T0 : 0x120045a1c    : beq        r1,0x120045b18  : IntAlu : 
100348000: system.cpu T0 : 0x120045a20    : ldbu       r1,1(r9)        : MemRead :  D=0x0000000000000044 A=0x12009247d
100350000: system.cpu T0 : 0x120045a24    : bne        r1,0x120045a90  : IntAlu : 
100756000: system.cpu T0 : 0x120045a90    : ldbu       r1,1(r9)        : MemRead :  D=0x0000000000000044 A=0x12009247d
100758000: system.cpu T0 : 0x120045a94    : sll        r1,8,r1         : IntAlu :  D=0x0000000000004400
100759000: system.cpu T0 : 0x120045a98    : ldbu       r2,0(r9)        : MemRead :  D=0x000000000000004c A=0x12009247c
100761000: system.cpu T0 : 0x120045a9c    : bis        r1,r2,r1        : IntAlu :  D=0x000000000000444c
100762000: system.cpu T0 : 0x120045aa0    : sextw      r1,r11          : IntAlu :  D=0x000000000000444c
100762000: system.cpu T0 : 0x120045aa4    : lda        r12,-2(r0)      : IntAlu :  D=0x0000000000000009
100762000: system.cpu T0 : 0x120045aa8    : lda        r13,2(r9)       : IntAlu :  D=0x000000012009247e
101193000: system.cpu T0 : 0x120045aac    : ldq        r9,0(r10)       : MemRead :  D=0x0000000000000000 A=0x11ff92020
101195000: system.cpu T0 : 0x120045ab0    : beq        r9,0x120045b18  : IntAlu : 
101198000: system.cpu T0 : 0x120045b18    : bis        r31,r31,r0      : IntAlu :  D=0x0000000000000000
101631000: system.cpu T0 : 0x120045b1c    : ldq        r26,0(r30)      : MemRead :  D=0x0000000120033a10 A=0x11ff91c90
101638000: system.cpu T0 : 0x120045b20    : ldq        r9,8(r30)       : MemRead :  D=0x0000000000000002 A=0x11ff91c98
101639000: system.cpu T0 : 0x120045b24    : ldq        r10,16(r30)     : MemRead :  D=0x000000011ff92008 A=0x11ff91ca0
101639000: system.cpu T0 : 0x120045b28    : ldq        r11,24(r30)     : MemRead :  D=0x000000011ff92020 A=0x11ff91ca8
101639000: system.cpu T0 : 0x120045b2c    : ldq        r12,32(r30)     : MemRead :  D=0x000000012001e450 A=0x11ff91cb0
101639000: system.cpu T0 : 0x120045b30    : ldq        r13,40(r30)     : MemRead :  D=0x000000012001e4c0 A=0x11ff91cb8
101640000: system.cpu T0 : 0x120045b34    : lda        r30,48(r30)     : IntAlu :  D=0x000000011ff91cc0
101640000: system.cpu T0 : 0x120045b38    : ret        (r26)           : IntAlu : 
101643000: system.cpu T0 : 0x120033a10    : nop        (ldq_u      r31,0(r30)) : No_OpClass : 
101643000: system.cpu T0 : 0x120033a14    : nop        (ldq_u      r31,0(r30)) : No_OpClass : 
101643000: system.cpu T0 : 0x120033a18    : ldah       r1,-2(r29)      : IntAlu :  D=0x00000001200a8828
101644000: system.cpu T0 : 0x120033a1c    : lda        r1,-25419(r1)   : IntAlu :  D=0x00000001200a24dd
101645000: system.cpu T0 : 0x120033a20    : cmovne     r0,r0,r1        : IntAlu :  D=0x00000001200a24dd
102075000: system.cpu T0 : 0x120033a24    : ldbu       r1,0(r1)        : MemRead :  D=0x0000000000000000 A=0x1200a24dd
102077000: system.cpu T0 : 0x120033a28    : cmpeq      r1,0,r1         : IntAlu :  D=0x0000000000000001
102504000: system.cpu T0 : 0x120033a2c    : ldq        r2,-31600(r29)  : MemRead :  D=0x00000001200c1a20 A=0x1200c0cb8
102505000: system.cpu T0 : 0x120033a30    : stl        r1,0(r2)        : MemWrite :  D=0x0000000000000001 A=0x1200c1a20
102505000: system.cpu T0 : 0x120033a34    : ldah       r16,-3(r29)     : IntAlu :  D=0x0000000120098828
102505000: system.cpu T0 : 0x120033a38    : lda        r16,-25504(r16) : IntAlu :  D=0x0000000120092488
102505000: system.cpu T0 : 0x120033a3c    : nop        (ldq_u      r31,0(r30)) : No_OpClass : 
102506000: system.cpu T0 : 0x120033a40    : bsr        r26,0x1200459dc : IntAlu :  D=0x0000000120033a44
102506000: system.cpu T0 : 0x1200459dc    : lda        r30,-48(r30)    : IntAlu :  D=0x000000011ff91c90
102506000: system.cpu T0 : 0x1200459e0    : stq        r26,0(r30)      : MemWrite :  D=0x0000000120033a44 A=0x11ff91c90
102506000: system.cpu T0 : 0x1200459e4    : stq        r9,8(r30)       : MemWrite :  D=0x0000000000000002 A=0x11ff91c98
102507000: system.cpu T0 : 0x1200459e8    : stq        r10,16(r30)     : MemWrite :  D=0x000000011ff92008 A=0x11ff91ca0
102507000: system.cpu T0 : 0x1200459ec    : stq        r11,24(r30)     : MemWrite :  D=0x000000011ff92020 A=0x11ff91ca8
102507000: system.cpu T0 : 0x1200459f0    : stq        r12,32(r30)     : MemWrite :  D=0x000000012001e450 A=0x11ff91cb0
102507000: system.cpu T0 : 0x1200459f4    : stq        r13,40(r30)     : MemWrite :  D=0x000000012001e4c0 A=0x11ff91cb8
102508000: system.cpu T0 : 0x1200459f8    : bis        r31,r16,r9      : IntAlu :  D=0x0000000120092488
102508000: system.cpu T0 : 0x1200459fc    : nop        (ldq_u      r31,0(r30)) : No_OpClass : 
102936000: system.cpu T0 : 0x120045a00    : bsr        r26,strlen      : IntAlu :  D=0x0000000120045a04
103784000: system.cpu T0 : 0x12002de60    : ldq_u      r1,0(r16)       : MemRead :  D=0x5f444e49425f444c A=0x120092488
103784000: system.cpu T0 : 0x12002de64    : lda        r2,-1(r31)      : IntAlu :  D=0xffffffffffffffff
103784000: system.cpu T0 : 0x12002de68    : insqh      r2,r16,r2       : IntAlu :  D=0x0000000000000000
103784000: system.cpu T0 : 0x12002de6c    : bic        r16,7,r0        : IntAlu :  D=0x0000000120092488
103786000: system.cpu T0 : 0x12002de70    : bis        r2,r1,r1        : IntAlu :  D=0x5f444e49425f444c
103787000: system.cpu T0 : 0x12002de74    : cmpbge     r31,r1,r2       : IntAlu :  D=0x0000000000000000
103787000: system.cpu T0 : 0x12002de78    : nop        (bis        r31,r31,r31) : No_OpClass : 
103788000: system.cpu T0 : 0x12002de7c    : bne        r2,0x12002de90  : IntAlu : 
103789000: system.cpu T0 : 0x12002de80    : ldq        r1,8(r0)        : MemRead :  D=0x445f444c00544f4e A=0x120092490
103789000: system.cpu T0 : 0x12002de84    : addq       r0,8,r0         : IntAlu :  D=0x0000000120092490
103791000: system.cpu T0 : 0x12002de88    : cmpbge     r31,r1,r2       : IntAlu :  D=0x0000000000000008
103792000: system.cpu T0 : 0x12002de8c    : beq        r2,0x12002de80  : IntAlu : 
103792000: system.cpu T0 : 0x12002de90    : cttz       r2,r3           : IntAlu :  D=0x0000000000000003
103793000: system.cpu T0 : 0x12002de94    : addq       r0,r3,r0        : IntAlu :  D=0x0000000120092493
103794000: system.cpu T0 : 0x12002de98    : subq       r0,r16,r0       : IntAlu :  D=0x000000000000000b
103794000: system.cpu T0 : 0x12002de9c    : ret        (r26)           : IntAlu : 
103794000: system.cpu T0 : 0x120045a04    : nop        (ldq_u      r31,0(r30)) : No_OpClass : 
103794000: system.cpu T0 : 0x120045a08    : nop        (ldq_u      r31,0(r30)) : No_OpClass : 
103795000: system.cpu T0 : 0x120045a0c    : lda        r1,-29608(r29)  : IntAlu :  D=0x00000001200c1480
103809000: system.cpu T0 : 0x120045a10    : ldq        r10,0(r1)       : MemRead :  D=0x000000011ff92020 A=0x1200c1480
103811000: system.cpu T0 : 0x120045a14    : beq        r10,0x120045b18 : IntAlu : 
103812000: system.cpu T0 : 0x120045a18    : ldbu       r1,0(r9)        : MemRead :  D=0x000000000000004c A=0x120092488
103814000: system.cpu T0 : 0x120045a1c    : beq        r1,0x120045b18  : IntAlu : 
103815000: system.cpu T0 : 0x120045a20    : ldbu       r1,1(r9)        : MemRead :  D=0x0000000000000044 A=0x120092489
103817000: system.cpu T0 : 0x120045a24    : bne        r1,0x120045a90  : IntAlu : 
103821000: system.cpu T0 : 0x120045a90    : ldbu       r1,1(r9)        : MemRead :  D=0x0000000000000044 A=0x120092489
103823000: system.cpu T0 : 0x120045a94    : sll        r1,8,r1         : IntAlu :  D=0x0000000000004400
103824000: system.cpu T0 : 0x120045a98    : ldbu       r2,0(r9)        : MemRead :  D=0x000000000000004c A=0x120092488
103826000: system.cpu T0 : 0x120045a9c    : bis        r1,r2,r1        : IntAlu :  D=0x000000000000444c
103827000: system.cpu T0 : 0x120045aa0    : sextw      r1,r11          : IntAlu :  D=0x000000000000444c
103827000: system.cpu T0 : 0x120045aa4    : lda        r12,-2(r0)      : IntAlu :  D=0x0000000000000009
103827000: system.cpu T0 : 0x120045aa8    : lda        r13,2(r9)       : IntAlu :  D=0x000000012009248a
103828000: system.cpu T0 : 0x120045aac    : ldq        r9,0(r10)       : MemRead :  D=0x0000000000000000 A=0x11ff92020
103830000: system.cpu T0 : 0x120045ab0    : beq        r9,0x120045b18  : IntAlu : 
104253000: system.cpu T0 : 0x120045b18    : bis        r31,r31,r0      : IntAlu :  D=0x0000000000000000
104274000: system.cpu T0 : 0x120045b1c    : ldq        r26,0(r30)      : MemRead :  D=0x0000000120033a44 A=0x11ff91c90
104281000: system.cpu T0 : 0x120045b20    : ldq        r9,8(r30)       : MemRead :  D=0x0000000000000002 A=0x11ff91c98
104282000: system.cpu T0 : 0x120045b24    : ldq        r10,16(r30)     : MemRead :  D=0x000000011ff92008 A=0x11ff91ca0
104282000: system.cpu T0 : 0x120045b28    : ldq        r11,24(r30)     : MemRead :  D=0x000000011ff92020 A=0x11ff91ca8
104282000: system.cpu T0 : 0x120045b2c    : ldq        r12,32(r30)     : MemRead :  D=0x000000012001e450 A=0x11ff91cb0
104282000: system.cpu T0 : 0x120045b30    : ldq        r13,40(r30)     : MemRead :  D=0x000000012001e4c0 A=0x11ff91cb8
104283000: system.cpu T0 : 0x120045b34    : lda        r30,48(r30)     : IntAlu :  D=0x000000011ff91cc0
104283000: system.cpu T0 : 0x120045b38    : ret        (r26)           : IntAlu : 
104283000: system.cpu T0 : 0x120033a44    : nop        (ldq_u      r31,0(r30)) : No_OpClass : 
104283000: system.cpu T0 : 0x120033a48    : nop        (ldq_u      r31,0(r30)) : No_OpClass : 
104284000: system.cpu T0 : 0x120033a4c    : ldah       r1,-2(r29)      : IntAlu :  D=0x00000001200a8828
104284000: system.cpu T0 : 0x120033a50    : lda        r1,-25419(r1)   : IntAlu :  D=0x00000001200a24dd
104285000: system.cpu T0 : 0x120033a54    : cmovne     r0,r0,r1        : IntAlu :  D=0x00000001200a24dd
104287000: system.cpu T0 : 0x120033a58    : ldbu       r1,0(r1)        : MemRead :  D=0x0000000000000000 A=0x1200a24dd
104289000: system.cpu T0 : 0x120033a5c    : cmpult     r31,r1,r1       : IntAlu :  D=0x0000000000000000
104712000: system.cpu T0 : 0x120033a60    : ldq        r2,-31800(r29)  : MemRead :  D=0x00000001200c1a14 A=0x1200c0bf0
104713000: system.cpu T0 : 0x120033a64    : stl        r1,0(r2)        : MemWrite :  D=0x0000000000000000 A=0x1200c1a14
104713000: system.cpu T0 : 0x120033a68    : ldah       r16,-3(r29)     : IntAlu :  D=0x0000000120098828
104713000: system.cpu T0 : 0x120033a6c    : lda        r16,-25492(r16) : IntAlu :  D=0x0000000120092494
104713000: system.cpu T0 : 0x120033a70    : nop        (ldq_u      r31,0(r30)) : No_OpClass : 
104714000: system.cpu T0 : 0x120033a74    : bsr        r26,0x1200459dc : IntAlu :  D=0x0000000120033a78
104714000: system.cpu T0 : 0x1200459dc    : lda        r30,-48(r30)    : IntAlu :  D=0x000000011ff91c90
104714000: system.cpu T0 : 0x1200459e0    : stq        r26,0(r30)      : MemWrite :  D=0x0000000120033a78 A=0x11ff91c90
104714000: system.cpu T0 : 0x1200459e4    : stq        r9,8(r30)       : MemWrite :  D=0x0000000000000002 A=0x11ff91c98
104715000: system.cpu T0 : 0x1200459e8    : stq        r10,16(r30)     : MemWrite :  D=0x000000011ff92008 A=0x11ff91ca0
104715000: system.cpu T0 : 0x1200459ec    : stq        r11,24(r30)     : MemWrite :  D=0x000000011ff92020 A=0x11ff91ca8
104715000: system.cpu T0 : 0x1200459f0    : stq        r12,32(r30)     : MemWrite :  D=0x000000012001e450 A=0x11ff91cb0
104715000: system.cpu T0 : 0x1200459f4    : stq        r13,40(r30)     : MemWrite :  D=0x000000012001e4c0 A=0x11ff91cb8
104716000: system.cpu T0 : 0x1200459f8    : bis        r31,r16,r9      : IntAlu :  D=0x0000000120092494
104716000: system.cpu T0 : 0x1200459fc    : nop        (ldq_u      r31,0(r30)) : No_OpClass : 
104717000: system.cpu T0 : 0x120045a00    : bsr        r26,strlen      : IntAlu :  D=0x0000000120045a04
104735000: system.cpu T0 : 0x12002de60    : ldq_u      r1,0(r16)       : MemRead :  D=0x445f444c00544f4e A=0x120092490
104735000: system.cpu T0 : 0x12002de64    : lda        r2,-1(r31)      : IntAlu :  D=0xffffffffffffffff
104735000: system.cpu T0 : 0x12002de68    : insqh      r2,r16,r2       : IntAlu :  D=0x00000000ffffffff
104735000: system.cpu T0 : 0x12002de6c    : bic        r16,7,r0        : IntAlu :  D=0x0000000120092490
104737000: system.cpu T0 : 0x12002de70    : bis        r2,r1,r1        : IntAlu :  D=0x445f444cffffffff
104738000: system.cpu T0 : 0x12002de74    : cmpbge     r31,r1,r2       : IntAlu :  D=0x0000000000000000
104738000: system.cpu T0 : 0x12002de78    : nop        (bis        r31,r31,r31) : No_OpClass : 
104739000: system.cpu T0 : 0x12002de7c    : bne        r2,0x12002de90  : IntAlu : 
104740000: system.cpu T0 : 0x12002de80    : ldq        r1,8(r0)        : MemRead :  D=0x575f43494d414e59 A=0x120092498
104740000: system.cpu T0 : 0x12002de84    : addq       r0,8,r0         : IntAlu :  D=0x0000000120092498
104742000: system.cpu T0 : 0x12002de88    : cmpbge     r31,r1,r2       : IntAlu :  D=0x0000000000000000
104743000: system.cpu T0 : 0x12002de8c    : beq        r2,0x12002de80  : IntAlu : 
104747000: system.cpu T0 : 0x12002de80    : ldq        r1,8(r0)        : MemRead :  D=0x505f444c004b4145 A=0x1200924a0
104747000: system.cpu T0 : 0x12002de84    : addq       r0,8,r0         : IntAlu :  D=0x00000001200924a0
104749000: system.cpu T0 : 0x12002de88    : cmpbge     r31,r1,r2       : IntAlu :  D=0x0000000000000008
104750000: system.cpu T0 : 0x12002de8c    : beq        r2,0x12002de80  : IntAlu : 
104750000: system.cpu T0 : 0x12002de90    : cttz       r2,r3           : IntAlu :  D=0x0000000000000003
104751000: system.cpu T0 : 0x12002de94    : addq       r0,r3,r0        : IntAlu :  D=0x00000001200924a3
104752000: system.cpu T0 : 0x12002de98    : subq       r0,r16,r0       : IntAlu :  D=0x000000000000000f
104752000: system.cpu T0 : 0x12002de9c    : ret        (r26)           : IntAlu : 
104752000: system.cpu T0 : 0x120045a04    : nop        (ldq_u      r31,0(r30)) : No_OpClass : 
104752000: system.cpu T0 : 0x120045a08    : nop        (ldq_u      r31,0(r30)) : No_OpClass : 
104753000: system.cpu T0 : 0x120045a0c    : lda        r1,-29608(r29)  : IntAlu :  D=0x00000001200c1480
104767000: system.cpu T0 : 0x120045a10    : ldq        r10,0(r1)       : MemRead :  D=0x000000011ff92020 A=0x1200c1480
104769000: system.cpu T0 : 0x120045a14    : beq        r10,0x120045b18 : IntAlu : 
104770000: system.cpu T0 : 0x120045a18    : ldbu       r1,0(r9)        : MemRead :  D=0x000000000000004c A=0x120092494
104772000: system.cpu T0 : 0x120045a1c    : beq        r1,0x120045b18  : IntAlu : 
104773000: system.cpu T0 : 0x120045a20    : ldbu       r1,1(r9)        : MemRead :  D=0x0000000000000044 A=0x120092495
104775000: system.cpu T0 : 0x120045a24    : bne        r1,0x120045a90  : IntAlu : 
104780000: system.cpu T0 : 0x120045a90    : ldbu       r1,1(r9)        : MemRead :  D=0x0000000000000044 A=0x120092495
104782000: system.cpu T0 : 0x120045a94    : sll        r1,8,r1         : IntAlu :  D=0x0000000000004400
104783000: system.cpu T0 : 0x120045a98    : ldbu       r2,0(r9)        : MemRead :  D=0x000000000000004c A=0x120092494
104785000: system.cpu T0 : 0x120045a9c    : bis        r1,r2,r1        : IntAlu :  D=0x000000000000444c
104786000: system.cpu T0 : 0x120045aa0    : sextw      r1,r11          : IntAlu :  D=0x000000000000444c
104786000: system.cpu T0 : 0x120045aa4    : lda        r12,-2(r0)      : IntAlu :  D=0x000000000000000d
104786000: system.cpu T0 : 0x120045aa8    : lda        r13,2(r9)       : IntAlu :  D=0x0000000120092496
104787000: system.cpu T0 : 0x120045aac    : ldq        r9,0(r10)       : MemRead :  D=0x0000000000000000 A=0x11ff92020
104789000: system.cpu T0 : 0x120045ab0    : beq        r9,0x120045b18  : IntAlu : 
104793000: system.cpu T0 : 0x120045b18    : bis        r31,r31,r0      : IntAlu :  D=0x0000000000000000
104806000: system.cpu T0 : 0x120045b1c    : ldq        r26,0(r30)      : MemRead :  D=0x0000000120033a78 A=0x11ff91c90
104813000: system.cpu T0 : 0x120045b20    : ldq        r9,8(r30)       : MemRead :  D=0x0000000000000002 A=0x11ff91c98
104814000: system.cpu T0 : 0x120045b24    : ldq        r10,16(r30)     : MemRead :  D=0x000000011ff92008 A=0x11ff91ca0
104814000: system.cpu T0 : 0x120045b28    : ldq        r11,24(r30)     : MemRead :  D=0x000000011ff92020 A=0x11ff91ca8
104814000: system.cpu T0 : 0x120045b2c    : ldq        r12,32(r30)     : MemRead :  D=0x000000012001e450 A=0x11ff91cb0
104814000: system.cpu T0 : 0x120045b30    : ldq        r13,40(r30)     : MemRead :  D=0x000000012001e4c0 A=0x11ff91cb8
104815000: system.cpu T0 : 0x120045b34    : lda        r30,48(r30)     : IntAlu :  D=0x000000011ff91cc0
104815000: system.cpu T0 : 0x120045b38    : ret        (r26)           : IntAlu : 
104828000: system.cpu T0 : 0x120033a78    : nop        (ldq_u      r31,0(r30)) : No_OpClass : 
104828000: system.cpu T0 : 0x120033a7c    : nop        (ldq_u      r31,0(r30)) : No_OpClass : 
105239000: system.cpu T0 : 0x120033a80    : ldah       r1,-2(r29)      : IntAlu :  D=0x00000001200a8828
105240000: system.cpu T0 : 0x120033a84    : lda        r1,-25419(r1)   : IntAlu :  D=0x00000001200a24dd
105241000: system.cpu T0 : 0x120033a88    : cmovne     r0,r0,r1        : IntAlu :  D=0x00000001200a24dd
105243000: system.cpu T0 : 0x120033a8c    : ldbu       r1,0(r1)        : MemRead :  D=0x0000000000000000 A=0x1200a24dd
105245000: system.cpu T0 : 0x120033a90    : cmpeq      r1,0,r1         : IntAlu :  D=0x0000000000000001
105668000: system.cpu T0 : 0x120033a94    : ldq        r2,-31032(r29)  : MemRead :  D=0x00000001200c1a44 A=0x1200c0ef0
105669000: system.cpu T0 : 0x120033a98    : stl        r1,0(r2)        : MemWrite :  D=0x0000000000000001 A=0x1200c1a44
105669000: system.cpu T0 : 0x120033a9c    : ldah       r16,-3(r29)     : IntAlu :  D=0x0000000120098828
105669000: system.cpu T0 : 0x120033aa0    : lda        r16,-25476(r16) : IntAlu :  D=0x00000001200924a4
105669000: system.cpu T0 : 0x120033aa4    : nop        (ldq_u      r31,0(r30)) : No_OpClass : 
105670000: system.cpu T0 : 0x120033aa8    : bsr        r26,0x1200459dc : IntAlu :  D=0x0000000120033aac
105670000: system.cpu T0 : 0x1200459dc    : lda        r30,-48(r30)    : IntAlu :  D=0x000000011ff91c90
105670000: system.cpu T0 : 0x1200459e0    : stq        r26,0(r30)      : MemWrite :  D=0x0000000120033aac A=0x11ff91c90
105670000: system.cpu T0 : 0x1200459e4    : stq        r9,8(r30)       : MemWrite :  D=0x0000000000000002 A=0x11ff91c98
105671000: system.cpu T0 : 0x1200459e8    : stq        r10,16(r30)     : MemWrite :  D=0x000000011ff92008 A=0x11ff91ca0
105671000: system.cpu T0 : 0x1200459ec    : stq        r11,24(r30)     : MemWrite :  D=0x000000011ff92020 A=0x11ff91ca8
105671000: system.cpu T0 : 0x1200459f0    : stq        r12,32(r30)     : MemWrite :  D=0x000000012001e450 A=0x11ff91cb0
105671000: system.cpu T0 : 0x1200459f4    : stq        r13,40(r30)     : MemWrite :  D=0x000000012001e4c0 A=0x11ff91cb8
105672000: system.cpu T0 : 0x1200459f8    : bis        r31,r16,r9      : IntAlu :  D=0x00000001200924a4
105672000: system.cpu T0 : 0x1200459fc    : nop        (ldq_u      r31,0(r30)) : No_OpClass : 
105673000: system.cpu T0 : 0x120045a00    : bsr        r26,strlen      : IntAlu :  D=0x0000000120045a04
105689000: system.cpu T0 : 0x12002de60    : ldq_u      r1,0(r16)       : MemRead :  D=0x505f444c004b4145 A=0x1200924a0
105689000: system.cpu T0 : 0x12002de64    : lda        r2,-1(r31)      : IntAlu :  D=0xffffffffffffffff
105689000: system.cpu T0 : 0x12002de68    : insqh      r2,r16,r2       : IntAlu :  D=0x00000000ffffffff
105689000: system.cpu T0 : 0x12002de6c    : bic        r16,7,r0        : IntAlu :  D=0x00000001200924a0
105691000: system.cpu T0 : 0x12002de70    : bis        r2,r1,r1        : IntAlu :  D=0x505f444cffffffff
105692000: system.cpu T0 : 0x12002de74    : cmpbge     r31,r1,r2       : IntAlu :  D=0x0000000000000000
105692000: system.cpu T0 : 0x12002de78    : nop        (bis        r31,r31,r31) : No_OpClass : 
105693000: system.cpu T0 : 0x12002de7c    : bne        r2,0x12002de90  : IntAlu : 
105703000: system.cpu T0 : 0x12002de80    : ldq        r1,8(r0)        : MemRead :  D=0x4f5f454c49464f52 A=0x1200924a8
105703000: system.cpu T0 : 0x12002de84    : addq       r0,8,r0         : IntAlu :  D=0x00000001200924a8
105705000: system.cpu T0 : 0x12002de88    : cmpbge     r31,r1,r2       : IntAlu :  D=0x0000000000000000
105706000: system.cpu T0 : 0x12002de8c    : beq        r2,0x12002de80  : IntAlu : 
105710000: system.cpu T0 : 0x12002de80    : ldq        r1,8(r0)        : MemRead :  D=0x652f005455505455 A=0x1200924b0
105710000: system.cpu T0 : 0x12002de84    : addq       r0,8,r0         : IntAlu :  D=0x00000001200924b0
105712000: system.cpu T0 : 0x12002de88    : cmpbge     r31,r1,r2       : IntAlu :  D=0x0000000000000020
105713000: system.cpu T0 : 0x12002de8c    : beq        r2,0x12002de80  : IntAlu : 
105713000: system.cpu T0 : 0x12002de90    : cttz       r2,r3           : IntAlu :  D=0x0000000000000005
105714000: system.cpu T0 : 0x12002de94    : addq       r0,r3,r0        : IntAlu :  D=0x00000001200924b5
105715000: system.cpu T0 : 0x12002de98    : subq       r0,r16,r0       : IntAlu :  D=0x0000000000000011
105715000: system.cpu T0 : 0x12002de9c    : ret        (r26)           : IntAlu : 
105715000: system.cpu T0 : 0x120045a04    : nop        (ldq_u      r31,0(r30)) : No_OpClass : 
105715000: system.cpu T0 : 0x120045a08    : nop        (ldq_u      r31,0(r30)) : No_OpClass : 
105716000: system.cpu T0 : 0x120045a0c    : lda        r1,-29608(r29)  : IntAlu :  D=0x00000001200c1480
105730000: system.cpu T0 : 0x120045a10    : ldq        r10,0(r1)       : MemRead :  D=0x000000011ff92020 A=0x1200c1480
105732000: system.cpu T0 : 0x120045a14    : beq        r10,0x120045b18 : IntAlu : 
105733000: system.cpu T0 : 0x120045a18    : ldbu       r1,0(r9)        : MemRead :  D=0x000000000000004c A=0x1200924a4
105735000: system.cpu T0 : 0x120045a1c    : beq        r1,0x120045b18  : IntAlu : 
105736000: system.cpu T0 : 0x120045a20    : ldbu       r1,1(r9)        : MemRead :  D=0x0000000000000044 A=0x1200924a5
105738000: system.cpu T0 : 0x120045a24    : bne        r1,0x120045a90  : IntAlu : 
106165000: system.cpu T0 : 0x120045a90    : ldbu       r1,1(r9)        : MemRead :  D=0x0000000000000044 A=0x1200924a5
106167000: system.cpu T0 : 0x120045a94    : sll        r1,8,r1         : IntAlu :  D=0x0000000000004400
106168000: system.cpu T0 : 0x120045a98    : ldbu       r2,0(r9)        : MemRead :  D=0x000000000000004c A=0x1200924a4
106170000: system.cpu T0 : 0x120045a9c    : bis        r1,r2,r1        : IntAlu :  D=0x000000000000444c
106171000: system.cpu T0 : 0x120045aa0    : sextw      r1,r11          : IntAlu :  D=0x000000000000444c
106171000: system.cpu T0 : 0x120045aa4    : lda        r12,-2(r0)      : IntAlu :  D=0x000000000000000f
106171000: system.cpu T0 : 0x120045aa8    : lda        r13,2(r9)       : IntAlu :  D=0x00000001200924a6
106172000: system.cpu T0 : 0x120045aac    : ldq        r9,0(r10)       : MemRead :  D=0x0000000000000000 A=0x11ff92020
106174000: system.cpu T0 : 0x120045ab0    : beq        r9,0x120045b18  : IntAlu : 
106178000: system.cpu T0 : 0x120045b18    : bis        r31,r31,r0      : IntAlu :  D=0x0000000000000000
106601000: system.cpu T0 : 0x120045b1c    : ldq        r26,0(r30)      : MemRead :  D=0x0000000120033aac A=0x11ff91c90
106608000: system.cpu T0 : 0x120045b20    : ldq        r9,8(r30)       : MemRead :  D=0x0000000000000002 A=0x11ff91c98
106609000: system.cpu T0 : 0x120045b24    : ldq        r10,16(r30)     : MemRead :  D=0x000000011ff92008 A=0x11ff91ca0
106609000: system.cpu T0 : 0x120045b28    : ldq        r11,24(r30)     : MemRead :  D=0x000000011ff92020 A=0x11ff91ca8
106609000: system.cpu T0 : 0x120045b2c    : ldq        r12,32(r30)     : MemRead :  D=0x000000012001e450 A=0x11ff91cb0
106609000: system.cpu T0 : 0x120045b30    : ldq        r13,40(r30)     : MemRead :  D=0x000000012001e4c0 A=0x11ff91cb8
106610000: system.cpu T0 : 0x120045b34    : lda        r30,48(r30)     : IntAlu :  D=0x000000011ff91cc0
106610000: system.cpu T0 : 0x120045b38    : ret        (r26)           : IntAlu : 
107033000: system.cpu T0 : 0x120033aac    : nop        (ldq_u      r31,0(r30)) : No_OpClass : 
107033000: system.cpu T0 : 0x120033ab0    : nop        (ldq_u      r31,0(r30)) : No_OpClass : 
107463000: system.cpu T0 : 0x120033ab4    : ldq        r1,-32616(r29)  : MemRead :  D=0x00000001200c19e0 A=0x1200c08c0
107464000: system.cpu T0 : 0x120033ab8    : stq        r0,0(r1)        : MemWrite :  D=0x0000000000000000 A=0x1200c19e0
107464000: system.cpu T0 : 0x120033abc    : beq        r0,0x120033ac8  : IntAlu : 
107896000: system.cpu T0 : 0x120033ac8    : ldq        r1,-31792(r29)  : MemRead :  D=0x00000001200be600 A=0x1200c0bf8
108321000: system.cpu T0 : 0x120033acc    : ldl        r2,0(r1)        : MemRead :  D=0x0000000000000000 A=0x1200be600
108321000: system.cpu T0 : 0x120033ad0    : ldah       r1,-3(r29)      : IntAlu :  D=0x0000000120098828
108321000: system.cpu T0 : 0x120033ad4    : lda        r1,-25824(r1)   : IntAlu :  D=0x0000000120092348
108321000: system.cpu T0 : 0x120033ad8    : lda        r3,9(r1)        : IntAlu :  D=0x0000000120092351
108323000: system.cpu T0 : 0x120033adc    : bne        r2,0x120033ae8  : IntAlu : 
108323000: system.cpu T0 : 0x120033ae0    : ldah       r1,-3(r29)      : IntAlu :  D=0x0000000120098828
108324000: system.cpu T0 : 0x120033ae4    : lda        r3,-25824(r1)   : IntAlu :  D=0x0000000120092348
108341000: system.cpu T0 : 0x120033ae8    : ldq        r1,-32616(r29)  : MemRead :  D=0x00000001200c19e0 A=0x1200c08c0
108342000: system.cpu T0 : 0x120033aec    : stq        r3,0(r1)        : MemWrite :  D=0x0000000120092348 A=0x1200c19e0
108343000: system.cpu T0 : 0x120033af0    : ldq        r1,-31792(r29)  : MemRead :  D=0x00000001200be600 A=0x1200c0bf8
108346000: system.cpu T0 : 0x120033af4    : ldl        r1,0(r1)        : MemRead :  D=0x0000000000000000 A=0x1200be600
108348000: system.cpu T0 : 0x120033af8    : beq        r1,0x120033b88  : IntAlu : 
108774000: system.cpu T0 : 0x120033b88    : ldah       r16,-3(r29)     : IntAlu :  D=0x0000000120098828
108775000: system.cpu T0 : 0x120033b8c    : lda        r16,-25428(r16) : IntAlu :  D=0x00000001200924d4
108775000: system.cpu T0 : 0x120033b90    : nop        (ldq_u      r31,0(r30)) : No_OpClass : 
108775000: system.cpu T0 : 0x120033b94    : bsr        r26,0x1200459dc : IntAlu :  D=0x0000000120033b98
109199000: system.cpu T0 : 0x1200459dc    : lda        r30,-48(r30)    : IntAlu :  D=0x000000011ff91c90
109199000: system.cpu T0 : 0x1200459e0    : stq        r26,0(r30)      : MemWrite :  D=0x0000000120033b98 A=0x11ff91c90
109199000: system.cpu T0 : 0x1200459e4    : stq        r9,8(r30)       : MemWrite :  D=0x0000000000000002 A=0x11ff91c98
109199000: system.cpu T0 : 0x1200459e8    : stq        r10,16(r30)     : MemWrite :  D=0x000000011ff92008 A=0x11ff91ca0
109200000: system.cpu T0 : 0x1200459ec    : stq        r11,24(r30)     : MemWrite :  D=0x000000011ff92020 A=0x11ff91ca8
109200000: system.cpu T0 : 0x1200459f0    : stq        r12,32(r30)     : MemWrite :  D=0x000000012001e450 A=0x11ff91cb0
109200000: system.cpu T0 : 0x1200459f4    : stq        r13,40(r30)     : MemWrite :  D=0x000000012001e4c0 A=0x11ff91cb8
109200000: system.cpu T0 : 0x1200459f8    : bis        r31,r16,r9      : IntAlu :  D=0x00000001200924d4
109201000: system.cpu T0 : 0x1200459fc    : nop        (ldq_u      r31,0(r30)) : No_OpClass : 
109624000: system.cpu T0 : 0x120045a00    : bsr        r26,strlen      : IntAlu :  D=0x0000000120045a04
110062000: system.cpu T0 : 0x12002de60    : ldq_u      r1,0(r16)       : MemRead :  D=0x415f444c005f4b43 A=0x1200924d0
110062000: system.cpu T0 : 0x12002de64    : lda        r2,-1(r31)      : IntAlu :  D=0xffffffffffffffff
110062000: system.cpu T0 : 0x12002de68    : insqh      r2,r16,r2       : IntAlu :  D=0x00000000ffffffff
110062000: system.cpu T0 : 0x12002de6c    : bic        r16,7,r0        : IntAlu :  D=0x00000001200924d0
110064000: system.cpu T0 : 0x12002de70    : bis        r2,r1,r1        : IntAlu :  D=0x415f444cffffffff
110065000: system.cpu T0 : 0x12002de74    : cmpbge     r31,r1,r2       : IntAlu :  D=0x0000000000000000
110065000: system.cpu T0 : 0x12002de78    : nop        (bis        r31,r31,r31) : No_OpClass : 
110066000: system.cpu T0 : 0x12002de7c    : bne        r2,0x12002de90  : IntAlu : 
110067000: system.cpu T0 : 0x12002de80    : ldq        r1,8(r0)        : MemRead :  D=0x454b5f454d555353 A=0x1200924d8
110067000: system.cpu T0 : 0x12002de84    : addq       r0,8,r0         : IntAlu :  D=0x00000001200924d8
110069000: system.cpu T0 : 0x12002de88    : cmpbge     r31,r1,r2       : IntAlu :  D=0x0000000000000000
110070000: system.cpu T0 : 0x12002de8c    : beq        r2,0x12002de80  : IntAlu : 
110074000: system.cpu T0 : 0x12002de80    : ldq        r1,8(r0)        : MemRead :  D=0x726564004c454e52 A=0x1200924e0
110074000: system.cpu T0 : 0x12002de84    : addq       r0,8,r0         : IntAlu :  D=0x00000001200924e0
110076000: system.cpu T0 : 0x12002de88    : cmpbge     r31,r1,r2       : IntAlu :  D=0x0000000000000010
110077000: system.cpu T0 : 0x12002de8c    : beq        r2,0x12002de80  : IntAlu : 
110077000: system.cpu T0 : 0x12002de90    : cttz       r2,r3           : IntAlu :  D=0x0000000000000004
110078000: system.cpu T0 : 0x12002de94    : addq       r0,r3,r0        : IntAlu :  D=0x00000001200924e4
110079000: system.cpu T0 : 0x12002de98    : subq       r0,r16,r0       : IntAlu :  D=0x0000000000000010
110079000: system.cpu T0 : 0x12002de9c    : ret        (r26)           : IntAlu : 
110079000: system.cpu T0 : 0x120045a04    : nop        (ldq_u      r31,0(r30)) : No_OpClass : 
110079000: system.cpu T0 : 0x120045a08    : nop        (ldq_u      r31,0(r30)) : No_OpClass : 
110080000: system.cpu T0 : 0x120045a0c    : lda        r1,-29608(r29)  : IntAlu :  D=0x00000001200c1480
110094000: system.cpu T0 : 0x120045a10    : ldq        r10,0(r1)       : MemRead :  D=0x000000011ff92020 A=0x1200c1480
110096000: system.cpu T0 : 0x120045a14    : beq        r10,0x120045b18 : IntAlu : 
110097000: system.cpu T0 : 0x120045a18    : ldbu       r1,0(r9)        : MemRead :  D=0x000000000000004c A=0x1200924d4
110099000: system.cpu T0 : 0x120045a1c    : beq        r1,0x120045b18  : IntAlu : 
110100000: system.cpu T0 : 0x120045a20    : ldbu       r1,1(r9)        : MemRead :  D=0x0000000000000044 A=0x1200924d5
110102000: system.cpu T0 : 0x120045a24    : bne        r1,0x120045a90  : IntAlu : 
110529000: system.cpu T0 : 0x120045a90    : ldbu       r1,1(r9)        : MemRead :  D=0x0000000000000044 A=0x1200924d5
110531000: system.cpu T0 : 0x120045a94    : sll        r1,8,r1         : IntAlu :  D=0x0000000000004400
110532000: system.cpu T0 : 0x120045a98    : ldbu       r2,0(r9)        : MemRead :  D=0x000000000000004c A=0x1200924d4
110534000: system.cpu T0 : 0x120045a9c    : bis        r1,r2,r1        : IntAlu :  D=0x000000000000444c
110535000: system.cpu T0 : 0x120045aa0    : sextw      r1,r11          : IntAlu :  D=0x000000000000444c
110535000: system.cpu T0 : 0x120045aa4    : lda        r12,-2(r0)      : IntAlu :  D=0x000000000000000e
110535000: system.cpu T0 : 0x120045aa8    : lda        r13,2(r9)       : IntAlu :  D=0x00000001200924d6
110536000: system.cpu T0 : 0x120045aac    : ldq        r9,0(r10)       : MemRead :  D=0x0000000000000000 A=0x11ff92020
110538000: system.cpu T0 : 0x120045ab0    : beq        r9,0x120045b18  : IntAlu : 
110968000: system.cpu T0 : 0x120045b18    : bis        r31,r31,r0      : IntAlu :  D=0x0000000000000000
110969000: system.cpu T0 : 0x120045b1c    : ldq        r26,0(r30)      : MemRead :  D=0x0000000120033b98 A=0x11ff91c90
110970000: system.cpu T0 : 0x120045b20    : ldq        r9,8(r30)       : MemRead :  D=0x0000000000000002 A=0x11ff91c98
110970000: system.cpu T0 : 0x120045b24    : ldq        r10,16(r30)     : MemRead :  D=0x000000011ff92008 A=0x11ff91ca0
110970000: system.cpu T0 : 0x120045b28    : ldq        r11,24(r30)     : MemRead :  D=0x000000011ff92020 A=0x11ff91ca8
110971000: system.cpu T0 : 0x120045b2c    : ldq        r12,32(r30)     : MemRead :  D=0x000000012001e450 A=0x11ff91cb0
110971000: system.cpu T0 : 0x120045b30    : ldq        r13,40(r30)     : MemRead :  D=0x000000012001e4c0 A=0x11ff91cb8
110971000: system.cpu T0 : 0x120045b34    : lda        r30,48(r30)     : IntAlu :  D=0x000000011ff91cc0
110971000: system.cpu T0 : 0x120045b38    : ret        (r26)           : IntAlu : 
111397000: system.cpu T0 : 0x120033b98    : nop        (ldq_u      r31,0(r30)) : No_OpClass : 
111397000: system.cpu T0 : 0x120033b9c    : nop        (ldq_u      r31,0(r30)) : No_OpClass : 
111397000: system.cpu T0 : 0x120033ba0    : bis        r31,r0,r9       : IntAlu :  D=0x0000000000000000
111397000: system.cpu T0 : 0x120033ba4    : beq        r0,0x120033c3c  : IntAlu : 
112246000: system.cpu T0 : 0x120033c3c    : ldq        r1,-31720(r29)  : MemRead :  D=0x00000001200c1a18 A=0x1200c0c40
112671000: system.cpu T0 : 0x120033c40    : ldq        r16,0(r1)       : MemRead :  D=0x0000000000000000 A=0x1200c1a18
112673000: system.cpu T0 : 0x120033c44    : beq        r16,0x120033c60 : IntAlu : 
113107000: system.cpu T0 : 0x120033c60    : ldq        r1,-31240(r29)  : MemRead :  D=0x00000001200c1a28 A=0x1200c0e20
113110000: system.cpu T0 : 0x120033c64    : ldq        r6,0(r1)        : MemRead :  D=0x0000000120000040 A=0x1200c1a28
113112000: system.cpu T0 : 0x120033c68    : beq        r6,0x120033cf8  : IntAlu : 
113535000: system.cpu T0 : 0x120033c6c    : ldq        r1,-30552(r29)  : MemRead :  D=0x00000001200c1a60 A=0x1200c10d0
113538000: system.cpu T0 : 0x120033c70    : ldq        r7,0(r1)        : MemRead :  D=0x0000000000000005 A=0x1200c1a60
113540000: system.cpu T0 : 0x120033c74    : beq        r7,0x120033cf8  : IntAlu : 
113540000: system.cpu T0 : 0x120033c78    : ldah       r1,25717(r31)   : IntAlu :  D=0x0000000064750000
113964000: system.cpu T0 : 0x120033c7c    : ldl        r2,0(r6)        : MemRead :  D=0x0000000000000001 A=0x120000040
113966000: system.cpu T0 : 0x120033c80    : zapnot     r2,15,r2        : IntAlu :  D=0x0000000000000001
113966000: system.cpu T0 : 0x120033c84    : lda        r1,-6831(r1)    : IntAlu :  D=0x000000006474e551
113967000: system.cpu T0 : 0x120033c88    : cmpeq      r2,r1,r2        : IntAlu :  D=0x0000000000000000
113967000: system.cpu T0 : 0x120033c8c    : lda        r3,56(r6)       : IntAlu :  D=0x0000000120000078
113967000: system.cpu T0 : 0x120033c90    : bis        r31,r31,r4      : IntAlu :  D=0x0000000000000000
113967000: system.cpu T0 : 0x120033c94    : bis        r31,r1,r5       : IntAlu :  D=0x000000006474e551
113968000: system.cpu T0 : 0x120033c98    : beq        r2,0x120033cc8  : IntAlu : 
114394000: system.cpu T0 : 0x120033cc8    : lda        r4,1(r4)        : IntAlu :  D=0x0000000000000001
114395000: system.cpu T0 : 0x120033ccc    : cmpule     r7,r4,r1        : IntAlu :  D=0x0000000000000000
114396000: system.cpu T0 : 0x120033cd0    : beq        r1,0x120033ca0  : IntAlu : 
114399000: system.cpu T0 : 0x120033ca0    : bis        r31,r3,r6       : IntAlu :  D=0x0000000120000078
114400000: system.cpu T0 : 0x120033ca4    : ldl        r1,0(r3)        : MemRead :  D=0x0000000000000001 A=0x120000078
114400000: system.cpu T0 : 0x120033ca8    : lda        r3,56(r3)       : IntAlu :  D=0x00000001200000b0
114402000: system.cpu T0 : 0x120033cac    : zapnot     r1,15,r1        : IntAlu :  D=0x0000000000000001
114403000: system.cpu T0 : 0x120033cb0    : cmpeq      r1,r5,r1        : IntAlu :  D=0x0000000000000000
114404000: system.cpu T0 : 0x120033cb4    : beq        r1,0x120033cc8  : IntAlu : 
114407000: system.cpu T0 : 0x120033cc8    : lda        r4,1(r4)        : IntAlu :  D=0x0000000000000002
114408000: system.cpu T0 : 0x120033ccc    : cmpule     r7,r4,r1        : IntAlu :  D=0x0000000000000000
114409000: system.cpu T0 : 0x120033cd0    : beq        r1,0x120033ca0  : IntAlu : 
114412000: system.cpu T0 : 0x120033ca0    : bis        r31,r3,r6       : IntAlu :  D=0x00000001200000b0
114835000: system.cpu T0 : 0x120033ca4    : ldl        r1,0(r3)        : MemRead :  D=0x0000000000000004 A=0x1200000b0
114835000: system.cpu T0 : 0x120033ca8    : lda        r3,56(r3)       : IntAlu :  D=0x00000001200000e8
114837000: system.cpu T0 : 0x120033cac    : zapnot     r1,15,r1        : IntAlu :  D=0x0000000000000004
114838000: system.cpu T0 : 0x120033cb0    : cmpeq      r1,r5,r1        : IntAlu :  D=0x0000000000000000
114839000: system.cpu T0 : 0x120033cb4    : beq        r1,0x120033cc8  : IntAlu : 
114842000: system.cpu T0 : 0x120033cc8    : lda        r4,1(r4)        : IntAlu :  D=0x0000000000000003
114843000: system.cpu T0 : 0x120033ccc    : cmpule     r7,r4,r1        : IntAlu :  D=0x0000000000000000
114844000: system.cpu T0 : 0x120033cd0    : beq        r1,0x120033ca0  : IntAlu : 
114847000: system.cpu T0 : 0x120033ca0    : bis        r31,r3,r6       : IntAlu :  D=0x00000001200000e8
115270000: system.cpu T0 : 0x120033ca4    : ldl        r1,0(r3)        : MemRead :  D=0x0000000000000007 A=0x1200000e8
115270000: system.cpu T0 : 0x120033ca8    : lda        r3,56(r3)       : IntAlu :  D=0x0000000120000120
115272000: system.cpu T0 : 0x120033cac    : zapnot     r1,15,r1        : IntAlu :  D=0x0000000000000007
115273000: system.cpu T0 : 0x120033cb0    : cmpeq      r1,r5,r1        : IntAlu :  D=0x0000000000000000
115274000: system.cpu T0 : 0x120033cb4    : beq        r1,0x120033cc8  : IntAlu : 
115277000: system.cpu T0 : 0x120033cc8    : lda        r4,1(r4)        : IntAlu :  D=0x0000000000000004
115278000: system.cpu T0 : 0x120033ccc    : cmpule     r7,r4,r1        : IntAlu :  D=0x0000000000000000
115279000: system.cpu T0 : 0x120033cd0    : beq        r1,0x120033ca0  : IntAlu : 
115282000: system.cpu T0 : 0x120033ca0    : bis        r31,r3,r6       : IntAlu :  D=0x0000000120000120
115705000: system.cpu T0 : 0x120033ca4    : ldl        r1,0(r3)        : MemRead :  D=0x000000006474e551 A=0x120000120
115705000: system.cpu T0 : 0x120033ca8    : lda        r3,56(r3)       : IntAlu :  D=0x0000000120000158
115707000: system.cpu T0 : 0x120033cac    : zapnot     r1,15,r1        : IntAlu :  D=0x000000006474e551
115708000: system.cpu T0 : 0x120033cb0    : cmpeq      r1,r5,r1        : IntAlu :  D=0x0000000000000001
115709000: system.cpu T0 : 0x120033cb4    : beq        r1,0x120033cc8  : IntAlu : 
115713000: system.cpu T0 : 0x120033cb8    : ldl        r2,4(r6)        : MemRead :  D=0x0000000000000007 A=0x120000124
115713000: system.cpu T0 : 0x120033cbc    : ldah       r1,0(r29)       : IntAlu :  D=0x00000001200c8828
115715000: system.cpu T0 : 0x120033cc0    : stl        r2,-29960(r1)   : MemWrite :  D=0x0000000000000007 A=0x1200c1320
115715000: system.cpu T0 : 0x120033cc4    : br         0x120033cf8     : IntAlu : 
116156000: system.cpu T0 : 0x120033cf8    : ldq        r26,0(r30)      : MemRead :  D=0x00000001200341f4 A=0x11ff91cc0
116163000: system.cpu T0 : 0x120033cfc    : ldq        r9,8(r30)       : MemRead :  D=0x0000000000000002 A=0x11ff91cc8
116164000: system.cpu T0 : 0x120033d00    : ldq        r10,16(r30)     : MemRead :  D=0x000000011ff92008 A=0x11ff91cd0
116164000: system.cpu T0 : 0x120033d04    : ldq        r11,24(r30)     : MemRead :  D=0x000000011ff92020 A=0x11ff91cd8
116164000: system.cpu T0 : 0x120033d08    : ldq        r12,32(r30)     : MemRead :  D=0x000000012001e450 A=0x11ff91ce0
116164000: system.cpu T0 : 0x120033d0c    : lda        r30,64(r30)     : IntAlu :  D=0x000000011ff91d00
116165000: system.cpu T0 : 0x120033d10    : ret        (r26)           : IntAlu : 
116584000: system.cpu T0 : 0x1200341f4    : nop        (ldq_u      r31,0(r30)) : No_OpClass : 
116584000: system.cpu T0 : 0x1200341f8    : nop        (ldq_u      r31,0(r30)) : No_OpClass : 
116584000: system.cpu T0 : 0x1200341fc    : bis        r31,r9,r16      : IntAlu :  D=0x0000000000000002
116593000: system.cpu T0 : 0x120034200    : bis        r31,r10,r17     : IntAlu :  D=0x000000011ff92008
116593000: system.cpu T0 : 0x120034204    : bis        r31,r11,r18     : IntAlu :  D=0x000000011ff92020
116593000: system.cpu T0 : 0x120034208    : nop        (ldq_u      r31,0(r30)) : No_OpClass : 
116593000: system.cpu T0 : 0x12003420c    : bsr        r26,0x1200315d8 : IntAlu :  D=0x0000000120034210
117018000: system.cpu T0 : 0x1200315d8    : lda        r30,-32(r30)    : IntAlu :  D=0x000000011ff91ce0
117018000: system.cpu T0 : 0x1200315dc    : stq        r26,0(r30)      : MemWrite :  D=0x0000000120034210 A=0x11ff91ce0
117018000: system.cpu T0 : 0x1200315e0    : stq        r9,8(r30)       : MemWrite :  D=0x0000000000000002 A=0x11ff91ce8
117018000: system.cpu T0 : 0x1200315e4    : stq        r10,16(r30)     : MemWrite :  D=0x000000011ff92008 A=0x11ff91cf0
117019000: system.cpu T0 : 0x1200315e8    : bis        r31,r17,r10     : IntAlu :  D=0x000000011ff92008
117019000: system.cpu T0 : 0x1200315ec    : beq        r17,0x120031638 : IntAlu : 
117449000: system.cpu T0 : 0x1200315f0    : ldq        r9,0(r17)       : MemRead :  D=0x000000011ff920c8 A=0x11ff92008
117451000: system.cpu T0 : 0x1200315f4    : beq        r9,0x120031638  : IntAlu : 
117451000: system.cpu T0 : 0x1200315f8    : bis        r31,r9,r16      : IntAlu :  D=0x000000011ff920c8
117451000: system.cpu T0 : 0x1200315fc    : lda        r17,47(r31)     : IntAlu :  D=0x000000000000002f
117451000: system.cpu T0 : 0x120031600    : nop        (ldq_u      r31,0(r30)) : No_OpClass : 
117452000: system.cpu T0 : 0x120031604    : bsr        r26,strrchr     : IntAlu :  D=0x0000000120031608
117880000: system.cpu T0 : 0x12005a500    : and        r17,255,r3      : IntAlu :  D=0x000000000000002f
117880000: system.cpu T0 : 0x12005a504    : insbl      r17,1,r5        : IntAlu :  D=0x0000000000002f00
117880000: system.cpu T0 : 0x12005a508    : insbl      r17,2,r6        : IntAlu :  D=0x00000000002f0000
118312000: system.cpu T0 : 0x12005a50c    : ldq_u      r1,0(r16)       : MemRead :  D=0x696d2f656d6f682f A=0x11ff920c8
118312000: system.cpu T0 : 0x12005a510    : bis        r31,r31,r7      : IntAlu :  D=0x0000000000000000
118312000: system.cpu T0 : 0x12005a514    : bis        r3,r5,r17       : IntAlu :  D=0x0000000000002f2f
118312000: system.cpu T0 : 0x12005a518    : sll        r6,8,r4         : IntAlu :  D=0x000000002f000000
118313000: system.cpu T0 : 0x12005a51c    : bis        r31,r31,r22     : IntAlu :  D=0x0000000000000000
118313000: system.cpu T0 : 0x12005a520    : bic        r16,7,r0        : IntAlu :  D=0x000000011ff920c8
118313000: system.cpu T0 : 0x12005a524    : bis        r6,r4,r4        : IntAlu :  D=0x000000002f2f0000
118313000: system.cpu T0 : 0x12005a528    : sll        r17,32,r3       : IntAlu :  D=0x00002f2f00000000
118314000: system.cpu T0 : 0x12005a52c    : sll        r17,48,r5       : IntAlu :  D=0x2f2f000000000000
118314000: system.cpu T0 : 0x12005a530    : bis        r5,r17,r17      : IntAlu :  D=0x2f2f000000002f2f
118314000: system.cpu T0 : 0x12005a534    : bis        r3,r4,r3        : IntAlu :  D=0x00002f2f2f2f0000
118315000: system.cpu T0 : 0x12005a538    : bis        r17,r3,r17      : IntAlu :  D=0x2f2f2f2f2f2f2f2f
118315000: system.cpu T0 : 0x12005a53c    : lda        r6,-1(r31)      : IntAlu :  D=0xffffffffffffffff
118315000: system.cpu T0 : 0x12005a540    : cmpbge     r31,r1,r2       : IntAlu :  D=0x0000000000000000
118316000: system.cpu T0 : 0x12005a544    : mskqh      r6,r16,r5       : IntAlu :  D=0xffffffffffffffff
118316000: system.cpu T0 : 0x12005a548    : xor        r1,r17,r3       : IntAlu :  D=0x4642004a42404700
118317000: system.cpu T0 : 0x12005a54c    : cmpbge     r31,r5,r5       : IntAlu :  D=0x0000000000000000
118317000: system.cpu T0 : 0x12005a550    : cmpbge     r31,r3,r4       : IntAlu :  D=0x0000000000000021
118318000: system.cpu T0 : 0x12005a554    : bic        r2,r5,r2        : IntAlu :  D=0x0000000000000000
118318000: system.cpu T0 : 0x12005a558    : bic        r4,r5,r4        : IntAlu :  D=0x0000000000000021
118319000: system.cpu T0 : 0x12005a55c    : bne        r2,0x12005a590  : IntAlu : 
118320000: system.cpu T0 : 0x12005a560    : ldq        r1,8(r0)        : MemRead :  D=0x356563652f612f6e A=0x11ff920d0
118320000: system.cpu T0 : 0x12005a564    : cmovne     r4,r0,r7        : IntAlu :  D=0x000000011ff920c8
118320000: system.cpu T0 : 0x12005a568    : nop        (bis        r31,r31,r31) : No_OpClass : 
118320000: system.cpu T0 : 0x12005a56c    : nop        (bis        r31,r31,r31) : No_OpClass : 
118321000: system.cpu T0 : 0x12005a570    : cmovne     r4,r4,r22       : IntAlu :  D=0x0000000000000021
118321000: system.cpu T0 : 0x12005a574    : nop        (bis        r31,r31,r31) : No_OpClass : 
118321000: system.cpu T0 : 0x12005a578    : addq       r0,8,r0         : IntAlu :  D=0x000000011ff920d0
118322000: system.cpu T0 : 0x12005a57c    : xor        r1,r17,r3       : IntAlu :  D=0x1a4a4c4a004e0041
118744000: system.cpu T0 : 0x12005a580    : cmpbge     r31,r1,r2       : IntAlu :  D=0x0000000000000000
118744000: system.cpu T0 : 0x12005a584    : cmpbge     r31,r3,r4       : IntAlu :  D=0x000000000000000a
118745000: system.cpu T0 : 0x12005a588    : beq        r2,0x12005a560  : IntAlu : 
118749000: system.cpu T0 : 0x12005a560    : ldq        r1,8(r0)        : MemRead :  D=0x68636e65622f3536 A=0x11ff920d8
118749000: system.cpu T0 : 0x12005a564    : cmovne     r4,r0,r7        : IntAlu :  D=0x000000011ff920d0
118749000: system.cpu T0 : 0x12005a568    : nop        (bis        r31,r31,r31) : No_OpClass : 
118749000: system.cpu T0 : 0x12005a56c    : nop        (bis        r31,r31,r31) : No_OpClass : 
118750000: system.cpu T0 : 0x12005a570    : cmovne     r4,r4,r22       : IntAlu :  D=0x000000000000000a
118750000: system.cpu T0 : 0x12005a574    : nop        (bis        r31,r31,r31) : No_OpClass : 
118750000: system.cpu T0 : 0x12005a578    : addq       r0,8,r0         : IntAlu :  D=0x000000011ff920d8
118751000: system.cpu T0 : 0x12005a57c    : xor        r1,r17,r3       : IntAlu :  D=0x474c414a4d001a19
118751000: system.cpu T0 : 0x12005a580    : cmpbge     r31,r1,r2       : IntAlu :  D=0x0000000000000000
118752000: system.cpu T0 : 0x12005a584    : cmpbge     r31,r3,r4       : IntAlu :  D=0x0000000000000004
118752000: system.cpu T0 : 0x12005a588    : beq        r2,0x12005a560  : IntAlu : 
118756000: system.cpu T0 : 0x12005a560    : ldq        r1,8(r0)        : MemRead :  D=0x5550432f63657073 A=0x11ff920e0
118756000: system.cpu T0 : 0x12005a564    : cmovne     r4,r0,r7        : IntAlu :  D=0x000000011ff920d8
118756000: system.cpu T0 : 0x12005a568    : nop        (bis        r31,r31,r31) : No_OpClass : 
118756000: system.cpu T0 : 0x12005a56c    : nop        (bis        r31,r31,r31) : No_OpClass : 
118757000: system.cpu T0 : 0x12005a570    : cmovne     r4,r4,r22       : IntAlu :  D=0x0000000000000004
118757000: system.cpu T0 : 0x12005a574    : nop        (bis        r31,r31,r31) : No_OpClass : 
118757000: system.cpu T0 : 0x12005a578    : addq       r0,8,r0         : IntAlu :  D=0x000000011ff920e0
118758000: system.cpu T0 : 0x12005a57c    : xor        r1,r17,r3       : IntAlu :  D=0x7a7f6c004c4a5f5c
118758000: system.cpu T0 : 0x12005a580    : cmpbge     r31,r1,r2       : IntAlu :  D=0x0000000000000000
118759000: system.cpu T0 : 0x12005a584    : cmpbge     r31,r3,r4       : IntAlu :  D=0x0000000000000010
118759000: system.cpu T0 : 0x12005a588    : beq        r2,0x12005a560  : IntAlu : 
118763000: system.cpu T0 : 0x12005a560    : ldq        r1,8(r0)        : MemRead :  D=0x3835342f36303032 A=0x11ff920e8
118763000: system.cpu T0 : 0x12005a564    : cmovne     r4,r0,r7        : IntAlu :  D=0x000000011ff920e0
118763000: system.cpu T0 : 0x12005a568    : nop        (bis        r31,r31,r31) : No_OpClass : 
118763000: system.cpu T0 : 0x12005a56c    : nop        (bis        r31,r31,r31) : No_OpClass : 
118764000: system.cpu T0 : 0x12005a570    : cmovne     r4,r4,r22       : IntAlu :  D=0x0000000000000010
118764000: system.cpu T0 : 0x12005a574    : nop        (bis        r31,r31,r31) : No_OpClass : 
118764000: system.cpu T0 : 0x12005a578    : addq       r0,8,r0         : IntAlu :  D=0x000000011ff920e8
118765000: system.cpu T0 : 0x12005a57c    : xor        r1,r17,r3       : IntAlu :  D=0x171a1b00191f1f1d
118765000: system.cpu T0 : 0x12005a580    : cmpbge     r31,r1,r2       : IntAlu :  D=0x0000000000000000
118766000: system.cpu T0 : 0x12005a584    : cmpbge     r31,r3,r4       : IntAlu :  D=0x0000000000000010
118766000: system.cpu T0 : 0x12005a588    : beq        r2,0x12005a560  : IntAlu : 
118770000: system.cpu T0 : 0x12005a560    : ldq        r1,8(r0)        : MemRead :  D=0x2f2f676e656a732e A=0x11ff920f0
118770000: system.cpu T0 : 0x12005a564    : cmovne     r4,r0,r7        : IntAlu :  D=0x000000011ff920e8
118770000: system.cpu T0 : 0x12005a568    : nop        (bis        r31,r31,r31) : No_OpClass : 
118770000: system.cpu T0 : 0x12005a56c    : nop        (bis        r31,r31,r31) : No_OpClass : 
118771000: system.cpu T0 : 0x12005a570    : cmovne     r4,r4,r22       : IntAlu :  D=0x0000000000000010
118771000: system.cpu T0 : 0x12005a574    : nop        (bis        r31,r31,r31) : No_OpClass : 
118771000: system.cpu T0 : 0x12005a578    : addq       r0,8,r0         : IntAlu :  D=0x000000011ff920f0
118772000: system.cpu T0 : 0x12005a57c    : xor        r1,r17,r3       : IntAlu :  D=0x000048414a455c01
118772000: system.cpu T0 : 0x12005a580    : cmpbge     r31,r1,r2       : IntAlu :  D=0x0000000000000000
118773000: system.cpu T0 : 0x12005a584    : cmpbge     r31,r3,r4       : IntAlu :  D=0x00000000000000c0
118773000: system.cpu T0 : 0x12005a588    : beq        r2,0x12005a560  : IntAlu : 
118777000: system.cpu T0 : 0x12005a560    : ldq        r1,8(r0)        : MemRead :  D=0x6e656a732f657865 A=0x11ff920f8
118777000: system.cpu T0 : 0x12005a564    : cmovne     r4,r0,r7        : IntAlu :  D=0x000000011ff920f0
118777000: system.cpu T0 : 0x12005a568    : nop        (bis        r31,r31,r31) : No_OpClass : 
118777000: system.cpu T0 : 0x12005a56c    : nop        (bis        r31,r31,r31) : No_OpClass : 
118778000: system.cpu T0 : 0x12005a570    : cmovne     r4,r4,r22       : IntAlu :  D=0x00000000000000c0
118778000: system.cpu T0 : 0x12005a574    : nop        (bis        r31,r31,r31) : No_OpClass : 
118778000: system.cpu T0 : 0x12005a578    : addq       r0,8,r0         : IntAlu :  D=0x000000011ff920f8
118779000: system.cpu T0 : 0x12005a57c    : xor        r1,r17,r3       : IntAlu :  D=0x414a455c004a574a
118779000: system.cpu T0 : 0x12005a580    : cmpbge     r31,r1,r2       : IntAlu :  D=0x0000000000000000
118780000: system.cpu T0 : 0x12005a584    : cmpbge     r31,r3,r4       : IntAlu :  D=0x0000000000000008
118780000: system.cpu T0 : 0x12005a588    : beq        r2,0x12005a560  : IntAlu : 
119206000: system.cpu T0 : 0x12005a560    : ldq        r1,8(r0)        : MemRead :  D=0x2f656d6f682f0067 A=0x11ff92100
119206000: system.cpu T0 : 0x12005a564    : cmovne     r4,r0,r7        : IntAlu :  D=0x000000011ff920f8
119206000: system.cpu T0 : 0x12005a568    : nop        (bis        r31,r31,r31) : No_OpClass : 
119206000: system.cpu T0 : 0x12005a56c    : nop        (bis        r31,r31,r31) : No_OpClass : 
119207000: system.cpu T0 : 0x12005a570    : cmovne     r4,r4,r22       : IntAlu :  D=0x0000000000000008
119207000: system.cpu T0 : 0x12005a574    : nop        (bis        r31,r31,r31) : No_OpClass : 
119207000: system.cpu T0 : 0x12005a578    : addq       r0,8,r0         : IntAlu :  D=0x000000011ff92100
119208000: system.cpu T0 : 0x12005a57c    : xor        r1,r17,r3       : IntAlu :  D=0x004a424047002f48
119208000: system.cpu T0 : 0x12005a580    : cmpbge     r31,r1,r2       : IntAlu :  D=0x0000000000000002
119209000: system.cpu T0 : 0x12005a584    : cmpbge     r31,r3,r4       : IntAlu :  D=0x0000000000000084
119209000: system.cpu T0 : 0x12005a588    : beq        r2,0x12005a560  : IntAlu : 
119212000: system.cpu T0 : 0x12005a58c    : nop        (bis        r31,r31,r31) : No_OpClass : 
119212000: system.cpu T0 : 0x12005a590    : subq       r31,r2,r5       : IntAlu :  D=0xfffffffffffffffe
119213000: system.cpu T0 : 0x12005a594    : and        r2,r5,r5        : IntAlu :  D=0x0000000000000002
119214000: system.cpu T0 : 0x12005a598    : subq       r5,1,r6         : IntAlu :  D=0x0000000000000001
119215000: system.cpu T0 : 0x12005a59c    : bis        r5,r6,r5        : IntAlu :  D=0x0000000000000003
119216000: system.cpu T0 : 0x12005a5a0    : and        r4,r5,r4        : IntAlu :  D=0x0000000000000000
119217000: system.cpu T0 : 0x12005a5a4    : cmovne     r4,r4,r22       : IntAlu :  D=0x0000000000000008
119217000: system.cpu T0 : 0x12005a5a8    : nop        (bis        r31,r31,r31) : No_OpClass : 
119217000: system.cpu T0 : 0x12005a5ac    : nop        (bis        r31,r31,r31) : No_OpClass : 
119217000: system.cpu T0 : 0x12005a5b0    : cmovne     r4,r0,r7        : IntAlu :  D=0x000000011ff920f8
119218000: system.cpu T0 : 0x12005a5b4    : nop        (bis        r31,r31,r31) : No_OpClass : 
119218000: system.cpu T0 : 0x12005a5b8    : ctlz       r22,r3          : IntAlu :  D=0x000000000000003c
119218000: system.cpu T0 : 0x12005a5bc    : nop        (bis        r31,r31,r31) : No_OpClass : 
119640000: system.cpu T0 : 0x12005a5c0    : cmoveq     r22,63,r3       : IntAlu :  D=0x000000000000003c
119640000: system.cpu T0 : 0x12005a5c4    : nop        (bis        r31,r31,r31) : No_OpClass : 
119640000: system.cpu T0 : 0x12005a5c8    : lda        r6,63(r31)      : IntAlu :  D=0x000000000000003f
119641000: system.cpu T0 : 0x12005a5cc    : subq       r6,r3,r6        : IntAlu :  D=0x0000000000000003
119642000: system.cpu T0 : 0x12005a5d0    : addq       r7,r6,r0        : IntAlu :  D=0x000000011ff920fb
119642000: system.cpu T0 : 0x12005a5d4    : ret        (r26)           : IntAlu : 
119644000: system.cpu T0 : 0x120031608    : nop        (ldq_u      r31,0(r30)) : No_OpClass : 
119644000: system.cpu T0 : 0x12003160c    : nop        (ldq_u      r31,0(r30)) : No_OpClass : 
119644000: system.cpu T0 : 0x120031610    : bne        r0,0x120031620  : IntAlu : 
119647000: system.cpu T0 : 0x120031620    : lda        r2,1(r0)        : IntAlu :  D=0x000000011ff920fc
119647000: system.cpu T0 : 0x120031624    : ldah       r1,0(r29)       : IntAlu :  D=0x00000001200c8828
119648000: system.cpu T0 : 0x120031628    : stq        r2,-30000(r1)   : MemWrite :  D=0x000000011ff920fc A=0x1200c12f8
119649000: system.cpu T0 : 0x12003162c    : ldq        r2,0(r10)       : MemRead :  D=0x000000011ff920c8 A=0x11ff92008
119649000: system.cpu T0 : 0x120031630    : ldah       r1,0(r29)       : IntAlu :  D=0x00000001200c8828
119651000: system.cpu T0 : 0x120031634    : stq        r2,-30008(r1)   : MemWrite :  D=0x000000011ff920c8 A=0x1200c12f0
119652000: system.cpu T0 : 0x120031638    : ldq        r26,0(r30)      : MemRead :  D=0x0000000120034210 A=0x11ff91ce0
119653000: system.cpu T0 : 0x12003163c    : ldq        r9,8(r30)       : MemRead :  D=0x0000000000000002 A=0x11ff91ce8
120073000: system.cpu T0 : 0x120031640    : ldq        r10,16(r30)     : MemRead :  D=0x000000011ff92008 A=0x11ff91cf0
120073000: system.cpu T0 : 0x120031644    : lda        r30,32(r30)     : IntAlu :  D=0x000000011ff91d00
120073000: system.cpu T0 : 0x120031648    : ret        (r26)           : IntAlu : 
120497000: system.cpu T0 : 0x120034210    : nop        (ldq_u      r31,0(r30)) : No_OpClass : 
120497000: system.cpu T0 : 0x120034214    : nop        (ldq_u      r31,0(r30)) : No_OpClass : 
120920000: system.cpu T0 : 0x120034218    : ldq        r26,0(r30)      : MemRead :  D=0x000000012001dec8 A=0x11ff91d00
120927000: system.cpu T0 : 0x12003421c    : ldq        r9,8(r30)       : MemRead :  D=0x0000000000000000 A=0x11ff91d08
120928000: system.cpu T0 : 0x120034220    : ldq        r10,16(r30)     : MemRead :  D=0x0000000000000000 A=0x11ff91d10
120928000: system.cpu T0 : 0x120034224    : ldq        r11,24(r30)     : MemRead :  D=0x0000000000000000 A=0x11ff91d18
120928000: system.cpu T0 : 0x120034228    : lda        r30,32(r30)     : IntAlu :  D=0x000000011ff91d20
120928000: system.cpu T0 : 0x12003422c    : ret        (r26)           : IntAlu : 
121348000: system.cpu T0 : 0x12001dec8    : nop        (ldq_u      r31,0(r30)) : No_OpClass : 
121348000: system.cpu T0 : 0x12001decc    : nop        (ldq_u      r31,0(r30)) : No_OpClass : 
121348000: system.cpu T0 : 0x12001ded0    : beq        r12,0x12001def0 : IntAlu : 
121348000: system.cpu T0 : 0x12001ded4    : bis        r31,r12,r16     : IntAlu :  D=0x000000012001e450
121349000: system.cpu T0 : 0x12001ded8    : bis        r31,r31,r17     : IntAlu :  D=0x0000000000000000
121349000: system.cpu T0 : 0x12001dedc    : bis        r31,r31,r18     : IntAlu :  D=0x0000000000000000
121349000: system.cpu T0 : 0x12001dee0    : nop        (ldq_u      r31,0(r30)) : No_OpClass : 
121349000: system.cpu T0 : 0x12001dee4    : bsr        r26,0x12001edb4 : IntAlu :  D=0x000000012001dee8
121774000: system.cpu T0 : 0x12001edb4    : lda        r30,-32(r30)    : IntAlu :  D=0x000000011ff91d00
121774000: system.cpu T0 : 0x12001edb8    : stq        r26,0(r30)      : MemWrite :  D=0x000000012001dee8 A=0x11ff91d00
121774000: system.cpu T0 : 0x12001edbc    : stq        r9,8(r30)       : MemWrite :  D=0x0000000000000000 A=0x11ff91d08
121783000: system.cpu T0 : 0x12001edc0    : stq        r10,16(r30)     : MemWrite :  D=0x0000000000000000 A=0x11ff91d10
121783000: system.cpu T0 : 0x12001edc4    : stq        r11,24(r30)     : MemWrite :  D=0x0000000000000000 A=0x11ff91d18
121783000: system.cpu T0 : 0x12001edc8    : bis        r31,r16,r9      : IntAlu :  D=0x000000012001e450
121783000: system.cpu T0 : 0x12001edcc    : bis        r31,r17,r10     : IntAlu :  D=0x0000000000000000
121784000: system.cpu T0 : 0x12001edd0    : bis        r31,r18,r11     : IntAlu :  D=0x0000000000000000
121784000: system.cpu T0 : 0x12001edd4    : bsr        r26,0x12001ebe0 : IntAlu :  D=0x000000012001edd8
122209000: system.cpu T0 : 0x12001ebe0    : lda        r30,-16(r30)    : IntAlu :  D=0x000000011ff91cf0
122209000: system.cpu T0 : 0x12001ebe4    : stq        r26,0(r30)      : MemWrite :  D=0x000000012001edd8 A=0x11ff91cf0
122209000: system.cpu T0 : 0x12001ebe8    : stq        r9,8(r30)       : MemWrite :  D=0x000000012001e450 A=0x11ff91cf8
122209000: system.cpu T0 : 0x12001ebec    : ldah       r1,0(r29)       : IntAlu :  D=0x00000001200c8828
122639000: system.cpu T0 : 0x12001ebf0    : ldl_l      r2,-29744(r1)   : MemRead :  D=0x0000000000000000 A=0x1200c13f8
122641000: system.cpu T0 : 0x12001ebf4    : cmpeq      r2,0,r3         : IntAlu :  D=0x0000000000000001
122642000: system.cpu T0 : 0x12001ebf8    : beq        r3,0x12001ec0c  : IntAlu : 
122642000: system.cpu T0 : 0x12001ebfc    : bis        r31,1,r3        : IntAlu :  D=0x0000000000000001
122644000: system.cpu T0 : 0x12001ec00    : stl_c      r3,-29744(r1)   : MemWrite :  D=0x0000000000000001 A=0x1200c13f8
122647000: system.cpu T0 : 0x12001ec04    : beq        r3,0x12001ebf0  : IntAlu : 
122647000: system.cpu T0 : 0x12001ec08    : mb                         : MemRead : 
122647000: system.cpu T0 : 0x12001ec0c    : addl       r31,r3,r1       : IntAlu :  D=0x0000000000000001
122648000: system.cpu T0 : 0x12001ec10    : bne        r1,0x12001ec2c  : IntAlu : 
122651000: system.cpu T0 : 0x12001ec2c    : ldah       r1,0(r29)       : IntAlu :  D=0x00000001200c8828
123088000: system.cpu T0 : 0x12001ec30    : ldq        r1,-30112(r1)   : MemRead :  D=0x00000001200c31d8 A=0x1200c1288
123090000: system.cpu T0 : 0x12001ec34    : bis        r31,r1,r5       : IntAlu :  D=0x00000001200c31d8
123090000: system.cpu T0 : 0x12001ec38    : bis        r31,r31,r0      : IntAlu :  D=0x0000000000000000
123090000: system.cpu T0 : 0x12001ec3c    : beq        r1,0x12001eda4  : IntAlu : 
123517000: system.cpu T0 : 0x12001ec40    : ldq        r3,8(r5)        : MemRead :  D=0x0000000000000000 A=0x1200c31e0
123519000: system.cpu T0 : 0x12001ec44    : beq        r3,0x12001ec88  : IntAlu : 
123949000: system.cpu T0 : 0x12001ec88    : stq        r31,8(r5)       : MemWrite :  D=0x0000000000000000 A=0x1200c31e0
123951000: system.cpu T0 : 0x12001ec8c    : ldq        r1,0(r5)        : MemRead :  D=0x0000000000000000 A=0x1200c31d8
123953000: system.cpu T0 : 0x12001ec90    : beq        r1,0x12001eda0  : IntAlu : 
123957000: system.cpu T0 : 0x12001eda0    : bis        r31,r5,r0       : IntAlu :  D=0x00000001200c31d8
123957000: system.cpu T0 : 0x12001eda4    : cmpeq      r1,0,r2         : IntAlu :  D=0x0000000000000001
123957000: system.cpu T0 : 0x12001eda8    : br         0x12001ecb0     : IntAlu : 
123960000: system.cpu T0 : 0x12001ecb0    : bne        r0,0x12001ed0c  : IntAlu : 
124399000: system.cpu T0 : 0x12001ed0c    : lda        r9,16(r0)       : IntAlu :  D=0x00000001200c31e8
124399000: system.cpu T0 : 0x12001ed10    : lda        r1,1(r31)       : IntAlu :  D=0x0000000000000001
124400000: system.cpu T0 : 0x12001ed14    : stq        r1,8(r0)        : MemWrite :  D=0x0000000000000001 A=0x1200c31e0
124400000: system.cpu T0 : 0x12001ed18    : br         0x12001ed30     : IntAlu : 
124403000: system.cpu T0 : 0x12001ed30    : beq        r9,0x12001ed4c  : IntAlu : 
124403000: system.cpu T0 : 0x12001ed34    : lda        r1,1(r31)       : IntAlu :  D=0x0000000000000001
124404000: system.cpu T0 : 0x12001ed38    : stq        r1,0(r9)        : MemWrite :  D=0x0000000000000001 A=0x1200c31e8
124833000: system.cpu T0 : 0x12001ed3c    : ldq        r2,-30784(r29)  : MemRead :  D=0x00000001200c19d0 A=0x1200c0fe8
125262000: system.cpu T0 : 0x12001ed40    : ldq        r1,0(r2)        : MemRead :  D=0x0000000000000000 A=0x1200c19d0
125264000: system.cpu T0 : 0x12001ed44    : lda        r1,1(r1)        : IntAlu :  D=0x0000000000000001
125265000: system.cpu T0 : 0x12001ed48    : stq        r1,0(r2)        : MemWrite :  D=0x0000000000000001 A=0x1200c19d0
125265000: system.cpu T0 : 0x12001ed4c    : ldah       r1,0(r29)       : IntAlu :  D=0x00000001200c8828
125265000: system.cpu T0 : 0x12001ed50    : mb                         : MemRead : 
125691000: system.cpu T0 : 0x12001ed54    : ldl_l      r3,-29744(r1)   : MemRead :  D=0x0000000000000001 A=0x1200c13f8
125691000: system.cpu T0 : 0x12001ed58    : bis        r31,0,r2        : IntAlu :  D=0x0000000000000000
125691000: system.cpu T0 : 0x12001ed5c    : stl_c      r2,-29744(r1)   : MemWrite :  D=0x0000000000000000 A=0x1200c13f8
125694000: system.cpu T0 : 0x12001ed60    : beq        r2,0x12001ed54  : IntAlu : 
125698000: system.cpu T0 : 0x12001ed54    : ldl_l      r3,-29744(r1)   : MemRead :  D=0x0000000000000001 A=0x1200c13f8
125698000: system.cpu T0 : 0x12001ed58    : bis        r31,0,r2        : IntAlu :  D=0x0000000000000000
125699000: system.cpu T0 : 0x12001ed5c    : stl_c      r2,-29744(r1)   : MemWrite :  D=0x0000000000000001 A=0x1200c13f8
125702000: system.cpu T0 : 0x12001ed60    : beq        r2,0x12001ed54  : IntAlu : 
125705000: system.cpu T0 : 0x12001ed64    : addl       r31,r3,r1       : IntAlu :  D=0x0000000000000001
125706000: system.cpu T0 : 0x12001ed68    : cmple      r1,1,r1         : IntAlu :  D=0x0000000000000001
125707000: system.cpu T0 : 0x12001ed6c    : bne        r1,0x12001ed8c  : IntAlu : 
125710000: system.cpu T0 : 0x12001ed8c    : bis        r31,r9,r0       : IntAlu :  D=0x00000001200c31e8
126133000: system.cpu T0 : 0x12001ed90    : ldq        r26,0(r30)      : MemRead :  D=0x000000012001edd8 A=0x11ff91cf0
126140000: system.cpu T0 : 0x12001ed94    : ldq        r9,8(r30)       : MemRead :  D=0x000000012001e450 A=0x11ff91cf8
126140000: system.cpu T0 : 0x12001ed98    : lda        r30,16(r30)     : IntAlu :  D=0x000000011ff91d00
126140000: system.cpu T0 : 0x12001ed9c    : ret        (r26)           : IntAlu : 
126140000: system.cpu T0 : 0x12001edd8    : lda        r1,-1(r31)      : IntAlu :  D=0xffffffffffffffff
126141000: system.cpu T0 : 0x12001eddc    : beq        r0,0x12001edfc  : IntAlu : 
126142000: system.cpu T0 : 0x12001ede0    : stq        r9,8(r0)        : MemWrite :  D=0x000000012001e450 A=0x1200c31f0
126142000: system.cpu T0 : 0x12001ede4    : stq        r10,16(r0)      : MemWrite :  D=0x0000000000000000 A=0x1200c31f8
126142000: system.cpu T0 : 0x12001ede8    : stq        r11,24(r0)      : MemWrite :  D=0x0000000000000000 A=0x1200c3200
126142000: system.cpu T0 : 0x12001edec    : wmb                        : MemWrite : 
126143000: system.cpu T0 : 0x12001edf0    : lda        r1,4(r31)       : IntAlu :  D=0x0000000000000004
126144000: system.cpu T0 : 0x12001edf4    : stq        r1,0(r0)        : MemWrite :  D=0x0000000000000004 A=0x1200c31e8
126144000: system.cpu T0 : 0x12001edf8    : bis        r31,r31,r1      : IntAlu :  D=0x0000000000000000
126145000: system.cpu T0 : 0x12001edfc    : bis        r31,r1,r0       : IntAlu :  D=0x0000000000000000
126566000: system.cpu T0 : 0x12001ee00    : ldq        r26,0(r30)      : MemRead :  D=0x000000012001dee8 A=0x11ff91d00
126567000: system.cpu T0 : 0x12001ee04    : ldq        r9,8(r30)       : MemRead :  D=0x0000000000000000 A=0x11ff91d08
126567000: system.cpu T0 : 0x12001ee08    : ldq        r10,16(r30)     : MemRead :  D=0x0000000000000000 A=0x11ff91d10
126567000: system.cpu T0 : 0x12001ee0c    : ldq        r11,24(r30)     : MemRead :  D=0x0000000000000000 A=0x11ff91d18
126567000: system.cpu T0 : 0x12001ee10    : lda        r30,32(r30)     : IntAlu :  D=0x000000011ff91d20
126568000: system.cpu T0 : 0x12001ee14    : ret        (r26)           : IntAlu : 
126991000: system.cpu T0 : 0x12001dee8    : nop        (ldq_u      r31,0(r30)) : No_OpClass : 
126991000: system.cpu T0 : 0x12001deec    : nop        (ldq_u      r31,0(r30)) : No_OpClass : 
127421000: system.cpu T0 : 0x12001def0    : ldq        r1,-31792(r29)  : MemRead :  D=0x00000001200be600 A=0x1200c0bf8
127847000: system.cpu T0 : 0x12001def4    : ldl        r1,0(r1)        : MemRead :  D=0x0000000000000000 A=0x1200be600
127849000: system.cpu T0 : 0x12001def8    : beq        r1,0x12001df0c  : IntAlu : 
127852000: system.cpu T0 : 0x12001df0c    : beq        r13,0x12001df30 : IntAlu : 
128285000: system.cpu T0 : 0x12001df10    : ldq        r16,696(r30)    : MemRead :  D=0x0000000000000002 A=0x11ff91fd8
128292000: system.cpu T0 : 0x12001df14    : ldq        r17,704(r30)    : MemRead :  D=0x000000011ff92008 A=0x11ff91fe0
128292000: system.cpu T0 : 0x12001df18    : lda        r1,-29608(r29)  : IntAlu :  D=0x00000001200c1480
128292000: system.cpu T0 : 0x12001df1c    : ldq        r18,0(r1)       : MemRead :  D=0x000000011ff92020 A=0x1200c1480
128292000: system.cpu T0 : 0x12001df20    : bis        r31,r13,r27     : IntAlu :  D=0x000000012001e4c0
128293000: system.cpu T0 : 0x12001df24    : jsr        r26,(r27)       : IntAlu :  D=0x000000012001df28
128297000: system.cpu T0 : 0x12001e4c0    : ldah       r29,11(r27)     : IntAlu :  D=0x00000001200ce4c0
128298000: system.cpu T0 : 0x12001e4c4    : lda        r29,-23704(r29) : IntAlu :  D=0x00000001200c8828
128298000: system.cpu T0 : 0x12001e4c8    : lda        r30,-64(r30)    : IntAlu :  D=0x000000011ff91ce0
128298000: system.cpu T0 : 0x12001e4cc    : stq        r26,0(r30)      : MemWrite :  D=0x000000012001df28 A=0x11ff91ce0
128298000: system.cpu T0 : 0x12001e4d0    : stq        r9,8(r30)       : MemWrite :  D=0x0000000000000000 A=0x11ff91ce8
128299000: system.cpu T0 : 0x12001e4d4    : stq        r10,16(r30)     : MemWrite :  D=0x0000000000000000 A=0x11ff91cf0
128299000: system.cpu T0 : 0x12001e4d8    : stq        r11,24(r30)     : MemWrite :  D=0x0000000000000000 A=0x11ff91cf8
128299000: system.cpu T0 : 0x12001e4dc    : stq        r12,32(r30)     : MemWrite :  D=0x000000012001e450 A=0x11ff91d00
128299000: system.cpu T0 : 0x12001e4e0    : stq        r13,40(r30)     : MemWrite :  D=0x000000012001e4c0 A=0x11ff91d08
128300000: system.cpu T0 : 0x12001e4e4    : stq        r14,48(r30)     : MemWrite :  D=0x0000000000000000 A=0x11ff91d10
128300000: system.cpu T0 : 0x12001e4e8    : bis        r31,r16,r14     : IntAlu :  D=0x0000000000000002
128300000: system.cpu T0 : 0x12001e4ec    : bis        r31,r17,r13     : IntAlu :  D=0x000000011ff92008
128300000: system.cpu T0 : 0x12001e4f0    : bis        r31,r18,r12     : IntAlu :  D=0x000000011ff92020
128739000: system.cpu T0 : 0x12001e4f4    : ldq        r2,-30272(r29)  : MemRead :  D=0x00000001200be020 A=0x1200c11e8
128748000: system.cpu T0 : 0x12001e4f8    : ldq        r1,-30816(r29)  : MemRead :  D=0x00000001200be020 A=0x1200c0fc8
128750000: system.cpu T0 : 0x12001e4fc    : subq       r1,r2,r1        : IntAlu :  D=0x0000000000000000
128751000: system.cpu T0 : 0x12001e500    : sra        r1,3,r11        : IntAlu :  D=0x0000000000000000
128752000: system.cpu T0 : 0x12001e504    : beq        r11,0x12001e53c : IntAlu : 
128755000: system.cpu T0 : 0x12001e53c    : nop        (ldq_u      r31,0(r30)) : No_OpClass : 
129180000: system.cpu T0 : 0x12001e540    : bsr        r26,0x120000180 : IntAlu :  D=0x000000012001e544
129605000: system.cpu T0 : 0x120000180    : subq       r30,16,r30      : IntAlu :  D=0x000000011ff91cd0
129605000: system.cpu T0 : 0x120000184    : lda        r27,0(r31)      : IntAlu :  D=0x0000000000000000
129605000: system.cpu T0 : 0x120000188    : stq        r26,0(r30)      : MemWrite :  D=0x000000012001e544 A=0x11ff91cd0
129605000: system.cpu T0 : 0x12000018c    : stq        r29,8(r30)      : MemWrite :  D=0x00000001200c8828 A=0x11ff91cd8
129606000: system.cpu T0 : 0x120000190    : beq        r27,0x1200001a0 : IntAlu : 
129609000: system.cpu T0 : 0x1200001a0    : br         r29,0x1200001a4 : IntAlu :  D=0x00000001200001a4
129610000: system.cpu T0 : 0x1200001a4    : ldah       r29,13(r29)     : IntAlu :  D=0x00000001200d01a4
129611000: system.cpu T0 : 0x1200001a8    : lda        r29,-31100(r29) : IntAlu :  D=0x00000001200c8828
129611000: system.cpu T0 : 0x1200001ac    : nop        (ldq_u      r31,0(r30)) : No_OpClass : 
129611000: system.cpu T0 : 0x1200001b0    : nop        (ldq_u      r31,0(r30)) : No_OpClass : 
129611000: system.cpu T0 : 0x1200001b4    : bsr        r26,0x1200002e4 : IntAlu :  D=0x00000001200001b8
130473000: system.cpu T0 : 0x1200002e4    : ldq        r1,-30240(r29)  : MemRead :  D=0x000000012008846c A=0x1200c1208
130473000: system.cpu T0 : 0x1200002e8    : lda        r30,-16(r30)    : IntAlu :  D=0x000000011ff91cc0
130473000: system.cpu T0 : 0x1200002ec    : stq        r26,0(r30)      : MemWrite :  D=0x00000001200001b8 A=0x11ff91cc0
130475000: system.cpu T0 : 0x1200002f0    : beq        r1,0x120000314  : IntAlu : 
130475000: system.cpu T0 : 0x1200002f4    : nop        (ldq_u      r31,0(r30)) : No_OpClass : 
130475000: system.cpu T0 : 0x1200002f8    : ldah       r16,-2(r29)     : IntAlu :  D=0x00000001200a8828
130475000: system.cpu T0 : 0x1200002fc    : ldah       r17,0(r29)      : IntAlu :  D=0x00000001200c8828
130476000: system.cpu T0 : 0x120000300    : lda        r16,-7288(r16)  : IntAlu :  D=0x00000001200a6bb0
130476000: system.cpu T0 : 0x120000304    : lda        r17,-27904(r17) : IntAlu :  D=0x00000001200c1b28
130476000: system.cpu T0 : 0x120000308    : bsr        r26,0x120088474 : IntAlu :  D=0x000000012000030c
130906000: system.cpu T0 : 0x120088474    : bis        r31,r31,r18     : IntAlu :  D=0x0000000000000000
130906000: system.cpu T0 : 0x120088478    : bis        r31,r31,r19     : IntAlu :  D=0x0000000000000000
130906000: system.cpu T0 : 0x12008847c    : br         0x1200883d4     : IntAlu : 
131332000: system.cpu T0 : 0x1200883d4    : lda        r30,-16(r30)    : IntAlu :  D=0x000000011ff91cb0
131332000: system.cpu T0 : 0x1200883d8    : stq        r9,8(r30)       : MemWrite :  D=0x0000000000000000 A=0x11ff91cb8
131332000: system.cpu T0 : 0x1200883dc    : stq        r26,0(r30)      : MemWrite :  D=0x000000012000030c A=0x11ff91cb0
131332000: system.cpu T0 : 0x1200883e0    : bis        r31,r17,r9      : IntAlu :  D=0x00000001200c1b28
131333000: system.cpu T0 : 0x1200883e4    : beq        r16,0x12008845c : IntAlu : 
131333000: system.cpu T0 : 0x1200883e8    : ldl        r1,0(r16)       : MemRead :  A=0x1200a6bb0
131772000: system.cpu T0 : 0x1200883e8    : ldl        r1,0(r16)       : MemRead :  D=0x0000000000000014 A=0x1200a6bb0
131774000: system.cpu T0 : 0x1200883ec    : beq        r1,0x12008845c  : IntAlu : 
131774000: system.cpu T0 : 0x1200883f0    : lda        r1,-1(r31)      : IntAlu :  D=0xffffffffffffffff
131774000: system.cpu T0 : 0x1200883f4    : stq        r18,8(r17)      : MemWrite :  D=0x0000000000000000 A=0x1200c1b30
131774000: system.cpu T0 : 0x1200883f8    : stq        r19,16(r17)     : MemWrite :  D=0x0000000000000000 A=0x1200c1b38
131775000: system.cpu T0 : 0x1200883fc    : stq        r1,0(r17)       : MemWrite :  D=0xffffffffffffffff A=0x1200c1b28
131775000: system.cpu T0 : 0x120088400    : lda        r1,2041(r1)     : IntAlu :  D=0x00000000000007f8
131775000: system.cpu T0 : 0x120088404    : stq        r16,24(r17)     : MemWrite :  D=0x00000001200a6bb0 A=0x1200c1b40
131776000: system.cpu T0 : 0x120088408    : stq        r1,32(r17)      : MemWrite :  D=0x00000000000007f8 A=0x1200c1b48
131776000: system.cpu T0 : 0x12008840c    : lda        r1,0(r31)       : IntAlu :  D=0x0000000000000000
131777000: system.cpu T0 : 0x120088410    : beq        r1,0x12008842c  : IntAlu : 
131780000: system.cpu T0 : 0x12008842c    : ldah       r1,0(r29)       : IntAlu :  D=0x00000001200c8828
132219000: system.cpu T0 : 0x120088430    : ldq        r2,-28928(r1)   : MemRead :  D=0x0000000000000000 A=0x1200c1728
132221000: system.cpu T0 : 0x120088434    : stq        r2,40(r9)       : MemWrite :  D=0x0000000000000000 A=0x1200c1b50
132221000: system.cpu T0 : 0x120088438    : stq        r9,-28928(r1)   : MemWrite :  D=0x00000001200c1b28 A=0x1200c1728
132221000: system.cpu T0 : 0x12008843c    : lda        r1,0(r31)       : IntAlu :  D=0x0000000000000000
132222000: system.cpu T0 : 0x120088440    : beq        r1,0x12008845c  : IntAlu : 
132226000: system.cpu T0 : 0x12008845c    : ldq        r26,0(r30)      : MemRead :  D=0x000000012000030c A=0x11ff91cb0
132227000: system.cpu T0 : 0x120088460    : ldq        r9,8(r30)       : MemRead :  D=0x0000000000000000 A=0x11ff91cb8
132227000: system.cpu T0 : 0x120088464    : lda        r30,16(r30)     : IntAlu :  D=0x000000011ff91cc0
132228000: system.cpu T0 : 0x120088468    : ret        (r26)           : IntAlu : 
132228000: system.cpu T0 : 0x12000030c    : nop        (ldq_u      r31,0(r30)) : No_OpClass : 
132228000: system.cpu T0 : 0x120000310    : nop        (ldq_u      r31,0(r30)) : No_OpClass : 
132228000: system.cpu T0 : 0x120000314    : ldah       r16,-1(r29)     : IntAlu :  D=0x00000001200b8828
132652000: system.cpu T0 : 0x120000318    : ldq        r1,22560(r16)   : MemRead :  D=0x0000000000000000 A=0x1200be048
132654000: system.cpu T0 : 0x12000031c    : beq        r1,0x120000338  : IntAlu : 
132658000: system.cpu T0 : 0x120000338    : ldq        r26,0(r30)      : MemRead :  D=0x00000001200001b8 A=0x11ff91cc0
132658000: system.cpu T0 : 0x12000033c    : lda        r30,16(r30)     : IntAlu :  D=0x000000011ff91cd0
133080000: system.cpu T0 : 0x120000340    : ret        (r26)           : IntAlu : 
133083000: system.cpu T0 : 0x1200001b8    : br         r29,0x1200001bc : IntAlu :  D=0x00000001200001bc
133084000: system.cpu T0 : 0x1200001bc    : ldah       r29,13(r29)     : IntAlu :  D=0x00000001200d01bc
133095000: system.cpu T0 : 0x1200001c0    : lda        r29,-31124(r29) : IntAlu :  D=0x00000001200c8828
133095000: system.cpu T0 : 0x1200001c4    : nop        (ldq_u      r31,0(r30)) : No_OpClass : 
133095000: system.cpu T0 : 0x1200001c8    : nop        (ldq_u      r31,0(r30)) : No_OpClass : 
133095000: system.cpu T0 : 0x1200001cc    : bsr        r26,0x12008a8f0 : IntAlu :  D=0x00000001200001d0
133525000: system.cpu T0 : 0x12008a8f0    : ldah       r1,-1(r29)      : IntAlu :  D=0x00000001200b8828
133525000: system.cpu T0 : 0x12008a8f4    : lda        r30,-32(r30)    : IntAlu :  D=0x000000011ff91cb0
133526000: system.cpu T0 : 0x12008a8f8    : lda        r1,22528(r1)    : IntAlu :  D=0x00000001200be028
133526000: system.cpu T0 : 0x12008a8fc    : stq        r9,8(r30)       : MemWrite :  D=0x0000000000000000 A=0x11ff91cb8
133534000: system.cpu T0 : 0x12008a900    : stq        r10,16(r30)     : MemWrite :  D=0x0000000000000000 A=0x11ff91cc0
133534000: system.cpu T0 : 0x12008a904    : lda        r10,-1(r31)     : IntAlu :  D=0xffffffffffffffff
133534000: system.cpu T0 : 0x12008a908    : stq        r26,0(r30)      : MemWrite :  D=0x00000001200001d0 A=0x11ff91cb0
133534000: system.cpu T0 : 0x12008a90c    : lda        r9,-8(r1)       : IntAlu :  D=0x00000001200be020
133535000: system.cpu T0 : 0x12008a910    : br         0x12008a920     : IntAlu : 
133969000: system.cpu T0 : 0x12008a920    : ldq        r27,0(r9)       : MemRead :  D=0xffffffffffffffff A=0x1200be020
133969000: system.cpu T0 : 0x12008a924    : lda        r9,-8(r9)       : IntAlu :  D=0x00000001200be018
133971000: system.cpu T0 : 0x12008a928    : cmpeq      r27,r10,r1      : IntAlu :  D=0x0000000000000001
133972000: system.cpu T0 : 0x12008a92c    : beq        r1,0x12008a914  : IntAlu : 
133973000: system.cpu T0 : 0x12008a930    : ldq        r26,0(r30)      : MemRead :  D=0x00000001200001d0 A=0x11ff91cb0
133974000: system.cpu T0 : 0x12008a934    : ldq        r9,8(r30)       : MemRead :  D=0x0000000000000000 A=0x11ff91cb8
133974000: system.cpu T0 : 0x12008a938    : ldq        r10,16(r30)     : MemRead :  D=0x0000000000000000 A=0x11ff91cc0
133974000: system.cpu T0 : 0x12008a93c    : lda        r30,32(r30)     : IntAlu :  D=0x000000011ff91cd0
133975000: system.cpu T0 : 0x12008a940    : ret        (r26)           : IntAlu : 
133977000: system.cpu T0 : 0x1200001d0    : ldq        r26,0(r30)      : MemRead :  D=0x000000012001e544 A=0x11ff91cd0
133978000: system.cpu T0 : 0x1200001d4    : ldq        r29,8(r30)      : MemRead :  D=0x00000001200c8828 A=0x11ff91cd8
133978000: system.cpu T0 : 0x1200001d8    : addq       r30,16,r30      : IntAlu :  D=0x000000011ff91ce0
133979000: system.cpu T0 : 0x1200001dc    : ret        (r26)           : IntAlu : 
134401000: system.cpu T0 : 0x12001e544    : nop        (ldq_u      r31,0(r30)) : No_OpClass : 
134401000: system.cpu T0 : 0x12001e548    : nop        (ldq_u      r31,0(r30)) : No_OpClass : 
134824000: system.cpu T0 : 0x12001e54c    : ldq        r2,-30416(r29)  : MemRead :  D=0x00000001200be020 A=0x1200c1158
134833000: system.cpu T0 : 0x12001e550    : ldq        r1,-31040(r29)  : MemRead :  D=0x00000001200be020 A=0x1200c0ee8
134835000: system.cpu T0 : 0x12001e554    : subq       r1,r2,r1        : IntAlu :  D=0x0000000000000000
134836000: system.cpu T0 : 0x12001e558    : sra        r1,3,r11        : IntAlu :  D=0x0000000000000000
134837000: system.cpu T0 : 0x12001e55c    : beq        r11,0x12001e594 : IntAlu : 
135264000: system.cpu T0 : 0x12001e594    : ldq        r26,0(r30)      : MemRead :  D=0x000000012001df28 A=0x11ff91ce0
135265000: system.cpu T0 : 0x12001e598    : ldq        r9,8(r30)       : MemRead :  D=0x0000000000000000 A=0x11ff91ce8
135265000: system.cpu T0 : 0x12001e59c    : ldq        r10,16(r30)     : MemRead :  D=0x0000000000000000 A=0x11ff91cf0
135265000: system.cpu T0 : 0x12001e5a0    : ldq        r11,24(r30)     : MemRead :  D=0x0000000000000000 A=0x11ff91cf8
135703000: system.cpu T0 : 0x12001e5a4    : ldq        r12,32(r30)     : MemRead :  D=0x000000012001e450 A=0x11ff91d00
135710000: system.cpu T0 : 0x12001e5a8    : ldq        r13,40(r30)     : MemRead :  D=0x000000012001e4c0 A=0x11ff91d08
135711000: system.cpu T0 : 0x12001e5ac    : ldq        r14,48(r30)     : MemRead :  D=0x0000000000000000 A=0x11ff91d10
135711000: system.cpu T0 : 0x12001e5b0    : lda        r30,64(r30)     : IntAlu :  D=0x000000011ff91d20
135711000: system.cpu T0 : 0x12001e5b4    : ret        (r26)           : IntAlu : 
135711000: system.cpu T0 : 0x12001df28    : ldah       r29,11(r26)     : IntAlu :  D=0x00000001200cdf28
135712000: system.cpu T0 : 0x12001df2c    : lda        r29,-22272(r29) : IntAlu :  D=0x00000001200c8828
135712000: system.cpu T0 : 0x12001df30    : lda        r16,48(r30)     : IntAlu :  D=0x000000011ff91d50
135712000: system.cpu T0 : 0x12001df34    : nop        (ldq_u      r31,0(r30)) : No_OpClass : 
135712000: system.cpu T0 : 0x12001df38    : bsr        r26,0x12001e6f8 : IntAlu :  D=0x000000012001df3c
136130000: system.cpu T0 : 0x12001e6f8    : bis        r31,0,r17       : IntAlu :  D=0x0000000000000000
136130000: system.cpu T0 : 0x12001e6fc    : br         0x12001e688     : IntAlu : 
136556000: system.cpu T0 : 0x12001e688    : subq       r30,16,r30      : IntAlu :  D=0x000000011ff91d10
136556000: system.cpu T0 : 0x12001e68c    : stq        r26,0(r30)      : MemWrite :  D=0x000000012001df3c A=0x11ff91d10
136556000: system.cpu T0 : 0x12001e690    : stq        r9,0(r16)       : MemWrite :  D=0x0000000000000000 A=0x11ff91d50
136556000: system.cpu T0 : 0x12001e694    : stq        r10,8(r16)      : MemWrite :  D=0x0000000000000000 A=0x11ff91d58
136557000: system.cpu T0 : 0x12001e698    : stq        r11,16(r16)     : MemWrite :  D=0x0000000000000000 A=0x11ff91d60
136557000: system.cpu T0 : 0x12001e69c    : stq        r12,24(r16)     : MemWrite :  D=0x000000012001e450 A=0x11ff91d68
136557000: system.cpu T0 : 0x12001e6a0    : stq        r13,32(r16)     : MemWrite :  D=0x000000012001e4c0 A=0x11ff91d70
136557000: system.cpu T0 : 0x12001e6a4    : stq        r14,40(r16)     : MemWrite :  D=0x0000000000000000 A=0x11ff91d78
136558000: system.cpu T0 : 0x12001e6a8    : stq        r26,48(r16)     : MemWrite :  D=0x000000012001df3c A=0x11ff91d80
136558000: system.cpu T0 : 0x12001e6ac    : addq       r30,16,r2       : IntAlu :  D=0x000000011ff91d20
136559000: system.cpu T0 : 0x12001e6b0    : stq        r2,64(r16)      : MemWrite :  D=0x000000011ff91d20 A=0x11ff91d90
136559000: system.cpu T0 : 0x12001e6b4    : stq        r15,56(r16)     : MemWrite :  D=0x0000000000000000 A=0x11ff91d88
136559000: system.cpu T0 : 0x12001e6b8    : stt        f2,72(r16)      : MemWrite :  D=0x0000000000000000 A=0x11ff91d98
136559000: system.cpu T0 : 0x12001e6bc    : stt        f3,80(r16)      : MemWrite :  D=0x0000000000000000 A=0x11ff91da0
136560000: system.cpu T0 : 0x12001e6c0    : stt        f4,88(r16)      : MemWrite :  D=0x0000000000000000 A=0x11ff91da8
136560000: system.cpu T0 : 0x12001e6c4    : stt        f5,96(r16)      : MemWrite :  D=0x0000000000000000 A=0x11ff91db0
136560000: system.cpu T0 : 0x12001e6c8    : stt        f6,104(r16)     : MemWrite :  D=0x0000000000000000 A=0x11ff91db8
136560000: system.cpu T0 : 0x12001e6cc    : stt        f7,112(r16)     : MemWrite :  D=0x0000000000000000 A=0x11ff91dc0
136561000: system.cpu T0 : 0x12001e6d0    : stt        f8,120(r16)     : MemWrite :  D=0x0000000000000000 A=0x11ff91dc8
136561000: system.cpu T0 : 0x12001e6d4    : stt        f9,128(r16)     : MemWrite :  D=0x0000000000000000 A=0x11ff91dd0
136561000: system.cpu T0 : 0x12001e6d8    : nop        (ldq_u      r31,0(r30)) : No_OpClass : 
136561000: system.cpu T0 : 0x12001e6dc    : bsr        r26,0x12001e718 : IntAlu :  D=0x000000012001e6e0
136564000: system.cpu T0 : 0x12001e718    : lda        r30,-16(r30)    : IntAlu :  D=0x000000011ff91d00
136564000: system.cpu T0 : 0x12001e71c    : stq        r26,0(r30)      : MemWrite :  D=0x000000012001e6e0 A=0x11ff91d00
136564000: system.cpu T0 : 0x12001e720    : stq        r9,8(r30)       : MemWrite :  D=0x0000000000000000 A=0x11ff91d08
136564000: system.cpu T0 : 0x12001e724    : bis        r31,r16,r9      : IntAlu :  D=0x000000011ff91d50
136565000: system.cpu T0 : 0x12001e728    : beq        r17,0x12001e750 : IntAlu : 
137010000: system.cpu T0 : 0x12001e750    : bis        r31,r31,r1      : IntAlu :  D=0x0000000000000000
137011000: system.cpu T0 : 0x12001e754    : stl        r1,136(r9)      : MemWrite :  D=0x0000000000000000 A=0x11ff91dd8
137011000: system.cpu T0 : 0x12001e758    : bis        r31,r31,r0      : IntAlu :  D=0x0000000000000000
137013000: system.cpu T0 : 0x12001e75c    : ldq        r26,0(r30)      : MemRead :  D=0x000000012001e6e0 A=0x11ff91d00
137013000: system.cpu T0 : 0x12001e760    : ldq        r9,8(r30)       : MemRead :  D=0x0000000000000000 A=0x11ff91d08
137013000: system.cpu T0 : 0x12001e764    : lda        r30,16(r30)     : IntAlu :  D=0x000000011ff91d10
137015000: system.cpu T0 : 0x12001e768    : ret        (r26)           : IntAlu : 
137016000: system.cpu T0 : 0x12001e6e0    : ldq        r26,0(r30)      : MemRead :  D=0x000000012001df3c A=0x11ff91d10
137016000: system.cpu T0 : 0x12001e6e4    : addq       r30,16,r30      : IntAlu :  D=0x000000011ff91d20
137018000: system.cpu T0 : 0x12001e6e8    : ret        (r26)           : IntAlu : 
137018000: system.cpu T0 : 0x12001df3c    : nop        (ldq_u      r31,0(r30)) : No_OpClass : 
137018000: system.cpu T0 : 0x12001df40    : nop        (ldq_u      r31,0(r30)) : No_OpClass : 
137019000: system.cpu T0 : 0x12001df44    : bne        r0,0x12001df8c  : IntAlu : 
137022000: system.cpu T0 : 0x12001df48    : call_pal   rduniq          : IntAlu :  D=0x000000012033a6b0
137023000: system.cpu T0 : 0x12001df4c    : lda        r0,-1712(r0)    : IntAlu :  D=0x000000012033a000
137447000: system.cpu T0 : 0x12001df50    : ldq        r1,192(r0)      : MemRead :  D=0x0000000000000000 A=0x12033a0c0
137449000: system.cpu T0 : 0x12001df54    : stq        r1,192(r30)     : MemWrite :  D=0x0000000000000000 A=0x11ff91de0
137876000: system.cpu T0 : 0x12001df58    : ldq        r1,184(r0)      : MemRead :  D=0x0000000000000000 A=0x12033a0b8
137878000: system.cpu T0 : 0x12001df5c    : stq        r1,200(r30)     : MemWrite :  D=0x0000000000000000 A=0x11ff91de8
137878000: system.cpu T0 : 0x12001df60    : lda        r1,48(r30)      : IntAlu :  D=0x000000011ff91d50
137879000: system.cpu T0 : 0x12001df64    : stq        r1,192(r0)      : MemWrite :  D=0x000000011ff91d50 A=0x12033a0c0
138314000: system.cpu T0 : 0x12001df68    : ldq        r16,696(r30)    : MemRead :  D=0x0000000000000002 A=0x11ff91fd8
138321000: system.cpu T0 : 0x12001df6c    : ldq        r17,704(r30)    : MemRead :  D=0x000000011ff92008 A=0x11ff91fe0
138321000: system.cpu T0 : 0x12001df70    : lda        r1,-29608(r29)  : IntAlu :  D=0x00000001200c1480
138321000: system.cpu T0 : 0x12001df74    : ldq        r18,0(r1)       : MemRead :  D=0x000000011ff92020 A=0x1200c1480
138322000: system.cpu T0 : 0x12001df78    : ldq        r27,688(r30)    : MemRead :  D=0x0000000120017680 A=0x11ff91fd0
138324000: system.cpu T0 : 0x12001df7c    : jsr        r26,(r27)       : IntAlu :  D=0x000000012001df80
138755000: system.cpu T0 : 0x120017680    : ldah       r29,11(r27)     : IntAlu :  D=0x00000001200c7680
138756000: system.cpu T0 : 0x120017684    : lda        r29,4520(r29)   : IntAlu :  D=0x00000001200c8828
138756000: system.cpu T0 : 0x120017688    : stq        r31,-4096(r30)  : MemWrite :  D=0x0000000000000000 A=0x11ff90d20
138756000: system.cpu T0 : 0x12001768c    : nop        (ldq_u      r31,0(r30)) : No_OpClass : 
138756000: system.cpu T0 : 0x120017690    : lda        r1,4(r31)       : IntAlu :  D=0x0000000000000004
138757000: system.cpu T0 : 0x120017694    : stq        r31,-12288(r30) : MemWrite :  D=0x0000000000000000 A=0x11ff8ed20
info: Increasing stack size by one page.
138763000: system.cpu T0 : 0x120017694    : stq        r31,-12288(r30) : MemWrite :  D=0x0000000000000000 A=0x11ff8ed20
138763000: system.cpu T0 : 0x120017698    : stq        r31,-20480(r30) : MemWrite :  D=0x0000000000000000 A=0x11ff8cd20
info: Increasing stack size by one page.
138769000: system.cpu T0 : 0x120017698    : stq        r31,-20480(r30) : MemWrite :  D=0x0000000000000000 A=0x11ff8cd20
138769000: system.cpu T0 : 0x12001769c    : lda        r30,-24976(r30) : IntAlu :  D=0x000000011ff8bb90
138769000: system.cpu T0 : 0x1200176a0    : stt        f2,64(r30)      : MemWrite :  D=0x0000000000000000 A=0x11ff8bbd0
info: Increasing stack size by one page.
138775000: system.cpu T0 : 0x1200176a0    : stt        f2,64(r30)      : MemWrite :  D=0x0000000000000000 A=0x11ff8bbd0
138775000: system.cpu T0 : 0x1200176a4    : stt        f3,72(r30)      : MemWrite :  D=0x0000000000000000 A=0x11ff8bbd8
138775000: system.cpu T0 : 0x1200176a8    : stq        r26,0(r30)      : MemWrite :  D=0x000000012001df80 A=0x11ff8bb90
138775000: system.cpu T0 : 0x1200176ac    : stl        r1,80(r30)      : MemWrite :  D=0x0000000000000004 A=0x11ff8bbe0
138776000: system.cpu T0 : 0x1200176b0    : stq        r9,8(r30)       : MemWrite :  D=0x0000000000000000 A=0x11ff8bb98
138776000: system.cpu T0 : 0x1200176b4    : stq        r10,16(r30)     : MemWrite :  D=0x0000000000000000 A=0x11ff8bba0
138776000: system.cpu T0 : 0x1200176b8    : bis        r31,r16,r9      : IntAlu :  D=0x0000000000000002
138777000: system.cpu T0 : 0x1200176bc    : cmpeq      r9,2,r9         : IntAlu :  D=0x0000000000000001
139183000: system.cpu T0 : 0x1200176c0    : stq        r11,24(r30)     : MemWrite :  D=0x0000000000000000 A=0x11ff8bba8
139183000: system.cpu T0 : 0x1200176c4    : stq        r15,56(r30)     : MemWrite :  D=0x0000000000000000 A=0x11ff8bbc8
139183000: system.cpu T0 : 0x1200176c8    : bis        r31,r17,r11     : IntAlu :  D=0x000000011ff92008
139183000: system.cpu T0 : 0x1200176cc    : stq        r12,32(r30)     : MemWrite :  D=0x000000012001e450 A=0x11ff8bbb0
139184000: system.cpu T0 : 0x1200176d0    : stq        r13,40(r30)     : MemWrite :  D=0x000000012001e4c0 A=0x11ff8bbb8
139184000: system.cpu T0 : 0x1200176d4    : stq        r14,48(r30)     : MemWrite :  D=0x0000000000000000 A=0x11ff8bbc0
139184000: system.cpu T0 : 0x1200176d8    : lda        r15,-27856(r29) : IntAlu :  D=0x00000001200c1b58
139184000: system.cpu T0 : 0x1200176dc    : bsr        r26,0x120010f78 : IntAlu :  D=0x00000001200176e0
139614000: system.cpu T0 : 0x120010f78    : ldah       r1,-4(r29)      : IntAlu :  D=0x0000000120088828
140037000: system.cpu T0 : 0x120010f7c    : ldq        r3,-32576(r29)  : MemRead :  D=0x00000001200c17e8 A=0x1200c08e8
140037000: system.cpu T0 : 0x120010f80    : lda        r30,-16(r30)    : IntAlu :  D=0x000000011ff8bb80
140046000: system.cpu T0 : 0x120010f84    : ldq        r2,-31592(r29)  : MemRead :  D=0x00000001200c180c A=0x1200c0cc0
140046000: system.cpu T0 : 0x120010f88    : lds        f10,14164(r1)   : MemRead :  A=0x12008bf7c
140475000: system.cpu T0 : 0x120010f88    : lds        f10,14164(r1)   : MemRead :  D=0x3ff0000000000000 A=0x12008bf7c
140475000: system.cpu T0 : 0x120010f8c    : ldah       r1,46(r31)      : IntAlu :  D=0x00000000002e0000
140475000: system.cpu T0 : 0x120010f90    : stq        r26,0(r30)      : MemWrite :  D=0x00000001200176e0 A=0x11ff8bb80
140475000: system.cpu T0 : 0x120010f94    : lda        r4,1(r31)       : IntAlu :  D=0x0000000000000001
140476000: system.cpu T0 : 0x120010f98    : lda        r1,-14656(r1)   : IntAlu :  D=0x00000000002dc6c0
140899000: system.cpu T0 : 0x120010f9c    : ldq        r16,-30912(r29) : MemRead :  D=0x0000000120125bec A=0x1200c0f68
140899000: system.cpu T0 : 0x120010fa0    : nop        (ldq_u      r31,0(r30)) : No_OpClass : 
140899000: system.cpu T0 : 0x120010fa4    : ldah       r17,-4(r29)     : IntAlu :  D=0x0000000120088828
140899000: system.cpu T0 : 0x120010fa8    : stl        r1,0(r3)        : MemWrite :  D=0x00000000002dc6c0 A=0x1200c17e8
140917000: system.cpu T0 : 0x120010fac    : ldq        r3,-30584(r29)  : MemRead :  D=0x00000001200c1818 A=0x1200c10b0
140917000: system.cpu T0 : 0x120010fb0    : ldah       r1,3(r31)       : IntAlu :  D=0x0000000000030000
140917000: system.cpu T0 : 0x120010fb4    : lda        r17,31644(r17)  : IntAlu :  D=0x00000001200903c4
140917000: system.cpu T0 : 0x120010fb8    : lda        r1,3392(r1)     : IntAlu :  D=0x0000000000030d40
140918000: system.cpu T0 : 0x120010fbc    : lda        r18,110(r31)    : IntAlu :  D=0x000000000000006e
140918000: system.cpu T0 : 0x120010fc0    : sts        f10,0(r2)       : MemWrite :  D=0x000000003f800000 A=0x1200c180c
140918000: system.cpu T0 : 0x120010fc4    : ldah       r2,15(r31)      : IntAlu :  D=0x00000000000f0000
140918000: system.cpu T0 : 0x120010fc8    : lda        r2,16960(r2)    : IntAlu :  D=0x00000000000f4240
140919000: system.cpu T0 : 0x120010fcc    : stl        r2,0(r3)        : MemWrite :  D=0x00000000000f4240 A=0x1200c1818
141364000: system.cpu T0 : 0x120010fd0    : ldq        r2,-30264(r29)  : MemRead :  D=0x00000001200c1824 A=0x1200c11f0
141373000: system.cpu T0 : 0x120010fd4    : ldq        r3,-32440(r29)  : MemRead :  D=0x00000001200c17ec A=0x1200c0970
141373000: system.cpu T0 : 0x120010fd8    : stl        r1,0(r2)        : MemWrite :  D=0x0000000000030d40 A=0x1200c1824
141790000: system.cpu T0 : 0x120010fdc    : ldq        r1,-30520(r29)  : MemRead :  D=0x00000001200c181c A=0x1200c10f0
141799000: system.cpu T0 : 0x120010fe0    : ldq        r2,-32072(r29)  : MemRead :  D=0x00000001200c17f0 A=0x1200c0ae0
141799000: system.cpu T0 : 0x120010fe4    : stl        r4,0(r3)        : MemWrite :  D=0x0000000000000001 A=0x1200c17ec
141799000: system.cpu T0 : 0x120010fe8    : stl        r4,0(r1)        : MemWrite :  D=0x0000000000000001 A=0x1200c181c
142214000: system.cpu T0 : 0x120010fec    : ldq        r1,-30176(r29)  : MemRead :  D=0x00000001200c1828 A=0x1200c1248
142214000: system.cpu T0 : 0x120010ff0    : stl        r4,0(r2)        : MemWrite :  D=0x0000000000000001 A=0x1200c17f0
142229000: system.cpu T0 : 0x120010ff4    : ldq        r2,-31672(r29)  : MemRead :  D=0x00000001200c1808 A=0x1200c0c70
142229000: system.cpu T0 : 0x120010ff8    : stl        r31,0(r1)       : MemWrite :  D=0x0000000000000000 A=0x1200c1828
142638000: system.cpu T0 : 0x120010ffc    : ldq        r1,-31928(r29)  : MemRead :  D=0x00000001200c17f4 A=0x1200c0b70
142638000: system.cpu T0 : 0x120011000    : stl        r4,0(r2)        : MemWrite :  D=0x0000000000000001 A=0x1200c1808
142665000: system.cpu T0 : 0x120011004    : ldq        r2,-31856(r29)  : MemRead :  D=0x00000001200c17f8 A=0x1200c0bb8
142665000: system.cpu T0 : 0x120011008    : stl        r4,0(r1)        : MemWrite :  D=0x0000000000000001 A=0x1200c17f4
143062000: system.cpu T0 : 0x12001100c    : ldq        r1,-31016(r29)  : MemRead :  D=0x00000001200c1810 A=0x1200c0f00
143062000: system.cpu T0 : 0x120011010    : stl        r31,0(r2)       : MemWrite :  D=0x0000000000000000 A=0x1200c17f8
143094000: system.cpu T0 : 0x120011014    : ldq        r2,-30384(r29)  : MemRead :  D=0x00000001200c1820 A=0x1200c1178
143094000: system.cpu T0 : 0x120011018    : stl        r31,0(r1)       : MemWrite :  D=0x0000000000000000 A=0x1200c1810
143095000: system.cpu T0 : 0x12001101c    : stl        r31,0(r2)       : MemWrite :  D=0x0000000000000000 A=0x1200c1820
143095000: system.cpu T0 : 0x120011020    : bsr        r26,0x12001f7b8 : IntAlu :  D=0x0000000120011024
143095000: system.cpu T0 : 0x12001f7b8    : lda        r30,-128(r30)   : IntAlu :  D=0x000000011ff8bb00
143095000: system.cpu T0 : 0x12001f7bc    : stq        r26,0(r30)      : MemWrite :  D=0x0000000120011024 A=0x11ff8bb00
143096000: system.cpu T0 : 0x12001f7c0    : stq        r18,96(r30)     : MemWrite :  D=0x000000000000006e A=0x11ff8bb60
143096000: system.cpu T0 : 0x12001f7c4    : stq        r19,104(r30)    : MemWrite :  D=0x0000000000000000 A=0x11ff8bb68
143096000: system.cpu T0 : 0x12001f7c8    : stq        r20,112(r30)    : MemWrite :  D=0x00000001200c1a28 A=0x11ff8bb70
143096000: system.cpu T0 : 0x12001f7cc    : stq        r21,120(r30)    : MemWrite :  D=0x00000001200c1a60 A=0x11ff8bb78
143097000: system.cpu T0 : 0x12001f7d0    : stt        f18,48(r30)     : MemWrite :  D=0x0000000000000000 A=0x11ff8bb30
143097000: system.cpu T0 : 0x12001f7d4    : stt        f19,56(r30)     : MemWrite :  D=0x0000000000000000 A=0x11ff8bb38
143097000: system.cpu T0 : 0x12001f7d8    : stt        f20,64(r30)     : MemWrite :  D=0x0000000000000000 A=0x11ff8bb40
143097000: system.cpu T0 : 0x12001f7dc    : stt        f21,72(r30)     : MemWrite :  D=0x0000000000000000 A=0x11ff8bb48
143098000: system.cpu T0 : 0x12001f7e0    : lda        r18,80(r30)     : IntAlu :  D=0x000000011ff8bb50
143099000: system.cpu T0 : 0x12001f7e4    : stq        r18,16(r30)     : MemWrite :  D=0x000000011ff8bb50 A=0x11ff8bb10
143099000: system.cpu T0 : 0x12001f7e8    : lda        r1,16(r31)      : IntAlu :  D=0x0000000000000010
143100000: system.cpu T0 : 0x12001f7ec    : stl        r1,24(r30)      : MemWrite :  D=0x0000000000000010 A=0x11ff8bb18
143526000: system.cpu T0 : 0x12001f7f0    : ldq        r19,24(r30)     : MemRead :  D=0x0000000000000010 A=0x11ff8bb18
143526000: system.cpu T0 : 0x12001f7f4    : nop        (ldq_u      r31,0(r30)) : No_OpClass : 
143526000: system.cpu T0 : 0x12001f7f8    : bsr        r26,0x120020864 : IntAlu :  D=0x000000012001f7fc
143954000: system.cpu T0 : 0x120020864    : lda        r30,-288(r30)   : IntAlu :  D=0x000000011ff8b9e0
143954000: system.cpu T0 : 0x120020868    : stq        r26,0(r30)      : MemWrite :  D=0x000000012001f7fc A=0x11ff8b9e0
143954000: system.cpu T0 : 0x12002086c    : stq        r9,8(r30)       : MemWrite :  D=0x0000000000000001 A=0x11ff8b9e8
143954000: system.cpu T0 : 0x120020870    : stq        r10,16(r30)     : MemWrite :  D=0x0000000000000000 A=0x11ff8b9f0
143955000: system.cpu T0 : 0x120020874    : bis        r31,r16,r9      : IntAlu :  D=0x0000000120125bec
143955000: system.cpu T0 : 0x120020878    : bis        r31,r17,r10     : IntAlu :  D=0x00000001200903c4
143955000: system.cpu T0 : 0x12002087c    : stq        r18,272(r30)    : MemWrite :  D=0x000000011ff8bb50 A=0x11ff8baf0
144378000: system.cpu T0 : 0x120020880    : stq        r19,280(r30)    : MemWrite :  D=0x0000000000000010 A=0x11ff8baf8
144378000: system.cpu T0 : 0x120020884    : stq        r31,168(r30)    : MemWrite :  D=0x0000000000000000 A=0x11ff8ba88
144378000: system.cpu T0 : 0x120020888    : lda        r16,32(r30)     : IntAlu :  D=0x000000011ff8ba00
144378000: system.cpu T0 : 0x12002088c    : ldah       r17,1(r31)      : IntAlu :  D=0x0000000000010000
144379000: system.cpu T0 : 0x120020890    : lda        r17,-32768(r17) : IntAlu :  D=0x0000000000008000
144379000: system.cpu T0 : 0x120020894    : lda        r18,-1(r31)     : IntAlu :  D=0xffffffffffffffff
144379000: system.cpu T0 : 0x120020898    : bis        r31,r31,r19     : IntAlu :  D=0x0000000000000000
144379000: system.cpu T0 : 0x12002089c    : bis        r31,r31,r20     : IntAlu :  D=0x0000000000000000
144380000: system.cpu T0 : 0x1200208a0    : nop        (ldq_u      r31,0(r30)) : No_OpClass : 
144380000: system.cpu T0 : 0x1200208a4    : bsr        r26,0x120025424 : IntAlu :  D=0x00000001200208a8
144813000: system.cpu T0 : 0x120025424    : lda        r30,-48(r30)    : IntAlu :  D=0x000000011ff8b9b0
144813000: system.cpu T0 : 0x120025428    : stq        r26,0(r30)      : MemWrite :  D=0x00000001200208a8 A=0x11ff8b9b0
144813000: system.cpu T0 : 0x12002542c    : stq        r9,8(r30)       : MemWrite :  D=0x0000000120125bec A=0x11ff8b9b8
144813000: system.cpu T0 : 0x120025430    : stq        r10,16(r30)     : MemWrite :  D=0x00000001200903c4 A=0x11ff8b9c0
144814000: system.cpu T0 : 0x120025434    : stq        r11,24(r30)     : MemWrite :  D=0x000000011ff92008 A=0x11ff8b9c8
144814000: system.cpu T0 : 0x120025438    : stq        r12,32(r30)     : MemWrite :  D=0x000000012001e450 A=0x11ff8b9d0
144814000: system.cpu T0 : 0x12002543c    : bis        r31,r16,r10     : IntAlu :  D=0x000000011ff8ba00
145237000: system.cpu T0 : 0x120025440    : bis        r31,r18,r9      : IntAlu :  D=0xffffffffffffffff
145237000: system.cpu T0 : 0x120025444    : bis        r31,r19,r11     : IntAlu :  D=0x0000000000000000
145237000: system.cpu T0 : 0x120025448    : bis        r31,r20,r12     : IntAlu :  D=0x0000000000000000
145237000: system.cpu T0 : 0x12002544c    : bsr        r26,_IO_old_init : IntAlu :  D=0x0000000120025450
145662000: system.cpu T0 : 0x1200253bc    : ldah       r1,-1107(r31)   : IntAlu :  D=0xfffffffffbad0000
145671000: system.cpu T0 : 0x1200253c0    : bis        r17,r1,r17      : IntAlu :  D=0xfffffffffbad8000
145672000: system.cpu T0 : 0x1200253c4    : stl        r17,0(r16)      : MemWrite :  D=0x00000000fbad8000 A=0x11ff8ba00
145672000: system.cpu T0 : 0x1200253c8    : stl        r31,116(r16)    : MemWrite :  D=0x0000000000000000 A=0x11ff8ba74
145672000: system.cpu T0 : 0x1200253cc    : stq        r31,56(r16)     : MemWrite :  D=0x0000000000000000 A=0x11ff8ba38
145672000: system.cpu T0 : 0x1200253d0    : stq        r31,64(r16)     : MemWrite :  D=0x0000000000000000 A=0x11ff8ba40
145673000: system.cpu T0 : 0x1200253d4    : stq        r31,24(r16)     : MemWrite :  D=0x0000000000000000 A=0x11ff8ba18
145673000: system.cpu T0 : 0x1200253d8    : stq        r31,8(r16)      : MemWrite :  D=0x0000000000000000 A=0x11ff8ba08
145673000: system.cpu T0 : 0x1200253dc    : stq        r31,16(r16)     : MemWrite :  D=0x0000000000000000 A=0x11ff8ba10
145673000: system.cpu T0 : 0x1200253e0    : stq        r31,32(r16)     : MemWrite :  D=0x0000000000000000 A=0x11ff8ba20
145674000: system.cpu T0 : 0x1200253e4    : stq        r31,40(r16)     : MemWrite :  D=0x0000000000000000 A=0x11ff8ba28
145674000: system.cpu T0 : 0x1200253e8    : stq        r31,48(r16)     : MemWrite :  D=0x0000000000000000 A=0x11ff8ba30
145674000: system.cpu T0 : 0x1200253ec    : stq        r31,104(r16)    : MemWrite :  D=0x0000000000000000 A=0x11ff8ba68
145674000: system.cpu T0 : 0x1200253f0    : stq        r31,72(r16)     : MemWrite :  D=0x0000000000000000 A=0x11ff8ba48
145675000: system.cpu T0 : 0x1200253f4    : stq        r31,80(r16)     : MemWrite :  D=0x0000000000000000 A=0x11ff8ba50
145675000: system.cpu T0 : 0x1200253f8    : stq        r31,88(r16)     : MemWrite :  D=0x0000000000000000 A=0x11ff8ba58
145675000: system.cpu T0 : 0x1200253fc    : stq        r31,96(r16)     : MemWrite :  D=0x0000000000000000 A=0x11ff8ba60
145675000: system.cpu T0 : 0x120025400    : stw        r31,128(r16)    : MemWrite :  D=0x0000000000000000 A=0x11ff8ba80
145677000: system.cpu T0 : 0x120025404    : ldq        r1,136(r16)     : MemRead :  D=0x0000000000000000 A=0x11ff8ba88
145679000: system.cpu T0 : 0x120025408    : beq        r1,0x120025418  : IntAlu : 
145682000: system.cpu T0 : 0x120025418    : ret        (r26)           : IntAlu : 
145684000: system.cpu T0 : 0x120025450    : stl        r9,192(r10)     : MemWrite :  D=0x00000000ffffffff A=0x11ff8bac0
145684000: system.cpu T0 : 0x120025454    : blt        r9,0x1200254b8  : IntAlu : 
146116000: system.cpu T0 : 0x1200254b8    : stq        r31,168(r10)    : MemWrite :  D=0x0000000000000000 A=0x11ff8baa8
146118000: system.cpu T0 : 0x1200254bc    : ldq        r26,0(r30)      : MemRead :  D=0x00000001200208a8 A=0x11ff8b9b0
146126000: system.cpu T0 : 0x1200254c0    : ldq        r9,8(r30)       : MemRead :  D=0x0000000120125bec A=0x11ff8b9b8
146127000: system.cpu T0 : 0x1200254c4    : ldq        r10,16(r30)     : MemRead :  D=0x00000001200903c4 A=0x11ff8b9c0
146127000: system.cpu T0 : 0x1200254c8    : ldq        r11,24(r30)     : MemRead :  D=0x000000011ff92008 A=0x11ff8b9c8
146127000: system.cpu T0 : 0x1200254cc    : ldq        r12,32(r30)     : MemRead :  D=0x000000012001e450 A=0x11ff8b9d0
146127000: system.cpu T0 : 0x1200254d0    : lda        r30,48(r30)     : IntAlu :  D=0x000000011ff8b9e0
146128000: system.cpu T0 : 0x1200254d4    : ret        (r26)           : IntAlu : 
146551000: system.cpu T0 : 0x1200208a8    : nop        (ldq_u      r31,0(r30)) : No_OpClass : 
146551000: system.cpu T0 : 0x1200208ac    : nop        (ldq_u      r31,0(r30)) : No_OpClass : 
146981000: system.cpu T0 : 0x1200208b0    : ldq        r1,-31616(r29)  : MemRead :  D=0x00000001200be480 A=0x1200c0ca8
146983000: system.cpu T0 : 0x1200208b4    : stq        r1,248(r30)     : MemWrite :  D=0x00000001200be480 A=0x11ff8bad8
146983000: system.cpu T0 : 0x1200208b8    : lda        r16,32(r30)     : IntAlu :  D=0x000000011ff8ba00
146983000: system.cpu T0 : 0x1200208bc    : bis        r31,r9,r17      : IntAlu :  D=0x0000000120125bec
146983000: system.cpu T0 : 0x1200208c0    : lda        r18,-1(r31)     : IntAlu :  D=0xffffffffffffffff
146984000: system.cpu T0 : 0x1200208c4    : bis        r31,r9,r19      : IntAlu :  D=0x0000000120125bec
146984000: system.cpu T0 : 0x1200208c8    : nop        (ldq_u      r31,0(r30)) : No_OpClass : 
146984000: system.cpu T0 : 0x1200208cc    : bsr        r26,0x1200279d0 : IntAlu :  D=0x00000001200208d0
147413000: system.cpu T0 : 0x1200279d0    : lda        r30,-48(r30)    : IntAlu :  D=0x000000011ff8b9b0
147413000: system.cpu T0 : 0x1200279d4    : stq        r26,0(r30)      : MemWrite :  D=0x00000001200208d0 A=0x11ff8b9b0
147413000: system.cpu T0 : 0x1200279d8    : stq        r9,8(r30)       : MemWrite :  D=0x0000000120125bec A=0x11ff8b9b8
147413000: system.cpu T0 : 0x1200279dc    : stq        r10,16(r30)     : MemWrite :  D=0x00000001200903c4 A=0x11ff8b9c0
147414000: system.cpu T0 : 0x1200279e0    : stq        r11,24(r30)     : MemWrite :  D=0x000000011ff92008 A=0x11ff8b9c8
147414000: system.cpu T0 : 0x1200279e4    : stq        r12,32(r30)     : MemWrite :  D=0x000000012001e450 A=0x11ff8b9d0
147414000: system.cpu T0 : 0x1200279e8    : bis        r31,r16,r10     : IntAlu :  D=0x000000011ff8ba00
147414000: system.cpu T0 : 0x1200279ec    : bis        r31,r17,r9      : IntAlu :  D=0x0000000120125bec
147415000: system.cpu T0 : 0x1200279f0    : bis        r31,r19,r12     : IntAlu :  D=0x0000000120125bec
147415000: system.cpu T0 : 0x1200279f4    : bne        r18,0x120027a18 : IntAlu : 
147839000: system.cpu T0 : 0x120027a18    : addq       r17,r18,r11     : IntAlu :  D=0x0000000120125beb
147840000: system.cpu T0 : 0x120027a1c    : cmpule     r11,r17,r1      : IntAlu :  D=0x0000000000000001
147840000: system.cpu T0 : 0x120027a20    : lda        r2,-1(r31)      : IntAlu :  D=0xffffffffffffffff
147841000: system.cpu T0 : 0x120027a24    : cmovne     r1,r2,r11       : IntAlu :  D=0xffffffffffffffff
147841000: system.cpu T0 : 0x120027a28    : bis        r31,r10,r16     : IntAlu :  D=0x000000011ff8ba00
147841000: system.cpu T0 : 0x120027a2c    : bis        r31,r9,r17      : IntAlu :  D=0x0000000120125bec
147842000: system.cpu T0 : 0x120027a30    : bis        r31,r11,r18     : IntAlu :  D=0xffffffffffffffff
147842000: system.cpu T0 : 0x120027a34    : bis        r31,r31,r19     : IntAlu :  D=0x0000000000000000
147842000: system.cpu T0 : 0x120027a38    : nop        (ldq_u      r31,0(r30)) : No_OpClass : 
147842000: system.cpu T0 : 0x120027a3c    : bsr        r26,0x1200258f0 : IntAlu :  D=0x0000000120027a40
148274000: system.cpu T0 : 0x1200258f0    : lda        r30,-48(r30)    : IntAlu :  D=0x000000011ff8b980
148274000: system.cpu T0 : 0x1200258f4    : stq        r26,0(r30)      : MemWrite :  D=0x0000000120027a40 A=0x11ff8b980
148274000: system.cpu T0 : 0x1200258f8    : stq        r9,8(r30)       : MemWrite :  D=0x0000000120125bec A=0x11ff8b988
148274000: system.cpu T0 : 0x1200258fc    : stq        r10,16(r30)     : MemWrite :  D=0x000000011ff8ba00 A=0x11ff8b990
148283000: system.cpu T0 : 0x120025900    : stq        r11,24(r30)     : MemWrite :  D=0xffffffffffffffff A=0x11ff8b998
148283000: system.cpu T0 : 0x120025904    : stq        r12,32(r30)     : MemWrite :  D=0x0000000120125bec A=0x11ff8b9a0
148283000: system.cpu T0 : 0x120025908    : bis        r31,r16,r9      : IntAlu :  D=0x000000011ff8ba00
148283000: system.cpu T0 : 0x12002590c    : bis        r31,r17,r10     : IntAlu :  D=0x0000000120125bec
148284000: system.cpu T0 : 0x120025910    : bis        r31,r18,r11     : IntAlu :  D=0xffffffffffffffff
148284000: system.cpu T0 : 0x120025914    : bis        r31,r19,r12     : IntAlu :  D=0x0000000000000000
148285000: system.cpu T0 : 0x120025918    : ldq        r16,56(r16)     : MemRead :  D=0x0000000000000000 A=0x11ff8ba38
148287000: system.cpu T0 : 0x12002591c    : beq        r16,0x12002594c : IntAlu : 
148713000: system.cpu T0 : 0x12002594c    : stq        r10,56(r9)      : MemWrite :  D=0x0000000120125bec A=0x11ff8ba38
148713000: system.cpu T0 : 0x120025950    : stq        r11,64(r9)      : MemWrite :  D=0xffffffffffffffff A=0x11ff8ba40
148713000: system.cpu T0 : 0x120025954    : beq        r12,0x120025968 : IntAlu : 
148717000: system.cpu T0 : 0x120025968    : ldl        r1,0(r9)        : MemRead :  D=0x00000000fbad8000 A=0x11ff8ba00
148719000: system.cpu T0 : 0x12002596c    : bis        r1,1,r1         : IntAlu :  D=0xfffffffffbad8001
148720000: system.cpu T0 : 0x120025970    : stl        r1,0(r9)        : MemWrite :  D=0x00000000fbad8001 A=0x11ff8ba00
148722000: system.cpu T0 : 0x120025974    : ldq        r26,0(r30)      : MemRead :  D=0x0000000120027a40 A=0x11ff8b980
148722000: system.cpu T0 : 0x120025978    : ldq        r9,8(r30)       : MemRead :  D=0x0000000120125bec A=0x11ff8b988
148722000: system.cpu T0 : 0x12002597c    : ldq        r10,16(r30)     : MemRead :  D=0x000000011ff8ba00 A=0x11ff8b990
149141000: system.cpu T0 : 0x120025980    : ldq        r11,24(r30)     : MemRead :  D=0xffffffffffffffff A=0x11ff8b998
149142000: system.cpu T0 : 0x120025984    : ldq        r12,32(r30)     : MemRead :  D=0x0000000120125bec A=0x11ff8b9a0
149142000: system.cpu T0 : 0x120025988    : lda        r30,48(r30)     : IntAlu :  D=0x000000011ff8b9b0
149142000: system.cpu T0 : 0x12002598c    : ret        (r26)           : IntAlu : 
149143000: system.cpu T0 : 0x120027a40    : nop        (ldq_u      r31,0(r30)) : No_OpClass : 
149143000: system.cpu T0 : 0x120027a44    : nop        (ldq_u      r31,0(r30)) : No_OpClass : 
149143000: system.cpu T0 : 0x120027a48    : stq        r9,32(r10)      : MemWrite :  D=0x0000000120125bec A=0x11ff8ba20
149143000: system.cpu T0 : 0x120027a4c    : stq        r9,24(r10)      : MemWrite :  D=0x0000000120125bec A=0x11ff8ba18
149144000: system.cpu T0 : 0x120027a50    : stq        r9,8(r10)       : MemWrite :  D=0x0000000120125bec A=0x11ff8ba08
149144000: system.cpu T0 : 0x120027a54    : beq        r12,0x120027a68 : IntAlu : 
149144000: system.cpu T0 : 0x120027a58    : stq        r12,40(r10)     : MemWrite :  D=0x0000000120125bec A=0x11ff8ba28
149144000: system.cpu T0 : 0x120027a5c    : stq        r11,48(r10)     : MemWrite :  D=0xffffffffffffffff A=0x11ff8ba30
149145000: system.cpu T0 : 0x120027a60    : stq        r12,16(r10)     : MemWrite :  D=0x0000000120125bec A=0x11ff8ba10
149145000: system.cpu T0 : 0x120027a64    : br         0x120027a74     : IntAlu : 
149148000: system.cpu T0 : 0x120027a74    : stq        r31,224(r10)    : MemWrite :  D=0x0000000000000000 A=0x11ff8bae0
149150000: system.cpu T0 : 0x120027a78    : ldq        r26,0(r30)      : MemRead :  D=0x00000001200208d0 A=0x11ff8b9b0
149150000: system.cpu T0 : 0x120027a7c    : ldq        r9,8(r30)       : MemRead :  D=0x0000000120125bec A=0x11ff8b9b8
149571000: system.cpu T0 : 0x120027a80    : ldq        r10,16(r30)     : MemRead :  D=0x00000001200903c4 A=0x11ff8b9c0
149572000: system.cpu T0 : 0x120027a84    : ldq        r11,24(r30)     : MemRead :  D=0x000000011ff92008 A=0x11ff8b9c8
149572000: system.cpu T0 : 0x120027a88    : ldq        r12,32(r30)     : MemRead :  D=0x000000012001e450 A=0x11ff8b9d0
149572000: system.cpu T0 : 0x120027a8c    : lda        r30,48(r30)     : IntAlu :  D=0x000000011ff8b9e0
149572000: system.cpu T0 : 0x120027a90    : ret        (r26)           : IntAlu : 
149586000: system.cpu T0 : 0x1200208d0    : nop        (ldq_u      r31,0(r30)) : No_OpClass : 
149586000: system.cpu T0 : 0x1200208d4    : nop        (ldq_u      r31,0(r30)) : No_OpClass : 
149586000: system.cpu T0 : 0x1200208d8    : lda        r16,32(r30)     : IntAlu :  D=0x000000011ff8ba00
149586000: system.cpu T0 : 0x1200208dc    : bis        r31,r10,r17     : IntAlu :  D=0x00000001200903c4
149588000: system.cpu T0 : 0x1200208e0    : ldq        r18,272(r30)    : MemRead :  D=0x000000011ff8bb50 A=0x11ff8baf0
149589000: system.cpu T0 : 0x1200208e4    : ldq        r19,280(r30)    : MemRead :  D=0x0000000000000010 A=0x11ff8baf8
149589000: system.cpu T0 : 0x1200208e8    : nop        (ldq_u      r31,0(r30)) : No_OpClass : 
149589000: system.cpu T0 : 0x1200208ec    : bsr        r26,0x120047778 : IntAlu :  D=0x00000001200208f0
150017000: system.cpu T0 : 0x120047778    : lda        r30,-1888(r30)  : IntAlu :  D=0x000000011ff8b280
150017000: system.cpu T0 : 0x12004777c    : stq        r26,0(r30)      : MemWrite :  D=0x00000001200208f0 A=0x11ff8b280
150026000: system.cpu T0 : 0x120047780    : stq        r9,8(r30)       : MemWrite :  D=0x0000000120125bec A=0x11ff8b288
150026000: system.cpu T0 : 0x120047784    : stq        r10,16(r30)     : MemWrite :  D=0x00000001200903c4 A=0x11ff8b290
150026000: system.cpu T0 : 0x120047788    : stq        r11,24(r30)     : MemWrite :  D=0x000000011ff92008 A=0x11ff8b298
150026000: system.cpu T0 : 0x12004778c    : stq        r12,32(r30)     : MemWrite :  D=0x000000012001e450 A=0x11ff8b2a0
150027000: system.cpu T0 : 0x120047790    : stq        r13,40(r30)     : MemWrite :  D=0x000000012001e4c0 A=0x11ff8b2a8
150027000: system.cpu T0 : 0x120047794    : stq        r14,48(r30)     : MemWrite :  D=0x0000000000000000 A=0x11ff8b2b0
150027000: system.cpu T0 : 0x120047798    : stq        r15,56(r30)     : MemWrite :  D=0x00000001200c1b58 A=0x11ff8b2b8
150027000: system.cpu T0 : 0x12004779c    : bis        r31,r30,r15     : IntAlu :  D=0x000000011ff8b280
150028000: system.cpu T0 : 0x1200477a0    : bis        r31,r16,r10     : IntAlu :  D=0x000000011ff8ba00
150028000: system.cpu T0 : 0x1200477a4    : stq        r17,1776(r15)   : MemWrite :  D=0x00000001200903c4 A=0x11ff8b970
150028000: system.cpu T0 : 0x1200477a8    : stq        r18,1264(r15)   : MemWrite :  D=0x000000011ff8bb50 A=0x11ff8b770
150028000: system.cpu T0 : 0x1200477ac    : stq        r19,1272(r15)   : MemWrite :  D=0x0000000000000010 A=0x11ff8b778
150029000: system.cpu T0 : 0x1200477b0    : addl       r31,r19,r19     : IntAlu :  D=0x0000000000000010
150030000: system.cpu T0 : 0x1200477b4    : stq        r19,1344(r15)   : MemWrite :  D=0x0000000000000010 A=0x11ff8b7c0
150030000: system.cpu T0 : 0x1200477b8    : stq        r18,1336(r15)   : MemWrite :  D=0x000000011ff8bb50 A=0x11ff8b7b8
150030000: system.cpu T0 : 0x1200477bc    : lda        r1,48(r31)      : IntAlu :  D=0x0000000000000030
150452000: system.cpu T0 : 0x1200477c0    : call_pal   rduniq          : IntAlu :  D=0x000000012033a6b0
150453000: system.cpu T0 : 0x1200477c4    : addq       r0,r1,r0        : IntAlu :  D=0x000000012033a6e0
150877000: system.cpu T0 : 0x1200477c8    : ldl        r0,0(r0)        : MemRead :  D=0x0000000000000000 A=0x12033a6e0
150879000: system.cpu T0 : 0x1200477cc    : stq        r0,1640(r15)    : MemWrite :  D=0x0000000000000000 A=0x11ff8b8e8
150897000: system.cpu T0 : 0x1200477d0    : ldl        r1,192(r16)     : MemRead :  D=0x00000000ffffffff A=0x11ff8bac0
150899000: system.cpu T0 : 0x1200477d4    : bne        r1,0x1200477e4  : IntAlu : 
150902000: system.cpu T0 : 0x1200477e4    : lda        r1,1(r1)        : IntAlu :  D=0x0000000000000000
150903000: system.cpu T0 : 0x1200477e8    : bne        r1,0x12004bab8  : IntAlu : 
150904000: system.cpu T0 : 0x1200477ec    : ldl        r2,0(r10)       : MemRead :  D=0x00000000fbad8001 A=0x11ff8ba00
150906000: system.cpu T0 : 0x1200477f0    : and        r2,8,r1         : IntAlu :  D=0x0000000000000000
150907000: system.cpu T0 : 0x1200477f4    : addl       r31,r1,r1       : IntAlu :  D=0x0000000000000000
150908000: system.cpu T0 : 0x1200477f8    : beq        r1,0x120047818  : IntAlu : 
151331000: system.cpu T0 : 0x120047818    : ldq        r1,1776(r15)    : MemRead :  D=0x00000001200903c4 A=0x11ff8b970
151333000: system.cpu T0 : 0x12004781c    : bne        r1,0x12004783c  : IntAlu : 
151337000: system.cpu T0 : 0x12004783c    : ldl        r1,192(r10)     : MemRead :  D=0x00000000ffffffff A=0x11ff8bac0
151759000: system.cpu T0 : 0x120047840    : lda        r1,1(r1)        : IntAlu :  D=0x0000000000000000
151760000: system.cpu T0 : 0x120047844    : bne        r1,0x12004bab8  : IntAlu : 
151760000: system.cpu T0 : 0x120047848    : and        r2,2,r1         : IntAlu :  D=0x0000000000000000
151761000: system.cpu T0 : 0x12004784c    : addl       r31,r1,r1       : IntAlu :  D=0x0000000000000000
151762000: system.cpu T0 : 0x120047850    : beq        r1,0x120047880  : IntAlu : 
152201000: system.cpu T0 : 0x120047880    : ldq        r4,1344(r15)    : MemRead :  D=0x0000000000000010 A=0x11ff8b7c0
152203000: system.cpu T0 : 0x120047884    : stl        r4,1272(r15)    : MemWrite :  D=0x0000000000000010 A=0x11ff8b778
152205000: system.cpu T0 : 0x120047888    : ldq        r1,1336(r15)    : MemRead :  D=0x000000011ff8bb50 A=0x11ff8b7b8
152207000: system.cpu T0 : 0x12004788c    : stq        r1,1264(r15)    : MemWrite :  D=0x000000011ff8bb50 A=0x11ff8b770
152207000: system.cpu T0 : 0x120047890    : stq        r1,1080(r15)    : MemWrite :  D=0x000000011ff8bb50 A=0x11ff8b6b8
152209000: system.cpu T0 : 0x120047894    : ldq        r1,1272(r15)    : MemRead :  D=0x0000000000000010 A=0x11ff8b778
152211000: system.cpu T0 : 0x120047898    : stq        r1,1088(r15)    : MemWrite :  D=0x0000000000000010 A=0x11ff8b6c0
152211000: system.cpu T0 : 0x12004789c    : lda        r17,1072(r15)   : IntAlu :  D=0x000000011ff8b6b0
152211000: system.cpu T0 : 0x1200478a0    : stq        r31,0(r17)      : MemWrite :  D=0x0000000000000000 A=0x11ff8b6b0
152212000: system.cpu T0 : 0x1200478a4    : ldq        r16,1776(r15)   : MemRead :  D=0x00000001200903c4 A=0x11ff8b970
152212000: system.cpu T0 : 0x1200478a8    : nop        (ldq_u      r31,0(r30)) : No_OpClass : 
152212000: system.cpu T0 : 0x1200478ac    : bsr        r26,0x120056864 : IntAlu :  D=0x00000001200478b0
152651000: system.cpu T0 : 0x120056864    : lda        r30,-32(r30)    : IntAlu :  D=0x000000011ff8b260
152651000: system.cpu T0 : 0x120056868    : stq        r26,0(r30)      : MemWrite :  D=0x00000001200478b0 A=0x11ff8b260
152651000: system.cpu T0 : 0x12005686c    : stq        r9,8(r30)       : MemWrite :  D=0x0000000120125bec A=0x11ff8b268
152651000: system.cpu T0 : 0x120056870    : stq        r10,16(r30)     : MemWrite :  D=0x000000011ff8ba00 A=0x11ff8b270
152652000: system.cpu T0 : 0x120056874    : stq        r11,24(r30)     : MemWrite :  D=0x000000011ff92008 A=0x11ff8b278
152652000: system.cpu T0 : 0x120056878    : bis        r31,r16,r9      : IntAlu :  D=0x00000001200903c4
152652000: system.cpu T0 : 0x12005687c    : bis        r31,r17,r10     : IntAlu :  D=0x000000011ff8b6b0
153075000: system.cpu T0 : 0x120056880    : lda        r1,16(r31)      : IntAlu :  D=0x0000000000000010
153078000: system.cpu T0 : 0x120056884    : call_pal   rduniq          : IntAlu :  D=0x000000012033a6b0
153079000: system.cpu T0 : 0x120056888    : addq       r0,r1,r11       : IntAlu :  D=0x000000012033a6c0
153079000: system.cpu T0 : 0x12005688c    : br         0x1200568e0     : IntAlu : 
153513000: system.cpu T0 : 0x1200568e0    : ldbu       r1,0(r9)        : MemRead :  A=0x1200903c4
153943000: system.cpu T0 : 0x1200568e0    : ldbu       r1,0(r9)        : MemRead :  D=0x0000000000000025 A=0x1200903c4
153945000: system.cpu T0 : 0x1200568e4    : cmpult     r31,r1,r2       : IntAlu :  D=0x0000000000000001
153945000: system.cpu T0 : 0x1200568e8    : cmpeq      r1,37,r1        : IntAlu :  D=0x0000000000000001
153946000: system.cpu T0 : 0x1200568ec    : cmpeq      r1,0,r1         : IntAlu :  D=0x0000000000000000
153947000: system.cpu T0 : 0x1200568f0    : and        r1,r2,r1        : IntAlu :  D=0x0000000000000000
153948000: system.cpu T0 : 0x1200568f4    : bne        r1,0x120056890  : IntAlu : 
153948000: system.cpu T0 : 0x1200568f8    : bis        r31,r9,r0       : IntAlu :  D=0x00000001200903c4
153949000: system.cpu T0 : 0x1200568fc    : ldq        r26,0(r30)      : MemRead :  D=0x00000001200478b0 A=0x11ff8b260
153950000: system.cpu T0 : 0x120056900    : ldq        r9,8(r30)       : MemRead :  D=0x0000000120125bec A=0x11ff8b268
153950000: system.cpu T0 : 0x120056904    : ldq        r10,16(r30)     : MemRead :  D=0x000000011ff8ba00 A=0x11ff8b270
153951000: system.cpu T0 : 0x120056908    : ldq        r11,24(r30)     : MemRead :  D=0x000000011ff92008 A=0x11ff8b278
153951000: system.cpu T0 : 0x12005690c    : lda        r30,32(r30)     : IntAlu :  D=0x000000011ff8b280
153951000: system.cpu T0 : 0x120056910    : ret        (r26)           : IntAlu : 
153952000: system.cpu T0 : 0x1200478b0    : nop        (ldq_u      r31,0(r30)) : No_OpClass : 
153952000: system.cpu T0 : 0x1200478b4    : nop        (ldq_u      r31,0(r30)) : No_OpClass : 
153952000: system.cpu T0 : 0x1200478b8    : stq        r0,1664(r15)    : MemWrite :  D=0x00000001200903c4 A=0x11ff8b900
153952000: system.cpu T0 : 0x1200478bc    : stq        r0,64(r15)      : MemWrite :  D=0x00000001200903c4 A=0x11ff8b2c0
154375000: system.cpu T0 : 0x1200478c0    : ldah       r2,1(r31)       : IntAlu :  D=0x0000000000010000
154376000: system.cpu T0 : 0x1200478c4    : lda        r2,-32768(r2)   : IntAlu :  D=0x0000000000008000
154377000: system.cpu T0 : 0x1200478c8    : ldl        r1,0(r10)       : MemRead :  D=0x00000000fbad8001 A=0x11ff8ba00
154379000: system.cpu T0 : 0x1200478cc    : and        r1,r2,r1        : IntAlu :  D=0x0000000000008000
154380000: system.cpu T0 : 0x1200478d0    : addl       r31,r1,r1       : IntAlu :  D=0x0000000000008000
154380000: system.cpu T0 : 0x1200478d4    : stq        r31,1624(r15)   : MemWrite :  D=0x0000000000000000 A=0x11ff8b8d8
154381000: system.cpu T0 : 0x1200478d8    : bne        r1,0x120047994  : IntAlu : 
154814000: system.cpu T0 : 0x120047994    : stq        r10,1768(r15)   : MemWrite :  D=0x000000011ff8ba00 A=0x11ff8b968
154816000: system.cpu T0 : 0x120047998    : ldq        r12,1664(r15)   : MemRead :  D=0x00000001200903c4 A=0x11ff8b900
154816000: system.cpu T0 : 0x12004799c    : ldq        r11,1776(r15)   : MemRead :  D=0x00000001200903c4 A=0x11ff8b970
154818000: system.cpu T0 : 0x1200479a0    : subq       r12,r11,r9      : IntAlu :  D=0x0000000000000000
155245000: system.cpu T0 : 0x1200479a4    : ldq        r1,216(r10)     : MemRead :  D=0x00000001200be480 A=0x11ff8bad8
155674000: system.cpu T0 : 0x1200479a8    : ldq        r27,56(r1)      : MemRead :  D=0x0000000120025c04 A=0x1200be4b8
155674000: system.cpu T0 : 0x1200479ac    : bis        r31,r10,r16     : IntAlu :  D=0x000000011ff8ba00
155674000: system.cpu T0 : 0x1200479b0    : bis        r31,r11,r17     : IntAlu :  D=0x00000001200903c4
155674000: system.cpu T0 : 0x1200479b4    : bis        r31,r9,r18      : IntAlu :  D=0x0000000000000000
155676000: system.cpu T0 : 0x1200479b8    : jsr        r26,(r27)       : IntAlu :  D=0x00000001200479bc
156106000: system.cpu T0 : 0x120025c04    : ldah       r29,10(r27)     : IntAlu :  D=0x00000001200c5c04
156107000: system.cpu T0 : 0x120025c08    : lda        r29,11300(r29)  : IntAlu :  D=0x00000001200c8828
156107000: system.cpu T0 : 0x120025c0c    : lda        r30,-64(r30)    : IntAlu :  D=0x000000011ff8b240
156107000: system.cpu T0 : 0x120025c10    : stq        r26,0(r30)      : MemWrite :  D=0x00000001200479bc A=0x11ff8b240
156107000: system.cpu T0 : 0x120025c14    : stq        r9,8(r30)       : MemWrite :  D=0x0000000000000000 A=0x11ff8b248
156108000: system.cpu T0 : 0x120025c18    : stq        r10,16(r30)     : MemWrite :  D=0x000000011ff8ba00 A=0x11ff8b250
156108000: system.cpu T0 : 0x120025c1c    : stq        r11,24(r30)     : MemWrite :  D=0x00000001200903c4 A=0x11ff8b258
156108000: system.cpu T0 : 0x120025c20    : stq        r12,32(r30)     : MemWrite :  D=0x00000001200903c4 A=0x11ff8b260
156108000: system.cpu T0 : 0x120025c24    : stq        r13,40(r30)     : MemWrite :  D=0x000000012001e4c0 A=0x11ff8b268
156109000: system.cpu T0 : 0x120025c28    : stq        r14,48(r30)     : MemWrite :  D=0x0000000000000000 A=0x11ff8b270
156109000: system.cpu T0 : 0x120025c2c    : bis        r31,r16,r12     : IntAlu :  D=0x000000011ff8ba00
156109000: system.cpu T0 : 0x120025c30    : bis        r31,r18,r13     : IntAlu :  D=0x0000000000000000
156109000: system.cpu T0 : 0x120025c34    : bis        r31,r17,r10     : IntAlu :  D=0x00000001200903c4
156110000: system.cpu T0 : 0x120025c38    : bis        r31,r18,r11     : IntAlu :  D=0x0000000000000000
156110000: system.cpu T0 : 0x120025c3c    : bis        r31,r31,r0      : IntAlu :  D=0x0000000000000000
156533000: system.cpu T0 : 0x120025c40    : beq        r18,0x120025d08 : IntAlu : 
156960000: system.cpu T0 : 0x120025d08    : ldq        r26,0(r30)      : MemRead :  D=0x00000001200479bc A=0x11ff8b240
156961000: system.cpu T0 : 0x120025d0c    : ldq        r9,8(r30)       : MemRead :  D=0x0000000000000000 A=0x11ff8b248
156961000: system.cpu T0 : 0x120025d10    : ldq        r10,16(r30)     : MemRead :  D=0x000000011ff8ba00 A=0x11ff8b250
156961000: system.cpu T0 : 0x120025d14    : ldq        r11,24(r30)     : MemRead :  D=0x00000001200903c4 A=0x11ff8b258
156961000: system.cpu T0 : 0x120025d18    : ldq        r12,32(r30)     : MemRead :  D=0x00000001200903c4 A=0x11ff8b260
156962000: system.cpu T0 : 0x120025d1c    : ldq        r13,40(r30)     : MemRead :  D=0x000000012001e4c0 A=0x11ff8b268
156963000: system.cpu T0 : 0x120025d20    : ldq        r14,48(r30)     : MemRead :  D=0x0000000000000000 A=0x11ff8b270
156963000: system.cpu T0 : 0x120025d24    : lda        r30,64(r30)     : IntAlu :  D=0x000000011ff8b280
156963000: system.cpu T0 : 0x120025d28    : ret        (r26)           : IntAlu : 
156964000: system.cpu T0 : 0x1200479bc    : ldah       r29,8(r26)      : IntAlu :  D=0x00000001200c79bc
156965000: system.cpu T0 : 0x1200479c0    : lda        r29,3692(r29)   : IntAlu :  D=0x00000001200c8828
156965000: system.cpu T0 : 0x1200479c4    : cmpeq      r9,r0,r9        : IntAlu :  D=0x0000000000000001
156966000: system.cpu T0 : 0x1200479c8    : beq        r9,0x12004bc10  : IntAlu : 
156966000: system.cpu T0 : 0x1200479cc    : subl       r12,r11,r12     : IntAlu :  D=0x0000000000000000
156979000: system.cpu T0 : 0x1200479d0    : ldq        r1,64(r15)      : MemRead :  D=0x00000001200903c4 A=0x11ff8b2c0
157408000: system.cpu T0 : 0x1200479d4    : ldbu       r1,0(r1)        : MemRead :  D=0x0000000000000025 A=0x1200903c4
157410000: system.cpu T0 : 0x1200479d8    : beq        r1,0x12004ba28  : IntAlu : 
157410000: system.cpu T0 : 0x1200479dc    : stq        r31,1680(r15)   : MemWrite :  D=0x0000000000000000 A=0x11ff8b910
157410000: system.cpu T0 : 0x1200479e0    : lda        r2,-1(r31)      : IntAlu :  D=0xffffffffffffffff
157411000: system.cpu T0 : 0x1200479e4    : stq        r2,1672(r15)    : MemWrite :  D=0xffffffffffffffff A=0x11ff8b908
157411000: system.cpu T0 : 0x1200479e8    : stq        r31,1648(r15)   : MemWrite :  D=0x0000000000000000 A=0x11ff8b8f0
157411000: system.cpu T0 : 0x1200479ec    : stq        r31,1632(r15)   : MemWrite :  D=0x0000000000000000 A=0x11ff8b8e0
157411000: system.cpu T0 : 0x1200479f0    : ldah       r1,-3(r29)      : IntAlu :  D=0x0000000120098828
157412000: system.cpu T0 : 0x1200479f4    : lda        r1,31112(r1)    : IntAlu :  D=0x00000001200a01b0
157413000: system.cpu T0 : 0x1200479f8    : stq        r1,1808(r15)    : MemWrite :  D=0x00000001200a01b0 A=0x11ff8b990
157413000: system.cpu T0 : 0x1200479fc    : ldah       r1,-3(r29)      : IntAlu :  D=0x0000000120098828
157835000: system.cpu T0 : 0x120047a00    : lda        r1,30872(r1)    : IntAlu :  D=0x00000001200a00c0
157836000: system.cpu T0 : 0x120047a04    : stq        r1,1816(r15)    : MemWrite :  D=0x00000001200a00c0 A=0x11ff8b998
157836000: system.cpu T0 : 0x120047a08    : ldah       r1,-8(r29)      : IntAlu :  D=0x0000000120048828
157837000: system.cpu T0 : 0x120047a0c    : lda        r1,4020(r1)     : IntAlu :  D=0x00000001200497dc
157838000: system.cpu T0 : 0x120047a10    : stq        r1,1824(r15)    : MemWrite :  D=0x00000001200497dc A=0x11ff8b9a0
157841000: system.cpu T0 : 0x120047a14    : call_pal   rduniq          : IntAlu :  D=0x000000012033a6b0
157841000: system.cpu T0 : 0x120047a18    : lda        r1,40(r31)      : IntAlu :  D=0x0000000000000028
157842000: system.cpu T0 : 0x120047a1c    : addq       r0,r1,r1        : IntAlu :  D=0x000000012033a6d8
157843000: system.cpu T0 : 0x120047a20    : stq        r1,1832(r15)    : MemWrite :  D=0x000000012033a6d8 A=0x11ff8b9a8
157843000: system.cpu T0 : 0x120047a24    : ldah       r1,-3(r29)      : IntAlu :  D=0x0000000120098828
157844000: system.cpu T0 : 0x120047a28    : lda        r1,30632(r1)    : IntAlu :  D=0x000000012009ffd0
157845000: system.cpu T0 : 0x120047a2c    : stq        r1,1840(r15)    : MemWrite :  D=0x000000012009ffd0 A=0x11ff8b9b0
157845000: system.cpu T0 : 0x120047a30    : ldah       r1,-3(r29)      : IntAlu :  D=0x0000000120098828
157846000: system.cpu T0 : 0x120047a34    : lda        r1,30392(r1)    : IntAlu :  D=0x000000012009fee0
157847000: system.cpu T0 : 0x120047a38    : stq        r1,1848(r15)    : MemWrite :  D=0x000000012009fee0 A=0x11ff8b9b8
157847000: system.cpu T0 : 0x120047a3c    : lda        r1,96(r31)      : IntAlu :  D=0x0000000000000060
158273000: system.cpu T0 : 0x120047a40    : addq       r0,r1,r1        : IntAlu :  D=0x000000012033a710
158274000: system.cpu T0 : 0x120047a44    : stq        r1,1856(r15)    : MemWrite :  D=0x000000012033a710 A=0x11ff8b9c0
158274000: system.cpu T0 : 0x120047a48    : lda        r1,16(r31)      : IntAlu :  D=0x0000000000000010
158275000: system.cpu T0 : 0x120047a4c    : addq       r0,r1,r1        : IntAlu :  D=0x000000012033a6c0
158276000: system.cpu T0 : 0x120047a50    : stq        r1,1864(r15)    : MemWrite :  D=0x000000012033a6c0 A=0x11ff8b9c8
158277000: system.cpu T0 : 0x120047a54    : ldq        r3,1824(r15)    : MemRead :  D=0x00000001200497dc A=0x11ff8b9a0
158279000: system.cpu T0 : 0x120047a58    : stq        r3,1872(r15)    : MemWrite :  D=0x00000001200497dc A=0x11ff8b9d0
158292000: system.cpu T0 : 0x120047a5c    : ldq        r1,64(r15)      : MemRead :  D=0x00000001200903c4 A=0x11ff8b2c0
158294000: system.cpu T0 : 0x120047a60    : lda        r1,1(r1)        : IntAlu :  D=0x00000001200903c5
158295000: system.cpu T0 : 0x120047a64    : stq        r1,64(r15)      : MemWrite :  D=0x00000001200903c5 A=0x11ff8b2c0
158308000: system.cpu T0 : 0x120047a68    : ldbu       r1,0(r1)        : MemRead :  D=0x0000000000000075 A=0x1200903c5
158310000: system.cpu T0 : 0x120047a6c    : sextb      r1,r4           : IntAlu :  D=0x0000000000000075
158311000: system.cpu T0 : 0x120047a70    : stq        r4,1512(r15)    : MemWrite :  D=0x0000000000000075 A=0x11ff8b868
158311000: system.cpu T0 : 0x120047a74    : lda        r1,-32(r1)      : IntAlu :  D=0x0000000000000055
158312000: system.cpu T0 : 0x120047a78    : and        r1,255,r1       : IntAlu :  D=0x0000000000000055
158313000: system.cpu T0 : 0x120047a7c    : cmpule     r1,90,r1        : IntAlu :  D=0x0000000000000001
158710000: system.cpu T0 : 0x120047a80    : ldq        r2,1824(r15)    : MemRead :  D=0x00000001200497dc A=0x11ff8b9a0
158710000: system.cpu T0 : 0x120047a84    : beq        r1,0x120047aa4  : IntAlu : 
158738000: system.cpu T0 : 0x120047a88    : ldq        r2,1512(r15)    : MemRead :  D=0x0000000000000075 A=0x11ff8b868
158738000: system.cpu T0 : 0x120047a8c    : ldq        r3,1808(r15)    : MemRead :  D=0x00000001200a01b0 A=0x11ff8b990
158740000: system.cpu T0 : 0x120047a90    : s4addq     r2,r3,r1        : IntAlu :  D=0x00000001200a0384
159166000: system.cpu T0 : 0x120047a94    : ldl        r1,-128(r1)     : MemRead :  D=0x0000000000000010 A=0x1200a0304
159166000: system.cpu T0 : 0x120047a98    : ldq        r4,1816(r15)    : MemRead :  D=0x00000001200a00c0 A=0x11ff8b998
159168000: system.cpu T0 : 0x120047a9c    : s8addq     r1,r4,r1        : IntAlu :  D=0x00000001200a0140
159604000: system.cpu T0 : 0x120047aa0    : ldq        r2,0(r1)        : MemRead :  D=0x000000012004853c A=0x1200a0140
159604000: system.cpu T0 : 0x120047aa4    : lda        r9,1072(r15)    : IntAlu :  D=0x000000011ff8b6b0
159604000: system.cpu T0 : 0x120047aa8    : stq        r31,1656(r15)   : MemWrite :  D=0x0000000000000000 A=0x11ff8b8f8
159604000: system.cpu T0 : 0x120047aac    : stq        r31,1608(r15)   : MemWrite :  D=0x0000000000000000 A=0x11ff8b8c8
159605000: system.cpu T0 : 0x120047ab0    : stq        r31,1600(r15)   : MemWrite :  D=0x0000000000000000 A=0x11ff8b8c0
159605000: system.cpu T0 : 0x120047ab4    : stq        r31,1592(r15)   : MemWrite :  D=0x0000000000000000 A=0x11ff8b8b8
159605000: system.cpu T0 : 0x120047ab8    : stq        r31,1584(r15)   : MemWrite :  D=0x0000000000000000 A=0x11ff8b8b0
159605000: system.cpu T0 : 0x120047abc    : stq        r31,1576(r15)   : MemWrite :  D=0x0000000000000000 A=0x11ff8b8a8
159606000: system.cpu T0 : 0x120047ac0    : stq        r31,1568(r15)   : MemWrite :  D=0x0000000000000000 A=0x11ff8b8a0
159606000: system.cpu T0 : 0x120047ac4    : stq        r31,1560(r15)   : MemWrite :  D=0x0000000000000000 A=0x11ff8b898
159606000: system.cpu T0 : 0x120047ac8    : stq        r31,1552(r15)   : MemWrite :  D=0x0000000000000000 A=0x11ff8b890
159606000: system.cpu T0 : 0x120047acc    : stq        r31,1544(r15)   : MemWrite :  D=0x0000000000000000 A=0x11ff8b888
159607000: system.cpu T0 : 0x120047ad0    : stq        r31,1280(r15)   : MemWrite :  D=0x0000000000000000 A=0x11ff8b780
159607000: system.cpu T0 : 0x120047ad4    : lda        r1,-1(r31)      : IntAlu :  D=0xffffffffffffffff
159608000: system.cpu T0 : 0x120047ad8    : stq        r1,1304(r15)    : MemWrite :  D=0xffffffffffffffff A=0x11ff8b798
159608000: system.cpu T0 : 0x120047adc    : stq        r31,1528(r15)   : MemWrite :  D=0x0000000000000000 A=0x11ff8b878
159608000: system.cpu T0 : 0x120047ae0    : lda        r3,32(r31)      : IntAlu :  D=0x0000000000000020
159609000: system.cpu T0 : 0x120047ae4    : stq        r3,1520(r15)    : MemWrite :  D=0x0000000000000020 A=0x11ff8b870
159609000: system.cpu T0 : 0x120047ae8    : ldah       r1,-3(r29)      : IntAlu :  D=0x0000000120098828
159610000: system.cpu T0 : 0x120047aec    : lda        r1,30152(r1)    : IntAlu :  D=0x000000012009fdf0
159611000: system.cpu T0 : 0x120047af0    : stq        r1,1784(r15)    : MemWrite :  D=0x000000012009fdf0 A=0x11ff8b978
159611000: system.cpu T0 : 0x120047af4    : ldah       r1,-3(r29)      : IntAlu :  D=0x0000000120098828
159612000: system.cpu T0 : 0x120047af8    : lda        r1,29672(r1)    : IntAlu :  D=0x000000012009fc10
159613000: system.cpu T0 : 0x120047afc    : stq        r1,1792(r15)    : MemWrite :  D=0x000000012009fc10 A=0x11ff8b980
160045000: system.cpu T0 : 0x120047b00    : ldah       r1,-3(r29)      : IntAlu :  D=0x0000000120098828
160046000: system.cpu T0 : 0x120047b04    : lda        r1,29912(r1)    : IntAlu :  D=0x000000012009fd00
160047000: system.cpu T0 : 0x120047b08    : stq        r1,1800(r15)    : MemWrite :  D=0x000000012009fd00 A=0x11ff8b988
160047000: system.cpu T0 : 0x120047b0c    : jmp        (r2)            : IntAlu : 
160483000: system.cpu T0 : 0x12004853c    : lda        r4,10(r31)      : IntAlu :  D=0x000000000000000a
160492000: system.cpu T0 : 0x120048540    : stq        r4,1616(r15)    : MemWrite :  D=0x000000000000000a A=0x11ff8b8d0
160492000: system.cpu T0 : 0x120048544    : br         0x12004855c     : IntAlu : 
160508000: system.cpu T0 : 0x12004855c    : ldq        r3,1552(r15)    : MemRead :  D=0x0000000000000000 A=0x11ff8b890
160510000: system.cpu T0 : 0x120048560    : beq        r3,0x12004858c  : IntAlu : 
160922000: system.cpu T0 : 0x12004858c    : ldq        r3,1544(r15)    : MemRead :  D=0x0000000000000000 A=0x11ff8b888
160924000: system.cpu T0 : 0x120048590    : beq        r3,0x1200485bc  : IntAlu : 
160928000: system.cpu T0 : 0x1200485bc    : ldq        r3,1560(r15)    : MemRead :  D=0x0000000000000000 A=0x11ff8b898
161350000: system.cpu T0 : 0x1200485c0    : bne        r3,0x1200485f0  : IntAlu : 
161773000: system.cpu T0 : 0x1200485c4    : ldq        r1,1344(r15)    : MemRead :  D=0x0000000000000010 A=0x11ff8b7c0
161775000: system.cpu T0 : 0x1200485c8    : addl       r1,8,r4         : IntAlu :  D=0x0000000000000018
161776000: system.cpu T0 : 0x1200485cc    : stq        r4,1344(r15)    : MemWrite :  D=0x0000000000000018 A=0x11ff8b7c0
161777000: system.cpu T0 : 0x1200485d0    : ldq        r2,1336(r15)    : MemRead :  D=0x000000011ff8bb50 A=0x11ff8b7b8
161779000: system.cpu T0 : 0x1200485d4    : addq       r2,r1,r1        : IntAlu :  D=0x000000011ff8bb60
162203000: system.cpu T0 : 0x1200485d8    : ldl        r1,0(r1)        : MemRead :  D=0x000000000000006e A=0x11ff8bb60
162205000: system.cpu T0 : 0x1200485dc    : zapnot     r1,15,r13       : IntAlu :  D=0x000000000000006e
162205000: system.cpu T0 : 0x1200485e0    : bis        r31,r31,r14     : IntAlu :  D=0x0000000000000000
162205000: system.cpu T0 : 0x1200485e4    : stq        r31,1600(r15)   : MemWrite :  D=0x0000000000000000 A=0x11ff8b8c0
162205000: system.cpu T0 : 0x1200485e8    : stq        r31,1584(r15)   : MemWrite :  D=0x0000000000000000 A=0x11ff8b8b0
162206000: system.cpu T0 : 0x1200485ec    : br         0x120048614     : IntAlu : 
162637000: system.cpu T0 : 0x120048614    : ldq        r1,1304(r15)    : MemRead :  D=0xffffffffffffffff A=0x11ff8b798
162639000: system.cpu T0 : 0x120048618    : bge        r1,0x120048628  : IntAlu : 
162639000: system.cpu T0 : 0x12004861c    : lda        r2,1(r31)       : IntAlu :  D=0x0000000000000001
162640000: system.cpu T0 : 0x120048620    : stq        r2,1304(r15)    : MemWrite :  D=0x0000000000000001 A=0x11ff8b798
162640000: system.cpu T0 : 0x120048624    : br         0x120048674     : IntAlu : 
163065000: system.cpu T0 : 0x120048674    : bis        r31,r13,r16     : IntAlu :  D=0x000000000000006e
163065000: system.cpu T0 : 0x120048678    : bis        r31,r9,r17      : IntAlu :  D=0x000000011ff8b6b0
163066000: system.cpu T0 : 0x12004867c    : ldq        r18,1616(r15)   : MemRead :  D=0x000000000000000a A=0x11ff8b8d0
163504000: system.cpu T0 : 0x120048680    : ldq        r2,1512(r15)    : MemRead :  D=0x0000000000000075 A=0x11ff8b868
163506000: system.cpu T0 : 0x120048684    : cmpeq      r2,88,r19       : IntAlu :  D=0x0000000000000000
163506000: system.cpu T0 : 0x120048688    : nop        (ldq_u      r31,0(r30)) : No_OpClass : 
163506000: system.cpu T0 : 0x12004868c    : bsr        r26,0x120046994 : IntAlu :  D=0x0000000120048690
163506000: system.cpu T0 : 0x120046994    : bis        r31,r16,r24     : IntAlu :  D=0x000000000000006e
163507000: system.cpu T0 : 0x120046998    : bis        r31,r17,r0      : IntAlu :  D=0x000000011ff8b6b0
163942000: system.cpu T0 : 0x12004699c    : ldq        r1,-31200(r29)  : MemRead :  D=0x000000012009f9f8 A=0x1200c0e48
163951000: system.cpu T0 : 0x1200469a0    : ldq        r2,-30648(r29)  : MemRead :  D=0x000000012009fa1c A=0x1200c1070
163951000: system.cpu T0 : 0x1200469a4    : bis        r31,r1,r3       : IntAlu :  D=0x000000012009f9f8
163953000: system.cpu T0 : 0x1200469a8    : cmovne     r19,r2,r3       : IntAlu :  D=0x000000012009f9f8
163953000: system.cpu T0 : 0x1200469ac    : zapnot     r18,15,r2       : IntAlu :  D=0x000000000000000a
163954000: system.cpu T0 : 0x1200469b0    : cmpeq      r2,10,r1        : IntAlu :  D=0x0000000000000001
163955000: system.cpu T0 : 0x1200469b4    : bne        r1,0x1200469d0  : IntAlu : 
163958000: system.cpu T0 : 0x1200469d0    : ldah       r1,-3(r29)      : IntAlu :  D=0x0000000120098828
164382000: system.cpu T0 : 0x1200469d4    : ldq        r4,29128(r1)    : MemRead :  D=0xcccccccccccccccd A=0x12009f9f0
164382000: system.cpu T0 : 0x1200469d8    : lda        r0,-1(r0)       : IntAlu :  D=0x000000011ff8b6af
164384000: system.cpu T0 : 0x1200469dc    : umulh      r24,r4,r1       : IntMult :  D=0x0000000000000058
164386000: system.cpu T0 : 0x1200469e0    : srl        r1,3,r1         : IntAlu :  D=0x000000000000000b
164387000: system.cpu T0 : 0x1200469e4    : s4addq     r1,r1,r2        : IntAlu :  D=0x0000000000000037
164388000: system.cpu T0 : 0x1200469e8    : addq       r2,r2,r2        : IntAlu :  D=0x000000000000006e
164389000: system.cpu T0 : 0x1200469ec    : subq       r24,r2,r2       : IntAlu :  D=0x0000000000000000
164390000: system.cpu T0 : 0x1200469f0    : addq       r3,r2,r2        : IntAlu :  D=0x000000012009f9f8
164392000: system.cpu T0 : 0x1200469f4    : ldbu       r2,0(r2)        : MemRead :  D=0x0000000000000030 A=0x12009f9f8
164394000: system.cpu T0 : 0x1200469f8    : stb        r2,0(r0)        : MemWrite :  D=0x0000000000000030 A=0x11ff8b6af
164394000: system.cpu T0 : 0x1200469fc    : bis        r31,r1,r24      : IntAlu :  D=0x000000000000000b
164814000: system.cpu T0 : 0x120046a00    : bne        r1,0x1200469d8  : IntAlu : 
164817000: system.cpu T0 : 0x1200469d8    : lda        r0,-1(r0)       : IntAlu :  D=0x000000011ff8b6ae
164817000: system.cpu T0 : 0x1200469dc    : umulh      r24,r4,r1       : IntMult :  D=0x0000000000000008
164819000: system.cpu T0 : 0x1200469e0    : srl        r1,3,r1         : IntAlu :  D=0x0000000000000001
164820000: system.cpu T0 : 0x1200469e4    : s4addq     r1,r1,r2        : IntAlu :  D=0x0000000000000005
164821000: system.cpu T0 : 0x1200469e8    : addq       r2,r2,r2        : IntAlu :  D=0x000000000000000a
164822000: system.cpu T0 : 0x1200469ec    : subq       r24,r2,r2       : IntAlu :  D=0x0000000000000001
164823000: system.cpu T0 : 0x1200469f0    : addq       r3,r2,r2        : IntAlu :  D=0x000000012009f9f9
164825000: system.cpu T0 : 0x1200469f4    : ldbu       r2,0(r2)        : MemRead :  D=0x0000000000000031 A=0x12009f9f9
164827000: system.cpu T0 : 0x1200469f8    : stb        r2,0(r0)        : MemWrite :  D=0x0000000000000031 A=0x11ff8b6ae
164827000: system.cpu T0 : 0x1200469fc    : bis        r31,r1,r24      : IntAlu :  D=0x0000000000000001
164827000: system.cpu T0 : 0x120046a00    : bne        r1,0x1200469d8  : IntAlu : 
164830000: system.cpu T0 : 0x1200469d8    : lda        r0,-1(r0)       : IntAlu :  D=0x000000011ff8b6ad
164830000: system.cpu T0 : 0x1200469dc    : umulh      r24,r4,r1       : IntMult :  D=0x0000000000000000
164832000: system.cpu T0 : 0x1200469e0    : srl        r1,3,r1         : IntAlu :  D=0x0000000000000000
164833000: system.cpu T0 : 0x1200469e4    : s4addq     r1,r1,r2        : IntAlu :  D=0x0000000000000000
164834000: system.cpu T0 : 0x1200469e8    : addq       r2,r2,r2        : IntAlu :  D=0x0000000000000000
164835000: system.cpu T0 : 0x1200469ec    : subq       r24,r2,r2       : IntAlu :  D=0x0000000000000001
164836000: system.cpu T0 : 0x1200469f0    : addq       r3,r2,r2        : IntAlu :  D=0x000000012009f9f9
164838000: system.cpu T0 : 0x1200469f4    : ldbu       r2,0(r2)        : MemRead :  D=0x0000000000000031 A=0x12009f9f9
164840000: system.cpu T0 : 0x1200469f8    : stb        r2,0(r0)        : MemWrite :  D=0x0000000000000031 A=0x11ff8b6ad
164840000: system.cpu T0 : 0x1200469fc    : bis        r31,r1,r24      : IntAlu :  D=0x0000000000000000
164840000: system.cpu T0 : 0x120046a00    : bne        r1,0x1200469d8  : IntAlu : 
164843000: system.cpu T0 : 0x120046a04    : ret        (r26)           : IntAlu : 
164845000: system.cpu T0 : 0x120048690    : nop        (ldq_u      r31,0(r30)) : No_OpClass : 
164845000: system.cpu T0 : 0x120048694    : nop        (ldq_u      r31,0(r30)) : No_OpClass : 
164845000: system.cpu T0 : 0x120048698    : bis        r31,r0,r11      : IntAlu :  D=0x000000011ff8b6ad
164859000: system.cpu T0 : 0x12004869c    : ldq        r3,1576(r15)    : MemRead :  D=0x0000000000000000 A=0x11ff8b8a8
164861000: system.cpu T0 : 0x1200486a0    : cmpult     r31,r3,r2       : IntAlu :  D=0x0000000000000000
164862000: system.cpu T0 : 0x1200486a4    : ldq        r4,1672(r15)    : MemRead :  D=0xffffffffffffffff A=0x11ff8b908
164864000: system.cpu T0 : 0x1200486a8    : cmpult     r31,r4,r1       : IntAlu :  D=0x0000000000000001
164865000: system.cpu T0 : 0x1200486ac    : and        r1,r2,r1        : IntAlu :  D=0x0000000000000000
164866000: system.cpu T0 : 0x1200486b0    : beq        r1,0x1200486cc  : IntAlu : 
165695000: system.cpu T0 : 0x1200486cc    : ldq        r1,1528(r15)    : MemRead :  D=0x0000000000000000 A=0x11ff8b878
165697000: system.cpu T0 : 0x1200486d0    : cmpult     r31,r1,r2       : IntAlu :  D=0x0000000000000000
165698000: system.cpu T0 : 0x1200486d4    : ldq        r3,1616(r15)    : MemRead :  D=0x000000000000000a A=0x11ff8b8d0
165700000: system.cpu T0 : 0x1200486d8    : cmpeq      r3,10,r1        : IntAlu :  D=0x0000000000000001
165701000: system.cpu T0 : 0x1200486dc    : and        r1,r2,r1        : IntAlu :  D=0x0000000000000000
165702000: system.cpu T0 : 0x1200486e0    : beq        r1,0x1200486f4  : IntAlu : 
165718000: system.cpu T0 : 0x1200486f4    : ldq        r17,1304(r15)   : MemRead :  D=0x0000000000000001 A=0x11ff8b798
165718000: system.cpu T0 : 0x1200486f8    : stq        r9,1760(r15)    : MemWrite :  D=0x000000011ff8b6b0 A=0x11ff8b960
165718000: system.cpu T0 : 0x1200486fc    : subq       r9,r11,r1       : IntAlu :  D=0x0000000000000003
166135000: system.cpu T0 : 0x120048700    : cmple      r17,r1,r1       : IntAlu :  D=0x0000000000000001
166136000: system.cpu T0 : 0x120048704    : beq        r1,0x120048730  : IntAlu : 
166136000: system.cpu T0 : 0x120048708    : cmpult     r31,r13,r1      : IntAlu :  D=0x0000000000000001
166137000: system.cpu T0 : 0x12004870c    : ldq        r4,1608(r15)    : MemRead :  D=0x0000000000000000 A=0x11ff8b8c8
166139000: system.cpu T0 : 0x120048710    : and        r4,r1,r1        : IntAlu :  D=0x0000000000000000
166140000: system.cpu T0 : 0x120048714    : beq        r1,0x120048730  : IntAlu : 
166143000: system.cpu T0 : 0x120048730    : stq        r11,1328(r15)   : MemWrite :  D=0x000000011ff8b6ad A=0x11ff8b7b0
166146000: system.cpu T0 : 0x120048734    : ldq        r3,1760(r15)    : MemRead :  D=0x000000011ff8b6b0 A=0x11ff8b960
166148000: system.cpu T0 : 0x120048738    : subq       r17,r3,r1       : IntAlu :  D=0xfffffffee0074951
166149000: system.cpu T0 : 0x12004873c    : addq       r1,r11,r1       : IntAlu :  D=0xfffffffffffffffe
166567000: system.cpu T0 : 0x120048740    : cmovlt     r1,0,r1         : IntAlu :  D=0x0000000000000000
166568000: system.cpu T0 : 0x120048744    : addl       r31,r1,r1       : IntAlu :  D=0x0000000000000000
166569000: system.cpu T0 : 0x120048748    : stq        r1,1536(r15)    : MemWrite :  D=0x0000000000000000 A=0x11ff8b880
166571000: system.cpu T0 : 0x12004874c    : ldq        r4,1592(r15)    : MemRead :  D=0x0000000000000000 A=0x11ff8b8b8
166573000: system.cpu T0 : 0x120048750    : bne        r4,0x120048a00  : IntAlu : 
166573000: system.cpu T0 : 0x120048754    : addl       r31,r11,r1      : IntAlu :  D=0x000000001ff8b6ad
166574000: system.cpu T0 : 0x120048758    : stq        r1,1752(r15)    : MemWrite :  D=0x000000001ff8b6ad A=0x11ff8b958
166574000: system.cpu T0 : 0x12004875c    : addl       r31,r3,r2       : IntAlu :  D=0x000000001ff8b6b0
166575000: system.cpu T0 : 0x120048760    : stq        r2,1744(r15)    : MemWrite :  D=0x000000001ff8b6b0 A=0x11ff8b950
166577000: system.cpu T0 : 0x120048764    : ldq        r3,1280(r15)    : MemRead :  D=0x0000000000000000 A=0x11ff8b780
166579000: system.cpu T0 : 0x120048768    : subq       r3,r2,r1        : IntAlu :  D=0xffffffffe0074950
166580000: system.cpu T0 : 0x12004876c    : ldq        r4,1752(r15)    : MemRead :  D=0x000000001ff8b6ad A=0x11ff8b958
166582000: system.cpu T0 : 0x120048770    : addq       r4,r1,r1        : IntAlu :  D=0xfffffffffffffffd
166583000: system.cpu T0 : 0x120048774    : ldq        r2,1536(r15)    : MemRead :  D=0x0000000000000000 A=0x11ff8b880
166585000: system.cpu T0 : 0x120048778    : subl       r1,r2,r9        : IntAlu :  D=0x00000000fffffffd
166585000: system.cpu T0 : 0x12004877c    : cmpult     r31,r13,r1      : IntAlu :  D=0x0000000000000001
167000000: system.cpu T0 : 0x120048780    : ldq        r3,1608(r15)    : MemRead :  D=0x0000000000000000 A=0x11ff8b8c8
167002000: system.cpu T0 : 0x120048784    : and        r3,r1,r13       : IntAlu :  D=0x0000000000000000
167003000: system.cpu T0 : 0x120048788    : beq        r13,0x12004879c : IntAlu : 
167007000: system.cpu T0 : 0x12004879c    : ldq        r2,1600(r15)    : MemRead :  D=0x0000000000000000 A=0x11ff8b8c0
167009000: system.cpu T0 : 0x1200487a0    : bis        r2,r14,r1       : IntAlu :  D=0x0000000000000000
167010000: system.cpu T0 : 0x1200487a4    : ldq        r3,1584(r15)    : MemRead :  D=0x0000000000000000 A=0x11ff8b8b0
167012000: system.cpu T0 : 0x1200487a8    : bis        r1,r3,r1        : IntAlu :  D=0x0000000000000000
167012000: system.cpu T0 : 0x1200487ac    : subl       r9,1,r2         : IntAlu :  D=0x00000000fffffffc
167013000: system.cpu T0 : 0x1200487b0    : cmovne     r1,r2,r9        : IntAlu :  D=0xfffffffffffffffd
167014000: system.cpu T0 : 0x1200487b4    : ldq        r4,1520(r15)    : MemRead :  D=0x0000000000000020 A=0x11ff8b870
167016000: system.cpu T0 : 0x1200487b8    : cmpeq      r4,32,r1        : IntAlu :  D=0x0000000000000001
167017000: system.cpu T0 : 0x1200487bc    : beq        r1,0x1200487f0  : IntAlu : 
167431000: system.cpu T0 : 0x1200487c0    : bgt        r9,0x1200487cc  : IntAlu : 
167431000: system.cpu T0 : 0x1200487c4    : bis        r31,r31,r9      : IntAlu :  D=0x0000000000000000
167432000: system.cpu T0 : 0x1200487c8    : br         0x1200487f0     : IntAlu : 
167435000: system.cpu T0 : 0x1200487f0    : beq        r14,0x120048840 : IntAlu : 
167869000: system.cpu T0 : 0x120048840    : ldq        r1,1584(r15)    : MemRead :  D=0x0000000000000000 A=0x11ff8b8b0
167871000: system.cpu T0 : 0x120048844    : beq        r1,0x120048894  : IntAlu : 
168298000: system.cpu T0 : 0x120048894    : ldq        r2,1600(r15)    : MemRead :  D=0x0000000000000000 A=0x11ff8b8c0
168300000: system.cpu T0 : 0x120048898    : beq        r2,0x1200488e4  : IntAlu : 
168726000: system.cpu T0 : 0x1200488e4    : beq        r13,0x12004898c : IntAlu : 
169160000: system.cpu T0 : 0x12004898c    : ldq        r2,1536(r15)    : MemRead :  D=0x0000000000000000 A=0x11ff8b880
169162000: system.cpu T0 : 0x120048990    : addl       r9,r2,r18       : IntAlu :  D=0x0000000000000000
169163000: system.cpu T0 : 0x120048994    : ble        r18,0x1200489b4 : IntAlu : 
169167000: system.cpu T0 : 0x1200489b4    : ldq        r3,1760(r15)    : MemRead :  D=0x000000011ff8b6b0 A=0x11ff8b960
169168000: system.cpu T0 : 0x1200489b8    : ldq        r4,1328(r15)    : MemRead :  D=0x000000011ff8b6ad A=0x11ff8b7b0
169170000: system.cpu T0 : 0x1200489bc    : subq       r3,r4,r9        : IntAlu :  D=0x0000000000000003
169598000: system.cpu T0 : 0x1200489c0    : ldq        r2,1768(r15)    : MemRead :  D=0x000000011ff8ba00 A=0x11ff8b968
170023000: system.cpu T0 : 0x1200489c4    : ldq        r1,216(r2)      : MemRead :  D=0x00000001200be480 A=0x11ff8bad8
170448000: system.cpu T0 : 0x1200489c8    : ldq        r27,56(r1)      : MemRead :  D=0x0000000120025c04 A=0x1200be4b8
170448000: system.cpu T0 : 0x1200489cc    : bis        r31,r10,r16     : IntAlu :  D=0x000000011ff8ba00
170448000: system.cpu T0 : 0x1200489d0    : bis        r31,r11,r17     : IntAlu :  D=0x000000011ff8b6ad
170448000: system.cpu T0 : 0x1200489d4    : bis        r31,r9,r18      : IntAlu :  D=0x0000000000000003
170450000: system.cpu T0 : 0x1200489d8    : jsr        r26,(r27)       : IntAlu :  D=0x00000001200489dc
170880000: system.cpu T0 : 0x120025c04    : ldah       r29,10(r27)     : IntAlu :  D=0x00000001200c5c04
170881000: system.cpu T0 : 0x120025c08    : lda        r29,11300(r29)  : IntAlu :  D=0x00000001200c8828
170881000: system.cpu T0 : 0x120025c0c    : lda        r30,-64(r30)    : IntAlu :  D=0x000000011ff8b240
170881000: system.cpu T0 : 0x120025c10    : stq        r26,0(r30)      : MemWrite :  D=0x00000001200489dc A=0x11ff8b240
170881000: system.cpu T0 : 0x120025c14    : stq        r9,8(r30)       : MemWrite :  D=0x0000000000000003 A=0x11ff8b248
170882000: system.cpu T0 : 0x120025c18    : stq        r10,16(r30)     : MemWrite :  D=0x000000011ff8ba00 A=0x11ff8b250
170882000: system.cpu T0 : 0x120025c1c    : stq        r11,24(r30)     : MemWrite :  D=0x000000011ff8b6ad A=0x11ff8b258
170882000: system.cpu T0 : 0x120025c20    : stq        r12,32(r30)     : MemWrite :  D=0x0000000000000000 A=0x11ff8b260
170882000: system.cpu T0 : 0x120025c24    : stq        r13,40(r30)     : MemWrite :  D=0x0000000000000000 A=0x11ff8b268
170883000: system.cpu T0 : 0x120025c28    : stq        r14,48(r30)     : MemWrite :  D=0x0000000000000000 A=0x11ff8b270
170883000: system.cpu T0 : 0x120025c2c    : bis        r31,r16,r12     : IntAlu :  D=0x000000011ff8ba00
170883000: system.cpu T0 : 0x120025c30    : bis        r31,r18,r13     : IntAlu :  D=0x0000000000000003
170883000: system.cpu T0 : 0x120025c34    : bis        r31,r17,r10     : IntAlu :  D=0x000000011ff8b6ad
170884000: system.cpu T0 : 0x120025c38    : bis        r31,r18,r11     : IntAlu :  D=0x0000000000000003
170884000: system.cpu T0 : 0x120025c3c    : bis        r31,r31,r0      : IntAlu :  D=0x0000000000000000
171307000: system.cpu T0 : 0x120025c40    : beq        r18,0x120025d08 : IntAlu : 
171310000: system.cpu T0 : 0x120025c44    : bis        r31,r31,r14     : IntAlu :  D=0x0000000000000000
171733000: system.cpu T0 : 0x120025c48    : ldq        r16,40(r12)     : MemRead :  D=0x0000000120125bec A=0x11ff8ba28
171740000: system.cpu T0 : 0x120025c4c    : ldq        r2,48(r12)      : MemRead :  D=0xffffffffffffffff A=0x11ff8ba30
171742000: system.cpu T0 : 0x120025c50    : cmpult     r16,r2,r1       : IntAlu :  D=0x0000000000000001
171743000: system.cpu T0 : 0x120025c54    : beq        r1,0x120025cd0  : IntAlu : 
171743000: system.cpu T0 : 0x120025c58    : subq       r2,r16,r1       : IntAlu :  D=0xfffffffedfeda413
171744000: system.cpu T0 : 0x120025c5c    : cmpult     r11,r1,r2       : IntAlu :  D=0x0000000000000001
171744000: system.cpu T0 : 0x120025c60    : bis        r31,r1,r9       : IntAlu :  D=0xfffffffedfeda413
171745000: system.cpu T0 : 0x120025c64    : cmovne     r2,r11,r9       : IntAlu :  D=0x0000000000000003
171746000: system.cpu T0 : 0x120025c68    : cmpule     r9,20,r1        : IntAlu :  D=0x0000000000000001
171747000: system.cpu T0 : 0x120025c6c    : bne        r1,0x120025c94  : IntAlu : 
172170000: system.cpu T0 : 0x120025c94    : beq        r9,0x120025ccc  : IntAlu : 
172170000: system.cpu T0 : 0x120025c98    : lda        r1,-1(r9)       : IntAlu :  D=0x0000000000000002
172171000: system.cpu T0 : 0x120025c9c    : blt        r1,0x120025cc8  : IntAlu : 
172171000: system.cpu T0 : 0x120025ca0    : bis        r31,r14,r3      : IntAlu :  D=0x0000000000000000
172172000: system.cpu T0 : 0x120025ca4    : addq       r16,r3,r2       : IntAlu :  D=0x0000000120125bec
172172000: system.cpu T0 : 0x120025ca8    : addq       r10,r3,r1       : IntAlu :  D=0x000000011ff8b6ad
172602000: system.cpu T0 : 0x120025cac    : ldbu       r1,0(r1)        : MemRead :  D=0x0000000000000031 A=0x11ff8b6ad
172604000: system.cpu T0 : 0x120025cb0    : stb        r1,0(r2)        : MemWrite :  D=0x0000000000000031 A=0x120125bec
172610000: system.cpu T0 : 0x120025cb0    : stb        r1,0(r2)        : MemWrite :  D=0x0000000000000031 A=0x120125bec
172610000: system.cpu T0 : 0x120025cb4    : lda        r3,1(r3)        : IntAlu :  D=0x0000000000000001
172611000: system.cpu T0 : 0x120025cb8    : cmpeq      r3,r9,r1        : IntAlu :  D=0x0000000000000000
172612000: system.cpu T0 : 0x120025cbc    : beq        r1,0x120025ca4  : IntAlu : 
172615000: system.cpu T0 : 0x120025ca4    : addq       r16,r3,r2       : IntAlu :  D=0x0000000120125bed
172615000: system.cpu T0 : 0x120025ca8    : addq       r10,r3,r1       : IntAlu :  D=0x000000011ff8b6ae
172617000: system.cpu T0 : 0x120025cac    : ldbu       r1,0(r1)        : MemRead :  D=0x0000000000000031 A=0x11ff8b6ae
172619000: system.cpu T0 : 0x120025cb0    : stb        r1,0(r2)        : MemWrite :  D=0x0000000000000031 A=0x120125bed
172619000: system.cpu T0 : 0x120025cb4    : lda        r3,1(r3)        : IntAlu :  D=0x0000000000000002
172620000: system.cpu T0 : 0x120025cb8    : cmpeq      r3,r9,r1        : IntAlu :  D=0x0000000000000000
172621000: system.cpu T0 : 0x120025cbc    : beq        r1,0x120025ca4  : IntAlu : 
172624000: system.cpu T0 : 0x120025ca4    : addq       r16,r3,r2       : IntAlu :  D=0x0000000120125bee
172624000: system.cpu T0 : 0x120025ca8    : addq       r10,r3,r1       : IntAlu :  D=0x000000011ff8b6af
172626000: system.cpu T0 : 0x120025cac    : ldbu       r1,0(r1)        : MemRead :  D=0x0000000000000030 A=0x11ff8b6af
172628000: system.cpu T0 : 0x120025cb0    : stb        r1,0(r2)        : MemWrite :  D=0x0000000000000030 A=0x120125bee
172628000: system.cpu T0 : 0x120025cb4    : lda        r3,1(r3)        : IntAlu :  D=0x0000000000000003
172629000: system.cpu T0 : 0x120025cb8    : cmpeq      r3,r9,r1        : IntAlu :  D=0x0000000000000001
172630000: system.cpu T0 : 0x120025cbc    : beq        r1,0x120025ca4  : IntAlu : 
172634000: system.cpu T0 : 0x120025cc0    : addq       r10,r9,r10      : IntAlu :  D=0x000000011ff8b6b0
172634000: system.cpu T0 : 0x120025cc4    : addq       r16,r9,r16      : IntAlu :  D=0x0000000120125bef
172635000: system.cpu T0 : 0x120025cc8    : stq        r16,40(r12)     : MemWrite :  D=0x0000000120125bef A=0x11ff8ba28
172635000: system.cpu T0 : 0x120025ccc    : subq       r11,r9,r11      : IntAlu :  D=0x0000000000000000
172636000: system.cpu T0 : 0x120025cd0    : beq        r11,0x120025d04 : IntAlu : 
173062000: system.cpu T0 : 0x120025d04    : subq       r13,r11,r0      : IntAlu :  D=0x0000000000000003
173063000: system.cpu T0 : 0x120025d08    : ldq        r26,0(r30)      : MemRead :  D=0x00000001200489dc A=0x11ff8b240
173064000: system.cpu T0 : 0x120025d0c    : ldq        r9,8(r30)       : MemRead :  D=0x0000000000000003 A=0x11ff8b248
173064000: system.cpu T0 : 0x120025d10    : ldq        r10,16(r30)     : MemRead :  D=0x000000011ff8ba00 A=0x11ff8b250
173064000: system.cpu T0 : 0x120025d14    : ldq        r11,24(r30)     : MemRead :  D=0x000000011ff8b6ad A=0x11ff8b258
173065000: system.cpu T0 : 0x120025d18    : ldq        r12,32(r30)     : MemRead :  D=0x0000000000000000 A=0x11ff8b260
173065000: system.cpu T0 : 0x120025d1c    : ldq        r13,40(r30)     : MemRead :  D=0x0000000000000000 A=0x11ff8b268
173066000: system.cpu T0 : 0x120025d20    : ldq        r14,48(r30)     : MemRead :  D=0x0000000000000000 A=0x11ff8b270
173066000: system.cpu T0 : 0x120025d24    : lda        r30,64(r30)     : IntAlu :  D=0x000000011ff8b280
173066000: system.cpu T0 : 0x120025d28    : ret        (r26)           : IntAlu : 
173067000: system.cpu T0 : 0x1200489dc    : ldah       r29,8(r26)      : IntAlu :  D=0x00000001200c89dc
173068000: system.cpu T0 : 0x1200489e0    : lda        r29,-436(r29)   : IntAlu :  D=0x00000001200c8828
173068000: system.cpu T0 : 0x1200489e4    : cmpeq      r9,r0,r9        : IntAlu :  D=0x0000000000000001
173069000: system.cpu T0 : 0x1200489e8    : beq        r9,0x12004ba04  : IntAlu : 
173070000: system.cpu T0 : 0x1200489ec    : ldq        r3,1744(r15)    : MemRead :  D=0x000000001ff8b6b0 A=0x11ff8b950
173071000: system.cpu T0 : 0x1200489f0    : ldq        r4,1752(r15)    : MemRead :  D=0x000000001ff8b6ad A=0x11ff8b958
173073000: system.cpu T0 : 0x1200489f4    : subq       r3,r4,r1        : IntAlu :  D=0x0000000000000003
173074000: system.cpu T0 : 0x1200489f8    : addl       r12,r1,r12      : IntAlu :  D=0x0000000000000003
173074000: system.cpu T0 : 0x1200489fc    : br         0x1200497e8     : IntAlu : 
173515000: system.cpu T0 : 0x1200497e8    : ldq        r4,1656(r15)    : MemRead :  D=0x0000000000000000 A=0x11ff8b8f8
173517000: system.cpu T0 : 0x1200497ec    : beq        r4,0x120049804  : IntAlu : 
174349000: system.cpu T0 : 0x120049804    : ldq        r9,64(r15)      : MemRead :  D=0x00000001200903c5 A=0x11ff8b2c0
174351000: system.cpu T0 : 0x120049808    : lda        r9,1(r9)        : IntAlu :  D=0x00000001200903c6
174352000: system.cpu T0 : 0x12004980c    : stq        r9,64(r15)      : MemWrite :  D=0x00000001200903c6 A=0x11ff8b2c0
174352000: system.cpu T0 : 0x120049810    : bis        r31,r9,r16      : IntAlu :  D=0x00000001200903c6
174352000: system.cpu T0 : 0x120049814    : lda        r17,1072(r15)   : IntAlu :  D=0x000000011ff8b6b0
174352000: system.cpu T0 : 0x120049818    : nop        (ldq_u      r31,0(r30)) : No_OpClass : 
174353000: system.cpu T0 : 0x12004981c    : bsr        r26,0x120056864 : IntAlu :  D=0x0000000120049820
174781000: system.cpu T0 : 0x120056864    : lda        r30,-32(r30)    : IntAlu :  D=0x000000011ff8b260
174781000: system.cpu T0 : 0x120056868    : stq        r26,0(r30)      : MemWrite :  D=0x0000000120049820 A=0x11ff8b260
174781000: system.cpu T0 : 0x12005686c    : stq        r9,8(r30)       : MemWrite :  D=0x00000001200903c6 A=0x11ff8b268
174781000: system.cpu T0 : 0x120056870    : stq        r10,16(r30)     : MemWrite :  D=0x000000011ff8ba00 A=0x11ff8b270
174782000: system.cpu T0 : 0x120056874    : stq        r11,24(r30)     : MemWrite :  D=0x000000011ff8b6ad A=0x11ff8b278
174782000: system.cpu T0 : 0x120056878    : bis        r31,r16,r9      : IntAlu :  D=0x00000001200903c6
174782000: system.cpu T0 : 0x12005687c    : bis        r31,r17,r10     : IntAlu :  D=0x000000011ff8b6b0
175205000: system.cpu T0 : 0x120056880    : lda        r1,16(r31)      : IntAlu :  D=0x0000000000000010
175208000: system.cpu T0 : 0x120056884    : call_pal   rduniq          : IntAlu :  D=0x000000012033a6b0
175209000: system.cpu T0 : 0x120056888    : addq       r0,r1,r11       : IntAlu :  D=0x000000012033a6c0
175209000: system.cpu T0 : 0x12005688c    : br         0x1200568e0     : IntAlu : 
176061000: system.cpu T0 : 0x1200568e0    : ldbu       r1,0(r9)        : MemRead :  D=0x0000000000000000 A=0x1200903c6
176063000: system.cpu T0 : 0x1200568e4    : cmpult     r31,r1,r2       : IntAlu :  D=0x0000000000000000
176063000: system.cpu T0 : 0x1200568e8    : cmpeq      r1,37,r1        : IntAlu :  D=0x0000000000000000
176064000: system.cpu T0 : 0x1200568ec    : cmpeq      r1,0,r1         : IntAlu :  D=0x0000000000000001
176065000: system.cpu T0 : 0x1200568f0    : and        r1,r2,r1        : IntAlu :  D=0x0000000000000000
176066000: system.cpu T0 : 0x1200568f4    : bne        r1,0x120056890  : IntAlu : 
176066000: system.cpu T0 : 0x1200568f8    : bis        r31,r9,r0       : IntAlu :  D=0x00000001200903c6
176067000: system.cpu T0 : 0x1200568fc    : ldq        r26,0(r30)      : MemRead :  D=0x0000000120049820 A=0x11ff8b260
176068000: system.cpu T0 : 0x120056900    : ldq        r9,8(r30)       : MemRead :  D=0x00000001200903c6 A=0x11ff8b268
176068000: system.cpu T0 : 0x120056904    : ldq        r10,16(r30)     : MemRead :  D=0x000000011ff8ba00 A=0x11ff8b270
176069000: system.cpu T0 : 0x120056908    : ldq        r11,24(r30)     : MemRead :  D=0x000000011ff8b6ad A=0x11ff8b278
176069000: system.cpu T0 : 0x12005690c    : lda        r30,32(r30)     : IntAlu :  D=0x000000011ff8b280
176069000: system.cpu T0 : 0x120056910    : ret        (r26)           : IntAlu : 
176070000: system.cpu T0 : 0x120049820    : nop        (ldq_u      r31,0(r30)) : No_OpClass : 
176070000: system.cpu T0 : 0x120049824    : nop        (ldq_u      r31,0(r30)) : No_OpClass : 
176070000: system.cpu T0 : 0x120049828    : stq        r0,64(r15)      : MemWrite :  D=0x00000001200903c6 A=0x11ff8b2c0
176072000: system.cpu T0 : 0x12004982c    : ldq        r2,1768(r15)    : MemRead :  D=0x000000011ff8ba00 A=0x11ff8b968
176500000: system.cpu T0 : 0x120049830    : ldq        r1,216(r2)      : MemRead :  D=0x00000001200be480 A=0x11ff8bad8
176503000: system.cpu T0 : 0x120049834    : ldq        r27,56(r1)      : MemRead :  D=0x0000000120025c04 A=0x1200be4b8
176503000: system.cpu T0 : 0x120049838    : bis        r31,r10,r16     : IntAlu :  D=0x000000011ff8ba00
176503000: system.cpu T0 : 0x12004983c    : bis        r31,r9,r17      : IntAlu :  D=0x00000001200903c6
176503000: system.cpu T0 : 0x120049840    : subq       r0,r9,r18       : IntAlu :  D=0x0000000000000000
176505000: system.cpu T0 : 0x120049844    : jsr        r26,(r27)       : IntAlu :  D=0x0000000120049848
176931000: system.cpu T0 : 0x120025c04    : ldah       r29,10(r27)     : IntAlu :  D=0x00000001200c5c04
176932000: system.cpu T0 : 0x120025c08    : lda        r29,11300(r29)  : IntAlu :  D=0x00000001200c8828
176932000: system.cpu T0 : 0x120025c0c    : lda        r30,-64(r30)    : IntAlu :  D=0x000000011ff8b240
176932000: system.cpu T0 : 0x120025c10    : stq        r26,0(r30)      : MemWrite :  D=0x0000000120049848 A=0x11ff8b240
176932000: system.cpu T0 : 0x120025c14    : stq        r9,8(r30)       : MemWrite :  D=0x00000001200903c6 A=0x11ff8b248
176933000: system.cpu T0 : 0x120025c18    : stq        r10,16(r30)     : MemWrite :  D=0x000000011ff8ba00 A=0x11ff8b250
176933000: system.cpu T0 : 0x120025c1c    : stq        r11,24(r30)     : MemWrite :  D=0x000000011ff8b6ad A=0x11ff8b258
176933000: system.cpu T0 : 0x120025c20    : stq        r12,32(r30)     : MemWrite :  D=0x0000000000000003 A=0x11ff8b260
176933000: system.cpu T0 : 0x120025c24    : stq        r13,40(r30)     : MemWrite :  D=0x0000000000000000 A=0x11ff8b268
176934000: system.cpu T0 : 0x120025c28    : stq        r14,48(r30)     : MemWrite :  D=0x0000000000000000 A=0x11ff8b270
176934000: system.cpu T0 : 0x120025c2c    : bis        r31,r16,r12     : IntAlu :  D=0x000000011ff8ba00
176934000: system.cpu T0 : 0x120025c30    : bis        r31,r18,r13     : IntAlu :  D=0x0000000000000000
176934000: system.cpu T0 : 0x120025c34    : bis        r31,r17,r10     : IntAlu :  D=0x00000001200903c6
176935000: system.cpu T0 : 0x120025c38    : bis        r31,r18,r11     : IntAlu :  D=0x0000000000000000
176935000: system.cpu T0 : 0x120025c3c    : bis        r31,r31,r0      : IntAlu :  D=0x0000000000000000
177358000: system.cpu T0 : 0x120025c40    : beq        r18,0x120025d08 : IntAlu : 
177785000: system.cpu T0 : 0x120025d08    : ldq        r26,0(r30)      : MemRead :  D=0x0000000120049848 A=0x11ff8b240
177786000: system.cpu T0 : 0x120025d0c    : ldq        r9,8(r30)       : MemRead :  D=0x00000001200903c6 A=0x11ff8b248
177786000: system.cpu T0 : 0x120025d10    : ldq        r10,16(r30)     : MemRead :  D=0x000000011ff8ba00 A=0x11ff8b250
177786000: system.cpu T0 : 0x120025d14    : ldq        r11,24(r30)     : MemRead :  D=0x000000011ff8b6ad A=0x11ff8b258
177786000: system.cpu T0 : 0x120025d18    : ldq        r12,32(r30)     : MemRead :  D=0x0000000000000003 A=0x11ff8b260
177787000: system.cpu T0 : 0x120025d1c    : ldq        r13,40(r30)     : MemRead :  D=0x0000000000000000 A=0x11ff8b268
177788000: system.cpu T0 : 0x120025d20    : ldq        r14,48(r30)     : MemRead :  D=0x0000000000000000 A=0x11ff8b270
177788000: system.cpu T0 : 0x120025d24    : lda        r30,64(r30)     : IntAlu :  D=0x000000011ff8b280
177788000: system.cpu T0 : 0x120025d28    : ret        (r26)           : IntAlu : 
177788000: system.cpu T0 : 0x120049848    : ldah       r29,8(r26)      : IntAlu :  D=0x00000001200c9848
177789000: system.cpu T0 : 0x12004984c    : lda        r29,-4128(r29)  : IntAlu :  D=0x00000001200c8828
177790000: system.cpu T0 : 0x120049850    : ldq        r2,64(r15)      : MemRead :  D=0x00000001200903c6 A=0x11ff8b2c0
177792000: system.cpu T0 : 0x120049854    : subq       r2,r9,r1        : IntAlu :  D=0x0000000000000000
177793000: system.cpu T0 : 0x120049858    : cmpeq      r0,r1,r0        : IntAlu :  D=0x0000000000000001
177794000: system.cpu T0 : 0x12004985c    : beq        r0,0x12004bc10  : IntAlu : 
177794000: system.cpu T0 : 0x120049860    : addl       r12,r1,r12      : IntAlu :  D=0x0000000000000003
178225000: system.cpu T0 : 0x120049864    : ldbu       r1,0(r2)        : MemRead :  D=0x0000000000000000 A=0x1200903c6
178227000: system.cpu T0 : 0x120049868    : beq        r1,0x12004ba28  : IntAlu : 
178658000: system.cpu T0 : 0x12004ba28    : ldah       r2,1(r31)       : IntAlu :  D=0x0000000000010000
178659000: system.cpu T0 : 0x12004ba2c    : lda        r2,-32768(r2)   : IntAlu :  D=0x0000000000008000
178660000: system.cpu T0 : 0x12004ba30    : ldl        r1,0(r10)       : MemRead :  D=0x00000000fbad8001 A=0x11ff8ba00
178662000: system.cpu T0 : 0x12004ba34    : and        r1,r2,r1        : IntAlu :  D=0x0000000000008000
178663000: system.cpu T0 : 0x12004ba38    : addl       r31,r1,r1       : IntAlu :  D=0x0000000000008000
178664000: system.cpu T0 : 0x12004ba3c    : bne        r1,0x12004ba94  : IntAlu : 
179104000: system.cpu T0 : 0x12004ba94    : ldq        r1,1624(r15)    : MemRead :  D=0x0000000000000000 A=0x11ff8b8d8
179106000: system.cpu T0 : 0x12004ba98    : beq        r1,0x12004babc  : IntAlu : 
179109000: system.cpu T0 : 0x12004babc    : bis        r31,r12,r0      : IntAlu :  D=0x0000000000000003
179536000: system.cpu T0 : 0x12004bac0    : bis        r31,r15,r30     : IntAlu :  D=0x000000011ff8b280
179960000: system.cpu T0 : 0x12004bac4    : ldq        r26,0(r30)      : MemRead :  D=0x00000001200208f0 A=0x11ff8b280
179967000: system.cpu T0 : 0x12004bac8    : ldq        r9,8(r30)       : MemRead :  D=0x0000000120125bec A=0x11ff8b288
179968000: system.cpu T0 : 0x12004bacc    : ldq        r10,16(r30)     : MemRead :  D=0x00000001200903c4 A=0x11ff8b290
179968000: system.cpu T0 : 0x12004bad0    : ldq        r11,24(r30)     : MemRead :  D=0x000000011ff92008 A=0x11ff8b298
179968000: system.cpu T0 : 0x12004bad4    : ldq        r12,32(r30)     : MemRead :  D=0x000000012001e450 A=0x11ff8b2a0
179968000: system.cpu T0 : 0x12004bad8    : ldq        r13,40(r30)     : MemRead :  D=0x000000012001e4c0 A=0x11ff8b2a8
179969000: system.cpu T0 : 0x12004badc    : ldq        r14,48(r30)     : MemRead :  D=0x0000000000000000 A=0x11ff8b2b0
179970000: system.cpu T0 : 0x12004bae0    : ldq        r15,56(r30)     : MemRead :  D=0x00000001200c1b58 A=0x11ff8b2b8
179970000: system.cpu T0 : 0x12004bae4    : lda        r30,1888(r30)   : IntAlu :  D=0x000000011ff8b9e0
179970000: system.cpu T0 : 0x12004bae8    : ret        (r26)           : IntAlu : 
179972000: system.cpu T0 : 0x1200208f0    : nop        (ldq_u      r31,0(r30)) : No_OpClass : 
179972000: system.cpu T0 : 0x1200208f4    : nop        (ldq_u      r31,0(r30)) : No_OpClass : 
179972000: system.cpu T0 : 0x1200208f8    : bis        r31,r0,r9       : IntAlu :  D=0x0000000000000003
179973000: system.cpu T0 : 0x1200208fc    : ldq        r2,72(r30)      : MemRead :  D=0x0000000120125bef A=0x11ff8ba28
179982000: system.cpu T0 : 0x120020900    : ldq        r1,80(r30)      : MemRead :  D=0xffffffffffffffff A=0x11ff8ba30
179984000: system.cpu T0 : 0x120020904    : cmpult     r2,r1,r1        : IntAlu :  D=0x0000000000000001
179985000: system.cpu T0 : 0x120020908    : bne        r1,0x120020928  : IntAlu : 
179988000: system.cpu T0 : 0x120020928    : stb        r31,0(r2)       : MemWrite :  D=0x0000000000000000 A=0x120125bef
179988000: system.cpu T0 : 0x12002092c    : bis        r31,r9,r0       : IntAlu :  D=0x0000000000000003
180434000: system.cpu T0 : 0x120020930    : ldq        r26,0(r30)      : MemRead :  D=0x000000012001f7fc A=0x11ff8b9e0
180441000: system.cpu T0 : 0x120020934    : ldq        r9,8(r30)       : MemRead :  D=0x0000000000000001 A=0x11ff8b9e8
180442000: system.cpu T0 : 0x120020938    : ldq        r10,16(r30)     : MemRead :  D=0x0000000000000000 A=0x11ff8b9f0
180442000: system.cpu T0 : 0x12002093c    : lda        r30,288(r30)    : IntAlu :  D=0x000000011ff8bb00
180442000: system.cpu T0 : 0x120020940    : ret        (r26)           : IntAlu : 
180844000: system.cpu T0 : 0x12001f7fc    : nop        (ldq_u      r31,0(r30)) : No_OpClass : 
180853000: system.cpu T0 : 0x12001f800    : nop        (ldq_u      r31,0(r30)) : No_OpClass : 
181284000: system.cpu T0 : 0x12001f804    : ldq        r26,0(r30)      : MemRead :  D=0x0000000120011024 A=0x11ff8bb00
181284000: system.cpu T0 : 0x12001f808    : lda        r30,128(r30)    : IntAlu :  D=0x000000011ff8bb80
181286000: system.cpu T0 : 0x12001f80c    : ret        (r26)           : IntAlu : 
181286000: system.cpu T0 : 0x120011024    : nop        (ldq_u      r31,0(r30)) : No_OpClass : 
181286000: system.cpu T0 : 0x120011028    : nop        (ldq_u      r31,0(r30)) : No_OpClass : 
181286000: system.cpu T0 : 0x12001102c    : nop        (ldq_u      r31,0(r30)) : No_OpClass : 
181287000: system.cpu T0 : 0x120011030    : bsr        r26,0x1200029b8 : IntAlu :  D=0x0000000120011034
181716000: system.cpu T0 : 0x1200029b8    : ldah       r1,-4(r29)      : IntAlu :  D=0x0000000120088828
181716000: system.cpu T0 : 0x1200029bc    : lda        r30,-64(r30)    : IntAlu :  D=0x000000011ff8bb40
181725000: system.cpu T0 : 0x1200029c0    : bis        r31,r31,r21     : IntAlu :  D=0x0000000000000000
182157000: system.cpu T0 : 0x1200029c4    : ldq        r0,-31344(r29)  : MemRead :  D=0x00000001200f2790 A=0x1200c0db8
182157000: system.cpu T0 : 0x1200029c8    : lda        r20,23436(r1)   : IntAlu :  D=0x000000012008e3b4
182157000: system.cpu T0 : 0x1200029cc    : stq        r26,0(r30)      : MemWrite :  D=0x0000000120011034 A=0x11ff8bb40
182157000: system.cpu T0 : 0x1200029d0    : stq        r9,8(r30)       : MemWrite :  D=0x0000000000000001 A=0x11ff8bb48
182158000: system.cpu T0 : 0x1200029d4    : stq        r10,16(r30)     : MemWrite :  D=0x0000000000000000 A=0x11ff8bb50
182158000: system.cpu T0 : 0x1200029d8    : stq        r11,24(r30)     : MemWrite :  D=0x000000011ff92008 A=0x11ff8bb58
182158000: system.cpu T0 : 0x1200029dc    : bis        r31,r20,r19     : IntAlu :  D=0x000000012008e3b4
182158000: system.cpu T0 : 0x1200029e0    : stq        r12,32(r30)     : MemWrite :  D=0x000000012001e450 A=0x11ff8bb60
182159000: system.cpu T0 : 0x1200029e4    : stq        r13,40(r30)     : MemWrite :  D=0x000000012001e4c0 A=0x11ff8bb68
182159000: system.cpu T0 : 0x1200029e8    : stq        r14,48(r30)     : MemWrite :  D=0x0000000000000000 A=0x11ff8bb70
182159000: system.cpu T0 : 0x1200029ec    : stq        r15,56(r30)     : MemWrite :  D=0x00000001200c1b58 A=0x11ff8bb78
182582000: system.cpu T0 : 0x1200029f0    : ldq        r28,-31824(r29) : MemRead :  D=0x00000001200de390 A=0x1200c0bd8
182582000: system.cpu T0 : 0x1200029f4    : ldl        r2,0(r20)       : MemRead :  A=0x12008e3b4
183011000: system.cpu T0 : 0x1200029f4    : ldl        r2,0(r20)       : MemRead :  D=0x000000000000001a A=0x12008e3b4
183011000: system.cpu T0 : 0x1200029f8    : addl       r31,r21,r1      : IntAlu :  D=0x0000000000000000
183011000: system.cpu T0 : 0x1200029fc    : bis        r31,r19,r22     : IntAlu :  D=0x000000012008e3b4
183011000: system.cpu T0 : 0x120002a00    : bis        r31,r31,r8      : IntAlu :  D=0x0000000000000000
183012000: system.cpu T0 : 0x120002a04    : sra        r1,3,r25        : IntAlu :  D=0x0000000000000000
183012000: system.cpu T0 : 0x120002a08    : and        r1,7,r24        : IntAlu :  D=0x0000000000000000
183013000: system.cpu T0 : 0x120002a0c    : mulq       r2,144,r23      : IntMult :  D=0x0000000000000ea0
183013000: system.cpu T0 : 0x120002a10    : addl       r31,r8,r1       : IntAlu :  D=0x0000000000000000
183016000: system.cpu T0 : 0x120002a14    : ldl        r5,0(r22)       : MemRead :  D=0x000000000000001a A=0x12008e3b4
183016000: system.cpu T0 : 0x120002a18    : lda        r8,1(r8)        : IntAlu :  D=0x0000000000000001
183016000: system.cpu T0 : 0x120002a1c    : lda        r22,4(r22)      : IntAlu :  D=0x000000012008e3b8
183016000: system.cpu T0 : 0x120002a20    : sra        r1,3,r4         : IntAlu :  D=0x0000000000000000
183017000: system.cpu T0 : 0x120002a24    : and        r1,7,r1         : IntAlu :  D=0x0000000000000000
183017000: system.cpu T0 : 0x120002a28    : cmpeq      r8,64,r7        : IntAlu :  D=0x0000000000000000
183017000: system.cpu T0 : 0x120002a2c    : subq       r24,r1,r1       : IntAlu :  D=0x0000000000000000
183017000: system.cpu T0 : 0x120002a30    : subl       r25,r4,r4       : IntAlu :  D=0x0000000000000000
183018000: system.cpu T0 : 0x120002a34    : subq       r31,r1,r3       : IntAlu :  D=0x0000000000000000
183018000: system.cpu T0 : 0x120002a38    : subq       r31,r4,r2       : IntAlu :  D=0x0000000000000000
183018000: system.cpu T0 : 0x120002a3c    : addq       r23,r5,r5       : IntAlu :  D=0x0000000000000eba
183439000: system.cpu T0 : 0x120002a40    : cmovge     r1,r1,r3        : IntAlu :  D=0x0000000000000000
183439000: system.cpu T0 : 0x120002a44    : cmovge     r4,r4,r2        : IntAlu :  D=0x0000000000000000
183439000: system.cpu T0 : 0x120002a48    : s4addq     r5,0,r5         : IntAlu :  D=0x0000000000003ae8
183440000: system.cpu T0 : 0x120002a4c    : addq       r28,r5,r6       : IntAlu :  D=0x00000001200e1e78
183440000: system.cpu T0 : 0x120002a50    : addq       r0,r5,r5        : IntAlu :  D=0x00000001200f6278
183440000: system.cpu T0 : 0x120002a54    : addl       r31,r3,r3       : IntAlu :  D=0x0000000000000000
183440000: system.cpu T0 : 0x120002a58    : addl       r31,r2,r2       : IntAlu :  D=0x0000000000000000
183441000: system.cpu T0 : 0x120002a5c    : cmple      r2,r3,r1        : IntAlu :  D=0x0000000000000001
183441000: system.cpu T0 : 0x120002a60    : addq       r2,r3,r4        : IntAlu :  D=0x0000000000000000
183442000: system.cpu T0 : 0x120002a64    : cmoveq     r1,r2,r3        : IntAlu :  D=0x0000000000000000
183442000: system.cpu T0 : 0x120002a68    : stl        r4,0(r5)        : MemWrite :  D=0x0000000000000000 A=0x1200f6278
183448000: system.cpu T0 : 0x120002a68    : stl        r4,0(r5)        : MemWrite :  D=0x0000000000000000 A=0x1200f6278
183448000: system.cpu T0 : 0x120002a6c    : stl        r3,0(r6)        : MemWrite :  D=0x0000000000000000 A=0x1200e1e78
183454000: system.cpu T0 : 0x120002a6c    : stl        r3,0(r6)        : MemWrite :  D=0x0000000000000000 A=0x1200e1e78
183454000: system.cpu T0 : 0x120002a70    : beq        r7,0x120002a10  : IntAlu : 
183458000: system.cpu T0 : 0x120002a10    : addl       r31,r8,r1       : IntAlu :  D=0x0000000000000001
183459000: system.cpu T0 : 0x120002a14    : ldl        r5,0(r22)       : MemRead :  D=0x000000000000001b A=0x12008e3b8
183459000: system.cpu T0 : 0x120002a18    : lda        r8,1(r8)        : IntAlu :  D=0x0000000000000002
183459000: system.cpu T0 : 0x120002a1c    : lda        r22,4(r22)      : IntAlu :  D=0x000000012008e3bc
183459000: system.cpu T0 : 0x120002a20    : sra        r1,3,r4         : IntAlu :  D=0x0000000000000000
183460000: system.cpu T0 : 0x120002a24    : and        r1,7,r1         : IntAlu :  D=0x0000000000000001
183460000: system.cpu T0 : 0x120002a28    : cmpeq      r8,64,r7        : IntAlu :  D=0x0000000000000000
183460000: system.cpu T0 : 0x120002a2c    : subq       r24,r1,r1       : IntAlu :  D=0xffffffffffffffff
183460000: system.cpu T0 : 0x120002a30    : subl       r25,r4,r4       : IntAlu :  D=0x0000000000000000
183461000: system.cpu T0 : 0x120002a34    : subq       r31,r1,r3       : IntAlu :  D=0x0000000000000001
183461000: system.cpu T0 : 0x120002a38    : subq       r31,r4,r2       : IntAlu :  D=0x0000000000000000
183461000: system.cpu T0 : 0x120002a3c    : addq       r23,r5,r5       : IntAlu :  D=0x0000000000000ebb
183462000: system.cpu T0 : 0x120002a40    : cmovge     r1,r1,r3        : IntAlu :  D=0x0000000000000001
183462000: system.cpu T0 : 0x120002a44    : cmovge     r4,r4,r2        : IntAlu :  D=0x0000000000000000
183462000: system.cpu T0 : 0x120002a48    : s4addq     r5,0,r5         : IntAlu :  D=0x0000000000003aec
183463000: system.cpu T0 : 0x120002a4c    : addq       r28,r5,r6       : IntAlu :  D=0x00000001200e1e7c
183463000: system.cpu T0 : 0x120002a50    : addq       r0,r5,r5        : IntAlu :  D=0x00000001200f627c
183463000: system.cpu T0 : 0x120002a54    : addl       r31,r3,r3       : IntAlu :  D=0x0000000000000001
183463000: system.cpu T0 : 0x120002a58    : addl       r31,r2,r2       : IntAlu :  D=0x0000000000000000
183464000: system.cpu T0 : 0x120002a5c    : cmple      r2,r3,r1        : IntAlu :  D=0x0000000000000001
183464000: system.cpu T0 : 0x120002a60    : addq       r2,r3,r4        : IntAlu :  D=0x0000000000000001
183465000: system.cpu T0 : 0x120002a64    : cmoveq     r1,r2,r3        : IntAlu :  D=0x0000000000000001
183465000: system.cpu T0 : 0x120002a68    : stl        r4,0(r5)        : MemWrite :  D=0x0000000000000001 A=0x1200f627c
183466000: system.cpu T0 : 0x120002a6c    : stl        r3,0(r6)        : MemWrite :  D=0x0000000000000001 A=0x1200e1e7c
183466000: system.cpu T0 : 0x120002a70    : beq        r7,0x120002a10  : IntAlu : 
183469000: system.cpu T0 : 0x120002a10    : addl       r31,r8,r1       : IntAlu :  D=0x0000000000000002
183470000: system.cpu T0 : 0x120002a14    : ldl        r5,0(r22)       : MemRead :  D=0x000000000000001c A=0x12008e3bc
183470000: system.cpu T0 : 0x120002a18    : lda        r8,1(r8)        : IntAlu :  D=0x0000000000000003
183470000: system.cpu T0 : 0x120002a1c    : lda        r22,4(r22)      : IntAlu :  D=0x000000012008e3c0
183470000: system.cpu T0 : 0x120002a20    : sra        r1,3,r4         : IntAlu :  D=0x0000000000000000
183471000: system.cpu T0 : 0x120002a24    : and        r1,7,r1         : IntAlu :  D=0x0000000000000002
183471000: system.cpu T0 : 0x120002a28    : cmpeq      r8,64,r7        : IntAlu :  D=0x0000000000000000
183471000: system.cpu T0 : 0x120002a2c    : subq       r24,r1,r1       : IntAlu :  D=0xfffffffffffffffe
183471000: system.cpu T0 : 0x120002a30    : subl       r25,r4,r4       : IntAlu :  D=0x0000000000000000
183472000: system.cpu T0 : 0x120002a34    : subq       r31,r1,r3       : IntAlu :  D=0x0000000000000002
183472000: system.cpu T0 : 0x120002a38    : subq       r31,r4,r2       : IntAlu :  D=0x0000000000000000
183472000: system.cpu T0 : 0x120002a3c    : addq       r23,r5,r5       : IntAlu :  D=0x0000000000000ebc
183473000: system.cpu T0 : 0x120002a40    : cmovge     r1,r1,r3        : IntAlu :  D=0x0000000000000002
183473000: system.cpu T0 : 0x120002a44    : cmovge     r4,r4,r2        : IntAlu :  D=0x0000000000000000
183473000: system.cpu T0 : 0x120002a48    : s4addq     r5,0,r5         : IntAlu :  D=0x0000000000003af0
183474000: system.cpu T0 : 0x120002a4c    : addq       r28,r5,r6       : IntAlu :  D=0x00000001200e1e80
183474000: system.cpu T0 : 0x120002a50    : addq       r0,r5,r5        : IntAlu :  D=0x00000001200f6280
183474000: system.cpu T0 : 0x120002a54    : addl       r31,r3,r3       : IntAlu :  D=0x0000000000000002
183474000: system.cpu T0 : 0x120002a58    : addl       r31,r2,r2       : IntAlu :  D=0x0000000000000000
183475000: system.cpu T0 : 0x120002a5c    : cmple      r2,r3,r1        : IntAlu :  D=0x0000000000000001
183475000: system.cpu T0 : 0x120002a60    : addq       r2,r3,r4        : IntAlu :  D=0x0000000000000002
183476000: system.cpu T0 : 0x120002a64    : cmoveq     r1,r2,r3        : IntAlu :  D=0x0000000000000002
183476000: system.cpu T0 : 0x120002a68    : stl        r4,0(r5)        : MemWrite :  D=0x0000000000000002 A=0x1200f6280
183477000: system.cpu T0 : 0x120002a6c    : stl        r3,0(r6)        : MemWrite :  D=0x0000000000000002 A=0x1200e1e80
183477000: system.cpu T0 : 0x120002a70    : beq        r7,0x120002a10  : IntAlu : 
183480000: system.cpu T0 : 0x120002a10    : addl       r31,r8,r1       : IntAlu :  D=0x0000000000000003
183917000: system.cpu T0 : 0x120002a14    : ldl        r5,0(r22)       : MemRead :  D=0x000000000000001d A=0x12008e3c0
183917000: system.cpu T0 : 0x120002a18    : lda        r8,1(r8)        : IntAlu :  D=0x0000000000000004
183917000: system.cpu T0 : 0x120002a1c    : lda        r22,4(r22)      : IntAlu :  D=0x000000012008e3c4
183917000: system.cpu T0 : 0x120002a20    : sra        r1,3,r4         : IntAlu :  D=0x0000000000000000
183918000: system.cpu T0 : 0x120002a24    : and        r1,7,r1         : IntAlu :  D=0x0000000000000003
183918000: system.cpu T0 : 0x120002a28    : cmpeq      r8,64,r7        : IntAlu :  D=0x0000000000000000
183918000: system.cpu T0 : 0x120002a2c    : subq       r24,r1,r1       : IntAlu :  D=0xfffffffffffffffd
183918000: system.cpu T0 : 0x120002a30    : subl       r25,r4,r4       : IntAlu :  D=0x0000000000000000
183919000: system.cpu T0 : 0x120002a34    : subq       r31,r1,r3       : IntAlu :  D=0x0000000000000003
183919000: system.cpu T0 : 0x120002a38    : subq       r31,r4,r2       : IntAlu :  D=0x0000000000000000
183919000: system.cpu T0 : 0x120002a3c    : addq       r23,r5,r5       : IntAlu :  D=0x0000000000000ebd
183919000: system.cpu T0 : 0x120002a40    : cmovge     r1,r1,r3        : IntAlu :  D=0x0000000000000003
183920000: system.cpu T0 : 0x120002a44    : cmovge     r4,r4,r2        : IntAlu :  D=0x0000000000000000
183920000: system.cpu T0 : 0x120002a48    : s4addq     r5,0,r5         : IntAlu :  D=0x0000000000003af4
183921000: system.cpu T0 : 0x120002a4c    : addq       r28,r5,r6       : IntAlu :  D=0x00000001200e1e84
183921000: system.cpu T0 : 0x120002a50    : addq       r0,r5,r5        : IntAlu :  D=0x00000001200f6284
183921000: system.cpu T0 : 0x120002a54    : addl       r31,r3,r3       : IntAlu :  D=0x0000000000000003
183921000: system.cpu T0 : 0x120002a58    : addl       r31,r2,r2       : IntAlu :  D=0x0000000000000000
183922000: system.cpu T0 : 0x120002a5c    : cmple      r2,r3,r1        : IntAlu :  D=0x0000000000000001
183922000: system.cpu T0 : 0x120002a60    : addq       r2,r3,r4        : IntAlu :  D=0x0000000000000003
183923000: system.cpu T0 : 0x120002a64    : cmoveq     r1,r2,r3        : IntAlu :  D=0x0000000000000003
183923000: system.cpu T0 : 0x120002a68    : stl        r4,0(r5)        : MemWrite :  D=0x0000000000000003 A=0x1200f6284
183924000: system.cpu T0 : 0x120002a6c    : stl        r3,0(r6)        : MemWrite :  D=0x0000000000000003 A=0x1200e1e84
183924000: system.cpu T0 : 0x120002a70    : beq        r7,0x120002a10  : IntAlu : 
183927000: system.cpu T0 : 0x120002a10    : addl       r31,r8,r1       : IntAlu :  D=0x0000000000000004
183928000: system.cpu T0 : 0x120002a14    : ldl        r5,0(r22)       : MemRead :  D=0x000000000000001e A=0x12008e3c4
183928000: system.cpu T0 : 0x120002a18    : lda        r8,1(r8)        : IntAlu :  D=0x0000000000000005
183928000: system.cpu T0 : 0x120002a1c    : lda        r22,4(r22)      : IntAlu :  D=0x000000012008e3c8
183928000: system.cpu T0 : 0x120002a20    : sra        r1,3,r4         : IntAlu :  D=0x0000000000000000
183929000: system.cpu T0 : 0x120002a24    : and        r1,7,r1         : IntAlu :  D=0x0000000000000004
183929000: system.cpu T0 : 0x120002a28    : cmpeq      r8,64,r7        : IntAlu :  D=0x0000000000000000
183929000: system.cpu T0 : 0x120002a2c    : subq       r24,r1,r1       : IntAlu :  D=0xfffffffffffffffc
183929000: system.cpu T0 : 0x120002a30    : subl       r25,r4,r4       : IntAlu :  D=0x0000000000000000
183930000: system.cpu T0 : 0x120002a34    : subq       r31,r1,r3       : IntAlu :  D=0x0000000000000004
183930000: system.cpu T0 : 0x120002a38    : subq       r31,r4,r2       : IntAlu :  D=0x0000000000000000
183930000: system.cpu T0 : 0x120002a3c    : addq       r23,r5,r5       : IntAlu :  D=0x0000000000000ebe
183931000: system.cpu T0 : 0x120002a40    : cmovge     r1,r1,r3        : IntAlu :  D=0x0000000000000004
183931000: system.cpu T0 : 0x120002a44    : cmovge     r4,r4,r2        : IntAlu :  D=0x0000000000000000
183931000: system.cpu T0 : 0x120002a48    : s4addq     r5,0,r5         : IntAlu :  D=0x0000000000003af8
183932000: system.cpu T0 : 0x120002a4c    : addq       r28,r5,r6       : IntAlu :  D=0x00000001200e1e88
183932000: system.cpu T0 : 0x120002a50    : addq       r0,r5,r5        : IntAlu :  D=0x00000001200f6288
183932000: system.cpu T0 : 0x120002a54    : addl       r31,r3,r3       : IntAlu :  D=0x0000000000000004
183932000: system.cpu T0 : 0x120002a58    : addl       r31,r2,r2       : IntAlu :  D=0x0000000000000000
183933000: system.cpu T0 : 0x120002a5c    : cmple      r2,r3,r1        : IntAlu :  D=0x0000000000000001
183933000: system.cpu T0 : 0x120002a60    : addq       r2,r3,r4        : IntAlu :  D=0x0000000000000004
183934000: system.cpu T0 : 0x120002a64    : cmoveq     r1,r2,r3        : IntAlu :  D=0x0000000000000004
183934000: system.cpu T0 : 0x120002a68    : stl        r4,0(r5)        : MemWrite :  D=0x0000000000000004 A=0x1200f6288
183935000: system.cpu T0 : 0x120002a6c    : stl        r3,0(r6)        : MemWrite :  D=0x0000000000000004 A=0x1200e1e88
183935000: system.cpu T0 : 0x120002a70    : beq        r7,0x120002a10  : IntAlu : 
183938000: system.cpu T0 : 0x120002a10    : addl       r31,r8,r1       : IntAlu :  D=0x0000000000000005
183939000: system.cpu T0 : 0x120002a14    : ldl        r5,0(r22)       : MemRead :  D=0x000000000000001f A=0x12008e3c8
183939000: system.cpu T0 : 0x120002a18    : lda        r8,1(r8)        : IntAlu :  D=0x0000000000000006
183939000: system.cpu T0 : 0x120002a1c    : lda        r22,4(r22)      : IntAlu :  D=0x000000012008e3cc
183939000: system.cpu T0 : 0x120002a20    : sra        r1,3,r4         : IntAlu :  D=0x0000000000000000
183940000: system.cpu T0 : 0x120002a24    : and        r1,7,r1         : IntAlu :  D=0x0000000000000005
183940000: system.cpu T0 : 0x120002a28    : cmpeq      r8,64,r7        : IntAlu :  D=0x0000000000000000
183940000: system.cpu T0 : 0x120002a2c    : subq       r24,r1,r1       : IntAlu :  D=0xfffffffffffffffb
183940000: system.cpu T0 : 0x120002a30    : subl       r25,r4,r4       : IntAlu :  D=0x0000000000000000
183941000: system.cpu T0 : 0x120002a34    : subq       r31,r1,r3       : IntAlu :  D=0x0000000000000005
183941000: system.cpu T0 : 0x120002a38    : subq       r31,r4,r2       : IntAlu :  D=0x0000000000000000
183941000: system.cpu T0 : 0x120002a3c    : addq       r23,r5,r5       : IntAlu :  D=0x0000000000000ebf
183942000: system.cpu T0 : 0x120002a40    : cmovge     r1,r1,r3        : IntAlu :  D=0x0000000000000005
183942000: system.cpu T0 : 0x120002a44    : cmovge     r4,r4,r2        : IntAlu :  D=0x0000000000000000
183942000: system.cpu T0 : 0x120002a48    : s4addq     r5,0,r5         : IntAlu :  D=0x0000000000003afc
183943000: system.cpu T0 : 0x120002a4c    : addq       r28,r5,r6       : IntAlu :  D=0x00000001200e1e8c
183943000: system.cpu T0 : 0x120002a50    : addq       r0,r5,r5        : IntAlu :  D=0x00000001200f628c
183943000: system.cpu T0 : 0x120002a54    : addl       r31,r3,r3       : IntAlu :  D=0x0000000000000005
183943000: system.cpu T0 : 0x120002a58    : addl       r31,r2,r2       : IntAlu :  D=0x0000000000000000
183944000: system.cpu T0 : 0x120002a5c    : cmple      r2,r3,r1        : IntAlu :  D=0x0000000000000001
183944000: system.cpu T0 : 0x120002a60    : addq       r2,r3,r4        : IntAlu :  D=0x0000000000000005
183945000: system.cpu T0 : 0x120002a64    : cmoveq     r1,r2,r3        : IntAlu :  D=0x0000000000000005
183945000: system.cpu T0 : 0x120002a68    : stl        r4,0(r5)        : MemWrite :  D=0x0000000000000005 A=0x1200f628c
183946000: system.cpu T0 : 0x120002a6c    : stl        r3,0(r6)        : MemWrite :  D=0x0000000000000005 A=0x1200e1e8c
183946000: system.cpu T0 : 0x120002a70    : beq        r7,0x120002a10  : IntAlu : 
183949000: system.cpu T0 : 0x120002a10    : addl       r31,r8,r1       : IntAlu :  D=0x0000000000000006
183950000: system.cpu T0 : 0x120002a14    : ldl        r5,0(r22)       : MemRead :  D=0x0000000000000020 A=0x12008e3cc
183950000: system.cpu T0 : 0x120002a18    : lda        r8,1(r8)        : IntAlu :  D=0x0000000000000007
183950000: system.cpu T0 : 0x120002a1c    : lda        r22,4(r22)      : IntAlu :  D=0x000000012008e3d0
183950000: system.cpu T0 : 0x120002a20    : sra        r1,3,r4         : IntAlu :  D=0x0000000000000000
183951000: system.cpu T0 : 0x120002a24    : and        r1,7,r1         : IntAlu :  D=0x0000000000000006
183951000: system.cpu T0 : 0x120002a28    : cmpeq      r8,64,r7        : IntAlu :  D=0x0000000000000000
183951000: system.cpu T0 : 0x120002a2c    : subq       r24,r1,r1       : IntAlu :  D=0xfffffffffffffffa
183951000: system.cpu T0 : 0x120002a30    : subl       r25,r4,r4       : IntAlu :  D=0x0000000000000000
183952000: system.cpu T0 : 0x120002a34    : subq       r31,r1,r3       : IntAlu :  D=0x0000000000000006
183952000: system.cpu T0 : 0x120002a38    : subq       r31,r4,r2       : IntAlu :  D=0x0000000000000000
183952000: system.cpu T0 : 0x120002a3c    : addq       r23,r5,r5       : IntAlu :  D=0x0000000000000ec0
183953000: system.cpu T0 : 0x120002a40    : cmovge     r1,r1,r3        : IntAlu :  D=0x0000000000000006
183953000: system.cpu T0 : 0x120002a44    : cmovge     r4,r4,r2        : IntAlu :  D=0x0000000000000000
183953000: system.cpu T0 : 0x120002a48    : s4addq     r5,0,r5         : IntAlu :  D=0x0000000000003b00
183954000: system.cpu T0 : 0x120002a4c    : addq       r28,r5,r6       : IntAlu :  D=0x00000001200e1e90
183954000: system.cpu T0 : 0x120002a50    : addq       r0,r5,r5        : IntAlu :  D=0x00000001200f6290
183954000: system.cpu T0 : 0x120002a54    : addl       r31,r3,r3       : IntAlu :  D=0x0000000000000006
183954000: system.cpu T0 : 0x120002a58    : addl       r31,r2,r2       : IntAlu :  D=0x0000000000000000
183955000: system.cpu T0 : 0x120002a5c    : cmple      r2,r3,r1        : IntAlu :  D=0x0000000000000001
183955000: system.cpu T0 : 0x120002a60    : addq       r2,r3,r4        : IntAlu :  D=0x0000000000000006
183956000: system.cpu T0 : 0x120002a64    : cmoveq     r1,r2,r3        : IntAlu :  D=0x0000000000000006
183956000: system.cpu T0 : 0x120002a68    : stl        r4,0(r5)        : MemWrite :  D=0x0000000000000006 A=0x1200f6290
183957000: system.cpu T0 : 0x120002a6c    : stl        r3,0(r6)        : MemWrite :  D=0x0000000000000006 A=0x1200e1e90
183957000: system.cpu T0 : 0x120002a70    : beq        r7,0x120002a10  : IntAlu : 
183960000: system.cpu T0 : 0x120002a10    : addl       r31,r8,r1       : IntAlu :  D=0x0000000000000007
183961000: system.cpu T0 : 0x120002a14    : ldl        r5,0(r22)       : MemRead :  D=0x0000000000000021 A=0x12008e3d0
183961000: system.cpu T0 : 0x120002a18    : lda        r8,1(r8)        : IntAlu :  D=0x0000000000000008
183961000: system.cpu T0 : 0x120002a1c    : lda        r22,4(r22)      : IntAlu :  D=0x000000012008e3d4
183961000: system.cpu T0 : 0x120002a20    : sra        r1,3,r4         : IntAlu :  D=0x0000000000000000
183962000: system.cpu T0 : 0x120002a24    : and        r1,7,r1         : IntAlu :  D=0x0000000000000007
183962000: system.cpu T0 : 0x120002a28    : cmpeq      r8,64,r7        : IntAlu :  D=0x0000000000000000
183962000: system.cpu T0 : 0x120002a2c    : subq       r24,r1,r1       : IntAlu :  D=0xfffffffffffffff9
183962000: system.cpu T0 : 0x120002a30    : subl       r25,r4,r4       : IntAlu :  D=0x0000000000000000
183963000: system.cpu T0 : 0x120002a34    : subq       r31,r1,r3       : IntAlu :  D=0x0000000000000007
183963000: system.cpu T0 : 0x120002a38    : subq       r31,r4,r2       : IntAlu :  D=0x0000000000000000
183963000: system.cpu T0 : 0x120002a3c    : addq       r23,r5,r5       : IntAlu :  D=0x0000000000000ec1
183964000: system.cpu T0 : 0x120002a40    : cmovge     r1,r1,r3        : IntAlu :  D=0x0000000000000007
183964000: system.cpu T0 : 0x120002a44    : cmovge     r4,r4,r2        : IntAlu :  D=0x0000000000000000
183964000: system.cpu T0 : 0x120002a48    : s4addq     r5,0,r5         : IntAlu :  D=0x0000000000003b04
183965000: system.cpu T0 : 0x120002a4c    : addq       r28,r5,r6       : IntAlu :  D=0x00000001200e1e94
183965000: system.cpu T0 : 0x120002a50    : addq       r0,r5,r5        : IntAlu :  D=0x00000001200f6294
183965000: system.cpu T0 : 0x120002a54    : addl       r31,r3,r3       : IntAlu :  D=0x0000000000000007
183965000: system.cpu T0 : 0x120002a58    : addl       r31,r2,r2       : IntAlu :  D=0x0000000000000000
183966000: system.cpu T0 : 0x120002a5c    : cmple      r2,r3,r1        : IntAlu :  D=0x0000000000000001
183966000: system.cpu T0 : 0x120002a60    : addq       r2,r3,r4        : IntAlu :  D=0x0000000000000007
183967000: system.cpu T0 : 0x120002a64    : cmoveq     r1,r2,r3        : IntAlu :  D=0x0000000000000007
183967000: system.cpu T0 : 0x120002a68    : stl        r4,0(r5)        : MemWrite :  D=0x0000000000000007 A=0x1200f6294
183968000: system.cpu T0 : 0x120002a6c    : stl        r3,0(r6)        : MemWrite :  D=0x0000000000000007 A=0x1200e1e94
183968000: system.cpu T0 : 0x120002a70    : beq        r7,0x120002a10  : IntAlu : 
183971000: system.cpu T0 : 0x120002a10    : addl       r31,r8,r1       : IntAlu :  D=0x0000000000000008
183972000: system.cpu T0 : 0x120002a14    : ldl        r5,0(r22)       : MemRead :  D=0x0000000000000026 A=0x12008e3d4
183972000: system.cpu T0 : 0x120002a18    : lda        r8,1(r8)        : IntAlu :  D=0x0000000000000009
183972000: system.cpu T0 : 0x120002a1c    : lda        r22,4(r22)      : IntAlu :  D=0x000000012008e3d8
183972000: system.cpu T0 : 0x120002a20    : sra        r1,3,r4         : IntAlu :  D=0x0000000000000001
183973000: system.cpu T0 : 0x120002a24    : and        r1,7,r1         : IntAlu :  D=0x0000000000000000
183973000: system.cpu T0 : 0x120002a28    : cmpeq      r8,64,r7        : IntAlu :  D=0x0000000000000000
183973000: system.cpu T0 : 0x120002a2c    : subq       r24,r1,r1       : IntAlu :  D=0x0000000000000000
183973000: system.cpu T0 : 0x120002a30    : subl       r25,r4,r4       : IntAlu :  D=0x00000000ffffffff
183974000: system.cpu T0 : 0x120002a34    : subq       r31,r1,r3       : IntAlu :  D=0x0000000000000000
183974000: system.cpu T0 : 0x120002a38    : subq       r31,r4,r2       : IntAlu :  D=0x0000000000000001
183974000: system.cpu T0 : 0x120002a3c    : addq       r23,r5,r5       : IntAlu :  D=0x0000000000000ec6
183975000: system.cpu T0 : 0x120002a40    : cmovge     r1,r1,r3        : IntAlu :  D=0x0000000000000000
183975000: system.cpu T0 : 0x120002a44    : cmovge     r4,r4,r2        : IntAlu :  D=0x0000000000000001
183975000: system.cpu T0 : 0x120002a48    : s4addq     r5,0,r5         : IntAlu :  D=0x0000000000003b18
183976000: system.cpu T0 : 0x120002a4c    : addq       r28,r5,r6       : IntAlu :  D=0x00000001200e1ea8
183976000: system.cpu T0 : 0x120002a50    : addq       r0,r5,r5        : IntAlu :  D=0x00000001200f62a8
183976000: system.cpu T0 : 0x120002a54    : addl       r31,r3,r3       : IntAlu :  D=0x0000000000000000
183976000: system.cpu T0 : 0x120002a58    : addl       r31,r2,r2       : IntAlu :  D=0x0000000000000001
183977000: system.cpu T0 : 0x120002a5c    : cmple      r2,r3,r1        : IntAlu :  D=0x0000000000000000
183977000: system.cpu T0 : 0x120002a60    : addq       r2,r3,r4        : IntAlu :  D=0x0000000000000001
183978000: system.cpu T0 : 0x120002a64    : cmoveq     r1,r2,r3        : IntAlu :  D=0x0000000000000001
183978000: system.cpu T0 : 0x120002a68    : stl        r4,0(r5)        : MemWrite :  D=0x0000000000000001 A=0x1200f62a8
183979000: system.cpu T0 : 0x120002a6c    : stl        r3,0(r6)        : MemWrite :  D=0x0000000000000001 A=0x1200e1ea8
183979000: system.cpu T0 : 0x120002a70    : beq        r7,0x120002a10  : IntAlu : 
183982000: system.cpu T0 : 0x120002a10    : addl       r31,r8,r1       : IntAlu :  D=0x0000000000000009
183983000: system.cpu T0 : 0x120002a14    : ldl        r5,0(r22)       : MemRead :  D=0x0000000000000027 A=0x12008e3d8
183983000: system.cpu T0 : 0x120002a18    : lda        r8,1(r8)        : IntAlu :  D=0x000000000000000a
183983000: system.cpu T0 : 0x120002a1c    : lda        r22,4(r22)      : IntAlu :  D=0x000000012008e3dc
183983000: system.cpu T0 : 0x120002a20    : sra        r1,3,r4         : IntAlu :  D=0x0000000000000001
183984000: system.cpu T0 : 0x120002a24    : and        r1,7,r1         : IntAlu :  D=0x0000000000000001
183984000: system.cpu T0 : 0x120002a28    : cmpeq      r8,64,r7        : IntAlu :  D=0x0000000000000000
183984000: system.cpu T0 : 0x120002a2c    : subq       r24,r1,r1       : IntAlu :  D=0xffffffffffffffff
183984000: system.cpu T0 : 0x120002a30    : subl       r25,r4,r4       : IntAlu :  D=0x00000000ffffffff
183985000: system.cpu T0 : 0x120002a34    : subq       r31,r1,r3       : IntAlu :  D=0x0000000000000001
183985000: system.cpu T0 : 0x120002a38    : subq       r31,r4,r2       : IntAlu :  D=0x0000000000000001
183985000: system.cpu T0 : 0x120002a3c    : addq       r23,r5,r5       : IntAlu :  D=0x0000000000000ec7
183986000: system.cpu T0 : 0x120002a40    : cmovge     r1,r1,r3        : IntAlu :  D=0x0000000000000001
183986000: system.cpu T0 : 0x120002a44    : cmovge     r4,r4,r2        : IntAlu :  D=0x0000000000000001
183986000: system.cpu T0 : 0x120002a48    : s4addq     r5,0,r5         : IntAlu :  D=0x0000000000003b1c
183987000: system.cpu T0 : 0x120002a4c    : addq       r28,r5,r6       : IntAlu :  D=0x00000001200e1eac
183987000: system.cpu T0 : 0x120002a50    : addq       r0,r5,r5        : IntAlu :  D=0x00000001200f62ac
183987000: system.cpu T0 : 0x120002a54    : addl       r31,r3,r3       : IntAlu :  D=0x0000000000000001
183987000: system.cpu T0 : 0x120002a58    : addl       r31,r2,r2       : IntAlu :  D=0x0000000000000001
183988000: system.cpu T0 : 0x120002a5c    : cmple      r2,r3,r1        : IntAlu :  D=0x0000000000000001
183988000: system.cpu T0 : 0x120002a60    : addq       r2,r3,r4        : IntAlu :  D=0x0000000000000002
183989000: system.cpu T0 : 0x120002a64    : cmoveq     r1,r2,r3        : IntAlu :  D=0x0000000000000001
183989000: system.cpu T0 : 0x120002a68    : stl        r4,0(r5)        : MemWrite :  D=0x0000000000000002 A=0x1200f62ac
183990000: system.cpu T0 : 0x120002a6c    : stl        r3,0(r6)        : MemWrite :  D=0x0000000000000001 A=0x1200e1eac
183990000: system.cpu T0 : 0x120002a70    : beq        r7,0x120002a10  : IntAlu : 
183993000: system.cpu T0 : 0x120002a10    : addl       r31,r8,r1       : IntAlu :  D=0x000000000000000a
183994000: system.cpu T0 : 0x120002a14    : ldl        r5,0(r22)       : MemRead :  D=0x0000000000000028 A=0x12008e3dc
183994000: system.cpu T0 : 0x120002a18    : lda        r8,1(r8)        : IntAlu :  D=0x000000000000000b
183994000: system.cpu T0 : 0x120002a1c    : lda        r22,4(r22)      : IntAlu :  D=0x000000012008e3e0
183994000: system.cpu T0 : 0x120002a20    : sra        r1,3,r4         : IntAlu :  D=0x0000000000000001
183995000: system.cpu T0 : 0x120002a24    : and        r1,7,r1         : IntAlu :  D=0x0000000000000002
183995000: system.cpu T0 : 0x120002a28    : cmpeq      r8,64,r7        : IntAlu :  D=0x0000000000000000
183995000: system.cpu T0 : 0x120002a2c    : subq       r24,r1,r1       : IntAlu :  D=0xfffffffffffffffe
183995000: system.cpu T0 : 0x120002a30    : subl       r25,r4,r4       : IntAlu :  D=0x00000000ffffffff
183996000: system.cpu T0 : 0x120002a34    : subq       r31,r1,r3       : IntAlu :  D=0x0000000000000002
183996000: system.cpu T0 : 0x120002a38    : subq       r31,r4,r2       : IntAlu :  D=0x0000000000000001
183996000: system.cpu T0 : 0x120002a3c    : addq       r23,r5,r5       : IntAlu :  D=0x0000000000000ec8
183997000: system.cpu T0 : 0x120002a40    : cmovge     r1,r1,r3        : IntAlu :  D=0x0000000000000002
183997000: system.cpu T0 : 0x120002a44    : cmovge     r4,r4,r2        : IntAlu :  D=0x0000000000000001
183997000: system.cpu T0 : 0x120002a48    : s4addq     r5,0,r5         : IntAlu :  D=0x0000000000003b20
183998000: system.cpu T0 : 0x120002a4c    : addq       r28,r5,r6       : IntAlu :  D=0x00000001200e1eb0
183998000: system.cpu T0 : 0x120002a50    : addq       r0,r5,r5        : IntAlu :  D=0x00000001200f62b0
183998000: system.cpu T0 : 0x120002a54    : addl       r31,r3,r3       : IntAlu :  D=0x0000000000000002
183998000: system.cpu T0 : 0x120002a58    : addl       r31,r2,r2       : IntAlu :  D=0x0000000000000001
183999000: system.cpu T0 : 0x120002a5c    : cmple      r2,r3,r1        : IntAlu :  D=0x0000000000000001
183999000: system.cpu T0 : 0x120002a60    : addq       r2,r3,r4        : IntAlu :  D=0x0000000000000003
184000000: system.cpu T0 : 0x120002a64    : cmoveq     r1,r2,r3        : IntAlu :  D=0x0000000000000002
184000000: system.cpu T0 : 0x120002a68    : stl        r4,0(r5)        : MemWrite :  D=0x0000000000000003 A=0x1200f62b0
184001000: system.cpu T0 : 0x120002a6c    : stl        r3,0(r6)        : MemWrite :  D=0x0000000000000002 A=0x1200e1eb0
184001000: system.cpu T0 : 0x120002a70    : beq        r7,0x120002a10  : IntAlu : 
184004000: system.cpu T0 : 0x120002a10    : addl       r31,r8,r1       : IntAlu :  D=0x000000000000000b
184005000: system.cpu T0 : 0x120002a14    : ldl        r5,0(r22)       : MemRead :  D=0x0000000000000029 A=0x12008e3e0
184005000: system.cpu T0 : 0x120002a18    : lda        r8,1(r8)        : IntAlu :  D=0x000000000000000c
184005000: system.cpu T0 : 0x120002a1c    : lda        r22,4(r22)      : IntAlu :  D=0x000000012008e3e4
184005000: system.cpu T0 : 0x120002a20    : sra        r1,3,r4         : IntAlu :  D=0x0000000000000001
184006000: system.cpu T0 : 0x120002a24    : and        r1,7,r1         : IntAlu :  D=0x0000000000000003
184006000: system.cpu T0 : 0x120002a28    : cmpeq      r8,64,r7        : IntAlu :  D=0x0000000000000000
184006000: system.cpu T0 : 0x120002a2c    : subq       r24,r1,r1       : IntAlu :  D=0xfffffffffffffffd
184006000: system.cpu T0 : 0x120002a30    : subl       r25,r4,r4       : IntAlu :  D=0x00000000ffffffff
184007000: system.cpu T0 : 0x120002a34    : subq       r31,r1,r3       : IntAlu :  D=0x0000000000000003
184007000: system.cpu T0 : 0x120002a38    : subq       r31,r4,r2       : IntAlu :  D=0x0000000000000001
184007000: system.cpu T0 : 0x120002a3c    : addq       r23,r5,r5       : IntAlu :  D=0x0000000000000ec9
184008000: system.cpu T0 : 0x120002a40    : cmovge     r1,r1,r3        : IntAlu :  D=0x0000000000000003
184008000: system.cpu T0 : 0x120002a44    : cmovge     r4,r4,r2        : IntAlu :  D=0x0000000000000001
184008000: system.cpu T0 : 0x120002a48    : s4addq     r5,0,r5         : IntAlu :  D=0x0000000000003b24
184009000: system.cpu T0 : 0x120002a4c    : addq       r28,r5,r6       : IntAlu :  D=0x00000001200e1eb4
184009000: system.cpu T0 : 0x120002a50    : addq       r0,r5,r5        : IntAlu :  D=0x00000001200f62b4
184009000: system.cpu T0 : 0x120002a54    : addl       r31,r3,r3       : IntAlu :  D=0x0000000000000003
184009000: system.cpu T0 : 0x120002a58    : addl       r31,r2,r2       : IntAlu :  D=0x0000000000000001
184010000: system.cpu T0 : 0x120002a5c    : cmple      r2,r3,r1        : IntAlu :  D=0x0000000000000001
184010000: system.cpu T0 : 0x120002a60    : addq       r2,r3,r4        : IntAlu :  D=0x0000000000000004
184011000: system.cpu T0 : 0x120002a64    : cmoveq     r1,r2,r3        : IntAlu :  D=0x0000000000000003
184011000: system.cpu T0 : 0x120002a68    : stl        r4,0(r5)        : MemWrite :  D=0x0000000000000004 A=0x1200f62b4
184012000: system.cpu T0 : 0x120002a6c    : stl        r3,0(r6)        : MemWrite :  D=0x0000000000000003 A=0x1200e1eb4
184012000: system.cpu T0 : 0x120002a70    : beq        r7,0x120002a10  : IntAlu : 
184015000: system.cpu T0 : 0x120002a10    : addl       r31,r8,r1       : IntAlu :  D=0x000000000000000c
184016000: system.cpu T0 : 0x120002a14    : ldl        r5,0(r22)       : MemRead :  D=0x000000000000002a A=0x12008e3e4
184016000: system.cpu T0 : 0x120002a18    : lda        r8,1(r8)        : IntAlu :  D=0x000000000000000d
184016000: system.cpu T0 : 0x120002a1c    : lda        r22,4(r22)      : IntAlu :  D=0x000000012008e3e8
184016000: system.cpu T0 : 0x120002a20    : sra        r1,3,r4         : IntAlu :  D=0x0000000000000001
184017000: system.cpu T0 : 0x120002a24    : and        r1,7,r1         : IntAlu :  D=0x0000000000000004
184017000: system.cpu T0 : 0x120002a28    : cmpeq      r8,64,r7        : IntAlu :  D=0x0000000000000000
184017000: system.cpu T0 : 0x120002a2c    : subq       r24,r1,r1       : IntAlu :  D=0xfffffffffffffffc
184017000: system.cpu T0 : 0x120002a30    : subl       r25,r4,r4       : IntAlu :  D=0x00000000ffffffff
184018000: system.cpu T0 : 0x120002a34    : subq       r31,r1,r3       : IntAlu :  D=0x0000000000000004
184018000: system.cpu T0 : 0x120002a38    : subq       r31,r4,r2       : IntAlu :  D=0x0000000000000001
184018000: system.cpu T0 : 0x120002a3c    : addq       r23,r5,r5       : IntAlu :  D=0x0000000000000eca
184019000: system.cpu T0 : 0x120002a40    : cmovge     r1,r1,r3        : IntAlu :  D=0x0000000000000004
184019000: system.cpu T0 : 0x120002a44    : cmovge     r4,r4,r2        : IntAlu :  D=0x0000000000000001
184019000: system.cpu T0 : 0x120002a48    : s4addq     r5,0,r5         : IntAlu :  D=0x0000000000003b28
184020000: system.cpu T0 : 0x120002a4c    : addq       r28,r5,r6       : IntAlu :  D=0x00000001200e1eb8
184020000: system.cpu T0 : 0x120002a50    : addq       r0,r5,r5        : IntAlu :  D=0x00000001200f62b8
184020000: system.cpu T0 : 0x120002a54    : addl       r31,r3,r3       : IntAlu :  D=0x0000000000000004
184020000: system.cpu T0 : 0x120002a58    : addl       r31,r2,r2       : IntAlu :  D=0x0000000000000001
184021000: system.cpu T0 : 0x120002a5c    : cmple      r2,r3,r1        : IntAlu :  D=0x0000000000000001
184021000: system.cpu T0 : 0x120002a60    : addq       r2,r3,r4        : IntAlu :  D=0x0000000000000005
184022000: system.cpu T0 : 0x120002a64    : cmoveq     r1,r2,r3        : IntAlu :  D=0x0000000000000004
184022000: system.cpu T0 : 0x120002a68    : stl        r4,0(r5)        : MemWrite :  D=0x0000000000000005 A=0x1200f62b8
184023000: system.cpu T0 : 0x120002a6c    : stl        r3,0(r6)        : MemWrite :  D=0x0000000000000004 A=0x1200e1eb8
184023000: system.cpu T0 : 0x120002a70    : beq        r7,0x120002a10  : IntAlu : 
184026000: system.cpu T0 : 0x120002a10    : addl       r31,r8,r1       : IntAlu :  D=0x000000000000000d
184027000: system.cpu T0 : 0x120002a14    : ldl        r5,0(r22)       : MemRead :  D=0x000000000000002b A=0x12008e3e8
184027000: system.cpu T0 : 0x120002a18    : lda        r8,1(r8)        : IntAlu :  D=0x000000000000000e
184027000: system.cpu T0 : 0x120002a1c    : lda        r22,4(r22)      : IntAlu :  D=0x000000012008e3ec
184027000: system.cpu T0 : 0x120002a20    : sra        r1,3,r4         : IntAlu :  D=0x0000000000000001
184028000: system.cpu T0 : 0x120002a24    : and        r1,7,r1         : IntAlu :  D=0x0000000000000005
184028000: system.cpu T0 : 0x120002a28    : cmpeq      r8,64,r7        : IntAlu :  D=0x0000000000000000
184028000: system.cpu T0 : 0x120002a2c    : subq       r24,r1,r1       : IntAlu :  D=0xfffffffffffffffb
184028000: system.cpu T0 : 0x120002a30    : subl       r25,r4,r4       : IntAlu :  D=0x00000000ffffffff
184029000: system.cpu T0 : 0x120002a34    : subq       r31,r1,r3       : IntAlu :  D=0x0000000000000005
184029000: system.cpu T0 : 0x120002a38    : subq       r31,r4,r2       : IntAlu :  D=0x0000000000000001
184029000: system.cpu T0 : 0x120002a3c    : addq       r23,r5,r5       : IntAlu :  D=0x0000000000000ecb
184030000: system.cpu T0 : 0x120002a40    : cmovge     r1,r1,r3        : IntAlu :  D=0x0000000000000005
184030000: system.cpu T0 : 0x120002a44    : cmovge     r4,r4,r2        : IntAlu :  D=0x0000000000000001
184030000: system.cpu T0 : 0x120002a48    : s4addq     r5,0,r5         : IntAlu :  D=0x0000000000003b2c
184031000: system.cpu T0 : 0x120002a4c    : addq       r28,r5,r6       : IntAlu :  D=0x00000001200e1ebc
184031000: system.cpu T0 : 0x120002a50    : addq       r0,r5,r5        : IntAlu :  D=0x00000001200f62bc
184031000: system.cpu T0 : 0x120002a54    : addl       r31,r3,r3       : IntAlu :  D=0x0000000000000005
184031000: system.cpu T0 : 0x120002a58    : addl       r31,r2,r2       : IntAlu :  D=0x0000000000000001
184032000: system.cpu T0 : 0x120002a5c    : cmple      r2,r3,r1        : IntAlu :  D=0x0000000000000001
184032000: system.cpu T0 : 0x120002a60    : addq       r2,r3,r4        : IntAlu :  D=0x0000000000000006
184033000: system.cpu T0 : 0x120002a64    : cmoveq     r1,r2,r3        : IntAlu :  D=0x0000000000000005
184033000: system.cpu T0 : 0x120002a68    : stl        r4,0(r5)        : MemWrite :  D=0x0000000000000006 A=0x1200f62bc
184034000: system.cpu T0 : 0x120002a6c    : stl        r3,0(r6)        : MemWrite :  D=0x0000000000000005 A=0x1200e1ebc
184034000: system.cpu T0 : 0x120002a70    : beq        r7,0x120002a10  : IntAlu : 
184037000: system.cpu T0 : 0x120002a10    : addl       r31,r8,r1       : IntAlu :  D=0x000000000000000e
184038000: system.cpu T0 : 0x120002a14    : ldl        r5,0(r22)       : MemRead :  D=0x000000000000002c A=0x12008e3ec
184038000: system.cpu T0 : 0x120002a18    : lda        r8,1(r8)        : IntAlu :  D=0x000000000000000f
184038000: system.cpu T0 : 0x120002a1c    : lda        r22,4(r22)      : IntAlu :  D=0x000000012008e3f0
184038000: system.cpu T0 : 0x120002a20    : sra        r1,3,r4         : IntAlu :  D=0x0000000000000001
184039000: system.cpu T0 : 0x120002a24    : and        r1,7,r1         : IntAlu :  D=0x0000000000000006
184039000: system.cpu T0 : 0x120002a28    : cmpeq      r8,64,r7        : IntAlu :  D=0x0000000000000000
184039000: system.cpu T0 : 0x120002a2c    : subq       r24,r1,r1       : IntAlu :  D=0xfffffffffffffffa
184039000: system.cpu T0 : 0x120002a30    : subl       r25,r4,r4       : IntAlu :  D=0x00000000ffffffff
184040000: system.cpu T0 : 0x120002a34    : subq       r31,r1,r3       : IntAlu :  D=0x0000000000000006
184040000: system.cpu T0 : 0x120002a38    : subq       r31,r4,r2       : IntAlu :  D=0x0000000000000001
184040000: system.cpu T0 : 0x120002a3c    : addq       r23,r5,r5       : IntAlu :  D=0x0000000000000ecc
184041000: system.cpu T0 : 0x120002a40    : cmovge     r1,r1,r3        : IntAlu :  D=0x0000000000000006
184041000: system.cpu T0 : 0x120002a44    : cmovge     r4,r4,r2        : IntAlu :  D=0x0000000000000001
184041000: system.cpu T0 : 0x120002a48    : s4addq     r5,0,r5         : IntAlu :  D=0x0000000000003b30
184042000: system.cpu T0 : 0x120002a4c    : addq       r28,r5,r6       : IntAlu :  D=0x00000001200e1ec0
184042000: system.cpu T0 : 0x120002a50    : addq       r0,r5,r5        : IntAlu :  D=0x00000001200f62c0
184042000: system.cpu T0 : 0x120002a54    : addl       r31,r3,r3       : IntAlu :  D=0x0000000000000006
184042000: system.cpu T0 : 0x120002a58    : addl       r31,r2,r2       : IntAlu :  D=0x0000000000000001
184043000: system.cpu T0 : 0x120002a5c    : cmple      r2,r3,r1        : IntAlu :  D=0x0000000000000001
184043000: system.cpu T0 : 0x120002a60    : addq       r2,r3,r4        : IntAlu :  D=0x0000000000000007
184044000: system.cpu T0 : 0x120002a64    : cmoveq     r1,r2,r3        : IntAlu :  D=0x0000000000000006
184044000: system.cpu T0 : 0x120002a68    : stl        r4,0(r5)        : MemWrite :  D=0x0000000000000007 A=0x1200f62c0
184045000: system.cpu T0 : 0x120002a6c    : stl        r3,0(r6)        : MemWrite :  D=0x0000000000000006 A=0x1200e1ec0
184045000: system.cpu T0 : 0x120002a70    : beq        r7,0x120002a10  : IntAlu : 
184048000: system.cpu T0 : 0x120002a10    : addl       r31,r8,r1       : IntAlu :  D=0x000000000000000f
184049000: system.cpu T0 : 0x120002a14    : ldl        r5,0(r22)       : MemRead :  D=0x000000000000002d A=0x12008e3f0
184049000: system.cpu T0 : 0x120002a18    : lda        r8,1(r8)        : IntAlu :  D=0x0000000000000010
184049000: system.cpu T0 : 0x120002a1c    : lda        r22,4(r22)      : IntAlu :  D=0x000000012008e3f4
184049000: system.cpu T0 : 0x120002a20    : sra        r1,3,r4         : IntAlu :  D=0x0000000000000001
184050000: system.cpu T0 : 0x120002a24    : and        r1,7,r1         : IntAlu :  D=0x0000000000000007
184050000: system.cpu T0 : 0x120002a28    : cmpeq      r8,64,r7        : IntAlu :  D=0x0000000000000000
184050000: system.cpu T0 : 0x120002a2c    : subq       r24,r1,r1       : IntAlu :  D=0xfffffffffffffff9
184050000: system.cpu T0 : 0x120002a30    : subl       r25,r4,r4       : IntAlu :  D=0x00000000ffffffff
184051000: system.cpu T0 : 0x120002a34    : subq       r31,r1,r3       : IntAlu :  D=0x0000000000000007
184051000: system.cpu T0 : 0x120002a38    : subq       r31,r4,r2       : IntAlu :  D=0x0000000000000001
184051000: system.cpu T0 : 0x120002a3c    : addq       r23,r5,r5       : IntAlu :  D=0x0000000000000ecd
184052000: system.cpu T0 : 0x120002a40    : cmovge     r1,r1,r3        : IntAlu :  D=0x0000000000000007
184052000: system.cpu T0 : 0x120002a44    : cmovge     r4,r4,r2        : IntAlu :  D=0x0000000000000001
184052000: system.cpu T0 : 0x120002a48    : s4addq     r5,0,r5         : IntAlu :  D=0x0000000000003b34
184053000: system.cpu T0 : 0x120002a4c    : addq       r28,r5,r6       : IntAlu :  D=0x00000001200e1ec4
184053000: system.cpu T0 : 0x120002a50    : addq       r0,r5,r5        : IntAlu :  D=0x00000001200f62c4
184053000: system.cpu T0 : 0x120002a54    : addl       r31,r3,r3       : IntAlu :  D=0x0000000000000007
184053000: system.cpu T0 : 0x120002a58    : addl       r31,r2,r2       : IntAlu :  D=0x0000000000000001
184054000: system.cpu T0 : 0x120002a5c    : cmple      r2,r3,r1        : IntAlu :  D=0x0000000000000001
184054000: system.cpu T0 : 0x120002a60    : addq       r2,r3,r4        : IntAlu :  D=0x0000000000000008
184055000: system.cpu T0 : 0x120002a64    : cmoveq     r1,r2,r3        : IntAlu :  D=0x0000000000000007
184055000: system.cpu T0 : 0x120002a68    : stl        r4,0(r5)        : MemWrite :  D=0x0000000000000008 A=0x1200f62c4
184056000: system.cpu T0 : 0x120002a6c    : stl        r3,0(r6)        : MemWrite :  D=0x0000000000000007 A=0x1200e1ec4
184056000: system.cpu T0 : 0x120002a70    : beq        r7,0x120002a10  : IntAlu : 
184059000: system.cpu T0 : 0x120002a10    : addl       r31,r8,r1       : IntAlu :  D=0x0000000000000010
184060000: system.cpu T0 : 0x120002a14    : ldl        r5,0(r22)       : MemRead :  D=0x0000000000000032 A=0x12008e3f4
184060000: system.cpu T0 : 0x120002a18    : lda        r8,1(r8)        : IntAlu :  D=0x0000000000000011
184060000: system.cpu T0 : 0x120002a1c    : lda        r22,4(r22)      : IntAlu :  D=0x000000012008e3f8
184060000: system.cpu T0 : 0x120002a20    : sra        r1,3,r4         : IntAlu :  D=0x0000000000000002
184061000: system.cpu T0 : 0x120002a24    : and        r1,7,r1         : IntAlu :  D=0x0000000000000000
184061000: system.cpu T0 : 0x120002a28    : cmpeq      r8,64,r7        : IntAlu :  D=0x0000000000000000
184061000: system.cpu T0 : 0x120002a2c    : subq       r24,r1,r1       : IntAlu :  D=0x0000000000000000
184061000: system.cpu T0 : 0x120002a30    : subl       r25,r4,r4       : IntAlu :  D=0x00000000fffffffe
184062000: system.cpu T0 : 0x120002a34    : subq       r31,r1,r3       : IntAlu :  D=0x0000000000000000
184062000: system.cpu T0 : 0x120002a38    : subq       r31,r4,r2       : IntAlu :  D=0x0000000000000002
184062000: system.cpu T0 : 0x120002a3c    : addq       r23,r5,r5       : IntAlu :  D=0x0000000000000ed2
184063000: system.cpu T0 : 0x120002a40    : cmovge     r1,r1,r3        : IntAlu :  D=0x0000000000000000
184063000: system.cpu T0 : 0x120002a44    : cmovge     r4,r4,r2        : IntAlu :  D=0x0000000000000002
184063000: system.cpu T0 : 0x120002a48    : s4addq     r5,0,r5         : IntAlu :  D=0x0000000000003b48
184064000: system.cpu T0 : 0x120002a4c    : addq       r28,r5,r6       : IntAlu :  D=0x00000001200e1ed8
184064000: system.cpu T0 : 0x120002a50    : addq       r0,r5,r5        : IntAlu :  D=0x00000001200f62d8
184064000: system.cpu T0 : 0x120002a54    : addl       r31,r3,r3       : IntAlu :  D=0x0000000000000000
184064000: system.cpu T0 : 0x120002a58    : addl       r31,r2,r2       : IntAlu :  D=0x0000000000000002
184065000: system.cpu T0 : 0x120002a5c    : cmple      r2,r3,r1        : IntAlu :  D=0x0000000000000000
184065000: system.cpu T0 : 0x120002a60    : addq       r2,r3,r4        : IntAlu :  D=0x0000000000000002
184066000: system.cpu T0 : 0x120002a64    : cmoveq     r1,r2,r3        : IntAlu :  D=0x0000000000000002
184066000: system.cpu T0 : 0x120002a68    : stl        r4,0(r5)        : MemWrite :  D=0x0000000000000002 A=0x1200f62d8
184067000: system.cpu T0 : 0x120002a6c    : stl        r3,0(r6)        : MemWrite :  D=0x0000000000000002 A=0x1200e1ed8
184067000: system.cpu T0 : 0x120002a70    : beq        r7,0x120002a10  : IntAlu : 
184070000: system.cpu T0 : 0x120002a10    : addl       r31,r8,r1       : IntAlu :  D=0x0000000000000011
184071000: system.cpu T0 : 0x120002a14    : ldl        r5,0(r22)       : MemRead :  D=0x0000000000000033 A=0x12008e3f8
184071000: system.cpu T0 : 0x120002a18    : lda        r8,1(r8)        : IntAlu :  D=0x0000000000000012
184071000: system.cpu T0 : 0x120002a1c    : lda        r22,4(r22)      : IntAlu :  D=0x000000012008e3fc
184071000: system.cpu T0 : 0x120002a20    : sra        r1,3,r4         : IntAlu :  D=0x0000000000000002
184072000: system.cpu T0 : 0x120002a24    : and        r1,7,r1         : IntAlu :  D=0x0000000000000001
184072000: system.cpu T0 : 0x120002a28    : cmpeq      r8,64,r7        : IntAlu :  D=0x0000000000000000
184072000: system.cpu T0 : 0x120002a2c    : subq       r24,r1,r1       : IntAlu :  D=0xffffffffffffffff
184072000: system.cpu T0 : 0x120002a30    : subl       r25,r4,r4       : IntAlu :  D=0x00000000fffffffe
184073000: system.cpu T0 : 0x120002a34    : subq       r31,r1,r3       : IntAlu :  D=0x0000000000000001
184073000: system.cpu T0 : 0x120002a38    : subq       r31,r4,r2       : IntAlu :  D=0x0000000000000002
184073000: system.cpu T0 : 0x120002a3c    : addq       r23,r5,r5       : IntAlu :  D=0x0000000000000ed3
184074000: system.cpu T0 : 0x120002a40    : cmovge     r1,r1,r3        : IntAlu :  D=0x0000000000000001
184074000: system.cpu T0 : 0x120002a44    : cmovge     r4,r4,r2        : IntAlu :  D=0x0000000000000002
184074000: system.cpu T0 : 0x120002a48    : s4addq     r5,0,r5         : IntAlu :  D=0x0000000000003b4c
184075000: system.cpu T0 : 0x120002a4c    : addq       r28,r5,r6       : IntAlu :  D=0x00000001200e1edc
184075000: system.cpu T0 : 0x120002a50    : addq       r0,r5,r5        : IntAlu :  D=0x00000001200f62dc
184075000: system.cpu T0 : 0x120002a54    : addl       r31,r3,r3       : IntAlu :  D=0x0000000000000001
184075000: system.cpu T0 : 0x120002a58    : addl       r31,r2,r2       : IntAlu :  D=0x0000000000000002
184076000: system.cpu T0 : 0x120002a5c    : cmple      r2,r3,r1        : IntAlu :  D=0x0000000000000000
184076000: system.cpu T0 : 0x120002a60    : addq       r2,r3,r4        : IntAlu :  D=0x0000000000000003
184077000: system.cpu T0 : 0x120002a64    : cmoveq     r1,r2,r3        : IntAlu :  D=0x0000000000000002
184077000: system.cpu T0 : 0x120002a68    : stl        r4,0(r5)        : MemWrite :  D=0x0000000000000003 A=0x1200f62dc
184078000: system.cpu T0 : 0x120002a6c    : stl        r3,0(r6)        : MemWrite :  D=0x0000000000000002 A=0x1200e1edc
184078000: system.cpu T0 : 0x120002a70    : beq        r7,0x120002a10  : IntAlu : 
184081000: system.cpu T0 : 0x120002a10    : addl       r31,r8,r1       : IntAlu :  D=0x0000000000000012
184082000: system.cpu T0 : 0x120002a14    : ldl        r5,0(r22)       : MemRead :  D=0x0000000000000034 A=0x12008e3fc
184082000: system.cpu T0 : 0x120002a18    : lda        r8,1(r8)        : IntAlu :  D=0x0000000000000013
184082000: system.cpu T0 : 0x120002a1c    : lda        r22,4(r22)      : IntAlu :  D=0x000000012008e400
184082000: system.cpu T0 : 0x120002a20    : sra        r1,3,r4         : IntAlu :  D=0x0000000000000002
184083000: system.cpu T0 : 0x120002a24    : and        r1,7,r1         : IntAlu :  D=0x0000000000000002
184083000: system.cpu T0 : 0x120002a28    : cmpeq      r8,64,r7        : IntAlu :  D=0x0000000000000000
184083000: system.cpu T0 : 0x120002a2c    : subq       r24,r1,r1       : IntAlu :  D=0xfffffffffffffffe
184083000: system.cpu T0 : 0x120002a30    : subl       r25,r4,r4       : IntAlu :  D=0x00000000fffffffe
184084000: system.cpu T0 : 0x120002a34    : subq       r31,r1,r3       : IntAlu :  D=0x0000000000000002
184084000: system.cpu T0 : 0x120002a38    : subq       r31,r4,r2       : IntAlu :  D=0x0000000000000002
184084000: system.cpu T0 : 0x120002a3c    : addq       r23,r5,r5       : IntAlu :  D=0x0000000000000ed4
184085000: system.cpu T0 : 0x120002a40    : cmovge     r1,r1,r3        : IntAlu :  D=0x0000000000000002
184085000: system.cpu T0 : 0x120002a44    : cmovge     r4,r4,r2        : IntAlu :  D=0x0000000000000002
184085000: system.cpu T0 : 0x120002a48    : s4addq     r5,0,r5         : IntAlu :  D=0x0000000000003b50
184086000: system.cpu T0 : 0x120002a4c    : addq       r28,r5,r6       : IntAlu :  D=0x00000001200e1ee0
184086000: system.cpu T0 : 0x120002a50    : addq       r0,r5,r5        : IntAlu :  D=0x00000001200f62e0
184086000: system.cpu T0 : 0x120002a54    : addl       r31,r3,r3       : IntAlu :  D=0x0000000000000002
184086000: system.cpu T0 : 0x120002a58    : addl       r31,r2,r2       : IntAlu :  D=0x0000000000000002
184087000: system.cpu T0 : 0x120002a5c    : cmple      r2,r3,r1        : IntAlu :  D=0x0000000000000001
184087000: system.cpu T0 : 0x120002a60    : addq       r2,r3,r4        : IntAlu :  D=0x0000000000000004
184088000: system.cpu T0 : 0x120002a64    : cmoveq     r1,r2,r3        : IntAlu :  D=0x0000000000000002
184088000: system.cpu T0 : 0x120002a68    : stl        r4,0(r5)        : MemWrite :  D=0x0000000000000004 A=0x1200f62e0
184089000: system.cpu T0 : 0x120002a6c    : stl        r3,0(r6)        : MemWrite :  D=0x0000000000000002 A=0x1200e1ee0
184089000: system.cpu T0 : 0x120002a70    : beq        r7,0x120002a10  : IntAlu : 
184092000: system.cpu T0 : 0x120002a10    : addl       r31,r8,r1       : IntAlu :  D=0x0000000000000013
184515000: system.cpu T0 : 0x120002a14    : ldl        r5,0(r22)       : MemRead :  D=0x0000000000000035 A=0x12008e400
184515000: system.cpu T0 : 0x120002a18    : lda        r8,1(r8)        : IntAlu :  D=0x0000000000000014
184515000: system.cpu T0 : 0x120002a1c    : lda        r22,4(r22)      : IntAlu :  D=0x000000012008e404
184515000: system.cpu T0 : 0x120002a20    : sra        r1,3,r4         : IntAlu :  D=0x0000000000000002
184516000: system.cpu T0 : 0x120002a24    : and        r1,7,r1         : IntAlu :  D=0x0000000000000003
184516000: system.cpu T0 : 0x120002a28    : cmpeq      r8,64,r7        : IntAlu :  D=0x0000000000000000
184516000: system.cpu T0 : 0x120002a2c    : subq       r24,r1,r1       : IntAlu :  D=0xfffffffffffffffd
184516000: system.cpu T0 : 0x120002a30    : subl       r25,r4,r4       : IntAlu :  D=0x00000000fffffffe
184517000: system.cpu T0 : 0x120002a34    : subq       r31,r1,r3       : IntAlu :  D=0x0000000000000003
184517000: system.cpu T0 : 0x120002a38    : subq       r31,r4,r2       : IntAlu :  D=0x0000000000000002
184517000: system.cpu T0 : 0x120002a3c    : addq       r23,r5,r5       : IntAlu :  D=0x0000000000000ed5
184517000: system.cpu T0 : 0x120002a40    : cmovge     r1,r1,r3        : IntAlu :  D=0x0000000000000003
184518000: system.cpu T0 : 0x120002a44    : cmovge     r4,r4,r2        : IntAlu :  D=0x0000000000000002
184518000: system.cpu T0 : 0x120002a48    : s4addq     r5,0,r5         : IntAlu :  D=0x0000000000003b54
184519000: system.cpu T0 : 0x120002a4c    : addq       r28,r5,r6       : IntAlu :  D=0x00000001200e1ee4
184519000: system.cpu T0 : 0x120002a50    : addq       r0,r5,r5        : IntAlu :  D=0x00000001200f62e4
184519000: system.cpu T0 : 0x120002a54    : addl       r31,r3,r3       : IntAlu :  D=0x0000000000000003
184519000: system.cpu T0 : 0x120002a58    : addl       r31,r2,r2       : IntAlu :  D=0x0000000000000002
184520000: system.cpu T0 : 0x120002a5c    : cmple      r2,r3,r1        : IntAlu :  D=0x0000000000000001
184520000: system.cpu T0 : 0x120002a60    : addq       r2,r3,r4        : IntAlu :  D=0x0000000000000005
184521000: system.cpu T0 : 0x120002a64    : cmoveq     r1,r2,r3        : IntAlu :  D=0x0000000000000003
184521000: system.cpu T0 : 0x120002a68    : stl        r4,0(r5)        : MemWrite :  D=0x0000000000000005 A=0x1200f62e4
184522000: system.cpu T0 : 0x120002a6c    : stl        r3,0(r6)        : MemWrite :  D=0x0000000000000003 A=0x1200e1ee4
184522000: system.cpu T0 : 0x120002a70    : beq        r7,0x120002a10  : IntAlu : 
184525000: system.cpu T0 : 0x120002a10    : addl       r31,r8,r1       : IntAlu :  D=0x0000000000000014
184526000: system.cpu T0 : 0x120002a14    : ldl        r5,0(r22)       : MemRead :  D=0x0000000000000036 A=0x12008e404
184526000: system.cpu T0 : 0x120002a18    : lda        r8,1(r8)        : IntAlu :  D=0x0000000000000015
184526000: system.cpu T0 : 0x120002a1c    : lda        r22,4(r22)      : IntAlu :  D=0x000000012008e408
184526000: system.cpu T0 : 0x120002a20    : sra        r1,3,r4         : IntAlu :  D=0x0000000000000002
184527000: system.cpu T0 : 0x120002a24    : and        r1,7,r1         : IntAlu :  D=0x0000000000000004
184527000: system.cpu T0 : 0x120002a28    : cmpeq      r8,64,r7        : IntAlu :  D=0x0000000000000000
184527000: system.cpu T0 : 0x120002a2c    : subq       r24,r1,r1       : IntAlu :  D=0xfffffffffffffffc
184527000: system.cpu T0 : 0x120002a30    : subl       r25,r4,r4       : IntAlu :  D=0x00000000fffffffe
184528000: system.cpu T0 : 0x120002a34    : subq       r31,r1,r3       : IntAlu :  D=0x0000000000000004
184528000: system.cpu T0 : 0x120002a38    : subq       r31,r4,r2       : IntAlu :  D=0x0000000000000002
184528000: system.cpu T0 : 0x120002a3c    : addq       r23,r5,r5       : IntAlu :  D=0x0000000000000ed6
184529000: system.cpu T0 : 0x120002a40    : cmovge     r1,r1,r3        : IntAlu :  D=0x0000000000000004
184529000: system.cpu T0 : 0x120002a44    : cmovge     r4,r4,r2        : IntAlu :  D=0x0000000000000002
184529000: system.cpu T0 : 0x120002a48    : s4addq     r5,0,r5         : IntAlu :  D=0x0000000000003b58
184530000: system.cpu T0 : 0x120002a4c    : addq       r28,r5,r6       : IntAlu :  D=0x00000001200e1ee8
184530000: system.cpu T0 : 0x120002a50    : addq       r0,r5,r5        : IntAlu :  D=0x00000001200f62e8
184530000: system.cpu T0 : 0x120002a54    : addl       r31,r3,r3       : IntAlu :  D=0x0000000000000004
184530000: system.cpu T0 : 0x120002a58    : addl       r31,r2,r2       : IntAlu :  D=0x0000000000000002
184531000: system.cpu T0 : 0x120002a5c    : cmple      r2,r3,r1        : IntAlu :  D=0x0000000000000001
184531000: system.cpu T0 : 0x120002a60    : addq       r2,r3,r4        : IntAlu :  D=0x0000000000000006
184532000: system.cpu T0 : 0x120002a64    : cmoveq     r1,r2,r3        : IntAlu :  D=0x0000000000000004
184532000: system.cpu T0 : 0x120002a68    : stl        r4,0(r5)        : MemWrite :  D=0x0000000000000006 A=0x1200f62e8
184533000: system.cpu T0 : 0x120002a6c    : stl        r3,0(r6)        : MemWrite :  D=0x0000000000000004 A=0x1200e1ee8
184533000: system.cpu T0 : 0x120002a70    : beq        r7,0x120002a10  : IntAlu : 
184536000: system.cpu T0 : 0x120002a10    : addl       r31,r8,r1       : IntAlu :  D=0x0000000000000015
184537000: system.cpu T0 : 0x120002a14    : ldl        r5,0(r22)       : MemRead :  D=0x0000000000000037 A=0x12008e408
184537000: system.cpu T0 : 0x120002a18    : lda        r8,1(r8)        : IntAlu :  D=0x0000000000000016
184537000: system.cpu T0 : 0x120002a1c    : lda        r22,4(r22)      : IntAlu :  D=0x000000012008e40c
184537000: system.cpu T0 : 0x120002a20    : sra        r1,3,r4         : IntAlu :  D=0x0000000000000002
184538000: system.cpu T0 : 0x120002a24    : and        r1,7,r1         : IntAlu :  D=0x0000000000000005
184538000: system.cpu T0 : 0x120002a28    : cmpeq      r8,64,r7        : IntAlu :  D=0x0000000000000000
184538000: system.cpu T0 : 0x120002a2c    : subq       r24,r1,r1       : IntAlu :  D=0xfffffffffffffffb
184538000: system.cpu T0 : 0x120002a30    : subl       r25,r4,r4       : IntAlu :  D=0x00000000fffffffe
184539000: system.cpu T0 : 0x120002a34    : subq       r31,r1,r3       : IntAlu :  D=0x0000000000000005
184539000: system.cpu T0 : 0x120002a38    : subq       r31,r4,r2       : IntAlu :  D=0x0000000000000002
184539000: system.cpu T0 : 0x120002a3c    : addq       r23,r5,r5       : IntAlu :  D=0x0000000000000ed7
184540000: system.cpu T0 : 0x120002a40    : cmovge     r1,r1,r3        : IntAlu :  D=0x0000000000000005
184540000: system.cpu T0 : 0x120002a44    : cmovge     r4,r4,r2        : IntAlu :  D=0x0000000000000002
184540000: system.cpu T0 : 0x120002a48    : s4addq     r5,0,r5         : IntAlu :  D=0x0000000000003b5c
184541000: system.cpu T0 : 0x120002a4c    : addq       r28,r5,r6       : IntAlu :  D=0x00000001200e1eec
184541000: system.cpu T0 : 0x120002a50    : addq       r0,r5,r5        : IntAlu :  D=0x00000001200f62ec
184541000: system.cpu T0 : 0x120002a54    : addl       r31,r3,r3       : IntAlu :  D=0x0000000000000005
184541000: system.cpu T0 : 0x120002a58    : addl       r31,r2,r2       : IntAlu :  D=0x0000000000000002
184542000: system.cpu T0 : 0x120002a5c    : cmple      r2,r3,r1        : IntAlu :  D=0x0000000000000001
184542000: system.cpu T0 : 0x120002a60    : addq       r2,r3,r4        : IntAlu :  D=0x0000000000000007
184543000: system.cpu T0 : 0x120002a64    : cmoveq     r1,r2,r3        : IntAlu :  D=0x0000000000000005
184543000: system.cpu T0 : 0x120002a68    : stl        r4,0(r5)        : MemWrite :  D=0x0000000000000007 A=0x1200f62ec
184544000: system.cpu T0 : 0x120002a6c    : stl        r3,0(r6)        : MemWrite :  D=0x0000000000000005 A=0x1200e1eec
184544000: system.cpu T0 : 0x120002a70    : beq        r7,0x120002a10  : IntAlu : 
184547000: system.cpu T0 : 0x120002a10    : addl       r31,r8,r1       : IntAlu :  D=0x0000000000000016
184548000: system.cpu T0 : 0x120002a14    : ldl        r5,0(r22)       : MemRead :  D=0x0000000000000038 A=0x12008e40c
184548000: system.cpu T0 : 0x120002a18    : lda        r8,1(r8)        : IntAlu :  D=0x0000000000000017
184548000: system.cpu T0 : 0x120002a1c    : lda        r22,4(r22)      : IntAlu :  D=0x000000012008e410
184548000: system.cpu T0 : 0x120002a20    : sra        r1,3,r4         : IntAlu :  D=0x0000000000000002
184549000: system.cpu T0 : 0x120002a24    : and        r1,7,r1         : IntAlu :  D=0x0000000000000006
184549000: system.cpu T0 : 0x120002a28    : cmpeq      r8,64,r7        : IntAlu :  D=0x0000000000000000
184549000: system.cpu T0 : 0x120002a2c    : subq       r24,r1,r1       : IntAlu :  D=0xfffffffffffffffa
184549000: system.cpu T0 : 0x120002a30    : subl       r25,r4,r4       : IntAlu :  D=0x00000000fffffffe
184550000: system.cpu T0 : 0x120002a34    : subq       r31,r1,r3       : IntAlu :  D=0x0000000000000006
184550000: system.cpu T0 : 0x120002a38    : subq       r31,r4,r2       : IntAlu :  D=0x0000000000000002
184550000: system.cpu T0 : 0x120002a3c    : addq       r23,r5,r5       : IntAlu :  D=0x0000000000000ed8
184551000: system.cpu T0 : 0x120002a40    : cmovge     r1,r1,r3        : IntAlu :  D=0x0000000000000006
184551000: system.cpu T0 : 0x120002a44    : cmovge     r4,r4,r2        : IntAlu :  D=0x0000000000000002
184551000: system.cpu T0 : 0x120002a48    : s4addq     r5,0,r5         : IntAlu :  D=0x0000000000003b60
184552000: system.cpu T0 : 0x120002a4c    : addq       r28,r5,r6       : IntAlu :  D=0x00000001200e1ef0
184552000: system.cpu T0 : 0x120002a50    : addq       r0,r5,r5        : IntAlu :  D=0x00000001200f62f0
184552000: system.cpu T0 : 0x120002a54    : addl       r31,r3,r3       : IntAlu :  D=0x0000000000000006
184552000: system.cpu T0 : 0x120002a58    : addl       r31,r2,r2       : IntAlu :  D=0x0000000000000002
184553000: system.cpu T0 : 0x120002a5c    : cmple      r2,r3,r1        : IntAlu :  D=0x0000000000000001
184553000: system.cpu T0 : 0x120002a60    : addq       r2,r3,r4        : IntAlu :  D=0x0000000000000008
184554000: system.cpu T0 : 0x120002a64    : cmoveq     r1,r2,r3        : IntAlu :  D=0x0000000000000006
184554000: system.cpu T0 : 0x120002a68    : stl        r4,0(r5)        : MemWrite :  D=0x0000000000000008 A=0x1200f62f0
184555000: system.cpu T0 : 0x120002a6c    : stl        r3,0(r6)        : MemWrite :  D=0x0000000000000006 A=0x1200e1ef0
184555000: system.cpu T0 : 0x120002a70    : beq        r7,0x120002a10  : IntAlu : 
184558000: system.cpu T0 : 0x120002a10    : addl       r31,r8,r1       : IntAlu :  D=0x0000000000000017
184559000: system.cpu T0 : 0x120002a14    : ldl        r5,0(r22)       : MemRead :  D=0x0000000000000039 A=0x12008e410
184559000: system.cpu T0 : 0x120002a18    : lda        r8,1(r8)        : IntAlu :  D=0x0000000000000018
184559000: system.cpu T0 : 0x120002a1c    : lda        r22,4(r22)      : IntAlu :  D=0x000000012008e414
184559000: system.cpu T0 : 0x120002a20    : sra        r1,3,r4         : IntAlu :  D=0x0000000000000002
184560000: system.cpu T0 : 0x120002a24    : and        r1,7,r1         : IntAlu :  D=0x0000000000000007
184560000: system.cpu T0 : 0x120002a28    : cmpeq      r8,64,r7        : IntAlu :  D=0x0000000000000000
184560000: system.cpu T0 : 0x120002a2c    : subq       r24,r1,r1       : IntAlu :  D=0xfffffffffffffff9
184560000: system.cpu T0 : 0x120002a30    : subl       r25,r4,r4       : IntAlu :  D=0x00000000fffffffe
184561000: system.cpu T0 : 0x120002a34    : subq       r31,r1,r3       : IntAlu :  D=0x0000000000000007
184561000: system.cpu T0 : 0x120002a38    : subq       r31,r4,r2       : IntAlu :  D=0x0000000000000002
184561000: system.cpu T0 : 0x120002a3c    : addq       r23,r5,r5       : IntAlu :  D=0x0000000000000ed9
184562000: system.cpu T0 : 0x120002a40    : cmovge     r1,r1,r3        : IntAlu :  D=0x0000000000000007
184562000: system.cpu T0 : 0x120002a44    : cmovge     r4,r4,r2        : IntAlu :  D=0x0000000000000002
184562000: system.cpu T0 : 0x120002a48    : s4addq     r5,0,r5         : IntAlu :  D=0x0000000000003b64
184563000: system.cpu T0 : 0x120002a4c    : addq       r28,r5,r6       : IntAlu :  D=0x00000001200e1ef4
184563000: system.cpu T0 : 0x120002a50    : addq       r0,r5,r5        : IntAlu :  D=0x00000001200f62f4
184563000: system.cpu T0 : 0x120002a54    : addl       r31,r3,r3       : IntAlu :  D=0x0000000000000007
184563000: system.cpu T0 : 0x120002a58    : addl       r31,r2,r2       : IntAlu :  D=0x0000000000000002
184564000: system.cpu T0 : 0x120002a5c    : cmple      r2,r3,r1        : IntAlu :  D=0x0000000000000001
184564000: system.cpu T0 : 0x120002a60    : addq       r2,r3,r4        : IntAlu :  D=0x0000000000000009
184565000: system.cpu T0 : 0x120002a64    : cmoveq     r1,r2,r3        : IntAlu :  D=0x0000000000000007
184565000: system.cpu T0 : 0x120002a68    : stl        r4,0(r5)        : MemWrite :  D=0x0000000000000009 A=0x1200f62f4
184566000: system.cpu T0 : 0x120002a6c    : stl        r3,0(r6)        : MemWrite :  D=0x0000000000000007 A=0x1200e1ef4
184566000: system.cpu T0 : 0x120002a70    : beq        r7,0x120002a10  : IntAlu : 
184569000: system.cpu T0 : 0x120002a10    : addl       r31,r8,r1       : IntAlu :  D=0x0000000000000018
184570000: system.cpu T0 : 0x120002a14    : ldl        r5,0(r22)       : MemRead :  D=0x000000000000003e A=0x12008e414
184570000: system.cpu T0 : 0x120002a18    : lda        r8,1(r8)        : IntAlu :  D=0x0000000000000019
184570000: system.cpu T0 : 0x120002a1c    : lda        r22,4(r22)      : IntAlu :  D=0x000000012008e418
184570000: system.cpu T0 : 0x120002a20    : sra        r1,3,r4         : IntAlu :  D=0x0000000000000003
184571000: system.cpu T0 : 0x120002a24    : and        r1,7,r1         : IntAlu :  D=0x0000000000000000
184571000: system.cpu T0 : 0x120002a28    : cmpeq      r8,64,r7        : IntAlu :  D=0x0000000000000000
184571000: system.cpu T0 : 0x120002a2c    : subq       r24,r1,r1       : IntAlu :  D=0x0000000000000000
184571000: system.cpu T0 : 0x120002a30    : subl       r25,r4,r4       : IntAlu :  D=0x00000000fffffffd
184572000: system.cpu T0 : 0x120002a34    : subq       r31,r1,r3       : IntAlu :  D=0x0000000000000000
184572000: system.cpu T0 : 0x120002a38    : subq       r31,r4,r2       : IntAlu :  D=0x0000000000000003
184572000: system.cpu T0 : 0x120002a3c    : addq       r23,r5,r5       : IntAlu :  D=0x0000000000000ede
184573000: system.cpu T0 : 0x120002a40    : cmovge     r1,r1,r3        : IntAlu :  D=0x0000000000000000
184573000: system.cpu T0 : 0x120002a44    : cmovge     r4,r4,r2        : IntAlu :  D=0x0000000000000003
184573000: system.cpu T0 : 0x120002a48    : s4addq     r5,0,r5         : IntAlu :  D=0x0000000000003b78
184574000: system.cpu T0 : 0x120002a4c    : addq       r28,r5,r6       : IntAlu :  D=0x00000001200e1f08
184574000: system.cpu T0 : 0x120002a50    : addq       r0,r5,r5        : IntAlu :  D=0x00000001200f6308
184574000: system.cpu T0 : 0x120002a54    : addl       r31,r3,r3       : IntAlu :  D=0x0000000000000000
184574000: system.cpu T0 : 0x120002a58    : addl       r31,r2,r2       : IntAlu :  D=0x0000000000000003
184575000: system.cpu T0 : 0x120002a5c    : cmple      r2,r3,r1        : IntAlu :  D=0x0000000000000000
184575000: system.cpu T0 : 0x120002a60    : addq       r2,r3,r4        : IntAlu :  D=0x0000000000000003
184576000: system.cpu T0 : 0x120002a64    : cmoveq     r1,r2,r3        : IntAlu :  D=0x0000000000000003
184576000: system.cpu T0 : 0x120002a68    : stl        r4,0(r5)        : MemWrite :  D=0x0000000000000003 A=0x1200f6308
184577000: system.cpu T0 : 0x120002a6c    : stl        r3,0(r6)        : MemWrite :  D=0x0000000000000003 A=0x1200e1f08
184577000: system.cpu T0 : 0x120002a70    : beq        r7,0x120002a10  : IntAlu : 
184580000: system.cpu T0 : 0x120002a10    : addl       r31,r8,r1       : IntAlu :  D=0x0000000000000019
184581000: system.cpu T0 : 0x120002a14    : ldl        r5,0(r22)       : MemRead :  D=0x000000000000003f A=0x12008e418
184581000: system.cpu T0 : 0x120002a18    : lda        r8,1(r8)        : IntAlu :  D=0x000000000000001a
184581000: system.cpu T0 : 0x120002a1c    : lda        r22,4(r22)      : IntAlu :  D=0x000000012008e41c
184581000: system.cpu T0 : 0x120002a20    : sra        r1,3,r4         : IntAlu :  D=0x0000000000000003
184582000: system.cpu T0 : 0x120002a24    : and        r1,7,r1         : IntAlu :  D=0x0000000000000001
184582000: system.cpu T0 : 0x120002a28    : cmpeq      r8,64,r7        : IntAlu :  D=0x0000000000000000
184582000: system.cpu T0 : 0x120002a2c    : subq       r24,r1,r1       : IntAlu :  D=0xffffffffffffffff
184582000: system.cpu T0 : 0x120002a30    : subl       r25,r4,r4       : IntAlu :  D=0x00000000fffffffd
184583000: system.cpu T0 : 0x120002a34    : subq       r31,r1,r3       : IntAlu :  D=0x0000000000000001
184583000: system.cpu T0 : 0x120002a38    : subq       r31,r4,r2       : IntAlu :  D=0x0000000000000003
184583000: system.cpu T0 : 0x120002a3c    : addq       r23,r5,r5       : IntAlu :  D=0x0000000000000edf
184584000: system.cpu T0 : 0x120002a40    : cmovge     r1,r1,r3        : IntAlu :  D=0x0000000000000001
184584000: system.cpu T0 : 0x120002a44    : cmovge     r4,r4,r2        : IntAlu :  D=0x0000000000000003
184584000: system.cpu T0 : 0x120002a48    : s4addq     r5,0,r5         : IntAlu :  D=0x0000000000003b7c
184585000: system.cpu T0 : 0x120002a4c    : addq       r28,r5,r6       : IntAlu :  D=0x00000001200e1f0c
184585000: system.cpu T0 : 0x120002a50    : addq       r0,r5,r5        : IntAlu :  D=0x00000001200f630c
184585000: system.cpu T0 : 0x120002a54    : addl       r31,r3,r3       : IntAlu :  D=0x0000000000000001
184585000: system.cpu T0 : 0x120002a58    : addl       r31,r2,r2       : IntAlu :  D=0x0000000000000003
184586000: system.cpu T0 : 0x120002a5c    : cmple      r2,r3,r1        : IntAlu :  D=0x0000000000000000
184586000: system.cpu T0 : 0x120002a60    : addq       r2,r3,r4        : IntAlu :  D=0x0000000000000004
184587000: system.cpu T0 : 0x120002a64    : cmoveq     r1,r2,r3        : IntAlu :  D=0x0000000000000003
184587000: system.cpu T0 : 0x120002a68    : stl        r4,0(r5)        : MemWrite :  D=0x0000000000000004 A=0x1200f630c
184588000: system.cpu T0 : 0x120002a6c    : stl        r3,0(r6)        : MemWrite :  D=0x0000000000000003 A=0x1200e1f0c
184588000: system.cpu T0 : 0x120002a70    : beq        r7,0x120002a10  : IntAlu : 
184591000: system.cpu T0 : 0x120002a10    : addl       r31,r8,r1       : IntAlu :  D=0x000000000000001a
184592000: system.cpu T0 : 0x120002a14    : ldl        r5,0(r22)       : MemRead :  D=0x0000000000000040 A=0x12008e41c
184592000: system.cpu T0 : 0x120002a18    : lda        r8,1(r8)        : IntAlu :  D=0x000000000000001b
184592000: system.cpu T0 : 0x120002a1c    : lda        r22,4(r22)      : IntAlu :  D=0x000000012008e420
184592000: system.cpu T0 : 0x120002a20    : sra        r1,3,r4         : IntAlu :  D=0x0000000000000003
184593000: system.cpu T0 : 0x120002a24    : and        r1,7,r1         : IntAlu :  D=0x0000000000000002
184593000: system.cpu T0 : 0x120002a28    : cmpeq      r8,64,r7        : IntAlu :  D=0x0000000000000000
184593000: system.cpu T0 : 0x120002a2c    : subq       r24,r1,r1       : IntAlu :  D=0xfffffffffffffffe
184593000: system.cpu T0 : 0x120002a30    : subl       r25,r4,r4       : IntAlu :  D=0x00000000fffffffd
184594000: system.cpu T0 : 0x120002a34    : subq       r31,r1,r3       : IntAlu :  D=0x0000000000000002
184594000: system.cpu T0 : 0x120002a38    : subq       r31,r4,r2       : IntAlu :  D=0x0000000000000003
184594000: system.cpu T0 : 0x120002a3c    : addq       r23,r5,r5       : IntAlu :  D=0x0000000000000ee0
184595000: system.cpu T0 : 0x120002a40    : cmovge     r1,r1,r3        : IntAlu :  D=0x0000000000000002
184595000: system.cpu T0 : 0x120002a44    : cmovge     r4,r4,r2        : IntAlu :  D=0x0000000000000003
184595000: system.cpu T0 : 0x120002a48    : s4addq     r5,0,r5         : IntAlu :  D=0x0000000000003b80
184596000: system.cpu T0 : 0x120002a4c    : addq       r28,r5,r6       : IntAlu :  D=0x00000001200e1f10
184596000: system.cpu T0 : 0x120002a50    : addq       r0,r5,r5        : IntAlu :  D=0x00000001200f6310
184596000: system.cpu T0 : 0x120002a54    : addl       r31,r3,r3       : IntAlu :  D=0x0000000000000002
184596000: system.cpu T0 : 0x120002a58    : addl       r31,r2,r2       : IntAlu :  D=0x0000000000000003
184597000: system.cpu T0 : 0x120002a5c    : cmple      r2,r3,r1        : IntAlu :  D=0x0000000000000000
184597000: system.cpu T0 : 0x120002a60    : addq       r2,r3,r4        : IntAlu :  D=0x0000000000000005
184598000: system.cpu T0 : 0x120002a64    : cmoveq     r1,r2,r3        : IntAlu :  D=0x0000000000000003
184598000: system.cpu T0 : 0x120002a68    : stl        r4,0(r5)        : MemWrite :  D=0x0000000000000005 A=0x1200f6310
184599000: system.cpu T0 : 0x120002a6c    : stl        r3,0(r6)        : MemWrite :  D=0x0000000000000003 A=0x1200e1f10
184599000: system.cpu T0 : 0x120002a70    : beq        r7,0x120002a10  : IntAlu : 
184602000: system.cpu T0 : 0x120002a10    : addl       r31,r8,r1       : IntAlu :  D=0x000000000000001b
184603000: system.cpu T0 : 0x120002a14    : ldl        r5,0(r22)       : MemRead :  D=0x0000000000000041 A=0x12008e420
184603000: system.cpu T0 : 0x120002a18    : lda        r8,1(r8)        : IntAlu :  D=0x000000000000001c
184603000: system.cpu T0 : 0x120002a1c    : lda        r22,4(r22)      : IntAlu :  D=0x000000012008e424
184603000: system.cpu T0 : 0x120002a20    : sra        r1,3,r4         : IntAlu :  D=0x0000000000000003
184604000: system.cpu T0 : 0x120002a24    : and        r1,7,r1         : IntAlu :  D=0x0000000000000003
184604000: system.cpu T0 : 0x120002a28    : cmpeq      r8,64,r7        : IntAlu :  D=0x0000000000000000
184604000: system.cpu T0 : 0x120002a2c    : subq       r24,r1,r1       : IntAlu :  D=0xfffffffffffffffd
184604000: system.cpu T0 : 0x120002a30    : subl       r25,r4,r4       : IntAlu :  D=0x00000000fffffffd
184605000: system.cpu T0 : 0x120002a34    : subq       r31,r1,r3       : IntAlu :  D=0x0000000000000003
184605000: system.cpu T0 : 0x120002a38    : subq       r31,r4,r2       : IntAlu :  D=0x0000000000000003
184605000: system.cpu T0 : 0x120002a3c    : addq       r23,r5,r5       : IntAlu :  D=0x0000000000000ee1
184606000: system.cpu T0 : 0x120002a40    : cmovge     r1,r1,r3        : IntAlu :  D=0x0000000000000003
184606000: system.cpu T0 : 0x120002a44    : cmovge     r4,r4,r2        : IntAlu :  D=0x0000000000000003
184606000: system.cpu T0 : 0x120002a48    : s4addq     r5,0,r5         : IntAlu :  D=0x0000000000003b84
184607000: system.cpu T0 : 0x120002a4c    : addq       r28,r5,r6       : IntAlu :  D=0x00000001200e1f14
184607000: system.cpu T0 : 0x120002a50    : addq       r0,r5,r5        : IntAlu :  D=0x00000001200f6314
184607000: system.cpu T0 : 0x120002a54    : addl       r31,r3,r3       : IntAlu :  D=0x0000000000000003
184607000: system.cpu T0 : 0x120002a58    : addl       r31,r2,r2       : IntAlu :  D=0x0000000000000003
184608000: system.cpu T0 : 0x120002a5c    : cmple      r2,r3,r1        : IntAlu :  D=0x0000000000000001
184608000: system.cpu T0 : 0x120002a60    : addq       r2,r3,r4        : IntAlu :  D=0x0000000000000006
184609000: system.cpu T0 : 0x120002a64    : cmoveq     r1,r2,r3        : IntAlu :  D=0x0000000000000003
184609000: system.cpu T0 : 0x120002a68    : stl        r4,0(r5)        : MemWrite :  D=0x0000000000000006 A=0x1200f6314
184610000: system.cpu T0 : 0x120002a6c    : stl        r3,0(r6)        : MemWrite :  D=0x0000000000000003 A=0x1200e1f14
184610000: system.cpu T0 : 0x120002a70    : beq        r7,0x120002a10  : IntAlu : 
184613000: system.cpu T0 : 0x120002a10    : addl       r31,r8,r1       : IntAlu :  D=0x000000000000001c
184614000: system.cpu T0 : 0x120002a14    : ldl        r5,0(r22)       : MemRead :  D=0x0000000000000042 A=0x12008e424
184614000: system.cpu T0 : 0x120002a18    : lda        r8,1(r8)        : IntAlu :  D=0x000000000000001d
184614000: system.cpu T0 : 0x120002a1c    : lda        r22,4(r22)      : IntAlu :  D=0x000000012008e428
184614000: system.cpu T0 : 0x120002a20    : sra        r1,3,r4         : IntAlu :  D=0x0000000000000003
184615000: system.cpu T0 : 0x120002a24    : and        r1,7,r1         : IntAlu :  D=0x0000000000000004
184615000: system.cpu T0 : 0x120002a28    : cmpeq      r8,64,r7        : IntAlu :  D=0x0000000000000000
184615000: system.cpu T0 : 0x120002a2c    : subq       r24,r1,r1       : IntAlu :  D=0xfffffffffffffffc
184615000: system.cpu T0 : 0x120002a30    : subl       r25,r4,r4       : IntAlu :  D=0x00000000fffffffd
184616000: system.cpu T0 : 0x120002a34    : subq       r31,r1,r3       : IntAlu :  D=0x0000000000000004
184616000: system.cpu T0 : 0x120002a38    : subq       r31,r4,r2       : IntAlu :  D=0x0000000000000003
184616000: system.cpu T0 : 0x120002a3c    : addq       r23,r5,r5       : IntAlu :  D=0x0000000000000ee2
184617000: system.cpu T0 : 0x120002a40    : cmovge     r1,r1,r3        : IntAlu :  D=0x0000000000000004
184617000: system.cpu T0 : 0x120002a44    : cmovge     r4,r4,r2        : IntAlu :  D=0x0000000000000003
184617000: system.cpu T0 : 0x120002a48    : s4addq     r5,0,r5         : IntAlu :  D=0x0000000000003b88
184618000: system.cpu T0 : 0x120002a4c    : addq       r28,r5,r6       : IntAlu :  D=0x00000001200e1f18
184618000: system.cpu T0 : 0x120002a50    : addq       r0,r5,r5        : IntAlu :  D=0x00000001200f6318
184618000: system.cpu T0 : 0x120002a54    : addl       r31,r3,r3       : IntAlu :  D=0x0000000000000004
184618000: system.cpu T0 : 0x120002a58    : addl       r31,r2,r2       : IntAlu :  D=0x0000000000000003
184619000: system.cpu T0 : 0x120002a5c    : cmple      r2,r3,r1        : IntAlu :  D=0x0000000000000001
184619000: system.cpu T0 : 0x120002a60    : addq       r2,r3,r4        : IntAlu :  D=0x0000000000000007
184620000: system.cpu T0 : 0x120002a64    : cmoveq     r1,r2,r3        : IntAlu :  D=0x0000000000000004
184620000: system.cpu T0 : 0x120002a68    : stl        r4,0(r5)        : MemWrite :  D=0x0000000000000007 A=0x1200f6318
184621000: system.cpu T0 : 0x120002a6c    : stl        r3,0(r6)        : MemWrite :  D=0x0000000000000004 A=0x1200e1f18
184621000: system.cpu T0 : 0x120002a70    : beq        r7,0x120002a10  : IntAlu : 
184624000: system.cpu T0 : 0x120002a10    : addl       r31,r8,r1       : IntAlu :  D=0x000000000000001d
184625000: system.cpu T0 : 0x120002a14    : ldl        r5,0(r22)       : MemRead :  D=0x0000000000000043 A=0x12008e428
184625000: system.cpu T0 : 0x120002a18    : lda        r8,1(r8)        : IntAlu :  D=0x000000000000001e
184625000: system.cpu T0 : 0x120002a1c    : lda        r22,4(r22)      : IntAlu :  D=0x000000012008e42c
184625000: system.cpu T0 : 0x120002a20    : sra        r1,3,r4         : IntAlu :  D=0x0000000000000003
184626000: system.cpu T0 : 0x120002a24    : and        r1,7,r1         : IntAlu :  D=0x0000000000000005
184626000: system.cpu T0 : 0x120002a28    : cmpeq      r8,64,r7        : IntAlu :  D=0x0000000000000000
184626000: system.cpu T0 : 0x120002a2c    : subq       r24,r1,r1       : IntAlu :  D=0xfffffffffffffffb
184626000: system.cpu T0 : 0x120002a30    : subl       r25,r4,r4       : IntAlu :  D=0x00000000fffffffd
184627000: system.cpu T0 : 0x120002a34    : subq       r31,r1,r3       : IntAlu :  D=0x0000000000000005
184627000: system.cpu T0 : 0x120002a38    : subq       r31,r4,r2       : IntAlu :  D=0x0000000000000003
184627000: system.cpu T0 : 0x120002a3c    : addq       r23,r5,r5       : IntAlu :  D=0x0000000000000ee3
184628000: system.cpu T0 : 0x120002a40    : cmovge     r1,r1,r3        : IntAlu :  D=0x0000000000000005
184628000: system.cpu T0 : 0x120002a44    : cmovge     r4,r4,r2        : IntAlu :  D=0x0000000000000003
184628000: system.cpu T0 : 0x120002a48    : s4addq     r5,0,r5         : IntAlu :  D=0x0000000000003b8c
184629000: system.cpu T0 : 0x120002a4c    : addq       r28,r5,r6       : IntAlu :  D=0x00000001200e1f1c
184629000: system.cpu T0 : 0x120002a50    : addq       r0,r5,r5        : IntAlu :  D=0x00000001200f631c
184629000: system.cpu T0 : 0x120002a54    : addl       r31,r3,r3       : IntAlu :  D=0x0000000000000005
184629000: system.cpu T0 : 0x120002a58    : addl       r31,r2,r2       : IntAlu :  D=0x0000000000000003
184630000: system.cpu T0 : 0x120002a5c    : cmple      r2,r3,r1        : IntAlu :  D=0x0000000000000001
184630000: system.cpu T0 : 0x120002a60    : addq       r2,r3,r4        : IntAlu :  D=0x0000000000000008
184631000: system.cpu T0 : 0x120002a64    : cmoveq     r1,r2,r3        : IntAlu :  D=0x0000000000000005
184631000: system.cpu T0 : 0x120002a68    : stl        r4,0(r5)        : MemWrite :  D=0x0000000000000008 A=0x1200f631c
184632000: system.cpu T0 : 0x120002a6c    : stl        r3,0(r6)        : MemWrite :  D=0x0000000000000005 A=0x1200e1f1c
184632000: system.cpu T0 : 0x120002a70    : beq        r7,0x120002a10  : IntAlu : 
184635000: system.cpu T0 : 0x120002a10    : addl       r31,r8,r1       : IntAlu :  D=0x000000000000001e
184636000: system.cpu T0 : 0x120002a14    : ldl        r5,0(r22)       : MemRead :  D=0x0000000000000044 A=0x12008e42c
184636000: system.cpu T0 : 0x120002a18    : lda        r8,1(r8)        : IntAlu :  D=0x000000000000001f
184636000: system.cpu T0 : 0x120002a1c    : lda        r22,4(r22)      : IntAlu :  D=0x000000012008e430
184636000: system.cpu T0 : 0x120002a20    : sra        r1,3,r4         : IntAlu :  D=0x0000000000000003
184637000: system.cpu T0 : 0x120002a24    : and        r1,7,r1         : IntAlu :  D=0x0000000000000006
184637000: system.cpu T0 : 0x120002a28    : cmpeq      r8,64,r7        : IntAlu :  D=0x0000000000000000
184637000: system.cpu T0 : 0x120002a2c    : subq       r24,r1,r1       : IntAlu :  D=0xfffffffffffffffa
184637000: system.cpu T0 : 0x120002a30    : subl       r25,r4,r4       : IntAlu :  D=0x00000000fffffffd
184638000: system.cpu T0 : 0x120002a34    : subq       r31,r1,r3       : IntAlu :  D=0x0000000000000006
184638000: system.cpu T0 : 0x120002a38    : subq       r31,r4,r2       : IntAlu :  D=0x0000000000000003
184638000: system.cpu T0 : 0x120002a3c    : addq       r23,r5,r5       : IntAlu :  D=0x0000000000000ee4
184639000: system.cpu T0 : 0x120002a40    : cmovge     r1,r1,r3        : IntAlu :  D=0x0000000000000006
184639000: system.cpu T0 : 0x120002a44    : cmovge     r4,r4,r2        : IntAlu :  D=0x0000000000000003
184639000: system.cpu T0 : 0x120002a48    : s4addq     r5,0,r5         : IntAlu :  D=0x0000000000003b90
184640000: system.cpu T0 : 0x120002a4c    : addq       r28,r5,r6       : IntAlu :  D=0x00000001200e1f20
184640000: system.cpu T0 : 0x120002a50    : addq       r0,r5,r5        : IntAlu :  D=0x00000001200f6320
184640000: system.cpu T0 : 0x120002a54    : addl       r31,r3,r3       : IntAlu :  D=0x0000000000000006
184640000: system.cpu T0 : 0x120002a58    : addl       r31,r2,r2       : IntAlu :  D=0x0000000000000003
184641000: system.cpu T0 : 0x120002a5c    : cmple      r2,r3,r1        : IntAlu :  D=0x0000000000000001
184641000: system.cpu T0 : 0x120002a60    : addq       r2,r3,r4        : IntAlu :  D=0x0000000000000009
184642000: system.cpu T0 : 0x120002a64    : cmoveq     r1,r2,r3        : IntAlu :  D=0x0000000000000006
184642000: system.cpu T0 : 0x120002a68    : stl        r4,0(r5)        : MemWrite :  D=0x0000000000000009 A=0x1200f6320
184643000: system.cpu T0 : 0x120002a6c    : stl        r3,0(r6)        : MemWrite :  D=0x0000000000000006 A=0x1200e1f20
184643000: system.cpu T0 : 0x120002a70    : beq        r7,0x120002a10  : IntAlu : 
184646000: system.cpu T0 : 0x120002a10    : addl       r31,r8,r1       : IntAlu :  D=0x000000000000001f
184647000: system.cpu T0 : 0x120002a14    : ldl        r5,0(r22)       : MemRead :  D=0x0000000000000045 A=0x12008e430
184647000: system.cpu T0 : 0x120002a18    : lda        r8,1(r8)        : IntAlu :  D=0x0000000000000020
184647000: system.cpu T0 : 0x120002a1c    : lda        r22,4(r22)      : IntAlu :  D=0x000000012008e434
184647000: system.cpu T0 : 0x120002a20    : sra        r1,3,r4         : IntAlu :  D=0x0000000000000003
184648000: system.cpu T0 : 0x120002a24    : and        r1,7,r1         : IntAlu :  D=0x0000000000000007
184648000: system.cpu T0 : 0x120002a28    : cmpeq      r8,64,r7        : IntAlu :  D=0x0000000000000000
184648000: system.cpu T0 : 0x120002a2c    : subq       r24,r1,r1       : IntAlu :  D=0xfffffffffffffff9
184648000: system.cpu T0 : 0x120002a30    : subl       r25,r4,r4       : IntAlu :  D=0x00000000fffffffd
184649000: system.cpu T0 : 0x120002a34    : subq       r31,r1,r3       : IntAlu :  D=0x0000000000000007
184649000: system.cpu T0 : 0x120002a38    : subq       r31,r4,r2       : IntAlu :  D=0x0000000000000003
184649000: system.cpu T0 : 0x120002a3c    : addq       r23,r5,r5       : IntAlu :  D=0x0000000000000ee5
hi - end of Simulation.run
Exiting @ tick 184649000 because a thread reached the max instruction count
MZ: sets[0] blks[0] (SCF:0 | SCPtr:-1 | V:1 | T:  2b1 | D:3) - CM(blk[0]:1,blk[1]:ffffffff,)
MZ: sets[0] blks[1] (SCF:0 | SCPtr:-1 | V:1 | T:  b36 | D:0) - CM(blk[0]:0,blk[1]:ffffffff,)
MZ: sets[0] blks[2] (SCF:1 | SCPtr: 0 | V:1 | T:  b32 | D:0) - CM(blk[0]:2,blk[1]:ffffffff,)
MZ: sets[0] blks[3] (SCF:1 | SCPtr: 1 | V:1 | T: 35fa | D:1) - CM(blk[0]:ffffffff,blk[1]:ffffffff,)
MZ: sets[1] blks[0] (SCF:0 | SCPtr:-1 | V:1 | T:  45b | D:ec) - CM(blk[0]:ffffffff,blk[1]:0,)
MZ: sets[1] blks[1] (SCF:0 | SCPtr:-1 | V:1 | T:  33a | D:e6) - CM(blk[0]:ffffffff,blk[1]:1,)
MZ: sets[1] blks[2] (SCF:1 | SCPtr: 0 | V:1 | T:  2de | D:a) - CM(blk[0]:ffffffff,blk[1]:0,)
MZ: sets[1] blks[3] (SCF:1 | SCPtr: 1 | V:1 | T: 35fb | D:34) - CM(blk[0]:ffffffff,blk[1]:2,)
MZ: sets[2] blks[0] (SCF:0 | SCPtr:-1 | V:1 | T:  339 | D:0) - CM(blk[0]:fffffffe,blk[1]:0,)
MZ: sets[2] blks[1] (SCF:0 | SCPtr:-1 | V:1 | T:  b14 | D:20) - CM(blk[0]:fffffffe,blk[1]:0,)
MZ: sets[2] blks[2] (SCF:1 | SCPtr: 0 | V:1 | T:  2de | D:8) - CM(blk[0]:fffffffe,blk[1]:1,)
MZ: sets[2] blks[3] (SCF:1 | SCPtr: 1 | V:0 | T:  d1e | D:0) - CM(blk[0]:fffffffe,blk[1]:2,)
MZ: sets[3] blks[0] (SCF:0 | SCPtr:-1 | V:1 | T:  25c | D:a) - CM(blk[0]:fffffffe,blk[1]:0,)
MZ: sets[3] blks[1] (SCF:0 | SCPtr:-1 | V:1 | T: 35f8 | D:0) - CM(blk[0]:fffffffe,blk[1]:0,)
MZ: sets[3] blks[2] (SCF:1 | SCPtr: 0 | V:1 | T:  497 | D:9) - CM(blk[0]:fffffffe,blk[1]:ffffffff,)
MZ: sets[3] blks[3] (SCF:1 | SCPtr: 1 | V:0 | T:  d1e | D:0) - CM(blk[0]:fffffffe,blk[1]:ffffffff,)
MZ: sets[0] blks[0] (V:1 | T:   2a | D:8)
MZ: sets[0] blks[1] (V:1 | T:  110 | D:0)
MZ: sets[1] blks[0] (V:1 | T:   2a | D:c3)
MZ: sets[1] blks[1] (V:1 | T:  209 | D:1)
MZ: sets[2] blks[0] (V:1 | T:   2a | D:dc)
MZ: sets[2] blks[1] (V:1 | T:   29 | D:8)
MZ: sets[3] blks[0] (V:1 | T:   29 | D:15)
MZ: sets[3] blks[1] (V:1 | T:  1f7 | D:60)
MZ: sets[0] blks[0] (V:1 | T:  8e4 | D:35)
MZ: sets[0] blks[1] (V:1 | T: 35fb | D:24)
MZ: sets[1] blks[0] (V:1 | T:  d1e | D:0)
MZ: sets[1] blks[1] (V:1 | T:  e62 | D:0)
MZ: sets[2] blks[0] (V:1 | T:  d1e | D:2)
MZ: sets[2] blks[1] (V:1 | T:  e62 | D:2)
MZ: sets[3] blks[0] (V:1 | T:  d1e | D:6)
MZ: sets[3] blks[1] (V:1 | T:  e62 | D:7)
